wazuh-alerts-4.x-2025.06.09,POAEVZcBD7y1GXNGrof_,1,1,192.168.254.162,DESKTOP-O7P9I53,001,hat-VMware-Virtual-Platform, ,C:\\Program Files (x86)\\Microsoft\\EdgeUpdate\\Install\\{7D017FEE-E923-40DA-BB2A-67AB4AAB5DD7}\\EDGEMITMP_B8B81.tmp\\setup.exe, , , , , ,{154c2aaf-ea8f-6846-9901-000000001800}, , ,9136, ,2025-06-09 14:07:33.435, , , , , , ,NT AUTHORITY\\SYSTEM, , ,13,0x8000000000000000,{5770385f-c22a-43e0-bf4c-06f5698ffbd9},4,Microsoft-Windows-Sysmon/Operational,0,"""Registry value set:
RuleName: InvDB-Pub
EventType: SetValue
UtcTime: 2025-06-09 14:07:33.435
ProcessGuid: {154c2aaf-ea8f-6846-9901-000000001800}
ProcessId: 9136
Image: C:\Program Files (x86)\Microsoft\EdgeUpdate\Install\{7D017FEE-E923-40DA-BB2A-67AB4AAB5DD7}\EDGEMITMP_B8B81.tmp\setup.exe
TargetObject: HKLM\SOFTWARE\WOW6432Node\Microsoft\Windows\CurrentVersion\Uninstall\Microsoft EdgeWebView\Publisher
Details: Microsoft Corporation
User: NT AUTHORITY\SYSTEM""",2,2025-06-09T14:07:33.4466467Z,31411,5512,DESKTOP-O7P9I53,13,3292,INFORMATION,Microsoft-Windows-Sysmon,322,false,5,Sysmon - Event 13: RegistryEvent SetValue on HKLM\\SOFTWARE\\WOW6432Node\\Microsoft\\Windows\\CurrentVersion\\Uninstall\\Microsoft EdgeWebView\\Publisher by C:\\Program Files (x86)\\Microsoft\\EdgeUpdate\\Install\\{7D017FEE-E923-40DA-BB2A-67AB4AAB5DD7}\\EDGEMITMP_B8B81.tmp\\setup.exe,"[""windows"",""sysmon"",""sysmon_event_13""]",61615,windows_eventchannel,"{""win"":{""system"":{""providerName"":""Microsoft-Windows-Sysmon"",""providerGuid"":""{5770385f-c22a-43e0-bf4c-06f5698ffbd9}"",""eventID"":""13"",""version"":""2"",""level"":""4"",""task"":""13"",""opcode"":""0"",""keywords"":""0x8000000000000000"",""systemTime"":""2025-06-09T14:07:33.4466467Z"",""eventRecordID"":""31411"",""processID"":""3292"",""threadID"":""5512"",""channel"":""Microsoft-Windows-Sysmon/Operational"",""computer"":""DESKTOP-O7P9I53"",""severityValue"":""INFORMATION"",""message"":""\""Registry value set:\r\nRuleName: InvDB-Pub\r\nEventType: SetValue\r\nUtcTime: 2025-06-09 14:07:33.435\r\nProcessGuid: {154c2aaf-ea8f-6846-9901-000000001800}\r\nProcessId: 9136\r\nImage: C:\\Program Files (x86)\\Microsoft\\EdgeUpdate\\Install\\{7D017FEE-E923-40DA-BB2A-67AB4AAB5DD7}\\EDGEMITMP_B8B81.tmp\\setup.exe\r\nTargetObject: HKLM\\SOFTWARE\\WOW6432Node\\Microsoft\\Windows\\CurrentVersion\\Uninstall\\Microsoft EdgeWebView\\Publisher\r\nDetails: Microsoft Corporation\r\nUser: NT AUTHORITY\\SYSTEM\""""},""eventdata"":{""ruleName"":""InvDB-Pub"",""eventType"":""SetValue"",""utcTime"":""2025-06-09 14:07:33.435"",""processGuid"":""{154c2aaf-ea8f-6846-9901-000000001800}"",""processId"":""9136"",""image"":""C:\\\\Program Files (x86)\\\\Microsoft\\\\EdgeUpdate\\\\Install\\\\{7D017FEE-E923-40DA-BB2A-67AB4AAB5DD7}\\\\EDGEMITMP_B8B81.tmp\\\\setup.exe"",""targetObject"":""HKLM\\\\SOFTWARE\\\\WOW6432Node\\\\Microsoft\\\\Windows\\\\CurrentVersion\\\\Uninstall\\\\Microsoft EdgeWebView\\\\Publisher"",""details"":""Microsoft Corporation"",""user"":""NT AUTHORITY\\\\SYSTEM""}}}",log,"Jun 9, 2025 @ 19:37:34.758",EventChannel,1749478054.2829194,"Jun 9, 2025 @ 19:37:34.758", , , , , , , , , , , , , , , , , , , , , , , , , , , , , , , , , , , , , , , , , , , , , , , , , , , ,HKLM\\SOFTWARE\\WOW6432Node\\Microsoft\\Windows\\CurrentVersion\\Uninstall\\Microsoft EdgeWebView\\Publisher,InvDB-Pub,Microsoft Corporation,SetValue, , , , , , , , , , , , , , , , , , , , , , , , , , , , , , 
wazuh-alerts-4.x-2025.06.09,PeAEVZcBD7y1GXNGrof_,1,1,192.168.254.162,DESKTOP-O7P9I53,001,hat-VMware-Virtual-Platform, ,C:\\Users\\admin\\AppData\\Local\\Microsoft\\OneDrive\\Update\\OneDriveSetup.exe, , , , , ,{154c2aaf-ea98-6846-a001-000000001800}, , ,6984, ,2025-06-09 14:07:34.248, , , , , , ,DESKTOP-O7P9I53\\admin, , ,11,0x8000000000000000,{5770385f-c22a-43e0-bf4c-06f5698ffbd9},4,Microsoft-Windows-Sysmon/Operational,0,"""File created:
RuleName: T1023
UtcTime: 2025-06-09 14:07:34.248
ProcessGuid: {154c2aaf-ea98-6846-a001-000000001800}
ProcessId: 6984
Image: C:\Users\admin\AppData\Local\Microsoft\OneDrive\Update\OneDriveSetup.exe
TargetFilename: C:\Users\admin\AppData\Roaming\Microsoft\Windows\Start Menu\Programs\OneDrive.lnk
CreationUtcTime: 2025-05-13 06:02:23.311
User: DESKTOP-O7P9I53\admin""",2,2025-06-09T14:07:34.2568712Z,31418,5512,DESKTOP-O7P9I53,11,3292,INFORMATION,Microsoft-Windows-Sysmon,2,false,6,Scripting file created under Windows Temp or User folder,"[""sysmon"",""sysmon_eid11_detections"",""windows""]",92200,windows_eventchannel, ,log,"Jun 9, 2025 @ 19:37:34.851",EventChannel,1749478054.2832711,"Jun 9, 2025 @ 19:37:34.851",C:\\Users\\admin\\AppData\\Roaming\\Microsoft\\Windows\\Start Menu\\Programs\\OneDrive.lnk,2025-05-13 06:02:23.311,"[""Command and Scripting Interpreter"",""Ingress Tool Transfer""]","[""T1059"",""T1105""]","[""Execution"",""Command and Control""]", , , , , , , , , , , , , , , , , , , , , , , , , , , , , , , , , , , , , , , , , , , , , , , ,T1023, , , , , , , , , , , , , , , , , , , , , , , , , , , , , , , , 
wazuh-alerts-4.x-2025.06.09,PuAEVZcBD7y1GXNGrof_,1,1,192.168.254.162,DESKTOP-O7P9I53,001,hat-VMware-Virtual-Platform, ,C:\\Windows\\system32\\svchost.exe, , , , , ,{154c2aaf-ea64-6846-4b01-000000001800}, , ,5576, ,2025-06-09 14:07:34.310, , , , , , ,NT AUTHORITY\\SYSTEM, , ,13,0x8000000000000000,{5770385f-c22a-43e0-bf4c-06f5698ffbd9},4,Microsoft-Windows-Sysmon/Operational,0,"""Registry value set:
RuleName: InvDB
EventType: SetValue
UtcTime: 2025-06-09 14:07:34.310
ProcessGuid: {154c2aaf-ea64-6846-4b01-000000001800}
ProcessId: 5576
Image: C:\Windows\system32\svchost.exe
TargetObject: HKU\S-1-5-21-442569660-4060779802-1076883227-1001\SOFTWARE\Microsoft\Windows NT\CurrentVersion\AppCompatFlags\Compatibility Assistant\Store\C:\Users\admin\AppData\Local\Microsoft\OneDrive\25.091.0512.0001\FileSyncConfig.exe
Details: Binary Data
User: NT AUTHORITY\SYSTEM""",2,2025-06-09T14:07:34.3262424Z,31420,5512,DESKTOP-O7P9I53,13,3292,INFORMATION,Microsoft-Windows-Sysmon,323,false,5,Sysmon - Event 13: RegistryEvent SetValue on HKU\\S-1-5-21-442569660-4060779802-1076883227-1001\\SOFTWARE\\Microsoft\\Windows NT\\CurrentVersion\\AppCompatFlags\\Compatibility Assistant\\Store\\C:\\Users\\admin\\AppData\\Local\\Microsoft\\OneDrive\\25.091.0512.0001\\FileSyncConfig.exe by C:\\Windows\\system32\\svchost.exe,"[""windows"",""sysmon"",""sysmon_event_13""]",61615,windows_eventchannel,"{""win"":{""system"":{""providerName"":""Microsoft-Windows-Sysmon"",""providerGuid"":""{5770385f-c22a-43e0-bf4c-06f5698ffbd9}"",""eventID"":""13"",""version"":""2"",""level"":""4"",""task"":""13"",""opcode"":""0"",""keywords"":""0x8000000000000000"",""systemTime"":""2025-06-09T14:07:34.3262424Z"",""eventRecordID"":""31420"",""processID"":""3292"",""threadID"":""5512"",""channel"":""Microsoft-Windows-Sysmon/Operational"",""computer"":""DESKTOP-O7P9I53"",""severityValue"":""INFORMATION"",""message"":""\""Registry value set:\r\nRuleName: InvDB\r\nEventType: SetValue\r\nUtcTime: 2025-06-09 14:07:34.310\r\nProcessGuid: {154c2aaf-ea64-6846-4b01-000000001800}\r\nProcessId: 5576\r\nImage: C:\\Windows\\system32\\svchost.exe\r\nTargetObject: HKU\\S-1-5-21-442569660-4060779802-1076883227-1001\\SOFTWARE\\Microsoft\\Windows NT\\CurrentVersion\\AppCompatFlags\\Compatibility Assistant\\Store\\C:\\Users\\admin\\AppData\\Local\\Microsoft\\OneDrive\\25.091.0512.0001\\FileSyncConfig.exe\r\nDetails: Binary Data\r\nUser: NT AUTHORITY\\SYSTEM\""""},""eventdata"":{""ruleName"":""InvDB"",""eventType"":""SetValue"",""utcTime"":""2025-06-09 14:07:34.310"",""processGuid"":""{154c2aaf-ea64-6846-4b01-000000001800}"",""processId"":""5576"",""image"":""C:\\\\Windows\\\\system32\\\\svchost.exe"",""targetObject"":""HKU\\\\S-1-5-21-442569660-4060779802-1076883227-1001\\\\SOFTWARE\\\\Microsoft\\\\Windows NT\\\\CurrentVersion\\\\AppCompatFlags\\\\Compatibility Assistant\\\\Store\\\\C:\\\\Users\\\\admin\\\\AppData\\\\Local\\\\Microsoft\\\\OneDrive\\\\25.091.0512.0001\\\\FileSyncConfig.exe"",""details"":""Binary Data"",""user"":""NT AUTHORITY\\\\SYSTEM""}}}",log,"Jun 9, 2025 @ 19:37:34.882",EventChannel,1749478054.2835677,"Jun 9, 2025 @ 19:37:34.882", , , , , , , , , , , , , , , , , , , , , , , , , , , , , , , , , , , , , , , , , , , , , , , , , , , ,HKU\\S-1-5-21-442569660-4060779802-1076883227-1001\\SOFTWARE\\Microsoft\\Windows NT\\CurrentVersion\\AppCompatFlags\\Compatibility Assistant\\Store\\C:\\Users\\admin\\AppData\\Local\\Microsoft\\OneDrive\\25.091.0512.0001\\FileSyncConfig.exe,InvDB,Binary Data,SetValue, , , , , , , , , , , , , , , , , , , , , , , , , , , , , , 
wazuh-alerts-4.x-2025.06.09,P-AEVZcBD7y1GXNGrof_,1,1,192.168.254.162,DESKTOP-O7P9I53,001,hat-VMware-Virtual-Platform,FileSyncConfig.exe,C:\\Users\\admin\\AppData\\Local\\Microsoft\\OneDrive\\25.091.0512.0001\\FileSyncConfig.exe,Microsoft OneDrive,{154c2aaf-ea98-6846-a001-000000001800},Microsoft OneDrive Configuration Application,{154c2aaf-ea73-6846-23bd-220000000000},C:\\Users\\admin\\AppData\\Local\\Microsoft\\OneDrive\\Update\\OneDriveSetup.exe /update /restart /updateSource:ODU  /peruser  /childprocess  /extractFilesWithLessThreadCount  /renameReplaceOneDriveExe  /renameReplaceODSUExe  /removeNonCurrentVersions  /enableODSUReportingMode  /installWebView2  /SetPerProcessSystemDPIForceOffKey /EnableNucleusAutoStartFix /RegisterOneDriveLauncherAutoStartTask /EnableOneDriveLauncherRampDownloads /ReLaunchOD4AppHarness,{154c2aaf-eaa6-6846-a801-000000001800},0x22bd23,6984,508,C:\\Windows\\system32\\,2025-06-09 14:07:34.316,"MD5=1EDBE333FEE983BD996E601C4BD32F49,SHA256=0D995DB772C471E0E4B7132BBED1B51A81D0A78678A76C16AA08D76F011D20BF,IMPHASH=902B52CCA2E145C64AB1E159D4CC7543",C:\\Users\\admin\\AppData\\Local\\Microsoft\\OneDrive\\Update\\OneDriveSetup.exe,Microsoft Corporation,"\""C:\\Users\\admin\\AppData\\Local\\Microsoft\\OneDrive\\25.091.0512.0001\\FileSyncConfig.exe\""",Medium,25.091.0512.0001,DESKTOP-O7P9I53\\admin,1,DESKTOP-O7P9I53\\admin,1,0x8000000000000000,{5770385f-c22a-43e0-bf4c-06f5698ffbd9},4,Microsoft-Windows-Sysmon/Operational,0,"""Process Create:
RuleName: -
UtcTime: 2025-06-09 14:07:34.316
ProcessGuid: {154c2aaf-eaa6-6846-a801-000000001800}
ProcessId: 508
Image: C:\Users\admin\AppData\Local\Microsoft\OneDrive\25.091.0512.0001\FileSyncConfig.exe
FileVersion: 25.091.0512.0001
Description: Microsoft OneDrive Configuration Application
Product: Microsoft OneDrive
Company: Microsoft Corporation
OriginalFileName: FileSyncConfig.exe
CommandLine: ""C:\Users\admin\AppData\Local\Microsoft\OneDrive\25.091.0512.0001\FileSyncConfig.exe"" 
CurrentDirectory: C:\Windows\system32\
User: DESKTOP-O7P9I53\admin
LogonGuid: {154c2aaf-ea73-6846-23bd-220000000000}
LogonId: 0x22BD23
TerminalSessionId: 1
IntegrityLevel: Medium
Hashes: MD5=1EDBE333FEE983BD996E601C4BD32F49,SHA256=0D995DB772C471E0E4B7132BBED1B51A81D0A78678A76C16AA08D76F011D20BF,IMPHASH=902B52CCA2E145C64AB1E159D4CC7543
ParentProcessGuid: {154c2aaf-ea98-6846-a001-000000001800}
ParentProcessId: 6984
ParentImage: C:\Users\admin\AppData\Local\Microsoft\OneDrive\Update\OneDriveSetup.exe
ParentCommandLine: C:\Users\admin\AppData\Local\Microsoft\OneDrive\Update\OneDriveSetup.exe /update /restart /updateSource:ODU  /peruser  /childprocess  /extractFilesWithLessThreadCount  /renameReplaceOneDriveExe  /renameReplaceODSUExe  /removeNonCurrentVersions  /enableODSUReportingMode  /installWebView2  /SetPerProcessSystemDPIForceOffKey /EnableNucleusAutoStartFix /RegisterOneDriveLauncherAutoStartTask /EnableOneDriveLauncherRampDownloads /ReLaunchOD4AppHarness
ParentUser: DESKTOP-O7P9I53\admin""",5,2025-06-09T14:07:34.3209005Z,31419,5512,DESKTOP-O7P9I53,1,3292,INFORMATION,Microsoft-Windows-Sysmon,82,false,5,Sysmon - Event 1: Process creation Microsoft OneDrive Configuration Application,"[""windows"",""sysmon"",""sysmon_event1""]",61603,windows_eventchannel,"{""win"":{""system"":{""providerName"":""Microsoft-Windows-Sysmon"",""providerGuid"":""{5770385f-c22a-43e0-bf4c-06f5698ffbd9}"",""eventID"":""1"",""version"":""5"",""level"":""4"",""task"":""1"",""opcode"":""0"",""keywords"":""0x8000000000000000"",""systemTime"":""2025-06-09T14:07:34.3209005Z"",""eventRecordID"":""31419"",""processID"":""3292"",""threadID"":""5512"",""channel"":""Microsoft-Windows-Sysmon/Operational"",""computer"":""DESKTOP-O7P9I53"",""severityValue"":""INFORMATION"",""message"":""\""Process Create:\r\nRuleName: -\r\nUtcTime: 2025-06-09 14:07:34.316\r\nProcessGuid: {154c2aaf-eaa6-6846-a801-000000001800}\r\nProcessId: 508\r\nImage: C:\\Users\\admin\\AppData\\Local\\Microsoft\\OneDrive\\25.091.0512.0001\\FileSyncConfig.exe\r\nFileVersion: 25.091.0512.0001\r\nDescription: Microsoft OneDrive Configuration Application\r\nProduct: Microsoft OneDrive\r\nCompany: Microsoft Corporation\r\nOriginalFileName: FileSyncConfig.exe\r\nCommandLine: \""C:\\Users\\admin\\AppData\\Local\\Microsoft\\OneDrive\\25.091.0512.0001\\FileSyncConfig.exe\"" \r\nCurrentDirectory: C:\\Windows\\system32\\\r\nUser: DESKTOP-O7P9I53\\admin\r\nLogonGuid: {154c2aaf-ea73-6846-23bd-220000000000}\r\nLogonId: 0x22BD23\r\nTerminalSessionId: 1\r\nIntegrityLevel: Medium\r\nHashes: MD5=1EDBE333FEE983BD996E601C4BD32F49,SHA256=0D995DB772C471E0E4B7132BBED1B51A81D0A78678A76C16AA08D76F011D20BF,IMPHASH=902B52CCA2E145C64AB1E159D4CC7543\r\nParentProcessGuid: {154c2aaf-ea98-6846-a001-000000001800}\r\nParentProcessId: 6984\r\nParentImage: C:\\Users\\admin\\AppData\\Local\\Microsoft\\OneDrive\\Update\\OneDriveSetup.exe\r\nParentCommandLine: C:\\Users\\admin\\AppData\\Local\\Microsoft\\OneDrive\\Update\\OneDriveSetup.exe /update /restart /updateSource:ODU  /peruser  /childprocess  /extractFilesWithLessThreadCount  /renameReplaceOneDriveExe  /renameReplaceODSUExe  /removeNonCurrentVersions  /enableODSUReportingMode  /installWebView2  /SetPerProcessSystemDPIForceOffKey /EnableNucleusAutoStartFix /RegisterOneDriveLauncherAutoStartTask /EnableOneDriveLauncherRampDownloads /ReLaunchOD4AppHarness\r\nParentUser: DESKTOP-O7P9I53\\admin\""""},""eventdata"":{""utcTime"":""2025-06-09 14:07:34.316"",""processGuid"":""{154c2aaf-eaa6-6846-a801-000000001800}"",""processId"":""508"",""image"":""C:\\\\Users\\\\admin\\\\AppData\\\\Local\\\\Microsoft\\\\OneDrive\\\\25.091.0512.0001\\\\FileSyncConfig.exe"",""fileVersion"":""25.091.0512.0001"",""description"":""Microsoft OneDrive Configuration Application"",""product"":""Microsoft OneDrive"",""company"":""Microsoft Corporation"",""originalFileName"":""FileSyncConfig.exe"",""commandLine"":""\\\""C:\\\\Users\\\\admin\\\\AppData\\\\Local\\\\Microsoft\\\\OneDrive\\\\25.091.0512.0001\\\\FileSyncConfig.exe\\\"""",""currentDirectory"":""C:\\\\Windows\\\\system32\\\\"",""user"":""DESKTOP-O7P9I53\\\\admin"",""logonGuid"":""{154c2aaf-ea73-6846-23bd-220000000000}"",""logonId"":""0x22bd23"",""terminalSessionId"":""1"",""integrityLevel"":""Medium"",""hashes"":""MD5=1EDBE333FEE983BD996E601C4BD32F49,SHA256=0D995DB772C471E0E4B7132BBED1B51A81D0A78678A76C16AA08D76F011D20BF,IMPHASH=902B52CCA2E145C64AB1E159D4CC7543"",""parentProcessGuid"":""{154c2aaf-ea98-6846-a001-000000001800}"",""parentProcessId"":""6984"",""parentImage"":""C:\\\\Users\\\\admin\\\\AppData\\\\Local\\\\Microsoft\\\\OneDrive\\\\Update\\\\OneDriveSetup.exe"",""parentCommandLine"":""C:\\\\Users\\\\admin\\\\AppData\\\\Local\\\\Microsoft\\\\OneDrive\\\\Update\\\\OneDriveSetup.exe /update /restart /updateSource:ODU  /peruser  /childprocess  /extractFilesWithLessThreadCount  /renameReplaceOneDriveExe  /renameReplaceODSUExe  /removeNonCurrentVersions  /enableODSUReportingMode  /installWebView2  /SetPerProcessSystemDPIForceOffKey /EnableNucleusAutoStartFix /RegisterOneDriveLauncherAutoStartTask /EnableOneDriveLauncherRampDownloads /ReLaunchOD4AppHarness"",""parentUser"":""DESKTOP-O7P9I53\\\\admin""}}}",log,"Jun 9, 2025 @ 19:37:34.882",EventChannel,1749478054.2839338,"Jun 9, 2025 @ 19:37:34.882", , , , , , , , , , , , , , , , , , , , , , , , , , , , , , , , , , , , , , , , , , , , , , , , , , , , , , , , , , , , , , , , , , , , , , , , , , , , , , , , , , , , , 
wazuh-alerts-4.x-2025.06.09,QOAEVZcBD7y1GXNGrof_,1,1,192.168.254.162,DESKTOP-O7P9I53,001,hat-VMware-Virtual-Platform, , , , , , , , , ,4428, , , , , , , , , , , , ,4698,0x8020000000000000,{54849625-5478-4994-a5ba-3e3b0328c30d},0,Security,0,"""A scheduled task was created.

Subject:
	Security ID:		S-1-5-21-442569660-4060779802-1076883227-1001
	Account Name:		admin
	Account Domain:		DESKTOP-O7P9I53
	Logon ID:		0x22BD23

Task Information:
	Task Name: 		\OneDrive Standalone Update Task-S-1-5-21-442569660-4060779802-1076883227-1001
	Task Content: 		<?xml version=""1.0"" encoding=""UTF-16""?>
<Task version=""1.2"" xmlns=""http://schemas.microsoft.com/windows/2004/02/mit/task"">
  <RegistrationInfo>
    <Author>Microsoft Corporation</Author>
    <URI>\OneDrive Standalone Update Task-S-1-5-21-442569660-4060779802-1076883227-1001</URI>
  </RegistrationInfo>
  <Triggers>
    <TimeTrigger>
      <StartBoundary>1992-05-01T19:00:00</StartBoundary>
      <Enabled>true</Enabled>
      <Repetition>
        <Interval>P1D</Interval>
        <StopAtDurationEnd>false</StopAtDurationEnd>
      </Repetition>
      <RandomDelay>PT4H</RandomDelay>
    </TimeTrigger>
  </Triggers>
  <Settings>
    <MultipleInstancesPolicy>IgnoreNew</MultipleInstancesPolicy>
    <DisallowStartIfOnBatteries>false</DisallowStartIfOnBatteries>
    <StopIfGoingOnBatteries>true</StopIfGoingOnBatteries>
    <AllowHardTerminate>true</AllowHardTerminate>
    <StartWhenAvailable>true</StartWhenAvailable>
    <RunOnlyIfNetworkAvailable>true</RunOnlyIfNetworkAvailable>
    <AllowStartOnDemand>true</AllowStartOnDemand>
    <Enabled>true</Enabled>
    <Hidden>false</Hidden>
    <RunOnlyIfIdle>false</RunOnlyIfIdle>
    <WakeToRun>false</WakeToRun>
    <ExecutionTimeLimit>P1D</ExecutionTimeLimit>
    <Priority>7</Priority>
  </Settings>
  <Actions Context=""Author"">
    <Exec>
      <Command>%localappdata%\Microsoft\OneDrive\OneDriveStandaloneUpdater.exe</Command>
      <Arguments />
    </Exec>
  </Actions>
  <Principals>
    <Principal id=""Author"">
      <UserId>DESKTOP-O7P9I53\admin</UserId>
      <LogonType>InteractiveToken</LogonType>
      <RunLevel>LeastPrivilege</RunLevel>
    </Principal>
  </Principals>
</Task>

Other Information:
	ProcessCreationTime: 		6755399441056160
	ClientProcessId: 			6984
	ParentProcessId: 			4428
	FQDN: 		0
	""",1,2025-06-09T14:07:34.8909747Z,969580,704,DESKTOP-O7P9I53,12804,672,AUDIT_SUCCESS,Microsoft-Windows-Security-Auditing,1,false,4,A scheduled task was created,"[""windows"",""windows_security"",""ipsec""]",60228,windows_eventchannel, ,log,"Jun 9, 2025 @ 19:37:35.692",EventChannel,1749478055.2847210,"Jun 9, 2025 @ 19:37:35.692", , ,"[""Scheduled Task/Job""]","[""T1053""]","[""Execution"",""Persistence"",""Privilege Escalation""]",0x22bd23,DESKTOP-O7P9I53, , , , , , , , ,S-1-5-21-442569660-4060779802-1076883227-1001, , , , , ,admin, , , , , , , , , , , , , , , , , , , , , , , , , , , , , , , , , , , , , , , , , , , , , , , , , , ,6984,"&lt;?xml version=\""1.0\"" encoding=\""UTF-16\""?&gt;  &lt;Task version=\""1.2\"" xmlns=\""http://schemas.microsoft.com/windows/2004/02/mit/task\""&gt;    &lt;RegistrationInfo&gt;      &lt;Author&gt;Microsoft Corporation&lt;/Author&gt;      &lt;URI&gt;\\OneDrive Standalone Update Task-S-1-5-21-442569660-4060779802-1076883227-1001&lt;/URI&gt;    &lt;/RegistrationInfo&gt;    &lt;Triggers&gt;      &lt;TimeTrigger&gt;        &lt;StartBoundary&gt;1992-05-01T19:00:00&lt;/StartBoundary&gt;        &lt;Enabled&gt;true&lt;/Enabled&gt;        &lt;Repetition&gt;          &lt;Interval&gt;P1D&lt;/Interval&gt;          &lt;StopAtDurationEnd&gt;false&lt;/StopAtDurationEnd&gt;        &lt;/Repetition&gt;        &lt;RandomDelay&gt;PT4H&lt;/RandomDelay&gt;      &lt;/TimeTrigger&gt;    &lt;/Triggers&gt;    &lt;Settings&gt;      &lt;MultipleInstancesPolicy&gt;IgnoreNew&lt;/MultipleInstancesPolicy&gt;      &lt;DisallowStartIfOnBatteries&gt;false&lt;/DisallowStartIfOnBatteries&gt;      &lt;StopIfGoingOnBatteries&gt;true&lt;/StopIfGoingOnBatteries&gt;      &lt;AllowHardTerminate&gt;true&lt;/AllowHardTerminate&gt;      &lt;StartWhenAvailable&gt;true&lt;/StartWhenAvailable&gt;      &lt;RunOnlyIfNetworkAvailable&gt;true&lt;/RunOnlyIfNetworkAvailable&gt;      &lt;AllowStartOnDemand&gt;true&lt;/AllowStartOnDemand&gt;      &lt;Enabled&gt;true&lt;/Enabled&gt;      &lt;Hidden&gt;false&lt;/Hidden&gt;      &lt;RunOnlyIfIdle&gt;false&lt;/RunOnlyIfIdle&gt;      &lt;WakeToRun&gt;false&lt;/WakeToRun&gt;      &lt;ExecutionTimeLimit&gt;P1D&lt;/ExecutionTimeLimit&gt;      &lt;Priority&gt;7&lt;/Priority&gt;    &lt;/Settings&gt;    &lt;Actions Context=\""Author\""&gt;      &lt;Exec&gt;        &lt;Command&gt;%localappdata%\\Microsoft\\OneDrive\\OneDriveStandaloneUpdater.exe&lt;/Command&gt;        &lt;Arguments /&gt;      &lt;/Exec&gt;    &lt;/Actions&gt;    &lt;Principals&gt;      &lt;Principal id=\""Author\""&gt;        &lt;UserId&gt;DESKTOP-O7P9I53\\admin&lt;/UserId&gt;        &lt;LogonType&gt;InteractiveToken&lt;/LogonType&gt;        &lt;RunLevel&gt;LeastPrivilege&lt;/RunLevel&gt;      &lt;/Principal&gt;    &lt;/Principals&gt;  &lt;/Task&gt;",0,6755399441056160,\\OneDrive Standalone Update Task-S-1-5-21-442569660-4060779802-1076883227-1001,DESKTOP-O7P9I53, , , , , , , 
wazuh-alerts-4.x-2025.06.09,QuAEVZcBD7y1GXNGrof_,1,1,192.168.254.162,DESKTOP-O7P9I53,001,hat-VMware-Virtual-Platform, ,C:\\Users\\admin\\AppData\\Local\\Microsoft\\OneDrive\\Update\\OneDriveSetup.exe, , , , , ,{154c2aaf-ea98-6846-a001-000000001800}, , ,6984, ,2025-06-09 14:07:34.708, , , , , , ,DESKTOP-O7P9I53\\admin, , ,13,0x8000000000000000,{5770385f-c22a-43e0-bf4c-06f5698ffbd9},4,Microsoft-Windows-Sysmon/Operational,0,"""Registry value set:
RuleName: T1122
EventType: SetValue
UtcTime: 2025-06-09 14:07:34.708
ProcessGuid: {154c2aaf-ea98-6846-a001-000000001800}
ProcessId: 6984
Image: C:\Users\admin\AppData\Local\Microsoft\OneDrive\Update\OneDriveSetup.exe
TargetObject: HKU\S-1-5-21-442569660-4060779802-1076883227-1001_Classes\CLSID\{BBACC218-34EA-4666-9D7A-C78F2274A524}\InprocServer32\(Default)
Details: C:\Users\admin\AppData\Local\Microsoft\OneDrive\25.091.0512.0001\FileSyncShell64.dll
User: DESKTOP-O7P9I53\admin""",2,2025-06-09T14:07:34.7182486Z,31433,5512,DESKTOP-O7P9I53,13,3292,INFORMATION,Microsoft-Windows-Sysmon,325,false,5,Sysmon - Event 13: RegistryEvent SetValue on HKU\\S-1-5-21-442569660-4060779802-1076883227-1001_Classes\\CLSID\\{BBACC218-34EA-4666-9D7A-C78F2274A524}\\InprocServer32\\(Default) by C:\\Users\\admin\\AppData\\Local\\Microsoft\\OneDrive\\Update\\OneDriveSetup.exe,"[""windows"",""sysmon"",""sysmon_event_13""]",61615,windows_eventchannel,"{""win"":{""system"":{""providerName"":""Microsoft-Windows-Sysmon"",""providerGuid"":""{5770385f-c22a-43e0-bf4c-06f5698ffbd9}"",""eventID"":""13"",""version"":""2"",""level"":""4"",""task"":""13"",""opcode"":""0"",""keywords"":""0x8000000000000000"",""systemTime"":""2025-06-09T14:07:34.7182486Z"",""eventRecordID"":""31433"",""processID"":""3292"",""threadID"":""5512"",""channel"":""Microsoft-Windows-Sysmon/Operational"",""computer"":""DESKTOP-O7P9I53"",""severityValue"":""INFORMATION"",""message"":""\""Registry value set:\r\nRuleName: T1122\r\nEventType: SetValue\r\nUtcTime: 2025-06-09 14:07:34.708\r\nProcessGuid: {154c2aaf-ea98-6846-a001-000000001800}\r\nProcessId: 6984\r\nImage: C:\\Users\\admin\\AppData\\Local\\Microsoft\\OneDrive\\Update\\OneDriveSetup.exe\r\nTargetObject: HKU\\S-1-5-21-442569660-4060779802-1076883227-1001_Classes\\CLSID\\{BBACC218-34EA-4666-9D7A-C78F2274A524}\\InprocServer32\\(Default)\r\nDetails: C:\\Users\\admin\\AppData\\Local\\Microsoft\\OneDrive\\25.091.0512.0001\\FileSyncShell64.dll\r\nUser: DESKTOP-O7P9I53\\admin\""""},""eventdata"":{""ruleName"":""T1122"",""eventType"":""SetValue"",""utcTime"":""2025-06-09 14:07:34.708"",""processGuid"":""{154c2aaf-ea98-6846-a001-000000001800}"",""processId"":""6984"",""image"":""C:\\\\Users\\\\admin\\\\AppData\\\\Local\\\\Microsoft\\\\OneDrive\\\\Update\\\\OneDriveSetup.exe"",""targetObject"":""HKU\\\\S-1-5-21-442569660-4060779802-1076883227-1001_Classes\\\\CLSID\\\\{BBACC218-34EA-4666-9D7A-C78F2274A524}\\\\InprocServer32\\\\(Default)"",""details"":""C:\\\\Users\\\\admin\\\\AppData\\\\Local\\\\Microsoft\\\\OneDrive\\\\25.091.0512.0001\\\\FileSyncShell64.dll"",""user"":""DESKTOP-O7P9I53\\\\admin""}}}",log,"Jun 9, 2025 @ 19:37:35.979",EventChannel,1749478055.2861717,"Jun 9, 2025 @ 19:37:35.979", , , , , , , , , , , , , , , , , , , , , , , , , , , , , , , , , , , , , , , , , , , , , , , , , , , ,HKU\\S-1-5-21-442569660-4060779802-1076883227-1001_Classes\\CLSID\\{BBACC218-34EA-4666-9D7A-C78F2274A524}\\InprocServer32\\(Default),T1122,C:\\Users\\admin\\AppData\\Local\\Microsoft\\OneDrive\\25.091.0512.0001\\FileSyncShell64.dll,SetValue, , , , , , , , , , , , , , , , , , , , , , , , , , , , , , 
wazuh-alerts-4.x-2025.06.09,RuAEVZcBD7y1GXNGrof_,1,1,192.168.254.162,DESKTOP-O7P9I53,001,hat-VMware-Virtual-Platform, ,C:\\Users\\admin\\AppData\\Local\\Microsoft\\OneDrive\\Update\\OneDriveSetup.exe, , , , , ,{154c2aaf-ea98-6846-a001-000000001800}, , ,6984, ,2025-06-09 14:07:34.708, , , , , , ,DESKTOP-O7P9I53\\admin, , ,13,0x8000000000000000,{5770385f-c22a-43e0-bf4c-06f5698ffbd9},4,Microsoft-Windows-Sysmon/Operational,0,"""Registry value set:
RuleName: T1122
EventType: SetValue
UtcTime: 2025-06-09 14:07:34.708
ProcessGuid: {154c2aaf-ea98-6846-a001-000000001800}
ProcessId: 6984
Image: C:\Users\admin\AppData\Local\Microsoft\OneDrive\Update\OneDriveSetup.exe
TargetObject: HKU\S-1-5-21-442569660-4060779802-1076883227-1001_Classes\WOW6432Node\CLSID\{A78ED123-AB77-406B-9962-2A5D9D2F7F30}\InprocServer32\(Default)
Details: C:\Users\admin\AppData\Local\Microsoft\OneDrive\25.091.0512.0001\i386\FileSyncShell.dll
User: DESKTOP-O7P9I53\admin""",2,2025-06-09T14:07:34.7189490Z,31438,5512,DESKTOP-O7P9I53,13,3292,INFORMATION,Microsoft-Windows-Sysmon,329,false,5,Sysmon - Event 13: RegistryEvent SetValue on HKU\\S-1-5-21-442569660-4060779802-1076883227-1001_Classes\\WOW6432Node\\CLSID\\{A78ED123-AB77-406B-9962-2A5D9D2F7F30}\\InprocServer32\\(Default) by C:\\Users\\admin\\AppData\\Local\\Microsoft\\OneDrive\\Update\\OneDriveSetup.exe,"[""windows"",""sysmon"",""sysmon_event_13""]",61615,windows_eventchannel,"{""win"":{""system"":{""providerName"":""Microsoft-Windows-Sysmon"",""providerGuid"":""{5770385f-c22a-43e0-bf4c-06f5698ffbd9}"",""eventID"":""13"",""version"":""2"",""level"":""4"",""task"":""13"",""opcode"":""0"",""keywords"":""0x8000000000000000"",""systemTime"":""2025-06-09T14:07:34.7189490Z"",""eventRecordID"":""31438"",""processID"":""3292"",""threadID"":""5512"",""channel"":""Microsoft-Windows-Sysmon/Operational"",""computer"":""DESKTOP-O7P9I53"",""severityValue"":""INFORMATION"",""message"":""\""Registry value set:\r\nRuleName: T1122\r\nEventType: SetValue\r\nUtcTime: 2025-06-09 14:07:34.708\r\nProcessGuid: {154c2aaf-ea98-6846-a001-000000001800}\r\nProcessId: 6984\r\nImage: C:\\Users\\admin\\AppData\\Local\\Microsoft\\OneDrive\\Update\\OneDriveSetup.exe\r\nTargetObject: HKU\\S-1-5-21-442569660-4060779802-1076883227-1001_Classes\\WOW6432Node\\CLSID\\{A78ED123-AB77-406B-9962-2A5D9D2F7F30}\\InprocServer32\\(Default)\r\nDetails: C:\\Users\\admin\\AppData\\Local\\Microsoft\\OneDrive\\25.091.0512.0001\\i386\\FileSyncShell.dll\r\nUser: DESKTOP-O7P9I53\\admin\""""},""eventdata"":{""ruleName"":""T1122"",""eventType"":""SetValue"",""utcTime"":""2025-06-09 14:07:34.708"",""processGuid"":""{154c2aaf-ea98-6846-a001-000000001800}"",""processId"":""6984"",""image"":""C:\\\\Users\\\\admin\\\\AppData\\\\Local\\\\Microsoft\\\\OneDrive\\\\Update\\\\OneDriveSetup.exe"",""targetObject"":""HKU\\\\S-1-5-21-442569660-4060779802-1076883227-1001_Classes\\\\WOW6432Node\\\\CLSID\\\\{A78ED123-AB77-406B-9962-2A5D9D2F7F30}\\\\InprocServer32\\\\(Default)"",""details"":""C:\\\\Users\\\\admin\\\\AppData\\\\Local\\\\Microsoft\\\\OneDrive\\\\25.091.0512.0001\\\\i386\\\\FileSyncShell.dll"",""user"":""DESKTOP-O7P9I53\\\\admin""}}}",log,"Jun 9, 2025 @ 19:37:36.041",EventChannel,1749478056.2876619,"Jun 9, 2025 @ 19:37:36.041", , , , , , , , , , , , , , , , , , , , , , , , , , , , , , , , , , , , , , , , , , , , , , , , , , , ,HKU\\S-1-5-21-442569660-4060779802-1076883227-1001_Classes\\WOW6432Node\\CLSID\\{A78ED123-AB77-406B-9962-2A5D9D2F7F30}\\InprocServer32\\(Default),T1122,C:\\Users\\admin\\AppData\\Local\\Microsoft\\OneDrive\\25.091.0512.0001\\i386\\FileSyncShell.dll,SetValue, , , , , , , , , , , , , , , , , , , , , , , , , , , , , , 
wazuh-alerts-4.x-2025.06.09,SOAEVZcBD7y1GXNGrof_,1,1,192.168.254.162,DESKTOP-O7P9I53,001,hat-VMware-Virtual-Platform, ,C:\\Users\\admin\\AppData\\Local\\Microsoft\\OneDrive\\Update\\OneDriveSetup.exe, , , , , ,{154c2aaf-ea98-6846-a001-000000001800}, , ,6984, ,2025-06-09 14:07:34.708, , , , , , ,DESKTOP-O7P9I53\\admin, , ,13,0x8000000000000000,{5770385f-c22a-43e0-bf4c-06f5698ffbd9},4,Microsoft-Windows-Sysmon/Operational,0,"""Registry value set:
RuleName: T1122
EventType: SetValue
UtcTime: 2025-06-09 14:07:34.708
ProcessGuid: {154c2aaf-ea98-6846-a001-000000001800}
ProcessId: 6984
Image: C:\Users\admin\AppData\Local\Microsoft\OneDrive\Update\OneDriveSetup.exe
TargetObject: HKU\S-1-5-21-442569660-4060779802-1076883227-1001_Classes\CLSID\{A0396A93-DC06-4AEF-BEE9-95FFCCAEF20E}\InprocServer32\(Default)
Details: C:\Users\admin\AppData\Local\Microsoft\OneDrive\25.091.0512.0001\FileSyncShell64.dll
User: DESKTOP-O7P9I53\admin""",2,2025-06-09T14:07:34.7192094Z,31439,5512,DESKTOP-O7P9I53,13,3292,INFORMATION,Microsoft-Windows-Sysmon,331,false,5,Sysmon - Event 13: RegistryEvent SetValue on HKU\\S-1-5-21-442569660-4060779802-1076883227-1001_Classes\\CLSID\\{A0396A93-DC06-4AEF-BEE9-95FFCCAEF20E}\\InprocServer32\\(Default) by C:\\Users\\admin\\AppData\\Local\\Microsoft\\OneDrive\\Update\\OneDriveSetup.exe,"[""windows"",""sysmon"",""sysmon_event_13""]",61615,windows_eventchannel,"{""win"":{""system"":{""providerName"":""Microsoft-Windows-Sysmon"",""providerGuid"":""{5770385f-c22a-43e0-bf4c-06f5698ffbd9}"",""eventID"":""13"",""version"":""2"",""level"":""4"",""task"":""13"",""opcode"":""0"",""keywords"":""0x8000000000000000"",""systemTime"":""2025-06-09T14:07:34.7192094Z"",""eventRecordID"":""31439"",""processID"":""3292"",""threadID"":""5512"",""channel"":""Microsoft-Windows-Sysmon/Operational"",""computer"":""DESKTOP-O7P9I53"",""severityValue"":""INFORMATION"",""message"":""\""Registry value set:\r\nRuleName: T1122\r\nEventType: SetValue\r\nUtcTime: 2025-06-09 14:07:34.708\r\nProcessGuid: {154c2aaf-ea98-6846-a001-000000001800}\r\nProcessId: 6984\r\nImage: C:\\Users\\admin\\AppData\\Local\\Microsoft\\OneDrive\\Update\\OneDriveSetup.exe\r\nTargetObject: HKU\\S-1-5-21-442569660-4060779802-1076883227-1001_Classes\\CLSID\\{A0396A93-DC06-4AEF-BEE9-95FFCCAEF20E}\\InprocServer32\\(Default)\r\nDetails: C:\\Users\\admin\\AppData\\Local\\Microsoft\\OneDrive\\25.091.0512.0001\\FileSyncShell64.dll\r\nUser: DESKTOP-O7P9I53\\admin\""""},""eventdata"":{""ruleName"":""T1122"",""eventType"":""SetValue"",""utcTime"":""2025-06-09 14:07:34.708"",""processGuid"":""{154c2aaf-ea98-6846-a001-000000001800}"",""processId"":""6984"",""image"":""C:\\\\Users\\\\admin\\\\AppData\\\\Local\\\\Microsoft\\\\OneDrive\\\\Update\\\\OneDriveSetup.exe"",""targetObject"":""HKU\\\\S-1-5-21-442569660-4060779802-1076883227-1001_Classes\\\\CLSID\\\\{A0396A93-DC06-4AEF-BEE9-95FFCCAEF20E}\\\\InprocServer32\\\\(Default)"",""details"":""C:\\\\Users\\\\admin\\\\AppData\\\\Local\\\\Microsoft\\\\OneDrive\\\\25.091.0512.0001\\\\FileSyncShell64.dll"",""user"":""DESKTOP-O7P9I53\\\\admin""}}}",log,"Jun 9, 2025 @ 19:37:36.074",EventChannel,1749478056.2884070,"Jun 9, 2025 @ 19:37:36.074", , , , , , , , , , , , , , , , , , , , , , , , , , , , , , , , , , , , , , , , , , , , , , , , , , , ,HKU\\S-1-5-21-442569660-4060779802-1076883227-1001_Classes\\CLSID\\{A0396A93-DC06-4AEF-BEE9-95FFCCAEF20E}\\InprocServer32\\(Default),T1122,C:\\Users\\admin\\AppData\\Local\\Microsoft\\OneDrive\\25.091.0512.0001\\FileSyncShell64.dll,SetValue, , , , , , , , , , , , , , , , , , , , , , , , , , , , , , 
wazuh-alerts-4.x-2025.06.09,SeAEVZcBD7y1GXNGrof_,1,1,192.168.254.162,DESKTOP-O7P9I53,001,hat-VMware-Virtual-Platform, ,C:\\Users\\admin\\AppData\\Local\\Microsoft\\OneDrive\\Update\\OneDriveSetup.exe, , , , , ,{154c2aaf-ea98-6846-a001-000000001800}, , ,6984, ,2025-06-09 14:07:34.708, , , , , , ,DESKTOP-O7P9I53\\admin, , ,13,0x8000000000000000,{5770385f-c22a-43e0-bf4c-06f5698ffbd9},4,Microsoft-Windows-Sysmon/Operational,0,"""Registry value set:
RuleName: T1122
EventType: SetValue
UtcTime: 2025-06-09 14:07:34.708
ProcessGuid: {154c2aaf-ea98-6846-a001-000000001800}
ProcessId: 6984
Image: C:\Users\admin\AppData\Local\Microsoft\OneDrive\Update\OneDriveSetup.exe
TargetObject: HKU\S-1-5-21-442569660-4060779802-1076883227-1001_Classes\WOW6432Node\CLSID\{A0396A93-DC06-4AEF-BEE9-95FFCCAEF20E}\InprocServer32\(Default)
Details: C:\Users\admin\AppData\Local\Microsoft\OneDrive\25.091.0512.0001\i386\FileSyncShell.dll
User: DESKTOP-O7P9I53\admin""",2,2025-06-09T14:07:34.7192460Z,31440,5512,DESKTOP-O7P9I53,13,3292,INFORMATION,Microsoft-Windows-Sysmon,332,false,5,Sysmon - Event 13: RegistryEvent SetValue on HKU\\S-1-5-21-442569660-4060779802-1076883227-1001_Classes\\WOW6432Node\\CLSID\\{A0396A93-DC06-4AEF-BEE9-95FFCCAEF20E}\\InprocServer32\\(Default) by C:\\Users\\admin\\AppData\\Local\\Microsoft\\OneDrive\\Update\\OneDriveSetup.exe,"[""windows"",""sysmon"",""sysmon_event_13""]",61615,windows_eventchannel,"{""win"":{""system"":{""providerName"":""Microsoft-Windows-Sysmon"",""providerGuid"":""{5770385f-c22a-43e0-bf4c-06f5698ffbd9}"",""eventID"":""13"",""version"":""2"",""level"":""4"",""task"":""13"",""opcode"":""0"",""keywords"":""0x8000000000000000"",""systemTime"":""2025-06-09T14:07:34.7192460Z"",""eventRecordID"":""31440"",""processID"":""3292"",""threadID"":""5512"",""channel"":""Microsoft-Windows-Sysmon/Operational"",""computer"":""DESKTOP-O7P9I53"",""severityValue"":""INFORMATION"",""message"":""\""Registry value set:\r\nRuleName: T1122\r\nEventType: SetValue\r\nUtcTime: 2025-06-09 14:07:34.708\r\nProcessGuid: {154c2aaf-ea98-6846-a001-000000001800}\r\nProcessId: 6984\r\nImage: C:\\Users\\admin\\AppData\\Local\\Microsoft\\OneDrive\\Update\\OneDriveSetup.exe\r\nTargetObject: HKU\\S-1-5-21-442569660-4060779802-1076883227-1001_Classes\\WOW6432Node\\CLSID\\{A0396A93-DC06-4AEF-BEE9-95FFCCAEF20E}\\InprocServer32\\(Default)\r\nDetails: C:\\Users\\admin\\AppData\\Local\\Microsoft\\OneDrive\\25.091.0512.0001\\i386\\FileSyncShell.dll\r\nUser: DESKTOP-O7P9I53\\admin\""""},""eventdata"":{""ruleName"":""T1122"",""eventType"":""SetValue"",""utcTime"":""2025-06-09 14:07:34.708"",""processGuid"":""{154c2aaf-ea98-6846-a001-000000001800}"",""processId"":""6984"",""image"":""C:\\\\Users\\\\admin\\\\AppData\\\\Local\\\\Microsoft\\\\OneDrive\\\\Update\\\\OneDriveSetup.exe"",""targetObject"":""HKU\\\\S-1-5-21-442569660-4060779802-1076883227-1001_Classes\\\\WOW6432Node\\\\CLSID\\\\{A0396A93-DC06-4AEF-BEE9-95FFCCAEF20E}\\\\InprocServer32\\\\(Default)"",""details"":""C:\\\\Users\\\\admin\\\\AppData\\\\Local\\\\Microsoft\\\\OneDrive\\\\25.091.0512.0001\\\\i386\\\\FileSyncShell.dll"",""user"":""DESKTOP-O7P9I53\\\\admin""}}}",log,"Jun 9, 2025 @ 19:37:36.074",EventChannel,1749478056.2887754,"Jun 9, 2025 @ 19:37:36.074", , , , , , , , , , , , , , , , , , , , , , , , , , , , , , , , , , , , , , , , , , , , , , , , , , , ,HKU\\S-1-5-21-442569660-4060779802-1076883227-1001_Classes\\WOW6432Node\\CLSID\\{A0396A93-DC06-4AEF-BEE9-95FFCCAEF20E}\\InprocServer32\\(Default),T1122,C:\\Users\\admin\\AppData\\Local\\Microsoft\\OneDrive\\25.091.0512.0001\\i386\\FileSyncShell.dll,SetValue, , , , , , , , , , , , , , , , , , , , , , , , , , , , , , 
wazuh-alerts-4.x-2025.06.09,S-AEVZcBD7y1GXNGrof_,1,1,192.168.254.162,DESKTOP-O7P9I53,001,hat-VMware-Virtual-Platform, ,C:\\Users\\admin\\AppData\\Local\\Microsoft\\OneDrive\\Update\\OneDriveSetup.exe, , , , , ,{154c2aaf-ea98-6846-a001-000000001800}, , ,6984, ,2025-06-09 14:07:34.708, , , , , , ,DESKTOP-O7P9I53\\admin, , ,13,0x8000000000000000,{5770385f-c22a-43e0-bf4c-06f5698ffbd9},4,Microsoft-Windows-Sysmon/Operational,0,"""Registry value set:
RuleName: T1122
EventType: SetValue
UtcTime: 2025-06-09 14:07:34.708
ProcessGuid: {154c2aaf-ea98-6846-a001-000000001800}
ProcessId: 6984
Image: C:\Users\admin\AppData\Local\Microsoft\OneDrive\Update\OneDriveSetup.exe
TargetObject: HKU\S-1-5-21-442569660-4060779802-1076883227-1001_Classes\WOW6432Node\CLSID\{F241C880-6982-4CE5-8CF7-7085BA96DA5A}\InprocServer32\(Default)
Details: C:\Users\admin\AppData\Local\Microsoft\OneDrive\25.091.0512.0001\i386\FileSyncShell.dll
User: DESKTOP-O7P9I53\admin""",2,2025-06-09T14:07:34.7195293Z,31442,5512,DESKTOP-O7P9I53,13,3292,INFORMATION,Microsoft-Windows-Sysmon,334,false,5,Sysmon - Event 13: RegistryEvent SetValue on HKU\\S-1-5-21-442569660-4060779802-1076883227-1001_Classes\\WOW6432Node\\CLSID\\{F241C880-6982-4CE5-8CF7-7085BA96DA5A}\\InprocServer32\\(Default) by C:\\Users\\admin\\AppData\\Local\\Microsoft\\OneDrive\\Update\\OneDriveSetup.exe,"[""windows"",""sysmon"",""sysmon_event_13""]",61615,windows_eventchannel,"{""win"":{""system"":{""providerName"":""Microsoft-Windows-Sysmon"",""providerGuid"":""{5770385f-c22a-43e0-bf4c-06f5698ffbd9}"",""eventID"":""13"",""version"":""2"",""level"":""4"",""task"":""13"",""opcode"":""0"",""keywords"":""0x8000000000000000"",""systemTime"":""2025-06-09T14:07:34.7195293Z"",""eventRecordID"":""31442"",""processID"":""3292"",""threadID"":""5512"",""channel"":""Microsoft-Windows-Sysmon/Operational"",""computer"":""DESKTOP-O7P9I53"",""severityValue"":""INFORMATION"",""message"":""\""Registry value set:\r\nRuleName: T1122\r\nEventType: SetValue\r\nUtcTime: 2025-06-09 14:07:34.708\r\nProcessGuid: {154c2aaf-ea98-6846-a001-000000001800}\r\nProcessId: 6984\r\nImage: C:\\Users\\admin\\AppData\\Local\\Microsoft\\OneDrive\\Update\\OneDriveSetup.exe\r\nTargetObject: HKU\\S-1-5-21-442569660-4060779802-1076883227-1001_Classes\\WOW6432Node\\CLSID\\{F241C880-6982-4CE5-8CF7-7085BA96DA5A}\\InprocServer32\\(Default)\r\nDetails: C:\\Users\\admin\\AppData\\Local\\Microsoft\\OneDrive\\25.091.0512.0001\\i386\\FileSyncShell.dll\r\nUser: DESKTOP-O7P9I53\\admin\""""},""eventdata"":{""ruleName"":""T1122"",""eventType"":""SetValue"",""utcTime"":""2025-06-09 14:07:34.708"",""processGuid"":""{154c2aaf-ea98-6846-a001-000000001800}"",""processId"":""6984"",""image"":""C:\\\\Users\\\\admin\\\\AppData\\\\Local\\\\Microsoft\\\\OneDrive\\\\Update\\\\OneDriveSetup.exe"",""targetObject"":""HKU\\\\S-1-5-21-442569660-4060779802-1076883227-1001_Classes\\\\WOW6432Node\\\\CLSID\\\\{F241C880-6982-4CE5-8CF7-7085BA96DA5A}\\\\InprocServer32\\\\(Default)"",""details"":""C:\\\\Users\\\\admin\\\\AppData\\\\Local\\\\Microsoft\\\\OneDrive\\\\25.091.0512.0001\\\\i386\\\\FileSyncShell.dll"",""user"":""DESKTOP-O7P9I53\\\\admin""}}}",log,"Jun 9, 2025 @ 19:37:36.105",EventChannel,1749478056.2895205,"Jun 9, 2025 @ 19:37:36.105", , , , , , , , , , , , , , , , , , , , , , , , , , , , , , , , , , , , , , , , , , , , , , , , , , , ,HKU\\S-1-5-21-442569660-4060779802-1076883227-1001_Classes\\WOW6432Node\\CLSID\\{F241C880-6982-4CE5-8CF7-7085BA96DA5A}\\InprocServer32\\(Default),T1122,C:\\Users\\admin\\AppData\\Local\\Microsoft\\OneDrive\\25.091.0512.0001\\i386\\FileSyncShell.dll,SetValue, , , , , , , , , , , , , , , , , , , , , , , , , , , , , , 
wazuh-alerts-4.x-2025.06.09,TeAEVZcBD7y1GXNGrof_,1,1,192.168.254.162,DESKTOP-O7P9I53,001,hat-VMware-Virtual-Platform, ,C:\\Users\\admin\\AppData\\Local\\Microsoft\\OneDrive\\Update\\OneDriveSetup.exe, , , , , ,{154c2aaf-ea98-6846-a001-000000001800}, , ,6984, ,2025-06-09 14:07:34.708, , , , , , ,DESKTOP-O7P9I53\\admin, , ,13,0x8000000000000000,{5770385f-c22a-43e0-bf4c-06f5698ffbd9},4,Microsoft-Windows-Sysmon/Operational,0,"""Registry value set:
RuleName: T1122
EventType: SetValue
UtcTime: 2025-06-09 14:07:34.708
ProcessGuid: {154c2aaf-ea98-6846-a001-000000001800}
ProcessId: 6984
Image: C:\Users\admin\AppData\Local\Microsoft\OneDrive\Update\OneDriveSetup.exe
TargetObject: HKU\S-1-5-21-442569660-4060779802-1076883227-1001_Classes\WOW6432Node\CLSID\{9AA2F32D-362A-42D9-9328-24A483E2CCC3}\InprocServer32\(Default)
Details: C:\Users\admin\AppData\Local\Microsoft\OneDrive\25.091.0512.0001\i386\FileSyncShell.dll
User: DESKTOP-O7P9I53\admin""",2,2025-06-09T14:07:34.7271073Z,31444,5512,DESKTOP-O7P9I53,13,3292,INFORMATION,Microsoft-Windows-Sysmon,336,false,5,Sysmon - Event 13: RegistryEvent SetValue on HKU\\S-1-5-21-442569660-4060779802-1076883227-1001_Classes\\WOW6432Node\\CLSID\\{9AA2F32D-362A-42D9-9328-24A483E2CCC3}\\InprocServer32\\(Default) by C:\\Users\\admin\\AppData\\Local\\Microsoft\\OneDrive\\Update\\OneDriveSetup.exe,"[""windows"",""sysmon"",""sysmon_event_13""]",61615,windows_eventchannel,"{""win"":{""system"":{""providerName"":""Microsoft-Windows-Sysmon"",""providerGuid"":""{5770385f-c22a-43e0-bf4c-06f5698ffbd9}"",""eventID"":""13"",""version"":""2"",""level"":""4"",""task"":""13"",""opcode"":""0"",""keywords"":""0x8000000000000000"",""systemTime"":""2025-06-09T14:07:34.7271073Z"",""eventRecordID"":""31444"",""processID"":""3292"",""threadID"":""5512"",""channel"":""Microsoft-Windows-Sysmon/Operational"",""computer"":""DESKTOP-O7P9I53"",""severityValue"":""INFORMATION"",""message"":""\""Registry value set:\r\nRuleName: T1122\r\nEventType: SetValue\r\nUtcTime: 2025-06-09 14:07:34.708\r\nProcessGuid: {154c2aaf-ea98-6846-a001-000000001800}\r\nProcessId: 6984\r\nImage: C:\\Users\\admin\\AppData\\Local\\Microsoft\\OneDrive\\Update\\OneDriveSetup.exe\r\nTargetObject: HKU\\S-1-5-21-442569660-4060779802-1076883227-1001_Classes\\WOW6432Node\\CLSID\\{9AA2F32D-362A-42D9-9328-24A483E2CCC3}\\InprocServer32\\(Default)\r\nDetails: C:\\Users\\admin\\AppData\\Local\\Microsoft\\OneDrive\\25.091.0512.0001\\i386\\FileSyncShell.dll\r\nUser: DESKTOP-O7P9I53\\admin\""""},""eventdata"":{""ruleName"":""T1122"",""eventType"":""SetValue"",""utcTime"":""2025-06-09 14:07:34.708"",""processGuid"":""{154c2aaf-ea98-6846-a001-000000001800}"",""processId"":""6984"",""image"":""C:\\\\Users\\\\admin\\\\AppData\\\\Local\\\\Microsoft\\\\OneDrive\\\\Update\\\\OneDriveSetup.exe"",""targetObject"":""HKU\\\\S-1-5-21-442569660-4060779802-1076883227-1001_Classes\\\\WOW6432Node\\\\CLSID\\\\{9AA2F32D-362A-42D9-9328-24A483E2CCC3}\\\\InprocServer32\\\\(Default)"",""details"":""C:\\\\Users\\\\admin\\\\AppData\\\\Local\\\\Microsoft\\\\OneDrive\\\\25.091.0512.0001\\\\i386\\\\FileSyncShell.dll"",""user"":""DESKTOP-O7P9I53\\\\admin""}}}",log,"Jun 9, 2025 @ 19:37:36.153",EventChannel,1749478056.2902656,"Jun 9, 2025 @ 19:37:36.153", , , , , , , , , , , , , , , , , , , , , , , , , , , , , , , , , , , , , , , , , , , , , , , , , , , ,HKU\\S-1-5-21-442569660-4060779802-1076883227-1001_Classes\\WOW6432Node\\CLSID\\{9AA2F32D-362A-42D9-9328-24A483E2CCC3}\\InprocServer32\\(Default),T1122,C:\\Users\\admin\\AppData\\Local\\Microsoft\\OneDrive\\25.091.0512.0001\\i386\\FileSyncShell.dll,SetValue, , , , , , , , , , , , , , , , , , , , , , , , , , , , , , 
wazuh-alerts-4.x-2025.06.09,TuAEVZcBD7y1GXNGrof_,1,1,192.168.254.162,DESKTOP-O7P9I53,001,hat-VMware-Virtual-Platform, ,C:\\Users\\admin\\AppData\\Local\\Microsoft\\OneDrive\\Update\\OneDriveSetup.exe, , , , , ,{154c2aaf-ea98-6846-a001-000000001800}, , ,6984, ,2025-06-09 14:07:34.708, , , , , , ,DESKTOP-O7P9I53\\admin, , ,13,0x8000000000000000,{5770385f-c22a-43e0-bf4c-06f5698ffbd9},4,Microsoft-Windows-Sysmon/Operational,0,"""Registry value set:
RuleName: T1122
EventType: SetValue
UtcTime: 2025-06-09 14:07:34.708
ProcessGuid: {154c2aaf-ea98-6846-a001-000000001800}
ProcessId: 6984
Image: C:\Users\admin\AppData\Local\Microsoft\OneDrive\Update\OneDriveSetup.exe
TargetObject: HKU\S-1-5-21-442569660-4060779802-1076883227-1001_Classes\CLSID\{C5FF006E-2AE9-408C-B85B-2DFDD5449D9C}\InprocServer32\(Default)
Details: C:\Users\admin\AppData\Local\Microsoft\OneDrive\25.091.0512.0001\FileSyncShell64.dll
User: DESKTOP-O7P9I53\admin""",2,2025-06-09T14:07:34.7274320Z,31445,5512,DESKTOP-O7P9I53,13,3292,INFORMATION,Microsoft-Windows-Sysmon,337,false,5,Sysmon - Event 13: RegistryEvent SetValue on HKU\\S-1-5-21-442569660-4060779802-1076883227-1001_Classes\\CLSID\\{C5FF006E-2AE9-408C-B85B-2DFDD5449D9C}\\InprocServer32\\(Default) by C:\\Users\\admin\\AppData\\Local\\Microsoft\\OneDrive\\Update\\OneDriveSetup.exe,"[""windows"",""sysmon"",""sysmon_event_13""]",61615,windows_eventchannel,"{""win"":{""system"":{""providerName"":""Microsoft-Windows-Sysmon"",""providerGuid"":""{5770385f-c22a-43e0-bf4c-06f5698ffbd9}"",""eventID"":""13"",""version"":""2"",""level"":""4"",""task"":""13"",""opcode"":""0"",""keywords"":""0x8000000000000000"",""systemTime"":""2025-06-09T14:07:34.7274320Z"",""eventRecordID"":""31445"",""processID"":""3292"",""threadID"":""5512"",""channel"":""Microsoft-Windows-Sysmon/Operational"",""computer"":""DESKTOP-O7P9I53"",""severityValue"":""INFORMATION"",""message"":""\""Registry value set:\r\nRuleName: T1122\r\nEventType: SetValue\r\nUtcTime: 2025-06-09 14:07:34.708\r\nProcessGuid: {154c2aaf-ea98-6846-a001-000000001800}\r\nProcessId: 6984\r\nImage: C:\\Users\\admin\\AppData\\Local\\Microsoft\\OneDrive\\Update\\OneDriveSetup.exe\r\nTargetObject: HKU\\S-1-5-21-442569660-4060779802-1076883227-1001_Classes\\CLSID\\{C5FF006E-2AE9-408C-B85B-2DFDD5449D9C}\\InprocServer32\\(Default)\r\nDetails: C:\\Users\\admin\\AppData\\Local\\Microsoft\\OneDrive\\25.091.0512.0001\\FileSyncShell64.dll\r\nUser: DESKTOP-O7P9I53\\admin\""""},""eventdata"":{""ruleName"":""T1122"",""eventType"":""SetValue"",""utcTime"":""2025-06-09 14:07:34.708"",""processGuid"":""{154c2aaf-ea98-6846-a001-000000001800}"",""processId"":""6984"",""image"":""C:\\\\Users\\\\admin\\\\AppData\\\\Local\\\\Microsoft\\\\OneDrive\\\\Update\\\\OneDriveSetup.exe"",""targetObject"":""HKU\\\\S-1-5-21-442569660-4060779802-1076883227-1001_Classes\\\\CLSID\\\\{C5FF006E-2AE9-408C-B85B-2DFDD5449D9C}\\\\InprocServer32\\\\(Default)"",""details"":""C:\\\\Users\\\\admin\\\\AppData\\\\Local\\\\Microsoft\\\\OneDrive\\\\25.091.0512.0001\\\\FileSyncShell64.dll"",""user"":""DESKTOP-O7P9I53\\\\admin""}}}",log,"Jun 9, 2025 @ 19:37:36.167",EventChannel,1749478056.2906423,"Jun 9, 2025 @ 19:37:36.167", , , , , , , , , , , , , , , , , , , , , , , , , , , , , , , , , , , , , , , , , , , , , , , , , , , ,HKU\\S-1-5-21-442569660-4060779802-1076883227-1001_Classes\\CLSID\\{C5FF006E-2AE9-408C-B85B-2DFDD5449D9C}\\InprocServer32\\(Default),T1122,C:\\Users\\admin\\AppData\\Local\\Microsoft\\OneDrive\\25.091.0512.0001\\FileSyncShell64.dll,SetValue, , , , , , , , , , , , , , , , , , , , , , , , , , , , , , 
