wazuh-alerts-4.x-2025.06.09,nqMBVZcB7NFPR1gL6DHf,1,1,192.168.254.162,DESKTOP-O7P9I53,001,hat-VMware-Virtual-Platform,logonui.exe,C:\\Windows\\System32\\LogonUI.exe,Microsoft® Windows® Operating System,{154c2aaf-e981-6846-0a00-000000001800},Windows Logon User Interface Host,{154c2aaf-e981-6846-e703-000000000000},winlogon.exe,{154c2aaf-e982-6846-1500-000000001800},0x3e7,604,508,C:\\Windows\\system32\\,2025-06-09 14:02:42.294,"MD5=893144FE49AA16124B5BD3034E79BBC6,SHA256=CF01E46C146699F6C0E3DD447043F59BC9438DBBCB9563AF6C60EBC6D82727F2,IMPHASH=B9B0B64B08B38276711093CA94348D39",C:\\Windows\\System32\\winlogon.exe,Microsoft Corporation,"\""LogonUI.exe\"" /flags:0x2 /state0:0xa3b2c855 /state1:0x41c64e6d",System,10.0.19041.1 (WinBuild.160101.0800),NT AUTHORITY\\SYSTEM,1,NT AUTHORITY\\SYSTEM,1,0x8000000000000000,{5770385f-c22a-43e0-bf4c-06f5698ffbd9},4,Microsoft-Windows-Sysmon/Operational,0,"""Process Create:
RuleName: -
UtcTime: 2025-06-09 14:02:42.294
ProcessGuid: {154c2aaf-e982-6846-1500-000000001800}
ProcessId: 508
Image: C:\Windows\System32\LogonUI.exe
FileVersion: 10.0.19041.1 (WinBuild.160101.0800)
Description: Windows Logon User Interface Host
Product: Microsoft® Windows® Operating System
Company: Microsoft Corporation
OriginalFileName: logonui.exe
CommandLine: ""LogonUI.exe"" /flags:0x2 /state0:0xa3b2c855 /state1:0x41c64e6d
CurrentDirectory: C:\Windows\system32\
User: NT AUTHORITY\SYSTEM
LogonGuid: {154c2aaf-e981-6846-e703-000000000000}
LogonId: 0x3E7
TerminalSessionId: 1
IntegrityLevel: System
Hashes: MD5=893144FE49AA16124B5BD3034E79BBC6,SHA256=CF01E46C146699F6C0E3DD447043F59BC9438DBBCB9563AF6C60EBC6D82727F2,IMPHASH=B9B0B64B08B38276711093CA94348D39
ParentProcessGuid: {154c2aaf-e981-6846-0a00-000000001800}
ParentProcessId: 604
ParentImage: C:\Windows\System32\winlogon.exe
ParentCommandLine: winlogon.exe
ParentUser: NT AUTHORITY\SYSTEM""",5,2025-06-09T14:02:48.1129607Z,30494,5512,DESKTOP-O7P9I53,1,3292,INFORMATION,Microsoft-Windows-Sysmon,3,false,5,Sysmon - Event 1: Process creation Windows Logon User Interface Host,"[""windows"",""sysmon"",""sysmon_event1""]",61603,windows_eventchannel,"{""win"":{""system"":{""providerName"":""Microsoft-Windows-Sysmon"",""providerGuid"":""{5770385f-c22a-43e0-bf4c-06f5698ffbd9}"",""eventID"":""1"",""version"":""5"",""level"":""4"",""task"":""1"",""opcode"":""0"",""keywords"":""0x8000000000000000"",""systemTime"":""2025-06-09T14:02:48.1129607Z"",""eventRecordID"":""30494"",""processID"":""3292"",""threadID"":""5512"",""channel"":""Microsoft-Windows-Sysmon/Operational"",""computer"":""DESKTOP-O7P9I53"",""severityValue"":""INFORMATION"",""message"":""\""Process Create:\r\nRuleName: -\r\nUtcTime: 2025-06-09 14:02:42.294\r\nProcessGuid: {154c2aaf-e982-6846-1500-000000001800}\r\nProcessId: 508\r\nImage: C:\\Windows\\System32\\LogonUI.exe\r\nFileVersion: 10.0.19041.1 (WinBuild.160101.0800)\r\nDescription: Windows Logon User Interface Host\r\nProduct: Microsoft® Windows® Operating System\r\nCompany: Microsoft Corporation\r\nOriginalFileName: logonui.exe\r\nCommandLine: \""LogonUI.exe\"" /flags:0x2 /state0:0xa3b2c855 /state1:0x41c64e6d\r\nCurrentDirectory: C:\\Windows\\system32\\\r\nUser: NT AUTHORITY\\SYSTEM\r\nLogonGuid: {154c2aaf-e981-6846-e703-000000000000}\r\nLogonId: 0x3E7\r\nTerminalSessionId: 1\r\nIntegrityLevel: System\r\nHashes: MD5=893144FE49AA16124B5BD3034E79BBC6,SHA256=CF01E46C146699F6C0E3DD447043F59BC9438DBBCB9563AF6C60EBC6D82727F2,IMPHASH=B9B0B64B08B38276711093CA94348D39\r\nParentProcessGuid: {154c2aaf-e981-6846-0a00-000000001800}\r\nParentProcessId: 604\r\nParentImage: C:\\Windows\\System32\\winlogon.exe\r\nParentCommandLine: winlogon.exe\r\nParentUser: NT AUTHORITY\\SYSTEM\""""},""eventdata"":{""utcTime"":""2025-06-09 14:02:42.294"",""processGuid"":""{154c2aaf-e982-6846-1500-000000001800}"",""processId"":""508"",""image"":""C:\\\\Windows\\\\System32\\\\LogonUI.exe"",""fileVersion"":""10.0.19041.1 (WinBuild.160101.0800)"",""description"":""Windows Logon User Interface Host"",""product"":""Microsoft® Windows® Operating System"",""company"":""Microsoft Corporation"",""originalFileName"":""logonui.exe"",""commandLine"":""\\\""LogonUI.exe\\\"" /flags:0x2 /state0:0xa3b2c855 /state1:0x41c64e6d"",""currentDirectory"":""C:\\\\Windows\\\\system32\\\\"",""user"":""NT AUTHORITY\\\\SYSTEM"",""logonGuid"":""{154c2aaf-e981-6846-e703-000000000000}"",""logonId"":""0x3e7"",""terminalSessionId"":""1"",""integrityLevel"":""System"",""hashes"":""MD5=893144FE49AA16124B5BD3034E79BBC6,SHA256=CF01E46C146699F6C0E3DD447043F59BC9438DBBCB9563AF6C60EBC6D82727F2,IMPHASH=B9B0B64B08B38276711093CA94348D39"",""parentProcessGuid"":""{154c2aaf-e981-6846-0a00-000000001800}"",""parentProcessId"":""604"",""parentImage"":""C:\\\\Windows\\\\System32\\\\winlogon.exe"",""parentCommandLine"":""winlogon.exe"",""parentUser"":""NT AUTHORITY\\\\SYSTEM""}}}",log,"Jun 9, 2025 @ 19:34:09.280",EventChannel,1749477849.148808,"Jun 9, 2025 @ 19:34:09.280", , , , , , , , , , , , , , , , , , , , , , , , , , , , , , , , , , , , , , , , , , , , , , , , , , , , , , , , , , , , , , , , , , , , , , , , , , , , , , , , , , , , , 
wazuh-alerts-4.x-2025.06.09,pqMBVZcB7NFPR1gL6DHf,1,1,192.168.254.162,DESKTOP-O7P9I53,001,hat-VMware-Virtual-Platform,updater.exe,C:\\Program Files (x86)\\Google\\GoogleUpdater\\138.0.7194.0\\updater.exe,Google Updater (x86),{154c2aaf-e981-6846-0b00-000000001800},Google Updater (x86),{154c2aaf-e981-6846-e703-000000000000},C:\\Windows\\system32\\services.exe,{154c2aaf-e984-6846-4800-000000001800},0x3e7,648,3076,C:\\Windows\\system32\\,2025-06-09 14:02:44.505,"MD5=A1044445F76098186DE3B146ABDA9876,SHA256=8CA4F944172F0904B4D70E40A5D61B54439109502E7E3E20D71F8A83BEAD9CE8,IMPHASH=9888642409BEC5969301F0CDEA998BD2",C:\\Windows\\System32\\services.exe,Google LLC,"\""C:\\Program Files (x86)\\Google\\GoogleUpdater\\138.0.7194.0\\updater.exe\"" --system --windows-service --service=update",System,138.0.7194.0,NT AUTHORITY\\SYSTEM,0,NT AUTHORITY\\SYSTEM,1,0x8000000000000000,{5770385f-c22a-43e0-bf4c-06f5698ffbd9},4,Microsoft-Windows-Sysmon/Operational,0,"""Process Create:
RuleName: -
UtcTime: 2025-06-09 14:02:44.505
ProcessGuid: {154c2aaf-e984-6846-4800-000000001800}
ProcessId: 3076
Image: C:\Program Files (x86)\Google\GoogleUpdater\138.0.7194.0\updater.exe
FileVersion: 138.0.7194.0
Description: Google Updater (x86)
Product: Google Updater (x86)
Company: Google LLC
OriginalFileName: updater.exe
CommandLine: ""C:\Program Files (x86)\Google\GoogleUpdater\138.0.7194.0\updater.exe"" --system --windows-service --service=update
CurrentDirectory: C:\Windows\system32\
User: NT AUTHORITY\SYSTEM
LogonGuid: {154c2aaf-e981-6846-e703-000000000000}
LogonId: 0x3E7
TerminalSessionId: 0
IntegrityLevel: System
Hashes: MD5=A1044445F76098186DE3B146ABDA9876,SHA256=8CA4F944172F0904B4D70E40A5D61B54439109502E7E3E20D71F8A83BEAD9CE8,IMPHASH=9888642409BEC5969301F0CDEA998BD2
ParentProcessGuid: {154c2aaf-e981-6846-0b00-000000001800}
ParentProcessId: 648
ParentImage: C:\Windows\System32\services.exe
ParentCommandLine: C:\Windows\system32\services.exe
ParentUser: NT AUTHORITY\SYSTEM""",5,2025-06-09T14:02:48.3382306Z,30544,5512,DESKTOP-O7P9I53,1,3292,INFORMATION,Microsoft-Windows-Sysmon,11,false,5,Sysmon - Event 1: Process creation Google Updater (x86),"[""windows"",""sysmon"",""sysmon_event1""]",61603,windows_eventchannel,"{""win"":{""system"":{""providerName"":""Microsoft-Windows-Sysmon"",""providerGuid"":""{5770385f-c22a-43e0-bf4c-06f5698ffbd9}"",""eventID"":""1"",""version"":""5"",""level"":""4"",""task"":""1"",""opcode"":""0"",""keywords"":""0x8000000000000000"",""systemTime"":""2025-06-09T14:02:48.3382306Z"",""eventRecordID"":""30544"",""processID"":""3292"",""threadID"":""5512"",""channel"":""Microsoft-Windows-Sysmon/Operational"",""computer"":""DESKTOP-O7P9I53"",""severityValue"":""INFORMATION"",""message"":""\""Process Create:\r\nRuleName: -\r\nUtcTime: 2025-06-09 14:02:44.505\r\nProcessGuid: {154c2aaf-e984-6846-4800-000000001800}\r\nProcessId: 3076\r\nImage: C:\\Program Files (x86)\\Google\\GoogleUpdater\\138.0.7194.0\\updater.exe\r\nFileVersion: 138.0.7194.0\r\nDescription: Google Updater (x86)\r\nProduct: Google Updater (x86)\r\nCompany: Google LLC\r\nOriginalFileName: updater.exe\r\nCommandLine: \""C:\\Program Files (x86)\\Google\\GoogleUpdater\\138.0.7194.0\\updater.exe\"" --system --windows-service --service=update\r\nCurrentDirectory: C:\\Windows\\system32\\\r\nUser: NT AUTHORITY\\SYSTEM\r\nLogonGuid: {154c2aaf-e981-6846-e703-000000000000}\r\nLogonId: 0x3E7\r\nTerminalSessionId: 0\r\nIntegrityLevel: System\r\nHashes: MD5=A1044445F76098186DE3B146ABDA9876,SHA256=8CA4F944172F0904B4D70E40A5D61B54439109502E7E3E20D71F8A83BEAD9CE8,IMPHASH=9888642409BEC5969301F0CDEA998BD2\r\nParentProcessGuid: {154c2aaf-e981-6846-0b00-000000001800}\r\nParentProcessId: 648\r\nParentImage: C:\\Windows\\System32\\services.exe\r\nParentCommandLine: C:\\Windows\\system32\\services.exe\r\nParentUser: NT AUTHORITY\\SYSTEM\""""},""eventdata"":{""utcTime"":""2025-06-09 14:02:44.505"",""processGuid"":""{154c2aaf-e984-6846-4800-000000001800}"",""processId"":""3076"",""image"":""C:\\\\Program Files (x86)\\\\Google\\\\GoogleUpdater\\\\138.0.7194.0\\\\updater.exe"",""fileVersion"":""138.0.7194.0"",""description"":""Google Updater (x86)"",""product"":""Google Updater (x86)"",""company"":""Google LLC"",""originalFileName"":""updater.exe"",""commandLine"":""\\\""C:\\\\Program Files (x86)\\\\Google\\\\GoogleUpdater\\\\138.0.7194.0\\\\updater.exe\\\"" --system --windows-service --service=update"",""currentDirectory"":""C:\\\\Windows\\\\system32\\\\"",""user"":""NT AUTHORITY\\\\SYSTEM"",""logonGuid"":""{154c2aaf-e981-6846-e703-000000000000}"",""logonId"":""0x3e7"",""terminalSessionId"":""0"",""integrityLevel"":""System"",""hashes"":""MD5=A1044445F76098186DE3B146ABDA9876,SHA256=8CA4F944172F0904B4D70E40A5D61B54439109502E7E3E20D71F8A83BEAD9CE8,IMPHASH=9888642409BEC5969301F0CDEA998BD2"",""parentProcessGuid"":""{154c2aaf-e981-6846-0b00-000000001800}"",""parentProcessId"":""648"",""parentImage"":""C:\\\\Windows\\\\System32\\\\services.exe"",""parentCommandLine"":""C:\\\\Windows\\\\system32\\\\services.exe"",""parentUser"":""NT AUTHORITY\\\\SYSTEM""}}}",log,"Jun 9, 2025 @ 19:34:10.155",EventChannel,1749477850.194484,"Jun 9, 2025 @ 19:34:10.155", , , , , , , , , , , , , , , , , , , , , , , , , , , , , , , , , , , , , , , , , , , , , , , , , , , , , , , , , , , , , , , , , , , , , , , , , , , , , , , , , , , , , 
wazuh-alerts-4.x-2025.06.09,p6MBVZcB7NFPR1gL6DHf,1,1,192.168.254.162,DESKTOP-O7P9I53,001,hat-VMware-Virtual-Platform,taskhostw.exe,C:\\Windows\\System32\\taskhostw.exe,Microsoft® Windows® Operating System,{154c2aaf-e982-6846-1900-000000001800},Host Process for Windows Tasks,{154c2aaf-e982-6846-e403-000000000000},C:\\Windows\\system32\\svchost.exe -k netsvcs -p -s Schedule,{154c2aaf-e984-6846-4e00-000000001800},0x3e4,1168,3244,C:\\Windows\\system32\\,2025-06-09 14:02:44.624,"MD5=D71630DA4364F89F36B47581D4162639,SHA256=4D84D1DB6C572DA841307B814CCF26478429D3A29F304755CE1BAF110E639F64,IMPHASH=3A0C6863CDE566AF997DB2DEFFF9D924",C:\\Windows\\System32\\svchost.exe,Microsoft Corporation,taskhostw.exe network,System,10.0.19041.5794 (WinBuild.160101.0800),NT AUTHORITY\\NETWORK SERVICE,0,NT AUTHORITY\\SYSTEM,1,0x8000000000000000,{5770385f-c22a-43e0-bf4c-06f5698ffbd9},4,Microsoft-Windows-Sysmon/Operational,0,"""Process Create:
RuleName: -
UtcTime: 2025-06-09 14:02:44.624
ProcessGuid: {154c2aaf-e984-6846-4e00-000000001800}
ProcessId: 3244
Image: C:\Windows\System32\taskhostw.exe
FileVersion: 10.0.19041.5794 (WinBuild.160101.0800)
Description: Host Process for Windows Tasks
Product: Microsoft® Windows® Operating System
Company: Microsoft Corporation
OriginalFileName: taskhostw.exe
CommandLine: taskhostw.exe network
CurrentDirectory: C:\Windows\system32\
User: NT AUTHORITY\NETWORK SERVICE
LogonGuid: {154c2aaf-e982-6846-e403-000000000000}
LogonId: 0x3E4
TerminalSessionId: 0
IntegrityLevel: System
Hashes: MD5=D71630DA4364F89F36B47581D4162639,SHA256=4D84D1DB6C572DA841307B814CCF26478429D3A29F304755CE1BAF110E639F64,IMPHASH=3A0C6863CDE566AF997DB2DEFFF9D924
ParentProcessGuid: {154c2aaf-e982-6846-1900-000000001800}
ParentProcessId: 1168
ParentImage: C:\Windows\System32\svchost.exe
ParentCommandLine: C:\Windows\system32\svchost.exe -k netsvcs -p -s Schedule
ParentUser: NT AUTHORITY\SYSTEM""",5,2025-06-09T14:02:48.3393685Z,30546,5512,DESKTOP-O7P9I53,1,3292,INFORMATION,Microsoft-Windows-Sysmon,12,false,5,Sysmon - Event 1: Process creation Host Process for Windows Tasks,"[""windows"",""sysmon"",""sysmon_event1""]",61603,windows_eventchannel,"{""win"":{""system"":{""providerName"":""Microsoft-Windows-Sysmon"",""providerGuid"":""{5770385f-c22a-43e0-bf4c-06f5698ffbd9}"",""eventID"":""1"",""version"":""5"",""level"":""4"",""task"":""1"",""opcode"":""0"",""keywords"":""0x8000000000000000"",""systemTime"":""2025-06-09T14:02:48.3393685Z"",""eventRecordID"":""30546"",""processID"":""3292"",""threadID"":""5512"",""channel"":""Microsoft-Windows-Sysmon/Operational"",""computer"":""DESKTOP-O7P9I53"",""severityValue"":""INFORMATION"",""message"":""\""Process Create:\r\nRuleName: -\r\nUtcTime: 2025-06-09 14:02:44.624\r\nProcessGuid: {154c2aaf-e984-6846-4e00-000000001800}\r\nProcessId: 3244\r\nImage: C:\\Windows\\System32\\taskhostw.exe\r\nFileVersion: 10.0.19041.5794 (WinBuild.160101.0800)\r\nDescription: Host Process for Windows Tasks\r\nProduct: Microsoft® Windows® Operating System\r\nCompany: Microsoft Corporation\r\nOriginalFileName: taskhostw.exe\r\nCommandLine: taskhostw.exe network\r\nCurrentDirectory: C:\\Windows\\system32\\\r\nUser: NT AUTHORITY\\NETWORK SERVICE\r\nLogonGuid: {154c2aaf-e982-6846-e403-000000000000}\r\nLogonId: 0x3E4\r\nTerminalSessionId: 0\r\nIntegrityLevel: System\r\nHashes: MD5=D71630DA4364F89F36B47581D4162639,SHA256=4D84D1DB6C572DA841307B814CCF26478429D3A29F304755CE1BAF110E639F64,IMPHASH=3A0C6863CDE566AF997DB2DEFFF9D924\r\nParentProcessGuid: {154c2aaf-e982-6846-1900-000000001800}\r\nParentProcessId: 1168\r\nParentImage: C:\\Windows\\System32\\svchost.exe\r\nParentCommandLine: C:\\Windows\\system32\\svchost.exe -k netsvcs -p -s Schedule\r\nParentUser: NT AUTHORITY\\SYSTEM\""""},""eventdata"":{""utcTime"":""2025-06-09 14:02:44.624"",""processGuid"":""{154c2aaf-e984-6846-4e00-000000001800}"",""processId"":""3244"",""image"":""C:\\\\Windows\\\\System32\\\\taskhostw.exe"",""fileVersion"":""10.0.19041.5794 (WinBuild.160101.0800)"",""description"":""Host Process for Windows Tasks"",""product"":""Microsoft® Windows® Operating System"",""company"":""Microsoft Corporation"",""originalFileName"":""taskhostw.exe"",""commandLine"":""taskhostw.exe network"",""currentDirectory"":""C:\\\\Windows\\\\system32\\\\"",""user"":""NT AUTHORITY\\\\NETWORK SERVICE"",""logonGuid"":""{154c2aaf-e982-6846-e403-000000000000}"",""logonId"":""0x3e4"",""terminalSessionId"":""0"",""integrityLevel"":""System"",""hashes"":""MD5=D71630DA4364F89F36B47581D4162639,SHA256=4D84D1DB6C572DA841307B814CCF26478429D3A29F304755CE1BAF110E639F64,IMPHASH=3A0C6863CDE566AF997DB2DEFFF9D924"",""parentProcessGuid"":""{154c2aaf-e982-6846-1900-000000001800}"",""parentProcessId"":""1168"",""parentImage"":""C:\\\\Windows\\\\System32\\\\svchost.exe"",""parentCommandLine"":""C:\\\\Windows\\\\system32\\\\svchost.exe -k netsvcs -p -s Schedule"",""parentUser"":""NT AUTHORITY\\\\SYSTEM""}}}",log,"Jun 9, 2025 @ 19:34:10.187",EventChannel,1749477850.200273,"Jun 9, 2025 @ 19:34:10.187", , , , , , , , , , , , , , , , , , , , , , , , , , , , , , , , , , , , , , , , , , , , , , , , , , , , , , , , , , , , , , , , , , , , , , , , , , , , , , , , , , , , , 
wazuh-alerts-4.x-2025.06.09,s6MBVZcB7NFPR1gL6DHf,1,1,192.168.254.162,DESKTOP-O7P9I53,001,hat-VMware-Virtual-Platform,updater.exe,C:\\Program Files (x86)\\Google\\GoogleUpdater\\138.0.7194.0\\updater.exe,Google Updater (x86),{154c2aaf-e984-6846-4700-000000001800},Google Updater (x86),{154c2aaf-e981-6846-e703-000000000000},"\""C:\\Program Files (x86)\\Google\\GoogleUpdater\\138.0.7194.0\\updater.exe\"" --system --windows-service --service=update-internal",{154c2aaf-e985-6846-6000-000000001800},0x3e7,396,4172,C:\\Windows\\system32\\,2025-06-09 14:02:45.427,"MD5=A1044445F76098186DE3B146ABDA9876,SHA256=8CA4F944172F0904B4D70E40A5D61B54439109502E7E3E20D71F8A83BEAD9CE8,IMPHASH=9888642409BEC5969301F0CDEA998BD2",C:\\Program Files (x86)\\Google\\GoogleUpdater\\138.0.7194.0\\updater.exe,Google LLC,"\""C:\\Program Files (x86)\\Google\\GoogleUpdater\\138.0.7194.0\\updater.exe\"" --wake --system",System,138.0.7194.0,NT AUTHORITY\\SYSTEM,0,NT AUTHORITY\\SYSTEM,1,0x8000000000000000,{5770385f-c22a-43e0-bf4c-06f5698ffbd9},4,Microsoft-Windows-Sysmon/Operational,0,"""Process Create:
RuleName: -
UtcTime: 2025-06-09 14:02:45.427
ProcessGuid: {154c2aaf-e985-6846-6000-000000001800}
ProcessId: 4172
Image: C:\Program Files (x86)\Google\GoogleUpdater\138.0.7194.0\updater.exe
FileVersion: 138.0.7194.0
Description: Google Updater (x86)
Product: Google Updater (x86)
Company: Google LLC
OriginalFileName: updater.exe
CommandLine: ""C:\Program Files (x86)\Google\GoogleUpdater\138.0.7194.0\updater.exe"" --wake --system
CurrentDirectory: C:\Windows\system32\
User: NT AUTHORITY\SYSTEM
LogonGuid: {154c2aaf-e981-6846-e703-000000000000}
LogonId: 0x3E7
TerminalSessionId: 0
IntegrityLevel: System
Hashes: MD5=A1044445F76098186DE3B146ABDA9876,SHA256=8CA4F944172F0904B4D70E40A5D61B54439109502E7E3E20D71F8A83BEAD9CE8,IMPHASH=9888642409BEC5969301F0CDEA998BD2
ParentProcessGuid: {154c2aaf-e984-6846-4700-000000001800}
ParentProcessId: 396
ParentImage: C:\Program Files (x86)\Google\GoogleUpdater\138.0.7194.0\updater.exe
ParentCommandLine: ""C:\Program Files (x86)\Google\GoogleUpdater\138.0.7194.0\updater.exe"" --system --windows-service --service=update-internal
ParentUser: NT AUTHORITY\SYSTEM""",5,2025-06-09T14:02:48.5036174Z,30563,5512,DESKTOP-O7P9I53,1,3292,INFORMATION,Microsoft-Windows-Sysmon,24,false,5,Sysmon - Event 1: Process creation Google Updater (x86),"[""windows"",""sysmon"",""sysmon_event1""]",61603,windows_eventchannel,"{""win"":{""system"":{""providerName"":""Microsoft-Windows-Sysmon"",""providerGuid"":""{5770385f-c22a-43e0-bf4c-06f5698ffbd9}"",""eventID"":""1"",""version"":""5"",""level"":""4"",""task"":""1"",""opcode"":""0"",""keywords"":""0x8000000000000000"",""systemTime"":""2025-06-09T14:02:48.5036174Z"",""eventRecordID"":""30563"",""processID"":""3292"",""threadID"":""5512"",""channel"":""Microsoft-Windows-Sysmon/Operational"",""computer"":""DESKTOP-O7P9I53"",""severityValue"":""INFORMATION"",""message"":""\""Process Create:\r\nRuleName: -\r\nUtcTime: 2025-06-09 14:02:45.427\r\nProcessGuid: {154c2aaf-e985-6846-6000-000000001800}\r\nProcessId: 4172\r\nImage: C:\\Program Files (x86)\\Google\\GoogleUpdater\\138.0.7194.0\\updater.exe\r\nFileVersion: 138.0.7194.0\r\nDescription: Google Updater (x86)\r\nProduct: Google Updater (x86)\r\nCompany: Google LLC\r\nOriginalFileName: updater.exe\r\nCommandLine: \""C:\\Program Files (x86)\\Google\\GoogleUpdater\\138.0.7194.0\\updater.exe\"" --wake --system\r\nCurrentDirectory: C:\\Windows\\system32\\\r\nUser: NT AUTHORITY\\SYSTEM\r\nLogonGuid: {154c2aaf-e981-6846-e703-000000000000}\r\nLogonId: 0x3E7\r\nTerminalSessionId: 0\r\nIntegrityLevel: System\r\nHashes: MD5=A1044445F76098186DE3B146ABDA9876,SHA256=8CA4F944172F0904B4D70E40A5D61B54439109502E7E3E20D71F8A83BEAD9CE8,IMPHASH=9888642409BEC5969301F0CDEA998BD2\r\nParentProcessGuid: {154c2aaf-e984-6846-4700-000000001800}\r\nParentProcessId: 396\r\nParentImage: C:\\Program Files (x86)\\Google\\GoogleUpdater\\138.0.7194.0\\updater.exe\r\nParentCommandLine: \""C:\\Program Files (x86)\\Google\\GoogleUpdater\\138.0.7194.0\\updater.exe\"" --system --windows-service --service=update-internal\r\nParentUser: NT AUTHORITY\\SYSTEM\""""},""eventdata"":{""utcTime"":""2025-06-09 14:02:45.427"",""processGuid"":""{154c2aaf-e985-6846-6000-000000001800}"",""processId"":""4172"",""image"":""C:\\\\Program Files (x86)\\\\Google\\\\GoogleUpdater\\\\138.0.7194.0\\\\updater.exe"",""fileVersion"":""138.0.7194.0"",""description"":""Google Updater (x86)"",""product"":""Google Updater (x86)"",""company"":""Google LLC"",""originalFileName"":""updater.exe"",""commandLine"":""\\\""C:\\\\Program Files (x86)\\\\Google\\\\GoogleUpdater\\\\138.0.7194.0\\\\updater.exe\\\"" --wake --system"",""currentDirectory"":""C:\\\\Windows\\\\system32\\\\"",""user"":""NT AUTHORITY\\\\SYSTEM"",""logonGuid"":""{154c2aaf-e981-6846-e703-000000000000}"",""logonId"":""0x3e7"",""terminalSessionId"":""0"",""integrityLevel"":""System"",""hashes"":""MD5=A1044445F76098186DE3B146ABDA9876,SHA256=8CA4F944172F0904B4D70E40A5D61B54439109502E7E3E20D71F8A83BEAD9CE8,IMPHASH=9888642409BEC5969301F0CDEA998BD2"",""parentProcessGuid"":""{154c2aaf-e984-6846-4700-000000001800}"",""parentProcessId"":""396"",""parentImage"":""C:\\\\Program Files (x86)\\\\Google\\\\GoogleUpdater\\\\138.0.7194.0\\\\updater.exe"",""parentCommandLine"":""\\\""C:\\\\Program Files (x86)\\\\Google\\\\GoogleUpdater\\\\138.0.7194.0\\\\updater.exe\\\"" --system --windows-service --service=update-internal"",""parentUser"":""NT AUTHORITY\\\\SYSTEM""}}}",log,"Jun 9, 2025 @ 19:34:10.542",EventChannel,1749477850.272135,"Jun 9, 2025 @ 19:34:10.542", , , , , , , , , , , , , , , , , , , , , , , , , , , , , , , , , , , , , , , , , , , , , , , , , , , , , , , , , , , , , , , , , , , , , , , , , , , , , , , , , , , , , 
wazuh-alerts-4.x-2025.06.09,taMBVZcB7NFPR1gL6DHf,1,1,192.168.254.162,DESKTOP-O7P9I53,001,hat-VMware-Virtual-Platform,updater.exe,C:\\Program Files (x86)\\Google\\GoogleUpdater\\138.0.7194.0\\updater.exe,Google Updater (x86),{154c2aaf-e985-6846-6000-000000001800},Google Updater (x86),{154c2aaf-e981-6846-e703-000000000000},"\""C:\\Program Files (x86)\\Google\\GoogleUpdater\\138.0.7194.0\\updater.exe\"" --wake --system",{154c2aaf-e985-6846-6100-000000001800},0x3e7,4172,4284,C:\\Windows\\system32\\,2025-06-09 14:02:45.623,"MD5=A1044445F76098186DE3B146ABDA9876,SHA256=8CA4F944172F0904B4D70E40A5D61B54439109502E7E3E20D71F8A83BEAD9CE8,IMPHASH=9888642409BEC5969301F0CDEA998BD2",C:\\Program Files (x86)\\Google\\GoogleUpdater\\138.0.7194.0\\updater.exe,Google LLC,"\""C:\\Program Files (x86)\\Google\\GoogleUpdater\\138.0.7194.0\\updater.exe\"" --crash-handler --system \""--database=C:\\Program Files (x86)\\Google\\GoogleUpdater\\138.0.7194.0\\Crashpad\"" --url=https://clients2.google.com/cr/report --annotation=prod=Update4 --annotation=ver=138.0.7194.0 \""--attachment=C:\\Program Files (x86)\\Google\\GoogleUpdater\\updater.log\"" --initial-client-data=0x298,0x29c,0x2a0,0x274,0x2a4,0xe529c0,0xe529cc,0xe529d8",System,138.0.7194.0,NT AUTHORITY\\SYSTEM,0,NT AUTHORITY\\SYSTEM,1,0x8000000000000000,{5770385f-c22a-43e0-bf4c-06f5698ffbd9},4,Microsoft-Windows-Sysmon/Operational,0,"""Process Create:
RuleName: -
UtcTime: 2025-06-09 14:02:45.623
ProcessGuid: {154c2aaf-e985-6846-6100-000000001800}
ProcessId: 4284
Image: C:\Program Files (x86)\Google\GoogleUpdater\138.0.7194.0\updater.exe
FileVersion: 138.0.7194.0
Description: Google Updater (x86)
Product: Google Updater (x86)
Company: Google LLC
OriginalFileName: updater.exe
CommandLine: ""C:\Program Files (x86)\Google\GoogleUpdater\138.0.7194.0\updater.exe"" --crash-handler --system ""--database=C:\Program Files (x86)\Google\GoogleUpdater\138.0.7194.0\Crashpad"" --url=https://clients2.google.com/cr/report --annotation=prod=Update4 --annotation=ver=138.0.7194.0 ""--attachment=C:\Program Files (x86)\Google\GoogleUpdater\updater.log"" --initial-client-data=0x298,0x29c,0x2a0,0x274,0x2a4,0xe529c0,0xe529cc,0xe529d8
CurrentDirectory: C:\Windows\system32\
User: NT AUTHORITY\SYSTEM
LogonGuid: {154c2aaf-e981-6846-e703-000000000000}
LogonId: 0x3E7
TerminalSessionId: 0
IntegrityLevel: System
Hashes: MD5=A1044445F76098186DE3B146ABDA9876,SHA256=8CA4F944172F0904B4D70E40A5D61B54439109502E7E3E20D71F8A83BEAD9CE8,IMPHASH=9888642409BEC5969301F0CDEA998BD2
ParentProcessGuid: {154c2aaf-e985-6846-6000-000000001800}
ParentProcessId: 4172
ParentImage: C:\Program Files (x86)\Google\GoogleUpdater\138.0.7194.0\updater.exe
ParentCommandLine: ""C:\Program Files (x86)\Google\GoogleUpdater\138.0.7194.0\updater.exe"" --wake --system
ParentUser: NT AUTHORITY\SYSTEM""",5,2025-06-09T14:02:48.6723486Z,30564,5512,DESKTOP-O7P9I53,1,3292,INFORMATION,Microsoft-Windows-Sysmon,25,false,5,Sysmon - Event 1: Process creation Google Updater (x86),"[""windows"",""sysmon"",""sysmon_event1""]",61603,windows_eventchannel,"{""win"":{""system"":{""providerName"":""Microsoft-Windows-Sysmon"",""providerGuid"":""{5770385f-c22a-43e0-bf4c-06f5698ffbd9}"",""eventID"":""1"",""version"":""5"",""level"":""4"",""task"":""1"",""opcode"":""0"",""keywords"":""0x8000000000000000"",""systemTime"":""2025-06-09T14:02:48.6723486Z"",""eventRecordID"":""30564"",""processID"":""3292"",""threadID"":""5512"",""channel"":""Microsoft-Windows-Sysmon/Operational"",""computer"":""DESKTOP-O7P9I53"",""severityValue"":""INFORMATION"",""message"":""\""Process Create:\r\nRuleName: -\r\nUtcTime: 2025-06-09 14:02:45.623\r\nProcessGuid: {154c2aaf-e985-6846-6100-000000001800}\r\nProcessId: 4284\r\nImage: C:\\Program Files (x86)\\Google\\GoogleUpdater\\138.0.7194.0\\updater.exe\r\nFileVersion: 138.0.7194.0\r\nDescription: Google Updater (x86)\r\nProduct: Google Updater (x86)\r\nCompany: Google LLC\r\nOriginalFileName: updater.exe\r\nCommandLine: \""C:\\Program Files (x86)\\Google\\GoogleUpdater\\138.0.7194.0\\updater.exe\"" --crash-handler --system \""--database=C:\\Program Files (x86)\\Google\\GoogleUpdater\\138.0.7194.0\\Crashpad\"" --url=https://clients2.google.com/cr/report --annotation=prod=Update4 --annotation=ver=138.0.7194.0 \""--attachment=C:\\Program Files (x86)\\Google\\GoogleUpdater\\updater.log\"" --initial-client-data=0x298,0x29c,0x2a0,0x274,0x2a4,0xe529c0,0xe529cc,0xe529d8\r\nCurrentDirectory: C:\\Windows\\system32\\\r\nUser: NT AUTHORITY\\SYSTEM\r\nLogonGuid: {154c2aaf-e981-6846-e703-000000000000}\r\nLogonId: 0x3E7\r\nTerminalSessionId: 0\r\nIntegrityLevel: System\r\nHashes: MD5=A1044445F76098186DE3B146ABDA9876,SHA256=8CA4F944172F0904B4D70E40A5D61B54439109502E7E3E20D71F8A83BEAD9CE8,IMPHASH=9888642409BEC5969301F0CDEA998BD2\r\nParentProcessGuid: {154c2aaf-e985-6846-6000-000000001800}\r\nParentProcessId: 4172\r\nParentImage: C:\\Program Files (x86)\\Google\\GoogleUpdater\\138.0.7194.0\\updater.exe\r\nParentCommandLine: \""C:\\Program Files (x86)\\Google\\GoogleUpdater\\138.0.7194.0\\updater.exe\"" --wake --system\r\nParentUser: NT AUTHORITY\\SYSTEM\""""},""eventdata"":{""utcTime"":""2025-06-09 14:02:45.623"",""processGuid"":""{154c2aaf-e985-6846-6100-000000001800}"",""processId"":""4284"",""image"":""C:\\\\Program Files (x86)\\\\Google\\\\GoogleUpdater\\\\138.0.7194.0\\\\updater.exe"",""fileVersion"":""138.0.7194.0"",""description"":""Google Updater (x86)"",""product"":""Google Updater (x86)"",""company"":""Google LLC"",""originalFileName"":""updater.exe"",""commandLine"":""\\\""C:\\\\Program Files (x86)\\\\Google\\\\GoogleUpdater\\\\138.0.7194.0\\\\updater.exe\\\"" --crash-handler --system \\\""--database=C:\\\\Program Files (x86)\\\\Google\\\\GoogleUpdater\\\\138.0.7194.0\\\\Crashpad\\\"" --url=https://clients2.google.com/cr/report --annotation=prod=Update4 --annotation=ver=138.0.7194.0 \\\""--attachment=C:\\\\Program Files (x86)\\\\Google\\\\GoogleUpdater\\\\updater.log\\\"" --initial-client-data=0x298,0x29c,0x2a0,0x274,0x2a4,0xe529c0,0xe529cc,0xe529d8"",""currentDirectory"":""C:\\\\Windows\\\\system32\\\\"",""user"":""NT AUTHORITY\\\\SYSTEM"",""logonGuid"":""{154c2aaf-e981-6846-e703-000000000000}"",""logonId"":""0x3e7"",""terminalSessionId"":""0"",""integrityLevel"":""System"",""hashes"":""MD5=A1044445F76098186DE3B146ABDA9876,SHA256=8CA4F944172F0904B4D70E40A5D61B54439109502E7E3E20D71F8A83BEAD9CE8,IMPHASH=9888642409BEC5969301F0CDEA998BD2"",""parentProcessGuid"":""{154c2aaf-e985-6846-6000-000000001800}"",""parentProcessId"":""4172"",""parentImage"":""C:\\\\Program Files (x86)\\\\Google\\\\GoogleUpdater\\\\138.0.7194.0\\\\updater.exe"",""parentCommandLine"":""\\\""C:\\\\Program Files (x86)\\\\Google\\\\GoogleUpdater\\\\138.0.7194.0\\\\updater.exe\\\"" --wake --system"",""parentUser"":""NT AUTHORITY\\\\SYSTEM""}}}",log,"Jun 9, 2025 @ 19:34:10.543",EventChannel,1749477850.281447,"Jun 9, 2025 @ 19:34:10.543", , , , , , , , , , , , , , , , , , , , , , , , , , , , , , , , , , , , , , , , , , , , , , , , , , , , , , , , , , , , , , , , , , , , , , , , , , , , , , , , , , , , , 
wazuh-alerts-4.x-2025.06.09,tqMBVZcB7NFPR1gL6DHf,1,1,192.168.254.162,DESKTOP-O7P9I53,001,hat-VMware-Virtual-Platform,Cmd.Exe,C:\\Windows\\System32\\cmd.exe,Microsoft® Windows® Operating System,{154c2aaf-e984-6846-5500-000000001800},Windows Command Processor,{154c2aaf-e981-6846-e703-000000000000},"\""C:\\Program Files\\VMware\\VMware Tools\\vmtoolsd.exe\""",{154c2aaf-e985-6846-6500-000000001800},0x3e7,3368,4468,C:\\Windows\\system32\\,2025-06-09 14:02:45.822,"MD5=2B40C98ED0F7A1D3B091A3E8353132DC,SHA256=BADF4752413CB0CBDC03FB95820CA167F0CDC63B597CCDB5EF43111180E088B0,IMPHASH=272245E2988E1E430500B852C4FB5E18",C:\\Program Files\\VMware\\VMware Tools\\vmtoolsd.exe,Microsoft Corporation,"C:\\Windows\\system32\\cmd.exe /c \""\""C:\\Program Files\\VMware\\VMware Tools\\poweron-vm-default.bat\""\""",System,10.0.19041.4355 (WinBuild.160101.0800),NT AUTHORITY\\SYSTEM,0,NT AUTHORITY\\SYSTEM,1,0x8000000000000000,{5770385f-c22a-43e0-bf4c-06f5698ffbd9},4,Microsoft-Windows-Sysmon/Operational,0,"""Process Create:
RuleName: -
UtcTime: 2025-06-09 14:02:45.822
ProcessGuid: {154c2aaf-e985-6846-6500-000000001800}
ProcessId: 4468
Image: C:\Windows\System32\cmd.exe
FileVersion: 10.0.19041.4355 (WinBuild.160101.0800)
Description: Windows Command Processor
Product: Microsoft® Windows® Operating System
Company: Microsoft Corporation
OriginalFileName: Cmd.Exe
CommandLine: C:\Windows\system32\cmd.exe /c """"C:\Program Files\VMware\VMware Tools\poweron-vm-default.bat""""
CurrentDirectory: C:\Windows\system32\
User: NT AUTHORITY\SYSTEM
LogonGuid: {154c2aaf-e981-6846-e703-000000000000}
LogonId: 0x3E7
TerminalSessionId: 0
IntegrityLevel: System
Hashes: MD5=2B40C98ED0F7A1D3B091A3E8353132DC,SHA256=BADF4752413CB0CBDC03FB95820CA167F0CDC63B597CCDB5EF43111180E088B0,IMPHASH=272245E2988E1E430500B852C4FB5E18
ParentProcessGuid: {154c2aaf-e984-6846-5500-000000001800}
ParentProcessId: 3368
ParentImage: C:\Program Files\VMware\VMware Tools\vmtoolsd.exe
ParentCommandLine: ""C:\Program Files\VMware\VMware Tools\vmtoolsd.exe""
ParentUser: NT AUTHORITY\SYSTEM""",5,2025-06-09T14:02:48.6887449Z,30568,5512,DESKTOP-O7P9I53,1,3292,INFORMATION,Microsoft-Windows-Sysmon,1,false,4,Windows command prompt started by an abnormal process,"[""sysmon"",""sysmon_eid1_detections"",""windows""]",92052,windows_eventchannel, ,log,"Jun 9, 2025 @ 19:34:10.544",EventChannel,1749477850.288935,"Jun 9, 2025 @ 19:34:10.544", , ,"[""Windows Command Shell""]","[""T1059.003""]","[""Execution""]", , , , , , , , , , , , , , , , , , , , , , , , , , , , , , , , , , , , , , , , , , , , , , , , , , , , , , , , , , , , , , , , , , , , , , , , , , , , , , , , 
wazuh-alerts-4.x-2025.06.09,uKMBVZcB7NFPR1gL6DHf,1,1,192.168.254.162,DESKTOP-O7P9I53,001,hat-VMware-Virtual-Platform,updater.exe,C:\\Program Files (x86)\\Google\\GoogleUpdater\\138.0.7194.0\\updater.exe,Google Updater (x86),{154c2aaf-e986-6846-6700-000000001800},Google Updater (x86),{154c2aaf-e981-6846-e703-000000000000},"\""C:\\Program Files (x86)\\Google\\GoogleUpdater\\138.0.7194.0\\updater.exe\"" --system --windows-service --service=update-internal",{154c2aaf-e986-6846-6800-000000001800},0x3e7,4652,4700,C:\\Windows\\system32\\,2025-06-09 14:02:46.342,"MD5=A1044445F76098186DE3B146ABDA9876,SHA256=8CA4F944172F0904B4D70E40A5D61B54439109502E7E3E20D71F8A83BEAD9CE8,IMPHASH=9888642409BEC5969301F0CDEA998BD2",C:\\Program Files (x86)\\Google\\GoogleUpdater\\138.0.7194.0\\updater.exe,Google LLC,"\""C:\\Program Files (x86)\\Google\\GoogleUpdater\\138.0.7194.0\\updater.exe\"" --crash-handler --system \""--database=C:\\Program Files (x86)\\Google\\GoogleUpdater\\138.0.7194.0\\Crashpad\"" --url=https://clients2.google.com/cr/report --annotation=prod=Update4 --annotation=ver=138.0.7194.0 \""--attachment=C:\\Program Files (x86)\\Google\\GoogleUpdater\\updater.log\"" --initial-client-data=0x298,0x29c,0x2a0,0x274,0x2a4,0xe529c0,0xe529cc,0xe529d8",System,138.0.7194.0,NT AUTHORITY\\SYSTEM,0,NT AUTHORITY\\SYSTEM,1,0x8000000000000000,{5770385f-c22a-43e0-bf4c-06f5698ffbd9},4,Microsoft-Windows-Sysmon/Operational,0,"""Process Create:
RuleName: -
UtcTime: 2025-06-09 14:02:46.342
ProcessGuid: {154c2aaf-e986-6846-6800-000000001800}
ProcessId: 4700
Image: C:\Program Files (x86)\Google\GoogleUpdater\138.0.7194.0\updater.exe
FileVersion: 138.0.7194.0
Description: Google Updater (x86)
Product: Google Updater (x86)
Company: Google LLC
OriginalFileName: updater.exe
CommandLine: ""C:\Program Files (x86)\Google\GoogleUpdater\138.0.7194.0\updater.exe"" --crash-handler --system ""--database=C:\Program Files (x86)\Google\GoogleUpdater\138.0.7194.0\Crashpad"" --url=https://clients2.google.com/cr/report --annotation=prod=Update4 --annotation=ver=138.0.7194.0 ""--attachment=C:\Program Files (x86)\Google\GoogleUpdater\updater.log"" --initial-client-data=0x298,0x29c,0x2a0,0x274,0x2a4,0xe529c0,0xe529cc,0xe529d8
CurrentDirectory: C:\Windows\system32\
User: NT AUTHORITY\SYSTEM
LogonGuid: {154c2aaf-e981-6846-e703-000000000000}
LogonId: 0x3E7
TerminalSessionId: 0
IntegrityLevel: System
Hashes: MD5=A1044445F76098186DE3B146ABDA9876,SHA256=8CA4F944172F0904B4D70E40A5D61B54439109502E7E3E20D71F8A83BEAD9CE8,IMPHASH=9888642409BEC5969301F0CDEA998BD2
ParentProcessGuid: {154c2aaf-e986-6846-6700-000000001800}
ParentProcessId: 4652
ParentImage: C:\Program Files (x86)\Google\GoogleUpdater\138.0.7194.0\updater.exe
ParentCommandLine: ""C:\Program Files (x86)\Google\GoogleUpdater\138.0.7194.0\updater.exe"" --system --windows-service --service=update-internal
ParentUser: NT AUTHORITY\SYSTEM""",5,2025-06-09T14:02:48.8051062Z,30571,5512,DESKTOP-O7P9I53,1,3292,INFORMATION,Microsoft-Windows-Sysmon,27,false,5,Sysmon - Event 1: Process creation Google Updater (x86),"[""windows"",""sysmon"",""sysmon_event1""]",61603,windows_eventchannel,"{""win"":{""system"":{""providerName"":""Microsoft-Windows-Sysmon"",""providerGuid"":""{5770385f-c22a-43e0-bf4c-06f5698ffbd9}"",""eventID"":""1"",""version"":""5"",""level"":""4"",""task"":""1"",""opcode"":""0"",""keywords"":""0x8000000000000000"",""systemTime"":""2025-06-09T14:02:48.8051062Z"",""eventRecordID"":""30571"",""processID"":""3292"",""threadID"":""5512"",""channel"":""Microsoft-Windows-Sysmon/Operational"",""computer"":""DESKTOP-O7P9I53"",""severityValue"":""INFORMATION"",""message"":""\""Process Create:\r\nRuleName: -\r\nUtcTime: 2025-06-09 14:02:46.342\r\nProcessGuid: {154c2aaf-e986-6846-6800-000000001800}\r\nProcessId: 4700\r\nImage: C:\\Program Files (x86)\\Google\\GoogleUpdater\\138.0.7194.0\\updater.exe\r\nFileVersion: 138.0.7194.0\r\nDescription: Google Updater (x86)\r\nProduct: Google Updater (x86)\r\nCompany: Google LLC\r\nOriginalFileName: updater.exe\r\nCommandLine: \""C:\\Program Files (x86)\\Google\\GoogleUpdater\\138.0.7194.0\\updater.exe\"" --crash-handler --system \""--database=C:\\Program Files (x86)\\Google\\GoogleUpdater\\138.0.7194.0\\Crashpad\"" --url=https://clients2.google.com/cr/report --annotation=prod=Update4 --annotation=ver=138.0.7194.0 \""--attachment=C:\\Program Files (x86)\\Google\\GoogleUpdater\\updater.log\"" --initial-client-data=0x298,0x29c,0x2a0,0x274,0x2a4,0xe529c0,0xe529cc,0xe529d8\r\nCurrentDirectory: C:\\Windows\\system32\\\r\nUser: NT AUTHORITY\\SYSTEM\r\nLogonGuid: {154c2aaf-e981-6846-e703-000000000000}\r\nLogonId: 0x3E7\r\nTerminalSessionId: 0\r\nIntegrityLevel: System\r\nHashes: MD5=A1044445F76098186DE3B146ABDA9876,SHA256=8CA4F944172F0904B4D70E40A5D61B54439109502E7E3E20D71F8A83BEAD9CE8,IMPHASH=9888642409BEC5969301F0CDEA998BD2\r\nParentProcessGuid: {154c2aaf-e986-6846-6700-000000001800}\r\nParentProcessId: 4652\r\nParentImage: C:\\Program Files (x86)\\Google\\GoogleUpdater\\138.0.7194.0\\updater.exe\r\nParentCommandLine: \""C:\\Program Files (x86)\\Google\\GoogleUpdater\\138.0.7194.0\\updater.exe\"" --system --windows-service --service=update-internal\r\nParentUser: NT AUTHORITY\\SYSTEM\""""},""eventdata"":{""utcTime"":""2025-06-09 14:02:46.342"",""processGuid"":""{154c2aaf-e986-6846-6800-000000001800}"",""processId"":""4700"",""image"":""C:\\\\Program Files (x86)\\\\Google\\\\GoogleUpdater\\\\138.0.7194.0\\\\updater.exe"",""fileVersion"":""138.0.7194.0"",""description"":""Google Updater (x86)"",""product"":""Google Updater (x86)"",""company"":""Google LLC"",""originalFileName"":""updater.exe"",""commandLine"":""\\\""C:\\\\Program Files (x86)\\\\Google\\\\GoogleUpdater\\\\138.0.7194.0\\\\updater.exe\\\"" --crash-handler --system \\\""--database=C:\\\\Program Files (x86)\\\\Google\\\\GoogleUpdater\\\\138.0.7194.0\\\\Crashpad\\\"" --url=https://clients2.google.com/cr/report --annotation=prod=Update4 --annotation=ver=138.0.7194.0 \\\""--attachment=C:\\\\Program Files (x86)\\\\Google\\\\GoogleUpdater\\\\updater.log\\\"" --initial-client-data=0x298,0x29c,0x2a0,0x274,0x2a4,0xe529c0,0xe529cc,0xe529d8"",""currentDirectory"":""C:\\\\Windows\\\\system32\\\\"",""user"":""NT AUTHORITY\\\\SYSTEM"",""logonGuid"":""{154c2aaf-e981-6846-e703-000000000000}"",""logonId"":""0x3e7"",""terminalSessionId"":""0"",""integrityLevel"":""System"",""hashes"":""MD5=A1044445F76098186DE3B146ABDA9876,SHA256=8CA4F944172F0904B4D70E40A5D61B54439109502E7E3E20D71F8A83BEAD9CE8,IMPHASH=9888642409BEC5969301F0CDEA998BD2"",""parentProcessGuid"":""{154c2aaf-e986-6846-6700-000000001800}"",""parentProcessId"":""4652"",""parentImage"":""C:\\\\Program Files (x86)\\\\Google\\\\GoogleUpdater\\\\138.0.7194.0\\\\updater.exe"",""parentCommandLine"":""\\\""C:\\\\Program Files (x86)\\\\Google\\\\GoogleUpdater\\\\138.0.7194.0\\\\updater.exe\\\"" --system --windows-service --service=update-internal"",""parentUser"":""NT AUTHORITY\\\\SYSTEM""}}}",log,"Jun 9, 2025 @ 19:34:10.575",EventChannel,1749477850.300714,"Jun 9, 2025 @ 19:34:10.575", , , , , , , , , , , , , , , , , , , , , , , , , , , , , , , , , , , , , , , , , , , , , , , , , , , , , , , , , , , , , , , , , , , , , , , , , , , , , , , , , , , , , 
wazuh-alerts-4.x-2025.06.09,u6MBVZcB7NFPR1gL6DHf,1,1,192.168.254.162,DESKTOP-O7P9I53,001,hat-VMware-Virtual-Platform,wevtutil.exe,C:\\Windows\\System32\\wevtutil.exe,Microsoft® Windows® Operating System,{154c2aaf-e984-6846-5800-000000001800},Eventing Command Line Utility,{154c2aaf-e981-6846-e703-000000000000},"\""C:\\ProgramData\\Microsoft\\Windows Defender\\Platform\\4.18.25040.2-0\\MsMpEng.exe\""",{154c2aaf-e986-6846-6d00-000000001800},0x3e7,3528,5060,C:\\Windows\\system32\\,2025-06-09 14:02:46.872,"MD5=D4C99E01B0061D2EEA2A3EB422CDBCB8,SHA256=0B732D9AD576D1400DB44EDF3E750849AC481E9BBAA628A3914E5EEF9B7181B0,IMPHASH=1864B7EA6A87A2BBB43783BD42E11204",C:\\ProgramData\\Microsoft\\Windows Defender\\Platform\\4.18.25040.2-0\\MsMpEng.exe,Microsoft Corporation,"C:\\Windows\\system32\\wevtutil.exe uninstall-manifest \""C:\\ProgramData\\Microsoft\\Windows Defender\\Platform\\4.18.25040.2-0\\Microsoft-Antimalware-AMFilter.man\""",System,10.0.19041.5794 (WinBuild.160101.0800),NT AUTHORITY\\SYSTEM,0,NT AUTHORITY\\SYSTEM,1,0x8000000000000000,{5770385f-c22a-43e0-bf4c-06f5698ffbd9},4,Microsoft-Windows-Sysmon/Operational,0,"""Process Create:
RuleName: -
UtcTime: 2025-06-09 14:02:46.872
ProcessGuid: {154c2aaf-e986-6846-6d00-000000001800}
ProcessId: 5060
Image: C:\Windows\System32\wevtutil.exe
FileVersion: 10.0.19041.5794 (WinBuild.160101.0800)
Description: Eventing Command Line Utility
Product: Microsoft® Windows® Operating System
Company: Microsoft Corporation
OriginalFileName: wevtutil.exe
CommandLine: C:\Windows\system32\wevtutil.exe uninstall-manifest ""C:\ProgramData\Microsoft\Windows Defender\Platform\4.18.25040.2-0\Microsoft-Antimalware-AMFilter.man""
CurrentDirectory: C:\Windows\system32\
User: NT AUTHORITY\SYSTEM
LogonGuid: {154c2aaf-e981-6846-e703-000000000000}
LogonId: 0x3E7
TerminalSessionId: 0
IntegrityLevel: System
Hashes: MD5=D4C99E01B0061D2EEA2A3EB422CDBCB8,SHA256=0B732D9AD576D1400DB44EDF3E750849AC481E9BBAA628A3914E5EEF9B7181B0,IMPHASH=1864B7EA6A87A2BBB43783BD42E11204
ParentProcessGuid: {154c2aaf-e984-6846-5800-000000001800}
ParentProcessId: 3528
ParentImage: C:\ProgramData\Microsoft\Windows Defender\Platform\4.18.25040.2-0\MsMpEng.exe
ParentCommandLine: ""C:\ProgramData\Microsoft\Windows Defender\Platform\4.18.25040.2-0\MsMpEng.exe""
ParentUser: NT AUTHORITY\SYSTEM""",5,2025-06-09T14:02:48.8476383Z,30575,5512,DESKTOP-O7P9I53,1,3292,INFORMATION,Microsoft-Windows-Sysmon,28,false,5,Sysmon - Event 1: Process creation Eventing Command Line Utility,"[""windows"",""sysmon"",""sysmon_event1""]",61603,windows_eventchannel,"{""win"":{""system"":{""providerName"":""Microsoft-Windows-Sysmon"",""providerGuid"":""{5770385f-c22a-43e0-bf4c-06f5698ffbd9}"",""eventID"":""1"",""version"":""5"",""level"":""4"",""task"":""1"",""opcode"":""0"",""keywords"":""0x8000000000000000"",""systemTime"":""2025-06-09T14:02:48.8476383Z"",""eventRecordID"":""30575"",""processID"":""3292"",""threadID"":""5512"",""channel"":""Microsoft-Windows-Sysmon/Operational"",""computer"":""DESKTOP-O7P9I53"",""severityValue"":""INFORMATION"",""message"":""\""Process Create:\r\nRuleName: -\r\nUtcTime: 2025-06-09 14:02:46.872\r\nProcessGuid: {154c2aaf-e986-6846-6d00-000000001800}\r\nProcessId: 5060\r\nImage: C:\\Windows\\System32\\wevtutil.exe\r\nFileVersion: 10.0.19041.5794 (WinBuild.160101.0800)\r\nDescription: Eventing Command Line Utility\r\nProduct: Microsoft® Windows® Operating System\r\nCompany: Microsoft Corporation\r\nOriginalFileName: wevtutil.exe\r\nCommandLine: C:\\Windows\\system32\\wevtutil.exe uninstall-manifest \""C:\\ProgramData\\Microsoft\\Windows Defender\\Platform\\4.18.25040.2-0\\Microsoft-Antimalware-AMFilter.man\""\r\nCurrentDirectory: C:\\Windows\\system32\\\r\nUser: NT AUTHORITY\\SYSTEM\r\nLogonGuid: {154c2aaf-e981-6846-e703-000000000000}\r\nLogonId: 0x3E7\r\nTerminalSessionId: 0\r\nIntegrityLevel: System\r\nHashes: MD5=D4C99E01B0061D2EEA2A3EB422CDBCB8,SHA256=0B732D9AD576D1400DB44EDF3E750849AC481E9BBAA628A3914E5EEF9B7181B0,IMPHASH=1864B7EA6A87A2BBB43783BD42E11204\r\nParentProcessGuid: {154c2aaf-e984-6846-5800-000000001800}\r\nParentProcessId: 3528\r\nParentImage: C:\\ProgramData\\Microsoft\\Windows Defender\\Platform\\4.18.25040.2-0\\MsMpEng.exe\r\nParentCommandLine: \""C:\\ProgramData\\Microsoft\\Windows Defender\\Platform\\4.18.25040.2-0\\MsMpEng.exe\""\r\nParentUser: NT AUTHORITY\\SYSTEM\""""},""eventdata"":{""utcTime"":""2025-06-09 14:02:46.872"",""processGuid"":""{154c2aaf-e986-6846-6d00-000000001800}"",""processId"":""5060"",""image"":""C:\\\\Windows\\\\System32\\\\wevtutil.exe"",""fileVersion"":""10.0.19041.5794 (WinBuild.160101.0800)"",""description"":""Eventing Command Line Utility"",""product"":""Microsoft® Windows® Operating System"",""company"":""Microsoft Corporation"",""originalFileName"":""wevtutil.exe"",""commandLine"":""C:\\\\Windows\\\\system32\\\\wevtutil.exe uninstall-manifest \\\""C:\\\\ProgramData\\\\Microsoft\\\\Windows Defender\\\\Platform\\\\4.18.25040.2-0\\\\Microsoft-Antimalware-AMFilter.man\\\"""",""currentDirectory"":""C:\\\\Windows\\\\system32\\\\"",""user"":""NT AUTHORITY\\\\SYSTEM"",""logonGuid"":""{154c2aaf-e981-6846-e703-000000000000}"",""logonId"":""0x3e7"",""terminalSessionId"":""0"",""integrityLevel"":""System"",""hashes"":""MD5=D4C99E01B0061D2EEA2A3EB422CDBCB8,SHA256=0B732D9AD576D1400DB44EDF3E750849AC481E9BBAA628A3914E5EEF9B7181B0,IMPHASH=1864B7EA6A87A2BBB43783BD42E11204"",""parentProcessGuid"":""{154c2aaf-e984-6846-5800-000000001800}"",""parentProcessId"":""3528"",""parentImage"":""C:\\\\ProgramData\\\\Microsoft\\\\Windows Defender\\\\Platform\\\\4.18.25040.2-0\\\\MsMpEng.exe"",""parentCommandLine"":""\\\""C:\\\\ProgramData\\\\Microsoft\\\\Windows Defender\\\\Platform\\\\4.18.25040.2-0\\\\MsMpEng.exe\\\"""",""parentUser"":""NT AUTHORITY\\\\SYSTEM""}}}",log,"Jun 9, 2025 @ 19:34:10.643",EventChannel,1749477850.316697,"Jun 9, 2025 @ 19:34:10.643", , , , , , , , , , , , , , , , , , , , , , , , , , , , , , , , , , , , , , , , , , , , , , , , , , , , , , , , , , , , , , , , , , , , , , , , , , , , , , , , , , , , , 
