wazuh-alerts-4.x-2025.06.09,gOADVZcBD7y1GXNG34Yb,1,1,192.168.254.162,DESKTOP-O7P9I53,001,hat-VMware-Virtual-Platform,setup.exe,C:\\Program Files (x86)\\Microsoft\\EdgeUpdate\\Install\\{98BF926B-54C2-461A-9855-EA9671B54B57}\\EDGEMITMP_B97F5.tmp\\setup.exe,Microsoft Edge Installer,{154c2aaf-ea46-6846-4501-000000001800},Microsoft Edge Installer,{154c2aaf-e981-6846-e703-000000000000},"\""C:\\Program Files (x86)\\Microsoft\\EdgeUpdate\\Install\\{98BF926B-54C2-461A-9855-EA9671B54B57}\\EDGEMITMP_B97F5.tmp\\setup.exe\"" --install-archive=\""C:\\Program Files (x86)\\Microsoft\\EdgeUpdate\\Install\\{98BF926B-54C2-461A-9855-EA9671B54B57}\\MicrosoftEdge_X64_137.0.3296.68_137.0.3296.62.exe\"" --previous-version=\""137.0.3296.62\"" --msedge --verbose-logging --do-not-launch-msedge --system-level --channel=stable",{154c2aaf-ea70-6846-5001-000000001800},0x3e7,2588,1488,C:\\Program Files (x86)\\Microsoft\\EdgeUpdate\\1.3.195.61\\,2025-06-09 14:06:40.235,"MD5=F8B8278BD510843E63F2D9587341453F,SHA256=5FCA37C5BDC26814E4D16DDF14C6F6CBFED239751AA363158F504513B2A3E726,IMPHASH=FEAAA161935B3C215BB6530DC11DB019",C:\\Program Files (x86)\\Microsoft\\EdgeUpdate\\Install\\{98BF926B-54C2-461A-9855-EA9671B54B57}\\EDGEMITMP_B97F5.tmp\\setup.exe,Microsoft Corporation,"\""C:\\Program Files (x86)\\Microsoft\\EdgeUpdate\\Install\\{98BF926B-54C2-461A-9855-EA9671B54B57}\\EDGEMITMP_B97F5.tmp\\setup.exe\"" --msedge --channel=stable --system-level --verbose-logging --create-shortcuts=2 --install-level=1",System,137.0.3296.68,NT AUTHORITY\\SYSTEM,0,NT AUTHORITY\\SYSTEM,1,0x8000000000000000,{5770385f-c22a-43e0-bf4c-06f5698ffbd9},4,Microsoft-Windows-Sysmon/Operational,0,"""Process Create:
RuleName: -
UtcTime: 2025-06-09 14:06:40.235
ProcessGuid: {154c2aaf-ea70-6846-5001-000000001800}
ProcessId: 1488
Image: C:\Program Files (x86)\Microsoft\EdgeUpdate\Install\{98BF926B-54C2-461A-9855-EA9671B54B57}\EDGEMITMP_B97F5.tmp\setup.exe
FileVersion: 137.0.3296.68
Description: Microsoft Edge Installer
Product: Microsoft Edge Installer
Company: Microsoft Corporation
OriginalFileName: setup.exe
CommandLine: ""C:\Program Files (x86)\Microsoft\EdgeUpdate\Install\{98BF926B-54C2-461A-9855-EA9671B54B57}\EDGEMITMP_B97F5.tmp\setup.exe"" --msedge --channel=stable --system-level --verbose-logging --create-shortcuts=2 --install-level=1
CurrentDirectory: C:\Program Files (x86)\Microsoft\EdgeUpdate\1.3.195.61\
User: NT AUTHORITY\SYSTEM
LogonGuid: {154c2aaf-e981-6846-e703-000000000000}
LogonId: 0x3E7
TerminalSessionId: 0
IntegrityLevel: System
Hashes: MD5=F8B8278BD510843E63F2D9587341453F,SHA256=5FCA37C5BDC26814E4D16DDF14C6F6CBFED239751AA363158F504513B2A3E726,IMPHASH=FEAAA161935B3C215BB6530DC11DB019
ParentProcessGuid: {154c2aaf-ea46-6846-4501-000000001800}
ParentProcessId: 2588
ParentImage: C:\Program Files (x86)\Microsoft\EdgeUpdate\Install\{98BF926B-54C2-461A-9855-EA9671B54B57}\EDGEMITMP_B97F5.tmp\setup.exe
ParentCommandLine: ""C:\Program Files (x86)\Microsoft\EdgeUpdate\Install\{98BF926B-54C2-461A-9855-EA9671B54B57}\EDGEMITMP_B97F5.tmp\setup.exe"" --install-archive=""C:\Program Files (x86)\Microsoft\EdgeUpdate\Install\{98BF926B-54C2-461A-9855-EA9671B54B57}\MicrosoftEdge_X64_137.0.3296.68_137.0.3296.62.exe"" --previous-version=""137.0.3296.62"" --msedge --verbose-logging --do-not-launch-msedge --system-level --channel=stable
ParentUser: NT AUTHORITY\SYSTEM""",5,2025-06-09T14:06:40.2390415Z,31041,5512,DESKTOP-O7P9I53,1,3292,INFORMATION,Microsoft-Windows-Sysmon,30,false,5,Sysmon - Event 1: Process creation Microsoft Edge Installer,"[""windows"",""sysmon"",""sysmon_event1""]",61603,windows_eventchannel,"{""win"":{""system"":{""providerName"":""Microsoft-Windows-Sysmon"",""providerGuid"":""{5770385f-c22a-43e0-bf4c-06f5698ffbd9}"",""eventID"":""1"",""version"":""5"",""level"":""4"",""task"":""1"",""opcode"":""0"",""keywords"":""0x8000000000000000"",""systemTime"":""2025-06-09T14:06:40.2390415Z"",""eventRecordID"":""31041"",""processID"":""3292"",""threadID"":""5512"",""channel"":""Microsoft-Windows-Sysmon/Operational"",""computer"":""DESKTOP-O7P9I53"",""severityValue"":""INFORMATION"",""message"":""\""Process Create:\r\nRuleName: -\r\nUtcTime: 2025-06-09 14:06:40.235\r\nProcessGuid: {154c2aaf-ea70-6846-5001-000000001800}\r\nProcessId: 1488\r\nImage: C:\\Program Files (x86)\\Microsoft\\EdgeUpdate\\Install\\{98BF926B-54C2-461A-9855-EA9671B54B57}\\EDGEMITMP_B97F5.tmp\\setup.exe\r\nFileVersion: 137.0.3296.68\r\nDescription: Microsoft Edge Installer\r\nProduct: Microsoft Edge Installer\r\nCompany: Microsoft Corporation\r\nOriginalFileName: setup.exe\r\nCommandLine: \""C:\\Program Files (x86)\\Microsoft\\EdgeUpdate\\Install\\{98BF926B-54C2-461A-9855-EA9671B54B57}\\EDGEMITMP_B97F5.tmp\\setup.exe\"" --msedge --channel=stable --system-level --verbose-logging --create-shortcuts=2 --install-level=1\r\nCurrentDirectory: C:\\Program Files (x86)\\Microsoft\\EdgeUpdate\\1.3.195.61\\\r\nUser: NT AUTHORITY\\SYSTEM\r\nLogonGuid: {154c2aaf-e981-6846-e703-000000000000}\r\nLogonId: 0x3E7\r\nTerminalSessionId: 0\r\nIntegrityLevel: System\r\nHashes: MD5=F8B8278BD510843E63F2D9587341453F,SHA256=5FCA37C5BDC26814E4D16DDF14C6F6CBFED239751AA363158F504513B2A3E726,IMPHASH=FEAAA161935B3C215BB6530DC11DB019\r\nParentProcessGuid: {154c2aaf-ea46-6846-4501-000000001800}\r\nParentProcessId: 2588\r\nParentImage: C:\\Program Files (x86)\\Microsoft\\EdgeUpdate\\Install\\{98BF926B-54C2-461A-9855-EA9671B54B57}\\EDGEMITMP_B97F5.tmp\\setup.exe\r\nParentCommandLine: \""C:\\Program Files (x86)\\Microsoft\\EdgeUpdate\\Install\\{98BF926B-54C2-461A-9855-EA9671B54B57}\\EDGEMITMP_B97F5.tmp\\setup.exe\"" --install-archive=\""C:\\Program Files (x86)\\Microsoft\\EdgeUpdate\\Install\\{98BF926B-54C2-461A-9855-EA9671B54B57}\\MicrosoftEdge_X64_137.0.3296.68_137.0.3296.62.exe\"" --previous-version=\""137.0.3296.62\"" --msedge --verbose-logging --do-not-launch-msedge --system-level --channel=stable\r\nParentUser: NT AUTHORITY\\SYSTEM\""""},""eventdata"":{""utcTime"":""2025-06-09 14:06:40.235"",""processGuid"":""{154c2aaf-ea70-6846-5001-000000001800}"",""processId"":""1488"",""image"":""C:\\\\Program Files (x86)\\\\Microsoft\\\\EdgeUpdate\\\\Install\\\\{98BF926B-54C2-461A-9855-EA9671B54B57}\\\\EDGEMITMP_B97F5.tmp\\\\setup.exe"",""fileVersion"":""137.0.3296.68"",""description"":""Microsoft Edge Installer"",""product"":""Microsoft Edge Installer"",""company"":""Microsoft Corporation"",""originalFileName"":""setup.exe"",""commandLine"":""\\\""C:\\\\Program Files (x86)\\\\Microsoft\\\\EdgeUpdate\\\\Install\\\\{98BF926B-54C2-461A-9855-EA9671B54B57}\\\\EDGEMITMP_B97F5.tmp\\\\setup.exe\\\"" --msedge --channel=stable --system-level --verbose-logging --create-shortcuts=2 --install-level=1"",""currentDirectory"":""C:\\\\Program Files (x86)\\\\Microsoft\\\\EdgeUpdate\\\\1.3.195.61\\\\"",""user"":""NT AUTHORITY\\\\SYSTEM"",""logonGuid"":""{154c2aaf-e981-6846-e703-000000000000}"",""logonId"":""0x3e7"",""terminalSessionId"":""0"",""integrityLevel"":""System"",""hashes"":""MD5=F8B8278BD510843E63F2D9587341453F,SHA256=5FCA37C5BDC26814E4D16DDF14C6F6CBFED239751AA363158F504513B2A3E726,IMPHASH=FEAAA161935B3C215BB6530DC11DB019"",""parentProcessGuid"":""{154c2aaf-ea46-6846-4501-000000001800}"",""parentProcessId"":""2588"",""parentImage"":""C:\\\\Program Files (x86)\\\\Microsoft\\\\EdgeUpdate\\\\Install\\\\{98BF926B-54C2-461A-9855-EA9671B54B57}\\\\EDGEMITMP_B97F5.tmp\\\\setup.exe"",""parentCommandLine"":""\\\""C:\\\\Program Files (x86)\\\\Microsoft\\\\EdgeUpdate\\\\Install\\\\{98BF926B-54C2-461A-9855-EA9671B54B57}\\\\EDGEMITMP_B97F5.tmp\\\\setup.exe\\\"" --install-archive=\\\""C:\\\\Program Files (x86)\\\\Microsoft\\\\EdgeUpdate\\\\Install\\\\{98BF926B-54C2-461A-9855-EA9671B54B57}\\\\MicrosoftEdge_X64_137.0.3296.68_137.0.3296.62.exe\\\"" --previous-version=\\\""137.0.3296.62\\\"" --msedge --verbose-logging --do-not-launch-msedge --system-level --channel=stable"",""parentUser"":""NT AUTHORITY\\\\SYSTEM""}}}",log,"Jun 9, 2025 @ 19:36:40.883",EventChannel,1749478000.1993008,"Jun 9, 2025 @ 19:36:40.883", , , , , , , , , , , , , , , , , , , , , , , , , , , , , , , , , , , , , , , , , , , , , , , , , , , , , , , , , , , , , , , , , , , , , , , , , , , , , , , , , , , , , 
wazuh-alerts-4.x-2025.06.09,guADVZcBD7y1GXNG34af,1,1,192.168.254.162,DESKTOP-O7P9I53,001,hat-VMware-Virtual-Platform, ,C:\\Program Files (x86)\\Microsoft\\EdgeUpdate\\Install\\{98BF926B-54C2-461A-9855-EA9671B54B57}\\EDGEMITMP_B97F5.tmp\\setup.exe, , , , , ,{154c2aaf-ea46-6846-4501-000000001800}, , ,2588, ,2025-06-09 14:06:40.499, , , , , , ,NT AUTHORITY\\SYSTEM, , ,13,0x8000000000000000,{5770385f-c22a-43e0-bf4c-06f5698ffbd9},4,Microsoft-Windows-Sysmon/Operational,0,"""Registry value set:
RuleName: T1042
EventType: SetValue
UtcTime: 2025-06-09 14:06:40.499
ProcessGuid: {154c2aaf-ea46-6846-4501-000000001800}
ProcessId: 2588
Image: C:\Program Files (x86)\Microsoft\EdgeUpdate\Install\{98BF926B-54C2-461A-9855-EA9671B54B57}\EDGEMITMP_B97F5.tmp\setup.exe
TargetObject: HKCR\microsoft-edge\shell\open\command\(Default)
Details: ""C:\Program Files (x86)\Microsoft\Edge\Application\msedge.exe"" ""Incorrect function.""
User: NT AUTHORITY\SYSTEM""",2,2025-06-09T14:06:40.5111583Z,31044,5512,DESKTOP-O7P9I53,13,3292,INFORMATION,Microsoft-Windows-Sysmon,228,false,5,Sysmon - Event 13: RegistryEvent SetValue on HKCR\\microsoft-edge\\shell\\open\\command\\(Default) by C:\\Program Files (x86)\\Microsoft\\EdgeUpdate\\Install\\{98BF926B-54C2-461A-9855-EA9671B54B57}\\EDGEMITMP_B97F5.tmp\\setup.exe,"[""windows"",""sysmon"",""sysmon_event_13""]",61615,windows_eventchannel,"{""win"":{""system"":{""providerName"":""Microsoft-Windows-Sysmon"",""providerGuid"":""{5770385f-c22a-43e0-bf4c-06f5698ffbd9}"",""eventID"":""13"",""version"":""2"",""level"":""4"",""task"":""13"",""opcode"":""0"",""keywords"":""0x8000000000000000"",""systemTime"":""2025-06-09T14:06:40.5111583Z"",""eventRecordID"":""31044"",""processID"":""3292"",""threadID"":""5512"",""channel"":""Microsoft-Windows-Sysmon/Operational"",""computer"":""DESKTOP-O7P9I53"",""severityValue"":""INFORMATION"",""message"":""\""Registry value set:\r\nRuleName: T1042\r\nEventType: SetValue\r\nUtcTime: 2025-06-09 14:06:40.499\r\nProcessGuid: {154c2aaf-ea46-6846-4501-000000001800}\r\nProcessId: 2588\r\nImage: C:\\Program Files (x86)\\Microsoft\\EdgeUpdate\\Install\\{98BF926B-54C2-461A-9855-EA9671B54B57}\\EDGEMITMP_B97F5.tmp\\setup.exe\r\nTargetObject: HKCR\\microsoft-edge\\shell\\open\\command\\(Default)\r\nDetails: \""C:\\Program Files (x86)\\Microsoft\\Edge\\Application\\msedge.exe\"" \""Incorrect function.\""\r\nUser: NT AUTHORITY\\SYSTEM\""""},""eventdata"":{""ruleName"":""T1042"",""eventType"":""SetValue"",""utcTime"":""2025-06-09 14:06:40.499"",""processGuid"":""{154c2aaf-ea46-6846-4501-000000001800}"",""processId"":""2588"",""image"":""C:\\\\Program Files (x86)\\\\Microsoft\\\\EdgeUpdate\\\\Install\\\\{98BF926B-54C2-461A-9855-EA9671B54B57}\\\\EDGEMITMP_B97F5.tmp\\\\setup.exe"",""targetObject"":""HKCR\\\\microsoft-edge\\\\shell\\\\open\\\\command\\\\(Default)"",""details"":""\\\""C:\\\\Program Files (x86)\\\\Microsoft\\\\Edge\\\\Application\\\\msedge.exe\\\"" \\\""%%1\\\"""",""user"":""NT AUTHORITY\\\\SYSTEM""}}}",log,"Jun 9, 2025 @ 19:36:41.818",EventChannel,1749478001.2011278,"Jun 9, 2025 @ 19:36:41.818", , , , , , , , , , , , , , , , , , , , , , , , , , , , , , , , , , , , , , , , , , , , , , , , , , , ,HKCR\\microsoft-edge\\shell\\open\\command\\(Default),T1042,"\""C:\\Program Files (x86)\\Microsoft\\Edge\\Application\\msedge.exe\"" \""%%1\""",SetValue, , , , , , , , , , , , , , , , , , , , , , , , , , , , , , 
wazuh-alerts-4.x-2025.06.09,huADVZcBD7y1GXNG34af,1,1,192.168.254.162,DESKTOP-O7P9I53,001,hat-VMware-Virtual-Platform, ,C:\\Program Files (x86)\\Microsoft\\EdgeUpdate\\Install\\{98BF926B-54C2-461A-9855-EA9671B54B57}\\EDGEMITMP_B97F5.tmp\\setup.exe, , , , , ,{154c2aaf-ea46-6846-4501-000000001800}, , ,2588, ,2025-06-09 14:06:40.530, , , , , , ,NT AUTHORITY\\SYSTEM, , ,13,0x8000000000000000,{5770385f-c22a-43e0-bf4c-06f5698ffbd9},4,Microsoft-Windows-Sysmon/Operational,0,"""Registry value set:
RuleName: T1042
EventType: SetValue
UtcTime: 2025-06-09 14:06:40.530
ProcessGuid: {154c2aaf-ea46-6846-4501-000000001800}
ProcessId: 2588
Image: C:\Program Files (x86)\Microsoft\EdgeUpdate\Install\{98BF926B-54C2-461A-9855-EA9671B54B57}\EDGEMITMP_B97F5.tmp\setup.exe
TargetObject: HKCR\MSEdgePDF\shell\runas\command\(Default)
Details: ""C:\Program Files (x86)\Microsoft\Edge\Application\msedge.exe"" --do-not-de-elevate --single-argument Incorrect function.
User: NT AUTHORITY\SYSTEM""",2,2025-06-09T14:06:40.5342380Z,31048,5512,DESKTOP-O7P9I53,13,3292,INFORMATION,Microsoft-Windows-Sysmon,232,false,5,Sysmon - Event 13: RegistryEvent SetValue on HKCR\\MSEdgePDF\\shell\\runas\\command\\(Default) by C:\\Program Files (x86)\\Microsoft\\EdgeUpdate\\Install\\{98BF926B-54C2-461A-9855-EA9671B54B57}\\EDGEMITMP_B97F5.tmp\\setup.exe,"[""windows"",""sysmon"",""sysmon_event_13""]",61615,windows_eventchannel,"{""win"":{""system"":{""providerName"":""Microsoft-Windows-Sysmon"",""providerGuid"":""{5770385f-c22a-43e0-bf4c-06f5698ffbd9}"",""eventID"":""13"",""version"":""2"",""level"":""4"",""task"":""13"",""opcode"":""0"",""keywords"":""0x8000000000000000"",""systemTime"":""2025-06-09T14:06:40.5342380Z"",""eventRecordID"":""31048"",""processID"":""3292"",""threadID"":""5512"",""channel"":""Microsoft-Windows-Sysmon/Operational"",""computer"":""DESKTOP-O7P9I53"",""severityValue"":""INFORMATION"",""message"":""\""Registry value set:\r\nRuleName: T1042\r\nEventType: SetValue\r\nUtcTime: 2025-06-09 14:06:40.530\r\nProcessGuid: {154c2aaf-ea46-6846-4501-000000001800}\r\nProcessId: 2588\r\nImage: C:\\Program Files (x86)\\Microsoft\\EdgeUpdate\\Install\\{98BF926B-54C2-461A-9855-EA9671B54B57}\\EDGEMITMP_B97F5.tmp\\setup.exe\r\nTargetObject: HKCR\\MSEdgePDF\\shell\\runas\\command\\(Default)\r\nDetails: \""C:\\Program Files (x86)\\Microsoft\\Edge\\Application\\msedge.exe\"" --do-not-de-elevate --single-argument Incorrect function.\r\nUser: NT AUTHORITY\\SYSTEM\""""},""eventdata"":{""ruleName"":""T1042"",""eventType"":""SetValue"",""utcTime"":""2025-06-09 14:06:40.530"",""processGuid"":""{154c2aaf-ea46-6846-4501-000000001800}"",""processId"":""2588"",""image"":""C:\\\\Program Files (x86)\\\\Microsoft\\\\EdgeUpdate\\\\Install\\\\{98BF926B-54C2-461A-9855-EA9671B54B57}\\\\EDGEMITMP_B97F5.tmp\\\\setup.exe"",""targetObject"":""HKCR\\\\MSEdgePDF\\\\shell\\\\runas\\\\command\\\\(Default)"",""details"":""\\\""C:\\\\Program Files (x86)\\\\Microsoft\\\\Edge\\\\Application\\\\msedge.exe\\\"" --do-not-de-elevate --single-argument %%1"",""user"":""NT AUTHORITY\\\\SYSTEM""}}}",log,"Jun 9, 2025 @ 19:36:41.891",EventChannel,1749478001.2025402,"Jun 9, 2025 @ 19:36:41.891", , , , , , , , , , , , , , , , , , , , , , , , , , , , , , , , , , , , , , , , , , , , , , , , , , , ,HKCR\\MSEdgePDF\\shell\\runas\\command\\(Default),T1042,"\""C:\\Program Files (x86)\\Microsoft\\Edge\\Application\\msedge.exe\"" --do-not-de-elevate --single-argument %%1",SetValue, , , , , , , , , , , , , , , , , , , , , , , , , , , , , , 
wazuh-alerts-4.x-2025.06.09,h-ADVZcBD7y1GXNG34af,1,1,192.168.254.162,DESKTOP-O7P9I53,001,hat-VMware-Virtual-Platform, ,C:\\Program Files (x86)\\Microsoft\\EdgeUpdate\\Install\\{98BF926B-54C2-461A-9855-EA9671B54B57}\\EDGEMITMP_B97F5.tmp\\setup.exe, , , , , ,{154c2aaf-ea46-6846-4501-000000001800}, , ,2588, ,2025-06-09 14:06:40.530, , , , , , ,NT AUTHORITY\\SYSTEM, , ,13,0x8000000000000000,{5770385f-c22a-43e0-bf4c-06f5698ffbd9},4,Microsoft-Windows-Sysmon/Operational,0,"""Registry value set:
RuleName: T1042
EventType: SetValue
UtcTime: 2025-06-09 14:06:40.530
ProcessGuid: {154c2aaf-ea46-6846-4501-000000001800}
ProcessId: 2588
Image: C:\Program Files (x86)\Microsoft\EdgeUpdate\Install\{98BF926B-54C2-461A-9855-EA9671B54B57}\EDGEMITMP_B97F5.tmp\setup.exe
TargetObject: HKCR\MSEdgeMHT\shell\open\command\(Default)
Details: ""C:\Program Files (x86)\Microsoft\Edge\Application\msedge.exe"" --single-argument Incorrect function.
User: NT AUTHORITY\SYSTEM""",2,2025-06-09T14:06:40.5393489Z,31049,5512,DESKTOP-O7P9I53,13,3292,INFORMATION,Microsoft-Windows-Sysmon,233,false,5,Sysmon - Event 13: RegistryEvent SetValue on HKCR\\MSEdgeMHT\\shell\\open\\command\\(Default) by C:\\Program Files (x86)\\Microsoft\\EdgeUpdate\\Install\\{98BF926B-54C2-461A-9855-EA9671B54B57}\\EDGEMITMP_B97F5.tmp\\setup.exe,"[""windows"",""sysmon"",""sysmon_event_13""]",61615,windows_eventchannel,"{""win"":{""system"":{""providerName"":""Microsoft-Windows-Sysmon"",""providerGuid"":""{5770385f-c22a-43e0-bf4c-06f5698ffbd9}"",""eventID"":""13"",""version"":""2"",""level"":""4"",""task"":""13"",""opcode"":""0"",""keywords"":""0x8000000000000000"",""systemTime"":""2025-06-09T14:06:40.5393489Z"",""eventRecordID"":""31049"",""processID"":""3292"",""threadID"":""5512"",""channel"":""Microsoft-Windows-Sysmon/Operational"",""computer"":""DESKTOP-O7P9I53"",""severityValue"":""INFORMATION"",""message"":""\""Registry value set:\r\nRuleName: T1042\r\nEventType: SetValue\r\nUtcTime: 2025-06-09 14:06:40.530\r\nProcessGuid: {154c2aaf-ea46-6846-4501-000000001800}\r\nProcessId: 2588\r\nImage: C:\\Program Files (x86)\\Microsoft\\EdgeUpdate\\Install\\{98BF926B-54C2-461A-9855-EA9671B54B57}\\EDGEMITMP_B97F5.tmp\\setup.exe\r\nTargetObject: HKCR\\MSEdgeMHT\\shell\\open\\command\\(Default)\r\nDetails: \""C:\\Program Files (x86)\\Microsoft\\Edge\\Application\\msedge.exe\"" --single-argument Incorrect function.\r\nUser: NT AUTHORITY\\SYSTEM\""""},""eventdata"":{""ruleName"":""T1042"",""eventType"":""SetValue"",""utcTime"":""2025-06-09 14:06:40.530"",""processGuid"":""{154c2aaf-ea46-6846-4501-000000001800}"",""processId"":""2588"",""image"":""C:\\\\Program Files (x86)\\\\Microsoft\\\\EdgeUpdate\\\\Install\\\\{98BF926B-54C2-461A-9855-EA9671B54B57}\\\\EDGEMITMP_B97F5.tmp\\\\setup.exe"",""targetObject"":""HKCR\\\\MSEdgeMHT\\\\shell\\\\open\\\\command\\\\(Default)"",""details"":""\\\""C:\\\\Program Files (x86)\\\\Microsoft\\\\Edge\\\\Application\\\\msedge.exe\\\"" --single-argument %%1"",""user"":""NT AUTHORITY\\\\SYSTEM""}}}",log,"Jun 9, 2025 @ 19:36:41.897",EventChannel,1749478001.2029004,"Jun 9, 2025 @ 19:36:41.897", , , , , , , , , , , , , , , , , , , , , , , , , , , , , , , , , , , , , , , , , , , , , , , , , , , ,HKCR\\MSEdgeMHT\\shell\\open\\command\\(Default),T1042,"\""C:\\Program Files (x86)\\Microsoft\\Edge\\Application\\msedge.exe\"" --single-argument %%1",SetValue, , , , , , , , , , , , , , , , , , , , , , , , , , , , , , 
wazuh-alerts-4.x-2025.06.09,jeADVZcBD7y1GXNG34af,1,1,192.168.254.162,DESKTOP-O7P9I53,001,hat-VMware-Virtual-Platform, ,C:\\Program Files (x86)\\Microsoft\\EdgeUpdate\\Install\\{98BF926B-54C2-461A-9855-EA9671B54B57}\\EDGEMITMP_B97F5.tmp\\setup.exe, , , , , ,{154c2aaf-ea46-6846-4501-000000001800}, , ,2588, ,2025-06-09 14:06:40.546, , , , , , ,NT AUTHORITY\\SYSTEM, , ,13,0x8000000000000000,{5770385f-c22a-43e0-bf4c-06f5698ffbd9},4,Microsoft-Windows-Sysmon/Operational,0,"""Registry value set:
RuleName: T1042
EventType: SetValue
UtcTime: 2025-06-09 14:06:40.546
ProcessGuid: {154c2aaf-ea46-6846-4501-000000001800}
ProcessId: 2588
Image: C:\Program Files (x86)\Microsoft\EdgeUpdate\Install\{98BF926B-54C2-461A-9855-EA9671B54B57}\EDGEMITMP_B97F5.tmp\setup.exe
TargetObject: HKLM\SOFTWARE\Clients\StartMenuInternet\Microsoft Edge\shell\open\command\(Default)
Details: ""C:\Program Files (x86)\Microsoft\Edge\Application\msedge.exe""
User: NT AUTHORITY\SYSTEM""",2,2025-06-09T14:06:40.5548067Z,31055,5512,DESKTOP-O7P9I53,13,3292,INFORMATION,Microsoft-Windows-Sysmon,239,false,5,Sysmon - Event 13: RegistryEvent SetValue on HKLM\\SOFTWARE\\Clients\\StartMenuInternet\\Microsoft Edge\\shell\\open\\command\\(Default) by C:\\Program Files (x86)\\Microsoft\\EdgeUpdate\\Install\\{98BF926B-54C2-461A-9855-EA9671B54B57}\\EDGEMITMP_B97F5.tmp\\setup.exe,"[""windows"",""sysmon"",""sysmon_event_13""]",61615,windows_eventchannel,"{""win"":{""system"":{""providerName"":""Microsoft-Windows-Sysmon"",""providerGuid"":""{5770385f-c22a-43e0-bf4c-06f5698ffbd9}"",""eventID"":""13"",""version"":""2"",""level"":""4"",""task"":""13"",""opcode"":""0"",""keywords"":""0x8000000000000000"",""systemTime"":""2025-06-09T14:06:40.5548067Z"",""eventRecordID"":""31055"",""processID"":""3292"",""threadID"":""5512"",""channel"":""Microsoft-Windows-Sysmon/Operational"",""computer"":""DESKTOP-O7P9I53"",""severityValue"":""INFORMATION"",""message"":""\""Registry value set:\r\nRuleName: T1042\r\nEventType: SetValue\r\nUtcTime: 2025-06-09 14:06:40.546\r\nProcessGuid: {154c2aaf-ea46-6846-4501-000000001800}\r\nProcessId: 2588\r\nImage: C:\\Program Files (x86)\\Microsoft\\EdgeUpdate\\Install\\{98BF926B-54C2-461A-9855-EA9671B54B57}\\EDGEMITMP_B97F5.tmp\\setup.exe\r\nTargetObject: HKLM\\SOFTWARE\\Clients\\StartMenuInternet\\Microsoft Edge\\shell\\open\\command\\(Default)\r\nDetails: \""C:\\Program Files (x86)\\Microsoft\\Edge\\Application\\msedge.exe\""\r\nUser: NT AUTHORITY\\SYSTEM\""""},""eventdata"":{""ruleName"":""T1042"",""eventType"":""SetValue"",""utcTime"":""2025-06-09 14:06:40.546"",""processGuid"":""{154c2aaf-ea46-6846-4501-000000001800}"",""processId"":""2588"",""image"":""C:\\\\Program Files (x86)\\\\Microsoft\\\\EdgeUpdate\\\\Install\\\\{98BF926B-54C2-461A-9855-EA9671B54B57}\\\\EDGEMITMP_B97F5.tmp\\\\setup.exe"",""targetObject"":""HKLM\\\\SOFTWARE\\\\Clients\\\\StartMenuInternet\\\\Microsoft Edge\\\\shell\\\\open\\\\command\\\\(Default)"",""details"":""\\\""C:\\\\Program Files (x86)\\\\Microsoft\\\\Edge\\\\Application\\\\msedge.exe\\\"""",""user"":""NT AUTHORITY\\\\SYSTEM""}}}",log,"Jun 9, 2025 @ 19:36:41.991",EventChannel,1749478001.2049748,"Jun 9, 2025 @ 19:36:41.991", , , , , , , , , , , , , , , , , , , , , , , , , , , , , , , , , , , , , , , , , , , , , , , , , , , ,HKLM\\SOFTWARE\\Clients\\StartMenuInternet\\Microsoft Edge\\shell\\open\\command\\(Default),T1042,"\""C:\\Program Files (x86)\\Microsoft\\Edge\\Application\\msedge.exe\""",SetValue, , , , , , , , , , , , , , , , , , , , , , , , , , , , , , 
wazuh-alerts-4.x-2025.06.09,juADVZcBD7y1GXNG34af,1,1,192.168.254.162,DESKTOP-O7P9I53,001,hat-VMware-Virtual-Platform,setup.exe,C:\\Program Files (x86)\\Microsoft\\Edge\\Application\\137.0.3296.68\\Installer\\setup.exe,Microsoft Edge Installer,{154c2aaf-ea46-6846-4501-000000001800},Microsoft Edge Installer,{154c2aaf-e981-6846-e703-000000000000},"\""C:\\Program Files (x86)\\Microsoft\\EdgeUpdate\\Install\\{98BF926B-54C2-461A-9855-EA9671B54B57}\\EDGEMITMP_B97F5.tmp\\setup.exe\"" --install-archive=\""C:\\Program Files (x86)\\Microsoft\\EdgeUpdate\\Install\\{98BF926B-54C2-461A-9855-EA9671B54B57}\\MicrosoftEdge_X64_137.0.3296.68_137.0.3296.62.exe\"" --previous-version=\""137.0.3296.62\"" --msedge --verbose-logging --do-not-launch-msedge --system-level --channel=stable",{154c2aaf-ea70-6846-5201-000000001800},0x3e7,2588,3860,C:\\Program Files (x86)\\Microsoft\\Edge\\Application\\137.0.3296.68\\Installer\\,2025-06-09 14:06:40.691,"MD5=F8B8278BD510843E63F2D9587341453F,SHA256=5FCA37C5BDC26814E4D16DDF14C6F6CBFED239751AA363158F504513B2A3E726,IMPHASH=FEAAA161935B3C215BB6530DC11DB019",C:\\Program Files (x86)\\Microsoft\\EdgeUpdate\\Install\\{98BF926B-54C2-461A-9855-EA9671B54B57}\\EDGEMITMP_B97F5.tmp\\setup.exe,Microsoft Corporation,"\""C:\\Program Files (x86)\\Microsoft\\Edge\\Application\\137.0.3296.68\\Installer\\setup.exe\"" --msedge --channel=stable --register-package-identity --verbose-logging --system-level",System,137.0.3296.68,NT AUTHORITY\\SYSTEM,0,NT AUTHORITY\\SYSTEM,1,0x8000000000000000,{5770385f-c22a-43e0-bf4c-06f5698ffbd9},4,Microsoft-Windows-Sysmon/Operational,0,"""Process Create:
RuleName: -
UtcTime: 2025-06-09 14:06:40.691
ProcessGuid: {154c2aaf-ea70-6846-5201-000000001800}
ProcessId: 3860
Image: C:\Program Files (x86)\Microsoft\Edge\Application\137.0.3296.68\Installer\setup.exe
FileVersion: 137.0.3296.68
Description: Microsoft Edge Installer
Product: Microsoft Edge Installer
Company: Microsoft Corporation
OriginalFileName: setup.exe
CommandLine: ""C:\Program Files (x86)\Microsoft\Edge\Application\137.0.3296.68\Installer\setup.exe"" --msedge --channel=stable --register-package-identity --verbose-logging --system-level
CurrentDirectory: C:\Program Files (x86)\Microsoft\Edge\Application\137.0.3296.68\Installer\
User: NT AUTHORITY\SYSTEM
LogonGuid: {154c2aaf-e981-6846-e703-000000000000}
LogonId: 0x3E7
TerminalSessionId: 0
IntegrityLevel: System
Hashes: MD5=F8B8278BD510843E63F2D9587341453F,SHA256=5FCA37C5BDC26814E4D16DDF14C6F6CBFED239751AA363158F504513B2A3E726,IMPHASH=FEAAA161935B3C215BB6530DC11DB019
ParentProcessGuid: {154c2aaf-ea46-6846-4501-000000001800}
ParentProcessId: 2588
ParentImage: C:\Program Files (x86)\Microsoft\EdgeUpdate\Install\{98BF926B-54C2-461A-9855-EA9671B54B57}\EDGEMITMP_B97F5.tmp\setup.exe
ParentCommandLine: ""C:\Program Files (x86)\Microsoft\EdgeUpdate\Install\{98BF926B-54C2-461A-9855-EA9671B54B57}\EDGEMITMP_B97F5.tmp\setup.exe"" --install-archive=""C:\Program Files (x86)\Microsoft\EdgeUpdate\Install\{98BF926B-54C2-461A-9855-EA9671B54B57}\MicrosoftEdge_X64_137.0.3296.68_137.0.3296.62.exe"" --previous-version=""137.0.3296.62"" --msedge --verbose-logging --do-not-launch-msedge --system-level --channel=stable
ParentUser: NT AUTHORITY\SYSTEM""",5,2025-06-09T14:06:40.7152707Z,31056,5512,DESKTOP-O7P9I53,1,3292,INFORMATION,Microsoft-Windows-Sysmon,32,false,5,Sysmon - Event 1: Process creation Microsoft Edge Installer,"[""windows"",""sysmon"",""sysmon_event1""]",61603,windows_eventchannel,"{""win"":{""system"":{""providerName"":""Microsoft-Windows-Sysmon"",""providerGuid"":""{5770385f-c22a-43e0-bf4c-06f5698ffbd9}"",""eventID"":""1"",""version"":""5"",""level"":""4"",""task"":""1"",""opcode"":""0"",""keywords"":""0x8000000000000000"",""systemTime"":""2025-06-09T14:06:40.7152707Z"",""eventRecordID"":""31056"",""processID"":""3292"",""threadID"":""5512"",""channel"":""Microsoft-Windows-Sysmon/Operational"",""computer"":""DESKTOP-O7P9I53"",""severityValue"":""INFORMATION"",""message"":""\""Process Create:\r\nRuleName: -\r\nUtcTime: 2025-06-09 14:06:40.691\r\nProcessGuid: {154c2aaf-ea70-6846-5201-000000001800}\r\nProcessId: 3860\r\nImage: C:\\Program Files (x86)\\Microsoft\\Edge\\Application\\137.0.3296.68\\Installer\\setup.exe\r\nFileVersion: 137.0.3296.68\r\nDescription: Microsoft Edge Installer\r\nProduct: Microsoft Edge Installer\r\nCompany: Microsoft Corporation\r\nOriginalFileName: setup.exe\r\nCommandLine: \""C:\\Program Files (x86)\\Microsoft\\Edge\\Application\\137.0.3296.68\\Installer\\setup.exe\"" --msedge --channel=stable --register-package-identity --verbose-logging --system-level\r\nCurrentDirectory: C:\\Program Files (x86)\\Microsoft\\Edge\\Application\\137.0.3296.68\\Installer\\\r\nUser: NT AUTHORITY\\SYSTEM\r\nLogonGuid: {154c2aaf-e981-6846-e703-000000000000}\r\nLogonId: 0x3E7\r\nTerminalSessionId: 0\r\nIntegrityLevel: System\r\nHashes: MD5=F8B8278BD510843E63F2D9587341453F,SHA256=5FCA37C5BDC26814E4D16DDF14C6F6CBFED239751AA363158F504513B2A3E726,IMPHASH=FEAAA161935B3C215BB6530DC11DB019\r\nParentProcessGuid: {154c2aaf-ea46-6846-4501-000000001800}\r\nParentProcessId: 2588\r\nParentImage: C:\\Program Files (x86)\\Microsoft\\EdgeUpdate\\Install\\{98BF926B-54C2-461A-9855-EA9671B54B57}\\EDGEMITMP_B97F5.tmp\\setup.exe\r\nParentCommandLine: \""C:\\Program Files (x86)\\Microsoft\\EdgeUpdate\\Install\\{98BF926B-54C2-461A-9855-EA9671B54B57}\\EDGEMITMP_B97F5.tmp\\setup.exe\"" --install-archive=\""C:\\Program Files (x86)\\Microsoft\\EdgeUpdate\\Install\\{98BF926B-54C2-461A-9855-EA9671B54B57}\\MicrosoftEdge_X64_137.0.3296.68_137.0.3296.62.exe\"" --previous-version=\""137.0.3296.62\"" --msedge --verbose-logging --do-not-launch-msedge --system-level --channel=stable\r\nParentUser: NT AUTHORITY\\SYSTEM\""""},""eventdata"":{""utcTime"":""2025-06-09 14:06:40.691"",""processGuid"":""{154c2aaf-ea70-6846-5201-000000001800}"",""processId"":""3860"",""image"":""C:\\\\Program Files (x86)\\\\Microsoft\\\\Edge\\\\Application\\\\137.0.3296.68\\\\Installer\\\\setup.exe"",""fileVersion"":""137.0.3296.68"",""description"":""Microsoft Edge Installer"",""product"":""Microsoft Edge Installer"",""company"":""Microsoft Corporation"",""originalFileName"":""setup.exe"",""commandLine"":""\\\""C:\\\\Program Files (x86)\\\\Microsoft\\\\Edge\\\\Application\\\\137.0.3296.68\\\\Installer\\\\setup.exe\\\"" --msedge --channel=stable --register-package-identity --verbose-logging --system-level"",""currentDirectory"":""C:\\\\Program Files (x86)\\\\Microsoft\\\\Edge\\\\Application\\\\137.0.3296.68\\\\Installer\\\\"",""user"":""NT AUTHORITY\\\\SYSTEM"",""logonGuid"":""{154c2aaf-e981-6846-e703-000000000000}"",""logonId"":""0x3e7"",""terminalSessionId"":""0"",""integrityLevel"":""System"",""hashes"":""MD5=F8B8278BD510843E63F2D9587341453F,SHA256=5FCA37C5BDC26814E4D16DDF14C6F6CBFED239751AA363158F504513B2A3E726,IMPHASH=FEAAA161935B3C215BB6530DC11DB019"",""parentProcessGuid"":""{154c2aaf-ea46-6846-4501-000000001800}"",""parentProcessId"":""2588"",""parentImage"":""C:\\\\Program Files (x86)\\\\Microsoft\\\\EdgeUpdate\\\\Install\\\\{98BF926B-54C2-461A-9855-EA9671B54B57}\\\\EDGEMITMP_B97F5.tmp\\\\setup.exe"",""parentCommandLine"":""\\\""C:\\\\Program Files (x86)\\\\Microsoft\\\\EdgeUpdate\\\\Install\\\\{98BF926B-54C2-461A-9855-EA9671B54B57}\\\\EDGEMITMP_B97F5.tmp\\\\setup.exe\\\"" --install-archive=\\\""C:\\\\Program Files (x86)\\\\Microsoft\\\\EdgeUpdate\\\\Install\\\\{98BF926B-54C2-461A-9855-EA9671B54B57}\\\\MicrosoftEdge_X64_137.0.3296.68_137.0.3296.62.exe\\\"" --previous-version=\\\""137.0.3296.62\\\"" --msedge --verbose-logging --do-not-launch-msedge --system-level --channel=stable"",""parentUser"":""NT AUTHORITY\\\\SYSTEM""}}}",log,"Jun 9, 2025 @ 19:36:42.006",EventChannel,1749478002.2053363,"Jun 9, 2025 @ 19:36:42.006", , , , , , , , , , , , , , , , , , , , , , , , , , , , , , , , , , , , , , , , , , , , , , , , , , , , , , , , , , , , , , , , , , , , , , , , , , , , , , , , , , , , , 
wazuh-alerts-4.x-2025.06.09,j-ADVZcBD7y1GXNG34af,1,1,192.168.254.162,DESKTOP-O7P9I53,001,hat-VMware-Virtual-Platform,setup.exe,C:\\Program Files (x86)\\Microsoft\\Edge\\Application\\137.0.3296.68\\Installer\\setup.exe,Microsoft Edge Installer,{154c2aaf-ea46-6846-4501-000000001800},Microsoft Edge Installer,{154c2aaf-e981-6846-e703-000000000000},"\""C:\\Program Files (x86)\\Microsoft\\EdgeUpdate\\Install\\{98BF926B-54C2-461A-9855-EA9671B54B57}\\EDGEMITMP_B97F5.tmp\\setup.exe\"" --install-archive=\""C:\\Program Files (x86)\\Microsoft\\EdgeUpdate\\Install\\{98BF926B-54C2-461A-9855-EA9671B54B57}\\MicrosoftEdge_X64_137.0.3296.68_137.0.3296.62.exe\"" --previous-version=\""137.0.3296.62\"" --msedge --verbose-logging --do-not-launch-msedge --system-level --channel=stable",{154c2aaf-ea70-6846-5301-000000001800},0x3e7,2588,1184,C:\\Program Files (x86)\\Microsoft\\EdgeUpdate\\1.3.195.61\\,2025-06-09 14:06:40.723,"MD5=F8B8278BD510843E63F2D9587341453F,SHA256=5FCA37C5BDC26814E4D16DDF14C6F6CBFED239751AA363158F504513B2A3E726,IMPHASH=FEAAA161935B3C215BB6530DC11DB019",C:\\Program Files (x86)\\Microsoft\\EdgeUpdate\\Install\\{98BF926B-54C2-461A-9855-EA9671B54B57}\\EDGEMITMP_B97F5.tmp\\setup.exe,Microsoft Corporation,"\""C:\\Program Files (x86)\\Microsoft\\Edge\\Application\\137.0.3296.68\\Installer\\setup.exe\"" --msedge --channel=stable --remove-deprecated-packages --verbose-logging --system-level",System,137.0.3296.68,NT AUTHORITY\\SYSTEM,0,NT AUTHORITY\\SYSTEM,1,0x8000000000000000,{5770385f-c22a-43e0-bf4c-06f5698ffbd9},4,Microsoft-Windows-Sysmon/Operational,0,"""Process Create:
RuleName: -
UtcTime: 2025-06-09 14:06:40.723
ProcessGuid: {154c2aaf-ea70-6846-5301-000000001800}
ProcessId: 1184
Image: C:\Program Files (x86)\Microsoft\Edge\Application\137.0.3296.68\Installer\setup.exe
FileVersion: 137.0.3296.68
Description: Microsoft Edge Installer
Product: Microsoft Edge Installer
Company: Microsoft Corporation
OriginalFileName: setup.exe
CommandLine: ""C:\Program Files (x86)\Microsoft\Edge\Application\137.0.3296.68\Installer\setup.exe"" --msedge --channel=stable --remove-deprecated-packages --verbose-logging --system-level
CurrentDirectory: C:\Program Files (x86)\Microsoft\EdgeUpdate\1.3.195.61\
User: NT AUTHORITY\SYSTEM
LogonGuid: {154c2aaf-e981-6846-e703-000000000000}
LogonId: 0x3E7
TerminalSessionId: 0
IntegrityLevel: System
Hashes: MD5=F8B8278BD510843E63F2D9587341453F,SHA256=5FCA37C5BDC26814E4D16DDF14C6F6CBFED239751AA363158F504513B2A3E726,IMPHASH=FEAAA161935B3C215BB6530DC11DB019
ParentProcessGuid: {154c2aaf-ea46-6846-4501-000000001800}
ParentProcessId: 2588
ParentImage: C:\Program Files (x86)\Microsoft\EdgeUpdate\Install\{98BF926B-54C2-461A-9855-EA9671B54B57}\EDGEMITMP_B97F5.tmp\setup.exe
ParentCommandLine: ""C:\Program Files (x86)\Microsoft\EdgeUpdate\Install\{98BF926B-54C2-461A-9855-EA9671B54B57}\EDGEMITMP_B97F5.tmp\setup.exe"" --install-archive=""C:\Program Files (x86)\Microsoft\EdgeUpdate\Install\{98BF926B-54C2-461A-9855-EA9671B54B57}\MicrosoftEdge_X64_137.0.3296.68_137.0.3296.62.exe"" --previous-version=""137.0.3296.62"" --msedge --verbose-logging --do-not-launch-msedge --system-level --channel=stable
ParentUser: NT AUTHORITY\SYSTEM""",5,2025-06-09T14:06:40.7336507Z,31057,5512,DESKTOP-O7P9I53,1,3292,INFORMATION,Microsoft-Windows-Sysmon,33,false,5,Sysmon - Event 1: Process creation Microsoft Edge Installer,"[""windows"",""sysmon"",""sysmon_event1""]",61603,windows_eventchannel,"{""win"":{""system"":{""providerName"":""Microsoft-Windows-Sysmon"",""providerGuid"":""{5770385f-c22a-43e0-bf4c-06f5698ffbd9}"",""eventID"":""1"",""version"":""5"",""level"":""4"",""task"":""1"",""opcode"":""0"",""keywords"":""0x8000000000000000"",""systemTime"":""2025-06-09T14:06:40.7336507Z"",""eventRecordID"":""31057"",""processID"":""3292"",""threadID"":""5512"",""channel"":""Microsoft-Windows-Sysmon/Operational"",""computer"":""DESKTOP-O7P9I53"",""severityValue"":""INFORMATION"",""message"":""\""Process Create:\r\nRuleName: -\r\nUtcTime: 2025-06-09 14:06:40.723\r\nProcessGuid: {154c2aaf-ea70-6846-5301-000000001800}\r\nProcessId: 1184\r\nImage: C:\\Program Files (x86)\\Microsoft\\Edge\\Application\\137.0.3296.68\\Installer\\setup.exe\r\nFileVersion: 137.0.3296.68\r\nDescription: Microsoft Edge Installer\r\nProduct: Microsoft Edge Installer\r\nCompany: Microsoft Corporation\r\nOriginalFileName: setup.exe\r\nCommandLine: \""C:\\Program Files (x86)\\Microsoft\\Edge\\Application\\137.0.3296.68\\Installer\\setup.exe\"" --msedge --channel=stable --remove-deprecated-packages --verbose-logging --system-level\r\nCurrentDirectory: C:\\Program Files (x86)\\Microsoft\\EdgeUpdate\\1.3.195.61\\\r\nUser: NT AUTHORITY\\SYSTEM\r\nLogonGuid: {154c2aaf-e981-6846-e703-000000000000}\r\nLogonId: 0x3E7\r\nTerminalSessionId: 0\r\nIntegrityLevel: System\r\nHashes: MD5=F8B8278BD510843E63F2D9587341453F,SHA256=5FCA37C5BDC26814E4D16DDF14C6F6CBFED239751AA363158F504513B2A3E726,IMPHASH=FEAAA161935B3C215BB6530DC11DB019\r\nParentProcessGuid: {154c2aaf-ea46-6846-4501-000000001800}\r\nParentProcessId: 2588\r\nParentImage: C:\\Program Files (x86)\\Microsoft\\EdgeUpdate\\Install\\{98BF926B-54C2-461A-9855-EA9671B54B57}\\EDGEMITMP_B97F5.tmp\\setup.exe\r\nParentCommandLine: \""C:\\Program Files (x86)\\Microsoft\\EdgeUpdate\\Install\\{98BF926B-54C2-461A-9855-EA9671B54B57}\\EDGEMITMP_B97F5.tmp\\setup.exe\"" --install-archive=\""C:\\Program Files (x86)\\Microsoft\\EdgeUpdate\\Install\\{98BF926B-54C2-461A-9855-EA9671B54B57}\\MicrosoftEdge_X64_137.0.3296.68_137.0.3296.62.exe\"" --previous-version=\""137.0.3296.62\"" --msedge --verbose-logging --do-not-launch-msedge --system-level --channel=stable\r\nParentUser: NT AUTHORITY\\SYSTEM\""""},""eventdata"":{""utcTime"":""2025-06-09 14:06:40.723"",""processGuid"":""{154c2aaf-ea70-6846-5301-000000001800}"",""processId"":""1184"",""image"":""C:\\\\Program Files (x86)\\\\Microsoft\\\\Edge\\\\Application\\\\137.0.3296.68\\\\Installer\\\\setup.exe"",""fileVersion"":""137.0.3296.68"",""description"":""Microsoft Edge Installer"",""product"":""Microsoft Edge Installer"",""company"":""Microsoft Corporation"",""originalFileName"":""setup.exe"",""commandLine"":""\\\""C:\\\\Program Files (x86)\\\\Microsoft\\\\Edge\\\\Application\\\\137.0.3296.68\\\\Installer\\\\setup.exe\\\"" --msedge --channel=stable --remove-deprecated-packages --verbose-logging --system-level"",""currentDirectory"":""C:\\\\Program Files (x86)\\\\Microsoft\\\\EdgeUpdate\\\\1.3.195.61\\\\"",""user"":""NT AUTHORITY\\\\SYSTEM"",""logonGuid"":""{154c2aaf-e981-6846-e703-000000000000}"",""logonId"":""0x3e7"",""terminalSessionId"":""0"",""integrityLevel"":""System"",""hashes"":""MD5=F8B8278BD510843E63F2D9587341453F,SHA256=5FCA37C5BDC26814E4D16DDF14C6F6CBFED239751AA363158F504513B2A3E726,IMPHASH=FEAAA161935B3C215BB6530DC11DB019"",""parentProcessGuid"":""{154c2aaf-ea46-6846-4501-000000001800}"",""parentProcessId"":""2588"",""parentImage"":""C:\\\\Program Files (x86)\\\\Microsoft\\\\EdgeUpdate\\\\Install\\\\{98BF926B-54C2-461A-9855-EA9671B54B57}\\\\EDGEMITMP_B97F5.tmp\\\\setup.exe"",""parentCommandLine"":""\\\""C:\\\\Program Files (x86)\\\\Microsoft\\\\EdgeUpdate\\\\Install\\\\{98BF926B-54C2-461A-9855-EA9671B54B57}\\\\EDGEMITMP_B97F5.tmp\\\\setup.exe\\\"" --install-archive=\\\""C:\\\\Program Files (x86)\\\\Microsoft\\\\EdgeUpdate\\\\Install\\\\{98BF926B-54C2-461A-9855-EA9671B54B57}\\\\MicrosoftEdge_X64_137.0.3296.68_137.0.3296.62.exe\\\"" --previous-version=\\\""137.0.3296.62\\\"" --msedge --verbose-logging --do-not-launch-msedge --system-level --channel=stable"",""parentUser"":""NT AUTHORITY\\\\SYSTEM""}}}",log,"Jun 9, 2025 @ 19:36:42.022",EventChannel,1749478002.2061705,"Jun 9, 2025 @ 19:36:42.022", , , , , , , , , , , , , , , , , , , , , , , , , , , , , , , , , , , , , , , , , , , , , , , , , , , , , , , , , , , , , , , , , , , , , , , , , , , , , , , , , , , , , 
wazuh-alerts-4.x-2025.06.09,lOADVZcBD7y1GXNG34af,1,1,192.168.254.162,DESKTOP-O7P9I53,001,hat-VMware-Virtual-Platform, ,C:\\Windows\\System32\\svchost.exe, , , , , ,{154c2aaf-e984-6846-4400-000000001800}, , ,3044, ,2025-06-09 14:06:40.889, , , , , , ,NT AUTHORITY\\SYSTEM, , ,13,0x8000000000000000,{5770385f-c22a-43e0-bf4c-06f5698ffbd9},4,Microsoft-Windows-Sysmon/Operational,0,"""Registry value set:
RuleName: InvDB-Pub
EventType: SetValue
UtcTime: 2025-06-09 14:06:40.889
ProcessGuid: {154c2aaf-e984-6846-4400-000000001800}
ProcessId: 3044
Image: C:\Windows\System32\svchost.exe
TargetObject: \REGISTRY\A\{4fc400b6-a755-4f91-a203-75735e25b097}\Root\InventoryApplicationFile\setup.exe|b24b2a6620947644\Publisher
Details: microsoft corporation
User: NT AUTHORITY\SYSTEM""",2,2025-06-09T14:06:40.8915026Z,31062,5512,DESKTOP-O7P9I53,13,3292,INFORMATION,Microsoft-Windows-Sysmon,241,false,5,Sysmon - Event 13: RegistryEvent SetValue on \\REGISTRY\\A\\{4fc400b6-a755-4f91-a203-75735e25b097}\\Root\\InventoryApplicationFile\\setup.exe|b24b2a6620947644\\Publisher by C:\\Windows\\System32\\svchost.exe,"[""windows"",""sysmon"",""sysmon_event_13""]",61615,windows_eventchannel,"{""win"":{""system"":{""providerName"":""Microsoft-Windows-Sysmon"",""providerGuid"":""{5770385f-c22a-43e0-bf4c-06f5698ffbd9}"",""eventID"":""13"",""version"":""2"",""level"":""4"",""task"":""13"",""opcode"":""0"",""keywords"":""0x8000000000000000"",""systemTime"":""2025-06-09T14:06:40.8915026Z"",""eventRecordID"":""31062"",""processID"":""3292"",""threadID"":""5512"",""channel"":""Microsoft-Windows-Sysmon/Operational"",""computer"":""DESKTOP-O7P9I53"",""severityValue"":""INFORMATION"",""message"":""\""Registry value set:\r\nRuleName: InvDB-Pub\r\nEventType: SetValue\r\nUtcTime: 2025-06-09 14:06:40.889\r\nProcessGuid: {154c2aaf-e984-6846-4400-000000001800}\r\nProcessId: 3044\r\nImage: C:\\Windows\\System32\\svchost.exe\r\nTargetObject: \\REGISTRY\\A\\{4fc400b6-a755-4f91-a203-75735e25b097}\\Root\\InventoryApplicationFile\\setup.exe|b24b2a6620947644\\Publisher\r\nDetails: microsoft corporation\r\nUser: NT AUTHORITY\\SYSTEM\""""},""eventdata"":{""ruleName"":""InvDB-Pub"",""eventType"":""SetValue"",""utcTime"":""2025-06-09 14:06:40.889"",""processGuid"":""{154c2aaf-e984-6846-4400-000000001800}"",""processId"":""3044"",""image"":""C:\\\\Windows\\\\System32\\\\svchost.exe"",""targetObject"":""\\\\REGISTRY\\\\A\\\\{4fc400b6-a755-4f91-a203-75735e25b097}\\\\Root\\\\InventoryApplicationFile\\\\setup.exe|b24b2a6620947644\\\\Publisher"",""details"":""microsoft corporation"",""user"":""NT AUTHORITY\\\\SYSTEM""}}}",log,"Jun 9, 2025 @ 19:36:42.100",EventChannel,1749478002.2099581,"Jun 9, 2025 @ 19:36:42.100", , , , , , , , , , , , , , , , , , , , , , , , , , , , , , , , , , , , , , , , , , , , , , , , , , , ,\\REGISTRY\\A\\{4fc400b6-a755-4f91-a203-75735e25b097}\\Root\\InventoryApplicationFile\\setup.exe|b24b2a6620947644\\Publisher,InvDB-Pub,microsoft corporation,SetValue, , , , , , , , , , , , , , , , , , , , , , , , , , , , , , 
wazuh-alerts-4.x-2025.06.09,leADVZcBD7y1GXNG34af,1,1,192.168.254.162,DESKTOP-O7P9I53,001,hat-VMware-Virtual-Platform, ,C:\\Windows\\System32\\svchost.exe, , , , , ,{154c2aaf-e984-6846-4400-000000001800}, , ,3044, ,2025-06-09 14:06:40.889, , , , , , ,NT AUTHORITY\\SYSTEM, , ,13,0x8000000000000000,{5770385f-c22a-43e0-bf4c-06f5698ffbd9},4,Microsoft-Windows-Sysmon/Operational,0,"""Registry value set:
RuleName: InvDB-CompileTimeClaim
EventType: SetValue
UtcTime: 2025-06-09 14:06:40.889
ProcessGuid: {154c2aaf-e984-6846-4400-000000001800}
ProcessId: 3044
Image: C:\Windows\System32\svchost.exe
TargetObject: \REGISTRY\A\{4fc400b6-a755-4f91-a203-75735e25b097}\Root\InventoryApplicationFile\setup.exe|b24b2a6620947644\LinkDate
Details: 06/06/2025 03:20:38
User: NT AUTHORITY\SYSTEM""",2,2025-06-09T14:06:40.8917587Z,31063,5512,DESKTOP-O7P9I53,13,3292,INFORMATION,Microsoft-Windows-Sysmon,242,false,5,Sysmon - Event 13: RegistryEvent SetValue on \\REGISTRY\\A\\{4fc400b6-a755-4f91-a203-75735e25b097}\\Root\\InventoryApplicationFile\\setup.exe|b24b2a6620947644\\LinkDate by C:\\Windows\\System32\\svchost.exe,"[""windows"",""sysmon"",""sysmon_event_13""]",61615,windows_eventchannel,"{""win"":{""system"":{""providerName"":""Microsoft-Windows-Sysmon"",""providerGuid"":""{5770385f-c22a-43e0-bf4c-06f5698ffbd9}"",""eventID"":""13"",""version"":""2"",""level"":""4"",""task"":""13"",""opcode"":""0"",""keywords"":""0x8000000000000000"",""systemTime"":""2025-06-09T14:06:40.8917587Z"",""eventRecordID"":""31063"",""processID"":""3292"",""threadID"":""5512"",""channel"":""Microsoft-Windows-Sysmon/Operational"",""computer"":""DESKTOP-O7P9I53"",""severityValue"":""INFORMATION"",""message"":""\""Registry value set:\r\nRuleName: InvDB-CompileTimeClaim\r\nEventType: SetValue\r\nUtcTime: 2025-06-09 14:06:40.889\r\nProcessGuid: {154c2aaf-e984-6846-4400-000000001800}\r\nProcessId: 3044\r\nImage: C:\\Windows\\System32\\svchost.exe\r\nTargetObject: \\REGISTRY\\A\\{4fc400b6-a755-4f91-a203-75735e25b097}\\Root\\InventoryApplicationFile\\setup.exe|b24b2a6620947644\\LinkDate\r\nDetails: 06/06/2025 03:20:38\r\nUser: NT AUTHORITY\\SYSTEM\""""},""eventdata"":{""ruleName"":""InvDB-CompileTimeClaim"",""eventType"":""SetValue"",""utcTime"":""2025-06-09 14:06:40.889"",""processGuid"":""{154c2aaf-e984-6846-4400-000000001800}"",""processId"":""3044"",""image"":""C:\\\\Windows\\\\System32\\\\svchost.exe"",""targetObject"":""\\\\REGISTRY\\\\A\\\\{4fc400b6-a755-4f91-a203-75735e25b097}\\\\Root\\\\InventoryApplicationFile\\\\setup.exe|b24b2a6620947644\\\\LinkDate"",""details"":""06/06/2025 03:20:38"",""user"":""NT AUTHORITY\\\\SYSTEM""}}}",log,"Jun 9, 2025 @ 19:36:42.116",EventChannel,1749478002.2102708,"Jun 9, 2025 @ 19:36:42.116", , , , , , , , , , , , , , , , , , , , , , , , , , , , , , , , , , , , , , , , , , , , , , , , , , , ,\\REGISTRY\\A\\{4fc400b6-a755-4f91-a203-75735e25b097}\\Root\\InventoryApplicationFile\\setup.exe|b24b2a6620947644\\LinkDate,InvDB-CompileTimeClaim,06/06/2025 03:20:38,SetValue, , , , , , , , , , , , , , , , , , , , , , , , , , , , , , 
wazuh-alerts-4.x-2025.06.09,m-ADVZcBD7y1GXNG44b8,1,1,192.168.254.162,DESKTOP-O7P9I53,001,hat-VMware-Virtual-Platform, ,C:\\Windows\\system32\\services.exe, , , , , ,{154c2aaf-e981-6846-0b00-000000001800}, , ,648, ,2025-06-09 14:06:44.184, , , , , , ,NT AUTHORITY\\SYSTEM, , ,13,0x8000000000000000,{5770385f-c22a-43e0-bf4c-06f5698ffbd9},4,Microsoft-Windows-Sysmon/Operational,0,"""Registry value set:
RuleName: T1031,T1050
EventType: SetValue
UtcTime: 2025-06-09 14:06:44.184
ProcessGuid: {154c2aaf-e981-6846-0b00-000000001800}
ProcessId: 648
Image: C:\Windows\system32\services.exe
TargetObject: HKLM\System\CurrentControlSet\Services\AarSvc_22d8b9\Start
Details: DWORD (0x00000003)
User: NT AUTHORITY\SYSTEM""",2,2025-06-09T14:06:44.1860204Z,31068,5512,DESKTOP-O7P9I53,13,3292,INFORMATION,Microsoft-Windows-Sysmon,245,false,5,Sysmon - Event 13: RegistryEvent SetValue on HKLM\\System\\CurrentControlSet\\Services\\AarSvc_22d8b9\\Start by C:\\Windows\\system32\\services.exe,"[""windows"",""sysmon"",""sysmon_event_13""]",61615,windows_eventchannel,"{""win"":{""system"":{""providerName"":""Microsoft-Windows-Sysmon"",""providerGuid"":""{5770385f-c22a-43e0-bf4c-06f5698ffbd9}"",""eventID"":""13"",""version"":""2"",""level"":""4"",""task"":""13"",""opcode"":""0"",""keywords"":""0x8000000000000000"",""systemTime"":""2025-06-09T14:06:44.1860204Z"",""eventRecordID"":""31068"",""processID"":""3292"",""threadID"":""5512"",""channel"":""Microsoft-Windows-Sysmon/Operational"",""computer"":""DESKTOP-O7P9I53"",""severityValue"":""INFORMATION"",""message"":""\""Registry value set:\r\nRuleName: T1031,T1050\r\nEventType: SetValue\r\nUtcTime: 2025-06-09 14:06:44.184\r\nProcessGuid: {154c2aaf-e981-6846-0b00-000000001800}\r\nProcessId: 648\r\nImage: C:\\Windows\\system32\\services.exe\r\nTargetObject: HKLM\\System\\CurrentControlSet\\Services\\AarSvc_22d8b9\\Start\r\nDetails: DWORD (0x00000003)\r\nUser: NT AUTHORITY\\SYSTEM\""""},""eventdata"":{""ruleName"":""T1031,T1050"",""eventType"":""SetValue"",""utcTime"":""2025-06-09 14:06:44.184"",""processGuid"":""{154c2aaf-e981-6846-0b00-000000001800}"",""processId"":""648"",""image"":""C:\\\\Windows\\\\system32\\\\services.exe"",""targetObject"":""HKLM\\\\System\\\\CurrentControlSet\\\\Services\\\\AarSvc_22d8b9\\\\Start"",""details"":""DWORD (0x00000003)"",""user"":""NT AUTHORITY\\\\SYSTEM""}}}",log,"Jun 9, 2025 @ 19:36:44.956",EventChannel,1749478004.2135842,"Jun 9, 2025 @ 19:36:44.956", , , , , , , , , , , , , , , , , , , , , , , , , , , , , , , , , , , , , , , , , , , , , , , , , , , ,HKLM\\System\\CurrentControlSet\\Services\\AarSvc_22d8b9\\Start,"T1031,T1050",DWORD (0x00000003),SetValue, , , , , , , , , , , , , , , , , , , , , , , , , , , , , , 
wazuh-alerts-4.x-2025.06.09,nOADVZcBD7y1GXNG44b8,1,1,192.168.254.162,DESKTOP-O7P9I53,001,hat-VMware-Virtual-Platform, ,C:\\Windows\\system32\\services.exe, , , , , ,{154c2aaf-e981-6846-0b00-000000001800}, , ,648, ,2025-06-09 14:06:44.184, , , , , , ,NT AUTHORITY\\SYSTEM, , ,13,0x8000000000000000,{5770385f-c22a-43e0-bf4c-06f5698ffbd9},4,Microsoft-Windows-Sysmon/Operational,0,"""Registry value set:
RuleName: T1031,T1050
EventType: SetValue
UtcTime: 2025-06-09 14:06:44.184
ProcessGuid: {154c2aaf-e981-6846-0b00-000000001800}
ProcessId: 648
Image: C:\Windows\system32\services.exe
TargetObject: HKLM\System\CurrentControlSet\Services\AarSvc_22d8b9\ImagePath
Details: C:\Windows\system32\svchost.exe -k AarSvcGroup -p
User: NT AUTHORITY\SYSTEM""",2,2025-06-09T14:06:44.1860692Z,31069,5512,DESKTOP-O7P9I53,13,3292,INFORMATION,Microsoft-Windows-Sysmon,2,false,3,Evidence of new service creation found in registry under HKLM\\System\\CurrentControlSet\\Services\\AarSvc_22d8b9\\ImagePath binary is: C:\\Windows\\system32\\svchost.exe -k AarSvcGroup -p,"[""sysmon"",""sysmon_eid13_detections"",""windows""]",92307,windows_eventchannel, ,log,"Jun 9, 2025 @ 19:36:44.971",EventChannel,1749478004.2138659,"Jun 9, 2025 @ 19:36:44.971", , ,"[""Windows Service""]","[""T1543.003""]","[""Persistence"",""Privilege Escalation""]", , , , , , , , , , , , , , , , , , , , , , , , , , , , , , , , , , , , , , , , , , , , , , ,HKLM\\System\\CurrentControlSet\\Services\\AarSvc_22d8b9\\ImagePath,"T1031,T1050",C:\\Windows\\system32\\svchost.exe -k AarSvcGroup -p,SetValue, , , , , , , , , , , , , , , , , , , , , , , , , , , , , , 
