wazuh-alerts-4.x-2025.06.09,D-AEVZcBD7y1GXNGRYdx,1,1,192.168.254.162,DESKTOP-O7P9I53,001,hat-VMware-Virtual-Platform, ,C:\\Users\\admin\\AppData\\Local\\Microsoft\\OneDrive\\OneDrive.exe, , , , , ,{154c2aaf-ea8a-6846-8a01-000000001800}, , ,7664, ,2025-06-09 14:07:08.552, , , , , , ,DESKTOP-O7P9I53\\admin, , ,13,0x8000000000000000,{5770385f-c22a-43e0-bf4c-06f5698ffbd9},4,Microsoft-Windows-Sysmon/Operational,0,"""Registry value set:
RuleName: T1042
EventType: SetValue
UtcTime: 2025-06-09 14:07:08.552
ProcessGuid: {154c2aaf-ea8a-6846-8a01-000000001800}
ProcessId: 7664
Image: C:\Users\admin\AppData\Local\Microsoft\OneDrive\OneDrive.exe
TargetObject: HKU\S-1-5-21-442569660-4060779802-1076883227-1001_Classes\grvopen\shell\open\command\(Default)
Details: ""C:\Users\admin\AppData\Local\Microsoft\OneDrive\OneDrive.exe"" /url:""Incorrect function.""
User: DESKTOP-O7P9I53\admin""",2,2025-06-09T14:07:08.5840998Z,31183,5512,DESKTOP-O7P9I53,13,3292,INFORMATION,Microsoft-Windows-Sysmon,303,false,5,Sysmon - Event 13: RegistryEvent SetValue on HKU\\S-1-5-21-442569660-4060779802-1076883227-1001_Classes\\grvopen\\shell\\open\\command\\(Default) by C:\\Users\\admin\\AppData\\Local\\Microsoft\\OneDrive\\OneDrive.exe,"[""windows"",""sysmon"",""sysmon_event_13""]",61615,windows_eventchannel,"{""win"":{""system"":{""providerName"":""Microsoft-Windows-Sysmon"",""providerGuid"":""{5770385f-c22a-43e0-bf4c-06f5698ffbd9}"",""eventID"":""13"",""version"":""2"",""level"":""4"",""task"":""13"",""opcode"":""0"",""keywords"":""0x8000000000000000"",""systemTime"":""2025-06-09T14:07:08.5840998Z"",""eventRecordID"":""31183"",""processID"":""3292"",""threadID"":""5512"",""channel"":""Microsoft-Windows-Sysmon/Operational"",""computer"":""DESKTOP-O7P9I53"",""severityValue"":""INFORMATION"",""message"":""\""Registry value set:\r\nRuleName: T1042\r\nEventType: SetValue\r\nUtcTime: 2025-06-09 14:07:08.552\r\nProcessGuid: {154c2aaf-ea8a-6846-8a01-000000001800}\r\nProcessId: 7664\r\nImage: C:\\Users\\admin\\AppData\\Local\\Microsoft\\OneDrive\\OneDrive.exe\r\nTargetObject: HKU\\S-1-5-21-442569660-4060779802-1076883227-1001_Classes\\grvopen\\shell\\open\\command\\(Default)\r\nDetails: \""C:\\Users\\admin\\AppData\\Local\\Microsoft\\OneDrive\\OneDrive.exe\"" /url:\""Incorrect function.\""\r\nUser: DESKTOP-O7P9I53\\admin\""""},""eventdata"":{""ruleName"":""T1042"",""eventType"":""SetValue"",""utcTime"":""2025-06-09 14:07:08.552"",""processGuid"":""{154c2aaf-ea8a-6846-8a01-000000001800}"",""processId"":""7664"",""image"":""C:\\\\Users\\\\admin\\\\AppData\\\\Local\\\\Microsoft\\\\OneDrive\\\\OneDrive.exe"",""targetObject"":""HKU\\\\S-1-5-21-442569660-4060779802-1076883227-1001_Classes\\\\grvopen\\\\shell\\\\open\\\\command\\\\(Default)"",""details"":""\\\""C:\\\\Users\\\\admin\\\\AppData\\\\Local\\\\Microsoft\\\\OneDrive\\\\OneDrive.exe\\\"" /url:\\\""%%1\\\"""",""user"":""DESKTOP-O7P9I53\\\\admin""}}}",log,"Jun 9, 2025 @ 19:37:10.745",EventChannel,1749478030.2620833,"Jun 9, 2025 @ 19:37:10.745", , , , , , , , , , , , , , , , , , , , , , , , , , , , , , , , , , , , , , , , , , , , , , , , , , , ,HKU\\S-1-5-21-442569660-4060779802-1076883227-1001_Classes\\grvopen\\shell\\open\\command\\(Default),T1042,"\""C:\\Users\\admin\\AppData\\Local\\Microsoft\\OneDrive\\OneDrive.exe\"" /url:\""%%1\""",SetValue, , , , , , , , , , , , , , , , , , , , , , , , , , , , , , 
wazuh-alerts-4.x-2025.06.09,EOAEVZcBD7y1GXNGRYdx,1,1,192.168.254.162,DESKTOP-O7P9I53,001,hat-VMware-Virtual-Platform, ,C:\\Users\\admin\\AppData\\Local\\Microsoft\\OneDrive\\OneDrive.exe, , , , , ,{154c2aaf-ea8a-6846-8a01-000000001800}, , ,7664, ,2025-06-09 14:07:08.552, , , , , , ,DESKTOP-O7P9I53\\admin, , ,13,0x8000000000000000,{5770385f-c22a-43e0-bf4c-06f5698ffbd9},4,Microsoft-Windows-Sysmon/Operational,0,"""Registry value set:
RuleName: T1042
EventType: SetValue
UtcTime: 2025-06-09 14:07:08.552
ProcessGuid: {154c2aaf-ea8a-6846-8a01-000000001800}
ProcessId: 7664
Image: C:\Users\admin\AppData\Local\Microsoft\OneDrive\OneDrive.exe
TargetObject: HKU\S-1-5-21-442569660-4060779802-1076883227-1001_Classes\grvopen\shell\open\command\(Default)
Details: ""C:\Users\admin\AppData\Local\Microsoft\OneDrive\OneDrive.exe"" /url:""Incorrect function.""
User: DESKTOP-O7P9I53\admin""",2,2025-06-09T14:07:08.5840564Z,31182,5512,DESKTOP-O7P9I53,13,3292,INFORMATION,Microsoft-Windows-Sysmon,304,false,5,Sysmon - Event 13: RegistryEvent SetValue on HKU\\S-1-5-21-442569660-4060779802-1076883227-1001_Classes\\grvopen\\shell\\open\\command\\(Default) by C:\\Users\\admin\\AppData\\Local\\Microsoft\\OneDrive\\OneDrive.exe,"[""windows"",""sysmon"",""sysmon_event_13""]",61615,windows_eventchannel,"{""win"":{""system"":{""providerName"":""Microsoft-Windows-Sysmon"",""providerGuid"":""{5770385f-c22a-43e0-bf4c-06f5698ffbd9}"",""eventID"":""13"",""version"":""2"",""level"":""4"",""task"":""13"",""opcode"":""0"",""keywords"":""0x8000000000000000"",""systemTime"":""2025-06-09T14:07:08.5840564Z"",""eventRecordID"":""31182"",""processID"":""3292"",""threadID"":""5512"",""channel"":""Microsoft-Windows-Sysmon/Operational"",""computer"":""DESKTOP-O7P9I53"",""severityValue"":""INFORMATION"",""message"":""\""Registry value set:\r\nRuleName: T1042\r\nEventType: SetValue\r\nUtcTime: 2025-06-09 14:07:08.552\r\nProcessGuid: {154c2aaf-ea8a-6846-8a01-000000001800}\r\nProcessId: 7664\r\nImage: C:\\Users\\admin\\AppData\\Local\\Microsoft\\OneDrive\\OneDrive.exe\r\nTargetObject: HKU\\S-1-5-21-442569660-4060779802-1076883227-1001_Classes\\grvopen\\shell\\open\\command\\(Default)\r\nDetails: \""C:\\Users\\admin\\AppData\\Local\\Microsoft\\OneDrive\\OneDrive.exe\"" /url:\""Incorrect function.\""\r\nUser: DESKTOP-O7P9I53\\admin\""""},""eventdata"":{""ruleName"":""T1042"",""eventType"":""SetValue"",""utcTime"":""2025-06-09 14:07:08.552"",""processGuid"":""{154c2aaf-ea8a-6846-8a01-000000001800}"",""processId"":""7664"",""image"":""C:\\\\Users\\\\admin\\\\AppData\\\\Local\\\\Microsoft\\\\OneDrive\\\\OneDrive.exe"",""targetObject"":""HKU\\\\S-1-5-21-442569660-4060779802-1076883227-1001_Classes\\\\grvopen\\\\shell\\\\open\\\\command\\\\(Default)"",""details"":""\\\""C:\\\\Users\\\\admin\\\\AppData\\\\Local\\\\Microsoft\\\\OneDrive\\\\OneDrive.exe\\\"" /url:\\\""%%1\\\"""",""user"":""DESKTOP-O7P9I53\\\\admin""}}}",log,"Jun 9, 2025 @ 19:37:10.744",EventChannel,1749478030.2624295,"Jun 9, 2025 @ 19:37:10.744", , , , , , , , , , , , , , , , , , , , , , , , , , , , , , , , , , , , , , , , , , , , , , , , , , , ,HKU\\S-1-5-21-442569660-4060779802-1076883227-1001_Classes\\grvopen\\shell\\open\\command\\(Default),T1042,"\""C:\\Users\\admin\\AppData\\Local\\Microsoft\\OneDrive\\OneDrive.exe\"" /url:\""%%1\""",SetValue, , , , , , , , , , , , , , , , , , , , , , , , , , , , , , 
wazuh-alerts-4.x-2025.06.09,EeAEVZcBD7y1GXNGRYdx,1,1,192.168.254.162,DESKTOP-O7P9I53,001,hat-VMware-Virtual-Platform,FileCoAuth.exe,C:\\Users\\admin\\AppData\\Local\\Microsoft\\OneDrive\\25.085.0504.0002\\FileCoAuth.exe,Microsoft OneDrive,{154c2aaf-e981-6846-0d00-000000001800},Microsoft OneDriveFile Co-Authoring Executable,{154c2aaf-ea73-6846-23bd-220000000000},C:\\Windows\\system32\\svchost.exe -k DcomLaunch -p,{154c2aaf-ea8d-6846-9201-000000001800},0x22bd23,776,9024,C:\\Windows\\system32\\,2025-06-09 14:07:09.341,"MD5=59D41E08869B146EDCD19C2645BFF054,SHA256=E8C9BD742A61394162F542813799984F6DCDCA9C3D4AC002D411E7EDFF6826B8,IMPHASH=C8181D4E2935CC7C0663A0D3AC88976C",C:\\Windows\\System32\\svchost.exe,Microsoft Corporation,"\""C:\\Users\\admin\\AppData\\Local\\Microsoft\\OneDrive\\25.085.0504.0002\\FileCoAuth.exe\"" -Embedding",Medium,25.085.0504.0002,DESKTOP-O7P9I53\\admin,1,NT AUTHORITY\\SYSTEM,1,0x8000000000000000,{5770385f-c22a-43e0-bf4c-06f5698ffbd9},4,Microsoft-Windows-Sysmon/Operational,0,"""Process Create:
RuleName: -
UtcTime: 2025-06-09 14:07:09.341
ProcessGuid: {154c2aaf-ea8d-6846-9201-000000001800}
ProcessId: 9024
Image: C:\Users\admin\AppData\Local\Microsoft\OneDrive\25.085.0504.0002\FileCoAuth.exe
FileVersion: 25.085.0504.0002
Description: Microsoft OneDriveFile Co-Authoring Executable
Product: Microsoft OneDrive
Company: Microsoft Corporation
OriginalFileName: FileCoAuth.exe
CommandLine: ""C:\Users\admin\AppData\Local\Microsoft\OneDrive\25.085.0504.0002\FileCoAuth.exe"" -Embedding
CurrentDirectory: C:\Windows\system32\
User: DESKTOP-O7P9I53\admin
LogonGuid: {154c2aaf-ea73-6846-23bd-220000000000}
LogonId: 0x22BD23
TerminalSessionId: 1
IntegrityLevel: Medium
Hashes: MD5=59D41E08869B146EDCD19C2645BFF054,SHA256=E8C9BD742A61394162F542813799984F6DCDCA9C3D4AC002D411E7EDFF6826B8,IMPHASH=C8181D4E2935CC7C0663A0D3AC88976C
ParentProcessGuid: {154c2aaf-e981-6846-0d00-000000001800}
ParentProcessId: 776
ParentImage: C:\Windows\System32\svchost.exe
ParentCommandLine: C:\Windows\system32\svchost.exe -k DcomLaunch -p
ParentUser: NT AUTHORITY\SYSTEM""",5,2025-06-09T14:07:09.3904513Z,31184,5512,DESKTOP-O7P9I53,1,3292,INFORMATION,Microsoft-Windows-Sysmon,68,false,5,Sysmon - Event 1: Process creation Microsoft OneDriveFile Co-Authoring Executable,"[""windows"",""sysmon"",""sysmon_event1""]",61603,windows_eventchannel,"{""win"":{""system"":{""providerName"":""Microsoft-Windows-Sysmon"",""providerGuid"":""{5770385f-c22a-43e0-bf4c-06f5698ffbd9}"",""eventID"":""1"",""version"":""5"",""level"":""4"",""task"":""1"",""opcode"":""0"",""keywords"":""0x8000000000000000"",""systemTime"":""2025-06-09T14:07:09.3904513Z"",""eventRecordID"":""31184"",""processID"":""3292"",""threadID"":""5512"",""channel"":""Microsoft-Windows-Sysmon/Operational"",""computer"":""DESKTOP-O7P9I53"",""severityValue"":""INFORMATION"",""message"":""\""Process Create:\r\nRuleName: -\r\nUtcTime: 2025-06-09 14:07:09.341\r\nProcessGuid: {154c2aaf-ea8d-6846-9201-000000001800}\r\nProcessId: 9024\r\nImage: C:\\Users\\admin\\AppData\\Local\\Microsoft\\OneDrive\\25.085.0504.0002\\FileCoAuth.exe\r\nFileVersion: 25.085.0504.0002\r\nDescription: Microsoft OneDriveFile Co-Authoring Executable\r\nProduct: Microsoft OneDrive\r\nCompany: Microsoft Corporation\r\nOriginalFileName: FileCoAuth.exe\r\nCommandLine: \""C:\\Users\\admin\\AppData\\Local\\Microsoft\\OneDrive\\25.085.0504.0002\\FileCoAuth.exe\"" -Embedding\r\nCurrentDirectory: C:\\Windows\\system32\\\r\nUser: DESKTOP-O7P9I53\\admin\r\nLogonGuid: {154c2aaf-ea73-6846-23bd-220000000000}\r\nLogonId: 0x22BD23\r\nTerminalSessionId: 1\r\nIntegrityLevel: Medium\r\nHashes: MD5=59D41E08869B146EDCD19C2645BFF054,SHA256=E8C9BD742A61394162F542813799984F6DCDCA9C3D4AC002D411E7EDFF6826B8,IMPHASH=C8181D4E2935CC7C0663A0D3AC88976C\r\nParentProcessGuid: {154c2aaf-e981-6846-0d00-000000001800}\r\nParentProcessId: 776\r\nParentImage: C:\\Windows\\System32\\svchost.exe\r\nParentCommandLine: C:\\Windows\\system32\\svchost.exe -k DcomLaunch -p\r\nParentUser: NT AUTHORITY\\SYSTEM\""""},""eventdata"":{""utcTime"":""2025-06-09 14:07:09.341"",""processGuid"":""{154c2aaf-ea8d-6846-9201-000000001800}"",""processId"":""9024"",""image"":""C:\\\\Users\\\\admin\\\\AppData\\\\Local\\\\Microsoft\\\\OneDrive\\\\25.085.0504.0002\\\\FileCoAuth.exe"",""fileVersion"":""25.085.0504.0002"",""description"":""Microsoft OneDriveFile Co-Authoring Executable"",""product"":""Microsoft OneDrive"",""company"":""Microsoft Corporation"",""originalFileName"":""FileCoAuth.exe"",""commandLine"":""\\\""C:\\\\Users\\\\admin\\\\AppData\\\\Local\\\\Microsoft\\\\OneDrive\\\\25.085.0504.0002\\\\FileCoAuth.exe\\\"" -Embedding"",""currentDirectory"":""C:\\\\Windows\\\\system32\\\\"",""user"":""DESKTOP-O7P9I53\\\\admin"",""logonGuid"":""{154c2aaf-ea73-6846-23bd-220000000000}"",""logonId"":""0x22bd23"",""terminalSessionId"":""1"",""integrityLevel"":""Medium"",""hashes"":""MD5=59D41E08869B146EDCD19C2645BFF054,SHA256=E8C9BD742A61394162F542813799984F6DCDCA9C3D4AC002D411E7EDFF6826B8,IMPHASH=C8181D4E2935CC7C0663A0D3AC88976C"",""parentProcessGuid"":""{154c2aaf-e981-6846-0d00-000000001800}"",""parentProcessId"":""776"",""parentImage"":""C:\\\\Windows\\\\System32\\\\svchost.exe"",""parentCommandLine"":""C:\\\\Windows\\\\system32\\\\svchost.exe -k DcomLaunch -p"",""parentUser"":""NT AUTHORITY\\\\SYSTEM""}}}",log,"Jun 9, 2025 @ 19:37:10.759",EventChannel,1749478030.2627757,"Jun 9, 2025 @ 19:37:10.759", , , , , , , , , , , , , , , , , , , , , , , , , , , , , , , , , , , , , , , , , , , , , , , , , , , , , , , , , , , , , , , , , , , , , , , , , , , , , , , , , , , , , 
wazuh-alerts-4.x-2025.06.09,FuAEVZcBD7y1GXNGRYdx,1,1,192.168.254.162,DESKTOP-O7P9I53,001,hat-VMware-Virtual-Platform, ,C:\\Users\\admin\\AppData\\Local\\Microsoft\\OneDrive\\OneDrive.exe, , , , , ,{154c2aaf-ea8a-6846-8a01-000000001800}, , ,7664, ,2025-06-09 14:07:09.202, , , , , , ,DESKTOP-O7P9I53\\admin, , ,3,0x8000000000000000,{5770385f-c22a-43e0-bf4c-06f5698ffbd9},4,Microsoft-Windows-Sysmon/Operational,0,"""Network connection detected:
RuleName: Usermode
UtcTime: 2025-06-09 14:07:09.202
ProcessGuid: {154c2aaf-ea8a-6846-8a01-000000001800}
ProcessId: 7664
Image: C:\Users\admin\AppData\Local\Microsoft\OneDrive\OneDrive.exe
User: DESKTOP-O7P9I53\admin
Protocol: tcp
Initiated: true
SourceIsIpv6: false
SourceIp: 192.168.254.162
SourceHostname: DESKTOP-O7P9I53.localdomain
SourcePort: 49821
SourcePortName: -
DestinationIsIpv6: false
DestinationIp: 52.231.186.36
DestinationHostname: -
DestinationPort: 443
DestinationPortName: https""",5,2025-06-09T14:07:10.3235377Z,31189,5540,DESKTOP-O7P9I53,3,3292,INFORMATION,Microsoft-Windows-Sysmon,3,false,5,Sysmon - Event 3: Network connection to 52.231.186.36:443 by C:\\Users\\admin\\AppData\\Local\\Microsoft\\OneDrive\\OneDrive.exe,"[""windows"",""sysmon"",""sysmon_event3""]",61605,windows_eventchannel,"{""win"":{""system"":{""providerName"":""Microsoft-Windows-Sysmon"",""providerGuid"":""{5770385f-c22a-43e0-bf4c-06f5698ffbd9}"",""eventID"":""3"",""version"":""5"",""level"":""4"",""task"":""3"",""opcode"":""0"",""keywords"":""0x8000000000000000"",""systemTime"":""2025-06-09T14:07:10.3235377Z"",""eventRecordID"":""31189"",""processID"":""3292"",""threadID"":""5540"",""channel"":""Microsoft-Windows-Sysmon/Operational"",""computer"":""DESKTOP-O7P9I53"",""severityValue"":""INFORMATION"",""message"":""\""Network connection detected:\r\nRuleName: Usermode\r\nUtcTime: 2025-06-09 14:07:09.202\r\nProcessGuid: {154c2aaf-ea8a-6846-8a01-000000001800}\r\nProcessId: 7664\r\nImage: C:\\Users\\admin\\AppData\\Local\\Microsoft\\OneDrive\\OneDrive.exe\r\nUser: DESKTOP-O7P9I53\\admin\r\nProtocol: tcp\r\nInitiated: true\r\nSourceIsIpv6: false\r\nSourceIp: 192.168.254.162\r\nSourceHostname: DESKTOP-O7P9I53.localdomain\r\nSourcePort: 49821\r\nSourcePortName: -\r\nDestinationIsIpv6: false\r\nDestinationIp: 52.231.186.36\r\nDestinationHostname: -\r\nDestinationPort: 443\r\nDestinationPortName: https\""""},""eventdata"":{""ruleName"":""Usermode"",""utcTime"":""2025-06-09 14:07:09.202"",""processGuid"":""{154c2aaf-ea8a-6846-8a01-000000001800}"",""processId"":""7664"",""image"":""C:\\\\Users\\\\admin\\\\AppData\\\\Local\\\\Microsoft\\\\OneDrive\\\\OneDrive.exe"",""user"":""DESKTOP-O7P9I53\\\\admin"",""protocol"":""tcp"",""initiated"":""true"",""sourceIsIpv6"":""false"",""sourceIp"":""192.168.254.162"",""sourceHostname"":""DESKTOP-O7P9I53.localdomain"",""sourcePort"":""49821"",""destinationIsIpv6"":""false"",""destinationIp"":""52.231.186.36"",""destinationPort"":""443"",""destinationPortName"":""https""}}}",log,"Jun 9, 2025 @ 19:37:11.545",EventChannel,1749478031.2647645,"Jun 9, 2025 @ 19:37:11.545", , , , , , , , , , , , , , , , , , , , , , , , , , , , ,443,49821,true,52.231.186.36,tcp,192.168.254.162,DESKTOP-O7P9I53.localdomain,https,false,false, , , , , , , , , , , , , , ,Usermode, , , , , , , , , , , , , , , , , , , , , , , , , , , , , , , , 
wazuh-alerts-4.x-2025.06.09,KuAEVZcBD7y1GXNGXIfj,1,1,192.168.254.162,DESKTOP-O7P9I53,001,hat-VMware-Virtual-Platform,taskhostw.exe,C:\\Windows\\System32\\taskhostw.exe,Microsoft® Windows® Operating System,{154c2aaf-e982-6846-1900-000000001800},Host Process for Windows Tasks,{154c2aaf-ea73-6846-23bd-220000000000},C:\\Windows\\system32\\svchost.exe -k netsvcs -p -s Schedule,{154c2aaf-ea92-6846-9b01-000000001800},0x22bd23,1168,9104,C:\\Windows\\system32\\,2025-06-09 14:07:14.882,"MD5=D71630DA4364F89F36B47581D4162639,SHA256=4D84D1DB6C572DA841307B814CCF26478429D3A29F304755CE1BAF110E639F64,IMPHASH=3A0C6863CDE566AF997DB2DEFFF9D924",C:\\Windows\\System32\\svchost.exe,Microsoft Corporation,taskhostw.exe SyncFromCloud,Medium,10.0.19041.5794 (WinBuild.160101.0800),DESKTOP-O7P9I53\\admin,1,NT AUTHORITY\\SYSTEM,1,0x8000000000000000,{5770385f-c22a-43e0-bf4c-06f5698ffbd9},4,Microsoft-Windows-Sysmon/Operational,0,"""Process Create:
RuleName: -
UtcTime: 2025-06-09 14:07:14.882
ProcessGuid: {154c2aaf-ea92-6846-9b01-000000001800}
ProcessId: 9104
Image: C:\Windows\System32\taskhostw.exe
FileVersion: 10.0.19041.5794 (WinBuild.160101.0800)
Description: Host Process for Windows Tasks
Product: Microsoft® Windows® Operating System
Company: Microsoft Corporation
OriginalFileName: taskhostw.exe
CommandLine: taskhostw.exe SyncFromCloud
CurrentDirectory: C:\Windows\system32\
User: DESKTOP-O7P9I53\admin
LogonGuid: {154c2aaf-ea73-6846-23bd-220000000000}
LogonId: 0x22BD23
TerminalSessionId: 1
IntegrityLevel: Medium
Hashes: MD5=D71630DA4364F89F36B47581D4162639,SHA256=4D84D1DB6C572DA841307B814CCF26478429D3A29F304755CE1BAF110E639F64,IMPHASH=3A0C6863CDE566AF997DB2DEFFF9D924
ParentProcessGuid: {154c2aaf-e982-6846-1900-000000001800}
ParentProcessId: 1168
ParentImage: C:\Windows\System32\svchost.exe
ParentCommandLine: C:\Windows\system32\svchost.exe -k netsvcs -p -s Schedule
ParentUser: NT AUTHORITY\SYSTEM""",5,2025-06-09T14:07:14.8891091Z,31211,5512,DESKTOP-O7P9I53,1,3292,INFORMATION,Microsoft-Windows-Sysmon,75,false,5,Sysmon - Event 1: Process creation Host Process for Windows Tasks,"[""windows"",""sysmon"",""sysmon_event1""]",61603,windows_eventchannel,"{""win"":{""system"":{""providerName"":""Microsoft-Windows-Sysmon"",""providerGuid"":""{5770385f-c22a-43e0-bf4c-06f5698ffbd9}"",""eventID"":""1"",""version"":""5"",""level"":""4"",""task"":""1"",""opcode"":""0"",""keywords"":""0x8000000000000000"",""systemTime"":""2025-06-09T14:07:14.8891091Z"",""eventRecordID"":""31211"",""processID"":""3292"",""threadID"":""5512"",""channel"":""Microsoft-Windows-Sysmon/Operational"",""computer"":""DESKTOP-O7P9I53"",""severityValue"":""INFORMATION"",""message"":""\""Process Create:\r\nRuleName: -\r\nUtcTime: 2025-06-09 14:07:14.882\r\nProcessGuid: {154c2aaf-ea92-6846-9b01-000000001800}\r\nProcessId: 9104\r\nImage: C:\\Windows\\System32\\taskhostw.exe\r\nFileVersion: 10.0.19041.5794 (WinBuild.160101.0800)\r\nDescription: Host Process for Windows Tasks\r\nProduct: Microsoft® Windows® Operating System\r\nCompany: Microsoft Corporation\r\nOriginalFileName: taskhostw.exe\r\nCommandLine: taskhostw.exe SyncFromCloud\r\nCurrentDirectory: C:\\Windows\\system32\\\r\nUser: DESKTOP-O7P9I53\\admin\r\nLogonGuid: {154c2aaf-ea73-6846-23bd-220000000000}\r\nLogonId: 0x22BD23\r\nTerminalSessionId: 1\r\nIntegrityLevel: Medium\r\nHashes: MD5=D71630DA4364F89F36B47581D4162639,SHA256=4D84D1DB6C572DA841307B814CCF26478429D3A29F304755CE1BAF110E639F64,IMPHASH=3A0C6863CDE566AF997DB2DEFFF9D924\r\nParentProcessGuid: {154c2aaf-e982-6846-1900-000000001800}\r\nParentProcessId: 1168\r\nParentImage: C:\\Windows\\System32\\svchost.exe\r\nParentCommandLine: C:\\Windows\\system32\\svchost.exe -k netsvcs -p -s Schedule\r\nParentUser: NT AUTHORITY\\SYSTEM\""""},""eventdata"":{""utcTime"":""2025-06-09 14:07:14.882"",""processGuid"":""{154c2aaf-ea92-6846-9b01-000000001800}"",""processId"":""9104"",""image"":""C:\\\\Windows\\\\System32\\\\taskhostw.exe"",""fileVersion"":""10.0.19041.5794 (WinBuild.160101.0800)"",""description"":""Host Process for Windows Tasks"",""product"":""Microsoft® Windows® Operating System"",""company"":""Microsoft Corporation"",""originalFileName"":""taskhostw.exe"",""commandLine"":""taskhostw.exe SyncFromCloud"",""currentDirectory"":""C:\\\\Windows\\\\system32\\\\"",""user"":""DESKTOP-O7P9I53\\\\admin"",""logonGuid"":""{154c2aaf-ea73-6846-23bd-220000000000}"",""logonId"":""0x22bd23"",""terminalSessionId"":""1"",""integrityLevel"":""Medium"",""hashes"":""MD5=D71630DA4364F89F36B47581D4162639,SHA256=4D84D1DB6C572DA841307B814CCF26478429D3A29F304755CE1BAF110E639F64,IMPHASH=3A0C6863CDE566AF997DB2DEFFF9D924"",""parentProcessGuid"":""{154c2aaf-e982-6846-1900-000000001800}"",""parentProcessId"":""1168"",""parentImage"":""C:\\\\Windows\\\\System32\\\\svchost.exe"",""parentCommandLine"":""C:\\\\Windows\\\\system32\\\\svchost.exe -k netsvcs -p -s Schedule"",""parentUser"":""NT AUTHORITY\\\\SYSTEM""}}}",log,"Jun 9, 2025 @ 19:37:16.199",EventChannel,1749478036.2742662,"Jun 9, 2025 @ 19:37:16.199", , , , , , , , , , , , , , , , , , , , , , , , , , , , , , , , , , , , , , , , , , , , , , , , , , , , , , , , , , , , , , , , , , , , , , , , , , , , , , , , , , , , , 
wazuh-alerts-4.x-2025.06.09,K-AEVZcBD7y1GXNGXIfj,1,1,192.168.254.162,DESKTOP-O7P9I53,001,hat-VMware-Virtual-Platform,WLRMNDR.EXE,C:\\Windows\\System32\\wlrmdr.exe,Microsoft® Windows® Operating System,{154c2aaf-e981-6846-0a00-000000001800},Windows logon reminder,{154c2aaf-ea73-6846-23bd-220000000000},winlogon.exe,{154c2aaf-ea93-6846-9c01-000000001800},0x22bd23,604,9212,C:\\Windows\\system32\\,2025-06-09 14:07:15.432,"MD5=59BD6F822956E54CDEDD0C441372C289,SHA256=2F89115E1081C91BABAF2961CEF0BCF9C8F4EE803D3BE6E88ACE23B383FE7324,IMPHASH=0C029EF03BE0DFE4324558843609A28E",C:\\Windows\\System32\\winlogon.exe,Microsoft Corporation, -c -s 0 -f 0 -t Empty -m Empty -a 0 -u Empty,Medium,10.0.19041.3636 (WinBuild.160101.0800),DESKTOP-O7P9I53\\admin,1,NT AUTHORITY\\SYSTEM,1,0x8000000000000000,{5770385f-c22a-43e0-bf4c-06f5698ffbd9},4,Microsoft-Windows-Sysmon/Operational,0,"""Process Create:
RuleName: -
UtcTime: 2025-06-09 14:07:15.432
ProcessGuid: {154c2aaf-ea93-6846-9c01-000000001800}
ProcessId: 9212
Image: C:\Windows\System32\wlrmdr.exe
FileVersion: 10.0.19041.3636 (WinBuild.160101.0800)
Description: Windows logon reminder
Product: Microsoft® Windows® Operating System
Company: Microsoft Corporation
OriginalFileName: WLRMNDR.EXE
CommandLine:  -c -s 0 -f 0 -t Empty -m Empty -a 0 -u Empty
CurrentDirectory: C:\Windows\system32\
User: DESKTOP-O7P9I53\admin
LogonGuid: {154c2aaf-ea73-6846-23bd-220000000000}
LogonId: 0x22BD23
TerminalSessionId: 1
IntegrityLevel: Medium
Hashes: MD5=59BD6F822956E54CDEDD0C441372C289,SHA256=2F89115E1081C91BABAF2961CEF0BCF9C8F4EE803D3BE6E88ACE23B383FE7324,IMPHASH=0C029EF03BE0DFE4324558843609A28E
ParentProcessGuid: {154c2aaf-e981-6846-0a00-000000001800}
ParentProcessId: 604
ParentImage: C:\Windows\System32\winlogon.exe
ParentCommandLine: winlogon.exe
ParentUser: NT AUTHORITY\SYSTEM""",5,2025-06-09T14:07:15.4383502Z,31212,5512,DESKTOP-O7P9I53,1,3292,INFORMATION,Microsoft-Windows-Sysmon,76,false,5,Sysmon - Event 1: Process creation Windows logon reminder,"[""windows"",""sysmon"",""sysmon_event1""]",61603,windows_eventchannel,"{""win"":{""system"":{""providerName"":""Microsoft-Windows-Sysmon"",""providerGuid"":""{5770385f-c22a-43e0-bf4c-06f5698ffbd9}"",""eventID"":""1"",""version"":""5"",""level"":""4"",""task"":""1"",""opcode"":""0"",""keywords"":""0x8000000000000000"",""systemTime"":""2025-06-09T14:07:15.4383502Z"",""eventRecordID"":""31212"",""processID"":""3292"",""threadID"":""5512"",""channel"":""Microsoft-Windows-Sysmon/Operational"",""computer"":""DESKTOP-O7P9I53"",""severityValue"":""INFORMATION"",""message"":""\""Process Create:\r\nRuleName: -\r\nUtcTime: 2025-06-09 14:07:15.432\r\nProcessGuid: {154c2aaf-ea93-6846-9c01-000000001800}\r\nProcessId: 9212\r\nImage: C:\\Windows\\System32\\wlrmdr.exe\r\nFileVersion: 10.0.19041.3636 (WinBuild.160101.0800)\r\nDescription: Windows logon reminder\r\nProduct: Microsoft® Windows® Operating System\r\nCompany: Microsoft Corporation\r\nOriginalFileName: WLRMNDR.EXE\r\nCommandLine:  -c -s 0 -f 0 -t Empty -m Empty -a 0 -u Empty\r\nCurrentDirectory: C:\\Windows\\system32\\\r\nUser: DESKTOP-O7P9I53\\admin\r\nLogonGuid: {154c2aaf-ea73-6846-23bd-220000000000}\r\nLogonId: 0x22BD23\r\nTerminalSessionId: 1\r\nIntegrityLevel: Medium\r\nHashes: MD5=59BD6F822956E54CDEDD0C441372C289,SHA256=2F89115E1081C91BABAF2961CEF0BCF9C8F4EE803D3BE6E88ACE23B383FE7324,IMPHASH=0C029EF03BE0DFE4324558843609A28E\r\nParentProcessGuid: {154c2aaf-e981-6846-0a00-000000001800}\r\nParentProcessId: 604\r\nParentImage: C:\\Windows\\System32\\winlogon.exe\r\nParentCommandLine: winlogon.exe\r\nParentUser: NT AUTHORITY\\SYSTEM\""""},""eventdata"":{""utcTime"":""2025-06-09 14:07:15.432"",""processGuid"":""{154c2aaf-ea93-6846-9c01-000000001800}"",""processId"":""9212"",""image"":""C:\\\\Windows\\\\System32\\\\wlrmdr.exe"",""fileVersion"":""10.0.19041.3636 (WinBuild.160101.0800)"",""description"":""Windows logon reminder"",""product"":""Microsoft® Windows® Operating System"",""company"":""Microsoft Corporation"",""originalFileName"":""WLRMNDR.EXE"",""commandLine"":"" -c -s 0 -f 0 -t Empty -m Empty -a 0 -u Empty"",""currentDirectory"":""C:\\\\Windows\\\\system32\\\\"",""user"":""DESKTOP-O7P9I53\\\\admin"",""logonGuid"":""{154c2aaf-ea73-6846-23bd-220000000000}"",""logonId"":""0x22bd23"",""terminalSessionId"":""1"",""integrityLevel"":""Medium"",""hashes"":""MD5=59BD6F822956E54CDEDD0C441372C289,SHA256=2F89115E1081C91BABAF2961CEF0BCF9C8F4EE803D3BE6E88ACE23B383FE7324,IMPHASH=0C029EF03BE0DFE4324558843609A28E"",""parentProcessGuid"":""{154c2aaf-e981-6846-0a00-000000001800}"",""parentProcessId"":""604"",""parentImage"":""C:\\\\Windows\\\\System32\\\\winlogon.exe"",""parentCommandLine"":""winlogon.exe"",""parentUser"":""NT AUTHORITY\\\\SYSTEM""}}}",log,"Jun 9, 2025 @ 19:37:16.201",EventChannel,1749478036.2748317,"Jun 9, 2025 @ 19:37:16.201", , , , , , , , , , , , , , , , , , , , , , , , , , , , , , , , , , , , , , , , , , , , , , , , , , , , , , , , , , , , , , , , , , , , , , , , , , , , , , , , , , , , , 
wazuh-alerts-4.x-2025.06.09,LOAEVZcBD7y1GXNGaIeX,1,1,192.168.254.162,DESKTOP-O7P9I53,001,hat-VMware-Virtual-Platform, ,C:\\Program Files (x86)\\Microsoft\\Edge\\Application\\msedge.exe, , , , , ,{154c2aaf-ea8b-6846-8e01-000000001800}, , ,8456, ,2025-06-09 14:07:14.847, , , , , , ,DESKTOP-O7P9I53\\admin, , ,22,0x8000000000000000,{5770385f-c22a-43e0-bf4c-06f5698ffbd9},4,Microsoft-Windows-Sysmon/Operational,0,"""Dns query:
RuleName: -
UtcTime: 2025-06-09 14:07:14.847
ProcessGuid: {154c2aaf-ea8b-6846-8e01-000000001800}
ProcessId: 8456
QueryName: wpad
QueryStatus: 1460
QueryResults: -
Image: C:\Program Files (x86)\Microsoft\Edge\Application\msedge.exe
User: DESKTOP-O7P9I53\admin""",5,2025-06-09T14:07:17.8555200Z,31214,5672,DESKTOP-O7P9I53,22,3292,INFORMATION,Microsoft-Windows-Sysmon,7,false,5,Sysmon - Event 22: DNS Query event,"[""windows"",""sysmon"",""sysmon_event_22""]",61650,windows_eventchannel,"{""win"":{""system"":{""providerName"":""Microsoft-Windows-Sysmon"",""providerGuid"":""{5770385f-c22a-43e0-bf4c-06f5698ffbd9}"",""eventID"":""22"",""version"":""5"",""level"":""4"",""task"":""22"",""opcode"":""0"",""keywords"":""0x8000000000000000"",""systemTime"":""2025-06-09T14:07:17.8555200Z"",""eventRecordID"":""31214"",""processID"":""3292"",""threadID"":""5672"",""channel"":""Microsoft-Windows-Sysmon/Operational"",""computer"":""DESKTOP-O7P9I53"",""severityValue"":""INFORMATION"",""message"":""\""Dns query:\r\nRuleName: -\r\nUtcTime: 2025-06-09 14:07:14.847\r\nProcessGuid: {154c2aaf-ea8b-6846-8e01-000000001800}\r\nProcessId: 8456\r\nQueryName: wpad\r\nQueryStatus: 1460\r\nQueryResults: -\r\nImage: C:\\Program Files (x86)\\Microsoft\\Edge\\Application\\msedge.exe\r\nUser: DESKTOP-O7P9I53\\admin\""""},""eventdata"":{""utcTime"":""2025-06-09 14:07:14.847"",""processGuid"":""{154c2aaf-ea8b-6846-8e01-000000001800}"",""processId"":""8456"",""queryName"":""wpad"",""queryStatus"":""1460"",""image"":""C:\\\\Program Files (x86)\\\\Microsoft\\\\Edge\\\\Application\\\\msedge.exe"",""user"":""DESKTOP-O7P9I53\\\\admin""}}}",log,"Jun 9, 2025 @ 19:37:19.184",EventChannel,1749478039.2753789,"Jun 9, 2025 @ 19:37:19.184", , , , , , , , , , , , , , , , , , , , , , , , , , , , , , , , , , , , , , , , , , , , , , , , ,1460,wpad, , , , , , , , , , , , , , , , , , , , , , , , , , , , , , , , , , , 
wazuh-alerts-4.x-2025.06.09,MeAEVZcBD7y1GXNGbIeE,1,1,192.168.254.162,DESKTOP-O7P9I53,001,hat-VMware-Virtual-Platform, , , , , ,{00000000-0000-0000-0000-000000000000}, , , , ,0x288, , , , , , , , , , , ,4624,0x8020000000000000,{54849625-5478-4994-a5ba-3e3b0328c30d},0,Security,0,"""An account was successfully logged on.

Subject:
	Security ID:		S-1-5-18
	Account Name:		DESKTOP-O7P9I53$
	Account Domain:		WORKGROUP
	Logon ID:		0x3E7

Logon Information:
	Logon Type:		5
	Restricted Admin Mode:	-
	Virtual Account:		No
	Elevated Token:		Yes

Impersonation Level:		Impersonation

New Logon:
	Security ID:		S-1-5-18
	Account Name:		SYSTEM
	Account Domain:		NT AUTHORITY
	Logon ID:		0x3E7
	Linked Logon ID:		0x0
	Network Account Name:	-
	Network Account Domain:	-
	Logon GUID:		{00000000-0000-0000-0000-000000000000}

Process Information:
	Process ID:		0x288
	Process Name:		C:\Windows\System32\services.exe

Network Information:
	Workstation Name:	-
	Source Network Address:	-
	Source Port:		-

Detailed Authentication Information:
	Logon Process:		Advapi  
	Authentication Package:	Negotiate
	Transited Services:	-
	Package Name (NTLM only):	-
	Key Length:		0

This event is generated when a logon session is created. It is generated on the computer that was accessed.

The subject fields indicate the account on the local system which requested the logon. This is most commonly a service such as the Server service, or a local process such as Winlogon.exe or Services.exe.

The logon type field indicates the kind of logon that occurred. The most common types are 2 (interactive) and 3 (network).

The New Logon fields indicate the account for whom the new logon was created, i.e. the account that was logged on.

The network fields indicate where a remote logon request originated. Workstation name is not always available and may be left blank in some cases.

The impersonation level field indicates the extent to which a process in the logon session can impersonate.

The authentication information fields provide detailed information about this specific logon request.
	- Logon GUID is a unique identifier that can be used to correlate this event with a KDC event.
	- Transited services indicate which intermediate services have participated in this logon request.
	- Package name indicates which sub-protocol was used among the NTLM protocols.
	- Key length indicates the length of the generated session key. This will be 0 if no session key was requested.""",2,2025-06-09T14:07:19.7654365Z,969480,716,DESKTOP-O7P9I53,12544,672,AUDIT_SUCCESS,Microsoft-Windows-Security-Auditing,13,false,3,Windows Logon Success,"[""windows"",""windows_security"",""authentication_success""]",60106,windows_eventchannel, ,log,"Jun 9, 2025 @ 19:37:21.123",EventChannel,1749478041.2779849,"Jun 9, 2025 @ 19:37:21.123", , ,"[""Valid Accounts""]","[""T1078""]","[""Defense Evasion"",""Persistence"",""Privilege Escalation"",""Initial Access""]",0x3e7,WORKGROUP,0x0,%%1833,Negotiate,0x3e7,Advapi,SYSTEM,0,%%1842,S-1-5-18,C:\\Windows\\System32\\services.exe,NT AUTHORITY,S-1-5-18,%%1843,5,DESKTOP-O7P9I53$,"[""10.2.5""]","[""164.312.b""]","[""CC6.8"",""CC7.2"",""CC7.3""]","[""AU.14"",""AC.9""]","[""IV_32.2""]","[""7.1"",""7.2""]", , , , , , , , , , , , , , , , , , , , , , , , , , , , , , , , , , , , , , , , , , , , , , , , , , , , , , , , , 
wazuh-alerts-4.x-2025.06.09,M-AEVZcBD7y1GXNGcIdt,1,1,192.168.254.162,DESKTOP-O7P9I53,001,hat-VMware-Virtual-Platform, ,C:\\Windows\\System32\\svchost.exe, , , , , ,{154c2aaf-e984-6846-4400-000000001800}, , ,3044, ,2025-06-09 14:07:21.164, , , , , , ,NT AUTHORITY\\SYSTEM, , ,13,0x8000000000000000,{5770385f-c22a-43e0-bf4c-06f5698ffbd9},4,Microsoft-Windows-Sysmon/Operational,0,"""Registry value set:
RuleName: InvDB-Path
EventType: SetValue
UtcTime: 2025-06-09 14:07:21.164
ProcessGuid: {154c2aaf-e984-6846-4400-000000001800}
ProcessId: 3044
Image: C:\Windows\System32\svchost.exe
TargetObject: \REGISTRY\A\{4fc400b6-a755-4f91-a203-75735e25b097}\Root\InventoryApplicationFile\onedrivesetup.ex|84f97db6939020e8\LowerCaseLongPath
Details: c:\users\admin\appdata\local\microsoft\onedrive\update\onedrivesetup.exe
User: NT AUTHORITY\SYSTEM""",2,2025-06-09T14:07:21.1736487Z,31223,5512,DESKTOP-O7P9I53,13,3292,INFORMATION,Microsoft-Windows-Sysmon,318,false,5,Sysmon - Event 13: RegistryEvent SetValue on \\REGISTRY\\A\\{4fc400b6-a755-4f91-a203-75735e25b097}\\Root\\InventoryApplicationFile\\onedrivesetup.ex|84f97db6939020e8\\LowerCaseLongPath by C:\\Windows\\System32\\svchost.exe,"[""windows"",""sysmon"",""sysmon_event_13""]",61615,windows_eventchannel,"{""win"":{""system"":{""providerName"":""Microsoft-Windows-Sysmon"",""providerGuid"":""{5770385f-c22a-43e0-bf4c-06f5698ffbd9}"",""eventID"":""13"",""version"":""2"",""level"":""4"",""task"":""13"",""opcode"":""0"",""keywords"":""0x8000000000000000"",""systemTime"":""2025-06-09T14:07:21.1736487Z"",""eventRecordID"":""31223"",""processID"":""3292"",""threadID"":""5512"",""channel"":""Microsoft-Windows-Sysmon/Operational"",""computer"":""DESKTOP-O7P9I53"",""severityValue"":""INFORMATION"",""message"":""\""Registry value set:\r\nRuleName: InvDB-Path\r\nEventType: SetValue\r\nUtcTime: 2025-06-09 14:07:21.164\r\nProcessGuid: {154c2aaf-e984-6846-4400-000000001800}\r\nProcessId: 3044\r\nImage: C:\\Windows\\System32\\svchost.exe\r\nTargetObject: \\REGISTRY\\A\\{4fc400b6-a755-4f91-a203-75735e25b097}\\Root\\InventoryApplicationFile\\onedrivesetup.ex|84f97db6939020e8\\LowerCaseLongPath\r\nDetails: c:\\users\\admin\\appdata\\local\\microsoft\\onedrive\\update\\onedrivesetup.exe\r\nUser: NT AUTHORITY\\SYSTEM\""""},""eventdata"":{""ruleName"":""InvDB-Path"",""eventType"":""SetValue"",""utcTime"":""2025-06-09 14:07:21.164"",""processGuid"":""{154c2aaf-e984-6846-4400-000000001800}"",""processId"":""3044"",""image"":""C:\\\\Windows\\\\System32\\\\svchost.exe"",""targetObject"":""\\\\REGISTRY\\\\A\\\\{4fc400b6-a755-4f91-a203-75735e25b097}\\\\Root\\\\InventoryApplicationFile\\\\onedrivesetup.ex|84f97db6939020e8\\\\LowerCaseLongPath"",""details"":""c:\\\\users\\\\admin\\\\appdata\\\\local\\\\microsoft\\\\onedrive\\\\update\\\\onedrivesetup.exe"",""user"":""NT AUTHORITY\\\\SYSTEM""}}}",log,"Jun 9, 2025 @ 19:37:22.197",EventChannel,1749478042.2790509,"Jun 9, 2025 @ 19:37:22.197", , , , , , , , , , , , , , , , , , , , , , , , , , , , , , , , , , , , , , , , , , , , , , , , , , , ,\\REGISTRY\\A\\{4fc400b6-a755-4f91-a203-75735e25b097}\\Root\\InventoryApplicationFile\\onedrivesetup.ex|84f97db6939020e8\\LowerCaseLongPath,InvDB-Path,c:\\users\\admin\\appdata\\local\\microsoft\\onedrive\\update\\onedrivesetup.exe,SetValue, , , , , , , , , , , , , , , , , , , , , , , , , , , , , , 
wazuh-alerts-4.x-2025.06.09,NOAEVZcBD7y1GXNGcIdt,1,1,192.168.254.162,DESKTOP-O7P9I53,001,hat-VMware-Virtual-Platform, ,C:\\Windows\\System32\\svchost.exe, , , , , ,{154c2aaf-e984-6846-4400-000000001800}, , ,3044, ,2025-06-09 14:07:21.164, , , , , , ,NT AUTHORITY\\SYSTEM, , ,13,0x8000000000000000,{5770385f-c22a-43e0-bf4c-06f5698ffbd9},4,Microsoft-Windows-Sysmon/Operational,0,"""Registry value set:
RuleName: InvDB-Pub
EventType: SetValue
UtcTime: 2025-06-09 14:07:21.164
ProcessGuid: {154c2aaf-e984-6846-4400-000000001800}
ProcessId: 3044
Image: C:\Windows\System32\svchost.exe
TargetObject: \REGISTRY\A\{4fc400b6-a755-4f91-a203-75735e25b097}\Root\InventoryApplicationFile\onedrivesetup.ex|84f97db6939020e8\Publisher
Details: microsoft corporation
User: NT AUTHORITY\SYSTEM""",2,2025-06-09T14:07:21.1738023Z,31224,5512,DESKTOP-O7P9I53,13,3292,INFORMATION,Microsoft-Windows-Sysmon,319,false,5,Sysmon - Event 13: RegistryEvent SetValue on \\REGISTRY\\A\\{4fc400b6-a755-4f91-a203-75735e25b097}\\Root\\InventoryApplicationFile\\onedrivesetup.ex|84f97db6939020e8\\Publisher by C:\\Windows\\System32\\svchost.exe,"[""windows"",""sysmon"",""sysmon_event_13""]",61615,windows_eventchannel,"{""win"":{""system"":{""providerName"":""Microsoft-Windows-Sysmon"",""providerGuid"":""{5770385f-c22a-43e0-bf4c-06f5698ffbd9}"",""eventID"":""13"",""version"":""2"",""level"":""4"",""task"":""13"",""opcode"":""0"",""keywords"":""0x8000000000000000"",""systemTime"":""2025-06-09T14:07:21.1738023Z"",""eventRecordID"":""31224"",""processID"":""3292"",""threadID"":""5512"",""channel"":""Microsoft-Windows-Sysmon/Operational"",""computer"":""DESKTOP-O7P9I53"",""severityValue"":""INFORMATION"",""message"":""\""Registry value set:\r\nRuleName: InvDB-Pub\r\nEventType: SetValue\r\nUtcTime: 2025-06-09 14:07:21.164\r\nProcessGuid: {154c2aaf-e984-6846-4400-000000001800}\r\nProcessId: 3044\r\nImage: C:\\Windows\\System32\\svchost.exe\r\nTargetObject: \\REGISTRY\\A\\{4fc400b6-a755-4f91-a203-75735e25b097}\\Root\\InventoryApplicationFile\\onedrivesetup.ex|84f97db6939020e8\\Publisher\r\nDetails: microsoft corporation\r\nUser: NT AUTHORITY\\SYSTEM\""""},""eventdata"":{""ruleName"":""InvDB-Pub"",""eventType"":""SetValue"",""utcTime"":""2025-06-09 14:07:21.164"",""processGuid"":""{154c2aaf-e984-6846-4400-000000001800}"",""processId"":""3044"",""image"":""C:\\\\Windows\\\\System32\\\\svchost.exe"",""targetObject"":""\\\\REGISTRY\\\\A\\\\{4fc400b6-a755-4f91-a203-75735e25b097}\\\\Root\\\\InventoryApplicationFile\\\\onedrivesetup.ex|84f97db6939020e8\\\\Publisher"",""details"":""microsoft corporation"",""user"":""NT AUTHORITY\\\\SYSTEM""}}}",log,"Jun 9, 2025 @ 19:37:22.197",EventChannel,1749478042.2793959,"Jun 9, 2025 @ 19:37:22.197", , , , , , , , , , , , , , , , , , , , , , , , , , , , , , , , , , , , , , , , , , , , , , , , , , , ,\\REGISTRY\\A\\{4fc400b6-a755-4f91-a203-75735e25b097}\\Root\\InventoryApplicationFile\\onedrivesetup.ex|84f97db6939020e8\\Publisher,InvDB-Pub,microsoft corporation,SetValue, , , , , , , , , , , , , , , , , , , , , , , , , , , , , , 
wazuh-alerts-4.x-2025.06.09,NuAEVZcBD7y1GXNGcIdt,1,1,192.168.254.162,DESKTOP-O7P9I53,001,hat-VMware-Virtual-Platform, ,C:\\Windows\\System32\\svchost.exe, , , , , ,{154c2aaf-e984-6846-4400-000000001800}, , ,3044, ,2025-06-09 14:07:21.164, , , , , , ,NT AUTHORITY\\SYSTEM, , ,13,0x8000000000000000,{5770385f-c22a-43e0-bf4c-06f5698ffbd9},4,Microsoft-Windows-Sysmon/Operational,0,"""Registry value set:
RuleName: InvDB-CompileTimeClaim
EventType: SetValue
UtcTime: 2025-06-09 14:07:21.164
ProcessGuid: {154c2aaf-e984-6846-4400-000000001800}
ProcessId: 3044
Image: C:\Windows\System32\svchost.exe
TargetObject: \REGISTRY\A\{4fc400b6-a755-4f91-a203-75735e25b097}\Root\InventoryApplicationFile\onedrivesetup.ex|84f97db6939020e8\LinkDate
Details: 05/31/1989 09:49:38
User: NT AUTHORITY\SYSTEM""",2,2025-06-09T14:07:21.1740299Z,31225,5512,DESKTOP-O7P9I53,13,3292,INFORMATION,Microsoft-Windows-Sysmon,321,false,5,Sysmon - Event 13: RegistryEvent SetValue on \\REGISTRY\\A\\{4fc400b6-a755-4f91-a203-75735e25b097}\\Root\\InventoryApplicationFile\\onedrivesetup.ex|84f97db6939020e8\\LinkDate by C:\\Windows\\System32\\svchost.exe,"[""windows"",""sysmon"",""sysmon_event_13""]",61615,windows_eventchannel,"{""win"":{""system"":{""providerName"":""Microsoft-Windows-Sysmon"",""providerGuid"":""{5770385f-c22a-43e0-bf4c-06f5698ffbd9}"",""eventID"":""13"",""version"":""2"",""level"":""4"",""task"":""13"",""opcode"":""0"",""keywords"":""0x8000000000000000"",""systemTime"":""2025-06-09T14:07:21.1740299Z"",""eventRecordID"":""31225"",""processID"":""3292"",""threadID"":""5512"",""channel"":""Microsoft-Windows-Sysmon/Operational"",""computer"":""DESKTOP-O7P9I53"",""severityValue"":""INFORMATION"",""message"":""\""Registry value set:\r\nRuleName: InvDB-CompileTimeClaim\r\nEventType: SetValue\r\nUtcTime: 2025-06-09 14:07:21.164\r\nProcessGuid: {154c2aaf-e984-6846-4400-000000001800}\r\nProcessId: 3044\r\nImage: C:\\Windows\\System32\\svchost.exe\r\nTargetObject: \\REGISTRY\\A\\{4fc400b6-a755-4f91-a203-75735e25b097}\\Root\\InventoryApplicationFile\\onedrivesetup.ex|84f97db6939020e8\\LinkDate\r\nDetails: 05/31/1989 09:49:38\r\nUser: NT AUTHORITY\\SYSTEM\""""},""eventdata"":{""ruleName"":""InvDB-CompileTimeClaim"",""eventType"":""SetValue"",""utcTime"":""2025-06-09 14:07:21.164"",""processGuid"":""{154c2aaf-e984-6846-4400-000000001800}"",""processId"":""3044"",""image"":""C:\\\\Windows\\\\System32\\\\svchost.exe"",""targetObject"":""\\\\REGISTRY\\\\A\\\\{4fc400b6-a755-4f91-a203-75735e25b097}\\\\Root\\\\InventoryApplicationFile\\\\onedrivesetup.ex|84f97db6939020e8\\\\LinkDate"",""details"":""05/31/1989 09:49:38"",""user"":""NT AUTHORITY\\\\SYSTEM""}}}",log,"Jun 9, 2025 @ 19:37:22.229",EventChannel,1749478042.2800283,"Jun 9, 2025 @ 19:37:22.229", , , , , , , , , , , , , , , , , , , , , , , , , , , , , , , , , , , , , , , , , , , , , , , , , , , ,\\REGISTRY\\A\\{4fc400b6-a755-4f91-a203-75735e25b097}\\Root\\InventoryApplicationFile\\onedrivesetup.ex|84f97db6939020e8\\LinkDate,InvDB-CompileTimeClaim,05/31/1989 09:49:38,SetValue, , , , , , , , , , , , , , , , , , , , , , , , , , , , , , 
wazuh-alerts-4.x-2025.06.09,N-AEVZcBD7y1GXNGdIdV,1,1,192.168.254.162,DESKTOP-O7P9I53,001,hat-VMware-Virtual-Platform, ,C:\\Users\\admin\\AppData\\Local\\Microsoft\\OneDrive\\Update\\OneDriveSetup.exe, , , , , ,{154c2aaf-ea97-6846-9d01-000000001800}, , ,4428, ,2025-06-09 14:07:19.976, , , , , , ,DESKTOP-O7P9I53\\admin, , ,3,0x8000000000000000,{5770385f-c22a-43e0-bf4c-06f5698ffbd9},4,Microsoft-Windows-Sysmon/Operational,0,"""Network connection detected:
RuleName: Usermode
UtcTime: 2025-06-09 14:07:19.976
ProcessGuid: {154c2aaf-ea97-6846-9d01-000000001800}
ProcessId: 4428
Image: C:\Users\admin\AppData\Local\Microsoft\OneDrive\Update\OneDriveSetup.exe
User: DESKTOP-O7P9I53\admin
Protocol: tcp
Initiated: true
SourceIsIpv6: false
SourceIp: 192.168.254.162
SourceHostname: DESKTOP-O7P9I53.localdomain
SourcePort: 49829
SourcePortName: -
DestinationIsIpv6: false
DestinationIp: 52.123.128.14
DestinationHostname: -
DestinationPort: 443
DestinationPortName: https""",5,2025-06-09T14:07:21.1799029Z,31227,5540,DESKTOP-O7P9I53,3,3292,INFORMATION,Microsoft-Windows-Sysmon,5,false,5,Sysmon - Event 3: Network connection to 52.123.128.14:443 by C:\\Users\\admin\\AppData\\Local\\Microsoft\\OneDrive\\Update\\OneDriveSetup.exe,"[""windows"",""sysmon"",""sysmon_event3""]",61605,windows_eventchannel,"{""win"":{""system"":{""providerName"":""Microsoft-Windows-Sysmon"",""providerGuid"":""{5770385f-c22a-43e0-bf4c-06f5698ffbd9}"",""eventID"":""3"",""version"":""5"",""level"":""4"",""task"":""3"",""opcode"":""0"",""keywords"":""0x8000000000000000"",""systemTime"":""2025-06-09T14:07:21.1799029Z"",""eventRecordID"":""31227"",""processID"":""3292"",""threadID"":""5540"",""channel"":""Microsoft-Windows-Sysmon/Operational"",""computer"":""DESKTOP-O7P9I53"",""severityValue"":""INFORMATION"",""message"":""\""Network connection detected:\r\nRuleName: Usermode\r\nUtcTime: 2025-06-09 14:07:19.976\r\nProcessGuid: {154c2aaf-ea97-6846-9d01-000000001800}\r\nProcessId: 4428\r\nImage: C:\\Users\\admin\\AppData\\Local\\Microsoft\\OneDrive\\Update\\OneDriveSetup.exe\r\nUser: DESKTOP-O7P9I53\\admin\r\nProtocol: tcp\r\nInitiated: true\r\nSourceIsIpv6: false\r\nSourceIp: 192.168.254.162\r\nSourceHostname: DESKTOP-O7P9I53.localdomain\r\nSourcePort: 49829\r\nSourcePortName: -\r\nDestinationIsIpv6: false\r\nDestinationIp: 52.123.128.14\r\nDestinationHostname: -\r\nDestinationPort: 443\r\nDestinationPortName: https\""""},""eventdata"":{""ruleName"":""Usermode"",""utcTime"":""2025-06-09 14:07:19.976"",""processGuid"":""{154c2aaf-ea97-6846-9d01-000000001800}"",""processId"":""4428"",""image"":""C:\\\\Users\\\\admin\\\\AppData\\\\Local\\\\Microsoft\\\\OneDrive\\\\Update\\\\OneDriveSetup.exe"",""user"":""DESKTOP-O7P9I53\\\\admin"",""protocol"":""tcp"",""initiated"":""true"",""sourceIsIpv6"":""false"",""sourceIp"":""192.168.254.162"",""sourceHostname"":""DESKTOP-O7P9I53.localdomain"",""sourcePort"":""49829"",""destinationIsIpv6"":""false"",""destinationIp"":""52.123.128.14"",""destinationPort"":""443"",""destinationPortName"":""https""}}}",log,"Jun 9, 2025 @ 19:37:22.270",EventChannel,1749478042.2803484,"Jun 9, 2025 @ 19:37:22.270", , , , , , , , , , , , , , , , , , , , , , , , , , , , ,443,49829,true,52.123.128.14,tcp,192.168.254.162,DESKTOP-O7P9I53.localdomain,https,false,false, , , , , , , , , , , , , , ,Usermode, , , , , , , , , , , , , , , , , , , , , , , , , , , , , , , , 
wazuh-alerts-4.x-2025.06.09,OOAEVZcBD7y1GXNGgIcN,1,1,192.168.254.162,DESKTOP-O7P9I53,001,hat-VMware-Virtual-Platform, ,C:\\Users\\admin\\AppData\\Local\\Microsoft\\OneDrive\\Update\\OneDriveSetup.exe, , , , , ,{154c2aaf-ea98-6846-a001-000000001800}, , ,6984, ,2025-06-09 14:07:22.740, , , , , , ,DESKTOP-O7P9I53\\admin, , ,11,0x8000000000000000,{5770385f-c22a-43e0-bf4c-06f5698ffbd9},4,Microsoft-Windows-Sysmon/Operational,0,"""File created:
RuleName: -
UtcTime: 2025-06-09 14:07:22.740
ProcessGuid: {154c2aaf-ea98-6846-a001-000000001800}
ProcessId: 6984
Image: C:\Users\admin\AppData\Local\Microsoft\OneDrive\Update\OneDriveSetup.exe
TargetFilename: C:\Users\admin\AppData\Local\Microsoft\OneDrive\25.091.0512.0001\CollectSyncLogs.bat
CreationUtcTime: 2025-06-09 14:07:22.740
User: DESKTOP-O7P9I53\admin""",2,2025-06-09T14:07:22.7524110Z,31272,5512,DESKTOP-O7P9I53,11,3292,INFORMATION,Microsoft-Windows-Sysmon,1,false,6,Scripting file created under Windows Temp or User folder,"[""sysmon"",""sysmon_eid11_detections"",""windows""]",92200,windows_eventchannel, ,log,"Jun 9, 2025 @ 19:37:24.728",EventChannel,1749478044.2807180,"Jun 9, 2025 @ 19:37:24.728",C:\\Users\\admin\\AppData\\Local\\Microsoft\\OneDrive\\25.091.0512.0001\\CollectSyncLogs.bat,2025-06-09 14:07:22.740,"[""Command and Scripting Interpreter"",""Ingress Tool Transfer""]","[""T1059"",""T1105""]","[""Execution"",""Command and Control""]", , , , , , , , , , , , , , , , , , , , , , , , , , , , , , , , , , , , , , , , , , , , , , , , , , , , , , , , , , , , , , , , , , , , , , , , , , , , , , , , 
