wazuh-alerts-4.x-2025.06.09,XeADVZcBD7y1GXNG34Ya,1,1,192.168.254.162,DESKTOP-O7P9I53,001,hat-VMware-Virtual-Platform, ,C:\\Windows\\system32\\CompatTelRunner.exe, , , , , ,{154c2aaf-ea3a-6846-4001-000000001800}, , ,936, ,2025-06-09 14:06:27.021, , , , , , ,NT AUTHORITY\\SYSTEM, , ,13,0x8000000000000000,{5770385f-c22a-43e0-bf4c-06f5698ffbd9},4,Microsoft-Windows-Sysmon/Operational,0,"""Registry value set:
RuleName: InvDB-Path
EventType: SetValue
UtcTime: 2025-06-09 14:06:27.021
ProcessGuid: {154c2aaf-ea3a-6846-4001-000000001800}
ProcessId: 936
Image: C:\Windows\system32\CompatTelRunner.exe
TargetObject: \REGISTRY\A\{4fc400b6-a755-4f91-a203-75735e25b097}\Root\InventoryApplicationFile\msedge_proxy.exe|4ee55cb70447a0c6\LowerCaseLongPath
Details: c:\program files (x86)\microsoft\edge\application\msedge_proxy.exe
User: NT AUTHORITY\SYSTEM""",2,2025-06-09T14:06:27.0353070Z,30953,5512,DESKTOP-O7P9I53,13,3292,INFORMATION,Microsoft-Windows-Sysmon,207,false,5,Sysmon - Event 13: RegistryEvent SetValue on \\REGISTRY\\A\\{4fc400b6-a755-4f91-a203-75735e25b097}\\Root\\InventoryApplicationFile\\msedge_proxy.exe|4ee55cb70447a0c6\\LowerCaseLongPath by C:\\Windows\\system32\\CompatTelRunner.exe,"[""windows"",""sysmon"",""sysmon_event_13""]",61615,windows_eventchannel,"{""win"":{""system"":{""providerName"":""Microsoft-Windows-Sysmon"",""providerGuid"":""{5770385f-c22a-43e0-bf4c-06f5698ffbd9}"",""eventID"":""13"",""version"":""2"",""level"":""4"",""task"":""13"",""opcode"":""0"",""keywords"":""0x8000000000000000"",""systemTime"":""2025-06-09T14:06:27.0353070Z"",""eventRecordID"":""30953"",""processID"":""3292"",""threadID"":""5512"",""channel"":""Microsoft-Windows-Sysmon/Operational"",""computer"":""DESKTOP-O7P9I53"",""severityValue"":""INFORMATION"",""message"":""\""Registry value set:\r\nRuleName: InvDB-Path\r\nEventType: SetValue\r\nUtcTime: 2025-06-09 14:06:27.021\r\nProcessGuid: {154c2aaf-ea3a-6846-4001-000000001800}\r\nProcessId: 936\r\nImage: C:\\Windows\\system32\\CompatTelRunner.exe\r\nTargetObject: \\REGISTRY\\A\\{4fc400b6-a755-4f91-a203-75735e25b097}\\Root\\InventoryApplicationFile\\msedge_proxy.exe|4ee55cb70447a0c6\\LowerCaseLongPath\r\nDetails: c:\\program files (x86)\\microsoft\\edge\\application\\msedge_proxy.exe\r\nUser: NT AUTHORITY\\SYSTEM\""""},""eventdata"":{""ruleName"":""InvDB-Path"",""eventType"":""SetValue"",""utcTime"":""2025-06-09 14:06:27.021"",""processGuid"":""{154c2aaf-ea3a-6846-4001-000000001800}"",""processId"":""936"",""image"":""C:\\\\Windows\\\\system32\\\\CompatTelRunner.exe"",""targetObject"":""\\\\REGISTRY\\\\A\\\\{4fc400b6-a755-4f91-a203-75735e25b097}\\\\Root\\\\InventoryApplicationFile\\\\msedge_proxy.exe|4ee55cb70447a0c6\\\\LowerCaseLongPath"",""details"":""c:\\\\program files (x86)\\\\microsoft\\\\edge\\\\application\\\\msedge_proxy.exe"",""user"":""NT AUTHORITY\\\\SYSTEM""}}}",log,"Jun 9, 2025 @ 19:36:28.516",EventChannel,1749477988.1861801,"Jun 9, 2025 @ 19:36:28.516", , , , , , , , , , , , , , , , , , , , , , , , , , , , , , , , , , , , , , , , , , , , , , , , , , , ,\\REGISTRY\\A\\{4fc400b6-a755-4f91-a203-75735e25b097}\\Root\\InventoryApplicationFile\\msedge_proxy.exe|4ee55cb70447a0c6\\LowerCaseLongPath,InvDB-Path,c:\\program files (x86)\\microsoft\\edge\\application\\msedge_proxy.exe,SetValue, , , , , , , , , , , , , , , , , , , , , , , , , , , , , , 
wazuh-alerts-4.x-2025.06.09,X-ADVZcBD7y1GXNG34Ya,1,1,192.168.254.162,DESKTOP-O7P9I53,001,hat-VMware-Virtual-Platform, ,C:\\Windows\\system32\\CompatTelRunner.exe, , , , , ,{154c2aaf-ea3a-6846-4001-000000001800}, , ,936, ,2025-06-09 14:06:27.021, , , , , , ,NT AUTHORITY\\SYSTEM, , ,13,0x8000000000000000,{5770385f-c22a-43e0-bf4c-06f5698ffbd9},4,Microsoft-Windows-Sysmon/Operational,0,"""Registry value set:
RuleName: InvDB-CompileTimeClaim
EventType: SetValue
UtcTime: 2025-06-09 14:06:27.021
ProcessGuid: {154c2aaf-ea3a-6846-4001-000000001800}
ProcessId: 936
Image: C:\Windows\system32\CompatTelRunner.exe
TargetObject: \REGISTRY\A\{4fc400b6-a755-4f91-a203-75735e25b097}\Root\InventoryApplicationFile\msedge_proxy.exe|4ee55cb70447a0c6\LinkDate
Details: 06/03/2025 05:53:26
User: NT AUTHORITY\SYSTEM""",2,2025-06-09T14:06:27.0357415Z,30955,5512,DESKTOP-O7P9I53,13,3292,INFORMATION,Microsoft-Windows-Sysmon,209,false,5,Sysmon - Event 13: RegistryEvent SetValue on \\REGISTRY\\A\\{4fc400b6-a755-4f91-a203-75735e25b097}\\Root\\InventoryApplicationFile\\msedge_proxy.exe|4ee55cb70447a0c6\\LinkDate by C:\\Windows\\system32\\CompatTelRunner.exe,"[""windows"",""sysmon"",""sysmon_event_13""]",61615,windows_eventchannel,"{""win"":{""system"":{""providerName"":""Microsoft-Windows-Sysmon"",""providerGuid"":""{5770385f-c22a-43e0-bf4c-06f5698ffbd9}"",""eventID"":""13"",""version"":""2"",""level"":""4"",""task"":""13"",""opcode"":""0"",""keywords"":""0x8000000000000000"",""systemTime"":""2025-06-09T14:06:27.0357415Z"",""eventRecordID"":""30955"",""processID"":""3292"",""threadID"":""5512"",""channel"":""Microsoft-Windows-Sysmon/Operational"",""computer"":""DESKTOP-O7P9I53"",""severityValue"":""INFORMATION"",""message"":""\""Registry value set:\r\nRuleName: InvDB-CompileTimeClaim\r\nEventType: SetValue\r\nUtcTime: 2025-06-09 14:06:27.021\r\nProcessGuid: {154c2aaf-ea3a-6846-4001-000000001800}\r\nProcessId: 936\r\nImage: C:\\Windows\\system32\\CompatTelRunner.exe\r\nTargetObject: \\REGISTRY\\A\\{4fc400b6-a755-4f91-a203-75735e25b097}\\Root\\InventoryApplicationFile\\msedge_proxy.exe|4ee55cb70447a0c6\\LinkDate\r\nDetails: 06/03/2025 05:53:26\r\nUser: NT AUTHORITY\\SYSTEM\""""},""eventdata"":{""ruleName"":""InvDB-CompileTimeClaim"",""eventType"":""SetValue"",""utcTime"":""2025-06-09 14:06:27.021"",""processGuid"":""{154c2aaf-ea3a-6846-4001-000000001800}"",""processId"":""936"",""image"":""C:\\\\Windows\\\\system32\\\\CompatTelRunner.exe"",""targetObject"":""\\\\REGISTRY\\\\A\\\\{4fc400b6-a755-4f91-a203-75735e25b097}\\\\Root\\\\InventoryApplicationFile\\\\msedge_proxy.exe|4ee55cb70447a0c6\\\\LinkDate"",""details"":""06/03/2025 05:53:26"",""user"":""NT AUTHORITY\\\\SYSTEM""}}}",log,"Jun 9, 2025 @ 19:36:28.547",EventChannel,1749477988.1868446,"Jun 9, 2025 @ 19:36:28.547", , , , , , , , , , , , , , , , , , , , , , , , , , , , , , , , , , , , , , , , , , , , , , , , , , , ,\\REGISTRY\\A\\{4fc400b6-a755-4f91-a203-75735e25b097}\\Root\\InventoryApplicationFile\\msedge_proxy.exe|4ee55cb70447a0c6\\LinkDate,InvDB-CompileTimeClaim,06/03/2025 05:53:26,SetValue, , , , , , , , , , , , , , , , , , , , , , , , , , , , , , 
wazuh-alerts-4.x-2025.06.09,ZOADVZcBD7y1GXNG34Yb,1,1,192.168.254.162,DESKTOP-O7P9I53,001,hat-VMware-Virtual-Platform, ,C:\\Windows\\system32\\CompatTelRunner.exe, , , , , ,{154c2aaf-ea3a-6846-4001-000000001800}, , ,936, ,2025-06-09 14:06:27.240, , , , , , ,NT AUTHORITY\\SYSTEM, , ,13,0x8000000000000000,{5770385f-c22a-43e0-bf4c-06f5698ffbd9},4,Microsoft-Windows-Sysmon/Operational,0,"""Registry value set:
RuleName: InvDB-Ver
EventType: SetValue
UtcTime: 2025-06-09 14:06:27.240
ProcessGuid: {154c2aaf-ea3a-6846-4001-000000001800}
ProcessId: 936
Image: C:\Windows\system32\CompatTelRunner.exe
TargetObject: \REGISTRY\A\{4fc400b6-a755-4f91-a203-75735e25b097}\Root\InventoryApplicationFile\pwahelper.exe|20bf7484dcde13ee\BinProductVersion
Details: 137.0.3296.62
User: NT AUTHORITY\SYSTEM""",2,2025-06-09T14:06:27.2523470Z,30960,5512,DESKTOP-O7P9I53,13,3292,INFORMATION,Microsoft-Windows-Sysmon,214,false,5,Sysmon - Event 13: RegistryEvent SetValue on \\REGISTRY\\A\\{4fc400b6-a755-4f91-a203-75735e25b097}\\Root\\InventoryApplicationFile\\pwahelper.exe|20bf7484dcde13ee\\BinProductVersion by C:\\Windows\\system32\\CompatTelRunner.exe,"[""windows"",""sysmon"",""sysmon_event_13""]",61615,windows_eventchannel,"{""win"":{""system"":{""providerName"":""Microsoft-Windows-Sysmon"",""providerGuid"":""{5770385f-c22a-43e0-bf4c-06f5698ffbd9}"",""eventID"":""13"",""version"":""2"",""level"":""4"",""task"":""13"",""opcode"":""0"",""keywords"":""0x8000000000000000"",""systemTime"":""2025-06-09T14:06:27.2523470Z"",""eventRecordID"":""30960"",""processID"":""3292"",""threadID"":""5512"",""channel"":""Microsoft-Windows-Sysmon/Operational"",""computer"":""DESKTOP-O7P9I53"",""severityValue"":""INFORMATION"",""message"":""\""Registry value set:\r\nRuleName: InvDB-Ver\r\nEventType: SetValue\r\nUtcTime: 2025-06-09 14:06:27.240\r\nProcessGuid: {154c2aaf-ea3a-6846-4001-000000001800}\r\nProcessId: 936\r\nImage: C:\\Windows\\system32\\CompatTelRunner.exe\r\nTargetObject: \\REGISTRY\\A\\{4fc400b6-a755-4f91-a203-75735e25b097}\\Root\\InventoryApplicationFile\\pwahelper.exe|20bf7484dcde13ee\\BinProductVersion\r\nDetails: 137.0.3296.62\r\nUser: NT AUTHORITY\\SYSTEM\""""},""eventdata"":{""ruleName"":""InvDB-Ver"",""eventType"":""SetValue"",""utcTime"":""2025-06-09 14:06:27.240"",""processGuid"":""{154c2aaf-ea3a-6846-4001-000000001800}"",""processId"":""936"",""image"":""C:\\\\Windows\\\\system32\\\\CompatTelRunner.exe"",""targetObject"":""\\\\REGISTRY\\\\A\\\\{4fc400b6-a755-4f91-a203-75735e25b097}\\\\Root\\\\InventoryApplicationFile\\\\pwahelper.exe|20bf7484dcde13ee\\\\BinProductVersion"",""details"":""137.0.3296.62"",""user"":""NT AUTHORITY\\\\SYSTEM""}}}",log,"Jun 9, 2025 @ 19:36:28.610",EventChannel,1749477988.1884714,"Jun 9, 2025 @ 19:36:28.610", , , , , , , , , , , , , , , , , , , , , , , , , , , , , , , , , , , , , , , , , , , , , , , , , , , ,\\REGISTRY\\A\\{4fc400b6-a755-4f91-a203-75735e25b097}\\Root\\InventoryApplicationFile\\pwahelper.exe|20bf7484dcde13ee\\BinProductVersion,InvDB-Ver,137.0.3296.62,SetValue, , , , , , , , , , , , , , , , , , , , , , , , , , , , , , 
wazuh-alerts-4.x-2025.06.09,ZeADVZcBD7y1GXNG34Yb,1,1,192.168.254.162,DESKTOP-O7P9I53,001,hat-VMware-Virtual-Platform, , , , , ,{00000000-0000-0000-0000-000000000000}, , , , ,0x288, , , , , , , , , , , ,4624,0x8020000000000000,{54849625-5478-4994-a5ba-3e3b0328c30d},0,Security,0,"""An account was successfully logged on.

Subject:
	Security ID:		S-1-5-18
	Account Name:		DESKTOP-O7P9I53$
	Account Domain:		WORKGROUP
	Logon ID:		0x3E7

Logon Information:
	Logon Type:		5
	Restricted Admin Mode:	-
	Virtual Account:		No
	Elevated Token:		Yes

Impersonation Level:		Impersonation

New Logon:
	Security ID:		S-1-5-18
	Account Name:		SYSTEM
	Account Domain:		NT AUTHORITY
	Logon ID:		0x3E7
	Linked Logon ID:		0x0
	Network Account Name:	-
	Network Account Domain:	-
	Logon GUID:		{00000000-0000-0000-0000-000000000000}

Process Information:
	Process ID:		0x288
	Process Name:		C:\Windows\System32\services.exe

Network Information:
	Workstation Name:	-
	Source Network Address:	-
	Source Port:		-

Detailed Authentication Information:
	Logon Process:		Advapi  
	Authentication Package:	Negotiate
	Transited Services:	-
	Package Name (NTLM only):	-
	Key Length:		0

This event is generated when a logon session is created. It is generated on the computer that was accessed.

The subject fields indicate the account on the local system which requested the logon. This is most commonly a service such as the Server service, or a local process such as Winlogon.exe or Services.exe.

The logon type field indicates the kind of logon that occurred. The most common types are 2 (interactive) and 3 (network).

The New Logon fields indicate the account for whom the new logon was created, i.e. the account that was logged on.

The network fields indicate where a remote logon request originated. Workstation name is not always available and may be left blank in some cases.

The impersonation level field indicates the extent to which a process in the logon session can impersonate.

The authentication information fields provide detailed information about this specific logon request.
	- Logon GUID is a unique identifier that can be used to correlate this event with a KDC event.
	- Transited services indicate which intermediate services have participated in this logon request.
	- Package name indicates which sub-protocol was used among the NTLM protocols.
	- Key length indicates the length of the generated session key. This will be 0 if no session key was requested.""",2,2025-06-09T14:06:28.2041467Z,968838,704,DESKTOP-O7P9I53,12544,672,AUDIT_SUCCESS,Microsoft-Windows-Security-Auditing,5,false,3,Windows Logon Success,"[""windows"",""windows_security"",""authentication_success""]",60106,windows_eventchannel, ,log,"Jun 9, 2025 @ 19:36:28.924",EventChannel,1749477988.1887905,"Jun 9, 2025 @ 19:36:28.924", , ,"[""Valid Accounts""]","[""T1078""]","[""Defense Evasion"",""Persistence"",""Privilege Escalation"",""Initial Access""]",0x3e7,WORKGROUP,0x0,%%1833,Negotiate,0x3e7,Advapi,SYSTEM,0,%%1842,S-1-5-18,C:\\Windows\\System32\\services.exe,NT AUTHORITY,S-1-5-18,%%1843,5,DESKTOP-O7P9I53$,"[""10.2.5""]","[""164.312.b""]","[""CC6.8"",""CC7.2"",""CC7.3""]","[""AU.14"",""AC.9""]","[""IV_32.2""]","[""7.1"",""7.2""]", , , , , , , , , , , , , , , , , , , , , , , , , , , , , , , , , , , , , , , , , , , , , , , , , , , , , , , , , 
wazuh-alerts-4.x-2025.06.09,ZuADVZcBD7y1GXNG34Yb,1,1, ,hat-VMware-Virtual-Platform,000,hat-VMware-Virtual-Platform, , , , , , , , , , , , , , , , , , , , , , , , , , , , , , , , , , , , , , ,1,false,5,Systemd: Service exited due to a failure.,"[""local"",""systemd""]",40704,systemd,"Jun 09 14:06:27 hat-VMware-Virtual-Platform systemd[1]: wazuh-dashboard.service: Main process exited, code=exited, status=1/FAILURE",log,"Jun 9, 2025 @ 19:36:28.934",journald,1749477988.1895228,"Jun 9, 2025 @ 19:36:28.934", , , , , , , , , , , , , , , , , , , , , , , , , , ,"[""IV_35.7.d""]","[""4.3""]", , , , , , , , , , ,hat-VMware-Virtual-Platform,systemd,Jun 09 14:06:27, , , , , , , , , , , , , , , , , , , , , , , , , , , , , , , , , , , , , , , , , , , , 
wazuh-alerts-4.x-2025.06.09,Z-ADVZcBD7y1GXNG34Yb,1,1, ,hat-VMware-Virtual-Platform,000,hat-VMware-Virtual-Platform, , , , , , , , , , , , , , , , , , , , , , , , , , , , , , , , , , , , , , ,4,false,3,PAM: Login session closed.,"[""pam"",""syslog""]",5502,pam,Jun 09 14:06:27 hat-VMware-Virtual-Platform sudo[8596]: pam_unix(sudo:session): session closed for user root,log,"Jun 9, 2025 @ 19:36:28.934",journald,1749477988.1895560,"Jun 9, 2025 @ 19:36:28.934", , , , , , , , , , , , , , , , , , , , , , ,"[""10.2.5""]","[""164.312.b""]","[""CC6.8"",""CC7.2"",""CC7.3""]","[""AU.14"",""AC.7""]","[""IV_32.2""]","[""7.8"",""7.9""]", , , , , , , , , , ,hat-VMware-Virtual-Platform,sudo,Jun 09 14:06:27, ,root, , , ,pam, , , , , , , , , , , , , , , , , , , , , , , , , , , , , , , , , , , , , , 
wazuh-alerts-4.x-2025.06.09,auADVZcBD7y1GXNG34Yb,1,1,192.168.254.162,DESKTOP-O7P9I53,001,hat-VMware-Virtual-Platform, , , , , ,{00000000-0000-0000-0000-000000000000}, , , , ,0x288, , , , , , , , , , , ,4624,0x8020000000000000,{54849625-5478-4994-a5ba-3e3b0328c30d},0,Security,0,"""An account was successfully logged on.

Subject:
	Security ID:		S-1-5-18
	Account Name:		DESKTOP-O7P9I53$
	Account Domain:		WORKGROUP
	Logon ID:		0x3E7

Logon Information:
	Logon Type:		5
	Restricted Admin Mode:	-
	Virtual Account:		No
	Elevated Token:		Yes

Impersonation Level:		Impersonation

New Logon:
	Security ID:		S-1-5-18
	Account Name:		SYSTEM
	Account Domain:		NT AUTHORITY
	Logon ID:		0x3E7
	Linked Logon ID:		0x0
	Network Account Name:	-
	Network Account Domain:	-
	Logon GUID:		{00000000-0000-0000-0000-000000000000}

Process Information:
	Process ID:		0x288
	Process Name:		C:\Windows\System32\services.exe

Network Information:
	Workstation Name:	-
	Source Network Address:	-
	Source Port:		-

Detailed Authentication Information:
	Logon Process:		Advapi  
	Authentication Package:	Negotiate
	Transited Services:	-
	Package Name (NTLM only):	-
	Key Length:		0

This event is generated when a logon session is created. It is generated on the computer that was accessed.

The subject fields indicate the account on the local system which requested the logon. This is most commonly a service such as the Server service, or a local process such as Winlogon.exe or Services.exe.

The logon type field indicates the kind of logon that occurred. The most common types are 2 (interactive) and 3 (network).

The New Logon fields indicate the account for whom the new logon was created, i.e. the account that was logged on.

The network fields indicate where a remote logon request originated. Workstation name is not always available and may be left blank in some cases.

The impersonation level field indicates the extent to which a process in the logon session can impersonate.

The authentication information fields provide detailed information about this specific logon request.
	- Logon GUID is a unique identifier that can be used to correlate this event with a KDC event.
	- Transited services indicate which intermediate services have participated in this logon request.
	- Package name indicates which sub-protocol was used among the NTLM protocols.
	- Key length indicates the length of the generated session key. This will be 0 if no session key was requested.""",2,2025-06-09T14:06:28.6493933Z,968841,704,DESKTOP-O7P9I53,12544,672,AUDIT_SUCCESS,Microsoft-Windows-Security-Auditing,6,false,3,Windows Logon Success,"[""windows"",""windows_security"",""authentication_success""]",60106,windows_eventchannel, ,log,"Jun 9, 2025 @ 19:36:29.986",EventChannel,1749477989.1908028,"Jun 9, 2025 @ 19:36:29.986", , ,"[""Valid Accounts""]","[""T1078""]","[""Defense Evasion"",""Persistence"",""Privilege Escalation"",""Initial Access""]",0x3e7,WORKGROUP,0x0,%%1833,Negotiate,0x3e7,Advapi,SYSTEM,0,%%1842,S-1-5-18,C:\\Windows\\System32\\services.exe,NT AUTHORITY,S-1-5-18,%%1843,5,DESKTOP-O7P9I53$,"[""10.2.5""]","[""164.312.b""]","[""CC6.8"",""CC7.2"",""CC7.3""]","[""AU.14"",""AC.9""]","[""IV_32.2""]","[""7.1"",""7.2""]", , , , , , , , , , , , , , , , , , , , , , , , , , , , , , , , , , , , , , , , , , , , , , , , , , , , , , , , , 
wazuh-alerts-4.x-2025.06.09,a-ADVZcBD7y1GXNG34Yb,1,1,192.168.254.162,DESKTOP-O7P9I53,001,hat-VMware-Virtual-Platform, , , , , ,{00000000-0000-0000-0000-000000000000}, , , , ,0x288, , , , , , , , , , , ,4624,0x8020000000000000,{54849625-5478-4994-a5ba-3e3b0328c30d},0,Security,0,"""An account was successfully logged on.

Subject:
	Security ID:		S-1-5-18
	Account Name:		DESKTOP-O7P9I53$
	Account Domain:		WORKGROUP
	Logon ID:		0x3E7

Logon Information:
	Logon Type:		5
	Restricted Admin Mode:	-
	Virtual Account:		No
	Elevated Token:		Yes

Impersonation Level:		Impersonation

New Logon:
	Security ID:		S-1-5-18
	Account Name:		SYSTEM
	Account Domain:		NT AUTHORITY
	Logon ID:		0x3E7
	Linked Logon ID:		0x0
	Network Account Name:	-
	Network Account Domain:	-
	Logon GUID:		{00000000-0000-0000-0000-000000000000}

Process Information:
	Process ID:		0x288
	Process Name:		C:\Windows\System32\services.exe

Network Information:
	Workstation Name:	-
	Source Network Address:	-
	Source Port:		-

Detailed Authentication Information:
	Logon Process:		Advapi  
	Authentication Package:	Negotiate
	Transited Services:	-
	Package Name (NTLM only):	-
	Key Length:		0

This event is generated when a logon session is created. It is generated on the computer that was accessed.

The subject fields indicate the account on the local system which requested the logon. This is most commonly a service such as the Server service, or a local process such as Winlogon.exe or Services.exe.

The logon type field indicates the kind of logon that occurred. The most common types are 2 (interactive) and 3 (network).

The New Logon fields indicate the account for whom the new logon was created, i.e. the account that was logged on.

The network fields indicate where a remote logon request originated. Workstation name is not always available and may be left blank in some cases.

The impersonation level field indicates the extent to which a process in the logon session can impersonate.

The authentication information fields provide detailed information about this specific logon request.
	- Logon GUID is a unique identifier that can be used to correlate this event with a KDC event.
	- Transited services indicate which intermediate services have participated in this logon request.
	- Package name indicates which sub-protocol was used among the NTLM protocols.
	- Key length indicates the length of the generated session key. This will be 0 if no session key was requested.""",2,2025-06-09T14:06:28.6894944Z,968844,704,DESKTOP-O7P9I53,12544,672,AUDIT_SUCCESS,Microsoft-Windows-Security-Auditing,7,false,3,Windows Logon Success,"[""windows"",""windows_security"",""authentication_success""]",60106,windows_eventchannel, ,log,"Jun 9, 2025 @ 19:36:30.017",EventChannel,1749477990.1915351,"Jun 9, 2025 @ 19:36:30.017", , ,"[""Valid Accounts""]","[""T1078""]","[""Defense Evasion"",""Persistence"",""Privilege Escalation"",""Initial Access""]",0x3e7,WORKGROUP,0x0,%%1833,Negotiate,0x3e7,Advapi,SYSTEM,0,%%1842,S-1-5-18,C:\\Windows\\System32\\services.exe,NT AUTHORITY,S-1-5-18,%%1843,5,DESKTOP-O7P9I53$,"[""10.2.5""]","[""164.312.b""]","[""CC6.8"",""CC7.2"",""CC7.3""]","[""AU.14"",""AC.9""]","[""IV_32.2""]","[""7.1"",""7.2""]", , , , , , , , , , , , , , , , , , , , , , , , , , , , , , , , , , , , , , , , , , , , , , , , , , , , , , , , , 
wazuh-alerts-4.x-2025.06.09,beADVZcBD7y1GXNG34Yb,1,1,192.168.254.162,DESKTOP-O7P9I53,001,hat-VMware-Virtual-Platform, ,C:\\Windows\\System32\\WindowsPowerShell\\v1.0\\powershell.exe, , , , , ,{154c2aaf-ea65-6846-4c01-000000001800}, , ,5628, ,2025-06-09 14:06:30.680, , , , , , ,NT AUTHORITY\\SYSTEM, , ,11,0x8000000000000000,{5770385f-c22a-43e0-bf4c-06f5698ffbd9},4,Microsoft-Windows-Sysmon/Operational,0,"""File created:
RuleName: -
UtcTime: 2025-06-09 14:06:30.680
ProcessGuid: {154c2aaf-ea65-6846-4c01-000000001800}
ProcessId: 5628
Image: C:\Windows\System32\WindowsPowerShell\v1.0\powershell.exe
TargetFilename: C:\Windows\SystemTemp\__PSScriptPolicyTest_oejax4xz.ykt.ps1
CreationUtcTime: 2025-06-09 14:06:30.680
User: NT AUTHORITY\SYSTEM""",2,2025-06-09T14:06:30.6938094Z,30965,5512,DESKTOP-O7P9I53,11,3292,INFORMATION,Microsoft-Windows-Sysmon,1,false,9,Powershell process created an executable file in Windows root folder,"[""sysmon"",""sysmon_eid11_detections"",""windows""]",92205,windows_eventchannel, ,log,"Jun 9, 2025 @ 19:36:32.005",EventChannel,1749477992.1928799,"Jun 9, 2025 @ 19:36:32.005",C:\\Windows\\SystemTemp\\__PSScriptPolicyTest_oejax4xz.ykt.ps1,2025-06-09 14:06:30.680,"[""Ingress Tool Transfer""]","[""T1105""]","[""Command and Control""]", , , , , , , , , , , , , , , , , , , , , , , , , , , , , , , , , , , , , , , , , , , , , , , , , , , , , , , , , , , , , , , , , , , , , , , , , , , , , , , , 
wazuh-alerts-4.x-2025.06.09,buADVZcBD7y1GXNG34Yb,1,1,192.168.254.162,DESKTOP-O7P9I53,001,hat-VMware-Virtual-Platform,PowerShell.EXE,C:\\Windows\\System32\\WindowsPowerShell\\v1.0\\powershell.exe,Microsoft® Windows® Operating System,{154c2aaf-ea3a-6846-4001-000000001800},Windows PowerShell,{154c2aaf-e981-6846-e703-000000000000},C:\\Windows\\system32\\CompatTelRunner.exe -m:appraiser.dll -f:DoScheduledTelemetryRun -cv:NRevWkru30iBanzl.1,{154c2aaf-ea68-6846-4e01-000000001800},0x3e7,936,7004,C:\\Windows\\system32\\,2025-06-09 14:06:32.165,"MD5=2E5A8590CF6848968FC23DE3FA1E25F1,SHA256=9785001B0DCF755EDDB8AF294A373C0B87B2498660F724E76C4D53F9C217C7A3,IMPHASH=3D08F4848535206D772DE145804FF4B6",C:\\Windows\\System32\\CompatTelRunner.exe,Microsoft Corporation,"powershell.exe -ExecutionPolicy Restricted -Command  $Res = 0; $Infs = Get-Item -Path ($env:WinDir + '\\inf\\*.inf'); foreach ($Inf in $Infs) { $Data = Get-Content $Inf.FullName; if ($Data -match '\\[defaultinstall.nt(amd64|arm|arm64|x86)\\]') { $Res = 1; break; } } Write-Host 'Final result:', $Res;",System,10.0.19041.3996 (WinBuild.160101.0800),NT AUTHORITY\\SYSTEM,0,NT AUTHORITY\\SYSTEM,1,0x8000000000000000,{5770385f-c22a-43e0-bf4c-06f5698ffbd9},4,Microsoft-Windows-Sysmon/Operational,0,"""Process Create:
RuleName: -
UtcTime: 2025-06-09 14:06:32.165
ProcessGuid: {154c2aaf-ea68-6846-4e01-000000001800}
ProcessId: 7004
Image: C:\Windows\System32\WindowsPowerShell\v1.0\powershell.exe
FileVersion: 10.0.19041.3996 (WinBuild.160101.0800)
Description: Windows PowerShell
Product: Microsoft® Windows® Operating System
Company: Microsoft Corporation
OriginalFileName: PowerShell.EXE
CommandLine: powershell.exe -ExecutionPolicy Restricted -Command  $Res = 0; $Infs = Get-Item -Path ($env:WinDir + '\inf\*.inf'); foreach ($Inf in $Infs) { $Data = Get-Content $Inf.FullName; if ($Data -match '\[defaultinstall.nt(amd64|arm|arm64|x86)\]') { $Res = 1; break; } } Write-Host 'Final result:', $Res;
CurrentDirectory: C:\Windows\system32\
User: NT AUTHORITY\SYSTEM
LogonGuid: {154c2aaf-e981-6846-e703-000000000000}
LogonId: 0x3E7
TerminalSessionId: 0
IntegrityLevel: System
Hashes: MD5=2E5A8590CF6848968FC23DE3FA1E25F1,SHA256=9785001B0DCF755EDDB8AF294A373C0B87B2498660F724E76C4D53F9C217C7A3,IMPHASH=3D08F4848535206D772DE145804FF4B6
ParentProcessGuid: {154c2aaf-ea3a-6846-4001-000000001800}
ParentProcessId: 936
ParentImage: C:\Windows\System32\CompatTelRunner.exe
ParentCommandLine: C:\Windows\system32\CompatTelRunner.exe -m:appraiser.dll -f:DoScheduledTelemetryRun -cv:NRevWkru30iBanzl.1
ParentUser: NT AUTHORITY\SYSTEM""",5,2025-06-09T14:06:32.1746582Z,30966,5512,DESKTOP-O7P9I53,1,3292,INFORMATION,Microsoft-Windows-Sysmon,1,false,3,Powershell was used to delete files or directories,"[""sysmon"",""sysmon_eid1_detections"",""windows""]",92021,windows_eventchannel, ,log,"Jun 9, 2025 @ 19:36:33.505",EventChannel,1749477993.1931519,"Jun 9, 2025 @ 19:36:33.505", , ,"[""File Deletion""]","[""T1070.004""]","[""Defense Evasion""]", , , , , , , , , , , , , , , , , , , , , , , , , , , , , , , , , , , , , , , , , , , , , , , , , , , , , , , , , , , , , , , , , , , , , , , , , , , , , , , , 
wazuh-alerts-4.x-2025.06.09,cOADVZcBD7y1GXNG34Yb,1,1,192.168.254.162,DESKTOP-O7P9I53,001,hat-VMware-Virtual-Platform, , , , , , , , , , , , , , , , , , , , , , ,16384,0x80000000000000,{E23B33B0-C8C9-472C-A5F9-F2BDFEA0F156},4,Application,0,"""Successfully scheduled Software Protection service for re-start at 2025-06-10T14:02:33Z. Reason: RulesEngine.""",0,2025-06-09T14:06:33.5719879Z,3341,0,DESKTOP-O7P9I53,0,0,INFORMATION,Microsoft-Windows-Security-SPP,1,false,3,Software protection service scheduled successfully.,"[""windows"",""windows_application""]",60642,windows_eventchannel, ,log,"Jun 9, 2025 @ 19:36:33.909",EventChannel,1749477993.1941250,"Jun 9, 2025 @ 19:36:33.909", , , , , , , , , , , , , , , , , , , , , , , , , , , , , , , , , , , , , , , , , , , , , , , , , , , , , , , , , , , ,"2025-06-10T14:02:33Z, RulesEngine",Software Protection Platform Service, , , , , , , , , , , , , , , , , , , , , , , , 
wazuh-alerts-4.x-2025.06.09,c-ADVZcBD7y1GXNG34Yb,1,1,192.168.254.162,DESKTOP-O7P9I53,001,hat-VMware-Virtual-Platform, ,C:\\Windows\\system32\\LogonUI.exe, , , , , ,{154c2aaf-e982-6846-1500-000000001800}, , ,508, ,2025-06-09 14:06:38.638, , , , , , ,NT AUTHORITY\\SYSTEM, , ,13,0x8000000000000000,{5770385f-c22a-43e0-bf4c-06f5698ffbd9},4,Microsoft-Windows-Sysmon/Operational,0,"""Registry value set:
RuleName: -
EventType: SetValue
UtcTime: 2025-06-09 14:06:38.638
ProcessGuid: {154c2aaf-e982-6846-1500-000000001800}
ProcessId: 508
Image: C:\Windows\system32\LogonUI.exe
TargetObject: HKU\.DEFAULT\Keyboard Layout\Preload\2
Details: 00000409
User: NT AUTHORITY\SYSTEM""",2,2025-06-09T14:06:38.6449607Z,31025,5512,DESKTOP-O7P9I53,13,3292,INFORMATION,Microsoft-Windows-Sysmon,216,false,5,Sysmon - Event 13: RegistryEvent SetValue on HKU\\.DEFAULT\\Keyboard Layout\\Preload\\2 by C:\\Windows\\system32\\LogonUI.exe,"[""windows"",""sysmon"",""sysmon_event_13""]",61615,windows_eventchannel,"{""win"":{""system"":{""providerName"":""Microsoft-Windows-Sysmon"",""providerGuid"":""{5770385f-c22a-43e0-bf4c-06f5698ffbd9}"",""eventID"":""13"",""version"":""2"",""level"":""4"",""task"":""13"",""opcode"":""0"",""keywords"":""0x8000000000000000"",""systemTime"":""2025-06-09T14:06:38.6449607Z"",""eventRecordID"":""31025"",""processID"":""3292"",""threadID"":""5512"",""channel"":""Microsoft-Windows-Sysmon/Operational"",""computer"":""DESKTOP-O7P9I53"",""severityValue"":""INFORMATION"",""message"":""\""Registry value set:\r\nRuleName: -\r\nEventType: SetValue\r\nUtcTime: 2025-06-09 14:06:38.638\r\nProcessGuid: {154c2aaf-e982-6846-1500-000000001800}\r\nProcessId: 508\r\nImage: C:\\Windows\\system32\\LogonUI.exe\r\nTargetObject: HKU\\.DEFAULT\\Keyboard Layout\\Preload\\2\r\nDetails: 00000409\r\nUser: NT AUTHORITY\\SYSTEM\""""},""eventdata"":{""eventType"":""SetValue"",""utcTime"":""2025-06-09 14:06:38.638"",""processGuid"":""{154c2aaf-e982-6846-1500-000000001800}"",""processId"":""508"",""image"":""C:\\\\Windows\\\\system32\\\\LogonUI.exe"",""targetObject"":""HKU\\\\.DEFAULT\\\\Keyboard Layout\\\\Preload\\\\2"",""details"":""00000409"",""user"":""NT AUTHORITY\\\\SYSTEM""}}}",log,"Jun 9, 2025 @ 19:36:39.442",EventChannel,1749477999.1948015,"Jun 9, 2025 @ 19:36:39.442", , , , , , , , , , , , , , , , , , , , , , , , , , , , , , , , , , , , , , , , , , , , , , , , , , , ,HKU\\.DEFAULT\\Keyboard Layout\\Preload\\2, ,00000409,SetValue, , , , , , , , , , , , , , , , , , , , , , , , , , , , , , 
wazuh-alerts-4.x-2025.06.09,dOADVZcBD7y1GXNG34Yb,1,1,192.168.254.162,DESKTOP-O7P9I53,001,hat-VMware-Virtual-Platform, ,C:\\Windows\\system32\\LogonUI.exe, , , , , ,{154c2aaf-e982-6846-1500-000000001800}, , ,508, ,2025-06-09 14:06:38.638, , , , , , ,NT AUTHORITY\\SYSTEM, , ,13,0x8000000000000000,{5770385f-c22a-43e0-bf4c-06f5698ffbd9},4,Microsoft-Windows-Sysmon/Operational,0,"""Registry value set:
RuleName: -
EventType: SetValue
UtcTime: 2025-06-09 14:06:38.638
ProcessGuid: {154c2aaf-e982-6846-1500-000000001800}
ProcessId: 508
Image: C:\Windows\system32\LogonUI.exe
TargetObject: HKU\.DEFAULT\Keyboard Layout\Substitutes\00000409
Details: 00004009
User: NT AUTHORITY\SYSTEM""",2,2025-06-09T14:06:38.6449870Z,31026,5512,DESKTOP-O7P9I53,13,3292,INFORMATION,Microsoft-Windows-Sysmon,217,false,5,Sysmon - Event 13: RegistryEvent SetValue on HKU\\.DEFAULT\\Keyboard Layout\\Substitutes\\00000409 by C:\\Windows\\system32\\LogonUI.exe,"[""windows"",""sysmon"",""sysmon_event_13""]",61615,windows_eventchannel,"{""win"":{""system"":{""providerName"":""Microsoft-Windows-Sysmon"",""providerGuid"":""{5770385f-c22a-43e0-bf4c-06f5698ffbd9}"",""eventID"":""13"",""version"":""2"",""level"":""4"",""task"":""13"",""opcode"":""0"",""keywords"":""0x8000000000000000"",""systemTime"":""2025-06-09T14:06:38.6449870Z"",""eventRecordID"":""31026"",""processID"":""3292"",""threadID"":""5512"",""channel"":""Microsoft-Windows-Sysmon/Operational"",""computer"":""DESKTOP-O7P9I53"",""severityValue"":""INFORMATION"",""message"":""\""Registry value set:\r\nRuleName: -\r\nEventType: SetValue\r\nUtcTime: 2025-06-09 14:06:38.638\r\nProcessGuid: {154c2aaf-e982-6846-1500-000000001800}\r\nProcessId: 508\r\nImage: C:\\Windows\\system32\\LogonUI.exe\r\nTargetObject: HKU\\.DEFAULT\\Keyboard Layout\\Substitutes\\00000409\r\nDetails: 00004009\r\nUser: NT AUTHORITY\\SYSTEM\""""},""eventdata"":{""eventType"":""SetValue"",""utcTime"":""2025-06-09 14:06:38.638"",""processGuid"":""{154c2aaf-e982-6846-1500-000000001800}"",""processId"":""508"",""image"":""C:\\\\Windows\\\\system32\\\\LogonUI.exe"",""targetObject"":""HKU\\\\.DEFAULT\\\\Keyboard Layout\\\\Substitutes\\\\00000409"",""details"":""00004009"",""user"":""NT AUTHORITY\\\\SYSTEM""}}}",log,"Jun 9, 2025 @ 19:36:39.456",EventChannel,1749477999.1950600,"Jun 9, 2025 @ 19:36:39.456", , , , , , , , , , , , , , , , , , , , , , , , , , , , , , , , , , , , , , , , , , , , , , , , , , , ,HKU\\.DEFAULT\\Keyboard Layout\\Substitutes\\00000409, ,00004009,SetValue, , , , , , , , , , , , , , , , , , , , , , , , , , , , , , 
wazuh-alerts-4.x-2025.06.09,duADVZcBD7y1GXNG34Yb,1,1,192.168.254.162,DESKTOP-O7P9I53,001,hat-VMware-Virtual-Platform, ,C:\\Program Files (x86)\\Microsoft\\EdgeUpdate\\Install\\{98BF926B-54C2-461A-9855-EA9671B54B57}\\EDGEMITMP_B97F5.tmp\\setup.exe, , , , , ,{154c2aaf-ea46-6846-4501-000000001800}, , ,2588, ,2025-06-09 14:06:39.696, , , , , , ,NT AUTHORITY\\SYSTEM, , ,13,0x8000000000000000,{5770385f-c22a-43e0-bf4c-06f5698ffbd9},4,Microsoft-Windows-Sysmon/Operational,0,"""Registry value set:
RuleName: InvDB-Pub
EventType: SetValue
UtcTime: 2025-06-09 14:06:39.696
ProcessGuid: {154c2aaf-ea46-6846-4501-000000001800}
ProcessId: 2588
Image: C:\Program Files (x86)\Microsoft\EdgeUpdate\Install\{98BF926B-54C2-461A-9855-EA9671B54B57}\EDGEMITMP_B97F5.tmp\setup.exe
TargetObject: HKLM\SOFTWARE\WOW6432Node\Microsoft\Windows\CurrentVersion\Uninstall\Microsoft Edge\Publisher
Details: Microsoft Corporation
User: NT AUTHORITY\SYSTEM""",2,2025-06-09T14:06:39.6974010Z,31028,5512,DESKTOP-O7P9I53,13,3292,INFORMATION,Microsoft-Windows-Sysmon,218,false,5,Sysmon - Event 13: RegistryEvent SetValue on HKLM\\SOFTWARE\\WOW6432Node\\Microsoft\\Windows\\CurrentVersion\\Uninstall\\Microsoft Edge\\Publisher by C:\\Program Files (x86)\\Microsoft\\EdgeUpdate\\Install\\{98BF926B-54C2-461A-9855-EA9671B54B57}\\EDGEMITMP_B97F5.tmp\\setup.exe,"[""windows"",""sysmon"",""sysmon_event_13""]",61615,windows_eventchannel,"{""win"":{""system"":{""providerName"":""Microsoft-Windows-Sysmon"",""providerGuid"":""{5770385f-c22a-43e0-bf4c-06f5698ffbd9}"",""eventID"":""13"",""version"":""2"",""level"":""4"",""task"":""13"",""opcode"":""0"",""keywords"":""0x8000000000000000"",""systemTime"":""2025-06-09T14:06:39.6974010Z"",""eventRecordID"":""31028"",""processID"":""3292"",""threadID"":""5512"",""channel"":""Microsoft-Windows-Sysmon/Operational"",""computer"":""DESKTOP-O7P9I53"",""severityValue"":""INFORMATION"",""message"":""\""Registry value set:\r\nRuleName: InvDB-Pub\r\nEventType: SetValue\r\nUtcTime: 2025-06-09 14:06:39.696\r\nProcessGuid: {154c2aaf-ea46-6846-4501-000000001800}\r\nProcessId: 2588\r\nImage: C:\\Program Files (x86)\\Microsoft\\EdgeUpdate\\Install\\{98BF926B-54C2-461A-9855-EA9671B54B57}\\EDGEMITMP_B97F5.tmp\\setup.exe\r\nTargetObject: HKLM\\SOFTWARE\\WOW6432Node\\Microsoft\\Windows\\CurrentVersion\\Uninstall\\Microsoft Edge\\Publisher\r\nDetails: Microsoft Corporation\r\nUser: NT AUTHORITY\\SYSTEM\""""},""eventdata"":{""ruleName"":""InvDB-Pub"",""eventType"":""SetValue"",""utcTime"":""2025-06-09 14:06:39.696"",""processGuid"":""{154c2aaf-ea46-6846-4501-000000001800}"",""processId"":""2588"",""image"":""C:\\\\Program Files (x86)\\\\Microsoft\\\\EdgeUpdate\\\\Install\\\\{98BF926B-54C2-461A-9855-EA9671B54B57}\\\\EDGEMITMP_B97F5.tmp\\\\setup.exe"",""targetObject"":""HKLM\\\\SOFTWARE\\\\WOW6432Node\\\\Microsoft\\\\Windows\\\\CurrentVersion\\\\Uninstall\\\\Microsoft Edge\\\\Publisher"",""details"":""Microsoft Corporation"",""user"":""NT AUTHORITY\\\\SYSTEM""}}}",log,"Jun 9, 2025 @ 19:36:40.696",EventChannel,1749478000.1956561,"Jun 9, 2025 @ 19:36:40.696", , , , , , , , , , , , , , , , , , , , , , , , , , , , , , , , , , , , , , , , , , , , , , , , , , , ,HKLM\\SOFTWARE\\WOW6432Node\\Microsoft\\Windows\\CurrentVersion\\Uninstall\\Microsoft Edge\\Publisher,InvDB-Pub,Microsoft Corporation,SetValue, , , , , , , , , , , , , , , , , , , , , , , , , , , , , , 
wazuh-alerts-4.x-2025.06.09,d-ADVZcBD7y1GXNG34Yb,1,1,192.168.254.162,DESKTOP-O7P9I53,001,hat-VMware-Virtual-Platform, ,C:\\Program Files (x86)\\Microsoft\\EdgeUpdate\\Install\\{98BF926B-54C2-461A-9855-EA9671B54B57}\\EDGEMITMP_B97F5.tmp\\setup.exe, , , , , ,{154c2aaf-ea46-6846-4501-000000001800}, , ,2588, ,2025-06-09 14:06:40.030, , , , , , ,NT AUTHORITY\\SYSTEM, , ,13,0x8000000000000000,{5770385f-c22a-43e0-bf4c-06f5698ffbd9},4,Microsoft-Windows-Sysmon/Operational,0,"""Registry value set:
RuleName: T1122
EventType: SetValue
UtcTime: 2025-06-09 14:06:40.030
ProcessGuid: {154c2aaf-ea46-6846-4501-000000001800}
ProcessId: 2588
Image: C:\Program Files (x86)\Microsoft\EdgeUpdate\Install\{98BF926B-54C2-461A-9855-EA9671B54B57}\EDGEMITMP_B97F5.tmp\setup.exe
TargetObject: HKCR\WOW6432Node\CLSID\{1FD49718-1D00-4B19-AF5F-070AF6D5D54C}\InprocServer32\(Default)
Details: C:\Program Files (x86)\Microsoft\Edge\Application\137.0.3296.68\BHO\ie_to_edge_bho.dll
User: NT AUTHORITY\SYSTEM""",2,2025-06-09T14:06:40.0306097Z,31031,5512,DESKTOP-O7P9I53,13,3292,INFORMATION,Microsoft-Windows-Sysmon,219,false,5,Sysmon - Event 13: RegistryEvent SetValue on HKCR\\WOW6432Node\\CLSID\\{1FD49718-1D00-4B19-AF5F-070AF6D5D54C}\\InprocServer32\\(Default) by C:\\Program Files (x86)\\Microsoft\\EdgeUpdate\\Install\\{98BF926B-54C2-461A-9855-EA9671B54B57}\\EDGEMITMP_B97F5.tmp\\setup.exe,"[""windows"",""sysmon"",""sysmon_event_13""]",61615,windows_eventchannel,"{""win"":{""system"":{""providerName"":""Microsoft-Windows-Sysmon"",""providerGuid"":""{5770385f-c22a-43e0-bf4c-06f5698ffbd9}"",""eventID"":""13"",""version"":""2"",""level"":""4"",""task"":""13"",""opcode"":""0"",""keywords"":""0x8000000000000000"",""systemTime"":""2025-06-09T14:06:40.0306097Z"",""eventRecordID"":""31031"",""processID"":""3292"",""threadID"":""5512"",""channel"":""Microsoft-Windows-Sysmon/Operational"",""computer"":""DESKTOP-O7P9I53"",""severityValue"":""INFORMATION"",""message"":""\""Registry value set:\r\nRuleName: T1122\r\nEventType: SetValue\r\nUtcTime: 2025-06-09 14:06:40.030\r\nProcessGuid: {154c2aaf-ea46-6846-4501-000000001800}\r\nProcessId: 2588\r\nImage: C:\\Program Files (x86)\\Microsoft\\EdgeUpdate\\Install\\{98BF926B-54C2-461A-9855-EA9671B54B57}\\EDGEMITMP_B97F5.tmp\\setup.exe\r\nTargetObject: HKCR\\WOW6432Node\\CLSID\\{1FD49718-1D00-4B19-AF5F-070AF6D5D54C}\\InprocServer32\\(Default)\r\nDetails: C:\\Program Files (x86)\\Microsoft\\Edge\\Application\\137.0.3296.68\\BHO\\ie_to_edge_bho.dll\r\nUser: NT AUTHORITY\\SYSTEM\""""},""eventdata"":{""ruleName"":""T1122"",""eventType"":""SetValue"",""utcTime"":""2025-06-09 14:06:40.030"",""processGuid"":""{154c2aaf-ea46-6846-4501-000000001800}"",""processId"":""2588"",""image"":""C:\\\\Program Files (x86)\\\\Microsoft\\\\EdgeUpdate\\\\Install\\\\{98BF926B-54C2-461A-9855-EA9671B54B57}\\\\EDGEMITMP_B97F5.tmp\\\\setup.exe"",""targetObject"":""HKCR\\\\WOW6432Node\\\\CLSID\\\\{1FD49718-1D00-4B19-AF5F-070AF6D5D54C}\\\\InprocServer32\\\\(Default)"",""details"":""C:\\\\Program Files (x86)\\\\Microsoft\\\\Edge\\\\Application\\\\137.0.3296.68\\\\BHO\\\\ie_to_edge_bho.dll"",""user"":""NT AUTHORITY\\\\SYSTEM""}}}",log,"Jun 9, 2025 @ 19:36:40.727",EventChannel,1749478000.1960043,"Jun 9, 2025 @ 19:36:40.727", , , , , , , , , , , , , , , , , , , , , , , , , , , , , , , , , , , , , , , , , , , , , , , , , , , ,HKCR\\WOW6432Node\\CLSID\\{1FD49718-1D00-4B19-AF5F-070AF6D5D54C}\\InprocServer32\\(Default),T1122,C:\\Program Files (x86)\\Microsoft\\Edge\\Application\\137.0.3296.68\\BHO\\ie_to_edge_bho.dll,SetValue, , , , , , , , , , , , , , , , , , , , , , , , , , , , , , 
wazuh-alerts-4.x-2025.06.09,fuADVZcBD7y1GXNG34Yb,1,1,192.168.254.162,DESKTOP-O7P9I53,001,hat-VMware-Virtual-Platform, ,C:\\Program Files (x86)\\Microsoft\\EdgeUpdate\\Install\\{98BF926B-54C2-461A-9855-EA9671B54B57}\\EDGEMITMP_B97F5.tmp\\setup.exe, , , , , ,{154c2aaf-ea46-6846-4501-000000001800}, , ,2588, ,2025-06-09 14:06:40.061, , , , , , ,NT AUTHORITY\\SYSTEM, , ,13,0x8000000000000000,{5770385f-c22a-43e0-bf4c-06f5698ffbd9},4,Microsoft-Windows-Sysmon/Operational,0,"""Registry value set:
RuleName: T1122
EventType: SetValue
UtcTime: 2025-06-09 14:06:40.061
ProcessGuid: {154c2aaf-ea46-6846-4501-000000001800}
ProcessId: 2588
Image: C:\Program Files (x86)\Microsoft\EdgeUpdate\Install\{98BF926B-54C2-461A-9855-EA9671B54B57}\EDGEMITMP_B97F5.tmp\setup.exe
TargetObject: HKCR\CLSID\{3A84F9C2-6164-485C-A7D9-4B27F8AC009E}\InProcServer32\(Default)
Details: C:\Program Files (x86)\Microsoft\Edge\Application\137.0.3296.68\PdfPreview\PdfPreviewHandler.dll
User: NT AUTHORITY\SYSTEM""",2,2025-06-09T14:06:40.0710663Z,31036,5512,DESKTOP-O7P9I53,13,3292,INFORMATION,Microsoft-Windows-Sysmon,226,false,5,Sysmon - Event 13: RegistryEvent SetValue on HKCR\\CLSID\\{3A84F9C2-6164-485C-A7D9-4B27F8AC009E}\\InProcServer32\\(Default) by C:\\Program Files (x86)\\Microsoft\\EdgeUpdate\\Install\\{98BF926B-54C2-461A-9855-EA9671B54B57}\\EDGEMITMP_B97F5.tmp\\setup.exe,"[""windows"",""sysmon"",""sysmon_event_13""]",61615,windows_eventchannel,"{""win"":{""system"":{""providerName"":""Microsoft-Windows-Sysmon"",""providerGuid"":""{5770385f-c22a-43e0-bf4c-06f5698ffbd9}"",""eventID"":""13"",""version"":""2"",""level"":""4"",""task"":""13"",""opcode"":""0"",""keywords"":""0x8000000000000000"",""systemTime"":""2025-06-09T14:06:40.0710663Z"",""eventRecordID"":""31036"",""processID"":""3292"",""threadID"":""5512"",""channel"":""Microsoft-Windows-Sysmon/Operational"",""computer"":""DESKTOP-O7P9I53"",""severityValue"":""INFORMATION"",""message"":""\""Registry value set:\r\nRuleName: T1122\r\nEventType: SetValue\r\nUtcTime: 2025-06-09 14:06:40.061\r\nProcessGuid: {154c2aaf-ea46-6846-4501-000000001800}\r\nProcessId: 2588\r\nImage: C:\\Program Files (x86)\\Microsoft\\EdgeUpdate\\Install\\{98BF926B-54C2-461A-9855-EA9671B54B57}\\EDGEMITMP_B97F5.tmp\\setup.exe\r\nTargetObject: HKCR\\CLSID\\{3A84F9C2-6164-485C-A7D9-4B27F8AC009E}\\InProcServer32\\(Default)\r\nDetails: C:\\Program Files (x86)\\Microsoft\\Edge\\Application\\137.0.3296.68\\PdfPreview\\PdfPreviewHandler.dll\r\nUser: NT AUTHORITY\\SYSTEM\""""},""eventdata"":{""ruleName"":""T1122"",""eventType"":""SetValue"",""utcTime"":""2025-06-09 14:06:40.061"",""processGuid"":""{154c2aaf-ea46-6846-4501-000000001800}"",""processId"":""2588"",""image"":""C:\\\\Program Files (x86)\\\\Microsoft\\\\EdgeUpdate\\\\Install\\\\{98BF926B-54C2-461A-9855-EA9671B54B57}\\\\EDGEMITMP_B97F5.tmp\\\\setup.exe"",""targetObject"":""HKCR\\\\CLSID\\\\{3A84F9C2-6164-485C-A7D9-4B27F8AC009E}\\\\InProcServer32\\\\(Default)"",""details"":""C:\\\\Program Files (x86)\\\\Microsoft\\\\Edge\\\\Application\\\\137.0.3296.68\\\\PdfPreview\\\\PdfPreviewHandler.dll"",""user"":""NT AUTHORITY\\\\SYSTEM""}}}",log,"Jun 9, 2025 @ 19:36:40.820",EventChannel,1749478000.1985607,"Jun 9, 2025 @ 19:36:40.820", , , , , , , , , , , , , , , , , , , , , , , , , , , , , , , , , , , , , , , , , , , , , , , , , , , ,HKCR\\CLSID\\{3A84F9C2-6164-485C-A7D9-4B27F8AC009E}\\InProcServer32\\(Default),T1122,C:\\Program Files (x86)\\Microsoft\\Edge\\Application\\137.0.3296.68\\PdfPreview\\PdfPreviewHandler.dll,SetValue, , , , , , , , , , , , , , , , , , , , , , , , , , , , , , 
wazuh-alerts-4.x-2025.06.09,f-ADVZcBD7y1GXNG34Yb,1,1,192.168.254.162,DESKTOP-O7P9I53,001,hat-VMware-Virtual-Platform, ,C:\\Program Files (x86)\\Microsoft\\EdgeUpdate\\Install\\{98BF926B-54C2-461A-9855-EA9671B54B57}\\EDGEMITMP_B97F5.tmp\\setup.exe, , , , , ,{154c2aaf-ea46-6846-4501-000000001800}, , ,2588, ,2025-06-09 14:06:40.092, , , , , , ,NT AUTHORITY\\SYSTEM, , ,13,0x8000000000000000,{5770385f-c22a-43e0-bf4c-06f5698ffbd9},4,Microsoft-Windows-Sysmon/Operational,0,"""Registry value set:
RuleName: T1122
EventType: SetValue
UtcTime: 2025-06-09 14:06:40.092
ProcessGuid: {154c2aaf-ea46-6846-4501-000000001800}
ProcessId: 2588
Image: C:\Program Files (x86)\Microsoft\EdgeUpdate\Install\{98BF926B-54C2-461A-9855-EA9671B54B57}\EDGEMITMP_B97F5.tmp\setup.exe
TargetObject: HKCR\CLSID\{B54934CD-71A6-4698-BDC2-AFEA5B86504C}\InprocServer32\(Default)
Details: C:\Program Files (x86)\Microsoft\Edge\Application\137.0.3296.68\EBWebView\x64\EmbeddedBrowserWebView.dll
User: NT AUTHORITY\SYSTEM""",2,2025-06-09T14:06:40.1016781Z,31038,5512,DESKTOP-O7P9I53,13,3292,INFORMATION,Microsoft-Windows-Sysmon,227,false,5,Sysmon - Event 13: RegistryEvent SetValue on HKCR\\CLSID\\{B54934CD-71A6-4698-BDC2-AFEA5B86504C}\\InprocServer32\\(Default) by C:\\Program Files (x86)\\Microsoft\\EdgeUpdate\\Install\\{98BF926B-54C2-461A-9855-EA9671B54B57}\\EDGEMITMP_B97F5.tmp\\setup.exe,"[""windows"",""sysmon"",""sysmon_event_13""]",61615,windows_eventchannel,"{""win"":{""system"":{""providerName"":""Microsoft-Windows-Sysmon"",""providerGuid"":""{5770385f-c22a-43e0-bf4c-06f5698ffbd9}"",""eventID"":""13"",""version"":""2"",""level"":""4"",""task"":""13"",""opcode"":""0"",""keywords"":""0x8000000000000000"",""systemTime"":""2025-06-09T14:06:40.1016781Z"",""eventRecordID"":""31038"",""processID"":""3292"",""threadID"":""5512"",""channel"":""Microsoft-Windows-Sysmon/Operational"",""computer"":""DESKTOP-O7P9I53"",""severityValue"":""INFORMATION"",""message"":""\""Registry value set:\r\nRuleName: T1122\r\nEventType: SetValue\r\nUtcTime: 2025-06-09 14:06:40.092\r\nProcessGuid: {154c2aaf-ea46-6846-4501-000000001800}\r\nProcessId: 2588\r\nImage: C:\\Program Files (x86)\\Microsoft\\EdgeUpdate\\Install\\{98BF926B-54C2-461A-9855-EA9671B54B57}\\EDGEMITMP_B97F5.tmp\\setup.exe\r\nTargetObject: HKCR\\CLSID\\{B54934CD-71A6-4698-BDC2-AFEA5B86504C}\\InprocServer32\\(Default)\r\nDetails: C:\\Program Files (x86)\\Microsoft\\Edge\\Application\\137.0.3296.68\\EBWebView\\x64\\EmbeddedBrowserWebView.dll\r\nUser: NT AUTHORITY\\SYSTEM\""""},""eventdata"":{""ruleName"":""T1122"",""eventType"":""SetValue"",""utcTime"":""2025-06-09 14:06:40.092"",""processGuid"":""{154c2aaf-ea46-6846-4501-000000001800}"",""processId"":""2588"",""image"":""C:\\\\Program Files (x86)\\\\Microsoft\\\\EdgeUpdate\\\\Install\\\\{98BF926B-54C2-461A-9855-EA9671B54B57}\\\\EDGEMITMP_B97F5.tmp\\\\setup.exe"",""targetObject"":""HKCR\\\\CLSID\\\\{B54934CD-71A6-4698-BDC2-AFEA5B86504C}\\\\InprocServer32\\\\(Default)"",""details"":""C:\\\\Program Files (x86)\\\\Microsoft\\\\Edge\\\\Application\\\\137.0.3296.68\\\\EBWebView\\\\x64\\\\EmbeddedBrowserWebView.dll"",""user"":""NT AUTHORITY\\\\SYSTEM""}}}",log,"Jun 9, 2025 @ 19:36:40.851",EventChannel,1749478000.1989289,"Jun 9, 2025 @ 19:36:40.851", , , , , , , , , , , , , , , , , , , , , , , , , , , , , , , , , , , , , , , , , , , , , , , , , , , ,HKCR\\CLSID\\{B54934CD-71A6-4698-BDC2-AFEA5B86504C}\\InprocServer32\\(Default),T1122,C:\\Program Files (x86)\\Microsoft\\Edge\\Application\\137.0.3296.68\\EBWebView\\x64\\EmbeddedBrowserWebView.dll,SetValue, , , , , , , , , , , , , , , , , , , , , , , , , , , , , , 
