wazuh-alerts-4.x-2025.06.09,4-AEVZcBD7y1GXNGPYag,1,1,192.168.254.162,DESKTOP-O7P9I53,001,hat-VMware-Virtual-Platform,OneDrive.exe,C:\\Users\\admin\\AppData\\Local\\Microsoft\\OneDrive\\OneDrive.exe,Microsoft OneDrive,{154c2aaf-ea75-6846-6501-000000001800},Microsoft OneDrive,{154c2aaf-ea73-6846-23bd-220000000000},C:\\Windows\\Explorer.EXE,{154c2aaf-ea8a-6846-8a01-000000001800},0x22bd23,1892,7664,C:\\Windows\\system32\\,2025-06-09 14:07:06.692,"MD5=F606E5D34C7585BE4DB7F3CBD74E9680,SHA256=F097A918BAE28C0F0374614A50A16BDFB6BD18707B0C18CF63C5EEF1B5AA342A,IMPHASH=DB0CAF9AF9028C56D6A1547A3B9FC816",C:\\Windows\\explorer.exe,Microsoft Corporation,"\""C:\\Users\\admin\\AppData\\Local\\Microsoft\\OneDrive\\OneDrive.exe\"" /background",Medium,25.085.0504.0002,DESKTOP-O7P9I53\\admin,1,DESKTOP-O7P9I53\\admin,1,0x8000000000000000,{5770385f-c22a-43e0-bf4c-06f5698ffbd9},4,Microsoft-Windows-Sysmon/Operational,0,"""Process Create:
RuleName: -
UtcTime: 2025-06-09 14:07:06.692
ProcessGuid: {154c2aaf-ea8a-6846-8a01-000000001800}
ProcessId: 7664
Image: C:\Users\admin\AppData\Local\Microsoft\OneDrive\OneDrive.exe
FileVersion: 25.085.0504.0002
Description: Microsoft OneDrive
Product: Microsoft OneDrive
Company: Microsoft Corporation
OriginalFileName: OneDrive.exe
CommandLine: ""C:\Users\admin\AppData\Local\Microsoft\OneDrive\OneDrive.exe"" /background
CurrentDirectory: C:\Windows\system32\
User: DESKTOP-O7P9I53\admin
LogonGuid: {154c2aaf-ea73-6846-23bd-220000000000}
LogonId: 0x22BD23
TerminalSessionId: 1
IntegrityLevel: Medium
Hashes: MD5=F606E5D34C7585BE4DB7F3CBD74E9680,SHA256=F097A918BAE28C0F0374614A50A16BDFB6BD18707B0C18CF63C5EEF1B5AA342A,IMPHASH=DB0CAF9AF9028C56D6A1547A3B9FC816
ParentProcessGuid: {154c2aaf-ea75-6846-6501-000000001800}
ParentProcessId: 1892
ParentImage: C:\Windows\explorer.exe
ParentCommandLine: C:\Windows\Explorer.EXE
ParentUser: DESKTOP-O7P9I53\admin""",5,2025-06-09T14:07:06.7216660Z,31138,5512,DESKTOP-O7P9I53,1,3292,INFORMATION,Microsoft-Windows-Sysmon,62,false,5,Sysmon - Event 1: Process creation Microsoft OneDrive,"[""windows"",""sysmon"",""sysmon_event1""]",61603,windows_eventchannel,"{""win"":{""system"":{""providerName"":""Microsoft-Windows-Sysmon"",""providerGuid"":""{5770385f-c22a-43e0-bf4c-06f5698ffbd9}"",""eventID"":""1"",""version"":""5"",""level"":""4"",""task"":""1"",""opcode"":""0"",""keywords"":""0x8000000000000000"",""systemTime"":""2025-06-09T14:07:06.7216660Z"",""eventRecordID"":""31138"",""processID"":""3292"",""threadID"":""5512"",""channel"":""Microsoft-Windows-Sysmon/Operational"",""computer"":""DESKTOP-O7P9I53"",""severityValue"":""INFORMATION"",""message"":""\""Process Create:\r\nRuleName: -\r\nUtcTime: 2025-06-09 14:07:06.692\r\nProcessGuid: {154c2aaf-ea8a-6846-8a01-000000001800}\r\nProcessId: 7664\r\nImage: C:\\Users\\admin\\AppData\\Local\\Microsoft\\OneDrive\\OneDrive.exe\r\nFileVersion: 25.085.0504.0002\r\nDescription: Microsoft OneDrive\r\nProduct: Microsoft OneDrive\r\nCompany: Microsoft Corporation\r\nOriginalFileName: OneDrive.exe\r\nCommandLine: \""C:\\Users\\admin\\AppData\\Local\\Microsoft\\OneDrive\\OneDrive.exe\"" /background\r\nCurrentDirectory: C:\\Windows\\system32\\\r\nUser: DESKTOP-O7P9I53\\admin\r\nLogonGuid: {154c2aaf-ea73-6846-23bd-220000000000}\r\nLogonId: 0x22BD23\r\nTerminalSessionId: 1\r\nIntegrityLevel: Medium\r\nHashes: MD5=F606E5D34C7585BE4DB7F3CBD74E9680,SHA256=F097A918BAE28C0F0374614A50A16BDFB6BD18707B0C18CF63C5EEF1B5AA342A,IMPHASH=DB0CAF9AF9028C56D6A1547A3B9FC816\r\nParentProcessGuid: {154c2aaf-ea75-6846-6501-000000001800}\r\nParentProcessId: 1892\r\nParentImage: C:\\Windows\\explorer.exe\r\nParentCommandLine: C:\\Windows\\Explorer.EXE\r\nParentUser: DESKTOP-O7P9I53\\admin\""""},""eventdata"":{""utcTime"":""2025-06-09 14:07:06.692"",""processGuid"":""{154c2aaf-ea8a-6846-8a01-000000001800}"",""processId"":""7664"",""image"":""C:\\\\Users\\\\admin\\\\AppData\\\\Local\\\\Microsoft\\\\OneDrive\\\\OneDrive.exe"",""fileVersion"":""25.085.0504.0002"",""description"":""Microsoft OneDrive"",""product"":""Microsoft OneDrive"",""company"":""Microsoft Corporation"",""originalFileName"":""OneDrive.exe"",""commandLine"":""\\\""C:\\\\Users\\\\admin\\\\AppData\\\\Local\\\\Microsoft\\\\OneDrive\\\\OneDrive.exe\\\"" /background"",""currentDirectory"":""C:\\\\Windows\\\\system32\\\\"",""user"":""DESKTOP-O7P9I53\\\\admin"",""logonGuid"":""{154c2aaf-ea73-6846-23bd-220000000000}"",""logonId"":""0x22bd23"",""terminalSessionId"":""1"",""integrityLevel"":""Medium"",""hashes"":""MD5=F606E5D34C7585BE4DB7F3CBD74E9680,SHA256=F097A918BAE28C0F0374614A50A16BDFB6BD18707B0C18CF63C5EEF1B5AA342A,IMPHASH=DB0CAF9AF9028C56D6A1547A3B9FC816"",""parentProcessGuid"":""{154c2aaf-ea75-6846-6501-000000001800}"",""parentProcessId"":""1892"",""parentImage"":""C:\\\\Windows\\\\explorer.exe"",""parentCommandLine"":""C:\\\\Windows\\\\Explorer.EXE"",""parentUser"":""DESKTOP-O7P9I53\\\\admin""}}}",log,"Jun 9, 2025 @ 19:37:07.687",EventChannel,1749478027.2442971,"Jun 9, 2025 @ 19:37:07.687", , , , , , , , , , , , , , , , , , , , , , , , , , , , , , , , , , , , , , , , , , , , , , , , , , , , , , , , , , , , , , , , , , , , , , , , , , , , , , , , , , , , , 
wazuh-alerts-4.x-2025.06.09,5-AEVZcBD7y1GXNGPYag,1,1,192.168.254.162,DESKTOP-O7P9I53,001,hat-VMware-Virtual-Platform,msedge.exe,C:\\Program Files (x86)\\Microsoft\\Edge\\Application\\msedge.exe,Microsoft Edge,{154c2aaf-ea8a-6846-8901-000000001800},Microsoft Edge,{154c2aaf-ea73-6846-23bd-220000000000},"\""C:\\Program Files (x86)\\Microsoft\\Edge\\Application\\msedge.exe\"" --no-startup-window --win-session-start",{154c2aaf-ea8b-6846-8e01-000000001800},0x22bd23,4580,8456,C:\\Program Files (x86)\\Microsoft\\Edge\\Application\\137.0.3296.68\\,2025-06-09 14:07:07.274,"MD5=7AB41BE2849631765066C98377239025,SHA256=F832EC438105F6D624029F80003BBEFAF52EC05911CB1BF32BFF896834B47AF7,IMPHASH=23FF41140CBD1050F401744A4BF949D3",C:\\Program Files (x86)\\Microsoft\\Edge\\Application\\msedge.exe,Microsoft Corporation,"\""C:\\Program Files (x86)\\Microsoft\\Edge\\Application\\msedge.exe\"" --type=utility --utility-sub-type=network.mojom.NetworkService --lang=en-US --service-sandbox-type=none --no-pre-read-main-dll --always-read-main-dll --field-trial-handle=2580,i,5375257325187418059,11153254794832448584,262144 --variations-seed-version --mojo-platform-channel-handle=3488 /prefetch:3",Medium,137.0.3296.68,DESKTOP-O7P9I53\\admin,1,DESKTOP-O7P9I53\\admin,1,0x8000000000000000,{5770385f-c22a-43e0-bf4c-06f5698ffbd9},4,Microsoft-Windows-Sysmon/Operational,0,"""Process Create:
RuleName: -
UtcTime: 2025-06-09 14:07:07.274
ProcessGuid: {154c2aaf-ea8b-6846-8e01-000000001800}
ProcessId: 8456
Image: C:\Program Files (x86)\Microsoft\Edge\Application\msedge.exe
FileVersion: 137.0.3296.68
Description: Microsoft Edge
Product: Microsoft Edge
Company: Microsoft Corporation
OriginalFileName: msedge.exe
CommandLine: ""C:\Program Files (x86)\Microsoft\Edge\Application\msedge.exe"" --type=utility --utility-sub-type=network.mojom.NetworkService --lang=en-US --service-sandbox-type=none --no-pre-read-main-dll --always-read-main-dll --field-trial-handle=2580,i,5375257325187418059,11153254794832448584,262144 --variations-seed-version --mojo-platform-channel-handle=3488 /prefetch:3
CurrentDirectory: C:\Program Files (x86)\Microsoft\Edge\Application\137.0.3296.68\
User: DESKTOP-O7P9I53\admin
LogonGuid: {154c2aaf-ea73-6846-23bd-220000000000}
LogonId: 0x22BD23
TerminalSessionId: 1
IntegrityLevel: Medium
Hashes: MD5=7AB41BE2849631765066C98377239025,SHA256=F832EC438105F6D624029F80003BBEFAF52EC05911CB1BF32BFF896834B47AF7,IMPHASH=23FF41140CBD1050F401744A4BF949D3
ParentProcessGuid: {154c2aaf-ea8a-6846-8901-000000001800}
ParentProcessId: 4580
ParentImage: C:\Program Files (x86)\Microsoft\Edge\Application\msedge.exe
ParentCommandLine: ""C:\Program Files (x86)\Microsoft\Edge\Application\msedge.exe"" --no-startup-window --win-session-start
ParentUser: DESKTOP-O7P9I53\admin""",5,2025-06-09T14:07:07.3191440Z,31142,5512,DESKTOP-O7P9I53,1,3292,INFORMATION,Microsoft-Windows-Sysmon,66,false,5,Sysmon - Event 1: Process creation Microsoft Edge,"[""windows"",""sysmon"",""sysmon_event1""]",61603,windows_eventchannel,"{""win"":{""system"":{""providerName"":""Microsoft-Windows-Sysmon"",""providerGuid"":""{5770385f-c22a-43e0-bf4c-06f5698ffbd9}"",""eventID"":""1"",""version"":""5"",""level"":""4"",""task"":""1"",""opcode"":""0"",""keywords"":""0x8000000000000000"",""systemTime"":""2025-06-09T14:07:07.3191440Z"",""eventRecordID"":""31142"",""processID"":""3292"",""threadID"":""5512"",""channel"":""Microsoft-Windows-Sysmon/Operational"",""computer"":""DESKTOP-O7P9I53"",""severityValue"":""INFORMATION"",""message"":""\""Process Create:\r\nRuleName: -\r\nUtcTime: 2025-06-09 14:07:07.274\r\nProcessGuid: {154c2aaf-ea8b-6846-8e01-000000001800}\r\nProcessId: 8456\r\nImage: C:\\Program Files (x86)\\Microsoft\\Edge\\Application\\msedge.exe\r\nFileVersion: 137.0.3296.68\r\nDescription: Microsoft Edge\r\nProduct: Microsoft Edge\r\nCompany: Microsoft Corporation\r\nOriginalFileName: msedge.exe\r\nCommandLine: \""C:\\Program Files (x86)\\Microsoft\\Edge\\Application\\msedge.exe\"" --type=utility --utility-sub-type=network.mojom.NetworkService --lang=en-US --service-sandbox-type=none --no-pre-read-main-dll --always-read-main-dll --field-trial-handle=2580,i,5375257325187418059,11153254794832448584,262144 --variations-seed-version --mojo-platform-channel-handle=3488 /prefetch:3\r\nCurrentDirectory: C:\\Program Files (x86)\\Microsoft\\Edge\\Application\\137.0.3296.68\\\r\nUser: DESKTOP-O7P9I53\\admin\r\nLogonGuid: {154c2aaf-ea73-6846-23bd-220000000000}\r\nLogonId: 0x22BD23\r\nTerminalSessionId: 1\r\nIntegrityLevel: Medium\r\nHashes: MD5=7AB41BE2849631765066C98377239025,SHA256=F832EC438105F6D624029F80003BBEFAF52EC05911CB1BF32BFF896834B47AF7,IMPHASH=23FF41140CBD1050F401744A4BF949D3\r\nParentProcessGuid: {154c2aaf-ea8a-6846-8901-000000001800}\r\nParentProcessId: 4580\r\nParentImage: C:\\Program Files (x86)\\Microsoft\\Edge\\Application\\msedge.exe\r\nParentCommandLine: \""C:\\Program Files (x86)\\Microsoft\\Edge\\Application\\msedge.exe\"" --no-startup-window --win-session-start\r\nParentUser: DESKTOP-O7P9I53\\admin\""""},""eventdata"":{""utcTime"":""2025-06-09 14:07:07.274"",""processGuid"":""{154c2aaf-ea8b-6846-8e01-000000001800}"",""processId"":""8456"",""image"":""C:\\\\Program Files (x86)\\\\Microsoft\\\\Edge\\\\Application\\\\msedge.exe"",""fileVersion"":""137.0.3296.68"",""description"":""Microsoft Edge"",""product"":""Microsoft Edge"",""company"":""Microsoft Corporation"",""originalFileName"":""msedge.exe"",""commandLine"":""\\\""C:\\\\Program Files (x86)\\\\Microsoft\\\\Edge\\\\Application\\\\msedge.exe\\\"" --type=utility --utility-sub-type=network.mojom.NetworkService --lang=en-US --service-sandbox-type=none --no-pre-read-main-dll --always-read-main-dll --field-trial-handle=2580,i,5375257325187418059,11153254794832448584,262144 --variations-seed-version --mojo-platform-channel-handle=3488 /prefetch:3"",""currentDirectory"":""C:\\\\Program Files (x86)\\\\Microsoft\\\\Edge\\\\Application\\\\137.0.3296.68\\\\"",""user"":""DESKTOP-O7P9I53\\\\admin"",""logonGuid"":""{154c2aaf-ea73-6846-23bd-220000000000}"",""logonId"":""0x22bd23"",""terminalSessionId"":""1"",""integrityLevel"":""Medium"",""hashes"":""MD5=7AB41BE2849631765066C98377239025,SHA256=F832EC438105F6D624029F80003BBEFAF52EC05911CB1BF32BFF896834B47AF7,IMPHASH=23FF41140CBD1050F401744A4BF949D3"",""parentProcessGuid"":""{154c2aaf-ea8a-6846-8901-000000001800}"",""parentProcessId"":""4580"",""parentImage"":""C:\\\\Program Files (x86)\\\\Microsoft\\\\Edge\\\\Application\\\\msedge.exe"",""parentCommandLine"":""\\\""C:\\\\Program Files (x86)\\\\Microsoft\\\\Edge\\\\Application\\\\msedge.exe\\\"" --no-startup-window --win-session-start"",""parentUser"":""DESKTOP-O7P9I53\\\\admin""}}}",log,"Jun 9, 2025 @ 19:37:08.596",EventChannel,1749478028.2470980,"Jun 9, 2025 @ 19:37:08.596", , , , , , , , , , , , , , , , , , , , , , , , , , , , , , , , , , , , , , , , , , , , , , , , , , , , , , , , , , , , , , , , , , , , , , , , , , , , , , , , , , , , , 
wazuh-alerts-4.x-2025.06.09,6-AEVZcBD7y1GXNGQYaU,1,1,192.168.254.162,DESKTOP-O7P9I53,001,hat-VMware-Virtual-Platform, ,C:\\Users\\admin\\AppData\\Local\\Microsoft\\OneDrive\\OneDrive.exe, , , , , ,{154c2aaf-ea8a-6846-8a01-000000001800}, , ,7664, ,2025-06-09 14:07:08.521, , , , , , ,DESKTOP-O7P9I53\\admin, , ,13,0x8000000000000000,{5770385f-c22a-43e0-bf4c-06f5698ffbd9},4,Microsoft-Windows-Sysmon/Operational,0,"""Registry value set:
RuleName: T1122
EventType: SetValue
UtcTime: 2025-06-09 14:07:08.521
ProcessGuid: {154c2aaf-ea8a-6846-8a01-000000001800}
ProcessId: 7664
Image: C:\Users\admin\AppData\Local\Microsoft\OneDrive\OneDrive.exe
TargetObject: HKU\S-1-5-21-442569660-4060779802-1076883227-1001_Classes\CLSID\{5AB7172C-9C11-405C-8DD5-AF20F3606282}\InprocServer32\(Default)
Details: C:\Users\admin\AppData\Local\Microsoft\OneDrive\25.085.0504.0002\FileSyncShell64.dll
User: DESKTOP-O7P9I53\admin""",2,2025-06-09T14:07:08.5686010Z,31146,5512,DESKTOP-O7P9I53,13,3292,INFORMATION,Microsoft-Windows-Sysmon,267,false,5,Sysmon - Event 13: RegistryEvent SetValue on HKU\\S-1-5-21-442569660-4060779802-1076883227-1001_Classes\\CLSID\\{5AB7172C-9C11-405C-8DD5-AF20F3606282}\\InprocServer32\\(Default) by C:\\Users\\admin\\AppData\\Local\\Microsoft\\OneDrive\\OneDrive.exe,"[""windows"",""sysmon"",""sysmon_event_13""]",61615,windows_eventchannel,"{""win"":{""system"":{""providerName"":""Microsoft-Windows-Sysmon"",""providerGuid"":""{5770385f-c22a-43e0-bf4c-06f5698ffbd9}"",""eventID"":""13"",""version"":""2"",""level"":""4"",""task"":""13"",""opcode"":""0"",""keywords"":""0x8000000000000000"",""systemTime"":""2025-06-09T14:07:08.5686010Z"",""eventRecordID"":""31146"",""processID"":""3292"",""threadID"":""5512"",""channel"":""Microsoft-Windows-Sysmon/Operational"",""computer"":""DESKTOP-O7P9I53"",""severityValue"":""INFORMATION"",""message"":""\""Registry value set:\r\nRuleName: T1122\r\nEventType: SetValue\r\nUtcTime: 2025-06-09 14:07:08.521\r\nProcessGuid: {154c2aaf-ea8a-6846-8a01-000000001800}\r\nProcessId: 7664\r\nImage: C:\\Users\\admin\\AppData\\Local\\Microsoft\\OneDrive\\OneDrive.exe\r\nTargetObject: HKU\\S-1-5-21-442569660-4060779802-1076883227-1001_Classes\\CLSID\\{5AB7172C-9C11-405C-8DD5-AF20F3606282}\\InprocServer32\\(Default)\r\nDetails: C:\\Users\\admin\\AppData\\Local\\Microsoft\\OneDrive\\25.085.0504.0002\\FileSyncShell64.dll\r\nUser: DESKTOP-O7P9I53\\admin\""""},""eventdata"":{""ruleName"":""T1122"",""eventType"":""SetValue"",""utcTime"":""2025-06-09 14:07:08.521"",""processGuid"":""{154c2aaf-ea8a-6846-8a01-000000001800}"",""processId"":""7664"",""image"":""C:\\\\Users\\\\admin\\\\AppData\\\\Local\\\\Microsoft\\\\OneDrive\\\\OneDrive.exe"",""targetObject"":""HKU\\\\S-1-5-21-442569660-4060779802-1076883227-1001_Classes\\\\CLSID\\\\{5AB7172C-9C11-405C-8DD5-AF20F3606282}\\\\InprocServer32\\\\(Default)"",""details"":""C:\\\\Users\\\\admin\\\\AppData\\\\Local\\\\Microsoft\\\\OneDrive\\\\25.085.0504.0002\\\\FileSyncShell64.dll"",""user"":""DESKTOP-O7P9I53\\\\admin""}}}",log,"Jun 9, 2025 @ 19:37:09.906",EventChannel,1749478029.2493069,"Jun 9, 2025 @ 19:37:09.906", , , , , , , , , , , , , , , , , , , , , , , , , , , , , , , , , , , , , , , , , , , , , , , , , , , ,HKU\\S-1-5-21-442569660-4060779802-1076883227-1001_Classes\\CLSID\\{5AB7172C-9C11-405C-8DD5-AF20F3606282}\\InprocServer32\\(Default),T1122,C:\\Users\\admin\\AppData\\Local\\Microsoft\\OneDrive\\25.085.0504.0002\\FileSyncShell64.dll,SetValue, , , , , , , , , , , , , , , , , , , , , , , , , , , , , , 
wazuh-alerts-4.x-2025.06.09,7OAEVZcBD7y1GXNGQYaU,1,1,192.168.254.162,DESKTOP-O7P9I53,001,hat-VMware-Virtual-Platform, ,C:\\Users\\admin\\AppData\\Local\\Microsoft\\OneDrive\\OneDrive.exe, , , , , ,{154c2aaf-ea8a-6846-8a01-000000001800}, , ,7664, ,2025-06-09 14:07:08.521, , , , , , ,DESKTOP-O7P9I53\\admin, , ,13,0x8000000000000000,{5770385f-c22a-43e0-bf4c-06f5698ffbd9},4,Microsoft-Windows-Sysmon/Operational,0,"""Registry value set:
RuleName: T1122
EventType: SetValue
UtcTime: 2025-06-09 14:07:08.521
ProcessGuid: {154c2aaf-ea8a-6846-8a01-000000001800}
ProcessId: 7664
Image: C:\Users\admin\AppData\Local\Microsoft\OneDrive\OneDrive.exe
TargetObject: HKU\S-1-5-21-442569660-4060779802-1076883227-1001_Classes\WOW6432Node\CLSID\{5AB7172C-9C11-405C-8DD5-AF20F3606282}\InprocServer32\(Default)
Details: C:\Users\admin\AppData\Local\Microsoft\OneDrive\25.085.0504.0002\i386\FileSyncShell.dll
User: DESKTOP-O7P9I53\admin""",2,2025-06-09T14:07:08.5686374Z,31147,5512,DESKTOP-O7P9I53,13,3292,INFORMATION,Microsoft-Windows-Sysmon,268,false,5,Sysmon - Event 13: RegistryEvent SetValue on HKU\\S-1-5-21-442569660-4060779802-1076883227-1001_Classes\\WOW6432Node\\CLSID\\{5AB7172C-9C11-405C-8DD5-AF20F3606282}\\InprocServer32\\(Default) by C:\\Users\\admin\\AppData\\Local\\Microsoft\\OneDrive\\OneDrive.exe,"[""windows"",""sysmon"",""sysmon_event_13""]",61615,windows_eventchannel,"{""win"":{""system"":{""providerName"":""Microsoft-Windows-Sysmon"",""providerGuid"":""{5770385f-c22a-43e0-bf4c-06f5698ffbd9}"",""eventID"":""13"",""version"":""2"",""level"":""4"",""task"":""13"",""opcode"":""0"",""keywords"":""0x8000000000000000"",""systemTime"":""2025-06-09T14:07:08.5686374Z"",""eventRecordID"":""31147"",""processID"":""3292"",""threadID"":""5512"",""channel"":""Microsoft-Windows-Sysmon/Operational"",""computer"":""DESKTOP-O7P9I53"",""severityValue"":""INFORMATION"",""message"":""\""Registry value set:\r\nRuleName: T1122\r\nEventType: SetValue\r\nUtcTime: 2025-06-09 14:07:08.521\r\nProcessGuid: {154c2aaf-ea8a-6846-8a01-000000001800}\r\nProcessId: 7664\r\nImage: C:\\Users\\admin\\AppData\\Local\\Microsoft\\OneDrive\\OneDrive.exe\r\nTargetObject: HKU\\S-1-5-21-442569660-4060779802-1076883227-1001_Classes\\WOW6432Node\\CLSID\\{5AB7172C-9C11-405C-8DD5-AF20F3606282}\\InprocServer32\\(Default)\r\nDetails: C:\\Users\\admin\\AppData\\Local\\Microsoft\\OneDrive\\25.085.0504.0002\\i386\\FileSyncShell.dll\r\nUser: DESKTOP-O7P9I53\\admin\""""},""eventdata"":{""ruleName"":""T1122"",""eventType"":""SetValue"",""utcTime"":""2025-06-09 14:07:08.521"",""processGuid"":""{154c2aaf-ea8a-6846-8a01-000000001800}"",""processId"":""7664"",""image"":""C:\\\\Users\\\\admin\\\\AppData\\\\Local\\\\Microsoft\\\\OneDrive\\\\OneDrive.exe"",""targetObject"":""HKU\\\\S-1-5-21-442569660-4060779802-1076883227-1001_Classes\\\\WOW6432Node\\\\CLSID\\\\{5AB7172C-9C11-405C-8DD5-AF20F3606282}\\\\InprocServer32\\\\(Default)"",""details"":""C:\\\\Users\\\\admin\\\\AppData\\\\Local\\\\Microsoft\\\\OneDrive\\\\25.085.0504.0002\\\\i386\\\\FileSyncShell.dll"",""user"":""DESKTOP-O7P9I53\\\\admin""}}}",log,"Jun 9, 2025 @ 19:37:09.922",EventChannel,1749478029.2496687,"Jun 9, 2025 @ 19:37:09.922", , , , , , , , , , , , , , , , , , , , , , , , , , , , , , , , , , , , , , , , , , , , , , , , , , , ,HKU\\S-1-5-21-442569660-4060779802-1076883227-1001_Classes\\WOW6432Node\\CLSID\\{5AB7172C-9C11-405C-8DD5-AF20F3606282}\\InprocServer32\\(Default),T1122,C:\\Users\\admin\\AppData\\Local\\Microsoft\\OneDrive\\25.085.0504.0002\\i386\\FileSyncShell.dll,SetValue, , , , , , , , , , , , , , , , , , , , , , , , , , , , , , 
wazuh-alerts-4.x-2025.06.09,8OAEVZcBD7y1GXNGQYaU,1,1,192.168.254.162,DESKTOP-O7P9I53,001,hat-VMware-Virtual-Platform, ,C:\\Users\\admin\\AppData\\Local\\Microsoft\\OneDrive\\OneDrive.exe, , , , , ,{154c2aaf-ea8a-6846-8a01-000000001800}, , ,7664, ,2025-06-09 14:07:08.521, , , , , , ,DESKTOP-O7P9I53\\admin, , ,13,0x8000000000000000,{5770385f-c22a-43e0-bf4c-06f5698ffbd9},4,Microsoft-Windows-Sysmon/Operational,0,"""Registry value set:
RuleName: T1122
EventType: SetValue
UtcTime: 2025-06-09 14:07:08.521
ProcessGuid: {154c2aaf-ea8a-6846-8a01-000000001800}
ProcessId: 7664
Image: C:\Users\admin\AppData\Local\Microsoft\OneDrive\OneDrive.exe
TargetObject: HKU\S-1-5-21-442569660-4060779802-1076883227-1001_Classes\WOW6432Node\CLSID\{A0396A93-DC06-4AEF-BEE9-95FFCCAEF20E}\InprocServer32\(Default)
Details: C:\Users\admin\AppData\Local\Microsoft\OneDrive\25.085.0504.0002\i386\FileSyncShell.dll
User: DESKTOP-O7P9I53\admin""",2,2025-06-09T14:07:08.5694082Z,31151,5512,DESKTOP-O7P9I53,13,3292,INFORMATION,Microsoft-Windows-Sysmon,272,false,5,Sysmon - Event 13: RegistryEvent SetValue on HKU\\S-1-5-21-442569660-4060779802-1076883227-1001_Classes\\WOW6432Node\\CLSID\\{A0396A93-DC06-4AEF-BEE9-95FFCCAEF20E}\\InprocServer32\\(Default) by C:\\Users\\admin\\AppData\\Local\\Microsoft\\OneDrive\\OneDrive.exe,"[""windows"",""sysmon"",""sysmon_event_13""]",61615,windows_eventchannel,"{""win"":{""system"":{""providerName"":""Microsoft-Windows-Sysmon"",""providerGuid"":""{5770385f-c22a-43e0-bf4c-06f5698ffbd9}"",""eventID"":""13"",""version"":""2"",""level"":""4"",""task"":""13"",""opcode"":""0"",""keywords"":""0x8000000000000000"",""systemTime"":""2025-06-09T14:07:08.5694082Z"",""eventRecordID"":""31151"",""processID"":""3292"",""threadID"":""5512"",""channel"":""Microsoft-Windows-Sysmon/Operational"",""computer"":""DESKTOP-O7P9I53"",""severityValue"":""INFORMATION"",""message"":""\""Registry value set:\r\nRuleName: T1122\r\nEventType: SetValue\r\nUtcTime: 2025-06-09 14:07:08.521\r\nProcessGuid: {154c2aaf-ea8a-6846-8a01-000000001800}\r\nProcessId: 7664\r\nImage: C:\\Users\\admin\\AppData\\Local\\Microsoft\\OneDrive\\OneDrive.exe\r\nTargetObject: HKU\\S-1-5-21-442569660-4060779802-1076883227-1001_Classes\\WOW6432Node\\CLSID\\{A0396A93-DC06-4AEF-BEE9-95FFCCAEF20E}\\InprocServer32\\(Default)\r\nDetails: C:\\Users\\admin\\AppData\\Local\\Microsoft\\OneDrive\\25.085.0504.0002\\i386\\FileSyncShell.dll\r\nUser: DESKTOP-O7P9I53\\admin\""""},""eventdata"":{""ruleName"":""T1122"",""eventType"":""SetValue"",""utcTime"":""2025-06-09 14:07:08.521"",""processGuid"":""{154c2aaf-ea8a-6846-8a01-000000001800}"",""processId"":""7664"",""image"":""C:\\\\Users\\\\admin\\\\AppData\\\\Local\\\\Microsoft\\\\OneDrive\\\\OneDrive.exe"",""targetObject"":""HKU\\\\S-1-5-21-442569660-4060779802-1076883227-1001_Classes\\\\WOW6432Node\\\\CLSID\\\\{A0396A93-DC06-4AEF-BEE9-95FFCCAEF20E}\\\\InprocServer32\\\\(Default)"",""details"":""C:\\\\Users\\\\admin\\\\AppData\\\\Local\\\\Microsoft\\\\OneDrive\\\\25.085.0504.0002\\\\i386\\\\FileSyncShell.dll"",""user"":""DESKTOP-O7P9I53\\\\admin""}}}",log,"Jun 9, 2025 @ 19:37:09.987",EventChannel,1749478029.2511325,"Jun 9, 2025 @ 19:37:09.987", , , , , , , , , , , , , , , , , , , , , , , , , , , , , , , , , , , , , , , , , , , , , , , , , , , ,HKU\\S-1-5-21-442569660-4060779802-1076883227-1001_Classes\\WOW6432Node\\CLSID\\{A0396A93-DC06-4AEF-BEE9-95FFCCAEF20E}\\InprocServer32\\(Default),T1122,C:\\Users\\admin\\AppData\\Local\\Microsoft\\OneDrive\\25.085.0504.0002\\i386\\FileSyncShell.dll,SetValue, , , , , , , , , , , , , , , , , , , , , , , , , , , , , , 
wazuh-alerts-4.x-2025.06.09,8-AEVZcBD7y1GXNGQYaU,1,1,192.168.254.162,DESKTOP-O7P9I53,001,hat-VMware-Virtual-Platform, ,C:\\Users\\admin\\AppData\\Local\\Microsoft\\OneDrive\\OneDrive.exe, , , , , ,{154c2aaf-ea8a-6846-8a01-000000001800}, , ,7664, ,2025-06-09 14:07:08.521, , , , , , ,DESKTOP-O7P9I53\\admin, , ,13,0x8000000000000000,{5770385f-c22a-43e0-bf4c-06f5698ffbd9},4,Microsoft-Windows-Sysmon/Operational,0,"""Registry value set:
RuleName: T1122
EventType: SetValue
UtcTime: 2025-06-09 14:07:08.521
ProcessGuid: {154c2aaf-ea8a-6846-8a01-000000001800}
ProcessId: 7664
Image: C:\Users\admin\AppData\Local\Microsoft\OneDrive\OneDrive.exe
TargetObject: HKU\S-1-5-21-442569660-4060779802-1076883227-1001_Classes\CLSID\{9AA2F32D-362A-42D9-9328-24A483E2CCC3}\InprocServer32\(Default)
Details: C:\Users\admin\AppData\Local\Microsoft\OneDrive\25.085.0504.0002\FileSyncShell64.dll
User: DESKTOP-O7P9I53\admin""",2,2025-06-09T14:07:08.5699119Z,31154,5512,DESKTOP-O7P9I53,13,3292,INFORMATION,Microsoft-Windows-Sysmon,275,false,5,Sysmon - Event 13: RegistryEvent SetValue on HKU\\S-1-5-21-442569660-4060779802-1076883227-1001_Classes\\CLSID\\{9AA2F32D-362A-42D9-9328-24A483E2CCC3}\\InprocServer32\\(Default) by C:\\Users\\admin\\AppData\\Local\\Microsoft\\OneDrive\\OneDrive.exe,"[""windows"",""sysmon"",""sysmon_event_13""]",61615,windows_eventchannel,"{""win"":{""system"":{""providerName"":""Microsoft-Windows-Sysmon"",""providerGuid"":""{5770385f-c22a-43e0-bf4c-06f5698ffbd9}"",""eventID"":""13"",""version"":""2"",""level"":""4"",""task"":""13"",""opcode"":""0"",""keywords"":""0x8000000000000000"",""systemTime"":""2025-06-09T14:07:08.5699119Z"",""eventRecordID"":""31154"",""processID"":""3292"",""threadID"":""5512"",""channel"":""Microsoft-Windows-Sysmon/Operational"",""computer"":""DESKTOP-O7P9I53"",""severityValue"":""INFORMATION"",""message"":""\""Registry value set:\r\nRuleName: T1122\r\nEventType: SetValue\r\nUtcTime: 2025-06-09 14:07:08.521\r\nProcessGuid: {154c2aaf-ea8a-6846-8a01-000000001800}\r\nProcessId: 7664\r\nImage: C:\\Users\\admin\\AppData\\Local\\Microsoft\\OneDrive\\OneDrive.exe\r\nTargetObject: HKU\\S-1-5-21-442569660-4060779802-1076883227-1001_Classes\\CLSID\\{9AA2F32D-362A-42D9-9328-24A483E2CCC3}\\InprocServer32\\(Default)\r\nDetails: C:\\Users\\admin\\AppData\\Local\\Microsoft\\OneDrive\\25.085.0504.0002\\FileSyncShell64.dll\r\nUser: DESKTOP-O7P9I53\\admin\""""},""eventdata"":{""ruleName"":""T1122"",""eventType"":""SetValue"",""utcTime"":""2025-06-09 14:07:08.521"",""processGuid"":""{154c2aaf-ea8a-6846-8a01-000000001800}"",""processId"":""7664"",""image"":""C:\\\\Users\\\\admin\\\\AppData\\\\Local\\\\Microsoft\\\\OneDrive\\\\OneDrive.exe"",""targetObject"":""HKU\\\\S-1-5-21-442569660-4060779802-1076883227-1001_Classes\\\\CLSID\\\\{9AA2F32D-362A-42D9-9328-24A483E2CCC3}\\\\InprocServer32\\\\(Default)"",""details"":""C:\\\\Users\\\\admin\\\\AppData\\\\Local\\\\Microsoft\\\\OneDrive\\\\25.085.0504.0002\\\\FileSyncShell64.dll"",""user"":""DESKTOP-O7P9I53\\\\admin""}}}",log,"Jun 9, 2025 @ 19:37:10.034",EventChannel,1749478030.2522345,"Jun 9, 2025 @ 19:37:10.034", , , , , , , , , , , , , , , , , , , , , , , , , , , , , , , , , , , , , , , , , , , , , , , , , , , ,HKU\\S-1-5-21-442569660-4060779802-1076883227-1001_Classes\\CLSID\\{9AA2F32D-362A-42D9-9328-24A483E2CCC3}\\InprocServer32\\(Default),T1122,C:\\Users\\admin\\AppData\\Local\\Microsoft\\OneDrive\\25.085.0504.0002\\FileSyncShell64.dll,SetValue, , , , , , , , , , , , , , , , , , , , , , , , , , , , , , 
wazuh-alerts-4.x-2025.06.09,9eAEVZcBD7y1GXNGQYaU,1,1,192.168.254.162,DESKTOP-O7P9I53,001,hat-VMware-Virtual-Platform, ,C:\\Users\\admin\\AppData\\Local\\Microsoft\\OneDrive\\OneDrive.exe, , , , , ,{154c2aaf-ea8a-6846-8a01-000000001800}, , ,7664, ,2025-06-09 14:07:08.537, , , , , , ,DESKTOP-O7P9I53\\admin, , ,13,0x8000000000000000,{5770385f-c22a-43e0-bf4c-06f5698ffbd9},4,Microsoft-Windows-Sysmon/Operational,0,"""Registry value set:
RuleName: T1122
EventType: SetValue
UtcTime: 2025-06-09 14:07:08.537
ProcessGuid: {154c2aaf-ea8a-6846-8a01-000000001800}
ProcessId: 7664
Image: C:\Users\admin\AppData\Local\Microsoft\OneDrive\OneDrive.exe
TargetObject: HKU\S-1-5-21-442569660-4060779802-1076883227-1001_Classes\CLSID\{C5FF006E-2AE9-408C-B85B-2DFDD5449D9C}\InprocServer32\(Default)
Details: C:\Users\admin\AppData\Local\Microsoft\OneDrive\25.085.0504.0002\FileSyncShell64.dll
User: DESKTOP-O7P9I53\admin""",2,2025-06-09T14:07:08.5702102Z,31156,5512,DESKTOP-O7P9I53,13,3292,INFORMATION,Microsoft-Windows-Sysmon,277,false,5,Sysmon - Event 13: RegistryEvent SetValue on HKU\\S-1-5-21-442569660-4060779802-1076883227-1001_Classes\\CLSID\\{C5FF006E-2AE9-408C-B85B-2DFDD5449D9C}\\InprocServer32\\(Default) by C:\\Users\\admin\\AppData\\Local\\Microsoft\\OneDrive\\OneDrive.exe,"[""windows"",""sysmon"",""sysmon_event_13""]",61615,windows_eventchannel,"{""win"":{""system"":{""providerName"":""Microsoft-Windows-Sysmon"",""providerGuid"":""{5770385f-c22a-43e0-bf4c-06f5698ffbd9}"",""eventID"":""13"",""version"":""2"",""level"":""4"",""task"":""13"",""opcode"":""0"",""keywords"":""0x8000000000000000"",""systemTime"":""2025-06-09T14:07:08.5702102Z"",""eventRecordID"":""31156"",""processID"":""3292"",""threadID"":""5512"",""channel"":""Microsoft-Windows-Sysmon/Operational"",""computer"":""DESKTOP-O7P9I53"",""severityValue"":""INFORMATION"",""message"":""\""Registry value set:\r\nRuleName: T1122\r\nEventType: SetValue\r\nUtcTime: 2025-06-09 14:07:08.537\r\nProcessGuid: {154c2aaf-ea8a-6846-8a01-000000001800}\r\nProcessId: 7664\r\nImage: C:\\Users\\admin\\AppData\\Local\\Microsoft\\OneDrive\\OneDrive.exe\r\nTargetObject: HKU\\S-1-5-21-442569660-4060779802-1076883227-1001_Classes\\CLSID\\{C5FF006E-2AE9-408C-B85B-2DFDD5449D9C}\\InprocServer32\\(Default)\r\nDetails: C:\\Users\\admin\\AppData\\Local\\Microsoft\\OneDrive\\25.085.0504.0002\\FileSyncShell64.dll\r\nUser: DESKTOP-O7P9I53\\admin\""""},""eventdata"":{""ruleName"":""T1122"",""eventType"":""SetValue"",""utcTime"":""2025-06-09 14:07:08.537"",""processGuid"":""{154c2aaf-ea8a-6846-8a01-000000001800}"",""processId"":""7664"",""image"":""C:\\\\Users\\\\admin\\\\AppData\\\\Local\\\\Microsoft\\\\OneDrive\\\\OneDrive.exe"",""targetObject"":""HKU\\\\S-1-5-21-442569660-4060779802-1076883227-1001_Classes\\\\CLSID\\\\{C5FF006E-2AE9-408C-B85B-2DFDD5449D9C}\\\\InprocServer32\\\\(Default)"",""details"":""C:\\\\Users\\\\admin\\\\AppData\\\\Local\\\\Microsoft\\\\OneDrive\\\\25.085.0504.0002\\\\FileSyncShell64.dll"",""user"":""DESKTOP-O7P9I53\\\\admin""}}}",log,"Jun 9, 2025 @ 19:37:10.066",EventChannel,1749478030.2529664,"Jun 9, 2025 @ 19:37:10.066", , , , , , , , , , , , , , , , , , , , , , , , , , , , , , , , , , , , , , , , , , , , , , , , , , , ,HKU\\S-1-5-21-442569660-4060779802-1076883227-1001_Classes\\CLSID\\{C5FF006E-2AE9-408C-B85B-2DFDD5449D9C}\\InprocServer32\\(Default),T1122,C:\\Users\\admin\\AppData\\Local\\Microsoft\\OneDrive\\25.085.0504.0002\\FileSyncShell64.dll,SetValue, , , , , , , , , , , , , , , , , , , , , , , , , , , , , , 
wazuh-alerts-4.x-2025.06.09,_uAEVZcBD7y1GXNGQYaU,1,1,192.168.254.162,DESKTOP-O7P9I53,001,hat-VMware-Virtual-Platform, ,C:\\Users\\admin\\AppData\\Local\\Microsoft\\OneDrive\\OneDrive.exe, , , , , ,{154c2aaf-ea8a-6846-8a01-000000001800}, , ,7664, ,2025-06-09 14:07:08.537, , , , , , ,DESKTOP-O7P9I53\\admin, , ,13,0x8000000000000000,{5770385f-c22a-43e0-bf4c-06f5698ffbd9},4,Microsoft-Windows-Sysmon/Operational,0,"""Registry value set:
RuleName: T1122
EventType: SetValue
UtcTime: 2025-06-09 14:07:08.537
ProcessGuid: {154c2aaf-ea8a-6846-8a01-000000001800}
ProcessId: 7664
Image: C:\Users\admin\AppData\Local\Microsoft\OneDrive\OneDrive.exe
TargetObject: HKU\S-1-5-21-442569660-4060779802-1076883227-1001_Classes\WOW6432Node\CLSID\{20894375-46AE-46E2-BAFD-CB38975CDCE6}\InprocServer32\(Default)
Details: C:\Users\admin\AppData\Local\Microsoft\OneDrive\25.085.0504.0002\i386\FileSyncShell.dll
User: DESKTOP-O7P9I53\admin""",2,2025-06-09T14:07:08.5713551Z,31165,5512,DESKTOP-O7P9I53,13,3292,INFORMATION,Microsoft-Windows-Sysmon,286,false,5,Sysmon - Event 13: RegistryEvent SetValue on HKU\\S-1-5-21-442569660-4060779802-1076883227-1001_Classes\\WOW6432Node\\CLSID\\{20894375-46AE-46E2-BAFD-CB38975CDCE6}\\InprocServer32\\(Default) by C:\\Users\\admin\\AppData\\Local\\Microsoft\\OneDrive\\OneDrive.exe,"[""windows"",""sysmon"",""sysmon_event_13""]",61615,windows_eventchannel,"{""win"":{""system"":{""providerName"":""Microsoft-Windows-Sysmon"",""providerGuid"":""{5770385f-c22a-43e0-bf4c-06f5698ffbd9}"",""eventID"":""13"",""version"":""2"",""level"":""4"",""task"":""13"",""opcode"":""0"",""keywords"":""0x8000000000000000"",""systemTime"":""2025-06-09T14:07:08.5713551Z"",""eventRecordID"":""31165"",""processID"":""3292"",""threadID"":""5512"",""channel"":""Microsoft-Windows-Sysmon/Operational"",""computer"":""DESKTOP-O7P9I53"",""severityValue"":""INFORMATION"",""message"":""\""Registry value set:\r\nRuleName: T1122\r\nEventType: SetValue\r\nUtcTime: 2025-06-09 14:07:08.537\r\nProcessGuid: {154c2aaf-ea8a-6846-8a01-000000001800}\r\nProcessId: 7664\r\nImage: C:\\Users\\admin\\AppData\\Local\\Microsoft\\OneDrive\\OneDrive.exe\r\nTargetObject: HKU\\S-1-5-21-442569660-4060779802-1076883227-1001_Classes\\WOW6432Node\\CLSID\\{20894375-46AE-46E2-BAFD-CB38975CDCE6}\\InprocServer32\\(Default)\r\nDetails: C:\\Users\\admin\\AppData\\Local\\Microsoft\\OneDrive\\25.085.0504.0002\\i386\\FileSyncShell.dll\r\nUser: DESKTOP-O7P9I53\\admin\""""},""eventdata"":{""ruleName"":""T1122"",""eventType"":""SetValue"",""utcTime"":""2025-06-09 14:07:08.537"",""processGuid"":""{154c2aaf-ea8a-6846-8a01-000000001800}"",""processId"":""7664"",""image"":""C:\\\\Users\\\\admin\\\\AppData\\\\Local\\\\Microsoft\\\\OneDrive\\\\OneDrive.exe"",""targetObject"":""HKU\\\\S-1-5-21-442569660-4060779802-1076883227-1001_Classes\\\\WOW6432Node\\\\CLSID\\\\{20894375-46AE-46E2-BAFD-CB38975CDCE6}\\\\InprocServer32\\\\(Default)"",""details"":""C:\\\\Users\\\\admin\\\\AppData\\\\Local\\\\Microsoft\\\\OneDrive\\\\25.085.0504.0002\\\\i386\\\\FileSyncShell.dll"",""user"":""DESKTOP-O7P9I53\\\\admin""}}}",log,"Jun 9, 2025 @ 19:37:10.342",EventChannel,1749478030.2562558,"Jun 9, 2025 @ 19:37:10.342", , , , , , , , , , , , , , , , , , , , , , , , , , , , , , , , , , , , , , , , , , , , , , , , , , , ,HKU\\S-1-5-21-442569660-4060779802-1076883227-1001_Classes\\WOW6432Node\\CLSID\\{20894375-46AE-46E2-BAFD-CB38975CDCE6}\\InprocServer32\\(Default),T1122,C:\\Users\\admin\\AppData\\Local\\Microsoft\\OneDrive\\25.085.0504.0002\\i386\\FileSyncShell.dll,SetValue, , , , , , , , , , , , , , , , , , , , , , , , , , , , , , 
wazuh-alerts-4.x-2025.06.09,CeAEVZcBD7y1GXNGQYeU,1,1,192.168.254.162,DESKTOP-O7P9I53,001,hat-VMware-Virtual-Platform, ,C:\\Users\\admin\\AppData\\Local\\Microsoft\\OneDrive\\OneDrive.exe, , , , , ,{154c2aaf-ea8a-6846-8a01-000000001800}, , ,7664, ,2025-06-09 14:07:08.537, , , , , , ,DESKTOP-O7P9I53\\admin, , ,13,0x8000000000000000,{5770385f-c22a-43e0-bf4c-06f5698ffbd9},4,Microsoft-Windows-Sysmon/Operational,0,"""Registry value set:
RuleName: -
EventType: SetValue
UtcTime: 2025-06-09 14:07:08.537
ProcessGuid: {154c2aaf-ea8a-6846-8a01-000000001800}
ProcessId: 7664
Image: C:\Users\admin\AppData\Local\Microsoft\OneDrive\OneDrive.exe
TargetObject: HKU\S-1-5-21-442569660-4060779802-1076883227-1001_Classes\lnkfile\shellex\ContextMenuHandlers\ FileSyncEx\(Default)
Details: {CB3D0F55-BC2C-4C1A-85ED-23ED75B5106B}
User: DESKTOP-O7P9I53\admin""",2,2025-06-09T14:07:08.5719484Z,31176,5512,DESKTOP-O7P9I53,13,3292,INFORMATION,Microsoft-Windows-Sysmon,297,false,5,Sysmon - Event 13: RegistryEvent SetValue on HKU\\S-1-5-21-442569660-4060779802-1076883227-1001_Classes\\lnkfile\\shellex\\ContextMenuHandlers\\ FileSyncEx\\(Default) by C:\\Users\\admin\\AppData\\Local\\Microsoft\\OneDrive\\OneDrive.exe,"[""windows"",""sysmon"",""sysmon_event_13""]",61615,windows_eventchannel,"{""win"":{""system"":{""providerName"":""Microsoft-Windows-Sysmon"",""providerGuid"":""{5770385f-c22a-43e0-bf4c-06f5698ffbd9}"",""eventID"":""13"",""version"":""2"",""level"":""4"",""task"":""13"",""opcode"":""0"",""keywords"":""0x8000000000000000"",""systemTime"":""2025-06-09T14:07:08.5719484Z"",""eventRecordID"":""31176"",""processID"":""3292"",""threadID"":""5512"",""channel"":""Microsoft-Windows-Sysmon/Operational"",""computer"":""DESKTOP-O7P9I53"",""severityValue"":""INFORMATION"",""message"":""\""Registry value set:\r\nRuleName: -\r\nEventType: SetValue\r\nUtcTime: 2025-06-09 14:07:08.537\r\nProcessGuid: {154c2aaf-ea8a-6846-8a01-000000001800}\r\nProcessId: 7664\r\nImage: C:\\Users\\admin\\AppData\\Local\\Microsoft\\OneDrive\\OneDrive.exe\r\nTargetObject: HKU\\S-1-5-21-442569660-4060779802-1076883227-1001_Classes\\lnkfile\\shellex\\ContextMenuHandlers\\ FileSyncEx\\(Default)\r\nDetails: {CB3D0F55-BC2C-4C1A-85ED-23ED75B5106B}\r\nUser: DESKTOP-O7P9I53\\admin\""""},""eventdata"":{""eventType"":""SetValue"",""utcTime"":""2025-06-09 14:07:08.537"",""processGuid"":""{154c2aaf-ea8a-6846-8a01-000000001800}"",""processId"":""7664"",""image"":""C:\\\\Users\\\\admin\\\\AppData\\\\Local\\\\Microsoft\\\\OneDrive\\\\OneDrive.exe"",""targetObject"":""HKU\\\\S-1-5-21-442569660-4060779802-1076883227-1001_Classes\\\\lnkfile\\\\shellex\\\\ContextMenuHandlers\\\\ FileSyncEx\\\\(Default)"",""details"":""{CB3D0F55-BC2C-4C1A-85ED-23ED75B5106B}"",""user"":""DESKTOP-O7P9I53\\\\admin""}}}",log,"Jun 9, 2025 @ 19:37:10.627",EventChannel,1749478030.2600034,"Jun 9, 2025 @ 19:37:10.627", , , , , , , , , , , , , , , , , , , , , , , , , , , , , , , , , , , , , , , , , , , , , , , , , , , ,HKU\\S-1-5-21-442569660-4060779802-1076883227-1001_Classes\\lnkfile\\shellex\\ContextMenuHandlers\\ FileSyncEx\\(Default), ,{CB3D0F55-BC2C-4C1A-85ED-23ED75B5106B},SetValue, , , , , , , , , , , , , , , , , , , , , , , , , , , , , , 
wazuh-alerts-4.x-2025.06.09,CuAEVZcBD7y1GXNGQYeU,1,1,192.168.254.162,DESKTOP-O7P9I53,001,hat-VMware-Virtual-Platform, ,C:\\Users\\admin\\AppData\\Local\\Microsoft\\OneDrive\\OneDrive.exe, , , , , ,{154c2aaf-ea8a-6846-8a01-000000001800}, , ,7664, ,2025-06-09 14:07:08.537, , , , , , ,DESKTOP-O7P9I53\\admin, , ,13,0x8000000000000000,{5770385f-c22a-43e0-bf4c-06f5698ffbd9},4,Microsoft-Windows-Sysmon/Operational,0,"""Registry value set:
RuleName: -
EventType: SetValue
UtcTime: 2025-06-09 14:07:08.537
ProcessGuid: {154c2aaf-ea8a-6846-8a01-000000001800}
ProcessId: 7664
Image: C:\Users\admin\AppData\Local\Microsoft\OneDrive\OneDrive.exe
TargetObject: HKU\S-1-5-21-442569660-4060779802-1076883227-1001_Classes\lnkfile\shellex\ContextMenuHandlers\ FileSyncEx\(Default)
Details: {CB3D0F55-BC2C-4C1A-85ED-23ED75B5106B}
User: DESKTOP-O7P9I53\admin""",2,2025-06-09T14:07:08.5719848Z,31177,5512,DESKTOP-O7P9I53,13,3292,INFORMATION,Microsoft-Windows-Sysmon,298,false,5,Sysmon - Event 13: RegistryEvent SetValue on HKU\\S-1-5-21-442569660-4060779802-1076883227-1001_Classes\\lnkfile\\shellex\\ContextMenuHandlers\\ FileSyncEx\\(Default) by C:\\Users\\admin\\AppData\\Local\\Microsoft\\OneDrive\\OneDrive.exe,"[""windows"",""sysmon"",""sysmon_event_13""]",61615,windows_eventchannel,"{""win"":{""system"":{""providerName"":""Microsoft-Windows-Sysmon"",""providerGuid"":""{5770385f-c22a-43e0-bf4c-06f5698ffbd9}"",""eventID"":""13"",""version"":""2"",""level"":""4"",""task"":""13"",""opcode"":""0"",""keywords"":""0x8000000000000000"",""systemTime"":""2025-06-09T14:07:08.5719848Z"",""eventRecordID"":""31177"",""processID"":""3292"",""threadID"":""5512"",""channel"":""Microsoft-Windows-Sysmon/Operational"",""computer"":""DESKTOP-O7P9I53"",""severityValue"":""INFORMATION"",""message"":""\""Registry value set:\r\nRuleName: -\r\nEventType: SetValue\r\nUtcTime: 2025-06-09 14:07:08.537\r\nProcessGuid: {154c2aaf-ea8a-6846-8a01-000000001800}\r\nProcessId: 7664\r\nImage: C:\\Users\\admin\\AppData\\Local\\Microsoft\\OneDrive\\OneDrive.exe\r\nTargetObject: HKU\\S-1-5-21-442569660-4060779802-1076883227-1001_Classes\\lnkfile\\shellex\\ContextMenuHandlers\\ FileSyncEx\\(Default)\r\nDetails: {CB3D0F55-BC2C-4C1A-85ED-23ED75B5106B}\r\nUser: DESKTOP-O7P9I53\\admin\""""},""eventdata"":{""eventType"":""SetValue"",""utcTime"":""2025-06-09 14:07:08.537"",""processGuid"":""{154c2aaf-ea8a-6846-8a01-000000001800}"",""processId"":""7664"",""image"":""C:\\\\Users\\\\admin\\\\AppData\\\\Local\\\\Microsoft\\\\OneDrive\\\\OneDrive.exe"",""targetObject"":""HKU\\\\S-1-5-21-442569660-4060779802-1076883227-1001_Classes\\\\lnkfile\\\\shellex\\\\ContextMenuHandlers\\\\ FileSyncEx\\\\(Default)"",""details"":""{CB3D0F55-BC2C-4C1A-85ED-23ED75B5106B}"",""user"":""DESKTOP-O7P9I53\\\\admin""}}}",log,"Jun 9, 2025 @ 19:37:10.643",EventChannel,1749478030.2603317,"Jun 9, 2025 @ 19:37:10.643", , , , , , , , , , , , , , , , , , , , , , , , , , , , , , , , , , , , , , , , , , , , , , , , , , , ,HKU\\S-1-5-21-442569660-4060779802-1076883227-1001_Classes\\lnkfile\\shellex\\ContextMenuHandlers\\ FileSyncEx\\(Default), ,{CB3D0F55-BC2C-4C1A-85ED-23ED75B5106B},SetValue, , , , , , , , , , , , , , , , , , , , , , , , , , , , , , 
wazuh-alerts-4.x-2025.06.09,C-AEVZcBD7y1GXNGQYeU,1,1,192.168.254.162,DESKTOP-O7P9I53,001,hat-VMware-Virtual-Platform, ,C:\\Users\\admin\\AppData\\Local\\Microsoft\\OneDrive\\OneDrive.exe, , , , , ,{154c2aaf-ea8a-6846-8a01-000000001800}, , ,7664, ,2025-06-09 14:07:08.552, , , , , , ,DESKTOP-O7P9I53\\admin, , ,13,0x8000000000000000,{5770385f-c22a-43e0-bf4c-06f5698ffbd9},4,Microsoft-Windows-Sysmon/Operational,0,"""Registry value set:
RuleName: T1122
EventType: SetValue
UtcTime: 2025-06-09 14:07:08.552
ProcessGuid: {154c2aaf-ea8a-6846-8a01-000000001800}
ProcessId: 7664
Image: C:\Users\admin\AppData\Local\Microsoft\OneDrive\OneDrive.exe
TargetObject: HKU\S-1-5-21-442569660-4060779802-1076883227-1001_Classes\WOW6432Node\CLSID\{4410DC33-BC7C-496B-AA84-4AEA3EEE75F7}\InProcServer32\(Default)
Details: C:\Users\admin\AppData\Local\Microsoft\OneDrive\25.085.0504.0002\i386\FileCoAuthLib.dll
User: DESKTOP-O7P9I53\admin""",2,2025-06-09T14:07:08.5785623Z,31178,5512,DESKTOP-O7P9I53,13,3292,INFORMATION,Microsoft-Windows-Sysmon,299,false,5,Sysmon - Event 13: RegistryEvent SetValue on HKU\\S-1-5-21-442569660-4060779802-1076883227-1001_Classes\\WOW6432Node\\CLSID\\{4410DC33-BC7C-496B-AA84-4AEA3EEE75F7}\\InProcServer32\\(Default) by C:\\Users\\admin\\AppData\\Local\\Microsoft\\OneDrive\\OneDrive.exe,"[""windows"",""sysmon"",""sysmon_event_13""]",61615,windows_eventchannel,"{""win"":{""system"":{""providerName"":""Microsoft-Windows-Sysmon"",""providerGuid"":""{5770385f-c22a-43e0-bf4c-06f5698ffbd9}"",""eventID"":""13"",""version"":""2"",""level"":""4"",""task"":""13"",""opcode"":""0"",""keywords"":""0x8000000000000000"",""systemTime"":""2025-06-09T14:07:08.5785623Z"",""eventRecordID"":""31178"",""processID"":""3292"",""threadID"":""5512"",""channel"":""Microsoft-Windows-Sysmon/Operational"",""computer"":""DESKTOP-O7P9I53"",""severityValue"":""INFORMATION"",""message"":""\""Registry value set:\r\nRuleName: T1122\r\nEventType: SetValue\r\nUtcTime: 2025-06-09 14:07:08.552\r\nProcessGuid: {154c2aaf-ea8a-6846-8a01-000000001800}\r\nProcessId: 7664\r\nImage: C:\\Users\\admin\\AppData\\Local\\Microsoft\\OneDrive\\OneDrive.exe\r\nTargetObject: HKU\\S-1-5-21-442569660-4060779802-1076883227-1001_Classes\\WOW6432Node\\CLSID\\{4410DC33-BC7C-496B-AA84-4AEA3EEE75F7}\\InProcServer32\\(Default)\r\nDetails: C:\\Users\\admin\\AppData\\Local\\Microsoft\\OneDrive\\25.085.0504.0002\\i386\\FileCoAuthLib.dll\r\nUser: DESKTOP-O7P9I53\\admin\""""},""eventdata"":{""ruleName"":""T1122"",""eventType"":""SetValue"",""utcTime"":""2025-06-09 14:07:08.552"",""processGuid"":""{154c2aaf-ea8a-6846-8a01-000000001800}"",""processId"":""7664"",""image"":""C:\\\\Users\\\\admin\\\\AppData\\\\Local\\\\Microsoft\\\\OneDrive\\\\OneDrive.exe"",""targetObject"":""HKU\\\\S-1-5-21-442569660-4060779802-1076883227-1001_Classes\\\\WOW6432Node\\\\CLSID\\\\{4410DC33-BC7C-496B-AA84-4AEA3EEE75F7}\\\\InProcServer32\\\\(Default)"",""details"":""C:\\\\Users\\\\admin\\\\AppData\\\\Local\\\\Microsoft\\\\OneDrive\\\\25.085.0504.0002\\\\i386\\\\FileCoAuthLib.dll"",""user"":""DESKTOP-O7P9I53\\\\admin""}}}",log,"Jun 9, 2025 @ 19:37:10.659",EventChannel,1749478030.2606600,"Jun 9, 2025 @ 19:37:10.659", , , , , , , , , , , , , , , , , , , , , , , , , , , , , , , , , , , , , , , , , , , , , , , , , , , ,HKU\\S-1-5-21-442569660-4060779802-1076883227-1001_Classes\\WOW6432Node\\CLSID\\{4410DC33-BC7C-496B-AA84-4AEA3EEE75F7}\\InProcServer32\\(Default),T1122,C:\\Users\\admin\\AppData\\Local\\Microsoft\\OneDrive\\25.085.0504.0002\\i386\\FileCoAuthLib.dll,SetValue, , , , , , , , , , , , , , , , , , , , , , , , , , , , , , 
wazuh-alerts-4.x-2025.06.09,DeAEVZcBD7y1GXNGQYeU,1,1,192.168.254.162,DESKTOP-O7P9I53,001,hat-VMware-Virtual-Platform, ,C:\\Users\\admin\\AppData\\Local\\Microsoft\\OneDrive\\OneDrive.exe, , , , , ,{154c2aaf-ea8a-6846-8a01-000000001800}, , ,7664, ,2025-06-09 14:07:08.552, , , , , , ,DESKTOP-O7P9I53\\admin, , ,13,0x8000000000000000,{5770385f-c22a-43e0-bf4c-06f5698ffbd9},4,Microsoft-Windows-Sysmon/Operational,0,"""Registry value set:
RuleName: T1042
EventType: SetValue
UtcTime: 2025-06-09 14:07:08.552
ProcessGuid: {154c2aaf-ea8a-6846-8a01-000000001800}
ProcessId: 7664
Image: C:\Users\admin\AppData\Local\Microsoft\OneDrive\OneDrive.exe
TargetObject: HKU\S-1-5-21-442569660-4060779802-1076883227-1001_Classes\odopen\shell\open\command\(Default)
Details: ""C:\Users\admin\AppData\Local\Microsoft\OneDrive\OneDrive.exe"" /url:""Incorrect function.""
User: DESKTOP-O7P9I53\admin""",2,2025-06-09T14:07:08.5839580Z,31180,5512,DESKTOP-O7P9I53,13,3292,INFORMATION,Microsoft-Windows-Sysmon,301,false,5,Sysmon - Event 13: RegistryEvent SetValue on HKU\\S-1-5-21-442569660-4060779802-1076883227-1001_Classes\\odopen\\shell\\open\\command\\(Default) by C:\\Users\\admin\\AppData\\Local\\Microsoft\\OneDrive\\OneDrive.exe,"[""windows"",""sysmon"",""sysmon_event_13""]",61615,windows_eventchannel,"{""win"":{""system"":{""providerName"":""Microsoft-Windows-Sysmon"",""providerGuid"":""{5770385f-c22a-43e0-bf4c-06f5698ffbd9}"",""eventID"":""13"",""version"":""2"",""level"":""4"",""task"":""13"",""opcode"":""0"",""keywords"":""0x8000000000000000"",""systemTime"":""2025-06-09T14:07:08.5839580Z"",""eventRecordID"":""31180"",""processID"":""3292"",""threadID"":""5512"",""channel"":""Microsoft-Windows-Sysmon/Operational"",""computer"":""DESKTOP-O7P9I53"",""severityValue"":""INFORMATION"",""message"":""\""Registry value set:\r\nRuleName: T1042\r\nEventType: SetValue\r\nUtcTime: 2025-06-09 14:07:08.552\r\nProcessGuid: {154c2aaf-ea8a-6846-8a01-000000001800}\r\nProcessId: 7664\r\nImage: C:\\Users\\admin\\AppData\\Local\\Microsoft\\OneDrive\\OneDrive.exe\r\nTargetObject: HKU\\S-1-5-21-442569660-4060779802-1076883227-1001_Classes\\odopen\\shell\\open\\command\\(Default)\r\nDetails: \""C:\\Users\\admin\\AppData\\Local\\Microsoft\\OneDrive\\OneDrive.exe\"" /url:\""Incorrect function.\""\r\nUser: DESKTOP-O7P9I53\\admin\""""},""eventdata"":{""ruleName"":""T1042"",""eventType"":""SetValue"",""utcTime"":""2025-06-09 14:07:08.552"",""processGuid"":""{154c2aaf-ea8a-6846-8a01-000000001800}"",""processId"":""7664"",""image"":""C:\\\\Users\\\\admin\\\\AppData\\\\Local\\\\Microsoft\\\\OneDrive\\\\OneDrive.exe"",""targetObject"":""HKU\\\\S-1-5-21-442569660-4060779802-1076883227-1001_Classes\\\\odopen\\\\shell\\\\open\\\\command\\\\(Default)"",""details"":""\\\""C:\\\\Users\\\\admin\\\\AppData\\\\Local\\\\Microsoft\\\\OneDrive\\\\OneDrive.exe\\\"" /url:\\\""%%1\\\"""",""user"":""DESKTOP-O7P9I53\\\\admin""}}}",log,"Jun 9, 2025 @ 19:37:10.699",EventChannel,1749478030.2613919,"Jun 9, 2025 @ 19:37:10.699", , , , , , , , , , , , , , , , , , , , , , , , , , , , , , , , , , , , , , , , , , , , , , , , , , , ,HKU\\S-1-5-21-442569660-4060779802-1076883227-1001_Classes\\odopen\\shell\\open\\command\\(Default),T1042,"\""C:\\Users\\admin\\AppData\\Local\\Microsoft\\OneDrive\\OneDrive.exe\"" /url:\""%%1\""",SetValue, , , , , , , , , , , , , , , , , , , , , , , , , , , , , , 
