wazuh-alerts-4.x-2025.06.09,oKMBVZcB7NFPR1gL6DHf,1,1,192.168.254.162,DESKTOP-O7P9I53,001,hat-VMware-Virtual-Platform,taskhostw.exe,C:\\Windows\\System32\\taskhostw.exe,Microsoft® Windows® Operating System,{154c2aaf-e982-6846-1900-000000001800},Host Process for Windows Tasks,{154c2aaf-e981-6846-e703-000000000000},C:\\Windows\\system32\\svchost.exe -k netsvcs -p -s Schedule,{154c2aaf-e982-6846-2900-000000001800},0x3e7,1168,1800,C:\\Windows\\system32\\,2025-06-09 14:02:42.883,"MD5=D71630DA4364F89F36B47581D4162639,SHA256=4D84D1DB6C572DA841307B814CCF26478429D3A29F304755CE1BAF110E639F64,IMPHASH=3A0C6863CDE566AF997DB2DEFFF9D924",C:\\Windows\\System32\\svchost.exe,Microsoft Corporation,taskhostw.exe ExploitGuardPolicy,System,10.0.19041.5794 (WinBuild.160101.0800),NT AUTHORITY\\SYSTEM,0,NT AUTHORITY\\SYSTEM,1,0x8000000000000000,{5770385f-c22a-43e0-bf4c-06f5698ffbd9},4,Microsoft-Windows-Sysmon/Operational,0,"""Process Create:
RuleName: -
UtcTime: 2025-06-09 14:02:42.883
ProcessGuid: {154c2aaf-e982-6846-2900-000000001800}
ProcessId: 1800
Image: C:\Windows\System32\taskhostw.exe
FileVersion: 10.0.19041.5794 (WinBuild.160101.0800)
Description: Host Process for Windows Tasks
Product: Microsoft® Windows® Operating System
Company: Microsoft Corporation
OriginalFileName: taskhostw.exe
CommandLine: taskhostw.exe ExploitGuardPolicy
CurrentDirectory: C:\Windows\system32\
User: NT AUTHORITY\SYSTEM
LogonGuid: {154c2aaf-e981-6846-e703-000000000000}
LogonId: 0x3E7
TerminalSessionId: 0
IntegrityLevel: System
Hashes: MD5=D71630DA4364F89F36B47581D4162639,SHA256=4D84D1DB6C572DA841307B814CCF26478429D3A29F304755CE1BAF110E639F64,IMPHASH=3A0C6863CDE566AF997DB2DEFFF9D924
ParentProcessGuid: {154c2aaf-e982-6846-1900-000000001800}
ParentProcessId: 1168
ParentImage: C:\Windows\System32\svchost.exe
ParentCommandLine: C:\Windows\system32\svchost.exe -k netsvcs -p -s Schedule
ParentUser: NT AUTHORITY\SYSTEM""",5,2025-06-09T14:02:48.1499716Z,30512,5512,DESKTOP-O7P9I53,1,3292,INFORMATION,Microsoft-Windows-Sysmon,5,false,5,Sysmon - Event 1: Process creation Host Process for Windows Tasks,"[""windows"",""sysmon"",""sysmon_event1""]",61603,windows_eventchannel,"{""win"":{""system"":{""providerName"":""Microsoft-Windows-Sysmon"",""providerGuid"":""{5770385f-c22a-43e0-bf4c-06f5698ffbd9}"",""eventID"":""1"",""version"":""5"",""level"":""4"",""task"":""1"",""opcode"":""0"",""keywords"":""0x8000000000000000"",""systemTime"":""2025-06-09T14:02:48.1499716Z"",""eventRecordID"":""30512"",""processID"":""3292"",""threadID"":""5512"",""channel"":""Microsoft-Windows-Sysmon/Operational"",""computer"":""DESKTOP-O7P9I53"",""severityValue"":""INFORMATION"",""message"":""\""Process Create:\r\nRuleName: -\r\nUtcTime: 2025-06-09 14:02:42.883\r\nProcessGuid: {154c2aaf-e982-6846-2900-000000001800}\r\nProcessId: 1800\r\nImage: C:\\Windows\\System32\\taskhostw.exe\r\nFileVersion: 10.0.19041.5794 (WinBuild.160101.0800)\r\nDescription: Host Process for Windows Tasks\r\nProduct: Microsoft® Windows® Operating System\r\nCompany: Microsoft Corporation\r\nOriginalFileName: taskhostw.exe\r\nCommandLine: taskhostw.exe ExploitGuardPolicy\r\nCurrentDirectory: C:\\Windows\\system32\\\r\nUser: NT AUTHORITY\\SYSTEM\r\nLogonGuid: {154c2aaf-e981-6846-e703-000000000000}\r\nLogonId: 0x3E7\r\nTerminalSessionId: 0\r\nIntegrityLevel: System\r\nHashes: MD5=D71630DA4364F89F36B47581D4162639,SHA256=4D84D1DB6C572DA841307B814CCF26478429D3A29F304755CE1BAF110E639F64,IMPHASH=3A0C6863CDE566AF997DB2DEFFF9D924\r\nParentProcessGuid: {154c2aaf-e982-6846-1900-000000001800}\r\nParentProcessId: 1168\r\nParentImage: C:\\Windows\\System32\\svchost.exe\r\nParentCommandLine: C:\\Windows\\system32\\svchost.exe -k netsvcs -p -s Schedule\r\nParentUser: NT AUTHORITY\\SYSTEM\""""},""eventdata"":{""utcTime"":""2025-06-09 14:02:42.883"",""processGuid"":""{154c2aaf-e982-6846-2900-000000001800}"",""processId"":""1800"",""image"":""C:\\\\Windows\\\\System32\\\\taskhostw.exe"",""fileVersion"":""10.0.19041.5794 (WinBuild.160101.0800)"",""description"":""Host Process for Windows Tasks"",""product"":""Microsoft® Windows® Operating System"",""company"":""Microsoft Corporation"",""originalFileName"":""taskhostw.exe"",""commandLine"":""taskhostw.exe ExploitGuardPolicy"",""currentDirectory"":""C:\\\\Windows\\\\system32\\\\"",""user"":""NT AUTHORITY\\\\SYSTEM"",""logonGuid"":""{154c2aaf-e981-6846-e703-000000000000}"",""logonId"":""0x3e7"",""terminalSessionId"":""0"",""integrityLevel"":""System"",""hashes"":""MD5=D71630DA4364F89F36B47581D4162639,SHA256=4D84D1DB6C572DA841307B814CCF26478429D3A29F304755CE1BAF110E639F64,IMPHASH=3A0C6863CDE566AF997DB2DEFFF9D924"",""parentProcessGuid"":""{154c2aaf-e982-6846-1900-000000001800}"",""parentProcessId"":""1168"",""parentImage"":""C:\\\\Windows\\\\System32\\\\svchost.exe"",""parentCommandLine"":""C:\\\\Windows\\\\system32\\\\svchost.exe -k netsvcs -p -s Schedule"",""parentUser"":""NT AUTHORITY\\\\SYSTEM""}}}",log,"Jun 9, 2025 @ 19:34:09.653",EventChannel,1749477849.160025,"Jun 9, 2025 @ 19:34:09.653", , , , , , , , , , , , , , , , , , , , , , , , , , , , , , , , , , , , , , , , , , , , , , , , , , , , , , , , , , , , , , , , , , , , , , , , , , , , , , , , , , , , , 
wazuh-alerts-4.x-2025.06.09,oaMBVZcB7NFPR1gL6DHf,1,1,192.168.254.162,DESKTOP-O7P9I53,001,hat-VMware-Virtual-Platform,spoolsv.exe,C:\\Windows\\System32\\spoolsv.exe,Microsoft® Windows® Operating System,{154c2aaf-e981-6846-0b00-000000001800},Spooler SubSystem App,{154c2aaf-e981-6846-e703-000000000000},C:\\Windows\\system32\\services.exe,{154c2aaf-e983-6846-3a00-000000001800},0x3e7,648,2476,C:\\Windows\\system32\\,2025-06-09 14:02:43.579,"MD5=E1D087DE466CD1478501311DC4ED04DB,SHA256=CA7E660A847224E955AFDD52D20725AA37E344EEFE5DE8047FB15254E3DDCCC6,IMPHASH=A73ACEC9E3E3E98034374977A7639495",C:\\Windows\\System32\\services.exe,Microsoft Corporation,C:\\Windows\\System32\\spoolsv.exe,System,10.0.19041.5794 (WinBuild.160101.0800),NT AUTHORITY\\SYSTEM,0,NT AUTHORITY\\SYSTEM,1,0x8000000000000000,{5770385f-c22a-43e0-bf4c-06f5698ffbd9},4,Microsoft-Windows-Sysmon/Operational,0,"""Process Create:
RuleName: -
UtcTime: 2025-06-09 14:02:43.579
ProcessGuid: {154c2aaf-e983-6846-3a00-000000001800}
ProcessId: 2476
Image: C:\Windows\System32\spoolsv.exe
FileVersion: 10.0.19041.5794 (WinBuild.160101.0800)
Description: Spooler SubSystem App
Product: Microsoft® Windows® Operating System
Company: Microsoft Corporation
OriginalFileName: spoolsv.exe
CommandLine: C:\Windows\System32\spoolsv.exe
CurrentDirectory: C:\Windows\system32\
User: NT AUTHORITY\SYSTEM
LogonGuid: {154c2aaf-e981-6846-e703-000000000000}
LogonId: 0x3E7
TerminalSessionId: 0
IntegrityLevel: System
Hashes: MD5=E1D087DE466CD1478501311DC4ED04DB,SHA256=CA7E660A847224E955AFDD52D20725AA37E344EEFE5DE8047FB15254E3DDCCC6,IMPHASH=A73ACEC9E3E3E98034374977A7639495
ParentProcessGuid: {154c2aaf-e981-6846-0b00-000000001800}
ParentProcessId: 648
ParentImage: C:\Windows\System32\services.exe
ParentCommandLine: C:\Windows\system32\services.exe
ParentUser: NT AUTHORITY\SYSTEM""",5,2025-06-09T14:02:48.1874856Z,30526,5512,DESKTOP-O7P9I53,1,3292,INFORMATION,Microsoft-Windows-Sysmon,6,false,5,Sysmon - Event 1: Process creation Spooler SubSystem App,"[""windows"",""sysmon"",""sysmon_event1""]",61603,windows_eventchannel,"{""win"":{""system"":{""providerName"":""Microsoft-Windows-Sysmon"",""providerGuid"":""{5770385f-c22a-43e0-bf4c-06f5698ffbd9}"",""eventID"":""1"",""version"":""5"",""level"":""4"",""task"":""1"",""opcode"":""0"",""keywords"":""0x8000000000000000"",""systemTime"":""2025-06-09T14:02:48.1874856Z"",""eventRecordID"":""30526"",""processID"":""3292"",""threadID"":""5512"",""channel"":""Microsoft-Windows-Sysmon/Operational"",""computer"":""DESKTOP-O7P9I53"",""severityValue"":""INFORMATION"",""message"":""\""Process Create:\r\nRuleName: -\r\nUtcTime: 2025-06-09 14:02:43.579\r\nProcessGuid: {154c2aaf-e983-6846-3a00-000000001800}\r\nProcessId: 2476\r\nImage: C:\\Windows\\System32\\spoolsv.exe\r\nFileVersion: 10.0.19041.5794 (WinBuild.160101.0800)\r\nDescription: Spooler SubSystem App\r\nProduct: Microsoft® Windows® Operating System\r\nCompany: Microsoft Corporation\r\nOriginalFileName: spoolsv.exe\r\nCommandLine: C:\\Windows\\System32\\spoolsv.exe\r\nCurrentDirectory: C:\\Windows\\system32\\\r\nUser: NT AUTHORITY\\SYSTEM\r\nLogonGuid: {154c2aaf-e981-6846-e703-000000000000}\r\nLogonId: 0x3E7\r\nTerminalSessionId: 0\r\nIntegrityLevel: System\r\nHashes: MD5=E1D087DE466CD1478501311DC4ED04DB,SHA256=CA7E660A847224E955AFDD52D20725AA37E344EEFE5DE8047FB15254E3DDCCC6,IMPHASH=A73ACEC9E3E3E98034374977A7639495\r\nParentProcessGuid: {154c2aaf-e981-6846-0b00-000000001800}\r\nParentProcessId: 648\r\nParentImage: C:\\Windows\\System32\\services.exe\r\nParentCommandLine: C:\\Windows\\system32\\services.exe\r\nParentUser: NT AUTHORITY\\SYSTEM\""""},""eventdata"":{""utcTime"":""2025-06-09 14:02:43.579"",""processGuid"":""{154c2aaf-e983-6846-3a00-000000001800}"",""processId"":""2476"",""image"":""C:\\\\Windows\\\\System32\\\\spoolsv.exe"",""fileVersion"":""10.0.19041.5794 (WinBuild.160101.0800)"",""description"":""Spooler SubSystem App"",""product"":""Microsoft® Windows® Operating System"",""company"":""Microsoft Corporation"",""originalFileName"":""spoolsv.exe"",""commandLine"":""C:\\\\Windows\\\\System32\\\\spoolsv.exe"",""currentDirectory"":""C:\\\\Windows\\\\system32\\\\"",""user"":""NT AUTHORITY\\\\SYSTEM"",""logonGuid"":""{154c2aaf-e981-6846-e703-000000000000}"",""logonId"":""0x3e7"",""terminalSessionId"":""0"",""integrityLevel"":""System"",""hashes"":""MD5=E1D087DE466CD1478501311DC4ED04DB,SHA256=CA7E660A847224E955AFDD52D20725AA37E344EEFE5DE8047FB15254E3DDCCC6,IMPHASH=A73ACEC9E3E3E98034374977A7639495"",""parentProcessGuid"":""{154c2aaf-e981-6846-0b00-000000001800}"",""parentProcessId"":""648"",""parentImage"":""C:\\\\Windows\\\\System32\\\\services.exe"",""parentCommandLine"":""C:\\\\Windows\\\\system32\\\\services.exe"",""parentUser"":""NT AUTHORITY\\\\SYSTEM""}}}",log,"Jun 9, 2025 @ 19:34:09.873",EventChannel,1749477849.165679,"Jun 9, 2025 @ 19:34:09.873", , , , , , , , , , , , , , , , , , , , , , , , , , , , , , , , , , , , , , , , , , , , , , , , , , , , , , , , , , , , , , , , , , , , , , , , , , , , , , , , , , , , , 
wazuh-alerts-4.x-2025.06.09,oqMBVZcB7NFPR1gL6DHf,1,1,192.168.254.162,DESKTOP-O7P9I53,001,hat-VMware-Virtual-Platform,DXGIAdapterCache.exe,C:\\Windows\\System32\\dxgiadaptercache.exe,Microsoft® Windows® Operating System,{154c2aaf-e982-6846-1900-000000001800},DXGI Adapter Cache,{154c2aaf-e981-6846-e703-000000000000},C:\\Windows\\system32\\svchost.exe -k netsvcs -p -s Schedule,{154c2aaf-e983-6846-3d00-000000001800},0x3e7,1168,2688,C:\\Windows\\system32\\,2025-06-09 14:02:43.813,"MD5=3F24DD78414AF6AD12A4A04480C1BB7C,SHA256=D3002902A5C462360257390A1A61E3D6E13A1F45163D535C61660010AF61908A,IMPHASH=9B1296D800F1D05B952988C8FD5D7C13",C:\\Windows\\System32\\svchost.exe,Microsoft Corporation,"\""C:\\Windows\\system32\\dxgiadaptercache.exe\""",System,10.0.19041.5794 (WinBuild.160101.0800),NT AUTHORITY\\SYSTEM,0,NT AUTHORITY\\SYSTEM,1,0x8000000000000000,{5770385f-c22a-43e0-bf4c-06f5698ffbd9},4,Microsoft-Windows-Sysmon/Operational,0,"""Process Create:
RuleName: -
UtcTime: 2025-06-09 14:02:43.813
ProcessGuid: {154c2aaf-e983-6846-3d00-000000001800}
ProcessId: 2688
Image: C:\Windows\System32\dxgiadaptercache.exe
FileVersion: 10.0.19041.5794 (WinBuild.160101.0800)
Description: DXGI Adapter Cache
Product: Microsoft® Windows® Operating System
Company: Microsoft Corporation
OriginalFileName: DXGIAdapterCache.exe
CommandLine: ""C:\Windows\system32\dxgiadaptercache.exe""
CurrentDirectory: C:\Windows\system32\
User: NT AUTHORITY\SYSTEM
LogonGuid: {154c2aaf-e981-6846-e703-000000000000}
LogonId: 0x3E7
TerminalSessionId: 0
IntegrityLevel: System
Hashes: MD5=3F24DD78414AF6AD12A4A04480C1BB7C,SHA256=D3002902A5C462360257390A1A61E3D6E13A1F45163D535C61660010AF61908A,IMPHASH=9B1296D800F1D05B952988C8FD5D7C13
ParentProcessGuid: {154c2aaf-e982-6846-1900-000000001800}
ParentProcessId: 1168
ParentImage: C:\Windows\System32\svchost.exe
ParentCommandLine: C:\Windows\system32\svchost.exe -k netsvcs -p -s Schedule
ParentUser: NT AUTHORITY\SYSTEM""",5,2025-06-09T14:02:48.1889905Z,30529,5512,DESKTOP-O7P9I53,1,3292,INFORMATION,Microsoft-Windows-Sysmon,7,false,5,Sysmon - Event 1: Process creation DXGI Adapter Cache,"[""windows"",""sysmon"",""sysmon_event1""]",61603,windows_eventchannel,"{""win"":{""system"":{""providerName"":""Microsoft-Windows-Sysmon"",""providerGuid"":""{5770385f-c22a-43e0-bf4c-06f5698ffbd9}"",""eventID"":""1"",""version"":""5"",""level"":""4"",""task"":""1"",""opcode"":""0"",""keywords"":""0x8000000000000000"",""systemTime"":""2025-06-09T14:02:48.1889905Z"",""eventRecordID"":""30529"",""processID"":""3292"",""threadID"":""5512"",""channel"":""Microsoft-Windows-Sysmon/Operational"",""computer"":""DESKTOP-O7P9I53"",""severityValue"":""INFORMATION"",""message"":""\""Process Create:\r\nRuleName: -\r\nUtcTime: 2025-06-09 14:02:43.813\r\nProcessGuid: {154c2aaf-e983-6846-3d00-000000001800}\r\nProcessId: 2688\r\nImage: C:\\Windows\\System32\\dxgiadaptercache.exe\r\nFileVersion: 10.0.19041.5794 (WinBuild.160101.0800)\r\nDescription: DXGI Adapter Cache\r\nProduct: Microsoft® Windows® Operating System\r\nCompany: Microsoft Corporation\r\nOriginalFileName: DXGIAdapterCache.exe\r\nCommandLine: \""C:\\Windows\\system32\\dxgiadaptercache.exe\""\r\nCurrentDirectory: C:\\Windows\\system32\\\r\nUser: NT AUTHORITY\\SYSTEM\r\nLogonGuid: {154c2aaf-e981-6846-e703-000000000000}\r\nLogonId: 0x3E7\r\nTerminalSessionId: 0\r\nIntegrityLevel: System\r\nHashes: MD5=3F24DD78414AF6AD12A4A04480C1BB7C,SHA256=D3002902A5C462360257390A1A61E3D6E13A1F45163D535C61660010AF61908A,IMPHASH=9B1296D800F1D05B952988C8FD5D7C13\r\nParentProcessGuid: {154c2aaf-e982-6846-1900-000000001800}\r\nParentProcessId: 1168\r\nParentImage: C:\\Windows\\System32\\svchost.exe\r\nParentCommandLine: C:\\Windows\\system32\\svchost.exe -k netsvcs -p -s Schedule\r\nParentUser: NT AUTHORITY\\SYSTEM\""""},""eventdata"":{""utcTime"":""2025-06-09 14:02:43.813"",""processGuid"":""{154c2aaf-e983-6846-3d00-000000001800}"",""processId"":""2688"",""image"":""C:\\\\Windows\\\\System32\\\\dxgiadaptercache.exe"",""fileVersion"":""10.0.19041.5794 (WinBuild.160101.0800)"",""description"":""DXGI Adapter Cache"",""product"":""Microsoft® Windows® Operating System"",""company"":""Microsoft Corporation"",""originalFileName"":""DXGIAdapterCache.exe"",""commandLine"":""\\\""C:\\\\Windows\\\\system32\\\\dxgiadaptercache.exe\\\"""",""currentDirectory"":""C:\\\\Windows\\\\system32\\\\"",""user"":""NT AUTHORITY\\\\SYSTEM"",""logonGuid"":""{154c2aaf-e981-6846-e703-000000000000}"",""logonId"":""0x3e7"",""terminalSessionId"":""0"",""integrityLevel"":""System"",""hashes"":""MD5=3F24DD78414AF6AD12A4A04480C1BB7C,SHA256=D3002902A5C462360257390A1A61E3D6E13A1F45163D535C61660010AF61908A,IMPHASH=9B1296D800F1D05B952988C8FD5D7C13"",""parentProcessGuid"":""{154c2aaf-e982-6846-1900-000000001800}"",""parentProcessId"":""1168"",""parentImage"":""C:\\\\Windows\\\\System32\\\\svchost.exe"",""parentCommandLine"":""C:\\\\Windows\\\\system32\\\\svchost.exe -k netsvcs -p -s Schedule"",""parentUser"":""NT AUTHORITY\\\\SYSTEM""}}}",log,"Jun 9, 2025 @ 19:34:09.919",EventChannel,1749477849.171183,"Jun 9, 2025 @ 19:34:09.919", , , , , , , , , , , , , , , , , , , , , , , , , , , , , , , , , , , , , , , , , , , , , , , , , , , , , , , , , , , , , , , , , , , , , , , , , , , , , , , , , , , , , 
wazuh-alerts-4.x-2025.06.09,o6MBVZcB7NFPR1gL6DHf,1,1,192.168.254.162,DESKTOP-O7P9I53,001,hat-VMware-Virtual-Platform,INETINFO.EXE,C:\\Windows\\System32\\inetsrv\\inetinfo.exe,Internet Information Services,{154c2aaf-e981-6846-0b00-000000001800},Internet Information Services,{154c2aaf-e981-6846-e703-000000000000},C:\\Windows\\system32\\services.exe,{154c2aaf-e984-6846-4a00-000000001800},0x3e7,648,3104,C:\\Windows\\system32\\,2025-06-09 14:02:44.523,"MD5=BA5415BF8174DCD0A2B1F25539CF7172,SHA256=EDB9798B7A28231657C5763856A4C6022769A2E884B47AEBDEFF600C050CF24D,IMPHASH=59A80F67F641D3A594375876CA29751A",C:\\Windows\\System32\\services.exe,Microsoft Corporation,C:\\Windows\\system32\\inetsrv\\inetinfo.exe,System,10.0.19041.3636 (WinBuild.160101.0800),NT AUTHORITY\\SYSTEM,0,NT AUTHORITY\\SYSTEM,1,0x8000000000000000,{5770385f-c22a-43e0-bf4c-06f5698ffbd9},4,Microsoft-Windows-Sysmon/Operational,0,"""Process Create:
RuleName: -
UtcTime: 2025-06-09 14:02:44.523
ProcessGuid: {154c2aaf-e984-6846-4a00-000000001800}
ProcessId: 3104
Image: C:\Windows\System32\inetsrv\inetinfo.exe
FileVersion: 10.0.19041.3636 (WinBuild.160101.0800)
Description: Internet Information Services
Product: Internet Information Services
Company: Microsoft Corporation
OriginalFileName: INETINFO.EXE
CommandLine: C:\Windows\system32\inetsrv\inetinfo.exe
CurrentDirectory: C:\Windows\system32\
User: NT AUTHORITY\SYSTEM
LogonGuid: {154c2aaf-e981-6846-e703-000000000000}
LogonId: 0x3E7
TerminalSessionId: 0
IntegrityLevel: System
Hashes: MD5=BA5415BF8174DCD0A2B1F25539CF7172,SHA256=EDB9798B7A28231657C5763856A4C6022769A2E884B47AEBDEFF600C050CF24D,IMPHASH=59A80F67F641D3A594375876CA29751A
ParentProcessGuid: {154c2aaf-e981-6846-0b00-000000001800}
ParentProcessId: 648
ParentImage: C:\Windows\System32\services.exe
ParentCommandLine: C:\Windows\system32\services.exe
ParentUser: NT AUTHORITY\SYSTEM""",5,2025-06-09T14:02:48.3363922Z,30540,5512,DESKTOP-O7P9I53,1,3292,INFORMATION,Microsoft-Windows-Sysmon,8,false,5,Sysmon - Event 1: Process creation Internet Information Services,"[""windows"",""sysmon"",""sysmon_event1""]",61603,windows_eventchannel,"{""win"":{""system"":{""providerName"":""Microsoft-Windows-Sysmon"",""providerGuid"":""{5770385f-c22a-43e0-bf4c-06f5698ffbd9}"",""eventID"":""1"",""version"":""5"",""level"":""4"",""task"":""1"",""opcode"":""0"",""keywords"":""0x8000000000000000"",""systemTime"":""2025-06-09T14:02:48.3363922Z"",""eventRecordID"":""30540"",""processID"":""3292"",""threadID"":""5512"",""channel"":""Microsoft-Windows-Sysmon/Operational"",""computer"":""DESKTOP-O7P9I53"",""severityValue"":""INFORMATION"",""message"":""\""Process Create:\r\nRuleName: -\r\nUtcTime: 2025-06-09 14:02:44.523\r\nProcessGuid: {154c2aaf-e984-6846-4a00-000000001800}\r\nProcessId: 3104\r\nImage: C:\\Windows\\System32\\inetsrv\\inetinfo.exe\r\nFileVersion: 10.0.19041.3636 (WinBuild.160101.0800)\r\nDescription: Internet Information Services\r\nProduct: Internet Information Services\r\nCompany: Microsoft Corporation\r\nOriginalFileName: INETINFO.EXE\r\nCommandLine: C:\\Windows\\system32\\inetsrv\\inetinfo.exe\r\nCurrentDirectory: C:\\Windows\\system32\\\r\nUser: NT AUTHORITY\\SYSTEM\r\nLogonGuid: {154c2aaf-e981-6846-e703-000000000000}\r\nLogonId: 0x3E7\r\nTerminalSessionId: 0\r\nIntegrityLevel: System\r\nHashes: MD5=BA5415BF8174DCD0A2B1F25539CF7172,SHA256=EDB9798B7A28231657C5763856A4C6022769A2E884B47AEBDEFF600C050CF24D,IMPHASH=59A80F67F641D3A594375876CA29751A\r\nParentProcessGuid: {154c2aaf-e981-6846-0b00-000000001800}\r\nParentProcessId: 648\r\nParentImage: C:\\Windows\\System32\\services.exe\r\nParentCommandLine: C:\\Windows\\system32\\services.exe\r\nParentUser: NT AUTHORITY\\SYSTEM\""""},""eventdata"":{""utcTime"":""2025-06-09 14:02:44.523"",""processGuid"":""{154c2aaf-e984-6846-4a00-000000001800}"",""processId"":""3104"",""image"":""C:\\\\Windows\\\\System32\\\\inetsrv\\\\inetinfo.exe"",""fileVersion"":""10.0.19041.3636 (WinBuild.160101.0800)"",""description"":""Internet Information Services"",""product"":""Internet Information Services"",""company"":""Microsoft Corporation"",""originalFileName"":""INETINFO.EXE"",""commandLine"":""C:\\\\Windows\\\\system32\\\\inetsrv\\\\inetinfo.exe"",""currentDirectory"":""C:\\\\Windows\\\\system32\\\\"",""user"":""NT AUTHORITY\\\\SYSTEM"",""logonGuid"":""{154c2aaf-e981-6846-e703-000000000000}"",""logonId"":""0x3e7"",""terminalSessionId"":""0"",""integrityLevel"":""System"",""hashes"":""MD5=BA5415BF8174DCD0A2B1F25539CF7172,SHA256=EDB9798B7A28231657C5763856A4C6022769A2E884B47AEBDEFF600C050CF24D,IMPHASH=59A80F67F641D3A594375876CA29751A"",""parentProcessGuid"":""{154c2aaf-e981-6846-0b00-000000001800}"",""parentProcessId"":""648"",""parentImage"":""C:\\\\Windows\\\\System32\\\\services.exe"",""parentCommandLine"":""C:\\\\Windows\\\\system32\\\\services.exe"",""parentUser"":""NT AUTHORITY\\\\SYSTEM""}}}",log,"Jun 9, 2025 @ 19:34:10.091",EventChannel,1749477850.176898,"Jun 9, 2025 @ 19:34:10.091", , , , , , , , , , , , , , , , , , , , , , , , , , , , , , , , , , , , , , , , , , , , , , , , , , , , , , , , , , , , , , , , , , , , , , , , , , , , , , , , , , , , , 
wazuh-alerts-4.x-2025.06.09,pKMBVZcB7NFPR1gL6DHf,1,1,192.168.254.162,DESKTOP-O7P9I53,001,hat-VMware-Virtual-Platform,updater.exe,C:\\Program Files (x86)\\Google\\GoogleUpdater\\138.0.7194.0\\updater.exe,Google Updater (x86),{154c2aaf-e981-6846-0b00-000000001800},Google Updater (x86),{154c2aaf-e981-6846-e703-000000000000},C:\\Windows\\system32\\services.exe,{154c2aaf-e984-6846-4700-000000001800},0x3e7,648,396,C:\\Windows\\system32\\,2025-06-09 14:02:44.497,"MD5=A1044445F76098186DE3B146ABDA9876,SHA256=8CA4F944172F0904B4D70E40A5D61B54439109502E7E3E20D71F8A83BEAD9CE8,IMPHASH=9888642409BEC5969301F0CDEA998BD2",C:\\Windows\\System32\\services.exe,Google LLC,"\""C:\\Program Files (x86)\\Google\\GoogleUpdater\\138.0.7194.0\\updater.exe\"" --system --windows-service --service=update-internal",System,138.0.7194.0,NT AUTHORITY\\SYSTEM,0,NT AUTHORITY\\SYSTEM,1,0x8000000000000000,{5770385f-c22a-43e0-bf4c-06f5698ffbd9},4,Microsoft-Windows-Sysmon/Operational,0,"""Process Create:
RuleName: -
UtcTime: 2025-06-09 14:02:44.497
ProcessGuid: {154c2aaf-e984-6846-4700-000000001800}
ProcessId: 396
Image: C:\Program Files (x86)\Google\GoogleUpdater\138.0.7194.0\updater.exe
FileVersion: 138.0.7194.0
Description: Google Updater (x86)
Product: Google Updater (x86)
Company: Google LLC
OriginalFileName: updater.exe
CommandLine: ""C:\Program Files (x86)\Google\GoogleUpdater\138.0.7194.0\updater.exe"" --system --windows-service --service=update-internal
CurrentDirectory: C:\Windows\system32\
User: NT AUTHORITY\SYSTEM
LogonGuid: {154c2aaf-e981-6846-e703-000000000000}
LogonId: 0x3E7
TerminalSessionId: 0
IntegrityLevel: System
Hashes: MD5=A1044445F76098186DE3B146ABDA9876,SHA256=8CA4F944172F0904B4D70E40A5D61B54439109502E7E3E20D71F8A83BEAD9CE8,IMPHASH=9888642409BEC5969301F0CDEA998BD2
ParentProcessGuid: {154c2aaf-e981-6846-0b00-000000001800}
ParentProcessId: 648
ParentImage: C:\Windows\System32\services.exe
ParentCommandLine: C:\Windows\system32\services.exe
ParentUser: NT AUTHORITY\SYSTEM""",5,2025-06-09T14:02:48.3367856Z,30541,5512,DESKTOP-O7P9I53,1,3292,INFORMATION,Microsoft-Windows-Sysmon,9,false,5,Sysmon - Event 1: Process creation Google Updater (x86),"[""windows"",""sysmon"",""sysmon_event1""]",61603,windows_eventchannel,"{""win"":{""system"":{""providerName"":""Microsoft-Windows-Sysmon"",""providerGuid"":""{5770385f-c22a-43e0-bf4c-06f5698ffbd9}"",""eventID"":""1"",""version"":""5"",""level"":""4"",""task"":""1"",""opcode"":""0"",""keywords"":""0x8000000000000000"",""systemTime"":""2025-06-09T14:02:48.3367856Z"",""eventRecordID"":""30541"",""processID"":""3292"",""threadID"":""5512"",""channel"":""Microsoft-Windows-Sysmon/Operational"",""computer"":""DESKTOP-O7P9I53"",""severityValue"":""INFORMATION"",""message"":""\""Process Create:\r\nRuleName: -\r\nUtcTime: 2025-06-09 14:02:44.497\r\nProcessGuid: {154c2aaf-e984-6846-4700-000000001800}\r\nProcessId: 396\r\nImage: C:\\Program Files (x86)\\Google\\GoogleUpdater\\138.0.7194.0\\updater.exe\r\nFileVersion: 138.0.7194.0\r\nDescription: Google Updater (x86)\r\nProduct: Google Updater (x86)\r\nCompany: Google LLC\r\nOriginalFileName: updater.exe\r\nCommandLine: \""C:\\Program Files (x86)\\Google\\GoogleUpdater\\138.0.7194.0\\updater.exe\"" --system --windows-service --service=update-internal\r\nCurrentDirectory: C:\\Windows\\system32\\\r\nUser: NT AUTHORITY\\SYSTEM\r\nLogonGuid: {154c2aaf-e981-6846-e703-000000000000}\r\nLogonId: 0x3E7\r\nTerminalSessionId: 0\r\nIntegrityLevel: System\r\nHashes: MD5=A1044445F76098186DE3B146ABDA9876,SHA256=8CA4F944172F0904B4D70E40A5D61B54439109502E7E3E20D71F8A83BEAD9CE8,IMPHASH=9888642409BEC5969301F0CDEA998BD2\r\nParentProcessGuid: {154c2aaf-e981-6846-0b00-000000001800}\r\nParentProcessId: 648\r\nParentImage: C:\\Windows\\System32\\services.exe\r\nParentCommandLine: C:\\Windows\\system32\\services.exe\r\nParentUser: NT AUTHORITY\\SYSTEM\""""},""eventdata"":{""utcTime"":""2025-06-09 14:02:44.497"",""processGuid"":""{154c2aaf-e984-6846-4700-000000001800}"",""processId"":""396"",""image"":""C:\\\\Program Files (x86)\\\\Google\\\\GoogleUpdater\\\\138.0.7194.0\\\\updater.exe"",""fileVersion"":""138.0.7194.0"",""description"":""Google Updater (x86)"",""product"":""Google Updater (x86)"",""company"":""Google LLC"",""originalFileName"":""updater.exe"",""commandLine"":""\\\""C:\\\\Program Files (x86)\\\\Google\\\\GoogleUpdater\\\\138.0.7194.0\\\\updater.exe\\\"" --system --windows-service --service=update-internal"",""currentDirectory"":""C:\\\\Windows\\\\system32\\\\"",""user"":""NT AUTHORITY\\\\SYSTEM"",""logonGuid"":""{154c2aaf-e981-6846-e703-000000000000}"",""logonId"":""0x3e7"",""terminalSessionId"":""0"",""integrityLevel"":""System"",""hashes"":""MD5=A1044445F76098186DE3B146ABDA9876,SHA256=8CA4F944172F0904B4D70E40A5D61B54439109502E7E3E20D71F8A83BEAD9CE8,IMPHASH=9888642409BEC5969301F0CDEA998BD2"",""parentProcessGuid"":""{154c2aaf-e981-6846-0b00-000000001800}"",""parentProcessId"":""648"",""parentImage"":""C:\\\\Windows\\\\System32\\\\services.exe"",""parentCommandLine"":""C:\\\\Windows\\\\system32\\\\services.exe"",""parentUser"":""NT AUTHORITY\\\\SYSTEM""}}}",log,"Jun 9, 2025 @ 19:34:10.106",EventChannel,1749477850.182492,"Jun 9, 2025 @ 19:34:10.106", , , , , , , , , , , , , , , , , , , , , , , , , , , , , , , , , , , , , , , , , , , , , , , , , , , , , , , , , , , , , , , , , , , , , , , , , , , , , , , , , , , , , 
wazuh-alerts-4.x-2025.06.09,paMBVZcB7NFPR1gL6DHf,1,1,192.168.254.162,DESKTOP-O7P9I53,001,hat-VMware-Virtual-Platform,MpDefenderCoreService.exe,C:\\ProgramData\\Microsoft\\Windows Defender\\Platform\\4.18.25040.2-0\\MpDefenderCoreService.exe,Microsoft® Windows® Operating System,{154c2aaf-e981-6846-0b00-000000001800},Antimalware Core Service,{154c2aaf-e981-6846-e703-000000000000},C:\\Windows\\system32\\services.exe,{154c2aaf-e984-6846-4c00-000000001800},0x3e7,648,3136,C:\\Windows\\system32\\,2025-06-09 14:02:44.543,"MD5=7355829084CBBD8C4FA7BCE85875D840,SHA256=908B69BFC76EE814CFE65088125B3FAD86AC5D03EE9E4935EDB0BEB748B92566,IMPHASH=A9C7E10653EFF908D33F1AFF07C71EF0",C:\\Windows\\System32\\services.exe,Microsoft Corporation,"\""C:\\ProgramData\\Microsoft\\Windows Defender\\Platform\\4.18.25040.2-0\\MpDefenderCoreService.exe\""",System,4.18.25040.2 (82640e7cfde5ee75f6010c8d2c06272146d2bb6b),NT AUTHORITY\\SYSTEM,0,NT AUTHORITY\\SYSTEM,1,0x8000000000000000,{5770385f-c22a-43e0-bf4c-06f5698ffbd9},4,Microsoft-Windows-Sysmon/Operational,0,"""Process Create:
RuleName: -
UtcTime: 2025-06-09 14:02:44.543
ProcessGuid: {154c2aaf-e984-6846-4c00-000000001800}
ProcessId: 3136
Image: C:\ProgramData\Microsoft\Windows Defender\Platform\4.18.25040.2-0\MpDefenderCoreService.exe
FileVersion: 4.18.25040.2 (82640e7cfde5ee75f6010c8d2c06272146d2bb6b)
Description: Antimalware Core Service
Product: Microsoft® Windows® Operating System
Company: Microsoft Corporation
OriginalFileName: MpDefenderCoreService.exe
CommandLine: ""C:\ProgramData\Microsoft\Windows Defender\Platform\4.18.25040.2-0\MpDefenderCoreService.exe""
CurrentDirectory: C:\Windows\system32\
User: NT AUTHORITY\SYSTEM
LogonGuid: {154c2aaf-e981-6846-e703-000000000000}
LogonId: 0x3E7
TerminalSessionId: 0
IntegrityLevel: System
Hashes: MD5=7355829084CBBD8C4FA7BCE85875D840,SHA256=908B69BFC76EE814CFE65088125B3FAD86AC5D03EE9E4935EDB0BEB748B92566,IMPHASH=A9C7E10653EFF908D33F1AFF07C71EF0
ParentProcessGuid: {154c2aaf-e981-6846-0b00-000000001800}
ParentProcessId: 648
ParentImage: C:\Windows\System32\services.exe
ParentCommandLine: C:\Windows\system32\services.exe
ParentUser: NT AUTHORITY\SYSTEM""",5,2025-06-09T14:02:48.3376623Z,30543,5512,DESKTOP-O7P9I53,1,3292,INFORMATION,Microsoft-Windows-Sysmon,10,false,5,Sysmon - Event 1: Process creation Antimalware Core Service,"[""windows"",""sysmon"",""sysmon_event1""]",61603,windows_eventchannel,"{""win"":{""system"":{""providerName"":""Microsoft-Windows-Sysmon"",""providerGuid"":""{5770385f-c22a-43e0-bf4c-06f5698ffbd9}"",""eventID"":""1"",""version"":""5"",""level"":""4"",""task"":""1"",""opcode"":""0"",""keywords"":""0x8000000000000000"",""systemTime"":""2025-06-09T14:02:48.3376623Z"",""eventRecordID"":""30543"",""processID"":""3292"",""threadID"":""5512"",""channel"":""Microsoft-Windows-Sysmon/Operational"",""computer"":""DESKTOP-O7P9I53"",""severityValue"":""INFORMATION"",""message"":""\""Process Create:\r\nRuleName: -\r\nUtcTime: 2025-06-09 14:02:44.543\r\nProcessGuid: {154c2aaf-e984-6846-4c00-000000001800}\r\nProcessId: 3136\r\nImage: C:\\ProgramData\\Microsoft\\Windows Defender\\Platform\\4.18.25040.2-0\\MpDefenderCoreService.exe\r\nFileVersion: 4.18.25040.2 (82640e7cfde5ee75f6010c8d2c06272146d2bb6b)\r\nDescription: Antimalware Core Service\r\nProduct: Microsoft® Windows® Operating System\r\nCompany: Microsoft Corporation\r\nOriginalFileName: MpDefenderCoreService.exe\r\nCommandLine: \""C:\\ProgramData\\Microsoft\\Windows Defender\\Platform\\4.18.25040.2-0\\MpDefenderCoreService.exe\""\r\nCurrentDirectory: C:\\Windows\\system32\\\r\nUser: NT AUTHORITY\\SYSTEM\r\nLogonGuid: {154c2aaf-e981-6846-e703-000000000000}\r\nLogonId: 0x3E7\r\nTerminalSessionId: 0\r\nIntegrityLevel: System\r\nHashes: MD5=7355829084CBBD8C4FA7BCE85875D840,SHA256=908B69BFC76EE814CFE65088125B3FAD86AC5D03EE9E4935EDB0BEB748B92566,IMPHASH=A9C7E10653EFF908D33F1AFF07C71EF0\r\nParentProcessGuid: {154c2aaf-e981-6846-0b00-000000001800}\r\nParentProcessId: 648\r\nParentImage: C:\\Windows\\System32\\services.exe\r\nParentCommandLine: C:\\Windows\\system32\\services.exe\r\nParentUser: NT AUTHORITY\\SYSTEM\""""},""eventdata"":{""utcTime"":""2025-06-09 14:02:44.543"",""processGuid"":""{154c2aaf-e984-6846-4c00-000000001800}"",""processId"":""3136"",""image"":""C:\\\\ProgramData\\\\Microsoft\\\\Windows Defender\\\\Platform\\\\4.18.25040.2-0\\\\MpDefenderCoreService.exe"",""fileVersion"":""4.18.25040.2 (82640e7cfde5ee75f6010c8d2c06272146d2bb6b)"",""description"":""Antimalware Core Service"",""product"":""Microsoft® Windows® Operating System"",""company"":""Microsoft Corporation"",""originalFileName"":""MpDefenderCoreService.exe"",""commandLine"":""\\\""C:\\\\ProgramData\\\\Microsoft\\\\Windows Defender\\\\Platform\\\\4.18.25040.2-0\\\\MpDefenderCoreService.exe\\\"""",""currentDirectory"":""C:\\\\Windows\\\\system32\\\\"",""user"":""NT AUTHORITY\\\\SYSTEM"",""logonGuid"":""{154c2aaf-e981-6846-e703-000000000000}"",""logonId"":""0x3e7"",""terminalSessionId"":""0"",""integrityLevel"":""System"",""hashes"":""MD5=7355829084CBBD8C4FA7BCE85875D840,SHA256=908B69BFC76EE814CFE65088125B3FAD86AC5D03EE9E4935EDB0BEB748B92566,IMPHASH=A9C7E10653EFF908D33F1AFF07C71EF0"",""parentProcessGuid"":""{154c2aaf-e981-6846-0b00-000000001800}"",""parentProcessId"":""648"",""parentImage"":""C:\\\\Windows\\\\System32\\\\services.exe"",""parentCommandLine"":""C:\\\\Windows\\\\system32\\\\services.exe"",""parentUser"":""NT AUTHORITY\\\\SYSTEM""}}}",log,"Jun 9, 2025 @ 19:34:10.140",EventChannel,1749477850.188313,"Jun 9, 2025 @ 19:34:10.140", , , , , , , , , , , , , , , , , , , , , , , , , , , , , , , , , , , , , , , , , , , , , , , , , , , , , , , , , , , , , , , , , , , , , , , , , , , , , , , , , , , , , 
wazuh-alerts-4.x-2025.06.09,qKMBVZcB7NFPR1gL6DHf,1,1,192.168.254.162,DESKTOP-O7P9I53,001,hat-VMware-Virtual-Platform, ,C:\\Windows\\Sysmon.exe,Sysinternals Sysmon,{154c2aaf-e981-6846-0b00-000000001800},System activity monitor,{154c2aaf-e981-6846-e703-000000000000},C:\\Windows\\system32\\services.exe,{154c2aaf-e984-6846-5000-000000001800},0x3e7,648,3292,C:\\Windows\\system32\\,2025-06-09 14:02:44.669,"MD5=7663C565BF28115506CB7EBD1DA389E0,SHA256=D9C8FDFDCE510FD9922DA3A1084B6AC4476C1407D1D8BBB67FC0A61988552771,IMPHASH=A039666F8D08DD16E0909469DA998438",C:\\Windows\\System32\\services.exe,Sysinternals - www.sysinternals.com,C:\\Windows\\Sysmon.exe,System,15.15,NT AUTHORITY\\SYSTEM,0,NT AUTHORITY\\SYSTEM,1,0x8000000000000000,{5770385f-c22a-43e0-bf4c-06f5698ffbd9},4,Microsoft-Windows-Sysmon/Operational,0,"""Process Create:
RuleName: -
UtcTime: 2025-06-09 14:02:44.669
ProcessGuid: {154c2aaf-e984-6846-5000-000000001800}
ProcessId: 3292
Image: C:\Windows\Sysmon.exe
FileVersion: 15.15
Description: System activity monitor
Product: Sysinternals Sysmon
Company: Sysinternals - www.sysinternals.com
OriginalFileName: -
CommandLine: C:\Windows\Sysmon.exe
CurrentDirectory: C:\Windows\system32\
User: NT AUTHORITY\SYSTEM
LogonGuid: {154c2aaf-e981-6846-e703-000000000000}
LogonId: 0x3E7
TerminalSessionId: 0
IntegrityLevel: System
Hashes: MD5=7663C565BF28115506CB7EBD1DA389E0,SHA256=D9C8FDFDCE510FD9922DA3A1084B6AC4476C1407D1D8BBB67FC0A61988552771,IMPHASH=A039666F8D08DD16E0909469DA998438
ParentProcessGuid: {154c2aaf-e981-6846-0b00-000000001800}
ParentProcessId: 648
ParentImage: C:\Windows\System32\services.exe
ParentCommandLine: C:\Windows\system32\services.exe
ParentUser: NT AUTHORITY\SYSTEM""",5,2025-06-09T14:02:48.3472223Z,30549,5512,DESKTOP-O7P9I53,1,3292,INFORMATION,Microsoft-Windows-Sysmon,13,false,5,Sysmon - Event 1: Process creation System activity monitor,"[""windows"",""sysmon"",""sysmon_event1""]",61603,windows_eventchannel,"{""win"":{""system"":{""providerName"":""Microsoft-Windows-Sysmon"",""providerGuid"":""{5770385f-c22a-43e0-bf4c-06f5698ffbd9}"",""eventID"":""1"",""version"":""5"",""level"":""4"",""task"":""1"",""opcode"":""0"",""keywords"":""0x8000000000000000"",""systemTime"":""2025-06-09T14:02:48.3472223Z"",""eventRecordID"":""30549"",""processID"":""3292"",""threadID"":""5512"",""channel"":""Microsoft-Windows-Sysmon/Operational"",""computer"":""DESKTOP-O7P9I53"",""severityValue"":""INFORMATION"",""message"":""\""Process Create:\r\nRuleName: -\r\nUtcTime: 2025-06-09 14:02:44.669\r\nProcessGuid: {154c2aaf-e984-6846-5000-000000001800}\r\nProcessId: 3292\r\nImage: C:\\Windows\\Sysmon.exe\r\nFileVersion: 15.15\r\nDescription: System activity monitor\r\nProduct: Sysinternals Sysmon\r\nCompany: Sysinternals - www.sysinternals.com\r\nOriginalFileName: -\r\nCommandLine: C:\\Windows\\Sysmon.exe\r\nCurrentDirectory: C:\\Windows\\system32\\\r\nUser: NT AUTHORITY\\SYSTEM\r\nLogonGuid: {154c2aaf-e981-6846-e703-000000000000}\r\nLogonId: 0x3E7\r\nTerminalSessionId: 0\r\nIntegrityLevel: System\r\nHashes: MD5=7663C565BF28115506CB7EBD1DA389E0,SHA256=D9C8FDFDCE510FD9922DA3A1084B6AC4476C1407D1D8BBB67FC0A61988552771,IMPHASH=A039666F8D08DD16E0909469DA998438\r\nParentProcessGuid: {154c2aaf-e981-6846-0b00-000000001800}\r\nParentProcessId: 648\r\nParentImage: C:\\Windows\\System32\\services.exe\r\nParentCommandLine: C:\\Windows\\system32\\services.exe\r\nParentUser: NT AUTHORITY\\SYSTEM\""""},""eventdata"":{""utcTime"":""2025-06-09 14:02:44.669"",""processGuid"":""{154c2aaf-e984-6846-5000-000000001800}"",""processId"":""3292"",""image"":""C:\\\\Windows\\\\Sysmon.exe"",""fileVersion"":""15.15"",""description"":""System activity monitor"",""product"":""Sysinternals Sysmon"",""company"":""Sysinternals - www.sysinternals.com"",""commandLine"":""C:\\\\Windows\\\\Sysmon.exe"",""currentDirectory"":""C:\\\\Windows\\\\system32\\\\"",""user"":""NT AUTHORITY\\\\SYSTEM"",""logonGuid"":""{154c2aaf-e981-6846-e703-000000000000}"",""logonId"":""0x3e7"",""terminalSessionId"":""0"",""integrityLevel"":""System"",""hashes"":""MD5=7663C565BF28115506CB7EBD1DA389E0,SHA256=D9C8FDFDCE510FD9922DA3A1084B6AC4476C1407D1D8BBB67FC0A61988552771,IMPHASH=A039666F8D08DD16E0909469DA998438"",""parentProcessGuid"":""{154c2aaf-e981-6846-0b00-000000001800}"",""parentProcessId"":""648"",""parentImage"":""C:\\\\Windows\\\\System32\\\\services.exe"",""parentCommandLine"":""C:\\\\Windows\\\\system32\\\\services.exe"",""parentUser"":""NT AUTHORITY\\\\SYSTEM""}}}",log,"Jun 9, 2025 @ 19:34:10.233",EventChannel,1749477850.205919,"Jun 9, 2025 @ 19:34:10.233", , , , , , , , , , , , , , , , , , , , , , , , , , , , , , , , , , , , , , , , , , , , , , , , , , , , , , , , , , , , , , , , , , , , , , , , , , , , , , , , , , , , , 
wazuh-alerts-4.x-2025.06.09,qaMBVZcB7NFPR1gL6DHf,1,1,192.168.254.162,DESKTOP-O7P9I53,001,hat-VMware-Virtual-Platform,ClipRenew.exe,C:\\Windows\\System32\\ClipRenew.exe,Microsoft® Windows® Operating System,{154c2aaf-e982-6846-1900-000000001800},Acquire License From Store,{154c2aaf-e981-6846-e703-000000000000},C:\\Windows\\system32\\svchost.exe -k netsvcs -p -s Schedule,{154c2aaf-e984-6846-5200-000000001800},0x3e7,1168,3312,C:\\Windows\\system32\\,2025-06-09 14:02:44.694,"MD5=41FD77A53A8266A4A815A4251C0443F6,SHA256=21F7D12DD8E182981FA542D5C3966BE13130983A1C911512504B68B7FAE7A0E6,IMPHASH=7F4470465663D7CBA5549C606DADF3C2",C:\\Windows\\System32\\svchost.exe,Microsoft Corporation,"\""C:\\Windows\\system32\\ClipRenew.exe\"" -e",System,10.0.19041.5794 (WinBuild.160101.0800),NT AUTHORITY\\SYSTEM,0,NT AUTHORITY\\SYSTEM,1,0x8000000000000000,{5770385f-c22a-43e0-bf4c-06f5698ffbd9},4,Microsoft-Windows-Sysmon/Operational,0,"""Process Create:
RuleName: -
UtcTime: 2025-06-09 14:02:44.694
ProcessGuid: {154c2aaf-e984-6846-5200-000000001800}
ProcessId: 3312
Image: C:\Windows\System32\ClipRenew.exe
FileVersion: 10.0.19041.5794 (WinBuild.160101.0800)
Description: Acquire License From Store
Product: Microsoft® Windows® Operating System
Company: Microsoft Corporation
OriginalFileName: ClipRenew.exe
CommandLine: ""C:\Windows\system32\ClipRenew.exe"" -e
CurrentDirectory: C:\Windows\system32\
User: NT AUTHORITY\SYSTEM
LogonGuid: {154c2aaf-e981-6846-e703-000000000000}
LogonId: 0x3E7
TerminalSessionId: 0
IntegrityLevel: System
Hashes: MD5=41FD77A53A8266A4A815A4251C0443F6,SHA256=21F7D12DD8E182981FA542D5C3966BE13130983A1C911512504B68B7FAE7A0E6,IMPHASH=7F4470465663D7CBA5549C606DADF3C2
ParentProcessGuid: {154c2aaf-e982-6846-1900-000000001800}
ParentProcessId: 1168
ParentImage: C:\Windows\System32\svchost.exe
ParentCommandLine: C:\Windows\system32\svchost.exe -k netsvcs -p -s Schedule
ParentUser: NT AUTHORITY\SYSTEM""",5,2025-06-09T14:02:48.3475925Z,30550,5512,DESKTOP-O7P9I53,1,3292,INFORMATION,Microsoft-Windows-Sysmon,14,false,5,Sysmon - Event 1: Process creation Acquire License From Store,"[""windows"",""sysmon"",""sysmon_event1""]",61603,windows_eventchannel,"{""win"":{""system"":{""providerName"":""Microsoft-Windows-Sysmon"",""providerGuid"":""{5770385f-c22a-43e0-bf4c-06f5698ffbd9}"",""eventID"":""1"",""version"":""5"",""level"":""4"",""task"":""1"",""opcode"":""0"",""keywords"":""0x8000000000000000"",""systemTime"":""2025-06-09T14:02:48.3475925Z"",""eventRecordID"":""30550"",""processID"":""3292"",""threadID"":""5512"",""channel"":""Microsoft-Windows-Sysmon/Operational"",""computer"":""DESKTOP-O7P9I53"",""severityValue"":""INFORMATION"",""message"":""\""Process Create:\r\nRuleName: -\r\nUtcTime: 2025-06-09 14:02:44.694\r\nProcessGuid: {154c2aaf-e984-6846-5200-000000001800}\r\nProcessId: 3312\r\nImage: C:\\Windows\\System32\\ClipRenew.exe\r\nFileVersion: 10.0.19041.5794 (WinBuild.160101.0800)\r\nDescription: Acquire License From Store\r\nProduct: Microsoft® Windows® Operating System\r\nCompany: Microsoft Corporation\r\nOriginalFileName: ClipRenew.exe\r\nCommandLine: \""C:\\Windows\\system32\\ClipRenew.exe\"" -e\r\nCurrentDirectory: C:\\Windows\\system32\\\r\nUser: NT AUTHORITY\\SYSTEM\r\nLogonGuid: {154c2aaf-e981-6846-e703-000000000000}\r\nLogonId: 0x3E7\r\nTerminalSessionId: 0\r\nIntegrityLevel: System\r\nHashes: MD5=41FD77A53A8266A4A815A4251C0443F6,SHA256=21F7D12DD8E182981FA542D5C3966BE13130983A1C911512504B68B7FAE7A0E6,IMPHASH=7F4470465663D7CBA5549C606DADF3C2\r\nParentProcessGuid: {154c2aaf-e982-6846-1900-000000001800}\r\nParentProcessId: 1168\r\nParentImage: C:\\Windows\\System32\\svchost.exe\r\nParentCommandLine: C:\\Windows\\system32\\svchost.exe -k netsvcs -p -s Schedule\r\nParentUser: NT AUTHORITY\\SYSTEM\""""},""eventdata"":{""utcTime"":""2025-06-09 14:02:44.694"",""processGuid"":""{154c2aaf-e984-6846-5200-000000001800}"",""processId"":""3312"",""image"":""C:\\\\Windows\\\\System32\\\\ClipRenew.exe"",""fileVersion"":""10.0.19041.5794 (WinBuild.160101.0800)"",""description"":""Acquire License From Store"",""product"":""Microsoft® Windows® Operating System"",""company"":""Microsoft Corporation"",""originalFileName"":""ClipRenew.exe"",""commandLine"":""\\\""C:\\\\Windows\\\\system32\\\\ClipRenew.exe\\\"" -e"",""currentDirectory"":""C:\\\\Windows\\\\system32\\\\"",""user"":""NT AUTHORITY\\\\SYSTEM"",""logonGuid"":""{154c2aaf-e981-6846-e703-000000000000}"",""logonId"":""0x3e7"",""terminalSessionId"":""0"",""integrityLevel"":""System"",""hashes"":""MD5=41FD77A53A8266A4A815A4251C0443F6,SHA256=21F7D12DD8E182981FA542D5C3966BE13130983A1C911512504B68B7FAE7A0E6,IMPHASH=7F4470465663D7CBA5549C606DADF3C2"",""parentProcessGuid"":""{154c2aaf-e982-6846-1900-000000001800}"",""parentProcessId"":""1168"",""parentImage"":""C:\\\\Windows\\\\System32\\\\svchost.exe"",""parentCommandLine"":""C:\\\\Windows\\\\system32\\\\svchost.exe -k netsvcs -p -s Schedule"",""parentUser"":""NT AUTHORITY\\\\SYSTEM""}}}",log,"Jun 9, 2025 @ 19:34:10.250",EventChannel,1749477850.211094,"Jun 9, 2025 @ 19:34:10.250", , , , , , , , , , , , , , , , , , , , , , , , , , , , , , , , , , , , , , , , , , , , , , , , , , , , , , , , , , , , , , , , , , , , , , , , , , , , , , , , , , , , , 
wazuh-alerts-4.x-2025.06.09,qqMBVZcB7NFPR1gL6DHf,1,1,192.168.254.162,DESKTOP-O7P9I53,001,hat-VMware-Virtual-Platform,VGAuthService.exe,C:\\Program Files\\VMware\\VMware Tools\\VMware VGAuth\\VGAuthService.exe,VMware Guest Authentication,{154c2aaf-e981-6846-0b00-000000001800},VMware Guest Authentication Service,{154c2aaf-e981-6846-e703-000000000000},C:\\Windows\\system32\\services.exe,{154c2aaf-e984-6846-5300-000000001800},0x3e7,648,3344,C:\\Windows\\system32\\,2025-06-09 14:02:44.712,"MD5=5665C519CEC789E35E541BDE4AF9BBC2,SHA256=FF8BC6B91CEB547DB6A052F2BC5B776924779C6F7ADE0B14FDECE7BCFEE42D53,IMPHASH=8A7B795B342FB801B4DDE33C49AE7412",C:\\Windows\\System32\\services.exe,Broadcom Inc.,"\""C:\\Program Files\\VMware\\VMware Tools\\VMware VGAuth\\VGAuthService.exe\""",System,12.5.2.6606,NT AUTHORITY\\SYSTEM,0,NT AUTHORITY\\SYSTEM,1,0x8000000000000000,{5770385f-c22a-43e0-bf4c-06f5698ffbd9},4,Microsoft-Windows-Sysmon/Operational,0,"""Process Create:
RuleName: -
UtcTime: 2025-06-09 14:02:44.712
ProcessGuid: {154c2aaf-e984-6846-5300-000000001800}
ProcessId: 3344
Image: C:\Program Files\VMware\VMware Tools\VMware VGAuth\VGAuthService.exe
FileVersion: 12.5.2.6606
Description: VMware Guest Authentication Service
Product: VMware Guest Authentication
Company: Broadcom Inc.
OriginalFileName: VGAuthService.exe
CommandLine: ""C:\Program Files\VMware\VMware Tools\VMware VGAuth\VGAuthService.exe""
CurrentDirectory: C:\Windows\system32\
User: NT AUTHORITY\SYSTEM
LogonGuid: {154c2aaf-e981-6846-e703-000000000000}
LogonId: 0x3E7
TerminalSessionId: 0
IntegrityLevel: System
Hashes: MD5=5665C519CEC789E35E541BDE4AF9BBC2,SHA256=FF8BC6B91CEB547DB6A052F2BC5B776924779C6F7ADE0B14FDECE7BCFEE42D53,IMPHASH=8A7B795B342FB801B4DDE33C49AE7412
ParentProcessGuid: {154c2aaf-e981-6846-0b00-000000001800}
ParentProcessId: 648
ParentImage: C:\Windows\System32\services.exe
ParentCommandLine: C:\Windows\system32\services.exe
ParentUser: NT AUTHORITY\SYSTEM""",5,2025-06-09T14:02:48.3479758Z,30551,5512,DESKTOP-O7P9I53,1,3292,INFORMATION,Microsoft-Windows-Sysmon,15,false,5,Sysmon - Event 1: Process creation VMware Guest Authentication Service,"[""windows"",""sysmon"",""sysmon_event1""]",61603,windows_eventchannel,"{""win"":{""system"":{""providerName"":""Microsoft-Windows-Sysmon"",""providerGuid"":""{5770385f-c22a-43e0-bf4c-06f5698ffbd9}"",""eventID"":""1"",""version"":""5"",""level"":""4"",""task"":""1"",""opcode"":""0"",""keywords"":""0x8000000000000000"",""systemTime"":""2025-06-09T14:02:48.3479758Z"",""eventRecordID"":""30551"",""processID"":""3292"",""threadID"":""5512"",""channel"":""Microsoft-Windows-Sysmon/Operational"",""computer"":""DESKTOP-O7P9I53"",""severityValue"":""INFORMATION"",""message"":""\""Process Create:\r\nRuleName: -\r\nUtcTime: 2025-06-09 14:02:44.712\r\nProcessGuid: {154c2aaf-e984-6846-5300-000000001800}\r\nProcessId: 3344\r\nImage: C:\\Program Files\\VMware\\VMware Tools\\VMware VGAuth\\VGAuthService.exe\r\nFileVersion: 12.5.2.6606\r\nDescription: VMware Guest Authentication Service\r\nProduct: VMware Guest Authentication\r\nCompany: Broadcom Inc.\r\nOriginalFileName: VGAuthService.exe\r\nCommandLine: \""C:\\Program Files\\VMware\\VMware Tools\\VMware VGAuth\\VGAuthService.exe\""\r\nCurrentDirectory: C:\\Windows\\system32\\\r\nUser: NT AUTHORITY\\SYSTEM\r\nLogonGuid: {154c2aaf-e981-6846-e703-000000000000}\r\nLogonId: 0x3E7\r\nTerminalSessionId: 0\r\nIntegrityLevel: System\r\nHashes: MD5=5665C519CEC789E35E541BDE4AF9BBC2,SHA256=FF8BC6B91CEB547DB6A052F2BC5B776924779C6F7ADE0B14FDECE7BCFEE42D53,IMPHASH=8A7B795B342FB801B4DDE33C49AE7412\r\nParentProcessGuid: {154c2aaf-e981-6846-0b00-000000001800}\r\nParentProcessId: 648\r\nParentImage: C:\\Windows\\System32\\services.exe\r\nParentCommandLine: C:\\Windows\\system32\\services.exe\r\nParentUser: NT AUTHORITY\\SYSTEM\""""},""eventdata"":{""utcTime"":""2025-06-09 14:02:44.712"",""processGuid"":""{154c2aaf-e984-6846-5300-000000001800}"",""processId"":""3344"",""image"":""C:\\\\Program Files\\\\VMware\\\\VMware Tools\\\\VMware VGAuth\\\\VGAuthService.exe"",""fileVersion"":""12.5.2.6606"",""description"":""VMware Guest Authentication Service"",""product"":""VMware Guest Authentication"",""company"":""Broadcom Inc."",""originalFileName"":""VGAuthService.exe"",""commandLine"":""\\\""C:\\\\Program Files\\\\VMware\\\\VMware Tools\\\\VMware VGAuth\\\\VGAuthService.exe\\\"""",""currentDirectory"":""C:\\\\Windows\\\\system32\\\\"",""user"":""NT AUTHORITY\\\\SYSTEM"",""logonGuid"":""{154c2aaf-e981-6846-e703-000000000000}"",""logonId"":""0x3e7"",""terminalSessionId"":""0"",""integrityLevel"":""System"",""hashes"":""MD5=5665C519CEC789E35E541BDE4AF9BBC2,SHA256=FF8BC6B91CEB547DB6A052F2BC5B776924779C6F7ADE0B14FDECE7BCFEE42D53,IMPHASH=8A7B795B342FB801B4DDE33C49AE7412"",""parentProcessGuid"":""{154c2aaf-e981-6846-0b00-000000001800}"",""parentProcessId"":""648"",""parentImage"":""C:\\\\Windows\\\\System32\\\\services.exe"",""parentCommandLine"":""C:\\\\Windows\\\\system32\\\\services.exe"",""parentUser"":""NT AUTHORITY\\\\SYSTEM""}}}",log,"Jun 9, 2025 @ 19:34:10.267",EventChannel,1749477850.216777,"Jun 9, 2025 @ 19:34:10.267", , , , , , , , , , , , , , , , , , , , , , , , , , , , , , , , , , , , , , , , , , , , , , , , , , , , , , , , , , , , , , , , , , , , , , , , , , , , , , , , , , , , , 
