wazuh-alerts-4.x-2025.06.09,T-AEVZcBD7y1GXNGrof_,1,1,192.168.254.162,DESKTOP-O7P9I53,001,hat-VMware-Virtual-Platform, ,C:\\Users\\admin\\AppData\\Local\\Microsoft\\OneDrive\\Update\\OneDriveSetup.exe, , , , , ,{154c2aaf-ea98-6846-a001-000000001800}, , ,6984, ,2025-06-09 14:07:34.708, , , , , , ,DESKTOP-O7P9I53\\admin, , ,13,0x8000000000000000,{5770385f-c22a-43e0-bf4c-06f5698ffbd9},4,Microsoft-Windows-Sysmon/Operational,0,"""Registry value set:
RuleName: T1122
EventType: SetValue
UtcTime: 2025-06-09 14:07:34.708
ProcessGuid: {154c2aaf-ea98-6846-a001-000000001800}
ProcessId: 6984
Image: C:\Users\admin\AppData\Local\Microsoft\OneDrive\Update\OneDriveSetup.exe
TargetObject: HKU\S-1-5-21-442569660-4060779802-1076883227-1001_Classes\WOW6432Node\CLSID\{C5FF006E-2AE9-408C-B85B-2DFDD5449D9C}\InprocServer32\(Default)
Details: C:\Users\admin\AppData\Local\Microsoft\OneDrive\25.091.0512.0001\i386\FileSyncShell.dll
User: DESKTOP-O7P9I53\admin""",2,2025-06-09T14:07:34.7274688Z,31446,5512,DESKTOP-O7P9I53,13,3292,INFORMATION,Microsoft-Windows-Sysmon,338,false,5,Sysmon - Event 13: RegistryEvent SetValue on HKU\\S-1-5-21-442569660-4060779802-1076883227-1001_Classes\\WOW6432Node\\CLSID\\{C5FF006E-2AE9-408C-B85B-2DFDD5449D9C}\\InprocServer32\\(Default) by C:\\Users\\admin\\AppData\\Local\\Microsoft\\OneDrive\\Update\\OneDriveSetup.exe,"[""windows"",""sysmon"",""sysmon_event_13""]",61615,windows_eventchannel,"{""win"":{""system"":{""providerName"":""Microsoft-Windows-Sysmon"",""providerGuid"":""{5770385f-c22a-43e0-bf4c-06f5698ffbd9}"",""eventID"":""13"",""version"":""2"",""level"":""4"",""task"":""13"",""opcode"":""0"",""keywords"":""0x8000000000000000"",""systemTime"":""2025-06-09T14:07:34.7274688Z"",""eventRecordID"":""31446"",""processID"":""3292"",""threadID"":""5512"",""channel"":""Microsoft-Windows-Sysmon/Operational"",""computer"":""DESKTOP-O7P9I53"",""severityValue"":""INFORMATION"",""message"":""\""Registry value set:\r\nRuleName: T1122\r\nEventType: SetValue\r\nUtcTime: 2025-06-09 14:07:34.708\r\nProcessGuid: {154c2aaf-ea98-6846-a001-000000001800}\r\nProcessId: 6984\r\nImage: C:\\Users\\admin\\AppData\\Local\\Microsoft\\OneDrive\\Update\\OneDriveSetup.exe\r\nTargetObject: HKU\\S-1-5-21-442569660-4060779802-1076883227-1001_Classes\\WOW6432Node\\CLSID\\{C5FF006E-2AE9-408C-B85B-2DFDD5449D9C}\\InprocServer32\\(Default)\r\nDetails: C:\\Users\\admin\\AppData\\Local\\Microsoft\\OneDrive\\25.091.0512.0001\\i386\\FileSyncShell.dll\r\nUser: DESKTOP-O7P9I53\\admin\""""},""eventdata"":{""ruleName"":""T1122"",""eventType"":""SetValue"",""utcTime"":""2025-06-09 14:07:34.708"",""processGuid"":""{154c2aaf-ea98-6846-a001-000000001800}"",""processId"":""6984"",""image"":""C:\\\\Users\\\\admin\\\\AppData\\\\Local\\\\Microsoft\\\\OneDrive\\\\Update\\\\OneDriveSetup.exe"",""targetObject"":""HKU\\\\S-1-5-21-442569660-4060779802-1076883227-1001_Classes\\\\WOW6432Node\\\\CLSID\\\\{C5FF006E-2AE9-408C-B85B-2DFDD5449D9C}\\\\InprocServer32\\\\(Default)"",""details"":""C:\\\\Users\\\\admin\\\\AppData\\\\Local\\\\Microsoft\\\\OneDrive\\\\25.091.0512.0001\\\\i386\\\\FileSyncShell.dll"",""user"":""DESKTOP-O7P9I53\\\\admin""}}}",log,"Jun 9, 2025 @ 19:37:36.175",EventChannel,1749478056.2910107,"Jun 9, 2025 @ 19:37:36.175", , , , , , , , , , , , , , , , , , , , , , , , , , , , , , , , , , , , , , , , , , , , , , , , , , , ,HKU\\S-1-5-21-442569660-4060779802-1076883227-1001_Classes\\WOW6432Node\\CLSID\\{C5FF006E-2AE9-408C-B85B-2DFDD5449D9C}\\InprocServer32\\(Default),T1122,C:\\Users\\admin\\AppData\\Local\\Microsoft\\OneDrive\\25.091.0512.0001\\i386\\FileSyncShell.dll,SetValue, , , , , , , , , , , , , , , , , , , , , , , , , , , , , , 
wazuh-alerts-4.x-2025.06.09,UOAEVZcBD7y1GXNGrof_,1,1,192.168.254.162,DESKTOP-O7P9I53,001,hat-VMware-Virtual-Platform, ,C:\\Users\\admin\\AppData\\Local\\Microsoft\\OneDrive\\Update\\OneDriveSetup.exe, , , , , ,{154c2aaf-ea98-6846-a001-000000001800}, , ,6984, ,2025-06-09 14:07:34.708, , , , , , ,DESKTOP-O7P9I53\\admin, , ,13,0x8000000000000000,{5770385f-c22a-43e0-bf4c-06f5698ffbd9},4,Microsoft-Windows-Sysmon/Operational,0,"""Registry value set:
RuleName: T1122
EventType: SetValue
UtcTime: 2025-06-09 14:07:34.708
ProcessGuid: {154c2aaf-ea98-6846-a001-000000001800}
ProcessId: 6984
Image: C:\Users\admin\AppData\Local\Microsoft\OneDrive\Update\OneDriveSetup.exe
TargetObject: HKU\S-1-5-21-442569660-4060779802-1076883227-1001_Classes\CLSID\{7AFDFDDB-F914-11E4-8377-6C3BE50D980C}\InprocServer32\(Default)
Details: C:\Users\admin\AppData\Local\Microsoft\OneDrive\25.091.0512.0001\FileSyncShell64.dll
User: DESKTOP-O7P9I53\admin""",2,2025-06-09T14:07:34.7277038Z,31447,5512,DESKTOP-O7P9I53,13,3292,INFORMATION,Microsoft-Windows-Sysmon,339,false,5,Sysmon - Event 13: RegistryEvent SetValue on HKU\\S-1-5-21-442569660-4060779802-1076883227-1001_Classes\\CLSID\\{7AFDFDDB-F914-11E4-8377-6C3BE50D980C}\\InprocServer32\\(Default) by C:\\Users\\admin\\AppData\\Local\\Microsoft\\OneDrive\\Update\\OneDriveSetup.exe,"[""windows"",""sysmon"",""sysmon_event_13""]",61615,windows_eventchannel,"{""win"":{""system"":{""providerName"":""Microsoft-Windows-Sysmon"",""providerGuid"":""{5770385f-c22a-43e0-bf4c-06f5698ffbd9}"",""eventID"":""13"",""version"":""2"",""level"":""4"",""task"":""13"",""opcode"":""0"",""keywords"":""0x8000000000000000"",""systemTime"":""2025-06-09T14:07:34.7277038Z"",""eventRecordID"":""31447"",""processID"":""3292"",""threadID"":""5512"",""channel"":""Microsoft-Windows-Sysmon/Operational"",""computer"":""DESKTOP-O7P9I53"",""severityValue"":""INFORMATION"",""message"":""\""Registry value set:\r\nRuleName: T1122\r\nEventType: SetValue\r\nUtcTime: 2025-06-09 14:07:34.708\r\nProcessGuid: {154c2aaf-ea98-6846-a001-000000001800}\r\nProcessId: 6984\r\nImage: C:\\Users\\admin\\AppData\\Local\\Microsoft\\OneDrive\\Update\\OneDriveSetup.exe\r\nTargetObject: HKU\\S-1-5-21-442569660-4060779802-1076883227-1001_Classes\\CLSID\\{7AFDFDDB-F914-11E4-8377-6C3BE50D980C}\\InprocServer32\\(Default)\r\nDetails: C:\\Users\\admin\\AppData\\Local\\Microsoft\\OneDrive\\25.091.0512.0001\\FileSyncShell64.dll\r\nUser: DESKTOP-O7P9I53\\admin\""""},""eventdata"":{""ruleName"":""T1122"",""eventType"":""SetValue"",""utcTime"":""2025-06-09 14:07:34.708"",""processGuid"":""{154c2aaf-ea98-6846-a001-000000001800}"",""processId"":""6984"",""image"":""C:\\\\Users\\\\admin\\\\AppData\\\\Local\\\\Microsoft\\\\OneDrive\\\\Update\\\\OneDriveSetup.exe"",""targetObject"":""HKU\\\\S-1-5-21-442569660-4060779802-1076883227-1001_Classes\\\\CLSID\\\\{7AFDFDDB-F914-11E4-8377-6C3BE50D980C}\\\\InprocServer32\\\\(Default)"",""details"":""C:\\\\Users\\\\admin\\\\AppData\\\\Local\\\\Microsoft\\\\OneDrive\\\\25.091.0512.0001\\\\FileSyncShell64.dll"",""user"":""DESKTOP-O7P9I53\\\\admin""}}}",log,"Jun 9, 2025 @ 19:37:36.199",EventChannel,1749478056.2913874,"Jun 9, 2025 @ 19:37:36.199", , , , , , , , , , , , , , , , , , , , , , , , , , , , , , , , , , , , , , , , , , , , , , , , , , , ,HKU\\S-1-5-21-442569660-4060779802-1076883227-1001_Classes\\CLSID\\{7AFDFDDB-F914-11E4-8377-6C3BE50D980C}\\InprocServer32\\(Default),T1122,C:\\Users\\admin\\AppData\\Local\\Microsoft\\OneDrive\\25.091.0512.0001\\FileSyncShell64.dll,SetValue, , , , , , , , , , , , , , , , , , , , , , , , , , , , , , 
wazuh-alerts-4.x-2025.06.09,VeAEVZcBD7y1GXNGrof_,1,1,192.168.254.162,DESKTOP-O7P9I53,001,hat-VMware-Virtual-Platform, ,C:\\Users\\admin\\AppData\\Local\\Microsoft\\OneDrive\\Update\\OneDriveSetup.exe, , , , , ,{154c2aaf-ea98-6846-a001-000000001800}, , ,6984, ,2025-06-09 14:07:34.708, , , , , , ,DESKTOP-O7P9I53\\admin, , ,13,0x8000000000000000,{5770385f-c22a-43e0-bf4c-06f5698ffbd9},4,Microsoft-Windows-Sysmon/Operational,0,"""Registry value set:
RuleName: T1122
EventType: SetValue
UtcTime: 2025-06-09 14:07:34.708
ProcessGuid: {154c2aaf-ea98-6846-a001-000000001800}
ProcessId: 6984
Image: C:\Users\admin\AppData\Local\Microsoft\OneDrive\Update\OneDriveSetup.exe
TargetObject: HKU\S-1-5-21-442569660-4060779802-1076883227-1001_Classes\WOW6432Node\CLSID\{1BF42E4C-4AF4-4CFD-A1A0-CF2960B8F63E}\InprocServer32\(Default)
Details: C:\Users\admin\AppData\Local\Microsoft\OneDrive\25.091.0512.0001\i386\FileSyncShell.dll
User: DESKTOP-O7P9I53\admin""",2,2025-06-09T14:07:34.7282915Z,31452,5512,DESKTOP-O7P9I53,13,3292,INFORMATION,Microsoft-Windows-Sysmon,344,false,5,Sysmon - Event 13: RegistryEvent SetValue on HKU\\S-1-5-21-442569660-4060779802-1076883227-1001_Classes\\WOW6432Node\\CLSID\\{1BF42E4C-4AF4-4CFD-A1A0-CF2960B8F63E}\\InprocServer32\\(Default) by C:\\Users\\admin\\AppData\\Local\\Microsoft\\OneDrive\\Update\\OneDriveSetup.exe,"[""windows"",""sysmon"",""sysmon_event_13""]",61615,windows_eventchannel,"{""win"":{""system"":{""providerName"":""Microsoft-Windows-Sysmon"",""providerGuid"":""{5770385f-c22a-43e0-bf4c-06f5698ffbd9}"",""eventID"":""13"",""version"":""2"",""level"":""4"",""task"":""13"",""opcode"":""0"",""keywords"":""0x8000000000000000"",""systemTime"":""2025-06-09T14:07:34.7282915Z"",""eventRecordID"":""31452"",""processID"":""3292"",""threadID"":""5512"",""channel"":""Microsoft-Windows-Sysmon/Operational"",""computer"":""DESKTOP-O7P9I53"",""severityValue"":""INFORMATION"",""message"":""\""Registry value set:\r\nRuleName: T1122\r\nEventType: SetValue\r\nUtcTime: 2025-06-09 14:07:34.708\r\nProcessGuid: {154c2aaf-ea98-6846-a001-000000001800}\r\nProcessId: 6984\r\nImage: C:\\Users\\admin\\AppData\\Local\\Microsoft\\OneDrive\\Update\\OneDriveSetup.exe\r\nTargetObject: HKU\\S-1-5-21-442569660-4060779802-1076883227-1001_Classes\\WOW6432Node\\CLSID\\{1BF42E4C-4AF4-4CFD-A1A0-CF2960B8F63E}\\InprocServer32\\(Default)\r\nDetails: C:\\Users\\admin\\AppData\\Local\\Microsoft\\OneDrive\\25.091.0512.0001\\i386\\FileSyncShell.dll\r\nUser: DESKTOP-O7P9I53\\admin\""""},""eventdata"":{""ruleName"":""T1122"",""eventType"":""SetValue"",""utcTime"":""2025-06-09 14:07:34.708"",""processGuid"":""{154c2aaf-ea98-6846-a001-000000001800}"",""processId"":""6984"",""image"":""C:\\\\Users\\\\admin\\\\AppData\\\\Local\\\\Microsoft\\\\OneDrive\\\\Update\\\\OneDriveSetup.exe"",""targetObject"":""HKU\\\\S-1-5-21-442569660-4060779802-1076883227-1001_Classes\\\\WOW6432Node\\\\CLSID\\\\{1BF42E4C-4AF4-4CFD-A1A0-CF2960B8F63E}\\\\InprocServer32\\\\(Default)"",""details"":""C:\\\\Users\\\\admin\\\\AppData\\\\Local\\\\Microsoft\\\\OneDrive\\\\25.091.0512.0001\\\\i386\\\\FileSyncShell.dll"",""user"":""DESKTOP-O7P9I53\\\\admin""}}}",log,"Jun 9, 2025 @ 19:37:36.300",EventChannel,1749478056.2932460,"Jun 9, 2025 @ 19:37:36.300", , , , , , , , , , , , , , , , , , , , , , , , , , , , , , , , , , , , , , , , , , , , , , , , , , , ,HKU\\S-1-5-21-442569660-4060779802-1076883227-1001_Classes\\WOW6432Node\\CLSID\\{1BF42E4C-4AF4-4CFD-A1A0-CF2960B8F63E}\\InprocServer32\\(Default),T1122,C:\\Users\\admin\\AppData\\Local\\Microsoft\\OneDrive\\25.091.0512.0001\\i386\\FileSyncShell.dll,SetValue, , , , , , , , , , , , , , , , , , , , , , , , , , , , , , 
wazuh-alerts-4.x-2025.06.09,WOAEVZcBD7y1GXNGrof_,1,1,192.168.254.162,DESKTOP-O7P9I53,001,hat-VMware-Virtual-Platform, ,C:\\Users\\admin\\AppData\\Local\\Microsoft\\OneDrive\\Update\\OneDriveSetup.exe, , , , , ,{154c2aaf-ea98-6846-a001-000000001800}, , ,6984, ,2025-06-09 14:07:34.708, , , , , , ,DESKTOP-O7P9I53\\admin, , ,13,0x8000000000000000,{5770385f-c22a-43e0-bf4c-06f5698ffbd9},4,Microsoft-Windows-Sysmon/Operational,0,"""Registry value set:
RuleName: T1122
EventType: SetValue
UtcTime: 2025-06-09 14:07:34.708
ProcessGuid: {154c2aaf-ea98-6846-a001-000000001800}
ProcessId: 6984
Image: C:\Users\admin\AppData\Local\Microsoft\OneDrive\Update\OneDriveSetup.exe
TargetObject: HKU\S-1-5-21-442569660-4060779802-1076883227-1001_Classes\CLSID\{CB3D0F55-BC2C-4C1A-85ED-23ED75B5106B}\InprocServer32\(Default)
Details: C:\Users\admin\AppData\Local\Microsoft\OneDrive\25.091.0512.0001\FileSyncShell64.dll
User: DESKTOP-O7P9I53\admin""",2,2025-06-09T14:07:34.7288500Z,31455,5512,DESKTOP-O7P9I53,13,3292,INFORMATION,Microsoft-Windows-Sysmon,347,false,5,Sysmon - Event 13: RegistryEvent SetValue on HKU\\S-1-5-21-442569660-4060779802-1076883227-1001_Classes\\CLSID\\{CB3D0F55-BC2C-4C1A-85ED-23ED75B5106B}\\InprocServer32\\(Default) by C:\\Users\\admin\\AppData\\Local\\Microsoft\\OneDrive\\Update\\OneDriveSetup.exe,"[""windows"",""sysmon"",""sysmon_event_13""]",61615,windows_eventchannel,"{""win"":{""system"":{""providerName"":""Microsoft-Windows-Sysmon"",""providerGuid"":""{5770385f-c22a-43e0-bf4c-06f5698ffbd9}"",""eventID"":""13"",""version"":""2"",""level"":""4"",""task"":""13"",""opcode"":""0"",""keywords"":""0x8000000000000000"",""systemTime"":""2025-06-09T14:07:34.7288500Z"",""eventRecordID"":""31455"",""processID"":""3292"",""threadID"":""5512"",""channel"":""Microsoft-Windows-Sysmon/Operational"",""computer"":""DESKTOP-O7P9I53"",""severityValue"":""INFORMATION"",""message"":""\""Registry value set:\r\nRuleName: T1122\r\nEventType: SetValue\r\nUtcTime: 2025-06-09 14:07:34.708\r\nProcessGuid: {154c2aaf-ea98-6846-a001-000000001800}\r\nProcessId: 6984\r\nImage: C:\\Users\\admin\\AppData\\Local\\Microsoft\\OneDrive\\Update\\OneDriveSetup.exe\r\nTargetObject: HKU\\S-1-5-21-442569660-4060779802-1076883227-1001_Classes\\CLSID\\{CB3D0F55-BC2C-4C1A-85ED-23ED75B5106B}\\InprocServer32\\(Default)\r\nDetails: C:\\Users\\admin\\AppData\\Local\\Microsoft\\OneDrive\\25.091.0512.0001\\FileSyncShell64.dll\r\nUser: DESKTOP-O7P9I53\\admin\""""},""eventdata"":{""ruleName"":""T1122"",""eventType"":""SetValue"",""utcTime"":""2025-06-09 14:07:34.708"",""processGuid"":""{154c2aaf-ea98-6846-a001-000000001800}"",""processId"":""6984"",""image"":""C:\\\\Users\\\\admin\\\\AppData\\\\Local\\\\Microsoft\\\\OneDrive\\\\Update\\\\OneDriveSetup.exe"",""targetObject"":""HKU\\\\S-1-5-21-442569660-4060779802-1076883227-1001_Classes\\\\CLSID\\\\{CB3D0F55-BC2C-4C1A-85ED-23ED75B5106B}\\\\InprocServer32\\\\(Default)"",""details"":""C:\\\\Users\\\\admin\\\\AppData\\\\Local\\\\Microsoft\\\\OneDrive\\\\25.091.0512.0001\\\\FileSyncShell64.dll"",""user"":""DESKTOP-O7P9I53\\\\admin""}}}",log,"Jun 9, 2025 @ 19:37:36.368",EventChannel,1749478056.2943678,"Jun 9, 2025 @ 19:37:36.368", , , , , , , , , , , , , , , , , , , , , , , , , , , , , , , , , , , , , , , , , , , , , , , , , , , ,HKU\\S-1-5-21-442569660-4060779802-1076883227-1001_Classes\\CLSID\\{CB3D0F55-BC2C-4C1A-85ED-23ED75B5106B}\\InprocServer32\\(Default),T1122,C:\\Users\\admin\\AppData\\Local\\Microsoft\\OneDrive\\25.091.0512.0001\\FileSyncShell64.dll,SetValue, , , , , , , , , , , , , , , , , , , , , , , , , , , , , , 
wazuh-alerts-4.x-2025.06.09,W-AEVZcBD7y1GXNGrof_,1,1,192.168.254.162,DESKTOP-O7P9I53,001,hat-VMware-Virtual-Platform, ,C:\\Users\\admin\\AppData\\Local\\Microsoft\\OneDrive\\Update\\OneDriveSetup.exe, , , , , ,{154c2aaf-ea98-6846-a001-000000001800}, , ,6984, ,2025-06-09 14:07:34.708, , , , , , ,DESKTOP-O7P9I53\\admin, , ,13,0x8000000000000000,{5770385f-c22a-43e0-bf4c-06f5698ffbd9},4,Microsoft-Windows-Sysmon/Operational,0,"""Registry value set:
RuleName: -
EventType: SetValue
UtcTime: 2025-06-09 14:07:34.708
ProcessGuid: {154c2aaf-ea98-6846-a001-000000001800}
ProcessId: 6984
Image: C:\Users\admin\AppData\Local\Microsoft\OneDrive\Update\OneDriveSetup.exe
TargetObject: HKU\S-1-5-21-442569660-4060779802-1076883227-1001_Classes\*\shellex\ContextMenuHandlers\ FileSyncEx\(Default)
Details: {CB3D0F55-BC2C-4C1A-85ED-23ED75B5106B}
User: DESKTOP-O7P9I53\admin""",2,2025-06-09T14:07:34.7289555Z,31458,5512,DESKTOP-O7P9I53,13,3292,INFORMATION,Microsoft-Windows-Sysmon,350,false,5,Sysmon - Event 13: RegistryEvent SetValue on HKU\\S-1-5-21-442569660-4060779802-1076883227-1001_Classes\\*\\shellex\\ContextMenuHandlers\\ FileSyncEx\\(Default) by C:\\Users\\admin\\AppData\\Local\\Microsoft\\OneDrive\\Update\\OneDriveSetup.exe,"[""windows"",""sysmon"",""sysmon_event_13""]",61615,windows_eventchannel,"{""win"":{""system"":{""providerName"":""Microsoft-Windows-Sysmon"",""providerGuid"":""{5770385f-c22a-43e0-bf4c-06f5698ffbd9}"",""eventID"":""13"",""version"":""2"",""level"":""4"",""task"":""13"",""opcode"":""0"",""keywords"":""0x8000000000000000"",""systemTime"":""2025-06-09T14:07:34.7289555Z"",""eventRecordID"":""31458"",""processID"":""3292"",""threadID"":""5512"",""channel"":""Microsoft-Windows-Sysmon/Operational"",""computer"":""DESKTOP-O7P9I53"",""severityValue"":""INFORMATION"",""message"":""\""Registry value set:\r\nRuleName: -\r\nEventType: SetValue\r\nUtcTime: 2025-06-09 14:07:34.708\r\nProcessGuid: {154c2aaf-ea98-6846-a001-000000001800}\r\nProcessId: 6984\r\nImage: C:\\Users\\admin\\AppData\\Local\\Microsoft\\OneDrive\\Update\\OneDriveSetup.exe\r\nTargetObject: HKU\\S-1-5-21-442569660-4060779802-1076883227-1001_Classes\\*\\shellex\\ContextMenuHandlers\\ FileSyncEx\\(Default)\r\nDetails: {CB3D0F55-BC2C-4C1A-85ED-23ED75B5106B}\r\nUser: DESKTOP-O7P9I53\\admin\""""},""eventdata"":{""eventType"":""SetValue"",""utcTime"":""2025-06-09 14:07:34.708"",""processGuid"":""{154c2aaf-ea98-6846-a001-000000001800}"",""processId"":""6984"",""image"":""C:\\\\Users\\\\admin\\\\AppData\\\\Local\\\\Microsoft\\\\OneDrive\\\\Update\\\\OneDriveSetup.exe"",""targetObject"":""HKU\\\\S-1-5-21-442569660-4060779802-1076883227-1001_Classes\\\\*\\\\shellex\\\\ContextMenuHandlers\\\\ FileSyncEx\\\\(Default)"",""details"":""{CB3D0F55-BC2C-4C1A-85ED-23ED75B5106B}"",""user"":""DESKTOP-O7P9I53\\\\admin""}}}",log,"Jun 9, 2025 @ 19:37:36.482",EventChannel,1749478056.2954448,"Jun 9, 2025 @ 19:37:36.482", , , , , , , , , , , , , , , , , , , , , , , , , , , , , , , , , , , , , , , , , , , , , , , , , , , ,HKU\\S-1-5-21-442569660-4060779802-1076883227-1001_Classes\\*\\shellex\\ContextMenuHandlers\\ FileSyncEx\\(Default), ,{CB3D0F55-BC2C-4C1A-85ED-23ED75B5106B},SetValue, , , , , , , , , , , , , , , , , , , , , , , , , , , , , , 
wazuh-alerts-4.x-2025.06.09,XeAEVZcBD7y1GXNGrof_,1,1,192.168.254.162,DESKTOP-O7P9I53,001,hat-VMware-Virtual-Platform, ,C:\\Users\\admin\\AppData\\Local\\Microsoft\\OneDrive\\Update\\OneDriveSetup.exe, , , , , ,{154c2aaf-ea98-6846-a001-000000001800}, , ,6984, ,2025-06-09 14:07:34.708, , , , , , ,DESKTOP-O7P9I53\\admin, , ,13,0x8000000000000000,{5770385f-c22a-43e0-bf4c-06f5698ffbd9},4,Microsoft-Windows-Sysmon/Operational,0,"""Registry value set:
RuleName: -
EventType: SetValue
UtcTime: 2025-06-09 14:07:34.708
ProcessGuid: {154c2aaf-ea98-6846-a001-000000001800}
ProcessId: 6984
Image: C:\Users\admin\AppData\Local\Microsoft\OneDrive\Update\OneDriveSetup.exe
TargetObject: HKU\S-1-5-21-442569660-4060779802-1076883227-1001_Classes\Directory\Background\shellex\ContextMenuHandlers\ FileSyncEx\(Default)
Details: {CB3D0F55-BC2C-4C1A-85ED-23ED75B5106B}
User: DESKTOP-O7P9I53\admin""",2,2025-06-09T14:07:34.7290256Z,31460,5512,DESKTOP-O7P9I53,13,3292,INFORMATION,Microsoft-Windows-Sysmon,352,false,5,Sysmon - Event 13: RegistryEvent SetValue on HKU\\S-1-5-21-442569660-4060779802-1076883227-1001_Classes\\Directory\\Background\\shellex\\ContextMenuHandlers\\ FileSyncEx\\(Default) by C:\\Users\\admin\\AppData\\Local\\Microsoft\\OneDrive\\Update\\OneDriveSetup.exe,"[""windows"",""sysmon"",""sysmon_event_13""]",61615,windows_eventchannel,"{""win"":{""system"":{""providerName"":""Microsoft-Windows-Sysmon"",""providerGuid"":""{5770385f-c22a-43e0-bf4c-06f5698ffbd9}"",""eventID"":""13"",""version"":""2"",""level"":""4"",""task"":""13"",""opcode"":""0"",""keywords"":""0x8000000000000000"",""systemTime"":""2025-06-09T14:07:34.7290256Z"",""eventRecordID"":""31460"",""processID"":""3292"",""threadID"":""5512"",""channel"":""Microsoft-Windows-Sysmon/Operational"",""computer"":""DESKTOP-O7P9I53"",""severityValue"":""INFORMATION"",""message"":""\""Registry value set:\r\nRuleName: -\r\nEventType: SetValue\r\nUtcTime: 2025-06-09 14:07:34.708\r\nProcessGuid: {154c2aaf-ea98-6846-a001-000000001800}\r\nProcessId: 6984\r\nImage: C:\\Users\\admin\\AppData\\Local\\Microsoft\\OneDrive\\Update\\OneDriveSetup.exe\r\nTargetObject: HKU\\S-1-5-21-442569660-4060779802-1076883227-1001_Classes\\Directory\\Background\\shellex\\ContextMenuHandlers\\ FileSyncEx\\(Default)\r\nDetails: {CB3D0F55-BC2C-4C1A-85ED-23ED75B5106B}\r\nUser: DESKTOP-O7P9I53\\admin\""""},""eventdata"":{""eventType"":""SetValue"",""utcTime"":""2025-06-09 14:07:34.708"",""processGuid"":""{154c2aaf-ea98-6846-a001-000000001800}"",""processId"":""6984"",""image"":""C:\\\\Users\\\\admin\\\\AppData\\\\Local\\\\Microsoft\\\\OneDrive\\\\Update\\\\OneDriveSetup.exe"",""targetObject"":""HKU\\\\S-1-5-21-442569660-4060779802-1076883227-1001_Classes\\\\Directory\\\\Background\\\\shellex\\\\ContextMenuHandlers\\\\ FileSyncEx\\\\(Default)"",""details"":""{CB3D0F55-BC2C-4C1A-85ED-23ED75B5106B}"",""user"":""DESKTOP-O7P9I53\\\\admin""}}}",log,"Jun 9, 2025 @ 19:37:36.566",EventChannel,1749478056.2961187,"Jun 9, 2025 @ 19:37:36.566", , , , , , , , , , , , , , , , , , , , , , , , , , , , , , , , , , , , , , , , , , , , , , , , , , , ,HKU\\S-1-5-21-442569660-4060779802-1076883227-1001_Classes\\Directory\\Background\\shellex\\ContextMenuHandlers\\ FileSyncEx\\(Default), ,{CB3D0F55-BC2C-4C1A-85ED-23ED75B5106B},SetValue, , , , , , , , , , , , , , , , , , , , , , , , , , , , , , 
wazuh-alerts-4.x-2025.06.09,YeAEVZcBD7y1GXNGrof_,1,1,192.168.254.162,DESKTOP-O7P9I53,001,hat-VMware-Virtual-Platform, ,C:\\Users\\admin\\AppData\\Local\\Microsoft\\OneDrive\\Update\\OneDriveSetup.exe, , , , , ,{154c2aaf-ea98-6846-a001-000000001800}, , ,6984, ,2025-06-09 14:07:34.708, , , , , , ,DESKTOP-O7P9I53\\admin, , ,13,0x8000000000000000,{5770385f-c22a-43e0-bf4c-06f5698ffbd9},4,Microsoft-Windows-Sysmon/Operational,0,"""Registry value set:
RuleName: -
EventType: SetValue
UtcTime: 2025-06-09 14:07:34.708
ProcessGuid: {154c2aaf-ea98-6846-a001-000000001800}
ProcessId: 6984
Image: C:\Users\admin\AppData\Local\Microsoft\OneDrive\Update\OneDriveSetup.exe
TargetObject: HKU\S-1-5-21-442569660-4060779802-1076883227-1001_Classes\IE.AssocFile.URL\shellex\ContextMenuHandlers\ FileSyncEx\(Default)
Details: {CB3D0F55-BC2C-4C1A-85ED-23ED75B5106B}
User: DESKTOP-O7P9I53\admin""",2,2025-06-09T14:07:34.7291835Z,31464,5512,DESKTOP-O7P9I53,13,3292,INFORMATION,Microsoft-Windows-Sysmon,356,false,5,Sysmon - Event 13: RegistryEvent SetValue on HKU\\S-1-5-21-442569660-4060779802-1076883227-1001_Classes\\IE.AssocFile.URL\\shellex\\ContextMenuHandlers\\ FileSyncEx\\(Default) by C:\\Users\\admin\\AppData\\Local\\Microsoft\\OneDrive\\Update\\OneDriveSetup.exe,"[""windows"",""sysmon"",""sysmon_event_13""]",61615,windows_eventchannel,"{""win"":{""system"":{""providerName"":""Microsoft-Windows-Sysmon"",""providerGuid"":""{5770385f-c22a-43e0-bf4c-06f5698ffbd9}"",""eventID"":""13"",""version"":""2"",""level"":""4"",""task"":""13"",""opcode"":""0"",""keywords"":""0x8000000000000000"",""systemTime"":""2025-06-09T14:07:34.7291835Z"",""eventRecordID"":""31464"",""processID"":""3292"",""threadID"":""5512"",""channel"":""Microsoft-Windows-Sysmon/Operational"",""computer"":""DESKTOP-O7P9I53"",""severityValue"":""INFORMATION"",""message"":""\""Registry value set:\r\nRuleName: -\r\nEventType: SetValue\r\nUtcTime: 2025-06-09 14:07:34.708\r\nProcessGuid: {154c2aaf-ea98-6846-a001-000000001800}\r\nProcessId: 6984\r\nImage: C:\\Users\\admin\\AppData\\Local\\Microsoft\\OneDrive\\Update\\OneDriveSetup.exe\r\nTargetObject: HKU\\S-1-5-21-442569660-4060779802-1076883227-1001_Classes\\IE.AssocFile.URL\\shellex\\ContextMenuHandlers\\ FileSyncEx\\(Default)\r\nDetails: {CB3D0F55-BC2C-4C1A-85ED-23ED75B5106B}\r\nUser: DESKTOP-O7P9I53\\admin\""""},""eventdata"":{""eventType"":""SetValue"",""utcTime"":""2025-06-09 14:07:34.708"",""processGuid"":""{154c2aaf-ea98-6846-a001-000000001800}"",""processId"":""6984"",""image"":""C:\\\\Users\\\\admin\\\\AppData\\\\Local\\\\Microsoft\\\\OneDrive\\\\Update\\\\OneDriveSetup.exe"",""targetObject"":""HKU\\\\S-1-5-21-442569660-4060779802-1076883227-1001_Classes\\\\IE.AssocFile.URL\\\\shellex\\\\ContextMenuHandlers\\\\ FileSyncEx\\\\(Default)"",""details"":""{CB3D0F55-BC2C-4C1A-85ED-23ED75B5106B}"",""user"":""DESKTOP-O7P9I53\\\\admin""}}}",log,"Jun 9, 2025 @ 19:37:36.670",EventChannel,1749478056.2974719,"Jun 9, 2025 @ 19:37:36.670", , , , , , , , , , , , , , , , , , , , , , , , , , , , , , , , , , , , , , , , , , , , , , , , , , , ,HKU\\S-1-5-21-442569660-4060779802-1076883227-1001_Classes\\IE.AssocFile.URL\\shellex\\ContextMenuHandlers\\ FileSyncEx\\(Default), ,{CB3D0F55-BC2C-4C1A-85ED-23ED75B5106B},SetValue, , , , , , , , , , , , , , , , , , , , , , , , , , , , , , 
wazuh-alerts-4.x-2025.06.09,ZuAEVZcBD7y1GXNGrof_,1,1,192.168.254.162,DESKTOP-O7P9I53,001,hat-VMware-Virtual-Platform, ,C:\\Users\\admin\\AppData\\Local\\Microsoft\\OneDrive\\Update\\OneDriveSetup.exe, , , , , ,{154c2aaf-ea98-6846-a001-000000001800}, , ,6984, ,2025-06-09 14:07:34.755, , , , , , ,DESKTOP-O7P9I53\\admin, , ,13,0x8000000000000000,{5770385f-c22a-43e0-bf4c-06f5698ffbd9},4,Microsoft-Windows-Sysmon/Operational,0,"""Registry value set:
RuleName: T1042
EventType: SetValue
UtcTime: 2025-06-09 14:07:34.755
ProcessGuid: {154c2aaf-ea98-6846-a001-000000001800}
ProcessId: 6984
Image: C:\Users\admin\AppData\Local\Microsoft\OneDrive\Update\OneDriveSetup.exe
TargetObject: HKU\S-1-5-21-442569660-4060779802-1076883227-1001_Classes\mssharepointclient\shell\open\command\(Default)
Details: ""C:\Users\admin\AppData\Local\Microsoft\OneDrive\25.091.0512.0001\Microsoft.SharePoint.exe"" /protocol:""Incorrect function.""
User: DESKTOP-O7P9I53\admin""",2,2025-06-09T14:07:34.7930866Z,31469,5512,DESKTOP-O7P9I53,13,3292,INFORMATION,Microsoft-Windows-Sysmon,361,false,5,Sysmon - Event 13: RegistryEvent SetValue on HKU\\S-1-5-21-442569660-4060779802-1076883227-1001_Classes\\mssharepointclient\\shell\\open\\command\\(Default) by C:\\Users\\admin\\AppData\\Local\\Microsoft\\OneDrive\\Update\\OneDriveSetup.exe,"[""windows"",""sysmon"",""sysmon_event_13""]",61615,windows_eventchannel,"{""win"":{""system"":{""providerName"":""Microsoft-Windows-Sysmon"",""providerGuid"":""{5770385f-c22a-43e0-bf4c-06f5698ffbd9}"",""eventID"":""13"",""version"":""2"",""level"":""4"",""task"":""13"",""opcode"":""0"",""keywords"":""0x8000000000000000"",""systemTime"":""2025-06-09T14:07:34.7930866Z"",""eventRecordID"":""31469"",""processID"":""3292"",""threadID"":""5512"",""channel"":""Microsoft-Windows-Sysmon/Operational"",""computer"":""DESKTOP-O7P9I53"",""severityValue"":""INFORMATION"",""message"":""\""Registry value set:\r\nRuleName: T1042\r\nEventType: SetValue\r\nUtcTime: 2025-06-09 14:07:34.755\r\nProcessGuid: {154c2aaf-ea98-6846-a001-000000001800}\r\nProcessId: 6984\r\nImage: C:\\Users\\admin\\AppData\\Local\\Microsoft\\OneDrive\\Update\\OneDriveSetup.exe\r\nTargetObject: HKU\\S-1-5-21-442569660-4060779802-1076883227-1001_Classes\\mssharepointclient\\shell\\open\\command\\(Default)\r\nDetails: \""C:\\Users\\admin\\AppData\\Local\\Microsoft\\OneDrive\\25.091.0512.0001\\Microsoft.SharePoint.exe\"" /protocol:\""Incorrect function.\""\r\nUser: DESKTOP-O7P9I53\\admin\""""},""eventdata"":{""ruleName"":""T1042"",""eventType"":""SetValue"",""utcTime"":""2025-06-09 14:07:34.755"",""processGuid"":""{154c2aaf-ea98-6846-a001-000000001800}"",""processId"":""6984"",""image"":""C:\\\\Users\\\\admin\\\\AppData\\\\Local\\\\Microsoft\\\\OneDrive\\\\Update\\\\OneDriveSetup.exe"",""targetObject"":""HKU\\\\S-1-5-21-442569660-4060779802-1076883227-1001_Classes\\\\mssharepointclient\\\\shell\\\\open\\\\command\\\\(Default)"",""details"":""\\\""C:\\\\Users\\\\admin\\\\AppData\\\\Local\\\\Microsoft\\\\OneDrive\\\\25.091.0512.0001\\\\Microsoft.SharePoint.exe\\\"" /protocol:\\\""%%1\\\"""",""user"":""DESKTOP-O7P9I53\\\\admin""}}}",log,"Jun 9, 2025 @ 19:37:36.734",EventChannel,1749478056.2992262,"Jun 9, 2025 @ 19:37:36.734", , , , , , , , , , , , , , , , , , , , , , , , , , , , , , , , , , , , , , , , , , , , , , , , , , , ,HKU\\S-1-5-21-442569660-4060779802-1076883227-1001_Classes\\mssharepointclient\\shell\\open\\command\\(Default),T1042,"\""C:\\Users\\admin\\AppData\\Local\\Microsoft\\OneDrive\\25.091.0512.0001\\Microsoft.SharePoint.exe\"" /protocol:\""%%1\""",SetValue, , , , , , , , , , , , , , , , , , , , , , , , , , , , , , 
wazuh-alerts-4.x-2025.06.09,Z-AEVZcBD7y1GXNGrof_,1,1,192.168.254.162,DESKTOP-O7P9I53,001,hat-VMware-Virtual-Platform, ,C:\\Users\\admin\\AppData\\Local\\Microsoft\\OneDrive\\Update\\OneDriveSetup.exe, , , , , ,{154c2aaf-ea98-6846-a001-000000001800}, , ,6984, ,2025-06-09 14:07:34.755, , , , , , ,DESKTOP-O7P9I53\\admin, , ,13,0x8000000000000000,{5770385f-c22a-43e0-bf4c-06f5698ffbd9},4,Microsoft-Windows-Sysmon/Operational,0,"""Registry value set:
RuleName: T1042
EventType: SetValue
UtcTime: 2025-06-09 14:07:34.755
ProcessGuid: {154c2aaf-ea98-6846-a001-000000001800}
ProcessId: 6984
Image: C:\Users\admin\AppData\Local\Microsoft\OneDrive\Update\OneDriveSetup.exe
TargetObject: HKU\S-1-5-21-442569660-4060779802-1076883227-1001_Classes\mssharepointclient\shell\open\command\(Default)
Details: ""C:\Users\admin\AppData\Local\Microsoft\OneDrive\25.091.0512.0001\Microsoft.SharePoint.exe"" /protocol:""Incorrect function.""
User: DESKTOP-O7P9I53\admin""",2,2025-06-09T14:07:34.7931154Z,31470,5512,DESKTOP-O7P9I53,13,3292,INFORMATION,Microsoft-Windows-Sysmon,362,false,5,Sysmon - Event 13: RegistryEvent SetValue on HKU\\S-1-5-21-442569660-4060779802-1076883227-1001_Classes\\mssharepointclient\\shell\\open\\command\\(Default) by C:\\Users\\admin\\AppData\\Local\\Microsoft\\OneDrive\\Update\\OneDriveSetup.exe,"[""windows"",""sysmon"",""sysmon_event_13""]",61615,windows_eventchannel,"{""win"":{""system"":{""providerName"":""Microsoft-Windows-Sysmon"",""providerGuid"":""{5770385f-c22a-43e0-bf4c-06f5698ffbd9}"",""eventID"":""13"",""version"":""2"",""level"":""4"",""task"":""13"",""opcode"":""0"",""keywords"":""0x8000000000000000"",""systemTime"":""2025-06-09T14:07:34.7931154Z"",""eventRecordID"":""31470"",""processID"":""3292"",""threadID"":""5512"",""channel"":""Microsoft-Windows-Sysmon/Operational"",""computer"":""DESKTOP-O7P9I53"",""severityValue"":""INFORMATION"",""message"":""\""Registry value set:\r\nRuleName: T1042\r\nEventType: SetValue\r\nUtcTime: 2025-06-09 14:07:34.755\r\nProcessGuid: {154c2aaf-ea98-6846-a001-000000001800}\r\nProcessId: 6984\r\nImage: C:\\Users\\admin\\AppData\\Local\\Microsoft\\OneDrive\\Update\\OneDriveSetup.exe\r\nTargetObject: HKU\\S-1-5-21-442569660-4060779802-1076883227-1001_Classes\\mssharepointclient\\shell\\open\\command\\(Default)\r\nDetails: \""C:\\Users\\admin\\AppData\\Local\\Microsoft\\OneDrive\\25.091.0512.0001\\Microsoft.SharePoint.exe\"" /protocol:\""Incorrect function.\""\r\nUser: DESKTOP-O7P9I53\\admin\""""},""eventdata"":{""ruleName"":""T1042"",""eventType"":""SetValue"",""utcTime"":""2025-06-09 14:07:34.755"",""processGuid"":""{154c2aaf-ea98-6846-a001-000000001800}"",""processId"":""6984"",""image"":""C:\\\\Users\\\\admin\\\\AppData\\\\Local\\\\Microsoft\\\\OneDrive\\\\Update\\\\OneDriveSetup.exe"",""targetObject"":""HKU\\\\S-1-5-21-442569660-4060779802-1076883227-1001_Classes\\\\mssharepointclient\\\\shell\\\\open\\\\command\\\\(Default)"",""details"":""\\\""C:\\\\Users\\\\admin\\\\AppData\\\\Local\\\\Microsoft\\\\OneDrive\\\\25.091.0512.0001\\\\Microsoft.SharePoint.exe\\\"" /protocol:\\\""%%1\\\"""",""user"":""DESKTOP-O7P9I53\\\\admin""}}}",log,"Jun 9, 2025 @ 19:37:36.765",EventChannel,1749478056.2995986,"Jun 9, 2025 @ 19:37:36.765", , , , , , , , , , , , , , , , , , , , , , , , , , , , , , , , , , , , , , , , , , , , , , , , , , , ,HKU\\S-1-5-21-442569660-4060779802-1076883227-1001_Classes\\mssharepointclient\\shell\\open\\command\\(Default),T1042,"\""C:\\Users\\admin\\AppData\\Local\\Microsoft\\OneDrive\\25.091.0512.0001\\Microsoft.SharePoint.exe\"" /protocol:\""%%1\""",SetValue, , , , , , , , , , , , , , , , , , , , , , , , , , , , , , 
wazuh-alerts-4.x-2025.06.09,aOAEVZcBD7y1GXNGrof_,1,1,192.168.254.162,DESKTOP-O7P9I53,001,hat-VMware-Virtual-Platform, ,C:\\Users\\admin\\AppData\\Local\\Microsoft\\OneDrive\\Update\\OneDriveSetup.exe, , , , , ,{154c2aaf-ea98-6846-a001-000000001800}, , ,6984, ,2025-06-09 14:07:34.755, , , , , , ,DESKTOP-O7P9I53\\admin, , ,13,0x8000000000000000,{5770385f-c22a-43e0-bf4c-06f5698ffbd9},4,Microsoft-Windows-Sysmon/Operational,0,"""Registry value set:
RuleName: T1042
EventType: SetValue
UtcTime: 2025-06-09 14:07:34.755
ProcessGuid: {154c2aaf-ea98-6846-a001-000000001800}
ProcessId: 6984
Image: C:\Users\admin\AppData\Local\Microsoft\OneDrive\Update\OneDriveSetup.exe
TargetObject: HKU\S-1-5-21-442569660-4060779802-1076883227-1001_Classes\.fluid\shell\open\command\(Default)
Details: ""C:\Users\admin\AppData\Local\Microsoft\OneDrive\25.091.0512.0001\OneDriveFileLauncher.exe"" ""Incorrect function.""
User: DESKTOP-O7P9I53\admin""",2,2025-06-09T14:07:34.7931421Z,31471,5512,DESKTOP-O7P9I53,13,3292,INFORMATION,Microsoft-Windows-Sysmon,363,false,5,Sysmon - Event 13: RegistryEvent SetValue on HKU\\S-1-5-21-442569660-4060779802-1076883227-1001_Classes\\.fluid\\shell\\open\\command\\(Default) by C:\\Users\\admin\\AppData\\Local\\Microsoft\\OneDrive\\Update\\OneDriveSetup.exe,"[""windows"",""sysmon"",""sysmon_event_13""]",61615,windows_eventchannel,"{""win"":{""system"":{""providerName"":""Microsoft-Windows-Sysmon"",""providerGuid"":""{5770385f-c22a-43e0-bf4c-06f5698ffbd9}"",""eventID"":""13"",""version"":""2"",""level"":""4"",""task"":""13"",""opcode"":""0"",""keywords"":""0x8000000000000000"",""systemTime"":""2025-06-09T14:07:34.7931421Z"",""eventRecordID"":""31471"",""processID"":""3292"",""threadID"":""5512"",""channel"":""Microsoft-Windows-Sysmon/Operational"",""computer"":""DESKTOP-O7P9I53"",""severityValue"":""INFORMATION"",""message"":""\""Registry value set:\r\nRuleName: T1042\r\nEventType: SetValue\r\nUtcTime: 2025-06-09 14:07:34.755\r\nProcessGuid: {154c2aaf-ea98-6846-a001-000000001800}\r\nProcessId: 6984\r\nImage: C:\\Users\\admin\\AppData\\Local\\Microsoft\\OneDrive\\Update\\OneDriveSetup.exe\r\nTargetObject: HKU\\S-1-5-21-442569660-4060779802-1076883227-1001_Classes\\.fluid\\shell\\open\\command\\(Default)\r\nDetails: \""C:\\Users\\admin\\AppData\\Local\\Microsoft\\OneDrive\\25.091.0512.0001\\OneDriveFileLauncher.exe\"" \""Incorrect function.\""\r\nUser: DESKTOP-O7P9I53\\admin\""""},""eventdata"":{""ruleName"":""T1042"",""eventType"":""SetValue"",""utcTime"":""2025-06-09 14:07:34.755"",""processGuid"":""{154c2aaf-ea98-6846-a001-000000001800}"",""processId"":""6984"",""image"":""C:\\\\Users\\\\admin\\\\AppData\\\\Local\\\\Microsoft\\\\OneDrive\\\\Update\\\\OneDriveSetup.exe"",""targetObject"":""HKU\\\\S-1-5-21-442569660-4060779802-1076883227-1001_Classes\\\\.fluid\\\\shell\\\\open\\\\command\\\\(Default)"",""details"":""\\\""C:\\\\Users\\\\admin\\\\AppData\\\\Local\\\\Microsoft\\\\OneDrive\\\\25.091.0512.0001\\\\OneDriveFileLauncher.exe\\\"" \\\""%%1\\\"""",""user"":""DESKTOP-O7P9I53\\\\admin""}}}",log,"Jun 9, 2025 @ 19:37:36.796",EventChannel,1749478056.2999710,"Jun 9, 2025 @ 19:37:36.796", , , , , , , , , , , , , , , , , , , , , , , , , , , , , , , , , , , , , , , , , , , , , , , , , , , ,HKU\\S-1-5-21-442569660-4060779802-1076883227-1001_Classes\\.fluid\\shell\\open\\command\\(Default),T1042,"\""C:\\Users\\admin\\AppData\\Local\\Microsoft\\OneDrive\\25.091.0512.0001\\OneDriveFileLauncher.exe\"" \""%%1\""",SetValue, , , , , , , , , , , , , , , , , , , , , , , , , , , , , , 
wazuh-alerts-4.x-2025.06.09,beAEVZcBD7y1GXNGrof_,1,1,192.168.254.162,DESKTOP-O7P9I53,001,hat-VMware-Virtual-Platform, ,C:\\Users\\admin\\AppData\\Local\\Microsoft\\OneDrive\\Update\\OneDriveSetup.exe, , , , , ,{154c2aaf-ea98-6846-a001-000000001800}, , ,6984, ,2025-06-09 14:07:34.755, , , , , , ,DESKTOP-O7P9I53\\admin, , ,13,0x8000000000000000,{5770385f-c22a-43e0-bf4c-06f5698ffbd9},4,Microsoft-Windows-Sysmon/Operational,0,"""Registry value set:
RuleName: T1042
EventType: SetValue
UtcTime: 2025-06-09 14:07:34.755
ProcessGuid: {154c2aaf-ea98-6846-a001-000000001800}
ProcessId: 6984
Image: C:\Users\admin\AppData\Local\Microsoft\OneDrive\Update\OneDriveSetup.exe
TargetObject: HKU\S-1-5-21-442569660-4060779802-1076883227-1001_Classes\.agent\shell\open\command\(Default)
Details: ""C:\Users\admin\AppData\Local\Microsoft\OneDrive\25.091.0512.0001\OneDriveFileLauncher.exe"" ""Incorrect function.""
User: DESKTOP-O7P9I53\admin""",2,2025-06-09T14:07:34.7933018Z,31476,5512,DESKTOP-O7P9I53,13,3292,INFORMATION,Microsoft-Windows-Sysmon,368,false,5,Sysmon - Event 13: RegistryEvent SetValue on HKU\\S-1-5-21-442569660-4060779802-1076883227-1001_Classes\\.agent\\shell\\open\\command\\(Default) by C:\\Users\\admin\\AppData\\Local\\Microsoft\\OneDrive\\Update\\OneDriveSetup.exe,"[""windows"",""sysmon"",""sysmon_event_13""]",61615,windows_eventchannel,"{""win"":{""system"":{""providerName"":""Microsoft-Windows-Sysmon"",""providerGuid"":""{5770385f-c22a-43e0-bf4c-06f5698ffbd9}"",""eventID"":""13"",""version"":""2"",""level"":""4"",""task"":""13"",""opcode"":""0"",""keywords"":""0x8000000000000000"",""systemTime"":""2025-06-09T14:07:34.7933018Z"",""eventRecordID"":""31476"",""processID"":""3292"",""threadID"":""5512"",""channel"":""Microsoft-Windows-Sysmon/Operational"",""computer"":""DESKTOP-O7P9I53"",""severityValue"":""INFORMATION"",""message"":""\""Registry value set:\r\nRuleName: T1042\r\nEventType: SetValue\r\nUtcTime: 2025-06-09 14:07:34.755\r\nProcessGuid: {154c2aaf-ea98-6846-a001-000000001800}\r\nProcessId: 6984\r\nImage: C:\\Users\\admin\\AppData\\Local\\Microsoft\\OneDrive\\Update\\OneDriveSetup.exe\r\nTargetObject: HKU\\S-1-5-21-442569660-4060779802-1076883227-1001_Classes\\.agent\\shell\\open\\command\\(Default)\r\nDetails: \""C:\\Users\\admin\\AppData\\Local\\Microsoft\\OneDrive\\25.091.0512.0001\\OneDriveFileLauncher.exe\"" \""Incorrect function.\""\r\nUser: DESKTOP-O7P9I53\\admin\""""},""eventdata"":{""ruleName"":""T1042"",""eventType"":""SetValue"",""utcTime"":""2025-06-09 14:07:34.755"",""processGuid"":""{154c2aaf-ea98-6846-a001-000000001800}"",""processId"":""6984"",""image"":""C:\\\\Users\\\\admin\\\\AppData\\\\Local\\\\Microsoft\\\\OneDrive\\\\Update\\\\OneDriveSetup.exe"",""targetObject"":""HKU\\\\S-1-5-21-442569660-4060779802-1076883227-1001_Classes\\\\.agent\\\\shell\\\\open\\\\command\\\\(Default)"",""details"":""\\\""C:\\\\Users\\\\admin\\\\AppData\\\\Local\\\\Microsoft\\\\OneDrive\\\\25.091.0512.0001\\\\OneDriveFileLauncher.exe\\\"" \\\""%%1\\\"""",""user"":""DESKTOP-O7P9I53\\\\admin""}}}",log,"Jun 9, 2025 @ 19:37:36.867",EventChannel,1749478056.3017855,"Jun 9, 2025 @ 19:37:36.867", , , , , , , , , , , , , , , , , , , , , , , , , , , , , , , , , , , , , , , , , , , , , , , , , , , ,HKU\\S-1-5-21-442569660-4060779802-1076883227-1001_Classes\\.agent\\shell\\open\\command\\(Default),T1042,"\""C:\\Users\\admin\\AppData\\Local\\Microsoft\\OneDrive\\25.091.0512.0001\\OneDriveFileLauncher.exe\"" \""%%1\""",SetValue, , , , , , , , , , , , , , , , , , , , , , , , , , , , , , 
wazuh-alerts-4.x-2025.06.09,buAEVZcBD7y1GXNGr4ed,1,1,192.168.254.162,DESKTOP-O7P9I53,001,hat-VMware-Virtual-Platform, ,C:\\Users\\admin\\AppData\\Local\\Microsoft\\OneDrive\\Update\\OneDriveSetup.exe, , , , , ,{154c2aaf-ea98-6846-a001-000000001800}, , ,6984, ,2025-06-09 14:07:34.755, , , , , , ,DESKTOP-O7P9I53\\admin, , ,13,0x8000000000000000,{5770385f-c22a-43e0-bf4c-06f5698ffbd9},4,Microsoft-Windows-Sysmon/Operational,0,"""Registry value set:
RuleName: T1042
EventType: SetValue
UtcTime: 2025-06-09 14:07:34.755
ProcessGuid: {154c2aaf-ea98-6846-a001-000000001800}
ProcessId: 6984
Image: C:\Users\admin\AppData\Local\Microsoft\OneDrive\Update\OneDriveSetup.exe
TargetObject: HKU\S-1-5-21-442569660-4060779802-1076883227-1001_Classes\odopen\shell\open\command\(Default)
Details: ""C:\Users\admin\AppData\Local\Microsoft\OneDrive\OneDrive.exe"" /url:""Incorrect function.""
User: DESKTOP-O7P9I53\admin""",2,2025-06-09T14:07:34.7938884Z,31477,5512,DESKTOP-O7P9I53,13,3292,INFORMATION,Microsoft-Windows-Sysmon,369,false,5,Sysmon - Event 13: RegistryEvent SetValue on HKU\\S-1-5-21-442569660-4060779802-1076883227-1001_Classes\\odopen\\shell\\open\\command\\(Default) by C:\\Users\\admin\\AppData\\Local\\Microsoft\\OneDrive\\Update\\OneDriveSetup.exe,"[""windows"",""sysmon"",""sysmon_event_13""]",61615,windows_eventchannel,"{""win"":{""system"":{""providerName"":""Microsoft-Windows-Sysmon"",""providerGuid"":""{5770385f-c22a-43e0-bf4c-06f5698ffbd9}"",""eventID"":""13"",""version"":""2"",""level"":""4"",""task"":""13"",""opcode"":""0"",""keywords"":""0x8000000000000000"",""systemTime"":""2025-06-09T14:07:34.7938884Z"",""eventRecordID"":""31477"",""processID"":""3292"",""threadID"":""5512"",""channel"":""Microsoft-Windows-Sysmon/Operational"",""computer"":""DESKTOP-O7P9I53"",""severityValue"":""INFORMATION"",""message"":""\""Registry value set:\r\nRuleName: T1042\r\nEventType: SetValue\r\nUtcTime: 2025-06-09 14:07:34.755\r\nProcessGuid: {154c2aaf-ea98-6846-a001-000000001800}\r\nProcessId: 6984\r\nImage: C:\\Users\\admin\\AppData\\Local\\Microsoft\\OneDrive\\Update\\OneDriveSetup.exe\r\nTargetObject: HKU\\S-1-5-21-442569660-4060779802-1076883227-1001_Classes\\odopen\\shell\\open\\command\\(Default)\r\nDetails: \""C:\\Users\\admin\\AppData\\Local\\Microsoft\\OneDrive\\OneDrive.exe\"" /url:\""Incorrect function.\""\r\nUser: DESKTOP-O7P9I53\\admin\""""},""eventdata"":{""ruleName"":""T1042"",""eventType"":""SetValue"",""utcTime"":""2025-06-09 14:07:34.755"",""processGuid"":""{154c2aaf-ea98-6846-a001-000000001800}"",""processId"":""6984"",""image"":""C:\\\\Users\\\\admin\\\\AppData\\\\Local\\\\Microsoft\\\\OneDrive\\\\Update\\\\OneDriveSetup.exe"",""targetObject"":""HKU\\\\S-1-5-21-442569660-4060779802-1076883227-1001_Classes\\\\odopen\\\\shell\\\\open\\\\command\\\\(Default)"",""details"":""\\\""C:\\\\Users\\\\admin\\\\AppData\\\\Local\\\\Microsoft\\\\OneDrive\\\\OneDrive.exe\\\"" /url:\\\""%%1\\\"""",""user"":""DESKTOP-O7P9I53\\\\admin""}}}",log,"Jun 9, 2025 @ 19:37:36.878",EventChannel,1749478056.3021479,"Jun 9, 2025 @ 19:37:36.878", , , , , , , , , , , , , , , , , , , , , , , , , , , , , , , , , , , , , , , , , , , , , , , , , , , ,HKU\\S-1-5-21-442569660-4060779802-1076883227-1001_Classes\\odopen\\shell\\open\\command\\(Default),T1042,"\""C:\\Users\\admin\\AppData\\Local\\Microsoft\\OneDrive\\OneDrive.exe\"" /url:\""%%1\""",SetValue, , , , , , , , , , , , , , , , , , , , , , , , , , , , , , 
wazuh-alerts-4.x-2025.06.09,cOAEVZcBD7y1GXNGr4ed,1,1,192.168.254.162,DESKTOP-O7P9I53,001,hat-VMware-Virtual-Platform, ,C:\\Users\\admin\\AppData\\Local\\Microsoft\\OneDrive\\Update\\OneDriveSetup.exe, , , , , ,{154c2aaf-ea98-6846-a001-000000001800}, , ,6984, ,2025-06-09 14:07:34.755, , , , , , ,DESKTOP-O7P9I53\\admin, , ,13,0x8000000000000000,{5770385f-c22a-43e0-bf4c-06f5698ffbd9},4,Microsoft-Windows-Sysmon/Operational,0,"""Registry value set:
RuleName: T1042
EventType: SetValue
UtcTime: 2025-06-09 14:07:34.755
ProcessGuid: {154c2aaf-ea98-6846-a001-000000001800}
ProcessId: 6984
Image: C:\Users\admin\AppData\Local\Microsoft\OneDrive\Update\OneDriveSetup.exe
TargetObject: HKU\S-1-5-21-442569660-4060779802-1076883227-1001_Classes\grvopen\shell\open\command\(Default)
Details: ""C:\Users\admin\AppData\Local\Microsoft\OneDrive\OneDrive.exe"" /url:""Incorrect function.""
User: DESKTOP-O7P9I53\admin""",2,2025-06-09T14:07:34.7939823Z,31479,5512,DESKTOP-O7P9I53,13,3292,INFORMATION,Microsoft-Windows-Sysmon,371,false,5,Sysmon - Event 13: RegistryEvent SetValue on HKU\\S-1-5-21-442569660-4060779802-1076883227-1001_Classes\\grvopen\\shell\\open\\command\\(Default) by C:\\Users\\admin\\AppData\\Local\\Microsoft\\OneDrive\\Update\\OneDriveSetup.exe,"[""windows"",""sysmon"",""sysmon_event_13""]",61615,windows_eventchannel,"{""win"":{""system"":{""providerName"":""Microsoft-Windows-Sysmon"",""providerGuid"":""{5770385f-c22a-43e0-bf4c-06f5698ffbd9}"",""eventID"":""13"",""version"":""2"",""level"":""4"",""task"":""13"",""opcode"":""0"",""keywords"":""0x8000000000000000"",""systemTime"":""2025-06-09T14:07:34.7939823Z"",""eventRecordID"":""31479"",""processID"":""3292"",""threadID"":""5512"",""channel"":""Microsoft-Windows-Sysmon/Operational"",""computer"":""DESKTOP-O7P9I53"",""severityValue"":""INFORMATION"",""message"":""\""Registry value set:\r\nRuleName: T1042\r\nEventType: SetValue\r\nUtcTime: 2025-06-09 14:07:34.755\r\nProcessGuid: {154c2aaf-ea98-6846-a001-000000001800}\r\nProcessId: 6984\r\nImage: C:\\Users\\admin\\AppData\\Local\\Microsoft\\OneDrive\\Update\\OneDriveSetup.exe\r\nTargetObject: HKU\\S-1-5-21-442569660-4060779802-1076883227-1001_Classes\\grvopen\\shell\\open\\command\\(Default)\r\nDetails: \""C:\\Users\\admin\\AppData\\Local\\Microsoft\\OneDrive\\OneDrive.exe\"" /url:\""Incorrect function.\""\r\nUser: DESKTOP-O7P9I53\\admin\""""},""eventdata"":{""ruleName"":""T1042"",""eventType"":""SetValue"",""utcTime"":""2025-06-09 14:07:34.755"",""processGuid"":""{154c2aaf-ea98-6846-a001-000000001800}"",""processId"":""6984"",""image"":""C:\\\\Users\\\\admin\\\\AppData\\\\Local\\\\Microsoft\\\\OneDrive\\\\Update\\\\OneDriveSetup.exe"",""targetObject"":""HKU\\\\S-1-5-21-442569660-4060779802-1076883227-1001_Classes\\\\grvopen\\\\shell\\\\open\\\\command\\\\(Default)"",""details"":""\\\""C:\\\\Users\\\\admin\\\\AppData\\\\Local\\\\Microsoft\\\\OneDrive\\\\OneDrive.exe\\\"" /url:\\\""%%1\\\"""",""user"":""DESKTOP-O7P9I53\\\\admin""}}}",log,"Jun 9, 2025 @ 19:37:36.926",EventChannel,1749478056.3028525,"Jun 9, 2025 @ 19:37:36.926", , , , , , , , , , , , , , , , , , , , , , , , , , , , , , , , , , , , , , , , , , , , , , , , , , , ,HKU\\S-1-5-21-442569660-4060779802-1076883227-1001_Classes\\grvopen\\shell\\open\\command\\(Default),T1042,"\""C:\\Users\\admin\\AppData\\Local\\Microsoft\\OneDrive\\OneDrive.exe\"" /url:\""%%1\""",SetValue, , , , , , , , , , , , , , , , , , , , , , , , , , , , , , 
wazuh-alerts-4.x-2025.06.09,dOAEVZcBD7y1GXNGr4ed,1,1,192.168.254.162,DESKTOP-O7P9I53,001,hat-VMware-Virtual-Platform, ,C:\\Users\\admin\\AppData\\Local\\Microsoft\\OneDrive\\Update\\OneDriveSetup.exe, , , , , ,{154c2aaf-ea98-6846-a001-000000001800}, , ,6984, ,2025-06-09 14:07:34.830, , , , , , ,DESKTOP-O7P9I53\\admin, , ,13,0x8000000000000000,{5770385f-c22a-43e0-bf4c-06f5698ffbd9},4,Microsoft-Windows-Sysmon/Operational,0,"""Registry value set:
RuleName: -
EventType: SetValue
UtcTime: 2025-06-09 14:07:34.830
ProcessGuid: {154c2aaf-ea98-6846-a001-000000001800}
ProcessId: 6984
Image: C:\Users\admin\AppData\Local\Microsoft\OneDrive\Update\OneDriveSetup.exe
TargetObject: HKU\S-1-5-21-442569660-4060779802-1076883227-1001\SOFTWARE\Microsoft\Windows\CurrentVersion\Uninstall\OneDriveSetup.exe\UrlUpdateInfo
Details: https://go.microsoft.com/fwlink/?LinkID=223554
User: DESKTOP-O7P9I53\admin""",2,2025-06-09T14:07:34.8487035Z,31483,5512,DESKTOP-O7P9I53,13,3292,INFORMATION,Microsoft-Windows-Sysmon,374,false,5,Sysmon - Event 13: RegistryEvent SetValue on HKU\\S-1-5-21-442569660-4060779802-1076883227-1001\\SOFTWARE\\Microsoft\\Windows\\CurrentVersion\\Uninstall\\OneDriveSetup.exe\\UrlUpdateInfo by C:\\Users\\admin\\AppData\\Local\\Microsoft\\OneDrive\\Update\\OneDriveSetup.exe,"[""windows"",""sysmon"",""sysmon_event_13""]",61615,windows_eventchannel,"{""win"":{""system"":{""providerName"":""Microsoft-Windows-Sysmon"",""providerGuid"":""{5770385f-c22a-43e0-bf4c-06f5698ffbd9}"",""eventID"":""13"",""version"":""2"",""level"":""4"",""task"":""13"",""opcode"":""0"",""keywords"":""0x8000000000000000"",""systemTime"":""2025-06-09T14:07:34.8487035Z"",""eventRecordID"":""31483"",""processID"":""3292"",""threadID"":""5512"",""channel"":""Microsoft-Windows-Sysmon/Operational"",""computer"":""DESKTOP-O7P9I53"",""severityValue"":""INFORMATION"",""message"":""\""Registry value set:\r\nRuleName: -\r\nEventType: SetValue\r\nUtcTime: 2025-06-09 14:07:34.830\r\nProcessGuid: {154c2aaf-ea98-6846-a001-000000001800}\r\nProcessId: 6984\r\nImage: C:\\Users\\admin\\AppData\\Local\\Microsoft\\OneDrive\\Update\\OneDriveSetup.exe\r\nTargetObject: HKU\\S-1-5-21-442569660-4060779802-1076883227-1001\\SOFTWARE\\Microsoft\\Windows\\CurrentVersion\\Uninstall\\OneDriveSetup.exe\\UrlUpdateInfo\r\nDetails: https://go.microsoft.com/fwlink/?LinkID=223554\r\nUser: DESKTOP-O7P9I53\\admin\""""},""eventdata"":{""eventType"":""SetValue"",""utcTime"":""2025-06-09 14:07:34.830"",""processGuid"":""{154c2aaf-ea98-6846-a001-000000001800}"",""processId"":""6984"",""image"":""C:\\\\Users\\\\admin\\\\AppData\\\\Local\\\\Microsoft\\\\OneDrive\\\\Update\\\\OneDriveSetup.exe"",""targetObject"":""HKU\\\\S-1-5-21-442569660-4060779802-1076883227-1001\\\\SOFTWARE\\\\Microsoft\\\\Windows\\\\CurrentVersion\\\\Uninstall\\\\OneDriveSetup.exe\\\\UrlUpdateInfo"",""details"":""https://go.microsoft.com/fwlink/?LinkID=223554"",""user"":""DESKTOP-O7P9I53\\\\admin""}}}",log,"Jun 9, 2025 @ 19:37:36.968",EventChannel,1749478056.3041983,"Jun 9, 2025 @ 19:37:36.968", , , , , , , , , , , , , , , , , , , , , , , , , , , , , , , , , , , , , , , , , , , , , , , , , , , ,HKU\\S-1-5-21-442569660-4060779802-1076883227-1001\\SOFTWARE\\Microsoft\\Windows\\CurrentVersion\\Uninstall\\OneDriveSetup.exe\\UrlUpdateInfo, ,https://go.microsoft.com/fwlink/?LinkID=223554,SetValue, , , , , , , , , , , , , , , , , , , , , , , , , , , , , , 
