wazuh-alerts-4.x-2025.06.09,26MBVZcB7NFPR1gL6zFY,1,1,192.168.254.162,DESKTOP-O7P9I53,001,hat-VMware-Virtual-Platform,wevtutil.exe,C:\\Windows\\System32\\wevtutil.exe,Microsoft® Windows® Operating System,{154c2aaf-e984-6846-5800-000000001800},Eventing Command Line Utility,{154c2aaf-e981-6846-e703-000000000000},"\""C:\\ProgramData\\Microsoft\\Windows Defender\\Platform\\4.18.25040.2-0\\MsMpEng.exe\""",{154c2aaf-e98a-6846-8c00-000000001800},0x3e7,3528,5252,C:\\Windows\\system32\\,2025-06-09 14:02:50.492,"MD5=D4C99E01B0061D2EEA2A3EB422CDBCB8,SHA256=0B732D9AD576D1400DB44EDF3E750849AC481E9BBAA628A3914E5EEF9B7181B0,IMPHASH=1864B7EA6A87A2BBB43783BD42E11204",C:\\ProgramData\\Microsoft\\Windows Defender\\Platform\\4.18.25040.2-0\\MsMpEng.exe,Microsoft Corporation,"C:\\Windows\\system32\\wevtutil.exe uninstall-manifest \""C:\\ProgramData\\Microsoft\\Windows Defender\\Platform\\4.18.25040.2-0\\Microsoft-Antimalware-RTP.man\""",System,10.0.19041.5794 (WinBuild.160101.0800),NT AUTHORITY\\SYSTEM,0,NT AUTHORITY\\SYSTEM,1,0x8000000000000000,{5770385f-c22a-43e0-bf4c-06f5698ffbd9},4,Microsoft-Windows-Sysmon/Operational,0,"""Process Create:
RuleName: -
UtcTime: 2025-06-09 14:02:50.492
ProcessGuid: {154c2aaf-e98a-6846-8c00-000000001800}
ProcessId: 5252
Image: C:\Windows\System32\wevtutil.exe
FileVersion: 10.0.19041.5794 (WinBuild.160101.0800)
Description: Eventing Command Line Utility
Product: Microsoft® Windows® Operating System
Company: Microsoft Corporation
OriginalFileName: wevtutil.exe
CommandLine: C:\Windows\system32\wevtutil.exe uninstall-manifest ""C:\ProgramData\Microsoft\Windows Defender\Platform\4.18.25040.2-0\Microsoft-Antimalware-RTP.man""
CurrentDirectory: C:\Windows\system32\
User: NT AUTHORITY\SYSTEM
LogonGuid: {154c2aaf-e981-6846-e703-000000000000}
LogonId: 0x3E7
TerminalSessionId: 0
IntegrityLevel: System
Hashes: MD5=D4C99E01B0061D2EEA2A3EB422CDBCB8,SHA256=0B732D9AD576D1400DB44EDF3E750849AC481E9BBAA628A3914E5EEF9B7181B0,IMPHASH=1864B7EA6A87A2BBB43783BD42E11204
ParentProcessGuid: {154c2aaf-e984-6846-5800-000000001800}
ParentProcessId: 3528
ParentImage: C:\ProgramData\Microsoft\Windows Defender\Platform\4.18.25040.2-0\MsMpEng.exe
ParentCommandLine: ""C:\ProgramData\Microsoft\Windows Defender\Platform\4.18.25040.2-0\MsMpEng.exe""
ParentUser: NT AUTHORITY\SYSTEM""",5,2025-06-09T14:02:50.4972321Z,30610,5512,DESKTOP-O7P9I53,1,3292,INFORMATION,Microsoft-Windows-Sysmon,45,false,5,Sysmon - Event 1: Process creation Eventing Command Line Utility,"[""windows"",""sysmon"",""sysmon_event1""]",61603,windows_eventchannel,"{""win"":{""system"":{""providerName"":""Microsoft-Windows-Sysmon"",""providerGuid"":""{5770385f-c22a-43e0-bf4c-06f5698ffbd9}"",""eventID"":""1"",""version"":""5"",""level"":""4"",""task"":""1"",""opcode"":""0"",""keywords"":""0x8000000000000000"",""systemTime"":""2025-06-09T14:02:50.4972321Z"",""eventRecordID"":""30610"",""processID"":""3292"",""threadID"":""5512"",""channel"":""Microsoft-Windows-Sysmon/Operational"",""computer"":""DESKTOP-O7P9I53"",""severityValue"":""INFORMATION"",""message"":""\""Process Create:\r\nRuleName: -\r\nUtcTime: 2025-06-09 14:02:50.492\r\nProcessGuid: {154c2aaf-e98a-6846-8c00-000000001800}\r\nProcessId: 5252\r\nImage: C:\\Windows\\System32\\wevtutil.exe\r\nFileVersion: 10.0.19041.5794 (WinBuild.160101.0800)\r\nDescription: Eventing Command Line Utility\r\nProduct: Microsoft® Windows® Operating System\r\nCompany: Microsoft Corporation\r\nOriginalFileName: wevtutil.exe\r\nCommandLine: C:\\Windows\\system32\\wevtutil.exe uninstall-manifest \""C:\\ProgramData\\Microsoft\\Windows Defender\\Platform\\4.18.25040.2-0\\Microsoft-Antimalware-RTP.man\""\r\nCurrentDirectory: C:\\Windows\\system32\\\r\nUser: NT AUTHORITY\\SYSTEM\r\nLogonGuid: {154c2aaf-e981-6846-e703-000000000000}\r\nLogonId: 0x3E7\r\nTerminalSessionId: 0\r\nIntegrityLevel: System\r\nHashes: MD5=D4C99E01B0061D2EEA2A3EB422CDBCB8,SHA256=0B732D9AD576D1400DB44EDF3E750849AC481E9BBAA628A3914E5EEF9B7181B0,IMPHASH=1864B7EA6A87A2BBB43783BD42E11204\r\nParentProcessGuid: {154c2aaf-e984-6846-5800-000000001800}\r\nParentProcessId: 3528\r\nParentImage: C:\\ProgramData\\Microsoft\\Windows Defender\\Platform\\4.18.25040.2-0\\MsMpEng.exe\r\nParentCommandLine: \""C:\\ProgramData\\Microsoft\\Windows Defender\\Platform\\4.18.25040.2-0\\MsMpEng.exe\""\r\nParentUser: NT AUTHORITY\\SYSTEM\""""},""eventdata"":{""utcTime"":""2025-06-09 14:02:50.492"",""processGuid"":""{154c2aaf-e98a-6846-8c00-000000001800}"",""processId"":""5252"",""image"":""C:\\\\Windows\\\\System32\\\\wevtutil.exe"",""fileVersion"":""10.0.19041.5794 (WinBuild.160101.0800)"",""description"":""Eventing Command Line Utility"",""product"":""Microsoft® Windows® Operating System"",""company"":""Microsoft Corporation"",""originalFileName"":""wevtutil.exe"",""commandLine"":""C:\\\\Windows\\\\system32\\\\wevtutil.exe uninstall-manifest \\\""C:\\\\ProgramData\\\\Microsoft\\\\Windows Defender\\\\Platform\\\\4.18.25040.2-0\\\\Microsoft-Antimalware-RTP.man\\\"""",""currentDirectory"":""C:\\\\Windows\\\\system32\\\\"",""user"":""NT AUTHORITY\\\\SYSTEM"",""logonGuid"":""{154c2aaf-e981-6846-e703-000000000000}"",""logonId"":""0x3e7"",""terminalSessionId"":""0"",""integrityLevel"":""System"",""hashes"":""MD5=D4C99E01B0061D2EEA2A3EB422CDBCB8,SHA256=0B732D9AD576D1400DB44EDF3E750849AC481E9BBAA628A3914E5EEF9B7181B0,IMPHASH=1864B7EA6A87A2BBB43783BD42E11204"",""parentProcessGuid"":""{154c2aaf-e984-6846-5800-000000001800}"",""parentProcessId"":""3528"",""parentImage"":""C:\\\\ProgramData\\\\Microsoft\\\\Windows Defender\\\\Platform\\\\4.18.25040.2-0\\\\MsMpEng.exe"",""parentCommandLine"":""\\\""C:\\\\ProgramData\\\\Microsoft\\\\Windows Defender\\\\Platform\\\\4.18.25040.2-0\\\\MsMpEng.exe\\\"""",""parentUser"":""NT AUTHORITY\\\\SYSTEM""}}}",log,"Jun 9, 2025 @ 19:34:11.236",EventChannel,1749477851.473522,"Jun 9, 2025 @ 19:34:11.236", , , , , , , , , , , , , , , , , , , , , , , , , , , , , , , , , , , , , , , , , , , , , , , , , , , , , , , , , , , , , , , , , , , , , , , , , , , , , , , , , , , , , 
wazuh-alerts-4.x-2025.06.09,3aMBVZcB7NFPR1gL6zFY,1,1,192.168.254.162,DESKTOP-O7P9I53,001,hat-VMware-Virtual-Platform,wevtutil.exe,C:\\Windows\\System32\\wevtutil.exe,Microsoft® Windows® Operating System,{154c2aaf-e984-6846-5800-000000001800},Eventing Command Line Utility,{154c2aaf-e981-6846-e703-000000000000},"\""C:\\ProgramData\\Microsoft\\Windows Defender\\Platform\\4.18.25040.2-0\\MsMpEng.exe\""",{154c2aaf-e98a-6846-9000-000000001800},0x3e7,3528,6116,C:\\Windows\\system32\\,2025-06-09 14:02:50.879,"MD5=D4C99E01B0061D2EEA2A3EB422CDBCB8,SHA256=0B732D9AD576D1400DB44EDF3E750849AC481E9BBAA628A3914E5EEF9B7181B0,IMPHASH=1864B7EA6A87A2BBB43783BD42E11204",C:\\ProgramData\\Microsoft\\Windows Defender\\Platform\\4.18.25040.2-0\\MsMpEng.exe,Microsoft Corporation,"C:\\Windows\\system32\\wevtutil.exe uninstall-manifest \""C:\\ProgramData\\Microsoft\\Windows Defender\\Platform\\4.18.25040.2-0\\Microsoft-Antimalware-Protection.man\""",System,10.0.19041.5794 (WinBuild.160101.0800),NT AUTHORITY\\SYSTEM,0,NT AUTHORITY\\SYSTEM,1,0x8000000000000000,{5770385f-c22a-43e0-bf4c-06f5698ffbd9},4,Microsoft-Windows-Sysmon/Operational,0,"""Process Create:
RuleName: -
UtcTime: 2025-06-09 14:02:50.879
ProcessGuid: {154c2aaf-e98a-6846-9000-000000001800}
ProcessId: 6116
Image: C:\Windows\System32\wevtutil.exe
FileVersion: 10.0.19041.5794 (WinBuild.160101.0800)
Description: Eventing Command Line Utility
Product: Microsoft® Windows® Operating System
Company: Microsoft Corporation
OriginalFileName: wevtutil.exe
CommandLine: C:\Windows\system32\wevtutil.exe uninstall-manifest ""C:\ProgramData\Microsoft\Windows Defender\Platform\4.18.25040.2-0\Microsoft-Antimalware-Protection.man""
CurrentDirectory: C:\Windows\system32\
User: NT AUTHORITY\SYSTEM
LogonGuid: {154c2aaf-e981-6846-e703-000000000000}
LogonId: 0x3E7
TerminalSessionId: 0
IntegrityLevel: System
Hashes: MD5=D4C99E01B0061D2EEA2A3EB422CDBCB8,SHA256=0B732D9AD576D1400DB44EDF3E750849AC481E9BBAA628A3914E5EEF9B7181B0,IMPHASH=1864B7EA6A87A2BBB43783BD42E11204
ParentProcessGuid: {154c2aaf-e984-6846-5800-000000001800}
ParentProcessId: 3528
ParentImage: C:\ProgramData\Microsoft\Windows Defender\Platform\4.18.25040.2-0\MsMpEng.exe
ParentCommandLine: ""C:\ProgramData\Microsoft\Windows Defender\Platform\4.18.25040.2-0\MsMpEng.exe""
ParentUser: NT AUTHORITY\SYSTEM""",5,2025-06-09T14:02:50.8938566Z,30612,5512,DESKTOP-O7P9I53,1,3292,INFORMATION,Microsoft-Windows-Sysmon,47,false,5,Sysmon - Event 1: Process creation Eventing Command Line Utility,"[""windows"",""sysmon"",""sysmon_event1""]",61603,windows_eventchannel,"{""win"":{""system"":{""providerName"":""Microsoft-Windows-Sysmon"",""providerGuid"":""{5770385f-c22a-43e0-bf4c-06f5698ffbd9}"",""eventID"":""1"",""version"":""5"",""level"":""4"",""task"":""1"",""opcode"":""0"",""keywords"":""0x8000000000000000"",""systemTime"":""2025-06-09T14:02:50.8938566Z"",""eventRecordID"":""30612"",""processID"":""3292"",""threadID"":""5512"",""channel"":""Microsoft-Windows-Sysmon/Operational"",""computer"":""DESKTOP-O7P9I53"",""severityValue"":""INFORMATION"",""message"":""\""Process Create:\r\nRuleName: -\r\nUtcTime: 2025-06-09 14:02:50.879\r\nProcessGuid: {154c2aaf-e98a-6846-9000-000000001800}\r\nProcessId: 6116\r\nImage: C:\\Windows\\System32\\wevtutil.exe\r\nFileVersion: 10.0.19041.5794 (WinBuild.160101.0800)\r\nDescription: Eventing Command Line Utility\r\nProduct: Microsoft® Windows® Operating System\r\nCompany: Microsoft Corporation\r\nOriginalFileName: wevtutil.exe\r\nCommandLine: C:\\Windows\\system32\\wevtutil.exe uninstall-manifest \""C:\\ProgramData\\Microsoft\\Windows Defender\\Platform\\4.18.25040.2-0\\Microsoft-Antimalware-Protection.man\""\r\nCurrentDirectory: C:\\Windows\\system32\\\r\nUser: NT AUTHORITY\\SYSTEM\r\nLogonGuid: {154c2aaf-e981-6846-e703-000000000000}\r\nLogonId: 0x3E7\r\nTerminalSessionId: 0\r\nIntegrityLevel: System\r\nHashes: MD5=D4C99E01B0061D2EEA2A3EB422CDBCB8,SHA256=0B732D9AD576D1400DB44EDF3E750849AC481E9BBAA628A3914E5EEF9B7181B0,IMPHASH=1864B7EA6A87A2BBB43783BD42E11204\r\nParentProcessGuid: {154c2aaf-e984-6846-5800-000000001800}\r\nParentProcessId: 3528\r\nParentImage: C:\\ProgramData\\Microsoft\\Windows Defender\\Platform\\4.18.25040.2-0\\MsMpEng.exe\r\nParentCommandLine: \""C:\\ProgramData\\Microsoft\\Windows Defender\\Platform\\4.18.25040.2-0\\MsMpEng.exe\""\r\nParentUser: NT AUTHORITY\\SYSTEM\""""},""eventdata"":{""utcTime"":""2025-06-09 14:02:50.879"",""processGuid"":""{154c2aaf-e98a-6846-9000-000000001800}"",""processId"":""6116"",""image"":""C:\\\\Windows\\\\System32\\\\wevtutil.exe"",""fileVersion"":""10.0.19041.5794 (WinBuild.160101.0800)"",""description"":""Eventing Command Line Utility"",""product"":""Microsoft® Windows® Operating System"",""company"":""Microsoft Corporation"",""originalFileName"":""wevtutil.exe"",""commandLine"":""C:\\\\Windows\\\\system32\\\\wevtutil.exe uninstall-manifest \\\""C:\\\\ProgramData\\\\Microsoft\\\\Windows Defender\\\\Platform\\\\4.18.25040.2-0\\\\Microsoft-Antimalware-Protection.man\\\"""",""currentDirectory"":""C:\\\\Windows\\\\system32\\\\"",""user"":""NT AUTHORITY\\\\SYSTEM"",""logonGuid"":""{154c2aaf-e981-6846-e703-000000000000}"",""logonId"":""0x3e7"",""terminalSessionId"":""0"",""integrityLevel"":""System"",""hashes"":""MD5=D4C99E01B0061D2EEA2A3EB422CDBCB8,SHA256=0B732D9AD576D1400DB44EDF3E750849AC481E9BBAA628A3914E5EEF9B7181B0,IMPHASH=1864B7EA6A87A2BBB43783BD42E11204"",""parentProcessGuid"":""{154c2aaf-e984-6846-5800-000000001800}"",""parentProcessId"":""3528"",""parentImage"":""C:\\\\ProgramData\\\\Microsoft\\\\Windows Defender\\\\Platform\\\\4.18.25040.2-0\\\\MsMpEng.exe"",""parentCommandLine"":""\\\""C:\\\\ProgramData\\\\Microsoft\\\\Windows Defender\\\\Platform\\\\4.18.25040.2-0\\\\MsMpEng.exe\\\"""",""parentUser"":""NT AUTHORITY\\\\SYSTEM""}}}",log,"Jun 9, 2025 @ 19:34:11.264",EventChannel,1749477851.487738,"Jun 9, 2025 @ 19:34:11.264", , , , , , , , , , , , , , , , , , , , , , , , , , , , , , , , , , , , , , , , , , , , , , , , , , , , , , , , , , , , , , , , , , , , , , , , , , , , , , , , , , , , , 
wazuh-alerts-4.x-2025.06.09,4KMBVZcB7NFPR1gL6zFY,1,1,192.168.254.162,DESKTOP-O7P9I53,001,hat-VMware-Virtual-Platform, ,C:\\ProgramData\\Microsoft\\Windows Defender\\Platform\\4.18.25040.2-0\\MsMpEng.exe, , , , , ,{154c2aaf-e984-6846-5800-000000001800}, , ,3528, ,2025-06-09 14:02:51.314, , , , , , ,NT AUTHORITY\\SYSTEM, , ,13,0x8000000000000000,{5770385f-c22a-43e0-bf4c-06f5698ffbd9},4,Microsoft-Windows-Sysmon/Operational,0,"""Registry value set:
RuleName: T1122
EventType: SetValue
UtcTime: 2025-06-09 14:02:51.314
ProcessGuid: {154c2aaf-e984-6846-5800-000000001800}
ProcessId: 3528
Image: C:\ProgramData\Microsoft\Windows Defender\Platform\4.18.25040.2-0\MsMpEng.exe
TargetObject: HKCR\CLSID\{2DCD7FDB-8809-48E4-8E4F-3157C57CF987}\InprocServer32\(Default)
Details: C:\ProgramData\Microsoft\Windows Defender\Platform\4.18.25040.2-0\MPUXAGENT.DLL
User: NT AUTHORITY\SYSTEM""",2,2025-06-09T14:02:51.3244326Z,30615,5512,DESKTOP-O7P9I53,13,3292,INFORMATION,Microsoft-Windows-Sysmon,22,false,5,Sysmon - Event 13: RegistryEvent SetValue on HKCR\\CLSID\\{2DCD7FDB-8809-48E4-8E4F-3157C57CF987}\\InprocServer32\\(Default) by C:\\ProgramData\\Microsoft\\Windows Defender\\Platform\\4.18.25040.2-0\\MsMpEng.exe,"[""windows"",""sysmon"",""sysmon_event_13""]",61615,windows_eventchannel,"{""win"":{""system"":{""providerName"":""Microsoft-Windows-Sysmon"",""providerGuid"":""{5770385f-c22a-43e0-bf4c-06f5698ffbd9}"",""eventID"":""13"",""version"":""2"",""level"":""4"",""task"":""13"",""opcode"":""0"",""keywords"":""0x8000000000000000"",""systemTime"":""2025-06-09T14:02:51.3244326Z"",""eventRecordID"":""30615"",""processID"":""3292"",""threadID"":""5512"",""channel"":""Microsoft-Windows-Sysmon/Operational"",""computer"":""DESKTOP-O7P9I53"",""severityValue"":""INFORMATION"",""message"":""\""Registry value set:\r\nRuleName: T1122\r\nEventType: SetValue\r\nUtcTime: 2025-06-09 14:02:51.314\r\nProcessGuid: {154c2aaf-e984-6846-5800-000000001800}\r\nProcessId: 3528\r\nImage: C:\\ProgramData\\Microsoft\\Windows Defender\\Platform\\4.18.25040.2-0\\MsMpEng.exe\r\nTargetObject: HKCR\\CLSID\\{2DCD7FDB-8809-48E4-8E4F-3157C57CF987}\\InprocServer32\\(Default)\r\nDetails: C:\\ProgramData\\Microsoft\\Windows Defender\\Platform\\4.18.25040.2-0\\MPUXAGENT.DLL\r\nUser: NT AUTHORITY\\SYSTEM\""""},""eventdata"":{""ruleName"":""T1122"",""eventType"":""SetValue"",""utcTime"":""2025-06-09 14:02:51.314"",""processGuid"":""{154c2aaf-e984-6846-5800-000000001800}"",""processId"":""3528"",""image"":""C:\\\\ProgramData\\\\Microsoft\\\\Windows Defender\\\\Platform\\\\4.18.25040.2-0\\\\MsMpEng.exe"",""targetObject"":""HKCR\\\\CLSID\\\\{2DCD7FDB-8809-48E4-8E4F-3157C57CF987}\\\\InprocServer32\\\\(Default)"",""details"":""C:\\\\ProgramData\\\\Microsoft\\\\Windows Defender\\\\Platform\\\\4.18.25040.2-0\\\\MPUXAGENT.DLL"",""user"":""NT AUTHORITY\\\\SYSTEM""}}}",log,"Jun 9, 2025 @ 19:34:11.297",EventChannel,1749477851.507611,"Jun 9, 2025 @ 19:34:11.297", , , , , , , , , , , , , , , , , , , , , , , , , , , , , , , , , , , , , , , , , , , , , , , , , , , ,HKCR\\CLSID\\{2DCD7FDB-8809-48E4-8E4F-3157C57CF987}\\InprocServer32\\(Default),T1122,C:\\ProgramData\\Microsoft\\Windows Defender\\Platform\\4.18.25040.2-0\\MPUXAGENT.DLL,SetValue, , , , , , , , , , , , , , , , , , , , , , , , , , , , , , 
wazuh-alerts-4.x-2025.06.09,5aMBVZcB7NFPR1gL6zFY,1,1,192.168.254.162,DESKTOP-O7P9I53,001,hat-VMware-Virtual-Platform, ,C:\\ProgramData\\Microsoft\\Windows Defender\\Platform\\4.18.25040.2-0\\MsMpEng.exe, , , , , ,{154c2aaf-e984-6846-5800-000000001800}, , ,3528, ,2025-06-09 14:02:51.502, , , , , , ,NT AUTHORITY\\SYSTEM, , ,13,0x8000000000000000,{5770385f-c22a-43e0-bf4c-06f5698ffbd9},4,Microsoft-Windows-Sysmon/Operational,0,"""Registry value set:
RuleName: -
EventType: SetValue
UtcTime: 2025-06-09 14:02:51.502
ProcessGuid: {154c2aaf-e984-6846-5800-000000001800}
ProcessId: 3528
Image: C:\ProgramData\Microsoft\Windows Defender\Platform\4.18.25040.2-0\MsMpEng.exe
TargetObject: HKCR\Directory\shellex\ContextMenuHandlers\EPP\(Default)
Details: {09A47860-11B0-4DA5-AFA5-26D86198A780}
User: NT AUTHORITY\SYSTEM""",2,2025-06-09T14:02:51.5080490Z,30620,5512,DESKTOP-O7P9I53,13,3292,INFORMATION,Microsoft-Windows-Sysmon,27,false,5,Sysmon - Event 13: RegistryEvent SetValue on HKCR\\Directory\\shellex\\ContextMenuHandlers\\EPP\\(Default) by C:\\ProgramData\\Microsoft\\Windows Defender\\Platform\\4.18.25040.2-0\\MsMpEng.exe,"[""windows"",""sysmon"",""sysmon_event_13""]",61615,windows_eventchannel,"{""win"":{""system"":{""providerName"":""Microsoft-Windows-Sysmon"",""providerGuid"":""{5770385f-c22a-43e0-bf4c-06f5698ffbd9}"",""eventID"":""13"",""version"":""2"",""level"":""4"",""task"":""13"",""opcode"":""0"",""keywords"":""0x8000000000000000"",""systemTime"":""2025-06-09T14:02:51.5080490Z"",""eventRecordID"":""30620"",""processID"":""3292"",""threadID"":""5512"",""channel"":""Microsoft-Windows-Sysmon/Operational"",""computer"":""DESKTOP-O7P9I53"",""severityValue"":""INFORMATION"",""message"":""\""Registry value set:\r\nRuleName: -\r\nEventType: SetValue\r\nUtcTime: 2025-06-09 14:02:51.502\r\nProcessGuid: {154c2aaf-e984-6846-5800-000000001800}\r\nProcessId: 3528\r\nImage: C:\\ProgramData\\Microsoft\\Windows Defender\\Platform\\4.18.25040.2-0\\MsMpEng.exe\r\nTargetObject: HKCR\\Directory\\shellex\\ContextMenuHandlers\\EPP\\(Default)\r\nDetails: {09A47860-11B0-4DA5-AFA5-26D86198A780}\r\nUser: NT AUTHORITY\\SYSTEM\""""},""eventdata"":{""eventType"":""SetValue"",""utcTime"":""2025-06-09 14:02:51.502"",""processGuid"":""{154c2aaf-e984-6846-5800-000000001800}"",""processId"":""3528"",""image"":""C:\\\\ProgramData\\\\Microsoft\\\\Windows Defender\\\\Platform\\\\4.18.25040.2-0\\\\MsMpEng.exe"",""targetObject"":""HKCR\\\\Directory\\\\shellex\\\\ContextMenuHandlers\\\\EPP\\\\(Default)"",""details"":""{09A47860-11B0-4DA5-AFA5-26D86198A780}"",""user"":""NT AUTHORITY\\\\SYSTEM""}}}",log,"Jun 9, 2025 @ 19:34:11.389",EventChannel,1749477851.523225,"Jun 9, 2025 @ 19:34:11.389", , , , , , , , , , , , , , , , , , , , , , , , , , , , , , , , , , , , , , , , , , , , , , , , , , , ,HKCR\\Directory\\shellex\\ContextMenuHandlers\\EPP\\(Default), ,{09A47860-11B0-4DA5-AFA5-26D86198A780},SetValue, , , , , , , , , , , , , , , , , , , , , , , , , , , , , , 
wazuh-alerts-4.x-2025.06.09,6aMBVZcB7NFPR1gL6zFY,1,1,192.168.254.162,DESKTOP-O7P9I53,001,hat-VMware-Virtual-Platform,slui.exe,C:\\Windows\\System32\\slui.exe,Microsoft® Windows® Operating System,{154c2aaf-e98e-6846-a000-000000001800},Windows Activation Client,{154c2aaf-e982-6846-e403-000000000000},C:\\Windows\\system32\\SppExtComObj.exe -Embedding,{154c2aaf-e98e-6846-a100-000000001800},0x3e4,6816,6848,C:\\Windows\\system32\\,2025-06-09 14:02:54.425,"MD5=B2EA932FF5949209DAE766B28B994EB0,SHA256=A07FD60DCF43EC080E2CD80E1F60733911E97C638C43C3C007D377A1A37F1FA1,IMPHASH=F8B84614B23D2E435258EEC719D54B42",C:\\Windows\\System32\\SppExtComObj.Exe,Microsoft Corporation,"\""C:\\Windows\\System32\\SLUI.exe\"" RuleId=31e71c49-8da7-4a2f-ad92-45d98a1c79ba;Action=AutoActivate;AppId=55c92734-d682-4d71-983e-d6ec3f16059f;SkuId=4de7cb65-cdf1-4de9-8ae8-e3cce27b9f2c;NotificationInterval=1440;Trigger=TimerEvent",System,10.0.19041.5794 (WinBuild.160101.0800),NT AUTHORITY\\NETWORK SERVICE,0,NT AUTHORITY\\NETWORK SERVICE,1,0x8000000000000000,{5770385f-c22a-43e0-bf4c-06f5698ffbd9},4,Microsoft-Windows-Sysmon/Operational,0,"""Process Create:
RuleName: -
UtcTime: 2025-06-09 14:02:54.425
ProcessGuid: {154c2aaf-e98e-6846-a100-000000001800}
ProcessId: 6848
Image: C:\Windows\System32\slui.exe
FileVersion: 10.0.19041.5794 (WinBuild.160101.0800)
Description: Windows Activation Client
Product: Microsoft® Windows® Operating System
Company: Microsoft Corporation
OriginalFileName: slui.exe
CommandLine: ""C:\Windows\System32\SLUI.exe"" RuleId=31e71c49-8da7-4a2f-ad92-45d98a1c79ba;Action=AutoActivate;AppId=55c92734-d682-4d71-983e-d6ec3f16059f;SkuId=4de7cb65-cdf1-4de9-8ae8-e3cce27b9f2c;NotificationInterval=1440;Trigger=TimerEvent
CurrentDirectory: C:\Windows\system32\
User: NT AUTHORITY\NETWORK SERVICE
LogonGuid: {154c2aaf-e982-6846-e403-000000000000}
LogonId: 0x3E4
TerminalSessionId: 0
IntegrityLevel: System
Hashes: MD5=B2EA932FF5949209DAE766B28B994EB0,SHA256=A07FD60DCF43EC080E2CD80E1F60733911E97C638C43C3C007D377A1A37F1FA1,IMPHASH=F8B84614B23D2E435258EEC719D54B42
ParentProcessGuid: {154c2aaf-e98e-6846-a000-000000001800}
ParentProcessId: 6816
ParentImage: C:\Windows\System32\SppExtComObj.Exe
ParentCommandLine: C:\Windows\system32\SppExtComObj.exe -Embedding
ParentUser: NT AUTHORITY\NETWORK SERVICE""",5,2025-06-09T14:02:54.4427741Z,30625,5512,DESKTOP-O7P9I53,1,3292,INFORMATION,Microsoft-Windows-Sysmon,51,false,5,Sysmon - Event 1: Process creation Windows Activation Client,"[""windows"",""sysmon"",""sysmon_event1""]",61603,windows_eventchannel,"{""win"":{""system"":{""providerName"":""Microsoft-Windows-Sysmon"",""providerGuid"":""{5770385f-c22a-43e0-bf4c-06f5698ffbd9}"",""eventID"":""1"",""version"":""5"",""level"":""4"",""task"":""1"",""opcode"":""0"",""keywords"":""0x8000000000000000"",""systemTime"":""2025-06-09T14:02:54.4427741Z"",""eventRecordID"":""30625"",""processID"":""3292"",""threadID"":""5512"",""channel"":""Microsoft-Windows-Sysmon/Operational"",""computer"":""DESKTOP-O7P9I53"",""severityValue"":""INFORMATION"",""message"":""\""Process Create:\r\nRuleName: -\r\nUtcTime: 2025-06-09 14:02:54.425\r\nProcessGuid: {154c2aaf-e98e-6846-a100-000000001800}\r\nProcessId: 6848\r\nImage: C:\\Windows\\System32\\slui.exe\r\nFileVersion: 10.0.19041.5794 (WinBuild.160101.0800)\r\nDescription: Windows Activation Client\r\nProduct: Microsoft® Windows® Operating System\r\nCompany: Microsoft Corporation\r\nOriginalFileName: slui.exe\r\nCommandLine: \""C:\\Windows\\System32\\SLUI.exe\"" RuleId=31e71c49-8da7-4a2f-ad92-45d98a1c79ba;Action=AutoActivate;AppId=55c92734-d682-4d71-983e-d6ec3f16059f;SkuId=4de7cb65-cdf1-4de9-8ae8-e3cce27b9f2c;NotificationInterval=1440;Trigger=TimerEvent\r\nCurrentDirectory: C:\\Windows\\system32\\\r\nUser: NT AUTHORITY\\NETWORK SERVICE\r\nLogonGuid: {154c2aaf-e982-6846-e403-000000000000}\r\nLogonId: 0x3E4\r\nTerminalSessionId: 0\r\nIntegrityLevel: System\r\nHashes: MD5=B2EA932FF5949209DAE766B28B994EB0,SHA256=A07FD60DCF43EC080E2CD80E1F60733911E97C638C43C3C007D377A1A37F1FA1,IMPHASH=F8B84614B23D2E435258EEC719D54B42\r\nParentProcessGuid: {154c2aaf-e98e-6846-a000-000000001800}\r\nParentProcessId: 6816\r\nParentImage: C:\\Windows\\System32\\SppExtComObj.Exe\r\nParentCommandLine: C:\\Windows\\system32\\SppExtComObj.exe -Embedding\r\nParentUser: NT AUTHORITY\\NETWORK SERVICE\""""},""eventdata"":{""utcTime"":""2025-06-09 14:02:54.425"",""processGuid"":""{154c2aaf-e98e-6846-a100-000000001800}"",""processId"":""6848"",""image"":""C:\\\\Windows\\\\System32\\\\slui.exe"",""fileVersion"":""10.0.19041.5794 (WinBuild.160101.0800)"",""description"":""Windows Activation Client"",""product"":""Microsoft® Windows® Operating System"",""company"":""Microsoft Corporation"",""originalFileName"":""slui.exe"",""commandLine"":""\\\""C:\\\\Windows\\\\System32\\\\SLUI.exe\\\"" RuleId=31e71c49-8da7-4a2f-ad92-45d98a1c79ba;Action=AutoActivate;AppId=55c92734-d682-4d71-983e-d6ec3f16059f;SkuId=4de7cb65-cdf1-4de9-8ae8-e3cce27b9f2c;NotificationInterval=1440;Trigger=TimerEvent"",""currentDirectory"":""C:\\\\Windows\\\\system32\\\\"",""user"":""NT AUTHORITY\\\\NETWORK SERVICE"",""logonGuid"":""{154c2aaf-e982-6846-e403-000000000000}"",""logonId"":""0x3e4"",""terminalSessionId"":""0"",""integrityLevel"":""System"",""hashes"":""MD5=B2EA932FF5949209DAE766B28B994EB0,SHA256=A07FD60DCF43EC080E2CD80E1F60733911E97C638C43C3C007D377A1A37F1FA1,IMPHASH=F8B84614B23D2E435258EEC719D54B42"",""parentProcessGuid"":""{154c2aaf-e98e-6846-a000-000000001800}"",""parentProcessId"":""6816"",""parentImage"":""C:\\\\Windows\\\\System32\\\\SppExtComObj.Exe"",""parentCommandLine"":""C:\\\\Windows\\\\system32\\\\SppExtComObj.exe -Embedding"",""parentUser"":""NT AUTHORITY\\\\NETWORK SERVICE""}}}",log,"Jun 9, 2025 @ 19:34:11.451",EventChannel,1749477851.539898,"Jun 9, 2025 @ 19:34:11.451", , , , , , , , , , , , , , , , , , , , , , , , , , , , , , , , , , , , , , , , , , , , , , , , , , , , , , , , , , , , , , , , , , , , , , , , , , , , , , , , , , , , , 
wazuh-alerts-4.x-2025.06.09,66MBVZcB7NFPR1gL6zFY,1,1,192.168.254.162,DESKTOP-O7P9I53,001,hat-VMware-Virtual-Platform,slui.exe,C:\\Windows\\System32\\slui.exe,Microsoft® Windows® Operating System,{154c2aaf-e98e-6846-a000-000000001800},Windows Activation Client,{154c2aaf-e982-6846-e403-000000000000},C:\\Windows\\system32\\SppExtComObj.exe -Embedding,{154c2aaf-e98e-6846-a300-000000001800},0x3e4,6816,6892,C:\\Windows\\system32\\,2025-06-09 14:02:54.533,"MD5=B2EA932FF5949209DAE766B28B994EB0,SHA256=A07FD60DCF43EC080E2CD80E1F60733911E97C638C43C3C007D377A1A37F1FA1,IMPHASH=F8B84614B23D2E435258EEC719D54B42",C:\\Windows\\System32\\SppExtComObj.Exe,Microsoft Corporation,"\""C:\\Windows\\System32\\SLUI.exe\"" RuleId=31e71c49-8da7-4a2f-ad92-45d98a1c79ba;Action=AutoActivate;AppId=55c92734-d682-4d71-983e-d6ec3f16059f;SkuId=4de7cb65-cdf1-4de9-8ae8-e3cce27b9f2c;NotificationInterval=1440;Trigger=NetworkAvailable",System,10.0.19041.5794 (WinBuild.160101.0800),NT AUTHORITY\\NETWORK SERVICE,0,NT AUTHORITY\\NETWORK SERVICE,1,0x8000000000000000,{5770385f-c22a-43e0-bf4c-06f5698ffbd9},4,Microsoft-Windows-Sysmon/Operational,0,"""Process Create:
RuleName: -
UtcTime: 2025-06-09 14:02:54.533
ProcessGuid: {154c2aaf-e98e-6846-a300-000000001800}
ProcessId: 6892
Image: C:\Windows\System32\slui.exe
FileVersion: 10.0.19041.5794 (WinBuild.160101.0800)
Description: Windows Activation Client
Product: Microsoft® Windows® Operating System
Company: Microsoft Corporation
OriginalFileName: slui.exe
CommandLine: ""C:\Windows\System32\SLUI.exe"" RuleId=31e71c49-8da7-4a2f-ad92-45d98a1c79ba;Action=AutoActivate;AppId=55c92734-d682-4d71-983e-d6ec3f16059f;SkuId=4de7cb65-cdf1-4de9-8ae8-e3cce27b9f2c;NotificationInterval=1440;Trigger=NetworkAvailable
CurrentDirectory: C:\Windows\system32\
User: NT AUTHORITY\NETWORK SERVICE
LogonGuid: {154c2aaf-e982-6846-e403-000000000000}
LogonId: 0x3E4
TerminalSessionId: 0
IntegrityLevel: System
Hashes: MD5=B2EA932FF5949209DAE766B28B994EB0,SHA256=A07FD60DCF43EC080E2CD80E1F60733911E97C638C43C3C007D377A1A37F1FA1,IMPHASH=F8B84614B23D2E435258EEC719D54B42
ParentProcessGuid: {154c2aaf-e98e-6846-a000-000000001800}
ParentProcessId: 6816
ParentImage: C:\Windows\System32\SppExtComObj.Exe
ParentCommandLine: C:\Windows\system32\SppExtComObj.exe -Embedding
ParentUser: NT AUTHORITY\NETWORK SERVICE""",5,2025-06-09T14:02:54.5495452Z,30627,5512,DESKTOP-O7P9I53,1,3292,INFORMATION,Microsoft-Windows-Sysmon,52,false,5,Sysmon - Event 1: Process creation Windows Activation Client,"[""windows"",""sysmon"",""sysmon_event1""]",61603,windows_eventchannel,"{""win"":{""system"":{""providerName"":""Microsoft-Windows-Sysmon"",""providerGuid"":""{5770385f-c22a-43e0-bf4c-06f5698ffbd9}"",""eventID"":""1"",""version"":""5"",""level"":""4"",""task"":""1"",""opcode"":""0"",""keywords"":""0x8000000000000000"",""systemTime"":""2025-06-09T14:02:54.5495452Z"",""eventRecordID"":""30627"",""processID"":""3292"",""threadID"":""5512"",""channel"":""Microsoft-Windows-Sysmon/Operational"",""computer"":""DESKTOP-O7P9I53"",""severityValue"":""INFORMATION"",""message"":""\""Process Create:\r\nRuleName: -\r\nUtcTime: 2025-06-09 14:02:54.533\r\nProcessGuid: {154c2aaf-e98e-6846-a300-000000001800}\r\nProcessId: 6892\r\nImage: C:\\Windows\\System32\\slui.exe\r\nFileVersion: 10.0.19041.5794 (WinBuild.160101.0800)\r\nDescription: Windows Activation Client\r\nProduct: Microsoft® Windows® Operating System\r\nCompany: Microsoft Corporation\r\nOriginalFileName: slui.exe\r\nCommandLine: \""C:\\Windows\\System32\\SLUI.exe\"" RuleId=31e71c49-8da7-4a2f-ad92-45d98a1c79ba;Action=AutoActivate;AppId=55c92734-d682-4d71-983e-d6ec3f16059f;SkuId=4de7cb65-cdf1-4de9-8ae8-e3cce27b9f2c;NotificationInterval=1440;Trigger=NetworkAvailable\r\nCurrentDirectory: C:\\Windows\\system32\\\r\nUser: NT AUTHORITY\\NETWORK SERVICE\r\nLogonGuid: {154c2aaf-e982-6846-e403-000000000000}\r\nLogonId: 0x3E4\r\nTerminalSessionId: 0\r\nIntegrityLevel: System\r\nHashes: MD5=B2EA932FF5949209DAE766B28B994EB0,SHA256=A07FD60DCF43EC080E2CD80E1F60733911E97C638C43C3C007D377A1A37F1FA1,IMPHASH=F8B84614B23D2E435258EEC719D54B42\r\nParentProcessGuid: {154c2aaf-e98e-6846-a000-000000001800}\r\nParentProcessId: 6816\r\nParentImage: C:\\Windows\\System32\\SppExtComObj.Exe\r\nParentCommandLine: C:\\Windows\\system32\\SppExtComObj.exe -Embedding\r\nParentUser: NT AUTHORITY\\NETWORK SERVICE\""""},""eventdata"":{""utcTime"":""2025-06-09 14:02:54.533"",""processGuid"":""{154c2aaf-e98e-6846-a300-000000001800}"",""processId"":""6892"",""image"":""C:\\\\Windows\\\\System32\\\\slui.exe"",""fileVersion"":""10.0.19041.5794 (WinBuild.160101.0800)"",""description"":""Windows Activation Client"",""product"":""Microsoft® Windows® Operating System"",""company"":""Microsoft Corporation"",""originalFileName"":""slui.exe"",""commandLine"":""\\\""C:\\\\Windows\\\\System32\\\\SLUI.exe\\\"" RuleId=31e71c49-8da7-4a2f-ad92-45d98a1c79ba;Action=AutoActivate;AppId=55c92734-d682-4d71-983e-d6ec3f16059f;SkuId=4de7cb65-cdf1-4de9-8ae8-e3cce27b9f2c;NotificationInterval=1440;Trigger=NetworkAvailable"",""currentDirectory"":""C:\\\\Windows\\\\system32\\\\"",""user"":""NT AUTHORITY\\\\NETWORK SERVICE"",""logonGuid"":""{154c2aaf-e982-6846-e403-000000000000}"",""logonId"":""0x3e4"",""terminalSessionId"":""0"",""integrityLevel"":""System"",""hashes"":""MD5=B2EA932FF5949209DAE766B28B994EB0,SHA256=A07FD60DCF43EC080E2CD80E1F60733911E97C638C43C3C007D377A1A37F1FA1,IMPHASH=F8B84614B23D2E435258EEC719D54B42"",""parentProcessGuid"":""{154c2aaf-e98e-6846-a000-000000001800}"",""parentProcessId"":""6816"",""parentImage"":""C:\\\\Windows\\\\System32\\\\SppExtComObj.Exe"",""parentCommandLine"":""C:\\\\Windows\\\\system32\\\\SppExtComObj.exe -Embedding"",""parentUser"":""NT AUTHORITY\\\\NETWORK SERVICE""}}}",log,"Jun 9, 2025 @ 19:34:11.484",EventChannel,1749477851.551887,"Jun 9, 2025 @ 19:34:11.484", , , , , , , , , , , , , , , , , , , , , , , , , , , , , , , , , , , , , , , , , , , , , , , , , , , , , , , , , , , , , , , , , , , , , , , , , , , , , , , , , , , , , 
wazuh-alerts-4.x-2025.06.09,7KMBVZcB7NFPR1gL6zFY,1,1,192.168.254.162,DESKTOP-O7P9I53,001,hat-VMware-Virtual-Platform,net1.exe,C:\\Windows\\SysWOW64\\net1.exe,Microsoft® Windows® Operating System,{154c2aaf-e98e-6846-9e00-000000001800},Net Command,{154c2aaf-e981-6846-e703-000000000000},net.exe accounts,{154c2aaf-e98e-6846-a500-000000001800},0x3e7,6780,7016,C:\\Program Files (x86)\\ossec-agent\\,2025-06-09 14:02:54.733,"MD5=4A26539015F4FDB3AC3C5EB14336C7A7,SHA256=B25CF32B7BB76D5A5121919C63E6AE77262347F4AD7B29EE3C43CBAA61F43957,IMPHASH=D45C7E138CFAD11059C95018C99B7C96",C:\\Windows\\SysWOW64\\net.exe,Microsoft Corporation,C:\\Windows\\system32\\net1 accounts,System,10.0.19041.3636 (WinBuild.160101.0800),NT AUTHORITY\\SYSTEM,0,NT AUTHORITY\\SYSTEM,1,0x8000000000000000,{5770385f-c22a-43e0-bf4c-06f5698ffbd9},4,Microsoft-Windows-Sysmon/Operational,0,"""Process Create:
RuleName: -
UtcTime: 2025-06-09 14:02:54.733
ProcessGuid: {154c2aaf-e98e-6846-a500-000000001800}
ProcessId: 7016
Image: C:\Windows\SysWOW64\net1.exe
FileVersion: 10.0.19041.3636 (WinBuild.160101.0800)
Description: Net Command
Product: Microsoft® Windows® Operating System
Company: Microsoft Corporation
OriginalFileName: net1.exe
CommandLine: C:\Windows\system32\net1 accounts
CurrentDirectory: C:\Program Files (x86)\ossec-agent\
User: NT AUTHORITY\SYSTEM
LogonGuid: {154c2aaf-e981-6846-e703-000000000000}
LogonId: 0x3E7
TerminalSessionId: 0
IntegrityLevel: System
Hashes: MD5=4A26539015F4FDB3AC3C5EB14336C7A7,SHA256=B25CF32B7BB76D5A5121919C63E6AE77262347F4AD7B29EE3C43CBAA61F43957,IMPHASH=D45C7E138CFAD11059C95018C99B7C96
ParentProcessGuid: {154c2aaf-e98e-6846-9e00-000000001800}
ParentProcessId: 6780
ParentImage: C:\Windows\SysWOW64\net.exe
ParentCommandLine: net.exe accounts
ParentUser: NT AUTHORITY\SYSTEM""",5,2025-06-09T14:02:54.7349875Z,30628,5512,DESKTOP-O7P9I53,1,3292,INFORMATION,Microsoft-Windows-Sysmon,4,false,3,Discovery activity executed,"[""sysmon"",""sysmon_eid1_detections"",""windows""]",92031,windows_eventchannel, ,log,"Jun 9, 2025 @ 19:34:11.514",EventChannel,1749477851.558349,"Jun 9, 2025 @ 19:34:11.514", , ,"[""Account Discovery""]","[""T1087""]","[""Discovery""]", , , , , , , , , , , , , , , , , , , , , , , , , , , , , , , , , , , , , , , , , , , , , , , , , , , , , , , , , , , , , , , , , , , , , , , , , , , , , , , , 
wazuh-alerts-4.x-2025.06.09,8qMBVZcB7NFPR1gL6zFY,1,1,192.168.254.162,DESKTOP-O7P9I53,001,hat-VMware-Virtual-Platform, ,C:\\Windows\\system32\\services.exe, , , , , ,{154c2aaf-e981-6846-0b00-000000001800}, , ,648, ,2025-06-09 14:02:56.549, , , , , , ,NT AUTHORITY\\SYSTEM, , ,13,0x8000000000000000,{5770385f-c22a-43e0-bf4c-06f5698ffbd9},4,Microsoft-Windows-Sysmon/Operational,0,"""Registry value set:
RuleName: T1031,T1050
EventType: SetValue
UtcTime: 2025-06-09 14:02:56.549
ProcessGuid: {154c2aaf-e981-6846-0b00-000000001800}
ProcessId: 648
Image: C:\Windows\system32\services.exe
TargetObject: HKLM\System\CurrentControlSet\Services\WdNisDrv\Start
Details: DWORD (0x00000003)
User: NT AUTHORITY\SYSTEM""",2,2025-06-09T14:02:56.5623624Z,30636,5512,DESKTOP-O7P9I53,13,3292,INFORMATION,Microsoft-Windows-Sysmon,29,false,5,Sysmon - Event 13: RegistryEvent SetValue on HKLM\\System\\CurrentControlSet\\Services\\WdNisDrv\\Start by C:\\Windows\\system32\\services.exe,"[""windows"",""sysmon"",""sysmon_event_13""]",61615,windows_eventchannel,"{""win"":{""system"":{""providerName"":""Microsoft-Windows-Sysmon"",""providerGuid"":""{5770385f-c22a-43e0-bf4c-06f5698ffbd9}"",""eventID"":""13"",""version"":""2"",""level"":""4"",""task"":""13"",""opcode"":""0"",""keywords"":""0x8000000000000000"",""systemTime"":""2025-06-09T14:02:56.5623624Z"",""eventRecordID"":""30636"",""processID"":""3292"",""threadID"":""5512"",""channel"":""Microsoft-Windows-Sysmon/Operational"",""computer"":""DESKTOP-O7P9I53"",""severityValue"":""INFORMATION"",""message"":""\""Registry value set:\r\nRuleName: T1031,T1050\r\nEventType: SetValue\r\nUtcTime: 2025-06-09 14:02:56.549\r\nProcessGuid: {154c2aaf-e981-6846-0b00-000000001800}\r\nProcessId: 648\r\nImage: C:\\Windows\\system32\\services.exe\r\nTargetObject: HKLM\\System\\CurrentControlSet\\Services\\WdNisDrv\\Start\r\nDetails: DWORD (0x00000003)\r\nUser: NT AUTHORITY\\SYSTEM\""""},""eventdata"":{""ruleName"":""T1031,T1050"",""eventType"":""SetValue"",""utcTime"":""2025-06-09 14:02:56.549"",""processGuid"":""{154c2aaf-e981-6846-0b00-000000001800}"",""processId"":""648"",""image"":""C:\\\\Windows\\\\system32\\\\services.exe"",""targetObject"":""HKLM\\\\System\\\\CurrentControlSet\\\\Services\\\\WdNisDrv\\\\Start"",""details"":""DWORD (0x00000003)"",""user"":""NT AUTHORITY\\\\SYSTEM""}}}",log,"Jun 9, 2025 @ 19:34:11.641",EventChannel,1749477851.589209,"Jun 9, 2025 @ 19:34:11.641", , , , , , , , , , , , , , , , , , , , , , , , , , , , , , , , , , , , , , , , , , , , , , , , , , , ,HKLM\\System\\CurrentControlSet\\Services\\WdNisDrv\\Start,"T1031,T1050",DWORD (0x00000003),SetValue, , , , , , , , , , , , , , , , , , , , , , , , , , , , , , 
wazuh-alerts-4.x-2025.06.09,9KMBVZcB7NFPR1gL6zFY,1,1,192.168.254.162,DESKTOP-O7P9I53,001,hat-VMware-Virtual-Platform,net1.exe,C:\\Windows\\SysWOW64\\net1.exe,Microsoft® Windows® Operating System,{154c2aaf-e98f-6846-ac00-000000001800},Net Command,{154c2aaf-e981-6846-e703-000000000000},net.exe accounts,{154c2aaf-e991-6846-b000-000000001800},0x3e7,3812,4176,C:\\Program Files (x86)\\ossec-agent\\,2025-06-09 14:02:57.363,"MD5=4A26539015F4FDB3AC3C5EB14336C7A7,SHA256=B25CF32B7BB76D5A5121919C63E6AE77262347F4AD7B29EE3C43CBAA61F43957,IMPHASH=D45C7E138CFAD11059C95018C99B7C96",C:\\Windows\\SysWOW64\\net.exe,Microsoft Corporation,C:\\Windows\\system32\\net1 accounts,System,10.0.19041.3636 (WinBuild.160101.0800),NT AUTHORITY\\SYSTEM,0,NT AUTHORITY\\SYSTEM,1,0x8000000000000000,{5770385f-c22a-43e0-bf4c-06f5698ffbd9},4,Microsoft-Windows-Sysmon/Operational,0,"""Process Create:
RuleName: -
UtcTime: 2025-06-09 14:02:57.363
ProcessGuid: {154c2aaf-e991-6846-b000-000000001800}
ProcessId: 4176
Image: C:\Windows\SysWOW64\net1.exe
FileVersion: 10.0.19041.3636 (WinBuild.160101.0800)
Description: Net Command
Product: Microsoft® Windows® Operating System
Company: Microsoft Corporation
OriginalFileName: net1.exe
CommandLine: C:\Windows\system32\net1 accounts
CurrentDirectory: C:\Program Files (x86)\ossec-agent\
User: NT AUTHORITY\SYSTEM
LogonGuid: {154c2aaf-e981-6846-e703-000000000000}
LogonId: 0x3E7
TerminalSessionId: 0
IntegrityLevel: System
Hashes: MD5=4A26539015F4FDB3AC3C5EB14336C7A7,SHA256=B25CF32B7BB76D5A5121919C63E6AE77262347F4AD7B29EE3C43CBAA61F43957,IMPHASH=D45C7E138CFAD11059C95018C99B7C96
ParentProcessGuid: {154c2aaf-e98f-6846-ac00-000000001800}
ParentProcessId: 3812
ParentImage: C:\Windows\SysWOW64\net.exe
ParentCommandLine: net.exe accounts
ParentUser: NT AUTHORITY\SYSTEM""",5,2025-06-09T14:02:57.3676125Z,30639,5512,DESKTOP-O7P9I53,1,3292,INFORMATION,Microsoft-Windows-Sysmon,8,false,3,Discovery activity executed,"[""sysmon"",""sysmon_eid1_detections"",""windows""]",92031,windows_eventchannel, ,log,"Jun 9, 2025 @ 19:34:11.670",EventChannel,1749477851.598124,"Jun 9, 2025 @ 19:34:11.670", , ,"[""Account Discovery""]","[""T1087""]","[""Discovery""]", , , , , , , , , , , , , , , , , , , , , , , , , , , , , , , , , , , , , , , , , , , , , , , , , , , , , , , , , , , , , , , , , , , , , , , , , , , , , , , , 
wazuh-alerts-4.x-2025.06.09,9aMBVZcB7NFPR1gL6zFY,1,1,192.168.254.162,DESKTOP-O7P9I53,001,hat-VMware-Virtual-Platform,net.exe,C:\\Windows\\SysWOW64\\net.exe,Microsoft® Windows® Operating System,{154c2aaf-e984-6846-5700-000000001800},Net Command,{154c2aaf-e981-6846-e703-000000000000},"\""C:\\Program Files (x86)\\ossec-agent\\wazuh-agent.exe\""",{154c2aaf-e991-6846-b100-000000001800},0x3e7,3480,4172,C:\\Program Files (x86)\\ossec-agent\\,2025-06-09 14:02:57.692,"MD5=31890A7DE89936F922D44D677F681A7F,SHA256=7C4C7725E266F12ABA8C50FD1598D4001201BCA0E7ACA901508307E365AFFF42,IMPHASH=AC592B83B5CAEB41A6F6DF7DB53F9076",C:\\Program Files (x86)\\ossec-agent\\wazuh-agent.exe,Microsoft Corporation,net.exe accounts,System,10.0.19041.1 (WinBuild.160101.0800),NT AUTHORITY\\SYSTEM,0,NT AUTHORITY\\SYSTEM,1,0x8000000000000000,{5770385f-c22a-43e0-bf4c-06f5698ffbd9},4,Microsoft-Windows-Sysmon/Operational,0,"""Process Create:
RuleName: -
UtcTime: 2025-06-09 14:02:57.692
ProcessGuid: {154c2aaf-e991-6846-b100-000000001800}
ProcessId: 4172
Image: C:\Windows\SysWOW64\net.exe
FileVersion: 10.0.19041.1 (WinBuild.160101.0800)
Description: Net Command
Product: Microsoft® Windows® Operating System
Company: Microsoft Corporation
OriginalFileName: net.exe
CommandLine: net.exe accounts
CurrentDirectory: C:\Program Files (x86)\ossec-agent\
User: NT AUTHORITY\SYSTEM
LogonGuid: {154c2aaf-e981-6846-e703-000000000000}
LogonId: 0x3E7
TerminalSessionId: 0
IntegrityLevel: System
Hashes: MD5=31890A7DE89936F922D44D677F681A7F,SHA256=7C4C7725E266F12ABA8C50FD1598D4001201BCA0E7ACA901508307E365AFFF42,IMPHASH=AC592B83B5CAEB41A6F6DF7DB53F9076
ParentProcessGuid: {154c2aaf-e984-6846-5700-000000001800}
ParentProcessId: 3480
ParentImage: C:\Program Files (x86)\ossec-agent\wazuh-agent.exe
ParentCommandLine: ""C:\Program Files (x86)\ossec-agent\wazuh-agent.exe""
ParentUser: NT AUTHORITY\SYSTEM""",5,2025-06-09T14:02:57.7017521Z,30640,5512,DESKTOP-O7P9I53,1,3292,INFORMATION,Microsoft-Windows-Sysmon,9,false,3,Discovery activity executed,"[""sysmon"",""sysmon_eid1_detections"",""windows""]",92031,windows_eventchannel, ,log,"Jun 9, 2025 @ 19:34:11.701",EventChannel,1749477851.603517,"Jun 9, 2025 @ 19:34:11.701", , ,"[""Account Discovery""]","[""T1087""]","[""Discovery""]", , , , , , , , , , , , , , , , , , , , , , , , , , , , , , , , , , , , , , , , , , , , , , , , , , , , , , , , , , , , , , , , , , , , , , , , , , , , , , , , 
wazuh-alerts-4.x-2025.06.09,'-KMBVZcB7NFPR1gL7DGj,1,1,192.168.254.162,DESKTOP-O7P9I53,001,hat-VMware-Virtual-Platform,net1.exe,C:\\Windows\\SysWOW64\\net1.exe,Microsoft® Windows® Operating System,{154c2aaf-e993-6846-b400-000000001800},Net Command,{154c2aaf-e981-6846-e703-000000000000},net.exe accounts,{154c2aaf-e993-6846-b600-000000001800},0x3e7,6512,6452,C:\\Program Files (x86)\\ossec-agent\\,2025-06-09 14:02:59.212,"MD5=4A26539015F4FDB3AC3C5EB14336C7A7,SHA256=B25CF32B7BB76D5A5121919C63E6AE77262347F4AD7B29EE3C43CBAA61F43957,IMPHASH=D45C7E138CFAD11059C95018C99B7C96",C:\\Windows\\SysWOW64\\net.exe,Microsoft Corporation,C:\\Windows\\system32\\net1 accounts,System,10.0.19041.3636 (WinBuild.160101.0800),NT AUTHORITY\\SYSTEM,0,NT AUTHORITY\\SYSTEM,1,0x8000000000000000,{5770385f-c22a-43e0-bf4c-06f5698ffbd9},4,Microsoft-Windows-Sysmon/Operational,0,"""Process Create:
RuleName: -
UtcTime: 2025-06-09 14:02:59.212
ProcessGuid: {154c2aaf-e993-6846-b600-000000001800}
ProcessId: 6452
Image: C:\Windows\SysWOW64\net1.exe
FileVersion: 10.0.19041.3636 (WinBuild.160101.0800)
Description: Net Command
Product: Microsoft® Windows® Operating System
Company: Microsoft Corporation
OriginalFileName: net1.exe
CommandLine: C:\Windows\system32\net1 accounts
CurrentDirectory: C:\Program Files (x86)\ossec-agent\
User: NT AUTHORITY\SYSTEM
LogonGuid: {154c2aaf-e981-6846-e703-000000000000}
LogonId: 0x3E7
TerminalSessionId: 0
IntegrityLevel: System
Hashes: MD5=4A26539015F4FDB3AC3C5EB14336C7A7,SHA256=B25CF32B7BB76D5A5121919C63E6AE77262347F4AD7B29EE3C43CBAA61F43957,IMPHASH=D45C7E138CFAD11059C95018C99B7C96
ParentProcessGuid: {154c2aaf-e993-6846-b400-000000001800}
ParentProcessId: 6512
ParentImage: C:\Windows\SysWOW64\net.exe
ParentCommandLine: net.exe accounts
ParentUser: NT AUTHORITY\SYSTEM""",5,2025-06-09T14:02:59.2173179Z,30643,5512,DESKTOP-O7P9I53,1,3292,INFORMATION,Microsoft-Windows-Sysmon,12,false,3,Discovery activity executed,"[""sysmon"",""sysmon_eid1_detections"",""windows""]",92031,windows_eventchannel, ,log,"Jun 9, 2025 @ 19:34:11.734",EventChannel,1749477851.620012,"Jun 9, 2025 @ 19:34:11.734", , ,"[""Account Discovery""]","[""T1087""]","[""Discovery""]", , , , , , , , , , , , , , , , , , , , , , , , , , , , , , , , , , , , , , , , , , , , , , , , , , , , , , , , , , , , , , , , , , , , , , , , , , , , , , , , 
wazuh-alerts-4.x-2025.06.09,'-qMBVZcB7NFPR1gL7DGj,1,1,192.168.254.162,DESKTOP-O7P9I53,001,hat-VMware-Virtual-Platform,net1.exe,C:\\Windows\\SysWOW64\\net1.exe,Microsoft® Windows® Operating System,{154c2aaf-e993-6846-b700-000000001800},Net Command,{154c2aaf-e981-6846-e703-000000000000},net.exe accounts,{154c2aaf-e993-6846-b900-000000001800},0x3e7,6344,7112,C:\\Program Files (x86)\\ossec-agent\\,2025-06-09 14:02:59.310,"MD5=4A26539015F4FDB3AC3C5EB14336C7A7,SHA256=B25CF32B7BB76D5A5121919C63E6AE77262347F4AD7B29EE3C43CBAA61F43957,IMPHASH=D45C7E138CFAD11059C95018C99B7C96",C:\\Windows\\SysWOW64\\net.exe,Microsoft Corporation,C:\\Windows\\system32\\net1 accounts,System,10.0.19041.3636 (WinBuild.160101.0800),NT AUTHORITY\\SYSTEM,0,NT AUTHORITY\\SYSTEM,1,0x8000000000000000,{5770385f-c22a-43e0-bf4c-06f5698ffbd9},4,Microsoft-Windows-Sysmon/Operational,0,"""Process Create:
RuleName: -
UtcTime: 2025-06-09 14:02:59.310
ProcessGuid: {154c2aaf-e993-6846-b900-000000001800}
ProcessId: 7112
Image: C:\Windows\SysWOW64\net1.exe
FileVersion: 10.0.19041.3636 (WinBuild.160101.0800)
Description: Net Command
Product: Microsoft® Windows® Operating System
Company: Microsoft Corporation
OriginalFileName: net1.exe
CommandLine: C:\Windows\system32\net1 accounts
CurrentDirectory: C:\Program Files (x86)\ossec-agent\
User: NT AUTHORITY\SYSTEM
LogonGuid: {154c2aaf-e981-6846-e703-000000000000}
LogonId: 0x3E7
TerminalSessionId: 0
IntegrityLevel: System
Hashes: MD5=4A26539015F4FDB3AC3C5EB14336C7A7,SHA256=B25CF32B7BB76D5A5121919C63E6AE77262347F4AD7B29EE3C43CBAA61F43957,IMPHASH=D45C7E138CFAD11059C95018C99B7C96
ParentProcessGuid: {154c2aaf-e993-6846-b700-000000001800}
ParentProcessId: 6344
ParentImage: C:\Windows\SysWOW64\net.exe
ParentCommandLine: net.exe accounts
ParentUser: NT AUTHORITY\SYSTEM""",5,2025-06-09T14:02:59.3138912Z,30645,5512,DESKTOP-O7P9I53,1,3292,INFORMATION,Microsoft-Windows-Sysmon,14,false,3,Discovery activity executed,"[""sysmon"",""sysmon_eid1_detections"",""windows""]",92031,windows_eventchannel, ,log,"Jun 9, 2025 @ 19:34:11.767",EventChannel,1749477851.630956,"Jun 9, 2025 @ 19:34:11.767", , ,"[""Account Discovery""]","[""T1087""]","[""Discovery""]", , , , , , , , , , , , , , , , , , , , , , , , , , , , , , , , , , , , , , , , , , , , , , , , , , , , , , , , , , , , , , , , , , , , , , , , , , , , , , , , 
