wazuh-alerts-4.x-2025.06.09,DeADVZcBD7y1GXNG3oYH,1,1,192.168.254.162,DESKTOP-O7P9I53,001,hat-VMware-Virtual-Platform, ,C:\\Windows\\system32\\CompatTelRunner.exe, , , , , ,{154c2aaf-ea3a-6846-4001-000000001800}, , ,936, ,2025-06-09 14:06:22.424, , , , , , ,NT AUTHORITY\\SYSTEM, , ,13,0x8000000000000000,{5770385f-c22a-43e0-bf4c-06f5698ffbd9},4,Microsoft-Windows-Sysmon/Operational,0,"""Registry value set:
RuleName: InvDB-Pub
EventType: SetValue
UtcTime: 2025-06-09 14:06:22.424
ProcessGuid: {154c2aaf-ea3a-6846-4001-000000001800}
ProcessId: 936
Image: C:\Windows\system32\CompatTelRunner.exe
TargetObject: \REGISTRY\A\{4fc400b6-a755-4f91-a203-75735e25b097}\Root\InventoryApplicationFile\pwahelper.exe|3ed40c27f9b8a0e3\Publisher
Details: microsoft corporation
User: NT AUTHORITY\SYSTEM""",2,2025-06-09T14:06:22.4413013Z,30873,5512,DESKTOP-O7P9I53,13,3292,INFORMATION,Microsoft-Windows-Sysmon,127,false,5,Sysmon - Event 13: RegistryEvent SetValue on \\REGISTRY\\A\\{4fc400b6-a755-4f91-a203-75735e25b097}\\Root\\InventoryApplicationFile\\pwahelper.exe|3ed40c27f9b8a0e3\\Publisher by C:\\Windows\\system32\\CompatTelRunner.exe,"[""windows"",""sysmon"",""sysmon_event_13""]",61615,windows_eventchannel,"{""win"":{""system"":{""providerName"":""Microsoft-Windows-Sysmon"",""providerGuid"":""{5770385f-c22a-43e0-bf4c-06f5698ffbd9}"",""eventID"":""13"",""version"":""2"",""level"":""4"",""task"":""13"",""opcode"":""0"",""keywords"":""0x8000000000000000"",""systemTime"":""2025-06-09T14:06:22.4413013Z"",""eventRecordID"":""30873"",""processID"":""3292"",""threadID"":""5512"",""channel"":""Microsoft-Windows-Sysmon/Operational"",""computer"":""DESKTOP-O7P9I53"",""severityValue"":""INFORMATION"",""message"":""\""Registry value set:\r\nRuleName: InvDB-Pub\r\nEventType: SetValue\r\nUtcTime: 2025-06-09 14:06:22.424\r\nProcessGuid: {154c2aaf-ea3a-6846-4001-000000001800}\r\nProcessId: 936\r\nImage: C:\\Windows\\system32\\CompatTelRunner.exe\r\nTargetObject: \\REGISTRY\\A\\{4fc400b6-a755-4f91-a203-75735e25b097}\\Root\\InventoryApplicationFile\\pwahelper.exe|3ed40c27f9b8a0e3\\Publisher\r\nDetails: microsoft corporation\r\nUser: NT AUTHORITY\\SYSTEM\""""},""eventdata"":{""ruleName"":""InvDB-Pub"",""eventType"":""SetValue"",""utcTime"":""2025-06-09 14:06:22.424"",""processGuid"":""{154c2aaf-ea3a-6846-4001-000000001800}"",""processId"":""936"",""image"":""C:\\\\Windows\\\\system32\\\\CompatTelRunner.exe"",""targetObject"":""\\\\REGISTRY\\\\A\\\\{4fc400b6-a755-4f91-a203-75735e25b097}\\\\Root\\\\InventoryApplicationFile\\\\pwahelper.exe|3ed40c27f9b8a0e3\\\\Publisher"",""details"":""microsoft corporation"",""user"":""NT AUTHORITY\\\\SYSTEM""}}}",log,"Jun 9, 2025 @ 19:36:24.468",EventChannel,1749477984.1600061,"Jun 9, 2025 @ 19:36:24.468", , , , , , , , , , , , , , , , , , , , , , , , , , , , , , , , , , , , , , , , , , , , , , , , , , , ,\\REGISTRY\\A\\{4fc400b6-a755-4f91-a203-75735e25b097}\\Root\\InventoryApplicationFile\\pwahelper.exe|3ed40c27f9b8a0e3\\Publisher,InvDB-Pub,microsoft corporation,SetValue, , , , , , , , , , , , , , , , , , , , , , , , , , , , , , 
wazuh-alerts-4.x-2025.06.09,DuADVZcBD7y1GXNG3oYH,1,1,192.168.254.162,DESKTOP-O7P9I53,001,hat-VMware-Virtual-Platform, ,C:\\Windows\\system32\\CompatTelRunner.exe, , , , , ,{154c2aaf-ea3a-6846-4001-000000001800}, , ,936, ,2025-06-09 14:06:22.424, , , , , , ,NT AUTHORITY\\SYSTEM, , ,13,0x8000000000000000,{5770385f-c22a-43e0-bf4c-06f5698ffbd9},4,Microsoft-Windows-Sysmon/Operational,0,"""Registry value set:
RuleName: InvDB-CompileTimeClaim
EventType: SetValue
UtcTime: 2025-06-09 14:06:22.424
ProcessGuid: {154c2aaf-ea3a-6846-4001-000000001800}
ProcessId: 936
Image: C:\Windows\system32\CompatTelRunner.exe
TargetObject: \REGISTRY\A\{4fc400b6-a755-4f91-a203-75735e25b097}\Root\InventoryApplicationFile\pwahelper.exe|3ed40c27f9b8a0e3\LinkDate
Details: 06/03/2025 05:53:26
User: NT AUTHORITY\SYSTEM""",2,2025-06-09T14:06:22.4415560Z,30874,5512,DESKTOP-O7P9I53,13,3292,INFORMATION,Microsoft-Windows-Sysmon,128,false,5,Sysmon - Event 13: RegistryEvent SetValue on \\REGISTRY\\A\\{4fc400b6-a755-4f91-a203-75735e25b097}\\Root\\InventoryApplicationFile\\pwahelper.exe|3ed40c27f9b8a0e3\\LinkDate by C:\\Windows\\system32\\CompatTelRunner.exe,"[""windows"",""sysmon"",""sysmon_event_13""]",61615,windows_eventchannel,"{""win"":{""system"":{""providerName"":""Microsoft-Windows-Sysmon"",""providerGuid"":""{5770385f-c22a-43e0-bf4c-06f5698ffbd9}"",""eventID"":""13"",""version"":""2"",""level"":""4"",""task"":""13"",""opcode"":""0"",""keywords"":""0x8000000000000000"",""systemTime"":""2025-06-09T14:06:22.4415560Z"",""eventRecordID"":""30874"",""processID"":""3292"",""threadID"":""5512"",""channel"":""Microsoft-Windows-Sysmon/Operational"",""computer"":""DESKTOP-O7P9I53"",""severityValue"":""INFORMATION"",""message"":""\""Registry value set:\r\nRuleName: InvDB-CompileTimeClaim\r\nEventType: SetValue\r\nUtcTime: 2025-06-09 14:06:22.424\r\nProcessGuid: {154c2aaf-ea3a-6846-4001-000000001800}\r\nProcessId: 936\r\nImage: C:\\Windows\\system32\\CompatTelRunner.exe\r\nTargetObject: \\REGISTRY\\A\\{4fc400b6-a755-4f91-a203-75735e25b097}\\Root\\InventoryApplicationFile\\pwahelper.exe|3ed40c27f9b8a0e3\\LinkDate\r\nDetails: 06/03/2025 05:53:26\r\nUser: NT AUTHORITY\\SYSTEM\""""},""eventdata"":{""ruleName"":""InvDB-CompileTimeClaim"",""eventType"":""SetValue"",""utcTime"":""2025-06-09 14:06:22.424"",""processGuid"":""{154c2aaf-ea3a-6846-4001-000000001800}"",""processId"":""936"",""image"":""C:\\\\Windows\\\\system32\\\\CompatTelRunner.exe"",""targetObject"":""\\\\REGISTRY\\\\A\\\\{4fc400b6-a755-4f91-a203-75735e25b097}\\\\Root\\\\InventoryApplicationFile\\\\pwahelper.exe|3ed40c27f9b8a0e3\\\\LinkDate"",""details"":""06/03/2025 05:53:26"",""user"":""NT AUTHORITY\\\\SYSTEM""}}}",log,"Jun 9, 2025 @ 19:36:24.480",EventChannel,1749477984.1603244,"Jun 9, 2025 @ 19:36:24.480", , , , , , , , , , , , , , , , , , , , , , , , , , , , , , , , , , , , , , , , , , , , , , , , , , , ,\\REGISTRY\\A\\{4fc400b6-a755-4f91-a203-75735e25b097}\\Root\\InventoryApplicationFile\\pwahelper.exe|3ed40c27f9b8a0e3\\LinkDate,InvDB-CompileTimeClaim,06/03/2025 05:53:26,SetValue, , , , , , , , , , , , , , , , , , , , , , , , , , , , , , 
wazuh-alerts-4.x-2025.06.09,EOADVZcBD7y1GXNG3oYH,1,1,192.168.254.162,DESKTOP-O7P9I53,001,hat-VMware-Virtual-Platform, ,C:\\Windows\\system32\\CompatTelRunner.exe, , , , , ,{154c2aaf-ea3a-6846-4001-000000001800}, , ,936, ,2025-06-09 14:06:22.455, , , , , , ,NT AUTHORITY\\SYSTEM, , ,13,0x8000000000000000,{5770385f-c22a-43e0-bf4c-06f5698ffbd9},4,Microsoft-Windows-Sysmon/Operational,0,"""Registry value set:
RuleName: InvDB-Path
EventType: SetValue
UtcTime: 2025-06-09 14:06:22.455
ProcessGuid: {154c2aaf-ea3a-6846-4001-000000001800}
ProcessId: 936
Image: C:\Windows\system32\CompatTelRunner.exe
TargetObject: \REGISTRY\A\{4fc400b6-a755-4f91-a203-75735e25b097}\Root\InventoryApplicationFile\setup.exe|a313dbdbfce47ef7\LowerCaseLongPath
Details: c:\program files (x86)\microsoft\edgewebview\application\137.0.3296.62\installer\setup.exe
User: NT AUTHORITY\SYSTEM""",2,2025-06-09T14:06:22.4566216Z,30876,5512,DESKTOP-O7P9I53,13,3292,INFORMATION,Microsoft-Windows-Sysmon,130,false,5,Sysmon - Event 13: RegistryEvent SetValue on \\REGISTRY\\A\\{4fc400b6-a755-4f91-a203-75735e25b097}\\Root\\InventoryApplicationFile\\setup.exe|a313dbdbfce47ef7\\LowerCaseLongPath by C:\\Windows\\system32\\CompatTelRunner.exe,"[""windows"",""sysmon"",""sysmon_event_13""]",61615,windows_eventchannel,"{""win"":{""system"":{""providerName"":""Microsoft-Windows-Sysmon"",""providerGuid"":""{5770385f-c22a-43e0-bf4c-06f5698ffbd9}"",""eventID"":""13"",""version"":""2"",""level"":""4"",""task"":""13"",""opcode"":""0"",""keywords"":""0x8000000000000000"",""systemTime"":""2025-06-09T14:06:22.4566216Z"",""eventRecordID"":""30876"",""processID"":""3292"",""threadID"":""5512"",""channel"":""Microsoft-Windows-Sysmon/Operational"",""computer"":""DESKTOP-O7P9I53"",""severityValue"":""INFORMATION"",""message"":""\""Registry value set:\r\nRuleName: InvDB-Path\r\nEventType: SetValue\r\nUtcTime: 2025-06-09 14:06:22.455\r\nProcessGuid: {154c2aaf-ea3a-6846-4001-000000001800}\r\nProcessId: 936\r\nImage: C:\\Windows\\system32\\CompatTelRunner.exe\r\nTargetObject: \\REGISTRY\\A\\{4fc400b6-a755-4f91-a203-75735e25b097}\\Root\\InventoryApplicationFile\\setup.exe|a313dbdbfce47ef7\\LowerCaseLongPath\r\nDetails: c:\\program files (x86)\\microsoft\\edgewebview\\application\\137.0.3296.62\\installer\\setup.exe\r\nUser: NT AUTHORITY\\SYSTEM\""""},""eventdata"":{""ruleName"":""InvDB-Path"",""eventType"":""SetValue"",""utcTime"":""2025-06-09 14:06:22.455"",""processGuid"":""{154c2aaf-ea3a-6846-4001-000000001800}"",""processId"":""936"",""image"":""C:\\\\Windows\\\\system32\\\\CompatTelRunner.exe"",""targetObject"":""\\\\REGISTRY\\\\A\\\\{4fc400b6-a755-4f91-a203-75735e25b097}\\\\Root\\\\InventoryApplicationFile\\\\setup.exe|a313dbdbfce47ef7\\\\LowerCaseLongPath"",""details"":""c:\\\\program files (x86)\\\\microsoft\\\\edgewebview\\\\application\\\\137.0.3296.62\\\\installer\\\\setup.exe"",""user"":""NT AUTHORITY\\\\SYSTEM""}}}",log,"Jun 9, 2025 @ 19:36:24.512",EventChannel,1749477984.1609657,"Jun 9, 2025 @ 19:36:24.512", , , , , , , , , , , , , , , , , , , , , , , , , , , , , , , , , , , , , , , , , , , , , , , , , , , ,\\REGISTRY\\A\\{4fc400b6-a755-4f91-a203-75735e25b097}\\Root\\InventoryApplicationFile\\setup.exe|a313dbdbfce47ef7\\LowerCaseLongPath,InvDB-Path,c:\\program files (x86)\\microsoft\\edgewebview\\application\\137.0.3296.62\\installer\\setup.exe,SetValue, , , , , , , , , , , , , , , , , , , , , , , , , , , , , , 
wazuh-alerts-4.x-2025.06.09,EeADVZcBD7y1GXNG3oYH,1,1,192.168.254.162,DESKTOP-O7P9I53,001,hat-VMware-Virtual-Platform, ,C:\\Windows\\system32\\CompatTelRunner.exe, , , , , ,{154c2aaf-ea3a-6846-4001-000000001800}, , ,936, ,2025-06-09 14:06:22.455, , , , , , ,NT AUTHORITY\\SYSTEM, , ,13,0x8000000000000000,{5770385f-c22a-43e0-bf4c-06f5698ffbd9},4,Microsoft-Windows-Sysmon/Operational,0,"""Registry value set:
RuleName: InvDB-Pub
EventType: SetValue
UtcTime: 2025-06-09 14:06:22.455
ProcessGuid: {154c2aaf-ea3a-6846-4001-000000001800}
ProcessId: 936
Image: C:\Windows\system32\CompatTelRunner.exe
TargetObject: \REGISTRY\A\{4fc400b6-a755-4f91-a203-75735e25b097}\Root\InventoryApplicationFile\setup.exe|a313dbdbfce47ef7\Publisher
Details: microsoft corporation
User: NT AUTHORITY\SYSTEM""",2,2025-06-09T14:06:22.4570798Z,30877,5512,DESKTOP-O7P9I53,13,3292,INFORMATION,Microsoft-Windows-Sysmon,131,false,5,Sysmon - Event 13: RegistryEvent SetValue on \\REGISTRY\\A\\{4fc400b6-a755-4f91-a203-75735e25b097}\\Root\\InventoryApplicationFile\\setup.exe|a313dbdbfce47ef7\\Publisher by C:\\Windows\\system32\\CompatTelRunner.exe,"[""windows"",""sysmon"",""sysmon_event_13""]",61615,windows_eventchannel,"{""win"":{""system"":{""providerName"":""Microsoft-Windows-Sysmon"",""providerGuid"":""{5770385f-c22a-43e0-bf4c-06f5698ffbd9}"",""eventID"":""13"",""version"":""2"",""level"":""4"",""task"":""13"",""opcode"":""0"",""keywords"":""0x8000000000000000"",""systemTime"":""2025-06-09T14:06:22.4570798Z"",""eventRecordID"":""30877"",""processID"":""3292"",""threadID"":""5512"",""channel"":""Microsoft-Windows-Sysmon/Operational"",""computer"":""DESKTOP-O7P9I53"",""severityValue"":""INFORMATION"",""message"":""\""Registry value set:\r\nRuleName: InvDB-Pub\r\nEventType: SetValue\r\nUtcTime: 2025-06-09 14:06:22.455\r\nProcessGuid: {154c2aaf-ea3a-6846-4001-000000001800}\r\nProcessId: 936\r\nImage: C:\\Windows\\system32\\CompatTelRunner.exe\r\nTargetObject: \\REGISTRY\\A\\{4fc400b6-a755-4f91-a203-75735e25b097}\\Root\\InventoryApplicationFile\\setup.exe|a313dbdbfce47ef7\\Publisher\r\nDetails: microsoft corporation\r\nUser: NT AUTHORITY\\SYSTEM\""""},""eventdata"":{""ruleName"":""InvDB-Pub"",""eventType"":""SetValue"",""utcTime"":""2025-06-09 14:06:22.455"",""processGuid"":""{154c2aaf-ea3a-6846-4001-000000001800}"",""processId"":""936"",""image"":""C:\\\\Windows\\\\system32\\\\CompatTelRunner.exe"",""targetObject"":""\\\\REGISTRY\\\\A\\\\{4fc400b6-a755-4f91-a203-75735e25b097}\\\\Root\\\\InventoryApplicationFile\\\\setup.exe|a313dbdbfce47ef7\\\\Publisher"",""details"":""microsoft corporation"",""user"":""NT AUTHORITY\\\\SYSTEM""}}}",log,"Jun 9, 2025 @ 19:36:24.529",EventChannel,1749477984.1613175,"Jun 9, 2025 @ 19:36:24.529", , , , , , , , , , , , , , , , , , , , , , , , , , , , , , , , , , , , , , , , , , , , , , , , , , , ,\\REGISTRY\\A\\{4fc400b6-a755-4f91-a203-75735e25b097}\\Root\\InventoryApplicationFile\\setup.exe|a313dbdbfce47ef7\\Publisher,InvDB-Pub,microsoft corporation,SetValue, , , , , , , , , , , , , , , , , , , , , , , , , , , , , , 
wazuh-alerts-4.x-2025.06.09,EuADVZcBD7y1GXNG3oYH,1,1,192.168.254.162,DESKTOP-O7P9I53,001,hat-VMware-Virtual-Platform, ,C:\\Windows\\system32\\CompatTelRunner.exe, , , , , ,{154c2aaf-ea3a-6846-4001-000000001800}, , ,936, ,2025-06-09 14:06:22.455, , , , , , ,NT AUTHORITY\\SYSTEM, , ,13,0x8000000000000000,{5770385f-c22a-43e0-bf4c-06f5698ffbd9},4,Microsoft-Windows-Sysmon/Operational,0,"""Registry value set:
RuleName: InvDB-CompileTimeClaim
EventType: SetValue
UtcTime: 2025-06-09 14:06:22.455
ProcessGuid: {154c2aaf-ea3a-6846-4001-000000001800}
ProcessId: 936
Image: C:\Windows\system32\CompatTelRunner.exe
TargetObject: \REGISTRY\A\{4fc400b6-a755-4f91-a203-75735e25b097}\Root\InventoryApplicationFile\setup.exe|a313dbdbfce47ef7\LinkDate
Details: 06/03/2025 05:53:26
User: NT AUTHORITY\SYSTEM""",2,2025-06-09T14:06:22.4577273Z,30878,5512,DESKTOP-O7P9I53,13,3292,INFORMATION,Microsoft-Windows-Sysmon,132,false,5,Sysmon - Event 13: RegistryEvent SetValue on \\REGISTRY\\A\\{4fc400b6-a755-4f91-a203-75735e25b097}\\Root\\InventoryApplicationFile\\setup.exe|a313dbdbfce47ef7\\LinkDate by C:\\Windows\\system32\\CompatTelRunner.exe,"[""windows"",""sysmon"",""sysmon_event_13""]",61615,windows_eventchannel,"{""win"":{""system"":{""providerName"":""Microsoft-Windows-Sysmon"",""providerGuid"":""{5770385f-c22a-43e0-bf4c-06f5698ffbd9}"",""eventID"":""13"",""version"":""2"",""level"":""4"",""task"":""13"",""opcode"":""0"",""keywords"":""0x8000000000000000"",""systemTime"":""2025-06-09T14:06:22.4577273Z"",""eventRecordID"":""30878"",""processID"":""3292"",""threadID"":""5512"",""channel"":""Microsoft-Windows-Sysmon/Operational"",""computer"":""DESKTOP-O7P9I53"",""severityValue"":""INFORMATION"",""message"":""\""Registry value set:\r\nRuleName: InvDB-CompileTimeClaim\r\nEventType: SetValue\r\nUtcTime: 2025-06-09 14:06:22.455\r\nProcessGuid: {154c2aaf-ea3a-6846-4001-000000001800}\r\nProcessId: 936\r\nImage: C:\\Windows\\system32\\CompatTelRunner.exe\r\nTargetObject: \\REGISTRY\\A\\{4fc400b6-a755-4f91-a203-75735e25b097}\\Root\\InventoryApplicationFile\\setup.exe|a313dbdbfce47ef7\\LinkDate\r\nDetails: 06/03/2025 05:53:26\r\nUser: NT AUTHORITY\\SYSTEM\""""},""eventdata"":{""ruleName"":""InvDB-CompileTimeClaim"",""eventType"":""SetValue"",""utcTime"":""2025-06-09 14:06:22.455"",""processGuid"":""{154c2aaf-ea3a-6846-4001-000000001800}"",""processId"":""936"",""image"":""C:\\\\Windows\\\\system32\\\\CompatTelRunner.exe"",""targetObject"":""\\\\REGISTRY\\\\A\\\\{4fc400b6-a755-4f91-a203-75735e25b097}\\\\Root\\\\InventoryApplicationFile\\\\setup.exe|a313dbdbfce47ef7\\\\LinkDate"",""details"":""06/03/2025 05:53:26"",""user"":""NT AUTHORITY\\\\SYSTEM""}}}",log,"Jun 9, 2025 @ 19:36:24.543",EventChannel,1749477984.1616338,"Jun 9, 2025 @ 19:36:24.543", , , , , , , , , , , , , , , , , , , , , , , , , , , , , , , , , , , , , , , , , , , , , , , , , , , ,\\REGISTRY\\A\\{4fc400b6-a755-4f91-a203-75735e25b097}\\Root\\InventoryApplicationFile\\setup.exe|a313dbdbfce47ef7\\LinkDate,InvDB-CompileTimeClaim,06/03/2025 05:53:26,SetValue, , , , , , , , , , , , , , , , , , , , , , , , , , , , , , 
wazuh-alerts-4.x-2025.06.09,G-ADVZcBD7y1GXNG3oYH,1,1,192.168.254.162,DESKTOP-O7P9I53,001,hat-VMware-Virtual-Platform, ,C:\\Windows\\system32\\CompatTelRunner.exe, , , , , ,{154c2aaf-ea3a-6846-4001-000000001800}, , ,936, ,2025-06-09 14:06:25.753, , , , , , ,NT AUTHORITY\\SYSTEM, , ,13,0x8000000000000000,{5770385f-c22a-43e0-bf4c-06f5698ffbd9},4,Microsoft-Windows-Sysmon/Operational,0,"""Registry value set:
RuleName: InvDB-Ver
EventType: SetValue
UtcTime: 2025-06-09 14:06:25.753
ProcessGuid: {154c2aaf-ea3a-6846-4001-000000001800}
ProcessId: 936
Image: C:\Windows\system32\CompatTelRunner.exe
TargetObject: \REGISTRY\A\{4fc400b6-a755-4f91-a203-75735e25b097}\Root\InventoryApplicationFile\cookie_exporter.|97cf0d07b1af8074\BinProductVersion
Details: 137.0.3296.62
User: NT AUTHORITY\SYSTEM""",2,2025-06-09T14:06:25.7607675Z,30887,5512,DESKTOP-O7P9I53,13,3292,INFORMATION,Microsoft-Windows-Sysmon,141,false,5,Sysmon - Event 13: RegistryEvent SetValue on \\REGISTRY\\A\\{4fc400b6-a755-4f91-a203-75735e25b097}\\Root\\InventoryApplicationFile\\cookie_exporter.|97cf0d07b1af8074\\BinProductVersion by C:\\Windows\\system32\\CompatTelRunner.exe,"[""windows"",""sysmon"",""sysmon_event_13""]",61615,windows_eventchannel,"{""win"":{""system"":{""providerName"":""Microsoft-Windows-Sysmon"",""providerGuid"":""{5770385f-c22a-43e0-bf4c-06f5698ffbd9}"",""eventID"":""13"",""version"":""2"",""level"":""4"",""task"":""13"",""opcode"":""0"",""keywords"":""0x8000000000000000"",""systemTime"":""2025-06-09T14:06:25.7607675Z"",""eventRecordID"":""30887"",""processID"":""3292"",""threadID"":""5512"",""channel"":""Microsoft-Windows-Sysmon/Operational"",""computer"":""DESKTOP-O7P9I53"",""severityValue"":""INFORMATION"",""message"":""\""Registry value set:\r\nRuleName: InvDB-Ver\r\nEventType: SetValue\r\nUtcTime: 2025-06-09 14:06:25.753\r\nProcessGuid: {154c2aaf-ea3a-6846-4001-000000001800}\r\nProcessId: 936\r\nImage: C:\\Windows\\system32\\CompatTelRunner.exe\r\nTargetObject: \\REGISTRY\\A\\{4fc400b6-a755-4f91-a203-75735e25b097}\\Root\\InventoryApplicationFile\\cookie_exporter.|97cf0d07b1af8074\\BinProductVersion\r\nDetails: 137.0.3296.62\r\nUser: NT AUTHORITY\\SYSTEM\""""},""eventdata"":{""ruleName"":""InvDB-Ver"",""eventType"":""SetValue"",""utcTime"":""2025-06-09 14:06:25.753"",""processGuid"":""{154c2aaf-ea3a-6846-4001-000000001800}"",""processId"":""936"",""image"":""C:\\\\Windows\\\\system32\\\\CompatTelRunner.exe"",""targetObject"":""\\\\REGISTRY\\\\A\\\\{4fc400b6-a755-4f91-a203-75735e25b097}\\\\Root\\\\InventoryApplicationFile\\\\cookie_exporter.|97cf0d07b1af8074\\\\BinProductVersion"",""details"":""137.0.3296.62"",""user"":""NT AUTHORITY\\\\SYSTEM""}}}",log,"Jun 9, 2025 @ 19:36:27.219",EventChannel,1749477987.1645774,"Jun 9, 2025 @ 19:36:27.219", , , , , , , , , , , , , , , , , , , , , , , , , , , , , , , , , , , , , , , , , , , , , , , , , , , ,\\REGISTRY\\A\\{4fc400b6-a755-4f91-a203-75735e25b097}\\Root\\InventoryApplicationFile\\cookie_exporter.|97cf0d07b1af8074\\BinProductVersion,InvDB-Ver,137.0.3296.62,SetValue, , , , , , , , , , , , , , , , , , , , , , , , , , , , , , 
wazuh-alerts-4.x-2025.06.09,HuADVZcBD7y1GXNG3oaV,1,1,192.168.254.162,DESKTOP-O7P9I53,001,hat-VMware-Virtual-Platform, ,C:\\Windows\\system32\\CompatTelRunner.exe, , , , , ,{154c2aaf-ea3a-6846-4001-000000001800}, , ,936, ,2025-06-09 14:06:25.769, , , , , , ,NT AUTHORITY\\SYSTEM, , ,13,0x8000000000000000,{5770385f-c22a-43e0-bf4c-06f5698ffbd9},4,Microsoft-Windows-Sysmon/Operational,0,"""Registry value set:
RuleName: InvDB-CompileTimeClaim
EventType: SetValue
UtcTime: 2025-06-09 14:06:25.769
ProcessGuid: {154c2aaf-ea3a-6846-4001-000000001800}
ProcessId: 936
Image: C:\Windows\system32\CompatTelRunner.exe
TargetObject: \REGISTRY\A\{4fc400b6-a755-4f91-a203-75735e25b097}\Root\InventoryApplicationFile\elevated_tracing|306bf09bfd57a77c\LinkDate
Details: 06/03/2025 05:53:26
User: NT AUTHORITY\SYSTEM""",2,2025-06-09T14:06:25.7773396Z,30890,5512,DESKTOP-O7P9I53,13,3292,INFORMATION,Microsoft-Windows-Sysmon,144,false,5,Sysmon - Event 13: RegistryEvent SetValue on \\REGISTRY\\A\\{4fc400b6-a755-4f91-a203-75735e25b097}\\Root\\InventoryApplicationFile\\elevated_tracing|306bf09bfd57a77c\\LinkDate by C:\\Windows\\system32\\CompatTelRunner.exe,"[""windows"",""sysmon"",""sysmon_event_13""]",61615,windows_eventchannel,"{""win"":{""system"":{""providerName"":""Microsoft-Windows-Sysmon"",""providerGuid"":""{5770385f-c22a-43e0-bf4c-06f5698ffbd9}"",""eventID"":""13"",""version"":""2"",""level"":""4"",""task"":""13"",""opcode"":""0"",""keywords"":""0x8000000000000000"",""systemTime"":""2025-06-09T14:06:25.7773396Z"",""eventRecordID"":""30890"",""processID"":""3292"",""threadID"":""5512"",""channel"":""Microsoft-Windows-Sysmon/Operational"",""computer"":""DESKTOP-O7P9I53"",""severityValue"":""INFORMATION"",""message"":""\""Registry value set:\r\nRuleName: InvDB-CompileTimeClaim\r\nEventType: SetValue\r\nUtcTime: 2025-06-09 14:06:25.769\r\nProcessGuid: {154c2aaf-ea3a-6846-4001-000000001800}\r\nProcessId: 936\r\nImage: C:\\Windows\\system32\\CompatTelRunner.exe\r\nTargetObject: \\REGISTRY\\A\\{4fc400b6-a755-4f91-a203-75735e25b097}\\Root\\InventoryApplicationFile\\elevated_tracing|306bf09bfd57a77c\\LinkDate\r\nDetails: 06/03/2025 05:53:26\r\nUser: NT AUTHORITY\\SYSTEM\""""},""eventdata"":{""ruleName"":""InvDB-CompileTimeClaim"",""eventType"":""SetValue"",""utcTime"":""2025-06-09 14:06:25.769"",""processGuid"":""{154c2aaf-ea3a-6846-4001-000000001800}"",""processId"":""936"",""image"":""C:\\\\Windows\\\\system32\\\\CompatTelRunner.exe"",""targetObject"":""\\\\REGISTRY\\\\A\\\\{4fc400b6-a755-4f91-a203-75735e25b097}\\\\Root\\\\InventoryApplicationFile\\\\elevated_tracing|306bf09bfd57a77c\\\\LinkDate"",""details"":""06/03/2025 05:53:26"",""user"":""NT AUTHORITY\\\\SYSTEM""}}}",log,"Jun 9, 2025 @ 19:36:27.281",EventChannel,1749477987.1655697,"Jun 9, 2025 @ 19:36:27.281", , , , , , , , , , , , , , , , , , , , , , , , , , , , , , , , , , , , , , , , , , , , , , , , , , , ,\\REGISTRY\\A\\{4fc400b6-a755-4f91-a203-75735e25b097}\\Root\\InventoryApplicationFile\\elevated_tracing|306bf09bfd57a77c\\LinkDate,InvDB-CompileTimeClaim,06/03/2025 05:53:26,SetValue, , , , , , , , , , , , , , , , , , , , , , , , , , , , , , 
wazuh-alerts-4.x-2025.06.09,IOADVZcBD7y1GXNG3oaV,1,1,192.168.254.162,DESKTOP-O7P9I53,001,hat-VMware-Virtual-Platform, ,C:\\Windows\\system32\\CompatTelRunner.exe, , , , , ,{154c2aaf-ea3a-6846-4001-000000001800}, , ,936, ,2025-06-09 14:06:25.785, , , , , , ,NT AUTHORITY\\SYSTEM, , ,13,0x8000000000000000,{5770385f-c22a-43e0-bf4c-06f5698ffbd9},4,Microsoft-Windows-Sysmon/Operational,0,"""Registry value set:
RuleName: InvDB-Path
EventType: SetValue
UtcTime: 2025-06-09 14:06:25.785
ProcessGuid: {154c2aaf-ea3a-6846-4001-000000001800}
ProcessId: 936
Image: C:\Windows\system32\CompatTelRunner.exe
TargetObject: \REGISTRY\A\{4fc400b6-a755-4f91-a203-75735e25b097}\Root\InventoryApplicationFile\elevation_servic|2a62c581a52dc948\LowerCaseLongPath
Details: c:\program files (x86)\microsoft\edgecore\137.0.3296.62\elevation_service.exe
User: NT AUTHORITY\SYSTEM""",2,2025-06-09T14:06:25.7901676Z,30892,5512,DESKTOP-O7P9I53,13,3292,INFORMATION,Microsoft-Windows-Sysmon,146,false,5,Sysmon - Event 13: RegistryEvent SetValue on \\REGISTRY\\A\\{4fc400b6-a755-4f91-a203-75735e25b097}\\Root\\InventoryApplicationFile\\elevation_servic|2a62c581a52dc948\\LowerCaseLongPath by C:\\Windows\\system32\\CompatTelRunner.exe,"[""windows"",""sysmon"",""sysmon_event_13""]",61615,windows_eventchannel,"{""win"":{""system"":{""providerName"":""Microsoft-Windows-Sysmon"",""providerGuid"":""{5770385f-c22a-43e0-bf4c-06f5698ffbd9}"",""eventID"":""13"",""version"":""2"",""level"":""4"",""task"":""13"",""opcode"":""0"",""keywords"":""0x8000000000000000"",""systemTime"":""2025-06-09T14:06:25.7901676Z"",""eventRecordID"":""30892"",""processID"":""3292"",""threadID"":""5512"",""channel"":""Microsoft-Windows-Sysmon/Operational"",""computer"":""DESKTOP-O7P9I53"",""severityValue"":""INFORMATION"",""message"":""\""Registry value set:\r\nRuleName: InvDB-Path\r\nEventType: SetValue\r\nUtcTime: 2025-06-09 14:06:25.785\r\nProcessGuid: {154c2aaf-ea3a-6846-4001-000000001800}\r\nProcessId: 936\r\nImage: C:\\Windows\\system32\\CompatTelRunner.exe\r\nTargetObject: \\REGISTRY\\A\\{4fc400b6-a755-4f91-a203-75735e25b097}\\Root\\InventoryApplicationFile\\elevation_servic|2a62c581a52dc948\\LowerCaseLongPath\r\nDetails: c:\\program files (x86)\\microsoft\\edgecore\\137.0.3296.62\\elevation_service.exe\r\nUser: NT AUTHORITY\\SYSTEM\""""},""eventdata"":{""ruleName"":""InvDB-Path"",""eventType"":""SetValue"",""utcTime"":""2025-06-09 14:06:25.785"",""processGuid"":""{154c2aaf-ea3a-6846-4001-000000001800}"",""processId"":""936"",""image"":""C:\\\\Windows\\\\system32\\\\CompatTelRunner.exe"",""targetObject"":""\\\\REGISTRY\\\\A\\\\{4fc400b6-a755-4f91-a203-75735e25b097}\\\\Root\\\\InventoryApplicationFile\\\\elevation_servic|2a62c581a52dc948\\\\LowerCaseLongPath"",""details"":""c:\\\\program files (x86)\\\\microsoft\\\\edgecore\\\\137.0.3296.62\\\\elevation_service.exe"",""user"":""NT AUTHORITY\\\\SYSTEM""}}}",log,"Jun 9, 2025 @ 19:36:27.311",EventChannel,1749477987.1662140,"Jun 9, 2025 @ 19:36:27.311", , , , , , , , , , , , , , , , , , , , , , , , , , , , , , , , , , , , , , , , , , , , , , , , , , , ,\\REGISTRY\\A\\{4fc400b6-a755-4f91-a203-75735e25b097}\\Root\\InventoryApplicationFile\\elevation_servic|2a62c581a52dc948\\LowerCaseLongPath,InvDB-Path,c:\\program files (x86)\\microsoft\\edgecore\\137.0.3296.62\\elevation_service.exe,SetValue, , , , , , , , , , , , , , , , , , , , , , , , , , , , , , 
wazuh-alerts-4.x-2025.06.09,IeADVZcBD7y1GXNG3oaV,1,1,192.168.254.162,DESKTOP-O7P9I53,001,hat-VMware-Virtual-Platform, ,C:\\Windows\\system32\\CompatTelRunner.exe, , , , , ,{154c2aaf-ea3a-6846-4001-000000001800}, , ,936, ,2025-06-09 14:06:25.785, , , , , , ,NT AUTHORITY\\SYSTEM, , ,13,0x8000000000000000,{5770385f-c22a-43e0-bf4c-06f5698ffbd9},4,Microsoft-Windows-Sysmon/Operational,0,"""Registry value set:
RuleName: InvDB-Pub
EventType: SetValue
UtcTime: 2025-06-09 14:06:25.785
ProcessGuid: {154c2aaf-ea3a-6846-4001-000000001800}
ProcessId: 936
Image: C:\Windows\system32\CompatTelRunner.exe
TargetObject: \REGISTRY\A\{4fc400b6-a755-4f91-a203-75735e25b097}\Root\InventoryApplicationFile\elevation_servic|2a62c581a52dc948\Publisher
Details: microsoft corporation
User: NT AUTHORITY\SYSTEM""",2,2025-06-09T14:06:25.7903432Z,30893,5512,DESKTOP-O7P9I53,13,3292,INFORMATION,Microsoft-Windows-Sysmon,147,false,5,Sysmon - Event 13: RegistryEvent SetValue on \\REGISTRY\\A\\{4fc400b6-a755-4f91-a203-75735e25b097}\\Root\\InventoryApplicationFile\\elevation_servic|2a62c581a52dc948\\Publisher by C:\\Windows\\system32\\CompatTelRunner.exe,"[""windows"",""sysmon"",""sysmon_event_13""]",61615,windows_eventchannel,"{""win"":{""system"":{""providerName"":""Microsoft-Windows-Sysmon"",""providerGuid"":""{5770385f-c22a-43e0-bf4c-06f5698ffbd9}"",""eventID"":""13"",""version"":""2"",""level"":""4"",""task"":""13"",""opcode"":""0"",""keywords"":""0x8000000000000000"",""systemTime"":""2025-06-09T14:06:25.7903432Z"",""eventRecordID"":""30893"",""processID"":""3292"",""threadID"":""5512"",""channel"":""Microsoft-Windows-Sysmon/Operational"",""computer"":""DESKTOP-O7P9I53"",""severityValue"":""INFORMATION"",""message"":""\""Registry value set:\r\nRuleName: InvDB-Pub\r\nEventType: SetValue\r\nUtcTime: 2025-06-09 14:06:25.785\r\nProcessGuid: {154c2aaf-ea3a-6846-4001-000000001800}\r\nProcessId: 936\r\nImage: C:\\Windows\\system32\\CompatTelRunner.exe\r\nTargetObject: \\REGISTRY\\A\\{4fc400b6-a755-4f91-a203-75735e25b097}\\Root\\InventoryApplicationFile\\elevation_servic|2a62c581a52dc948\\Publisher\r\nDetails: microsoft corporation\r\nUser: NT AUTHORITY\\SYSTEM\""""},""eventdata"":{""ruleName"":""InvDB-Pub"",""eventType"":""SetValue"",""utcTime"":""2025-06-09 14:06:25.785"",""processGuid"":""{154c2aaf-ea3a-6846-4001-000000001800}"",""processId"":""936"",""image"":""C:\\\\Windows\\\\system32\\\\CompatTelRunner.exe"",""targetObject"":""\\\\REGISTRY\\\\A\\\\{4fc400b6-a755-4f91-a203-75735e25b097}\\\\Root\\\\InventoryApplicationFile\\\\elevation_servic|2a62c581a52dc948\\\\Publisher"",""details"":""microsoft corporation"",""user"":""NT AUTHORITY\\\\SYSTEM""}}}",log,"Jun 9, 2025 @ 19:36:27.329",EventChannel,1749477987.1665631,"Jun 9, 2025 @ 19:36:27.329", , , , , , , , , , , , , , , , , , , , , , , , , , , , , , , , , , , , , , , , , , , , , , , , , , , ,\\REGISTRY\\A\\{4fc400b6-a755-4f91-a203-75735e25b097}\\Root\\InventoryApplicationFile\\elevation_servic|2a62c581a52dc948\\Publisher,InvDB-Pub,microsoft corporation,SetValue, , , , , , , , , , , , , , , , , , , , , , , , , , , , , , 
wazuh-alerts-4.x-2025.06.09,IuADVZcBD7y1GXNG3oaV,1,1,192.168.254.162,DESKTOP-O7P9I53,001,hat-VMware-Virtual-Platform, ,C:\\Windows\\system32\\CompatTelRunner.exe, , , , , ,{154c2aaf-ea3a-6846-4001-000000001800}, , ,936, ,2025-06-09 14:06:25.785, , , , , , ,NT AUTHORITY\\SYSTEM, , ,13,0x8000000000000000,{5770385f-c22a-43e0-bf4c-06f5698ffbd9},4,Microsoft-Windows-Sysmon/Operational,0,"""Registry value set:
RuleName: InvDB-CompileTimeClaim
EventType: SetValue
UtcTime: 2025-06-09 14:06:25.785
ProcessGuid: {154c2aaf-ea3a-6846-4001-000000001800}
ProcessId: 936
Image: C:\Windows\system32\CompatTelRunner.exe
TargetObject: \REGISTRY\A\{4fc400b6-a755-4f91-a203-75735e25b097}\Root\InventoryApplicationFile\elevation_servic|2a62c581a52dc948\LinkDate
Details: 06/03/2025 05:53:26
User: NT AUTHORITY\SYSTEM""",2,2025-06-09T14:06:25.7905974Z,30894,5512,DESKTOP-O7P9I53,13,3292,INFORMATION,Microsoft-Windows-Sysmon,148,false,5,Sysmon - Event 13: RegistryEvent SetValue on \\REGISTRY\\A\\{4fc400b6-a755-4f91-a203-75735e25b097}\\Root\\InventoryApplicationFile\\elevation_servic|2a62c581a52dc948\\LinkDate by C:\\Windows\\system32\\CompatTelRunner.exe,"[""windows"",""sysmon"",""sysmon_event_13""]",61615,windows_eventchannel,"{""win"":{""system"":{""providerName"":""Microsoft-Windows-Sysmon"",""providerGuid"":""{5770385f-c22a-43e0-bf4c-06f5698ffbd9}"",""eventID"":""13"",""version"":""2"",""level"":""4"",""task"":""13"",""opcode"":""0"",""keywords"":""0x8000000000000000"",""systemTime"":""2025-06-09T14:06:25.7905974Z"",""eventRecordID"":""30894"",""processID"":""3292"",""threadID"":""5512"",""channel"":""Microsoft-Windows-Sysmon/Operational"",""computer"":""DESKTOP-O7P9I53"",""severityValue"":""INFORMATION"",""message"":""\""Registry value set:\r\nRuleName: InvDB-CompileTimeClaim\r\nEventType: SetValue\r\nUtcTime: 2025-06-09 14:06:25.785\r\nProcessGuid: {154c2aaf-ea3a-6846-4001-000000001800}\r\nProcessId: 936\r\nImage: C:\\Windows\\system32\\CompatTelRunner.exe\r\nTargetObject: \\REGISTRY\\A\\{4fc400b6-a755-4f91-a203-75735e25b097}\\Root\\InventoryApplicationFile\\elevation_servic|2a62c581a52dc948\\LinkDate\r\nDetails: 06/03/2025 05:53:26\r\nUser: NT AUTHORITY\\SYSTEM\""""},""eventdata"":{""ruleName"":""InvDB-CompileTimeClaim"",""eventType"":""SetValue"",""utcTime"":""2025-06-09 14:06:25.785"",""processGuid"":""{154c2aaf-ea3a-6846-4001-000000001800}"",""processId"":""936"",""image"":""C:\\\\Windows\\\\system32\\\\CompatTelRunner.exe"",""targetObject"":""\\\\REGISTRY\\\\A\\\\{4fc400b6-a755-4f91-a203-75735e25b097}\\\\Root\\\\InventoryApplicationFile\\\\elevation_servic|2a62c581a52dc948\\\\LinkDate"",""details"":""06/03/2025 05:53:26"",""user"":""NT AUTHORITY\\\\SYSTEM""}}}",log,"Jun 9, 2025 @ 19:36:27.343",EventChannel,1749477987.1668829,"Jun 9, 2025 @ 19:36:27.343", , , , , , , , , , , , , , , , , , , , , , , , , , , , , , , , , , , , , , , , , , , , , , , , , , , ,\\REGISTRY\\A\\{4fc400b6-a755-4f91-a203-75735e25b097}\\Root\\InventoryApplicationFile\\elevation_servic|2a62c581a52dc948\\LinkDate,InvDB-CompileTimeClaim,06/03/2025 05:53:26,SetValue, , , , , , , , , , , , , , , , , , , , , , , , , , , , , , 
wazuh-alerts-4.x-2025.06.09,I-ADVZcBD7y1GXNG3oaV,1,1,192.168.254.162,DESKTOP-O7P9I53,001,hat-VMware-Virtual-Platform, ,C:\\Windows\\system32\\CompatTelRunner.exe, , , , , ,{154c2aaf-ea3a-6846-4001-000000001800}, , ,936, ,2025-06-09 14:06:25.785, , , , , , ,NT AUTHORITY\\SYSTEM, , ,13,0x8000000000000000,{5770385f-c22a-43e0-bf4c-06f5698ffbd9},4,Microsoft-Windows-Sysmon/Operational,0,"""Registry value set:
RuleName: InvDB-Ver
EventType: SetValue
UtcTime: 2025-06-09 14:06:25.785
ProcessGuid: {154c2aaf-ea3a-6846-4001-000000001800}
ProcessId: 936
Image: C:\Windows\system32\CompatTelRunner.exe
TargetObject: \REGISTRY\A\{4fc400b6-a755-4f91-a203-75735e25b097}\Root\InventoryApplicationFile\elevation_servic|2a62c581a52dc948\BinProductVersion
Details: 137.0.3296.62
User: NT AUTHORITY\SYSTEM""",2,2025-06-09T14:06:25.7906412Z,30895,5512,DESKTOP-O7P9I53,13,3292,INFORMATION,Microsoft-Windows-Sysmon,149,false,5,Sysmon - Event 13: RegistryEvent SetValue on \\REGISTRY\\A\\{4fc400b6-a755-4f91-a203-75735e25b097}\\Root\\InventoryApplicationFile\\elevation_servic|2a62c581a52dc948\\BinProductVersion by C:\\Windows\\system32\\CompatTelRunner.exe,"[""windows"",""sysmon"",""sysmon_event_13""]",61615,windows_eventchannel,"{""win"":{""system"":{""providerName"":""Microsoft-Windows-Sysmon"",""providerGuid"":""{5770385f-c22a-43e0-bf4c-06f5698ffbd9}"",""eventID"":""13"",""version"":""2"",""level"":""4"",""task"":""13"",""opcode"":""0"",""keywords"":""0x8000000000000000"",""systemTime"":""2025-06-09T14:06:25.7906412Z"",""eventRecordID"":""30895"",""processID"":""3292"",""threadID"":""5512"",""channel"":""Microsoft-Windows-Sysmon/Operational"",""computer"":""DESKTOP-O7P9I53"",""severityValue"":""INFORMATION"",""message"":""\""Registry value set:\r\nRuleName: InvDB-Ver\r\nEventType: SetValue\r\nUtcTime: 2025-06-09 14:06:25.785\r\nProcessGuid: {154c2aaf-ea3a-6846-4001-000000001800}\r\nProcessId: 936\r\nImage: C:\\Windows\\system32\\CompatTelRunner.exe\r\nTargetObject: \\REGISTRY\\A\\{4fc400b6-a755-4f91-a203-75735e25b097}\\Root\\InventoryApplicationFile\\elevation_servic|2a62c581a52dc948\\BinProductVersion\r\nDetails: 137.0.3296.62\r\nUser: NT AUTHORITY\\SYSTEM\""""},""eventdata"":{""ruleName"":""InvDB-Ver"",""eventType"":""SetValue"",""utcTime"":""2025-06-09 14:06:25.785"",""processGuid"":""{154c2aaf-ea3a-6846-4001-000000001800}"",""processId"":""936"",""image"":""C:\\\\Windows\\\\system32\\\\CompatTelRunner.exe"",""targetObject"":""\\\\REGISTRY\\\\A\\\\{4fc400b6-a755-4f91-a203-75735e25b097}\\\\Root\\\\InventoryApplicationFile\\\\elevation_servic|2a62c581a52dc948\\\\BinProductVersion"",""details"":""137.0.3296.62"",""user"":""NT AUTHORITY\\\\SYSTEM""}}}",log,"Jun 9, 2025 @ 19:36:27.360",EventChannel,1749477987.1672066,"Jun 9, 2025 @ 19:36:27.360", , , , , , , , , , , , , , , , , , , , , , , , , , , , , , , , , , , , , , , , , , , , , , , , , , , ,\\REGISTRY\\A\\{4fc400b6-a755-4f91-a203-75735e25b097}\\Root\\InventoryApplicationFile\\elevation_servic|2a62c581a52dc948\\BinProductVersion,InvDB-Ver,137.0.3296.62,SetValue, , , , , , , , , , , , , , , , , , , , , , , , , , , , , , 
wazuh-alerts-4.x-2025.06.09,JuADVZcBD7y1GXNG3oaV,1,1,192.168.254.162,DESKTOP-O7P9I53,001,hat-VMware-Virtual-Platform, ,C:\\Windows\\system32\\CompatTelRunner.exe, , , , , ,{154c2aaf-ea3a-6846-4001-000000001800}, , ,936, ,2025-06-09 14:06:25.785, , , , , , ,NT AUTHORITY\\SYSTEM, , ,13,0x8000000000000000,{5770385f-c22a-43e0-bf4c-06f5698ffbd9},4,Microsoft-Windows-Sysmon/Operational,0,"""Registry value set:
RuleName: InvDB-CompileTimeClaim
EventType: SetValue
UtcTime: 2025-06-09 14:06:25.785
ProcessGuid: {154c2aaf-ea3a-6846-4001-000000001800}
ProcessId: 936
Image: C:\Windows\system32\CompatTelRunner.exe
TargetObject: \REGISTRY\A\{4fc400b6-a755-4f91-a203-75735e25b097}\Root\InventoryApplicationFile\identity_helper.|dee09afddbd736d7\LinkDate
Details: 06/03/2025 05:53:26
User: NT AUTHORITY\SYSTEM""",2,2025-06-09T14:06:25.8005207Z,30898,5512,DESKTOP-O7P9I53,13,3292,INFORMATION,Microsoft-Windows-Sysmon,152,false,5,Sysmon - Event 13: RegistryEvent SetValue on \\REGISTRY\\A\\{4fc400b6-a755-4f91-a203-75735e25b097}\\Root\\InventoryApplicationFile\\identity_helper.|dee09afddbd736d7\\LinkDate by C:\\Windows\\system32\\CompatTelRunner.exe,"[""windows"",""sysmon"",""sysmon_event_13""]",61615,windows_eventchannel,"{""win"":{""system"":{""providerName"":""Microsoft-Windows-Sysmon"",""providerGuid"":""{5770385f-c22a-43e0-bf4c-06f5698ffbd9}"",""eventID"":""13"",""version"":""2"",""level"":""4"",""task"":""13"",""opcode"":""0"",""keywords"":""0x8000000000000000"",""systemTime"":""2025-06-09T14:06:25.8005207Z"",""eventRecordID"":""30898"",""processID"":""3292"",""threadID"":""5512"",""channel"":""Microsoft-Windows-Sysmon/Operational"",""computer"":""DESKTOP-O7P9I53"",""severityValue"":""INFORMATION"",""message"":""\""Registry value set:\r\nRuleName: InvDB-CompileTimeClaim\r\nEventType: SetValue\r\nUtcTime: 2025-06-09 14:06:25.785\r\nProcessGuid: {154c2aaf-ea3a-6846-4001-000000001800}\r\nProcessId: 936\r\nImage: C:\\Windows\\system32\\CompatTelRunner.exe\r\nTargetObject: \\REGISTRY\\A\\{4fc400b6-a755-4f91-a203-75735e25b097}\\Root\\InventoryApplicationFile\\identity_helper.|dee09afddbd736d7\\LinkDate\r\nDetails: 06/03/2025 05:53:26\r\nUser: NT AUTHORITY\\SYSTEM\""""},""eventdata"":{""ruleName"":""InvDB-CompileTimeClaim"",""eventType"":""SetValue"",""utcTime"":""2025-06-09 14:06:25.785"",""processGuid"":""{154c2aaf-ea3a-6846-4001-000000001800}"",""processId"":""936"",""image"":""C:\\\\Windows\\\\system32\\\\CompatTelRunner.exe"",""targetObject"":""\\\\REGISTRY\\\\A\\\\{4fc400b6-a755-4f91-a203-75735e25b097}\\\\Root\\\\InventoryApplicationFile\\\\identity_helper.|dee09afddbd736d7\\\\LinkDate"",""details"":""06/03/2025 05:53:26"",""user"":""NT AUTHORITY\\\\SYSTEM""}}}",log,"Jun 9, 2025 @ 19:36:27.405",EventChannel,1749477987.1681953,"Jun 9, 2025 @ 19:36:27.405", , , , , , , , , , , , , , , , , , , , , , , , , , , , , , , , , , , , , , , , , , , , , , , , , , , ,\\REGISTRY\\A\\{4fc400b6-a755-4f91-a203-75735e25b097}\\Root\\InventoryApplicationFile\\identity_helper.|dee09afddbd736d7\\LinkDate,InvDB-CompileTimeClaim,06/03/2025 05:53:26,SetValue, , , , , , , , , , , , , , , , , , , , , , , , , , , , , , 
wazuh-alerts-4.x-2025.06.09,J-ADVZcBD7y1GXNG3oaV,1,1,192.168.254.162,DESKTOP-O7P9I53,001,hat-VMware-Virtual-Platform, ,C:\\Windows\\system32\\CompatTelRunner.exe, , , , , ,{154c2aaf-ea3a-6846-4001-000000001800}, , ,936, ,2025-06-09 14:06:25.785, , , , , , ,NT AUTHORITY\\SYSTEM, , ,13,0x8000000000000000,{5770385f-c22a-43e0-bf4c-06f5698ffbd9},4,Microsoft-Windows-Sysmon/Operational,0,"""Registry value set:
RuleName: InvDB-Ver
EventType: SetValue
UtcTime: 2025-06-09 14:06:25.785
ProcessGuid: {154c2aaf-ea3a-6846-4001-000000001800}
ProcessId: 936
Image: C:\Windows\system32\CompatTelRunner.exe
TargetObject: \REGISTRY\A\{4fc400b6-a755-4f91-a203-75735e25b097}\Root\InventoryApplicationFile\identity_helper.|dee09afddbd736d7\BinProductVersion
Details: 137.0.3296.62
User: NT AUTHORITY\SYSTEM""",2,2025-06-09T14:06:25.8005645Z,30899,5512,DESKTOP-O7P9I53,13,3292,INFORMATION,Microsoft-Windows-Sysmon,153,false,5,Sysmon - Event 13: RegistryEvent SetValue on \\REGISTRY\\A\\{4fc400b6-a755-4f91-a203-75735e25b097}\\Root\\InventoryApplicationFile\\identity_helper.|dee09afddbd736d7\\BinProductVersion by C:\\Windows\\system32\\CompatTelRunner.exe,"[""windows"",""sysmon"",""sysmon_event_13""]",61615,windows_eventchannel,"{""win"":{""system"":{""providerName"":""Microsoft-Windows-Sysmon"",""providerGuid"":""{5770385f-c22a-43e0-bf4c-06f5698ffbd9}"",""eventID"":""13"",""version"":""2"",""level"":""4"",""task"":""13"",""opcode"":""0"",""keywords"":""0x8000000000000000"",""systemTime"":""2025-06-09T14:06:25.8005645Z"",""eventRecordID"":""30899"",""processID"":""3292"",""threadID"":""5512"",""channel"":""Microsoft-Windows-Sysmon/Operational"",""computer"":""DESKTOP-O7P9I53"",""severityValue"":""INFORMATION"",""message"":""\""Registry value set:\r\nRuleName: InvDB-Ver\r\nEventType: SetValue\r\nUtcTime: 2025-06-09 14:06:25.785\r\nProcessGuid: {154c2aaf-ea3a-6846-4001-000000001800}\r\nProcessId: 936\r\nImage: C:\\Windows\\system32\\CompatTelRunner.exe\r\nTargetObject: \\REGISTRY\\A\\{4fc400b6-a755-4f91-a203-75735e25b097}\\Root\\InventoryApplicationFile\\identity_helper.|dee09afddbd736d7\\BinProductVersion\r\nDetails: 137.0.3296.62\r\nUser: NT AUTHORITY\\SYSTEM\""""},""eventdata"":{""ruleName"":""InvDB-Ver"",""eventType"":""SetValue"",""utcTime"":""2025-06-09 14:06:25.785"",""processGuid"":""{154c2aaf-ea3a-6846-4001-000000001800}"",""processId"":""936"",""image"":""C:\\\\Windows\\\\system32\\\\CompatTelRunner.exe"",""targetObject"":""\\\\REGISTRY\\\\A\\\\{4fc400b6-a755-4f91-a203-75735e25b097}\\\\Root\\\\InventoryApplicationFile\\\\identity_helper.|dee09afddbd736d7\\\\BinProductVersion"",""details"":""137.0.3296.62"",""user"":""NT AUTHORITY\\\\SYSTEM""}}}",log,"Jun 9, 2025 @ 19:36:27.421",EventChannel,1749477987.1685190,"Jun 9, 2025 @ 19:36:27.421", , , , , , , , , , , , , , , , , , , , , , , , , , , , , , , , , , , , , , , , , , , , , , , , , , , ,\\REGISTRY\\A\\{4fc400b6-a755-4f91-a203-75735e25b097}\\Root\\InventoryApplicationFile\\identity_helper.|dee09afddbd736d7\\BinProductVersion,InvDB-Ver,137.0.3296.62,SetValue, , , , , , , , , , , , , , , , , , , , , , , , , , , , , , 
wazuh-alerts-4.x-2025.06.09,K-ADVZcBD7y1GXNG3oaV,1,1,192.168.254.162,DESKTOP-O7P9I53,001,hat-VMware-Virtual-Platform, ,C:\\Windows\\system32\\CompatTelRunner.exe, , , , , ,{154c2aaf-ea3a-6846-4001-000000001800}, , ,936, ,2025-06-09 14:06:25.816, , , , , , ,NT AUTHORITY\\SYSTEM, , ,13,0x8000000000000000,{5770385f-c22a-43e0-bf4c-06f5698ffbd9},4,Microsoft-Windows-Sysmon/Operational,0,"""Registry value set:
RuleName: InvDB-Ver
EventType: SetValue
UtcTime: 2025-06-09 14:06:25.816
ProcessGuid: {154c2aaf-ea3a-6846-4001-000000001800}
ProcessId: 936
Image: C:\Windows\system32\CompatTelRunner.exe
TargetObject: \REGISTRY\A\{4fc400b6-a755-4f91-a203-75735e25b097}\Root\InventoryApplicationFile\setup.exe|868c5db22e41f951\BinProductVersion
Details: 137.0.3296.62
User: NT AUTHORITY\SYSTEM""",2,2025-06-09T14:06:25.8284462Z,30903,5512,DESKTOP-O7P9I53,13,3292,INFORMATION,Microsoft-Windows-Sysmon,157,false,5,Sysmon - Event 13: RegistryEvent SetValue on \\REGISTRY\\A\\{4fc400b6-a755-4f91-a203-75735e25b097}\\Root\\InventoryApplicationFile\\setup.exe|868c5db22e41f951\\BinProductVersion by C:\\Windows\\system32\\CompatTelRunner.exe,"[""windows"",""sysmon"",""sysmon_event_13""]",61615,windows_eventchannel,"{""win"":{""system"":{""providerName"":""Microsoft-Windows-Sysmon"",""providerGuid"":""{5770385f-c22a-43e0-bf4c-06f5698ffbd9}"",""eventID"":""13"",""version"":""2"",""level"":""4"",""task"":""13"",""opcode"":""0"",""keywords"":""0x8000000000000000"",""systemTime"":""2025-06-09T14:06:25.8284462Z"",""eventRecordID"":""30903"",""processID"":""3292"",""threadID"":""5512"",""channel"":""Microsoft-Windows-Sysmon/Operational"",""computer"":""DESKTOP-O7P9I53"",""severityValue"":""INFORMATION"",""message"":""\""Registry value set:\r\nRuleName: InvDB-Ver\r\nEventType: SetValue\r\nUtcTime: 2025-06-09 14:06:25.816\r\nProcessGuid: {154c2aaf-ea3a-6846-4001-000000001800}\r\nProcessId: 936\r\nImage: C:\\Windows\\system32\\CompatTelRunner.exe\r\nTargetObject: \\REGISTRY\\A\\{4fc400b6-a755-4f91-a203-75735e25b097}\\Root\\InventoryApplicationFile\\setup.exe|868c5db22e41f951\\BinProductVersion\r\nDetails: 137.0.3296.62\r\nUser: NT AUTHORITY\\SYSTEM\""""},""eventdata"":{""ruleName"":""InvDB-Ver"",""eventType"":""SetValue"",""utcTime"":""2025-06-09 14:06:25.816"",""processGuid"":""{154c2aaf-ea3a-6846-4001-000000001800}"",""processId"":""936"",""image"":""C:\\\\Windows\\\\system32\\\\CompatTelRunner.exe"",""targetObject"":""\\\\REGISTRY\\\\A\\\\{4fc400b6-a755-4f91-a203-75735e25b097}\\\\Root\\\\InventoryApplicationFile\\\\setup.exe|868c5db22e41f951\\\\BinProductVersion"",""details"":""137.0.3296.62"",""user"":""NT AUTHORITY\\\\SYSTEM""}}}",log,"Jun 9, 2025 @ 19:36:27.483",EventChannel,1749477987.1698214,"Jun 9, 2025 @ 19:36:27.483", , , , , , , , , , , , , , , , , , , , , , , , , , , , , , , , , , , , , , , , , , , , , , , , , , , ,\\REGISTRY\\A\\{4fc400b6-a755-4f91-a203-75735e25b097}\\Root\\InventoryApplicationFile\\setup.exe|868c5db22e41f951\\BinProductVersion,InvDB-Ver,137.0.3296.62,SetValue, , , , , , , , , , , , , , , , , , , , , , , , , , , , , , 
wazuh-alerts-4.x-2025.06.09,MOADVZcBD7y1GXNG3oaV,1,1,192.168.254.162,DESKTOP-O7P9I53,001,hat-VMware-Virtual-Platform, ,C:\\Windows\\system32\\CompatTelRunner.exe, , , , , ,{154c2aaf-ea3a-6846-4001-000000001800}, , ,936, ,2025-06-09 14:06:25.863, , , , , , ,NT AUTHORITY\\SYSTEM, , ,13,0x8000000000000000,{5770385f-c22a-43e0-bf4c-06f5698ffbd9},4,Microsoft-Windows-Sysmon/Operational,0,"""Registry value set:
RuleName: InvDB-Path
EventType: SetValue
UtcTime: 2025-06-09 14:06:25.863
ProcessGuid: {154c2aaf-ea3a-6846-4001-000000001800}
ProcessId: 936
Image: C:\Windows\system32\CompatTelRunner.exe
TargetObject: \REGISTRY\A\{4fc400b6-a755-4f91-a203-75735e25b097}\Root\InventoryApplicationFile\msedgewebview2.e|a8e59e5f22642dbd\LowerCaseLongPath
Details: c:\program files (x86)\microsoft\edgecore\137.0.3296.62\msedgewebview2.exe
User: NT AUTHORITY\SYSTEM""",2,2025-06-09T14:06:25.8716906Z,30908,5512,DESKTOP-O7P9I53,13,3292,INFORMATION,Microsoft-Windows-Sysmon,162,false,5,Sysmon - Event 13: RegistryEvent SetValue on \\REGISTRY\\A\\{4fc400b6-a755-4f91-a203-75735e25b097}\\Root\\InventoryApplicationFile\\msedgewebview2.e|a8e59e5f22642dbd\\LowerCaseLongPath by C:\\Windows\\system32\\CompatTelRunner.exe,"[""windows"",""sysmon"",""sysmon_event_13""]",61615,windows_eventchannel,"{""win"":{""system"":{""providerName"":""Microsoft-Windows-Sysmon"",""providerGuid"":""{5770385f-c22a-43e0-bf4c-06f5698ffbd9}"",""eventID"":""13"",""version"":""2"",""level"":""4"",""task"":""13"",""opcode"":""0"",""keywords"":""0x8000000000000000"",""systemTime"":""2025-06-09T14:06:25.8716906Z"",""eventRecordID"":""30908"",""processID"":""3292"",""threadID"":""5512"",""channel"":""Microsoft-Windows-Sysmon/Operational"",""computer"":""DESKTOP-O7P9I53"",""severityValue"":""INFORMATION"",""message"":""\""Registry value set:\r\nRuleName: InvDB-Path\r\nEventType: SetValue\r\nUtcTime: 2025-06-09 14:06:25.863\r\nProcessGuid: {154c2aaf-ea3a-6846-4001-000000001800}\r\nProcessId: 936\r\nImage: C:\\Windows\\system32\\CompatTelRunner.exe\r\nTargetObject: \\REGISTRY\\A\\{4fc400b6-a755-4f91-a203-75735e25b097}\\Root\\InventoryApplicationFile\\msedgewebview2.e|a8e59e5f22642dbd\\LowerCaseLongPath\r\nDetails: c:\\program files (x86)\\microsoft\\edgecore\\137.0.3296.62\\msedgewebview2.exe\r\nUser: NT AUTHORITY\\SYSTEM\""""},""eventdata"":{""ruleName"":""InvDB-Path"",""eventType"":""SetValue"",""utcTime"":""2025-06-09 14:06:25.863"",""processGuid"":""{154c2aaf-ea3a-6846-4001-000000001800}"",""processId"":""936"",""image"":""C:\\\\Windows\\\\system32\\\\CompatTelRunner.exe"",""targetObject"":""\\\\REGISTRY\\\\A\\\\{4fc400b6-a755-4f91-a203-75735e25b097}\\\\Root\\\\InventoryApplicationFile\\\\msedgewebview2.e|a8e59e5f22642dbd\\\\LowerCaseLongPath"",""details"":""c:\\\\program files (x86)\\\\microsoft\\\\edgecore\\\\137.0.3296.62\\\\msedgewebview2.exe"",""user"":""NT AUTHORITY\\\\SYSTEM""}}}",log,"Jun 9, 2025 @ 19:36:27.563",EventChannel,1749477987.1714353,"Jun 9, 2025 @ 19:36:27.563", , , , , , , , , , , , , , , , , , , , , , , , , , , , , , , , , , , , , , , , , , , , , , , , , , , ,\\REGISTRY\\A\\{4fc400b6-a755-4f91-a203-75735e25b097}\\Root\\InventoryApplicationFile\\msedgewebview2.e|a8e59e5f22642dbd\\LowerCaseLongPath,InvDB-Path,c:\\program files (x86)\\microsoft\\edgecore\\137.0.3296.62\\msedgewebview2.exe,SetValue, , , , , , , , , , , , , , , , , , , , , , , , , , , , , , 
