wazuh-alerts-4.x-2025.06.09,PuADVZcBD7y1GXNG3oaV,1,1,192.168.254.162,DESKTOP-O7P9I53,001,hat-VMware-Virtual-Platform, ,C:\\Windows\\system32\\CompatTelRunner.exe, , , , , ,{154c2aaf-ea3a-6846-4001-000000001800}, , ,936, ,2025-06-09 14:06:25.894, , , , , , ,NT AUTHORITY\\SYSTEM, , ,13,0x8000000000000000,{5770385f-c22a-43e0-bf4c-06f5698ffbd9},4,Microsoft-Windows-Sysmon/Operational,0,"""Registry value set:
RuleName: InvDB-CompileTimeClaim
EventType: SetValue
UtcTime: 2025-06-09 14:06:25.894
ProcessGuid: {154c2aaf-ea3a-6846-4001-000000001800}
ProcessId: 936
Image: C:\Windows\system32\CompatTelRunner.exe
TargetObject: \REGISTRY\A\{4fc400b6-a755-4f91-a203-75735e25b097}\Root\InventoryApplicationFile\notification_hel|602f60100f279caf\LinkDate
Details: 06/03/2025 05:53:26
User: NT AUTHORITY\SYSTEM""",2,2025-06-09T14:06:25.9039445Z,30922,5512,DESKTOP-O7P9I53,13,3292,INFORMATION,Microsoft-Windows-Sysmon,176,false,5,Sysmon - Event 13: RegistryEvent SetValue on \\REGISTRY\\A\\{4fc400b6-a755-4f91-a203-75735e25b097}\\Root\\InventoryApplicationFile\\notification_hel|602f60100f279caf\\LinkDate by C:\\Windows\\system32\\CompatTelRunner.exe,"[""windows"",""sysmon"",""sysmon_event_13""]",61615,windows_eventchannel,"{""win"":{""system"":{""providerName"":""Microsoft-Windows-Sysmon"",""providerGuid"":""{5770385f-c22a-43e0-bf4c-06f5698ffbd9}"",""eventID"":""13"",""version"":""2"",""level"":""4"",""task"":""13"",""opcode"":""0"",""keywords"":""0x8000000000000000"",""systemTime"":""2025-06-09T14:06:25.9039445Z"",""eventRecordID"":""30922"",""processID"":""3292"",""threadID"":""5512"",""channel"":""Microsoft-Windows-Sysmon/Operational"",""computer"":""DESKTOP-O7P9I53"",""severityValue"":""INFORMATION"",""message"":""\""Registry value set:\r\nRuleName: InvDB-CompileTimeClaim\r\nEventType: SetValue\r\nUtcTime: 2025-06-09 14:06:25.894\r\nProcessGuid: {154c2aaf-ea3a-6846-4001-000000001800}\r\nProcessId: 936\r\nImage: C:\\Windows\\system32\\CompatTelRunner.exe\r\nTargetObject: \\REGISTRY\\A\\{4fc400b6-a755-4f91-a203-75735e25b097}\\Root\\InventoryApplicationFile\\notification_hel|602f60100f279caf\\LinkDate\r\nDetails: 06/03/2025 05:53:26\r\nUser: NT AUTHORITY\\SYSTEM\""""},""eventdata"":{""ruleName"":""InvDB-CompileTimeClaim"",""eventType"":""SetValue"",""utcTime"":""2025-06-09 14:06:25.894"",""processGuid"":""{154c2aaf-ea3a-6846-4001-000000001800}"",""processId"":""936"",""image"":""C:\\\\Windows\\\\system32\\\\CompatTelRunner.exe"",""targetObject"":""\\\\REGISTRY\\\\A\\\\{4fc400b6-a755-4f91-a203-75735e25b097}\\\\Root\\\\InventoryApplicationFile\\\\notification_hel|602f60100f279caf\\\\LinkDate"",""details"":""06/03/2025 05:53:26"",""user"":""NT AUTHORITY\\\\SYSTEM""}}}",log,"Jun 9, 2025 @ 19:36:27.780",EventChannel,1749477987.1760422,"Jun 9, 2025 @ 19:36:27.780", , , , , , , , , , , , , , , , , , , , , , , , , , , , , , , , , , , , , , , , , , , , , , , , , , , ,\\REGISTRY\\A\\{4fc400b6-a755-4f91-a203-75735e25b097}\\Root\\InventoryApplicationFile\\notification_hel|602f60100f279caf\\LinkDate,InvDB-CompileTimeClaim,06/03/2025 05:53:26,SetValue, , , , , , , , , , , , , , , , , , , , , , , , , , , , , , 
wazuh-alerts-4.x-2025.06.09,P-ADVZcBD7y1GXNG3oaV,1,1,192.168.254.162,DESKTOP-O7P9I53,001,hat-VMware-Virtual-Platform, ,C:\\Windows\\system32\\CompatTelRunner.exe, , , , , ,{154c2aaf-ea3a-6846-4001-000000001800}, , ,936, ,2025-06-09 14:06:25.894, , , , , , ,NT AUTHORITY\\SYSTEM, , ,13,0x8000000000000000,{5770385f-c22a-43e0-bf4c-06f5698ffbd9},4,Microsoft-Windows-Sysmon/Operational,0,"""Registry value set:
RuleName: InvDB-Ver
EventType: SetValue
UtcTime: 2025-06-09 14:06:25.894
ProcessGuid: {154c2aaf-ea3a-6846-4001-000000001800}
ProcessId: 936
Image: C:\Windows\system32\CompatTelRunner.exe
TargetObject: \REGISTRY\A\{4fc400b6-a755-4f91-a203-75735e25b097}\Root\InventoryApplicationFile\notification_hel|602f60100f279caf\BinProductVersion
Details: 137.0.3296.62
User: NT AUTHORITY\SYSTEM""",2,2025-06-09T14:06:25.9040264Z,30923,5512,DESKTOP-O7P9I53,13,3292,INFORMATION,Microsoft-Windows-Sysmon,177,false,5,Sysmon - Event 13: RegistryEvent SetValue on \\REGISTRY\\A\\{4fc400b6-a755-4f91-a203-75735e25b097}\\Root\\InventoryApplicationFile\\notification_hel|602f60100f279caf\\BinProductVersion by C:\\Windows\\system32\\CompatTelRunner.exe,"[""windows"",""sysmon"",""sysmon_event_13""]",61615,windows_eventchannel,"{""win"":{""system"":{""providerName"":""Microsoft-Windows-Sysmon"",""providerGuid"":""{5770385f-c22a-43e0-bf4c-06f5698ffbd9}"",""eventID"":""13"",""version"":""2"",""level"":""4"",""task"":""13"",""opcode"":""0"",""keywords"":""0x8000000000000000"",""systemTime"":""2025-06-09T14:06:25.9040264Z"",""eventRecordID"":""30923"",""processID"":""3292"",""threadID"":""5512"",""channel"":""Microsoft-Windows-Sysmon/Operational"",""computer"":""DESKTOP-O7P9I53"",""severityValue"":""INFORMATION"",""message"":""\""Registry value set:\r\nRuleName: InvDB-Ver\r\nEventType: SetValue\r\nUtcTime: 2025-06-09 14:06:25.894\r\nProcessGuid: {154c2aaf-ea3a-6846-4001-000000001800}\r\nProcessId: 936\r\nImage: C:\\Windows\\system32\\CompatTelRunner.exe\r\nTargetObject: \\REGISTRY\\A\\{4fc400b6-a755-4f91-a203-75735e25b097}\\Root\\InventoryApplicationFile\\notification_hel|602f60100f279caf\\BinProductVersion\r\nDetails: 137.0.3296.62\r\nUser: NT AUTHORITY\\SYSTEM\""""},""eventdata"":{""ruleName"":""InvDB-Ver"",""eventType"":""SetValue"",""utcTime"":""2025-06-09 14:06:25.894"",""processGuid"":""{154c2aaf-ea3a-6846-4001-000000001800}"",""processId"":""936"",""image"":""C:\\\\Windows\\\\system32\\\\CompatTelRunner.exe"",""targetObject"":""\\\\REGISTRY\\\\A\\\\{4fc400b6-a755-4f91-a203-75735e25b097}\\\\Root\\\\InventoryApplicationFile\\\\notification_hel|602f60100f279caf\\\\BinProductVersion"",""details"":""137.0.3296.62"",""user"":""NT AUTHORITY\\\\SYSTEM""}}}",log,"Jun 9, 2025 @ 19:36:27.796",EventChannel,1749477987.1763659,"Jun 9, 2025 @ 19:36:27.796", , , , , , , , , , , , , , , , , , , , , , , , , , , , , , , , , , , , , , , , , , , , , , , , , , , ,\\REGISTRY\\A\\{4fc400b6-a755-4f91-a203-75735e25b097}\\Root\\InventoryApplicationFile\\notification_hel|602f60100f279caf\\BinProductVersion,InvDB-Ver,137.0.3296.62,SetValue, , , , , , , , , , , , , , , , , , , , , , , , , , , , , , 
wazuh-alerts-4.x-2025.06.09,QuADVZcBD7y1GXNG3oaV,1,1,192.168.254.162,DESKTOP-O7P9I53,001,hat-VMware-Virtual-Platform, ,C:\\Windows\\system32\\CompatTelRunner.exe, , , , , ,{154c2aaf-ea3a-6846-4001-000000001800}, , ,936, ,2025-06-09 14:06:25.905, , , , , , ,NT AUTHORITY\\SYSTEM, , ,13,0x8000000000000000,{5770385f-c22a-43e0-bf4c-06f5698ffbd9},4,Microsoft-Windows-Sysmon/Operational,0,"""Registry value set:
RuleName: InvDB-CompileTimeClaim
EventType: SetValue
UtcTime: 2025-06-09 14:06:25.905
ProcessGuid: {154c2aaf-ea3a-6846-4001-000000001800}
ProcessId: 936
Image: C:\Windows\system32\CompatTelRunner.exe
TargetObject: \REGISTRY\A\{4fc400b6-a755-4f91-a203-75735e25b097}\Root\InventoryApplicationFile\pwahelper.exe|b434e22d15102acf\LinkDate
Details: 06/03/2025 05:53:26
User: NT AUTHORITY\SYSTEM""",2,2025-06-09T14:06:25.9123216Z,30926,5512,DESKTOP-O7P9I53,13,3292,INFORMATION,Microsoft-Windows-Sysmon,180,false,5,Sysmon - Event 13: RegistryEvent SetValue on \\REGISTRY\\A\\{4fc400b6-a755-4f91-a203-75735e25b097}\\Root\\InventoryApplicationFile\\pwahelper.exe|b434e22d15102acf\\LinkDate by C:\\Windows\\system32\\CompatTelRunner.exe,"[""windows"",""sysmon"",""sysmon_event_13""]",61615,windows_eventchannel,"{""win"":{""system"":{""providerName"":""Microsoft-Windows-Sysmon"",""providerGuid"":""{5770385f-c22a-43e0-bf4c-06f5698ffbd9}"",""eventID"":""13"",""version"":""2"",""level"":""4"",""task"":""13"",""opcode"":""0"",""keywords"":""0x8000000000000000"",""systemTime"":""2025-06-09T14:06:25.9123216Z"",""eventRecordID"":""30926"",""processID"":""3292"",""threadID"":""5512"",""channel"":""Microsoft-Windows-Sysmon/Operational"",""computer"":""DESKTOP-O7P9I53"",""severityValue"":""INFORMATION"",""message"":""\""Registry value set:\r\nRuleName: InvDB-CompileTimeClaim\r\nEventType: SetValue\r\nUtcTime: 2025-06-09 14:06:25.905\r\nProcessGuid: {154c2aaf-ea3a-6846-4001-000000001800}\r\nProcessId: 936\r\nImage: C:\\Windows\\system32\\CompatTelRunner.exe\r\nTargetObject: \\REGISTRY\\A\\{4fc400b6-a755-4f91-a203-75735e25b097}\\Root\\InventoryApplicationFile\\pwahelper.exe|b434e22d15102acf\\LinkDate\r\nDetails: 06/03/2025 05:53:26\r\nUser: NT AUTHORITY\\SYSTEM\""""},""eventdata"":{""ruleName"":""InvDB-CompileTimeClaim"",""eventType"":""SetValue"",""utcTime"":""2025-06-09 14:06:25.905"",""processGuid"":""{154c2aaf-ea3a-6846-4001-000000001800}"",""processId"":""936"",""image"":""C:\\\\Windows\\\\system32\\\\CompatTelRunner.exe"",""targetObject"":""\\\\REGISTRY\\\\A\\\\{4fc400b6-a755-4f91-a203-75735e25b097}\\\\Root\\\\InventoryApplicationFile\\\\pwahelper.exe|b434e22d15102acf\\\\LinkDate"",""details"":""06/03/2025 05:53:26"",""user"":""NT AUTHORITY\\\\SYSTEM""}}}",log,"Jun 9, 2025 @ 19:36:27.845",EventChannel,1749477987.1773492,"Jun 9, 2025 @ 19:36:27.845", , , , , , , , , , , , , , , , , , , , , , , , , , , , , , , , , , , , , , , , , , , , , , , , , , , ,\\REGISTRY\\A\\{4fc400b6-a755-4f91-a203-75735e25b097}\\Root\\InventoryApplicationFile\\pwahelper.exe|b434e22d15102acf\\LinkDate,InvDB-CompileTimeClaim,06/03/2025 05:53:26,SetValue, , , , , , , , , , , , , , , , , , , , , , , , , , , , , , 
wazuh-alerts-4.x-2025.06.09,Q-ADVZcBD7y1GXNG3oaV,1,1,192.168.254.162,DESKTOP-O7P9I53,001,hat-VMware-Virtual-Platform, ,C:\\Windows\\system32\\CompatTelRunner.exe, , , , , ,{154c2aaf-ea3a-6846-4001-000000001800}, , ,936, ,2025-06-09 14:06:26.115, , , , , , ,NT AUTHORITY\\SYSTEM, , ,13,0x8000000000000000,{5770385f-c22a-43e0-bf4c-06f5698ffbd9},4,Microsoft-Windows-Sysmon/Operational,0,"""Registry value set:
RuleName: InvDB-Path
EventType: SetValue
UtcTime: 2025-06-09 14:06:26.115
ProcessGuid: {154c2aaf-ea3a-6846-4001-000000001800}
ProcessId: 936
Image: C:\Windows\system32\CompatTelRunner.exe
TargetObject: \REGISTRY\A\{4fc400b6-a755-4f91-a203-75735e25b097}\Root\InventoryApplicationFile\microsoftedge_x6|1a683ebfb620b142\LowerCaseLongPath
Details: c:\program files (x86)\microsoft\edgeupdate\download\{56eb18f8-b008-4cbd-b6d2-8c97fe7e9062}\137.0.3296.62\microsoftedge_x64_137.0.3296.62_137.0.3296.52.exe
User: NT AUTHORITY\SYSTEM""",2,2025-06-09T14:06:26.1225111Z,30928,5512,DESKTOP-O7P9I53,13,3292,INFORMATION,Microsoft-Windows-Sysmon,182,false,5,Sysmon - Event 13: RegistryEvent SetValue on \\REGISTRY\\A\\{4fc400b6-a755-4f91-a203-75735e25b097}\\Root\\InventoryApplicationFile\\microsoftedge_x6|1a683ebfb620b142\\LowerCaseLongPath by C:\\Windows\\system32\\CompatTelRunner.exe,"[""windows"",""sysmon"",""sysmon_event_13""]",61615,windows_eventchannel,"{""win"":{""system"":{""providerName"":""Microsoft-Windows-Sysmon"",""providerGuid"":""{5770385f-c22a-43e0-bf4c-06f5698ffbd9}"",""eventID"":""13"",""version"":""2"",""level"":""4"",""task"":""13"",""opcode"":""0"",""keywords"":""0x8000000000000000"",""systemTime"":""2025-06-09T14:06:26.1225111Z"",""eventRecordID"":""30928"",""processID"":""3292"",""threadID"":""5512"",""channel"":""Microsoft-Windows-Sysmon/Operational"",""computer"":""DESKTOP-O7P9I53"",""severityValue"":""INFORMATION"",""message"":""\""Registry value set:\r\nRuleName: InvDB-Path\r\nEventType: SetValue\r\nUtcTime: 2025-06-09 14:06:26.115\r\nProcessGuid: {154c2aaf-ea3a-6846-4001-000000001800}\r\nProcessId: 936\r\nImage: C:\\Windows\\system32\\CompatTelRunner.exe\r\nTargetObject: \\REGISTRY\\A\\{4fc400b6-a755-4f91-a203-75735e25b097}\\Root\\InventoryApplicationFile\\microsoftedge_x6|1a683ebfb620b142\\LowerCaseLongPath\r\nDetails: c:\\program files (x86)\\microsoft\\edgeupdate\\download\\{56eb18f8-b008-4cbd-b6d2-8c97fe7e9062}\\137.0.3296.62\\microsoftedge_x64_137.0.3296.62_137.0.3296.52.exe\r\nUser: NT AUTHORITY\\SYSTEM\""""},""eventdata"":{""ruleName"":""InvDB-Path"",""eventType"":""SetValue"",""utcTime"":""2025-06-09 14:06:26.115"",""processGuid"":""{154c2aaf-ea3a-6846-4001-000000001800}"",""processId"":""936"",""image"":""C:\\\\Windows\\\\system32\\\\CompatTelRunner.exe"",""targetObject"":""\\\\REGISTRY\\\\A\\\\{4fc400b6-a755-4f91-a203-75735e25b097}\\\\Root\\\\InventoryApplicationFile\\\\microsoftedge_x6|1a683ebfb620b142\\\\LowerCaseLongPath"",""details"":""c:\\\\program files (x86)\\\\microsoft\\\\edgeupdate\\\\download\\\\{56eb18f8-b008-4cbd-b6d2-8c97fe7e9062}\\\\137.0.3296.62\\\\microsoftedge_x64_137.0.3296.62_137.0.3296.52.exe"",""user"":""NT AUTHORITY\\\\SYSTEM""}}}",log,"Jun 9, 2025 @ 19:36:27.875",EventChannel,1749477987.1776714,"Jun 9, 2025 @ 19:36:27.875", , , , , , , , , , , , , , , , , , , , , , , , , , , , , , , , , , , , , , , , , , , , , , , , , , , ,\\REGISTRY\\A\\{4fc400b6-a755-4f91-a203-75735e25b097}\\Root\\InventoryApplicationFile\\microsoftedge_x6|1a683ebfb620b142\\LowerCaseLongPath,InvDB-Path,c:\\program files (x86)\\microsoft\\edgeupdate\\download\\{56eb18f8-b008-4cbd-b6d2-8c97fe7e9062}\\137.0.3296.62\\microsoftedge_x64_137.0.3296.62_137.0.3296.52.exe,SetValue, , , , , , , , , , , , , , , , , , , , , , , , , , , , , , 
wazuh-alerts-4.x-2025.06.09,ROADVZcBD7y1GXNG3oaV,1,1,192.168.254.162,DESKTOP-O7P9I53,001,hat-VMware-Virtual-Platform, ,C:\\Windows\\system32\\CompatTelRunner.exe, , , , , ,{154c2aaf-ea3a-6846-4001-000000001800}, , ,936, ,2025-06-09 14:06:25.905, , , , , , ,NT AUTHORITY\\SYSTEM, , ,13,0x8000000000000000,{5770385f-c22a-43e0-bf4c-06f5698ffbd9},4,Microsoft-Windows-Sysmon/Operational,0,"""Registry value set:
RuleName: InvDB-Ver
EventType: SetValue
UtcTime: 2025-06-09 14:06:25.905
ProcessGuid: {154c2aaf-ea3a-6846-4001-000000001800}
ProcessId: 936
Image: C:\Windows\system32\CompatTelRunner.exe
TargetObject: \REGISTRY\A\{4fc400b6-a755-4f91-a203-75735e25b097}\Root\InventoryApplicationFile\pwahelper.exe|b434e22d15102acf\BinProductVersion
Details: 137.0.3296.62
User: NT AUTHORITY\SYSTEM""",2,2025-06-09T14:06:25.9124399Z,30927,5512,DESKTOP-O7P9I53,13,3292,INFORMATION,Microsoft-Windows-Sysmon,181,false,5,Sysmon - Event 13: RegistryEvent SetValue on \\REGISTRY\\A\\{4fc400b6-a755-4f91-a203-75735e25b097}\\Root\\InventoryApplicationFile\\pwahelper.exe|b434e22d15102acf\\BinProductVersion by C:\\Windows\\system32\\CompatTelRunner.exe,"[""windows"",""sysmon"",""sysmon_event_13""]",61615,windows_eventchannel,"{""win"":{""system"":{""providerName"":""Microsoft-Windows-Sysmon"",""providerGuid"":""{5770385f-c22a-43e0-bf4c-06f5698ffbd9}"",""eventID"":""13"",""version"":""2"",""level"":""4"",""task"":""13"",""opcode"":""0"",""keywords"":""0x8000000000000000"",""systemTime"":""2025-06-09T14:06:25.9124399Z"",""eventRecordID"":""30927"",""processID"":""3292"",""threadID"":""5512"",""channel"":""Microsoft-Windows-Sysmon/Operational"",""computer"":""DESKTOP-O7P9I53"",""severityValue"":""INFORMATION"",""message"":""\""Registry value set:\r\nRuleName: InvDB-Ver\r\nEventType: SetValue\r\nUtcTime: 2025-06-09 14:06:25.905\r\nProcessGuid: {154c2aaf-ea3a-6846-4001-000000001800}\r\nProcessId: 936\r\nImage: C:\\Windows\\system32\\CompatTelRunner.exe\r\nTargetObject: \\REGISTRY\\A\\{4fc400b6-a755-4f91-a203-75735e25b097}\\Root\\InventoryApplicationFile\\pwahelper.exe|b434e22d15102acf\\BinProductVersion\r\nDetails: 137.0.3296.62\r\nUser: NT AUTHORITY\\SYSTEM\""""},""eventdata"":{""ruleName"":""InvDB-Ver"",""eventType"":""SetValue"",""utcTime"":""2025-06-09 14:06:25.905"",""processGuid"":""{154c2aaf-ea3a-6846-4001-000000001800}"",""processId"":""936"",""image"":""C:\\\\Windows\\\\system32\\\\CompatTelRunner.exe"",""targetObject"":""\\\\REGISTRY\\\\A\\\\{4fc400b6-a755-4f91-a203-75735e25b097}\\\\Root\\\\InventoryApplicationFile\\\\pwahelper.exe|b434e22d15102acf\\\\BinProductVersion"",""details"":""137.0.3296.62"",""user"":""NT AUTHORITY\\\\SYSTEM""}}}",log,"Jun 9, 2025 @ 19:36:27.874",EventChannel,1749477987.1780527,"Jun 9, 2025 @ 19:36:27.874", , , , , , , , , , , , , , , , , , , , , , , , , , , , , , , , , , , , , , , , , , , , , , , , , , , ,\\REGISTRY\\A\\{4fc400b6-a755-4f91-a203-75735e25b097}\\Root\\InventoryApplicationFile\\pwahelper.exe|b434e22d15102acf\\BinProductVersion,InvDB-Ver,137.0.3296.62,SetValue, , , , , , , , , , , , , , , , , , , , , , , , , , , , , , 
wazuh-alerts-4.x-2025.06.09,ReADVZcBD7y1GXNG3oaV,1,1,192.168.254.162,DESKTOP-O7P9I53,001,hat-VMware-Virtual-Platform, ,C:\\Windows\\system32\\CompatTelRunner.exe, , , , , ,{154c2aaf-ea3a-6846-4001-000000001800}, , ,936, ,2025-06-09 14:06:26.115, , , , , , ,NT AUTHORITY\\SYSTEM, , ,13,0x8000000000000000,{5770385f-c22a-43e0-bf4c-06f5698ffbd9},4,Microsoft-Windows-Sysmon/Operational,0,"""Registry value set:
RuleName: InvDB-Pub
EventType: SetValue
UtcTime: 2025-06-09 14:06:26.115
ProcessGuid: {154c2aaf-ea3a-6846-4001-000000001800}
ProcessId: 936
Image: C:\Windows\system32\CompatTelRunner.exe
TargetObject: \REGISTRY\A\{4fc400b6-a755-4f91-a203-75735e25b097}\Root\InventoryApplicationFile\microsoftedge_x6|1a683ebfb620b142\Publisher
Details: microsoft corporation
User: NT AUTHORITY\SYSTEM""",2,2025-06-09T14:06:26.1226888Z,30929,5512,DESKTOP-O7P9I53,13,3292,INFORMATION,Microsoft-Windows-Sysmon,183,false,5,Sysmon - Event 13: RegistryEvent SetValue on \\REGISTRY\\A\\{4fc400b6-a755-4f91-a203-75735e25b097}\\Root\\InventoryApplicationFile\\microsoftedge_x6|1a683ebfb620b142\\Publisher by C:\\Windows\\system32\\CompatTelRunner.exe,"[""windows"",""sysmon"",""sysmon_event_13""]",61615,windows_eventchannel,"{""win"":{""system"":{""providerName"":""Microsoft-Windows-Sysmon"",""providerGuid"":""{5770385f-c22a-43e0-bf4c-06f5698ffbd9}"",""eventID"":""13"",""version"":""2"",""level"":""4"",""task"":""13"",""opcode"":""0"",""keywords"":""0x8000000000000000"",""systemTime"":""2025-06-09T14:06:26.1226888Z"",""eventRecordID"":""30929"",""processID"":""3292"",""threadID"":""5512"",""channel"":""Microsoft-Windows-Sysmon/Operational"",""computer"":""DESKTOP-O7P9I53"",""severityValue"":""INFORMATION"",""message"":""\""Registry value set:\r\nRuleName: InvDB-Pub\r\nEventType: SetValue\r\nUtcTime: 2025-06-09 14:06:26.115\r\nProcessGuid: {154c2aaf-ea3a-6846-4001-000000001800}\r\nProcessId: 936\r\nImage: C:\\Windows\\system32\\CompatTelRunner.exe\r\nTargetObject: \\REGISTRY\\A\\{4fc400b6-a755-4f91-a203-75735e25b097}\\Root\\InventoryApplicationFile\\microsoftedge_x6|1a683ebfb620b142\\Publisher\r\nDetails: microsoft corporation\r\nUser: NT AUTHORITY\\SYSTEM\""""},""eventdata"":{""ruleName"":""InvDB-Pub"",""eventType"":""SetValue"",""utcTime"":""2025-06-09 14:06:26.115"",""processGuid"":""{154c2aaf-ea3a-6846-4001-000000001800}"",""processId"":""936"",""image"":""C:\\\\Windows\\\\system32\\\\CompatTelRunner.exe"",""targetObject"":""\\\\REGISTRY\\\\A\\\\{4fc400b6-a755-4f91-a203-75735e25b097}\\\\Root\\\\InventoryApplicationFile\\\\microsoftedge_x6|1a683ebfb620b142\\\\Publisher"",""details"":""microsoft corporation"",""user"":""NT AUTHORITY\\\\SYSTEM""}}}",log,"Jun 9, 2025 @ 19:36:27.890",EventChannel,1749477987.1783718,"Jun 9, 2025 @ 19:36:27.890", , , , , , , , , , , , , , , , , , , , , , , , , , , , , , , , , , , , , , , , , , , , , , , , , , , ,\\REGISTRY\\A\\{4fc400b6-a755-4f91-a203-75735e25b097}\\Root\\InventoryApplicationFile\\microsoftedge_x6|1a683ebfb620b142\\Publisher,InvDB-Pub,microsoft corporation,SetValue, , , , , , , , , , , , , , , , , , , , , , , , , , , , , , 
wazuh-alerts-4.x-2025.06.09,SOADVZcBD7y1GXNG3oaV,1,1,192.168.254.162,DESKTOP-O7P9I53,001,hat-VMware-Virtual-Platform, ,C:\\Windows\\system32\\CompatTelRunner.exe, , , , , ,{154c2aaf-ea3a-6846-4001-000000001800}, , ,936, ,2025-06-09 14:06:26.161, , , , , , ,NT AUTHORITY\\SYSTEM, , ,13,0x8000000000000000,{5770385f-c22a-43e0-bf4c-06f5698ffbd9},4,Microsoft-Windows-Sysmon/Operational,0,"""Registry value set:
RuleName: InvDB-Path
EventType: SetValue
UtcTime: 2025-06-09 14:06:26.161
ProcessGuid: {154c2aaf-ea3a-6846-4001-000000001800}
ProcessId: 936
Image: C:\Windows\system32\CompatTelRunner.exe
TargetObject: \REGISTRY\A\{4fc400b6-a755-4f91-a203-75735e25b097}\Root\InventoryApplicationFile\microsoftedge_x6|aff153cefbed97d1\LowerCaseLongPath
Details: c:\program files (x86)\microsoft\edgeupdate\download\{56eb18f8-b008-4cbd-b6d2-8c97fe7e9062}\137.0.3296.68\microsoftedge_x64_137.0.3296.68_137.0.3296.62.exe
User: NT AUTHORITY\SYSTEM""",2,2025-06-09T14:06:26.1718362Z,30932,5512,DESKTOP-O7P9I53,13,3292,INFORMATION,Microsoft-Windows-Sysmon,186,false,5,Sysmon - Event 13: RegistryEvent SetValue on \\REGISTRY\\A\\{4fc400b6-a755-4f91-a203-75735e25b097}\\Root\\InventoryApplicationFile\\microsoftedge_x6|aff153cefbed97d1\\LowerCaseLongPath by C:\\Windows\\system32\\CompatTelRunner.exe,"[""windows"",""sysmon"",""sysmon_event_13""]",61615,windows_eventchannel,"{""win"":{""system"":{""providerName"":""Microsoft-Windows-Sysmon"",""providerGuid"":""{5770385f-c22a-43e0-bf4c-06f5698ffbd9}"",""eventID"":""13"",""version"":""2"",""level"":""4"",""task"":""13"",""opcode"":""0"",""keywords"":""0x8000000000000000"",""systemTime"":""2025-06-09T14:06:26.1718362Z"",""eventRecordID"":""30932"",""processID"":""3292"",""threadID"":""5512"",""channel"":""Microsoft-Windows-Sysmon/Operational"",""computer"":""DESKTOP-O7P9I53"",""severityValue"":""INFORMATION"",""message"":""\""Registry value set:\r\nRuleName: InvDB-Path\r\nEventType: SetValue\r\nUtcTime: 2025-06-09 14:06:26.161\r\nProcessGuid: {154c2aaf-ea3a-6846-4001-000000001800}\r\nProcessId: 936\r\nImage: C:\\Windows\\system32\\CompatTelRunner.exe\r\nTargetObject: \\REGISTRY\\A\\{4fc400b6-a755-4f91-a203-75735e25b097}\\Root\\InventoryApplicationFile\\microsoftedge_x6|aff153cefbed97d1\\LowerCaseLongPath\r\nDetails: c:\\program files (x86)\\microsoft\\edgeupdate\\download\\{56eb18f8-b008-4cbd-b6d2-8c97fe7e9062}\\137.0.3296.68\\microsoftedge_x64_137.0.3296.68_137.0.3296.62.exe\r\nUser: NT AUTHORITY\\SYSTEM\""""},""eventdata"":{""ruleName"":""InvDB-Path"",""eventType"":""SetValue"",""utcTime"":""2025-06-09 14:06:26.161"",""processGuid"":""{154c2aaf-ea3a-6846-4001-000000001800}"",""processId"":""936"",""image"":""C:\\\\Windows\\\\system32\\\\CompatTelRunner.exe"",""targetObject"":""\\\\REGISTRY\\\\A\\\\{4fc400b6-a755-4f91-a203-75735e25b097}\\\\Root\\\\InventoryApplicationFile\\\\microsoftedge_x6|aff153cefbed97d1\\\\LowerCaseLongPath"",""details"":""c:\\\\program files (x86)\\\\microsoft\\\\edgeupdate\\\\download\\\\{56eb18f8-b008-4cbd-b6d2-8c97fe7e9062}\\\\137.0.3296.68\\\\microsoftedge_x64_137.0.3296.68_137.0.3296.62.exe"",""user"":""NT AUTHORITY\\\\SYSTEM""}}}",log,"Jun 9, 2025 @ 19:36:27.937",EventChannel,1749477987.1793359,"Jun 9, 2025 @ 19:36:27.937", , , , , , , , , , , , , , , , , , , , , , , , , , , , , , , , , , , , , , , , , , , , , , , , , , , ,\\REGISTRY\\A\\{4fc400b6-a755-4f91-a203-75735e25b097}\\Root\\InventoryApplicationFile\\microsoftedge_x6|aff153cefbed97d1\\LowerCaseLongPath,InvDB-Path,c:\\program files (x86)\\microsoft\\edgeupdate\\download\\{56eb18f8-b008-4cbd-b6d2-8c97fe7e9062}\\137.0.3296.68\\microsoftedge_x64_137.0.3296.68_137.0.3296.62.exe,SetValue, , , , , , , , , , , , , , , , , , , , , , , , , , , , , , 
wazuh-alerts-4.x-2025.06.09,SeADVZcBD7y1GXNG3oaV,1,1,192.168.254.162,DESKTOP-O7P9I53,001,hat-VMware-Virtual-Platform, ,C:\\Windows\\system32\\CompatTelRunner.exe, , , , , ,{154c2aaf-ea3a-6846-4001-000000001800}, , ,936, ,2025-06-09 14:06:26.161, , , , , , ,NT AUTHORITY\\SYSTEM, , ,13,0x8000000000000000,{5770385f-c22a-43e0-bf4c-06f5698ffbd9},4,Microsoft-Windows-Sysmon/Operational,0,"""Registry value set:
RuleName: InvDB-Pub
EventType: SetValue
UtcTime: 2025-06-09 14:06:26.161
ProcessGuid: {154c2aaf-ea3a-6846-4001-000000001800}
ProcessId: 936
Image: C:\Windows\system32\CompatTelRunner.exe
TargetObject: \REGISTRY\A\{4fc400b6-a755-4f91-a203-75735e25b097}\Root\InventoryApplicationFile\microsoftedge_x6|aff153cefbed97d1\Publisher
Details: microsoft corporation
User: NT AUTHORITY\SYSTEM""",2,2025-06-09T14:06:26.1720103Z,30933,5512,DESKTOP-O7P9I53,13,3292,INFORMATION,Microsoft-Windows-Sysmon,187,false,5,Sysmon - Event 13: RegistryEvent SetValue on \\REGISTRY\\A\\{4fc400b6-a755-4f91-a203-75735e25b097}\\Root\\InventoryApplicationFile\\microsoftedge_x6|aff153cefbed97d1\\Publisher by C:\\Windows\\system32\\CompatTelRunner.exe,"[""windows"",""sysmon"",""sysmon_event_13""]",61615,windows_eventchannel,"{""win"":{""system"":{""providerName"":""Microsoft-Windows-Sysmon"",""providerGuid"":""{5770385f-c22a-43e0-bf4c-06f5698ffbd9}"",""eventID"":""13"",""version"":""2"",""level"":""4"",""task"":""13"",""opcode"":""0"",""keywords"":""0x8000000000000000"",""systemTime"":""2025-06-09T14:06:26.1720103Z"",""eventRecordID"":""30933"",""processID"":""3292"",""threadID"":""5512"",""channel"":""Microsoft-Windows-Sysmon/Operational"",""computer"":""DESKTOP-O7P9I53"",""severityValue"":""INFORMATION"",""message"":""\""Registry value set:\r\nRuleName: InvDB-Pub\r\nEventType: SetValue\r\nUtcTime: 2025-06-09 14:06:26.161\r\nProcessGuid: {154c2aaf-ea3a-6846-4001-000000001800}\r\nProcessId: 936\r\nImage: C:\\Windows\\system32\\CompatTelRunner.exe\r\nTargetObject: \\REGISTRY\\A\\{4fc400b6-a755-4f91-a203-75735e25b097}\\Root\\InventoryApplicationFile\\microsoftedge_x6|aff153cefbed97d1\\Publisher\r\nDetails: microsoft corporation\r\nUser: NT AUTHORITY\\SYSTEM\""""},""eventdata"":{""ruleName"":""InvDB-Pub"",""eventType"":""SetValue"",""utcTime"":""2025-06-09 14:06:26.161"",""processGuid"":""{154c2aaf-ea3a-6846-4001-000000001800}"",""processId"":""936"",""image"":""C:\\\\Windows\\\\system32\\\\CompatTelRunner.exe"",""targetObject"":""\\\\REGISTRY\\\\A\\\\{4fc400b6-a755-4f91-a203-75735e25b097}\\\\Root\\\\InventoryApplicationFile\\\\microsoftedge_x6|aff153cefbed97d1\\\\Publisher"",""details"":""microsoft corporation"",""user"":""NT AUTHORITY\\\\SYSTEM""}}}",log,"Jun 9, 2025 @ 19:36:27.952",EventChannel,1749477987.1797172,"Jun 9, 2025 @ 19:36:27.952", , , , , , , , , , , , , , , , , , , , , , , , , , , , , , , , , , , , , , , , , , , , , , , , , , , ,\\REGISTRY\\A\\{4fc400b6-a755-4f91-a203-75735e25b097}\\Root\\InventoryApplicationFile\\microsoftedge_x6|aff153cefbed97d1\\Publisher,InvDB-Pub,microsoft corporation,SetValue, , , , , , , , , , , , , , , , , , , , , , , , , , , , , , 
wazuh-alerts-4.x-2025.06.09,SuADVZcBD7y1GXNG3oaV,1,1,192.168.254.162,DESKTOP-O7P9I53,001,hat-VMware-Virtual-Platform, ,C:\\Windows\\system32\\CompatTelRunner.exe, , , , , ,{154c2aaf-ea3a-6846-4001-000000001800}, , ,936, ,2025-06-09 14:06:26.161, , , , , , ,NT AUTHORITY\\SYSTEM, , ,13,0x8000000000000000,{5770385f-c22a-43e0-bf4c-06f5698ffbd9},4,Microsoft-Windows-Sysmon/Operational,0,"""Registry value set:
RuleName: InvDB-CompileTimeClaim
EventType: SetValue
UtcTime: 2025-06-09 14:06:26.161
ProcessGuid: {154c2aaf-ea3a-6846-4001-000000001800}
ProcessId: 936
Image: C:\Windows\system32\CompatTelRunner.exe
TargetObject: \REGISTRY\A\{4fc400b6-a755-4f91-a203-75735e25b097}\Root\InventoryApplicationFile\microsoftedge_x6|aff153cefbed97d1\LinkDate
Details: 06/06/2025 03:20:38
User: NT AUTHORITY\SYSTEM""",2,2025-06-09T14:06:26.1723863Z,30934,5512,DESKTOP-O7P9I53,13,3292,INFORMATION,Microsoft-Windows-Sysmon,188,false,5,Sysmon - Event 13: RegistryEvent SetValue on \\REGISTRY\\A\\{4fc400b6-a755-4f91-a203-75735e25b097}\\Root\\InventoryApplicationFile\\microsoftedge_x6|aff153cefbed97d1\\LinkDate by C:\\Windows\\system32\\CompatTelRunner.exe,"[""windows"",""sysmon"",""sysmon_event_13""]",61615,windows_eventchannel,"{""win"":{""system"":{""providerName"":""Microsoft-Windows-Sysmon"",""providerGuid"":""{5770385f-c22a-43e0-bf4c-06f5698ffbd9}"",""eventID"":""13"",""version"":""2"",""level"":""4"",""task"":""13"",""opcode"":""0"",""keywords"":""0x8000000000000000"",""systemTime"":""2025-06-09T14:06:26.1723863Z"",""eventRecordID"":""30934"",""processID"":""3292"",""threadID"":""5512"",""channel"":""Microsoft-Windows-Sysmon/Operational"",""computer"":""DESKTOP-O7P9I53"",""severityValue"":""INFORMATION"",""message"":""\""Registry value set:\r\nRuleName: InvDB-CompileTimeClaim\r\nEventType: SetValue\r\nUtcTime: 2025-06-09 14:06:26.161\r\nProcessGuid: {154c2aaf-ea3a-6846-4001-000000001800}\r\nProcessId: 936\r\nImage: C:\\Windows\\system32\\CompatTelRunner.exe\r\nTargetObject: \\REGISTRY\\A\\{4fc400b6-a755-4f91-a203-75735e25b097}\\Root\\InventoryApplicationFile\\microsoftedge_x6|aff153cefbed97d1\\LinkDate\r\nDetails: 06/06/2025 03:20:38\r\nUser: NT AUTHORITY\\SYSTEM\""""},""eventdata"":{""ruleName"":""InvDB-CompileTimeClaim"",""eventType"":""SetValue"",""utcTime"":""2025-06-09 14:06:26.161"",""processGuid"":""{154c2aaf-ea3a-6846-4001-000000001800}"",""processId"":""936"",""image"":""C:\\\\Windows\\\\system32\\\\CompatTelRunner.exe"",""targetObject"":""\\\\REGISTRY\\\\A\\\\{4fc400b6-a755-4f91-a203-75735e25b097}\\\\Root\\\\InventoryApplicationFile\\\\microsoftedge_x6|aff153cefbed97d1\\\\LinkDate"",""details"":""06/06/2025 03:20:38"",""user"":""NT AUTHORITY\\\\SYSTEM""}}}",log,"Jun 9, 2025 @ 19:36:27.968",EventChannel,1749477987.1800370,"Jun 9, 2025 @ 19:36:27.968", , , , , , , , , , , , , , , , , , , , , , , , , , , , , , , , , , , , , , , , , , , , , , , , , , , ,\\REGISTRY\\A\\{4fc400b6-a755-4f91-a203-75735e25b097}\\Root\\InventoryApplicationFile\\microsoftedge_x6|aff153cefbed97d1\\LinkDate,InvDB-CompileTimeClaim,06/06/2025 03:20:38,SetValue, , , , , , , , , , , , , , , , , , , , , , , , , , , , , , 
wazuh-alerts-4.x-2025.06.09,TOADVZcBD7y1GXNG3oaV,1,1,192.168.254.162,DESKTOP-O7P9I53,001,hat-VMware-Virtual-Platform, ,C:\\Windows\\system32\\CompatTelRunner.exe, , , , , ,{154c2aaf-ea3a-6846-4001-000000001800}, , ,936, ,2025-06-09 14:06:26.412, , , , , , ,NT AUTHORITY\\SYSTEM, , ,13,0x8000000000000000,{5770385f-c22a-43e0-bf4c-06f5698ffbd9},4,Microsoft-Windows-Sysmon/Operational,0,"""Registry value set:
RuleName: InvDB-Pub
EventType: SetValue
UtcTime: 2025-06-09 14:06:26.412
ProcessGuid: {154c2aaf-ea3a-6846-4001-000000001800}
ProcessId: 936
Image: C:\Windows\system32\CompatTelRunner.exe
TargetObject: \REGISTRY\A\{4fc400b6-a755-4f91-a203-75735e25b097}\Root\InventoryApplicationFile\microsoftedge_x6|7bb97ec8f33df159\Publisher
Details: microsoft corporation
User: NT AUTHORITY\SYSTEM""",2,2025-06-09T14:06:26.4216157Z,30937,5512,DESKTOP-O7P9I53,13,3292,INFORMATION,Microsoft-Windows-Sysmon,190,false,5,Sysmon - Event 13: RegistryEvent SetValue on \\REGISTRY\\A\\{4fc400b6-a755-4f91-a203-75735e25b097}\\Root\\InventoryApplicationFile\\microsoftedge_x6|7bb97ec8f33df159\\Publisher by C:\\Windows\\system32\\CompatTelRunner.exe,"[""windows"",""sysmon"",""sysmon_event_13""]",61615,windows_eventchannel,"{""win"":{""system"":{""providerName"":""Microsoft-Windows-Sysmon"",""providerGuid"":""{5770385f-c22a-43e0-bf4c-06f5698ffbd9}"",""eventID"":""13"",""version"":""2"",""level"":""4"",""task"":""13"",""opcode"":""0"",""keywords"":""0x8000000000000000"",""systemTime"":""2025-06-09T14:06:26.4216157Z"",""eventRecordID"":""30937"",""processID"":""3292"",""threadID"":""5512"",""channel"":""Microsoft-Windows-Sysmon/Operational"",""computer"":""DESKTOP-O7P9I53"",""severityValue"":""INFORMATION"",""message"":""\""Registry value set:\r\nRuleName: InvDB-Pub\r\nEventType: SetValue\r\nUtcTime: 2025-06-09 14:06:26.412\r\nProcessGuid: {154c2aaf-ea3a-6846-4001-000000001800}\r\nProcessId: 936\r\nImage: C:\\Windows\\system32\\CompatTelRunner.exe\r\nTargetObject: \\REGISTRY\\A\\{4fc400b6-a755-4f91-a203-75735e25b097}\\Root\\InventoryApplicationFile\\microsoftedge_x6|7bb97ec8f33df159\\Publisher\r\nDetails: microsoft corporation\r\nUser: NT AUTHORITY\\SYSTEM\""""},""eventdata"":{""ruleName"":""InvDB-Pub"",""eventType"":""SetValue"",""utcTime"":""2025-06-09 14:06:26.412"",""processGuid"":""{154c2aaf-ea3a-6846-4001-000000001800}"",""processId"":""936"",""image"":""C:\\\\Windows\\\\system32\\\\CompatTelRunner.exe"",""targetObject"":""\\\\REGISTRY\\\\A\\\\{4fc400b6-a755-4f91-a203-75735e25b097}\\\\Root\\\\InventoryApplicationFile\\\\microsoftedge_x6|7bb97ec8f33df159\\\\Publisher"",""details"":""microsoft corporation"",""user"":""NT AUTHORITY\\\\SYSTEM""}}}",log,"Jun 9, 2025 @ 19:36:28.002",EventChannel,1749477988.1806813,"Jun 9, 2025 @ 19:36:28.002", , , , , , , , , , , , , , , , , , , , , , , , , , , , , , , , , , , , , , , , , , , , , , , , , , , ,\\REGISTRY\\A\\{4fc400b6-a755-4f91-a203-75735e25b097}\\Root\\InventoryApplicationFile\\microsoftedge_x6|7bb97ec8f33df159\\Publisher,InvDB-Pub,microsoft corporation,SetValue, , , , , , , , , , , , , , , , , , , , , , , , , , , , , , 
wazuh-alerts-4.x-2025.06.09,TuADVZcBD7y1GXNG3oaV,1,1,192.168.254.162,DESKTOP-O7P9I53,001,hat-VMware-Virtual-Platform, ,C:\\Windows\\system32\\CompatTelRunner.exe, , , , , ,{154c2aaf-ea3a-6846-4001-000000001800}, , ,936, ,2025-06-09 14:06:26.412, , , , , , ,NT AUTHORITY\\SYSTEM, , ,13,0x8000000000000000,{5770385f-c22a-43e0-bf4c-06f5698ffbd9},4,Microsoft-Windows-Sysmon/Operational,0,"""Registry value set:
RuleName: InvDB-CompileTimeClaim
EventType: SetValue
UtcTime: 2025-06-09 14:06:26.412
ProcessGuid: {154c2aaf-ea3a-6846-4001-000000001800}
ProcessId: 936
Image: C:\Windows\system32\CompatTelRunner.exe
TargetObject: \REGISTRY\A\{4fc400b6-a755-4f91-a203-75735e25b097}\Root\InventoryApplicationFile\microsoftedge_x6|7bb97ec8f33df159\LinkDate
Details: 06/03/2025 05:53:26
User: NT AUTHORITY\SYSTEM""",2,2025-06-09T14:06:26.4218686Z,30938,5512,DESKTOP-O7P9I53,13,3292,INFORMATION,Microsoft-Windows-Sysmon,192,false,5,Sysmon - Event 13: RegistryEvent SetValue on \\REGISTRY\\A\\{4fc400b6-a755-4f91-a203-75735e25b097}\\Root\\InventoryApplicationFile\\microsoftedge_x6|7bb97ec8f33df159\\LinkDate by C:\\Windows\\system32\\CompatTelRunner.exe,"[""windows"",""sysmon"",""sysmon_event_13""]",61615,windows_eventchannel,"{""win"":{""system"":{""providerName"":""Microsoft-Windows-Sysmon"",""providerGuid"":""{5770385f-c22a-43e0-bf4c-06f5698ffbd9}"",""eventID"":""13"",""version"":""2"",""level"":""4"",""task"":""13"",""opcode"":""0"",""keywords"":""0x8000000000000000"",""systemTime"":""2025-06-09T14:06:26.4218686Z"",""eventRecordID"":""30938"",""processID"":""3292"",""threadID"":""5512"",""channel"":""Microsoft-Windows-Sysmon/Operational"",""computer"":""DESKTOP-O7P9I53"",""severityValue"":""INFORMATION"",""message"":""\""Registry value set:\r\nRuleName: InvDB-CompileTimeClaim\r\nEventType: SetValue\r\nUtcTime: 2025-06-09 14:06:26.412\r\nProcessGuid: {154c2aaf-ea3a-6846-4001-000000001800}\r\nProcessId: 936\r\nImage: C:\\Windows\\system32\\CompatTelRunner.exe\r\nTargetObject: \\REGISTRY\\A\\{4fc400b6-a755-4f91-a203-75735e25b097}\\Root\\InventoryApplicationFile\\microsoftedge_x6|7bb97ec8f33df159\\LinkDate\r\nDetails: 06/03/2025 05:53:26\r\nUser: NT AUTHORITY\\SYSTEM\""""},""eventdata"":{""ruleName"":""InvDB-CompileTimeClaim"",""eventType"":""SetValue"",""utcTime"":""2025-06-09 14:06:26.412"",""processGuid"":""{154c2aaf-ea3a-6846-4001-000000001800}"",""processId"":""936"",""image"":""C:\\\\Windows\\\\system32\\\\CompatTelRunner.exe"",""targetObject"":""\\\\REGISTRY\\\\A\\\\{4fc400b6-a755-4f91-a203-75735e25b097}\\\\Root\\\\InventoryApplicationFile\\\\microsoftedge_x6|7bb97ec8f33df159\\\\LinkDate"",""details"":""06/03/2025 05:53:26"",""user"":""NT AUTHORITY\\\\SYSTEM""}}}",log,"Jun 9, 2025 @ 19:36:28.017",EventChannel,1749477988.1813824,"Jun 9, 2025 @ 19:36:28.017", , , , , , , , , , , , , , , , , , , , , , , , , , , , , , , , , , , , , , , , , , , , , , , , , , , ,\\REGISTRY\\A\\{4fc400b6-a755-4f91-a203-75735e25b097}\\Root\\InventoryApplicationFile\\microsoftedge_x6|7bb97ec8f33df159\\LinkDate,InvDB-CompileTimeClaim,06/03/2025 05:53:26,SetValue, , , , , , , , , , , , , , , , , , , , , , , , , , , , , , 
wazuh-alerts-4.x-2025.06.09,T-ADVZcBD7y1GXNG3oaV,1,1,192.168.254.162,DESKTOP-O7P9I53,001,hat-VMware-Virtual-Platform, ,C:\\Windows\\system32\\CompatTelRunner.exe, , , , , ,{154c2aaf-ea3a-6846-4001-000000001800}, , ,936, ,2025-06-09 14:06:26.412, , , , , , ,NT AUTHORITY\\SYSTEM, , ,13,0x8000000000000000,{5770385f-c22a-43e0-bf4c-06f5698ffbd9},4,Microsoft-Windows-Sysmon/Operational,0,"""Registry value set:
RuleName: InvDB-Ver
EventType: SetValue
UtcTime: 2025-06-09 14:06:26.412
ProcessGuid: {154c2aaf-ea3a-6846-4001-000000001800}
ProcessId: 936
Image: C:\Windows\system32\CompatTelRunner.exe
TargetObject: \REGISTRY\A\{4fc400b6-a755-4f91-a203-75735e25b097}\Root\InventoryApplicationFile\microsoftedge_x6|7bb97ec8f33df159\BinProductVersion
Details: 137.0.3296.62
User: NT AUTHORITY\SYSTEM""",2,2025-06-09T14:06:26.4219121Z,30939,5512,DESKTOP-O7P9I53,13,3292,INFORMATION,Microsoft-Windows-Sysmon,193,false,5,Sysmon - Event 13: RegistryEvent SetValue on \\REGISTRY\\A\\{4fc400b6-a755-4f91-a203-75735e25b097}\\Root\\InventoryApplicationFile\\microsoftedge_x6|7bb97ec8f33df159\\BinProductVersion by C:\\Windows\\system32\\CompatTelRunner.exe,"[""windows"",""sysmon"",""sysmon_event_13""]",61615,windows_eventchannel,"{""win"":{""system"":{""providerName"":""Microsoft-Windows-Sysmon"",""providerGuid"":""{5770385f-c22a-43e0-bf4c-06f5698ffbd9}"",""eventID"":""13"",""version"":""2"",""level"":""4"",""task"":""13"",""opcode"":""0"",""keywords"":""0x8000000000000000"",""systemTime"":""2025-06-09T14:06:26.4219121Z"",""eventRecordID"":""30939"",""processID"":""3292"",""threadID"":""5512"",""channel"":""Microsoft-Windows-Sysmon/Operational"",""computer"":""DESKTOP-O7P9I53"",""severityValue"":""INFORMATION"",""message"":""\""Registry value set:\r\nRuleName: InvDB-Ver\r\nEventType: SetValue\r\nUtcTime: 2025-06-09 14:06:26.412\r\nProcessGuid: {154c2aaf-ea3a-6846-4001-000000001800}\r\nProcessId: 936\r\nImage: C:\\Windows\\system32\\CompatTelRunner.exe\r\nTargetObject: \\REGISTRY\\A\\{4fc400b6-a755-4f91-a203-75735e25b097}\\Root\\InventoryApplicationFile\\microsoftedge_x6|7bb97ec8f33df159\\BinProductVersion\r\nDetails: 137.0.3296.62\r\nUser: NT AUTHORITY\\SYSTEM\""""},""eventdata"":{""ruleName"":""InvDB-Ver"",""eventType"":""SetValue"",""utcTime"":""2025-06-09 14:06:26.412"",""processGuid"":""{154c2aaf-ea3a-6846-4001-000000001800}"",""processId"":""936"",""image"":""C:\\\\Windows\\\\system32\\\\CompatTelRunner.exe"",""targetObject"":""\\\\REGISTRY\\\\A\\\\{4fc400b6-a755-4f91-a203-75735e25b097}\\\\Root\\\\InventoryApplicationFile\\\\microsoftedge_x6|7bb97ec8f33df159\\\\BinProductVersion"",""details"":""137.0.3296.62"",""user"":""NT AUTHORITY\\\\SYSTEM""}}}",log,"Jun 9, 2025 @ 19:36:28.032",EventChannel,1749477988.1817061,"Jun 9, 2025 @ 19:36:28.032", , , , , , , , , , , , , , , , , , , , , , , , , , , , , , , , , , , , , , , , , , , , , , , , , , , ,\\REGISTRY\\A\\{4fc400b6-a755-4f91-a203-75735e25b097}\\Root\\InventoryApplicationFile\\microsoftedge_x6|7bb97ec8f33df159\\BinProductVersion,InvDB-Ver,137.0.3296.62,SetValue, , , , , , , , , , , , , , , , , , , , , , , , , , , , , , 
wazuh-alerts-4.x-2025.06.09,UOADVZcBD7y1GXNG34Ya,1,1,192.168.254.162,DESKTOP-O7P9I53,001,hat-VMware-Virtual-Platform, ,C:\\Windows\\system32\\CompatTelRunner.exe, , , , , ,{154c2aaf-ea3a-6846-4001-000000001800}, , ,936, ,2025-06-09 14:06:26.490, , , , , , ,NT AUTHORITY\\SYSTEM, , ,13,0x8000000000000000,{5770385f-c22a-43e0-bf4c-06f5698ffbd9},4,Microsoft-Windows-Sysmon/Operational,0,"""Registry value set:
RuleName: InvDB-Path
EventType: SetValue
UtcTime: 2025-06-09 14:06:26.490
ProcessGuid: {154c2aaf-ea3a-6846-4001-000000001800}
ProcessId: 936
Image: C:\Windows\system32\CompatTelRunner.exe
TargetObject: \REGISTRY\A\{4fc400b6-a755-4f91-a203-75735e25b097}\Root\InventoryApplicationFile\mpsigstub.exe|bd458e9ca46fdf51\LowerCaseLongPath
Details: c:\windows\system32\mpsigstub.exe
User: NT AUTHORITY\SYSTEM""",2,2025-06-09T14:06:26.4999997Z,30940,5512,DESKTOP-O7P9I53,13,3292,INFORMATION,Microsoft-Windows-Sysmon,194,false,5,Sysmon - Event 13: RegistryEvent SetValue on \\REGISTRY\\A\\{4fc400b6-a755-4f91-a203-75735e25b097}\\Root\\InventoryApplicationFile\\mpsigstub.exe|bd458e9ca46fdf51\\LowerCaseLongPath by C:\\Windows\\system32\\CompatTelRunner.exe,"[""windows"",""sysmon"",""sysmon_event_13""]",61615,windows_eventchannel,"{""win"":{""system"":{""providerName"":""Microsoft-Windows-Sysmon"",""providerGuid"":""{5770385f-c22a-43e0-bf4c-06f5698ffbd9}"",""eventID"":""13"",""version"":""2"",""level"":""4"",""task"":""13"",""opcode"":""0"",""keywords"":""0x8000000000000000"",""systemTime"":""2025-06-09T14:06:26.4999997Z"",""eventRecordID"":""30940"",""processID"":""3292"",""threadID"":""5512"",""channel"":""Microsoft-Windows-Sysmon/Operational"",""computer"":""DESKTOP-O7P9I53"",""severityValue"":""INFORMATION"",""message"":""\""Registry value set:\r\nRuleName: InvDB-Path\r\nEventType: SetValue\r\nUtcTime: 2025-06-09 14:06:26.490\r\nProcessGuid: {154c2aaf-ea3a-6846-4001-000000001800}\r\nProcessId: 936\r\nImage: C:\\Windows\\system32\\CompatTelRunner.exe\r\nTargetObject: \\REGISTRY\\A\\{4fc400b6-a755-4f91-a203-75735e25b097}\\Root\\InventoryApplicationFile\\mpsigstub.exe|bd458e9ca46fdf51\\LowerCaseLongPath\r\nDetails: c:\\windows\\system32\\mpsigstub.exe\r\nUser: NT AUTHORITY\\SYSTEM\""""},""eventdata"":{""ruleName"":""InvDB-Path"",""eventType"":""SetValue"",""utcTime"":""2025-06-09 14:06:26.490"",""processGuid"":""{154c2aaf-ea3a-6846-4001-000000001800}"",""processId"":""936"",""image"":""C:\\\\Windows\\\\system32\\\\CompatTelRunner.exe"",""targetObject"":""\\\\REGISTRY\\\\A\\\\{4fc400b6-a755-4f91-a203-75735e25b097}\\\\Root\\\\InventoryApplicationFile\\\\mpsigstub.exe|bd458e9ca46fdf51\\\\LowerCaseLongPath"",""details"":""c:\\\\windows\\\\system32\\\\mpsigstub.exe"",""user"":""NT AUTHORITY\\\\SYSTEM""}}}",log,"Jun 9, 2025 @ 19:36:28.047",EventChannel,1749477988.1820267,"Jun 9, 2025 @ 19:36:28.047", , , , , , , , , , , , , , , , , , , , , , , , , , , , , , , , , , , , , , , , , , , , , , , , , , , ,\\REGISTRY\\A\\{4fc400b6-a755-4f91-a203-75735e25b097}\\Root\\InventoryApplicationFile\\mpsigstub.exe|bd458e9ca46fdf51\\LowerCaseLongPath,InvDB-Path,c:\\windows\\system32\\mpsigstub.exe,SetValue, , , , , , , , , , , , , , , , , , , , , , , , , , , , , , 
wazuh-alerts-4.x-2025.06.09,U-ADVZcBD7y1GXNG34Ya,1,1,192.168.254.162,DESKTOP-O7P9I53,001,hat-VMware-Virtual-Platform, ,C:\\Windows\\system32\\CompatTelRunner.exe, , , , , ,{154c2aaf-ea3a-6846-4001-000000001800}, , ,936, ,2025-06-09 14:06:26.490, , , , , , ,NT AUTHORITY\\SYSTEM, , ,13,0x8000000000000000,{5770385f-c22a-43e0-bf4c-06f5698ffbd9},4,Microsoft-Windows-Sysmon/Operational,0,"""Registry value set:
RuleName: InvDB-Ver
EventType: SetValue
UtcTime: 2025-06-09 14:06:26.490
ProcessGuid: {154c2aaf-ea3a-6846-4001-000000001800}
ProcessId: 936
Image: C:\Windows\system32\CompatTelRunner.exe
TargetObject: \REGISTRY\A\{4fc400b6-a755-4f91-a203-75735e25b097}\Root\InventoryApplicationFile\mpsigstub.exe|bd458e9ca46fdf51\BinProductVersion
Details: 1.1.24010.2001
User: NT AUTHORITY\SYSTEM""",2,2025-06-09T14:06:26.5007280Z,30943,5512,DESKTOP-O7P9I53,13,3292,INFORMATION,Microsoft-Windows-Sysmon,197,false,5,Sysmon - Event 13: RegistryEvent SetValue on \\REGISTRY\\A\\{4fc400b6-a755-4f91-a203-75735e25b097}\\Root\\InventoryApplicationFile\\mpsigstub.exe|bd458e9ca46fdf51\\BinProductVersion by C:\\Windows\\system32\\CompatTelRunner.exe,"[""windows"",""sysmon"",""sysmon_event_13""]",61615,windows_eventchannel,"{""win"":{""system"":{""providerName"":""Microsoft-Windows-Sysmon"",""providerGuid"":""{5770385f-c22a-43e0-bf4c-06f5698ffbd9}"",""eventID"":""13"",""version"":""2"",""level"":""4"",""task"":""13"",""opcode"":""0"",""keywords"":""0x8000000000000000"",""systemTime"":""2025-06-09T14:06:26.5007280Z"",""eventRecordID"":""30943"",""processID"":""3292"",""threadID"":""5512"",""channel"":""Microsoft-Windows-Sysmon/Operational"",""computer"":""DESKTOP-O7P9I53"",""severityValue"":""INFORMATION"",""message"":""\""Registry value set:\r\nRuleName: InvDB-Ver\r\nEventType: SetValue\r\nUtcTime: 2025-06-09 14:06:26.490\r\nProcessGuid: {154c2aaf-ea3a-6846-4001-000000001800}\r\nProcessId: 936\r\nImage: C:\\Windows\\system32\\CompatTelRunner.exe\r\nTargetObject: \\REGISTRY\\A\\{4fc400b6-a755-4f91-a203-75735e25b097}\\Root\\InventoryApplicationFile\\mpsigstub.exe|bd458e9ca46fdf51\\BinProductVersion\r\nDetails: 1.1.24010.2001\r\nUser: NT AUTHORITY\\SYSTEM\""""},""eventdata"":{""ruleName"":""InvDB-Ver"",""eventType"":""SetValue"",""utcTime"":""2025-06-09 14:06:26.490"",""processGuid"":""{154c2aaf-ea3a-6846-4001-000000001800}"",""processId"":""936"",""image"":""C:\\\\Windows\\\\system32\\\\CompatTelRunner.exe"",""targetObject"":""\\\\REGISTRY\\\\A\\\\{4fc400b6-a755-4f91-a203-75735e25b097}\\\\Root\\\\InventoryApplicationFile\\\\mpsigstub.exe|bd458e9ca46fdf51\\\\BinProductVersion"",""details"":""1.1.24010.2001"",""user"":""NT AUTHORITY\\\\SYSTEM""}}}",log,"Jun 9, 2025 @ 19:36:28.095",EventChannel,1749477988.1829962,"Jun 9, 2025 @ 19:36:28.095", , , , , , , , , , , , , , , , , , , , , , , , , , , , , , , , , , , , , , , , , , , , , , , , , , , ,\\REGISTRY\\A\\{4fc400b6-a755-4f91-a203-75735e25b097}\\Root\\InventoryApplicationFile\\mpsigstub.exe|bd458e9ca46fdf51\\BinProductVersion,InvDB-Ver,1.1.24010.2001,SetValue, , , , , , , , , , , , , , , , , , , , , , , , , , , , , , 
wazuh-alerts-4.x-2025.06.09,V-ADVZcBD7y1GXNG34Ya,1,1,192.168.254.162,DESKTOP-O7P9I53,001,hat-VMware-Virtual-Platform, ,C:\\Windows\\system32\\CompatTelRunner.exe, , , , , ,{154c2aaf-ea3a-6846-4001-000000001800}, , ,936, ,2025-06-09 14:06:26.974, , , , , , ,NT AUTHORITY\\SYSTEM, , ,13,0x8000000000000000,{5770385f-c22a-43e0-bf4c-06f5698ffbd9},4,Microsoft-Windows-Sysmon/Operational,0,"""Registry value set:
RuleName: InvDB-CompileTimeClaim
EventType: SetValue
UtcTime: 2025-06-09 14:06:26.974
ProcessGuid: {154c2aaf-ea3a-6846-4001-000000001800}
ProcessId: 936
Image: C:\Windows\system32\CompatTelRunner.exe
TargetObject: \REGISTRY\A\{4fc400b6-a755-4f91-a203-75735e25b097}\Root\InventoryApplicationFile\mrt.exe|911fb90f04cf69c9\LinkDate
Details: 09/22/1983 07:43:22
User: NT AUTHORITY\SYSTEM""",2,2025-06-09T14:06:26.9777442Z,30947,5512,DESKTOP-O7P9I53,13,3292,INFORMATION,Microsoft-Windows-Sysmon,201,false,5,Sysmon - Event 13: RegistryEvent SetValue on \\REGISTRY\\A\\{4fc400b6-a755-4f91-a203-75735e25b097}\\Root\\InventoryApplicationFile\\mrt.exe|911fb90f04cf69c9\\LinkDate by C:\\Windows\\system32\\CompatTelRunner.exe,"[""windows"",""sysmon"",""sysmon_event_13""]",61615,windows_eventchannel,"{""win"":{""system"":{""providerName"":""Microsoft-Windows-Sysmon"",""providerGuid"":""{5770385f-c22a-43e0-bf4c-06f5698ffbd9}"",""eventID"":""13"",""version"":""2"",""level"":""4"",""task"":""13"",""opcode"":""0"",""keywords"":""0x8000000000000000"",""systemTime"":""2025-06-09T14:06:26.9777442Z"",""eventRecordID"":""30947"",""processID"":""3292"",""threadID"":""5512"",""channel"":""Microsoft-Windows-Sysmon/Operational"",""computer"":""DESKTOP-O7P9I53"",""severityValue"":""INFORMATION"",""message"":""\""Registry value set:\r\nRuleName: InvDB-CompileTimeClaim\r\nEventType: SetValue\r\nUtcTime: 2025-06-09 14:06:26.974\r\nProcessGuid: {154c2aaf-ea3a-6846-4001-000000001800}\r\nProcessId: 936\r\nImage: C:\\Windows\\system32\\CompatTelRunner.exe\r\nTargetObject: \\REGISTRY\\A\\{4fc400b6-a755-4f91-a203-75735e25b097}\\Root\\InventoryApplicationFile\\mrt.exe|911fb90f04cf69c9\\LinkDate\r\nDetails: 09/22/1983 07:43:22\r\nUser: NT AUTHORITY\\SYSTEM\""""},""eventdata"":{""ruleName"":""InvDB-CompileTimeClaim"",""eventType"":""SetValue"",""utcTime"":""2025-06-09 14:06:26.974"",""processGuid"":""{154c2aaf-ea3a-6846-4001-000000001800}"",""processId"":""936"",""image"":""C:\\\\Windows\\\\system32\\\\CompatTelRunner.exe"",""targetObject"":""\\\\REGISTRY\\\\A\\\\{4fc400b6-a755-4f91-a203-75735e25b097}\\\\Root\\\\InventoryApplicationFile\\\\mrt.exe|911fb90f04cf69c9\\\\LinkDate"",""details"":""09/22/1983 07:43:22"",""user"":""NT AUTHORITY\\\\SYSTEM""}}}",log,"Jun 9, 2025 @ 19:36:28.422",EventChannel,1749477988.1842492,"Jun 9, 2025 @ 19:36:28.422", , , , , , , , , , , , , , , , , , , , , , , , , , , , , , , , , , , , , , , , , , , , , , , , , , , ,\\REGISTRY\\A\\{4fc400b6-a755-4f91-a203-75735e25b097}\\Root\\InventoryApplicationFile\\mrt.exe|911fb90f04cf69c9\\LinkDate,InvDB-CompileTimeClaim,09/22/1983 07:43:22,SetValue, , , , , , , , , , , , , , , , , , , , , , , , , , , , , , 
