wazuh-alerts-4.x-2025.06.09,XOADVZcBD7y1GXNG34Ya,1,1,192.168.254.162,DESKTOP-O7P9I53,001,hat-VMware-Virtual-Platform, ,C:\\Windows\\system32\\CompatTelRunner.exe, , , , , ,{154c2aaf-ea3a-6846-4001-000000001800}, , ,936, ,2025-06-09 14:06:27.005, , , , , , ,NT AUTHORITY\\SYSTEM, , ,13,0x8000000000000000,{5770385f-c22a-43e0-bf4c-06f5698ffbd9},4,Microsoft-Windows-Sysmon/Operational,0,"""Registry value set:
RuleName: InvDB-Ver
EventType: SetValue
UtcTime: 2025-06-09 14:06:27.005
ProcessGuid: {154c2aaf-ea3a-6846-4001-000000001800}
ProcessId: 936
Image: C:\Windows\system32\CompatTelRunner.exe
TargetObject: \REGISTRY\A\{4fc400b6-a755-4f91-a203-75735e25b097}\Root\InventoryApplicationFile\msedge.exe|d27b57360cd4a4cf\BinProductVersion
Details: 137.0.3296.62
User: NT AUTHORITY\SYSTEM""",2,2025-06-09T14:06:27.0191266Z,30952,5512,DESKTOP-O7P9I53,13,3292,INFORMATION,Microsoft-Windows-Sysmon,206,false,5,Sysmon - Event 13: RegistryEvent SetValue on \\REGISTRY\\A\\{4fc400b6-a755-4f91-a203-75735e25b097}\\Root\\InventoryApplicationFile\\msedge.exe|d27b57360cd4a4cf\\BinProductVersion by C:\\Windows\\system32\\CompatTelRunner.exe,"[""windows"",""sysmon"",""sysmon_event_13""]",61615,windows_eventchannel,"{""win"":{""system"":{""providerName"":""Microsoft-Windows-Sysmon"",""providerGuid"":""{5770385f-c22a-43e0-bf4c-06f5698ffbd9}"",""eventID"":""13"",""version"":""2"",""level"":""4"",""task"":""13"",""opcode"":""0"",""keywords"":""0x8000000000000000"",""systemTime"":""2025-06-09T14:06:27.0191266Z"",""eventRecordID"":""30952"",""processID"":""3292"",""threadID"":""5512"",""channel"":""Microsoft-Windows-Sysmon/Operational"",""computer"":""DESKTOP-O7P9I53"",""severityValue"":""INFORMATION"",""message"":""\""Registry value set:\r\nRuleName: InvDB-Ver\r\nEventType: SetValue\r\nUtcTime: 2025-06-09 14:06:27.005\r\nProcessGuid: {154c2aaf-ea3a-6846-4001-000000001800}\r\nProcessId: 936\r\nImage: C:\\Windows\\system32\\CompatTelRunner.exe\r\nTargetObject: \\REGISTRY\\A\\{4fc400b6-a755-4f91-a203-75735e25b097}\\Root\\InventoryApplicationFile\\msedge.exe|d27b57360cd4a4cf\\BinProductVersion\r\nDetails: 137.0.3296.62\r\nUser: NT AUTHORITY\\SYSTEM\""""},""eventdata"":{""ruleName"":""InvDB-Ver"",""eventType"":""SetValue"",""utcTime"":""2025-06-09 14:06:27.005"",""processGuid"":""{154c2aaf-ea3a-6846-4001-000000001800}"",""processId"":""936"",""image"":""C:\\\\Windows\\\\system32\\\\CompatTelRunner.exe"",""targetObject"":""\\\\REGISTRY\\\\A\\\\{4fc400b6-a755-4f91-a203-75735e25b097}\\\\Root\\\\InventoryApplicationFile\\\\msedge.exe|d27b57360cd4a4cf\\\\BinProductVersion"",""details"":""137.0.3296.62"",""user"":""NT AUTHORITY\\\\SYSTEM""}}}",log,"Jun 9, 2025 @ 19:36:28.486",EventChannel,1749477988.1858625,"Jun 9, 2025 @ 19:36:28.486", , , , , , , , , , , , , , , , , , , , , , , , , , , , , , , , , , , , , , , , , , , , , , , , , , , ,\\REGISTRY\\A\\{4fc400b6-a755-4f91-a203-75735e25b097}\\Root\\InventoryApplicationFile\\msedge.exe|d27b57360cd4a4cf\\BinProductVersion,InvDB-Ver,137.0.3296.62,SetValue, , , , , , , , , , , , , , , , , , , , , , , , , , , , , , 
wazuh-alerts-4.x-2025.06.09,XuADVZcBD7y1GXNG34Ya,1,1,192.168.254.162,DESKTOP-O7P9I53,001,hat-VMware-Virtual-Platform, ,C:\\Windows\\system32\\CompatTelRunner.exe, , , , , ,{154c2aaf-ea3a-6846-4001-000000001800}, , ,936, ,2025-06-09 14:06:27.021, , , , , , ,NT AUTHORITY\\SYSTEM, , ,13,0x8000000000000000,{5770385f-c22a-43e0-bf4c-06f5698ffbd9},4,Microsoft-Windows-Sysmon/Operational,0,"""Registry value set:
RuleName: InvDB-Pub
EventType: SetValue
UtcTime: 2025-06-09 14:06:27.021
ProcessGuid: {154c2aaf-ea3a-6846-4001-000000001800}
ProcessId: 936
Image: C:\Windows\system32\CompatTelRunner.exe
TargetObject: \REGISTRY\A\{4fc400b6-a755-4f91-a203-75735e25b097}\Root\InventoryApplicationFile\msedge_proxy.exe|4ee55cb70447a0c6\Publisher
Details: microsoft corporation
User: NT AUTHORITY\SYSTEM""",2,2025-06-09T14:06:27.0354838Z,30954,5512,DESKTOP-O7P9I53,13,3292,INFORMATION,Microsoft-Windows-Sysmon,208,false,5,Sysmon - Event 13: RegistryEvent SetValue on \\REGISTRY\\A\\{4fc400b6-a755-4f91-a203-75735e25b097}\\Root\\InventoryApplicationFile\\msedge_proxy.exe|4ee55cb70447a0c6\\Publisher by C:\\Windows\\system32\\CompatTelRunner.exe,"[""windows"",""sysmon"",""sysmon_event_13""]",61615,windows_eventchannel,"{""win"":{""system"":{""providerName"":""Microsoft-Windows-Sysmon"",""providerGuid"":""{5770385f-c22a-43e0-bf4c-06f5698ffbd9}"",""eventID"":""13"",""version"":""2"",""level"":""4"",""task"":""13"",""opcode"":""0"",""keywords"":""0x8000000000000000"",""systemTime"":""2025-06-09T14:06:27.0354838Z"",""eventRecordID"":""30954"",""processID"":""3292"",""threadID"":""5512"",""channel"":""Microsoft-Windows-Sysmon/Operational"",""computer"":""DESKTOP-O7P9I53"",""severityValue"":""INFORMATION"",""message"":""\""Registry value set:\r\nRuleName: InvDB-Pub\r\nEventType: SetValue\r\nUtcTime: 2025-06-09 14:06:27.021\r\nProcessGuid: {154c2aaf-ea3a-6846-4001-000000001800}\r\nProcessId: 936\r\nImage: C:\\Windows\\system32\\CompatTelRunner.exe\r\nTargetObject: \\REGISTRY\\A\\{4fc400b6-a755-4f91-a203-75735e25b097}\\Root\\InventoryApplicationFile\\msedge_proxy.exe|4ee55cb70447a0c6\\Publisher\r\nDetails: microsoft corporation\r\nUser: NT AUTHORITY\\SYSTEM\""""},""eventdata"":{""ruleName"":""InvDB-Pub"",""eventType"":""SetValue"",""utcTime"":""2025-06-09 14:06:27.021"",""processGuid"":""{154c2aaf-ea3a-6846-4001-000000001800}"",""processId"":""936"",""image"":""C:\\\\Windows\\\\system32\\\\CompatTelRunner.exe"",""targetObject"":""\\\\REGISTRY\\\\A\\\\{4fc400b6-a755-4f91-a203-75735e25b097}\\\\Root\\\\InventoryApplicationFile\\\\msedge_proxy.exe|4ee55cb70447a0c6\\\\Publisher"",""details"":""microsoft corporation"",""user"":""NT AUTHORITY\\\\SYSTEM""}}}",log,"Jun 9, 2025 @ 19:36:28.516",EventChannel,1749477988.1865248,"Jun 9, 2025 @ 19:36:28.516", , , , , , , , , , , , , , , , , , , , , , , , , , , , , , , , , , , , , , , , , , , , , , , , , , , ,\\REGISTRY\\A\\{4fc400b6-a755-4f91-a203-75735e25b097}\\Root\\InventoryApplicationFile\\msedge_proxy.exe|4ee55cb70447a0c6\\Publisher,InvDB-Pub,microsoft corporation,SetValue, , , , , , , , , , , , , , , , , , , , , , , , , , , , , , 
wazuh-alerts-4.x-2025.06.09,YuADVZcBD7y1GXNG34Yb,1,1,192.168.254.162,DESKTOP-O7P9I53,001,hat-VMware-Virtual-Platform, ,C:\\Windows\\system32\\CompatTelRunner.exe, , , , , ,{154c2aaf-ea3a-6846-4001-000000001800}, , ,936, ,2025-06-09 14:06:27.240, , , , , , ,NT AUTHORITY\\SYSTEM, , ,13,0x8000000000000000,{5770385f-c22a-43e0-bf4c-06f5698ffbd9},4,Microsoft-Windows-Sysmon/Operational,0,"""Registry value set:
RuleName: InvDB-Pub
EventType: SetValue
UtcTime: 2025-06-09 14:06:27.240
ProcessGuid: {154c2aaf-ea3a-6846-4001-000000001800}
ProcessId: 936
Image: C:\Windows\system32\CompatTelRunner.exe
TargetObject: \REGISTRY\A\{4fc400b6-a755-4f91-a203-75735e25b097}\Root\InventoryApplicationFile\pwahelper.exe|20bf7484dcde13ee\Publisher
Details: microsoft corporation
User: NT AUTHORITY\SYSTEM""",2,2025-06-09T14:06:27.2520610Z,30958,5512,DESKTOP-O7P9I53,13,3292,INFORMATION,Microsoft-Windows-Sysmon,212,false,5,Sysmon - Event 13: RegistryEvent SetValue on \\REGISTRY\\A\\{4fc400b6-a755-4f91-a203-75735e25b097}\\Root\\InventoryApplicationFile\\pwahelper.exe|20bf7484dcde13ee\\Publisher by C:\\Windows\\system32\\CompatTelRunner.exe,"[""windows"",""sysmon"",""sysmon_event_13""]",61615,windows_eventchannel,"{""win"":{""system"":{""providerName"":""Microsoft-Windows-Sysmon"",""providerGuid"":""{5770385f-c22a-43e0-bf4c-06f5698ffbd9}"",""eventID"":""13"",""version"":""2"",""level"":""4"",""task"":""13"",""opcode"":""0"",""keywords"":""0x8000000000000000"",""systemTime"":""2025-06-09T14:06:27.2520610Z"",""eventRecordID"":""30958"",""processID"":""3292"",""threadID"":""5512"",""channel"":""Microsoft-Windows-Sysmon/Operational"",""computer"":""DESKTOP-O7P9I53"",""severityValue"":""INFORMATION"",""message"":""\""Registry value set:\r\nRuleName: InvDB-Pub\r\nEventType: SetValue\r\nUtcTime: 2025-06-09 14:06:27.240\r\nProcessGuid: {154c2aaf-ea3a-6846-4001-000000001800}\r\nProcessId: 936\r\nImage: C:\\Windows\\system32\\CompatTelRunner.exe\r\nTargetObject: \\REGISTRY\\A\\{4fc400b6-a755-4f91-a203-75735e25b097}\\Root\\InventoryApplicationFile\\pwahelper.exe|20bf7484dcde13ee\\Publisher\r\nDetails: microsoft corporation\r\nUser: NT AUTHORITY\\SYSTEM\""""},""eventdata"":{""ruleName"":""InvDB-Pub"",""eventType"":""SetValue"",""utcTime"":""2025-06-09 14:06:27.240"",""processGuid"":""{154c2aaf-ea3a-6846-4001-000000001800}"",""processId"":""936"",""image"":""C:\\\\Windows\\\\system32\\\\CompatTelRunner.exe"",""targetObject"":""\\\\REGISTRY\\\\A\\\\{4fc400b6-a755-4f91-a203-75735e25b097}\\\\Root\\\\InventoryApplicationFile\\\\pwahelper.exe|20bf7484dcde13ee\\\\Publisher"",""details"":""microsoft corporation"",""user"":""NT AUTHORITY\\\\SYSTEM""}}}",log,"Jun 9, 2025 @ 19:36:28.582",EventChannel,1749477988.1878309,"Jun 9, 2025 @ 19:36:28.582", , , , , , , , , , , , , , , , , , , , , , , , , , , , , , , , , , , , , , , , , , , , , , , , , , , ,\\REGISTRY\\A\\{4fc400b6-a755-4f91-a203-75735e25b097}\\Root\\InventoryApplicationFile\\pwahelper.exe|20bf7484dcde13ee\\Publisher,InvDB-Pub,microsoft corporation,SetValue, , , , , , , , , , , , , , , , , , , , , , , , , , , , , , 
wazuh-alerts-4.x-2025.06.09,ceADVZcBD7y1GXNG34Yb,1,1,192.168.254.162,DESKTOP-O7P9I53,001,hat-VMware-Virtual-Platform, ,C:\\Windows\\System32\\wbem\\WmiPrvSE.exe, , , , , ,{154c2aaf-e987-6846-7700-000000001800}, , ,5384, ,2025-06-09 14:06:32.135, , , , , , ,NT AUTHORITY\\NETWORK SERVICE, , ,22,0x8000000000000000,{5770385f-c22a-43e0-bf4c-06f5698ffbd9},4,Microsoft-Windows-Sysmon/Operational,0,"""Dns query:
RuleName: -
UtcTime: 2025-06-09 14:06:32.135
ProcessGuid: {154c2aaf-e987-6846-7700-000000001800}
ProcessId: 5384
QueryName: DESKTOP-O7P9I53
QueryStatus: 0
QueryResults: fe80::de68:b398:b0bc:6003;::ffff:192.168.254.162;
Image: C:\Windows\System32\wbem\WmiPrvSE.exe
User: NT AUTHORITY\NETWORK SERVICE""",5,2025-06-09T14:06:34.1398287Z,30979,5672,DESKTOP-O7P9I53,22,3292,INFORMATION,Microsoft-Windows-Sysmon,2,false,5,Sysmon - Event 22: DNS Query event,"[""windows"",""sysmon"",""sysmon_event_22""]",61650,windows_eventchannel,"{""win"":{""system"":{""providerName"":""Microsoft-Windows-Sysmon"",""providerGuid"":""{5770385f-c22a-43e0-bf4c-06f5698ffbd9}"",""eventID"":""22"",""version"":""5"",""level"":""4"",""task"":""22"",""opcode"":""0"",""keywords"":""0x8000000000000000"",""systemTime"":""2025-06-09T14:06:34.1398287Z"",""eventRecordID"":""30979"",""processID"":""3292"",""threadID"":""5672"",""channel"":""Microsoft-Windows-Sysmon/Operational"",""computer"":""DESKTOP-O7P9I53"",""severityValue"":""INFORMATION"",""message"":""\""Dns query:\r\nRuleName: -\r\nUtcTime: 2025-06-09 14:06:32.135\r\nProcessGuid: {154c2aaf-e987-6846-7700-000000001800}\r\nProcessId: 5384\r\nQueryName: DESKTOP-O7P9I53\r\nQueryStatus: 0\r\nQueryResults: fe80::de68:b398:b0bc:6003;::ffff:192.168.254.162;\r\nImage: C:\\Windows\\System32\\wbem\\WmiPrvSE.exe\r\nUser: NT AUTHORITY\\NETWORK SERVICE\""""},""eventdata"":{""utcTime"":""2025-06-09 14:06:32.135"",""processGuid"":""{154c2aaf-e987-6846-7700-000000001800}"",""processId"":""5384"",""queryName"":""DESKTOP-O7P9I53"",""queryStatus"":""0"",""queryResults"":""fe80::de68:b398:b0bc:6003;::ffff:192.168.254.162;"",""image"":""C:\\\\Windows\\\\System32\\\\wbem\\\\WmiPrvSE.exe"",""user"":""NT AUTHORITY\\\\NETWORK SERVICE""}}}",log,"Jun 9, 2025 @ 19:36:34.853",EventChannel,1749477994.1942845,"Jun 9, 2025 @ 19:36:34.853", , , , , , , , , , , , , , , , , , , , , , , , , , , , , , , , , , , , , , , , , , , , , , , , ,0,DESKTOP-O7P9I53,fe80::de68:b398:b0bc:6003;::ffff:192.168.254.162;, , , , , , , , , , , , , , , , , , , , , , , , , , , , , , , , , , 
wazuh-alerts-4.x-2025.06.09,deADVZcBD7y1GXNG34Yb,1,1,192.168.254.162,DESKTOP-O7P9I53,001,hat-VMware-Virtual-Platform, ,C:\\Windows\\system32\\services.exe, , , , , ,{154c2aaf-e981-6846-0b00-000000001800}, , ,648, ,2025-06-09 14:06:39.983, , , , , , ,NT AUTHORITY\\SYSTEM, , ,13,0x8000000000000000,{5770385f-c22a-43e0-bf4c-06f5698ffbd9},4,Microsoft-Windows-Sysmon/Operational,0,"""Registry value set:
RuleName: T1031,T1050
EventType: SetValue
UtcTime: 2025-06-09 14:06:39.983
ProcessGuid: {154c2aaf-e981-6846-0b00-000000001800}
ProcessId: 648
Image: C:\Windows\system32\services.exe
TargetObject: HKLM\System\CurrentControlSet\Services\MicrosoftEdgeElevationService\ImagePath
Details: ""C:\Program Files (x86)\Microsoft\Edge\Application\137.0.3296.68\elevation_service.exe""
User: NT AUTHORITY\SYSTEM""",2,2025-06-09T14:06:39.9998154Z,31029,5512,DESKTOP-O7P9I53,13,3292,INFORMATION,Microsoft-Windows-Sysmon,1,false,3,"Evidence of new service creation found in registry under HKLM\\System\\CurrentControlSet\\Services\\MicrosoftEdgeElevationService\\ImagePath binary is: \""C:\\Program Files (x86)\\Microsoft\\Edge\\Application\\137.0.3296.68\\elevation_service.exe\""","[""sysmon"",""sysmon_eid13_detections"",""windows""]",92307,windows_eventchannel, ,log,"Jun 9, 2025 @ 19:36:40.696",EventChannel,1749478000.1953240,"Jun 9, 2025 @ 19:36:40.696", , ,"[""Windows Service""]","[""T1543.003""]","[""Persistence"",""Privilege Escalation""]", , , , , , , , , , , , , , , , , , , , , , , , , , , , , , , , , , , , , , , , , , , , , , ,HKLM\\System\\CurrentControlSet\\Services\\MicrosoftEdgeElevationService\\ImagePath,"T1031,T1050","\""C:\\Program Files (x86)\\Microsoft\\Edge\\Application\\137.0.3296.68\\elevation_service.exe\""",SetValue, , , , , , , , , , , , , , , , , , , , , , , , , , , , , , 
wazuh-alerts-4.x-2025.06.09,eOADVZcBD7y1GXNG34Yb,1,1,192.168.254.162,DESKTOP-O7P9I53,001,hat-VMware-Virtual-Platform, ,C:\\Program Files (x86)\\Microsoft\\EdgeUpdate\\Install\\{98BF926B-54C2-461A-9855-EA9671B54B57}\\EDGEMITMP_B97F5.tmp\\setup.exe, , , , , ,{154c2aaf-ea46-6846-4501-000000001800}, , ,2588, ,2025-06-09 14:06:40.014, , , , , , ,NT AUTHORITY\\SYSTEM, , ,13,0x8000000000000000,{5770385f-c22a-43e0-bf4c-06f5698ffbd9},4,Microsoft-Windows-Sysmon/Operational,0,"""Registry value set:
RuleName: T1122
EventType: SetValue
UtcTime: 2025-06-09 14:06:40.014
ProcessGuid: {154c2aaf-ea46-6846-4501-000000001800}
ProcessId: 2588
Image: C:\Program Files (x86)\Microsoft\EdgeUpdate\Install\{98BF926B-54C2-461A-9855-EA9671B54B57}\EDGEMITMP_B97F5.tmp\setup.exe
TargetObject: HKCR\CLSID\{1FD49718-1D00-4B19-AF5F-070AF6D5D54C}\InprocServer32\(Default)
Details: C:\Program Files (x86)\Microsoft\Edge\Application\137.0.3296.68\BHO\ie_to_edge_bho_64.dll
User: NT AUTHORITY\SYSTEM""",2,2025-06-09T14:06:40.0284619Z,31030,5512,DESKTOP-O7P9I53,13,3292,INFORMATION,Microsoft-Windows-Sysmon,220,false,5,Sysmon - Event 13: RegistryEvent SetValue on HKCR\\CLSID\\{1FD49718-1D00-4B19-AF5F-070AF6D5D54C}\\InprocServer32\\(Default) by C:\\Program Files (x86)\\Microsoft\\EdgeUpdate\\Install\\{98BF926B-54C2-461A-9855-EA9671B54B57}\\EDGEMITMP_B97F5.tmp\\setup.exe,"[""windows"",""sysmon"",""sysmon_event_13""]",61615,windows_eventchannel,"{""win"":{""system"":{""providerName"":""Microsoft-Windows-Sysmon"",""providerGuid"":""{5770385f-c22a-43e0-bf4c-06f5698ffbd9}"",""eventID"":""13"",""version"":""2"",""level"":""4"",""task"":""13"",""opcode"":""0"",""keywords"":""0x8000000000000000"",""systemTime"":""2025-06-09T14:06:40.0284619Z"",""eventRecordID"":""31030"",""processID"":""3292"",""threadID"":""5512"",""channel"":""Microsoft-Windows-Sysmon/Operational"",""computer"":""DESKTOP-O7P9I53"",""severityValue"":""INFORMATION"",""message"":""\""Registry value set:\r\nRuleName: T1122\r\nEventType: SetValue\r\nUtcTime: 2025-06-09 14:06:40.014\r\nProcessGuid: {154c2aaf-ea46-6846-4501-000000001800}\r\nProcessId: 2588\r\nImage: C:\\Program Files (x86)\\Microsoft\\EdgeUpdate\\Install\\{98BF926B-54C2-461A-9855-EA9671B54B57}\\EDGEMITMP_B97F5.tmp\\setup.exe\r\nTargetObject: HKCR\\CLSID\\{1FD49718-1D00-4B19-AF5F-070AF6D5D54C}\\InprocServer32\\(Default)\r\nDetails: C:\\Program Files (x86)\\Microsoft\\Edge\\Application\\137.0.3296.68\\BHO\\ie_to_edge_bho_64.dll\r\nUser: NT AUTHORITY\\SYSTEM\""""},""eventdata"":{""ruleName"":""T1122"",""eventType"":""SetValue"",""utcTime"":""2025-06-09 14:06:40.014"",""processGuid"":""{154c2aaf-ea46-6846-4501-000000001800}"",""processId"":""2588"",""image"":""C:\\\\Program Files (x86)\\\\Microsoft\\\\EdgeUpdate\\\\Install\\\\{98BF926B-54C2-461A-9855-EA9671B54B57}\\\\EDGEMITMP_B97F5.tmp\\\\setup.exe"",""targetObject"":""HKCR\\\\CLSID\\\\{1FD49718-1D00-4B19-AF5F-070AF6D5D54C}\\\\InprocServer32\\\\(Default)"",""details"":""C:\\\\Program Files (x86)\\\\Microsoft\\\\Edge\\\\Application\\\\137.0.3296.68\\\\BHO\\\\ie_to_edge_bho_64.dll"",""user"":""NT AUTHORITY\\\\SYSTEM""}}}",log,"Jun 9, 2025 @ 19:36:40.727",EventChannel,1749478000.1963751,"Jun 9, 2025 @ 19:36:40.727", , , , , , , , , , , , , , , , , , , , , , , , , , , , , , , , , , , , , , , , , , , , , , , , , , , ,HKCR\\CLSID\\{1FD49718-1D00-4B19-AF5F-070AF6D5D54C}\\InprocServer32\\(Default),T1122,C:\\Program Files (x86)\\Microsoft\\Edge\\Application\\137.0.3296.68\\BHO\\ie_to_edge_bho_64.dll,SetValue, , , , , , , , , , , , , , , , , , , , , , , , , , , , , , 
wazuh-alerts-4.x-2025.06.09,e-ADVZcBD7y1GXNG34Yb,1,1,192.168.254.162,DESKTOP-O7P9I53,001,hat-VMware-Virtual-Platform, ,C:\\Program Files (x86)\\Microsoft\\EdgeUpdate\\Install\\{98BF926B-54C2-461A-9855-EA9671B54B57}\\EDGEMITMP_B97F5.tmp\\setup.exe, , , , , ,{154c2aaf-ea46-6846-4501-000000001800}, , ,2588, ,2025-06-09 14:06:40.045, , , , , , ,NT AUTHORITY\\SYSTEM, , ,13,0x8000000000000000,{5770385f-c22a-43e0-bf4c-06f5698ffbd9},4,Microsoft-Windows-Sysmon/Operational,0,"""Registry value set:
RuleName: T1176
EventType: SetValue
UtcTime: 2025-06-09 14:06:40.045
ProcessGuid: {154c2aaf-ea46-6846-4501-000000001800}
ProcessId: 2588
Image: C:\Program Files (x86)\Microsoft\EdgeUpdate\Install\{98BF926B-54C2-461A-9855-EA9671B54B57}\EDGEMITMP_B97F5.tmp\setup.exe
TargetObject: HKLM\SOFTWARE\Microsoft\Windows\CurrentVersion\Explorer\Browser Helper Objects\{1FD49718-1D00-4B19-AF5F-070AF6D5D54C}\NoExplorer
Details: 1
User: NT AUTHORITY\SYSTEM""",2,2025-06-09T14:06:40.0567077Z,31034,5512,DESKTOP-O7P9I53,13,3292,INFORMATION,Microsoft-Windows-Sysmon,223,false,5,Sysmon - Event 13: RegistryEvent SetValue on HKLM\\SOFTWARE\\Microsoft\\Windows\\CurrentVersion\\Explorer\\Browser Helper Objects\\{1FD49718-1D00-4B19-AF5F-070AF6D5D54C}\\NoExplorer by C:\\Program Files (x86)\\Microsoft\\EdgeUpdate\\Install\\{98BF926B-54C2-461A-9855-EA9671B54B57}\\EDGEMITMP_B97F5.tmp\\setup.exe,"[""windows"",""sysmon"",""sysmon_event_13""]",61615,windows_eventchannel,"{""win"":{""system"":{""providerName"":""Microsoft-Windows-Sysmon"",""providerGuid"":""{5770385f-c22a-43e0-bf4c-06f5698ffbd9}"",""eventID"":""13"",""version"":""2"",""level"":""4"",""task"":""13"",""opcode"":""0"",""keywords"":""0x8000000000000000"",""systemTime"":""2025-06-09T14:06:40.0567077Z"",""eventRecordID"":""31034"",""processID"":""3292"",""threadID"":""5512"",""channel"":""Microsoft-Windows-Sysmon/Operational"",""computer"":""DESKTOP-O7P9I53"",""severityValue"":""INFORMATION"",""message"":""\""Registry value set:\r\nRuleName: T1176\r\nEventType: SetValue\r\nUtcTime: 2025-06-09 14:06:40.045\r\nProcessGuid: {154c2aaf-ea46-6846-4501-000000001800}\r\nProcessId: 2588\r\nImage: C:\\Program Files (x86)\\Microsoft\\EdgeUpdate\\Install\\{98BF926B-54C2-461A-9855-EA9671B54B57}\\EDGEMITMP_B97F5.tmp\\setup.exe\r\nTargetObject: HKLM\\SOFTWARE\\Microsoft\\Windows\\CurrentVersion\\Explorer\\Browser Helper Objects\\{1FD49718-1D00-4B19-AF5F-070AF6D5D54C}\\NoExplorer\r\nDetails: 1\r\nUser: NT AUTHORITY\\SYSTEM\""""},""eventdata"":{""ruleName"":""T1176"",""eventType"":""SetValue"",""utcTime"":""2025-06-09 14:06:40.045"",""processGuid"":""{154c2aaf-ea46-6846-4501-000000001800}"",""processId"":""2588"",""image"":""C:\\\\Program Files (x86)\\\\Microsoft\\\\EdgeUpdate\\\\Install\\\\{98BF926B-54C2-461A-9855-EA9671B54B57}\\\\EDGEMITMP_B97F5.tmp\\\\setup.exe"",""targetObject"":""HKLM\\\\SOFTWARE\\\\Microsoft\\\\Windows\\\\CurrentVersion\\\\Explorer\\\\Browser Helper Objects\\\\{1FD49718-1D00-4B19-AF5F-070AF6D5D54C}\\\\NoExplorer"",""details"":""1"",""user"":""NT AUTHORITY\\\\SYSTEM""}}}",log,"Jun 9, 2025 @ 19:36:40.789",EventChannel,1749478000.1974671,"Jun 9, 2025 @ 19:36:40.789", , , , , , , , , , , , , , , , , , , , , , , , , , , , , , , , , , , , , , , , , , , , , , , , , , , ,HKLM\\SOFTWARE\\Microsoft\\Windows\\CurrentVersion\\Explorer\\Browser Helper Objects\\{1FD49718-1D00-4B19-AF5F-070AF6D5D54C}\\NoExplorer,T1176,1,SetValue, , , , , , , , , , , , , , , , , , , , , , , , , , , , , , 
wazuh-alerts-4.x-2025.06.09,fOADVZcBD7y1GXNG34Yb,1,1,192.168.254.162,DESKTOP-O7P9I53,001,hat-VMware-Virtual-Platform, ,C:\\Program Files (x86)\\Microsoft\\EdgeUpdate\\Install\\{98BF926B-54C2-461A-9855-EA9671B54B57}\\EDGEMITMP_B97F5.tmp\\setup.exe, , , , , ,{154c2aaf-ea46-6846-4501-000000001800}, , ,2588, ,2025-06-09 14:06:40.045, , , , , , ,NT AUTHORITY\\SYSTEM, , ,13,0x8000000000000000,{5770385f-c22a-43e0-bf4c-06f5698ffbd9},4,Microsoft-Windows-Sysmon/Operational,0,"""Registry value set:
RuleName: T1176
EventType: SetValue
UtcTime: 2025-06-09 14:06:40.045
ProcessGuid: {154c2aaf-ea46-6846-4501-000000001800}
ProcessId: 2588
Image: C:\Program Files (x86)\Microsoft\EdgeUpdate\Install\{98BF926B-54C2-461A-9855-EA9671B54B57}\EDGEMITMP_B97F5.tmp\setup.exe
TargetObject: HKLM\SOFTWARE\WOW6432Node\Microsoft\Windows\CurrentVersion\Explorer\Browser Helper Objects\{1FD49718-1D00-4B19-AF5F-070AF6D5D54C}\NoExplorer
Details: 1
User: NT AUTHORITY\SYSTEM""",2,2025-06-09T14:06:40.0586562Z,31035,5512,DESKTOP-O7P9I53,13,3292,INFORMATION,Microsoft-Windows-Sysmon,224,false,5,Sysmon - Event 13: RegistryEvent SetValue on HKLM\\SOFTWARE\\WOW6432Node\\Microsoft\\Windows\\CurrentVersion\\Explorer\\Browser Helper Objects\\{1FD49718-1D00-4B19-AF5F-070AF6D5D54C}\\NoExplorer by C:\\Program Files (x86)\\Microsoft\\EdgeUpdate\\Install\\{98BF926B-54C2-461A-9855-EA9671B54B57}\\EDGEMITMP_B97F5.tmp\\setup.exe,"[""windows"",""sysmon"",""sysmon_event_13""]",61615,windows_eventchannel,"{""win"":{""system"":{""providerName"":""Microsoft-Windows-Sysmon"",""providerGuid"":""{5770385f-c22a-43e0-bf4c-06f5698ffbd9}"",""eventID"":""13"",""version"":""2"",""level"":""4"",""task"":""13"",""opcode"":""0"",""keywords"":""0x8000000000000000"",""systemTime"":""2025-06-09T14:06:40.0586562Z"",""eventRecordID"":""31035"",""processID"":""3292"",""threadID"":""5512"",""channel"":""Microsoft-Windows-Sysmon/Operational"",""computer"":""DESKTOP-O7P9I53"",""severityValue"":""INFORMATION"",""message"":""\""Registry value set:\r\nRuleName: T1176\r\nEventType: SetValue\r\nUtcTime: 2025-06-09 14:06:40.045\r\nProcessGuid: {154c2aaf-ea46-6846-4501-000000001800}\r\nProcessId: 2588\r\nImage: C:\\Program Files (x86)\\Microsoft\\EdgeUpdate\\Install\\{98BF926B-54C2-461A-9855-EA9671B54B57}\\EDGEMITMP_B97F5.tmp\\setup.exe\r\nTargetObject: HKLM\\SOFTWARE\\WOW6432Node\\Microsoft\\Windows\\CurrentVersion\\Explorer\\Browser Helper Objects\\{1FD49718-1D00-4B19-AF5F-070AF6D5D54C}\\NoExplorer\r\nDetails: 1\r\nUser: NT AUTHORITY\\SYSTEM\""""},""eventdata"":{""ruleName"":""T1176"",""eventType"":""SetValue"",""utcTime"":""2025-06-09 14:06:40.045"",""processGuid"":""{154c2aaf-ea46-6846-4501-000000001800}"",""processId"":""2588"",""image"":""C:\\\\Program Files (x86)\\\\Microsoft\\\\EdgeUpdate\\\\Install\\\\{98BF926B-54C2-461A-9855-EA9671B54B57}\\\\EDGEMITMP_B97F5.tmp\\\\setup.exe"",""targetObject"":""HKLM\\\\SOFTWARE\\\\WOW6432Node\\\\Microsoft\\\\Windows\\\\CurrentVersion\\\\Explorer\\\\Browser Helper Objects\\\\{1FD49718-1D00-4B19-AF5F-070AF6D5D54C}\\\\NoExplorer"",""details"":""1"",""user"":""NT AUTHORITY\\\\SYSTEM""}}}",log,"Jun 9, 2025 @ 19:36:40.789",EventChannel,1749478000.1978232,"Jun 9, 2025 @ 19:36:40.789", , , , , , , , , , , , , , , , , , , , , , , , , , , , , , , , , , , , , , , , , , , , , , , , , , , ,HKLM\\SOFTWARE\\WOW6432Node\\Microsoft\\Windows\\CurrentVersion\\Explorer\\Browser Helper Objects\\{1FD49718-1D00-4B19-AF5F-070AF6D5D54C}\\NoExplorer,T1176,1,SetValue, , , , , , , , , , , , , , , , , , , , , , , , , , , , , , 
wazuh-alerts-4.x-2025.06.09,geADVZcBD7y1GXNG34Yb,1,1,192.168.254.162,DESKTOP-O7P9I53,001,hat-VMware-Virtual-Platform,setup.exe,C:\\Program Files (x86)\\Microsoft\\EdgeUpdate\\Install\\{98BF926B-54C2-461A-9855-EA9671B54B57}\\EDGEMITMP_B97F5.tmp\\setup.exe,Microsoft Edge Installer,{154c2aaf-ea70-6846-5001-000000001800},Microsoft Edge Installer,{154c2aaf-e981-6846-e703-000000000000},"\""C:\\Program Files (x86)\\Microsoft\\EdgeUpdate\\Install\\{98BF926B-54C2-461A-9855-EA9671B54B57}\\EDGEMITMP_B97F5.tmp\\setup.exe\"" --msedge --channel=stable --system-level --verbose-logging --create-shortcuts=2 --install-level=1",{154c2aaf-ea70-6846-5101-000000001800},0x3e7,1488,4360,C:\\Program Files (x86)\\Microsoft\\EdgeUpdate\\1.3.195.61\\,2025-06-09 14:06:40.277,"MD5=F8B8278BD510843E63F2D9587341453F,SHA256=5FCA37C5BDC26814E4D16DDF14C6F6CBFED239751AA363158F504513B2A3E726,IMPHASH=FEAAA161935B3C215BB6530DC11DB019",C:\\Program Files (x86)\\Microsoft\\EdgeUpdate\\Install\\{98BF926B-54C2-461A-9855-EA9671B54B57}\\EDGEMITMP_B97F5.tmp\\setup.exe,Microsoft Corporation,"\""C:\\Program Files (x86)\\Microsoft\\EdgeUpdate\\Install\\{98BF926B-54C2-461A-9855-EA9671B54B57}\\EDGEMITMP_B97F5.tmp\\setup.exe\"" --type=crashpad-handler /prefetch:4 --monitor-self-annotation=ptype=crashpad-handler --database=C:\\Windows\\SystemTemp\\MsEdgeCrashpad --annotation=IsOfficialBuild=1 --annotation=channel= --annotation=chromium-version=137.0.7151.69 \""--annotation=exe=C:\\Program Files (x86)\\Microsoft\\EdgeUpdate\\Install\\{98BF926B-54C2-461A-9855-EA9671B54B57}\\EDGEMITMP_B97F5.tmp\\setup.exe\"" --annotation=plat=Win64 --annotation=prod=Edge --annotation=ver=137.0.3296.68 --initial-client-data=0x240,0x244,0x248,0x21c,0x24c,0x7ff6441853f8,0x7ff644185404,0x7ff644185410",System,137.0.3296.68,NT AUTHORITY\\SYSTEM,0,NT AUTHORITY\\SYSTEM,1,0x8000000000000000,{5770385f-c22a-43e0-bf4c-06f5698ffbd9},4,Microsoft-Windows-Sysmon/Operational,0,"""Process Create:
RuleName: -
UtcTime: 2025-06-09 14:06:40.277
ProcessGuid: {154c2aaf-ea70-6846-5101-000000001800}
ProcessId: 4360
Image: C:\Program Files (x86)\Microsoft\EdgeUpdate\Install\{98BF926B-54C2-461A-9855-EA9671B54B57}\EDGEMITMP_B97F5.tmp\setup.exe
FileVersion: 137.0.3296.68
Description: Microsoft Edge Installer
Product: Microsoft Edge Installer
Company: Microsoft Corporation
OriginalFileName: setup.exe
CommandLine: ""C:\Program Files (x86)\Microsoft\EdgeUpdate\Install\{98BF926B-54C2-461A-9855-EA9671B54B57}\EDGEMITMP_B97F5.tmp\setup.exe"" --type=crashpad-handler /prefetch:4 --monitor-self-annotation=ptype=crashpad-handler --database=C:\Windows\SystemTemp\MsEdgeCrashpad --annotation=IsOfficialBuild=1 --annotation=channel= --annotation=chromium-version=137.0.7151.69 ""--annotation=exe=C:\Program Files (x86)\Microsoft\EdgeUpdate\Install\{98BF926B-54C2-461A-9855-EA9671B54B57}\EDGEMITMP_B97F5.tmp\setup.exe"" --annotation=plat=Win64 --annotation=prod=Edge --annotation=ver=137.0.3296.68 --initial-client-data=0x240,0x244,0x248,0x21c,0x24c,0x7ff6441853f8,0x7ff644185404,0x7ff644185410
CurrentDirectory: C:\Program Files (x86)\Microsoft\EdgeUpdate\1.3.195.61\
User: NT AUTHORITY\SYSTEM
LogonGuid: {154c2aaf-e981-6846-e703-000000000000}
LogonId: 0x3E7
TerminalSessionId: 0
IntegrityLevel: System
Hashes: MD5=F8B8278BD510843E63F2D9587341453F,SHA256=5FCA37C5BDC26814E4D16DDF14C6F6CBFED239751AA363158F504513B2A3E726,IMPHASH=FEAAA161935B3C215BB6530DC11DB019
ParentProcessGuid: {154c2aaf-ea70-6846-5001-000000001800}
ParentProcessId: 1488
ParentImage: C:\Program Files (x86)\Microsoft\EdgeUpdate\Install\{98BF926B-54C2-461A-9855-EA9671B54B57}\EDGEMITMP_B97F5.tmp\setup.exe
ParentCommandLine: ""C:\Program Files (x86)\Microsoft\EdgeUpdate\Install\{98BF926B-54C2-461A-9855-EA9671B54B57}\EDGEMITMP_B97F5.tmp\setup.exe"" --msedge --channel=stable --system-level --verbose-logging --create-shortcuts=2 --install-level=1
ParentUser: NT AUTHORITY\SYSTEM""",5,2025-06-09T14:06:40.2797165Z,31042,5512,DESKTOP-O7P9I53,1,3292,INFORMATION,Microsoft-Windows-Sysmon,31,false,5,Sysmon - Event 1: Process creation Microsoft Edge Installer,"[""windows"",""sysmon"",""sysmon_event1""]",61603,windows_eventchannel,"{""win"":{""system"":{""providerName"":""Microsoft-Windows-Sysmon"",""providerGuid"":""{5770385f-c22a-43e0-bf4c-06f5698ffbd9}"",""eventID"":""1"",""version"":""5"",""level"":""4"",""task"":""1"",""opcode"":""0"",""keywords"":""0x8000000000000000"",""systemTime"":""2025-06-09T14:06:40.2797165Z"",""eventRecordID"":""31042"",""processID"":""3292"",""threadID"":""5512"",""channel"":""Microsoft-Windows-Sysmon/Operational"",""computer"":""DESKTOP-O7P9I53"",""severityValue"":""INFORMATION"",""message"":""\""Process Create:\r\nRuleName: -\r\nUtcTime: 2025-06-09 14:06:40.277\r\nProcessGuid: {154c2aaf-ea70-6846-5101-000000001800}\r\nProcessId: 4360\r\nImage: C:\\Program Files (x86)\\Microsoft\\EdgeUpdate\\Install\\{98BF926B-54C2-461A-9855-EA9671B54B57}\\EDGEMITMP_B97F5.tmp\\setup.exe\r\nFileVersion: 137.0.3296.68\r\nDescription: Microsoft Edge Installer\r\nProduct: Microsoft Edge Installer\r\nCompany: Microsoft Corporation\r\nOriginalFileName: setup.exe\r\nCommandLine: \""C:\\Program Files (x86)\\Microsoft\\EdgeUpdate\\Install\\{98BF926B-54C2-461A-9855-EA9671B54B57}\\EDGEMITMP_B97F5.tmp\\setup.exe\"" --type=crashpad-handler /prefetch:4 --monitor-self-annotation=ptype=crashpad-handler --database=C:\\Windows\\SystemTemp\\MsEdgeCrashpad --annotation=IsOfficialBuild=1 --annotation=channel= --annotation=chromium-version=137.0.7151.69 \""--annotation=exe=C:\\Program Files (x86)\\Microsoft\\EdgeUpdate\\Install\\{98BF926B-54C2-461A-9855-EA9671B54B57}\\EDGEMITMP_B97F5.tmp\\setup.exe\"" --annotation=plat=Win64 --annotation=prod=Edge --annotation=ver=137.0.3296.68 --initial-client-data=0x240,0x244,0x248,0x21c,0x24c,0x7ff6441853f8,0x7ff644185404,0x7ff644185410\r\nCurrentDirectory: C:\\Program Files (x86)\\Microsoft\\EdgeUpdate\\1.3.195.61\\\r\nUser: NT AUTHORITY\\SYSTEM\r\nLogonGuid: {154c2aaf-e981-6846-e703-000000000000}\r\nLogonId: 0x3E7\r\nTerminalSessionId: 0\r\nIntegrityLevel: System\r\nHashes: MD5=F8B8278BD510843E63F2D9587341453F,SHA256=5FCA37C5BDC26814E4D16DDF14C6F6CBFED239751AA363158F504513B2A3E726,IMPHASH=FEAAA161935B3C215BB6530DC11DB019\r\nParentProcessGuid: {154c2aaf-ea70-6846-5001-000000001800}\r\nParentProcessId: 1488\r\nParentImage: C:\\Program Files (x86)\\Microsoft\\EdgeUpdate\\Install\\{98BF926B-54C2-461A-9855-EA9671B54B57}\\EDGEMITMP_B97F5.tmp\\setup.exe\r\nParentCommandLine: \""C:\\Program Files (x86)\\Microsoft\\EdgeUpdate\\Install\\{98BF926B-54C2-461A-9855-EA9671B54B57}\\EDGEMITMP_B97F5.tmp\\setup.exe\"" --msedge --channel=stable --system-level --verbose-logging --create-shortcuts=2 --install-level=1\r\nParentUser: NT AUTHORITY\\SYSTEM\""""},""eventdata"":{""utcTime"":""2025-06-09 14:06:40.277"",""processGuid"":""{154c2aaf-ea70-6846-5101-000000001800}"",""processId"":""4360"",""image"":""C:\\\\Program Files (x86)\\\\Microsoft\\\\EdgeUpdate\\\\Install\\\\{98BF926B-54C2-461A-9855-EA9671B54B57}\\\\EDGEMITMP_B97F5.tmp\\\\setup.exe"",""fileVersion"":""137.0.3296.68"",""description"":""Microsoft Edge Installer"",""product"":""Microsoft Edge Installer"",""company"":""Microsoft Corporation"",""originalFileName"":""setup.exe"",""commandLine"":""\\\""C:\\\\Program Files (x86)\\\\Microsoft\\\\EdgeUpdate\\\\Install\\\\{98BF926B-54C2-461A-9855-EA9671B54B57}\\\\EDGEMITMP_B97F5.tmp\\\\setup.exe\\\"" --type=crashpad-handler /prefetch:4 --monitor-self-annotation=ptype=crashpad-handler --database=C:\\\\Windows\\\\SystemTemp\\\\MsEdgeCrashpad --annotation=IsOfficialBuild=1 --annotation=channel= --annotation=chromium-version=137.0.7151.69 \\\""--annotation=exe=C:\\\\Program Files (x86)\\\\Microsoft\\\\EdgeUpdate\\\\Install\\\\{98BF926B-54C2-461A-9855-EA9671B54B57}\\\\EDGEMITMP_B97F5.tmp\\\\setup.exe\\\"" --annotation=plat=Win64 --annotation=prod=Edge --annotation=ver=137.0.3296.68 --initial-client-data=0x240,0x244,0x248,0x21c,0x24c,0x7ff6441853f8,0x7ff644185404,0x7ff644185410"",""currentDirectory"":""C:\\\\Program Files (x86)\\\\Microsoft\\\\EdgeUpdate\\\\1.3.195.61\\\\"",""user"":""NT AUTHORITY\\\\SYSTEM"",""logonGuid"":""{154c2aaf-e981-6846-e703-000000000000}"",""logonId"":""0x3e7"",""terminalSessionId"":""0"",""integrityLevel"":""System"",""hashes"":""MD5=F8B8278BD510843E63F2D9587341453F,SHA256=5FCA37C5BDC26814E4D16DDF14C6F6CBFED239751AA363158F504513B2A3E726,IMPHASH=FEAAA161935B3C215BB6530DC11DB019"",""parentProcessGuid"":""{154c2aaf-ea70-6846-5001-000000001800}"",""parentProcessId"":""1488"",""parentImage"":""C:\\\\Program Files (x86)\\\\Microsoft\\\\EdgeUpdate\\\\Install\\\\{98BF926B-54C2-461A-9855-EA9671B54B57}\\\\EDGEMITMP_B97F5.tmp\\\\setup.exe"",""parentCommandLine"":""\\\""C:\\\\Program Files (x86)\\\\Microsoft\\\\EdgeUpdate\\\\Install\\\\{98BF926B-54C2-461A-9855-EA9671B54B57}\\\\EDGEMITMP_B97F5.tmp\\\\setup.exe\\\"" --msedge --channel=stable --system-level --verbose-logging --create-shortcuts=2 --install-level=1"",""parentUser"":""NT AUTHORITY\\\\SYSTEM""}}}",log,"Jun 9, 2025 @ 19:36:40.924",EventChannel,1749478000.2001604,"Jun 9, 2025 @ 19:36:40.924", , , , , , , , , , , , , , , , , , , , , , , , , , , , , , , , , , , , , , , , , , , , , , , , , , , , , , , , , , , , , , , , , , , , , , , , , , , , , , , , , , , , , 
wazuh-alerts-4.x-2025.06.09,g-ADVZcBD7y1GXNG34af,1,1,192.168.254.162,DESKTOP-O7P9I53,001,hat-VMware-Virtual-Platform, ,C:\\Program Files (x86)\\Microsoft\\EdgeUpdate\\Install\\{98BF926B-54C2-461A-9855-EA9671B54B57}\\EDGEMITMP_B97F5.tmp\\setup.exe, , , , , ,{154c2aaf-ea46-6846-4501-000000001800}, , ,2588, ,2025-06-09 14:06:40.514, , , , , , ,NT AUTHORITY\\SYSTEM, , ,13,0x8000000000000000,{5770385f-c22a-43e0-bf4c-06f5698ffbd9},4,Microsoft-Windows-Sysmon/Operational,0,"""Registry value set:
RuleName: T1042
EventType: SetValue
UtcTime: 2025-06-09 14:06:40.514
ProcessGuid: {154c2aaf-ea46-6846-4501-000000001800}
ProcessId: 2588
Image: C:\Program Files (x86)\Microsoft\EdgeUpdate\Install\{98BF926B-54C2-461A-9855-EA9671B54B57}\EDGEMITMP_B97F5.tmp\setup.exe
TargetObject: HKCR\MSEdgeHTM\shell\open\command\(Default)
Details: ""C:\Program Files (x86)\Microsoft\Edge\Application\msedge.exe"" --single-argument Incorrect function.
User: NT AUTHORITY\SYSTEM""",2,2025-06-09T14:06:40.5258126Z,31045,5512,DESKTOP-O7P9I53,13,3292,INFORMATION,Microsoft-Windows-Sysmon,229,false,5,Sysmon - Event 13: RegistryEvent SetValue on HKCR\\MSEdgeHTM\\shell\\open\\command\\(Default) by C:\\Program Files (x86)\\Microsoft\\EdgeUpdate\\Install\\{98BF926B-54C2-461A-9855-EA9671B54B57}\\EDGEMITMP_B97F5.tmp\\setup.exe,"[""windows"",""sysmon"",""sysmon_event_13""]",61615,windows_eventchannel,"{""win"":{""system"":{""providerName"":""Microsoft-Windows-Sysmon"",""providerGuid"":""{5770385f-c22a-43e0-bf4c-06f5698ffbd9}"",""eventID"":""13"",""version"":""2"",""level"":""4"",""task"":""13"",""opcode"":""0"",""keywords"":""0x8000000000000000"",""systemTime"":""2025-06-09T14:06:40.5258126Z"",""eventRecordID"":""31045"",""processID"":""3292"",""threadID"":""5512"",""channel"":""Microsoft-Windows-Sysmon/Operational"",""computer"":""DESKTOP-O7P9I53"",""severityValue"":""INFORMATION"",""message"":""\""Registry value set:\r\nRuleName: T1042\r\nEventType: SetValue\r\nUtcTime: 2025-06-09 14:06:40.514\r\nProcessGuid: {154c2aaf-ea46-6846-4501-000000001800}\r\nProcessId: 2588\r\nImage: C:\\Program Files (x86)\\Microsoft\\EdgeUpdate\\Install\\{98BF926B-54C2-461A-9855-EA9671B54B57}\\EDGEMITMP_B97F5.tmp\\setup.exe\r\nTargetObject: HKCR\\MSEdgeHTM\\shell\\open\\command\\(Default)\r\nDetails: \""C:\\Program Files (x86)\\Microsoft\\Edge\\Application\\msedge.exe\"" --single-argument Incorrect function.\r\nUser: NT AUTHORITY\\SYSTEM\""""},""eventdata"":{""ruleName"":""T1042"",""eventType"":""SetValue"",""utcTime"":""2025-06-09 14:06:40.514"",""processGuid"":""{154c2aaf-ea46-6846-4501-000000001800}"",""processId"":""2588"",""image"":""C:\\\\Program Files (x86)\\\\Microsoft\\\\EdgeUpdate\\\\Install\\\\{98BF926B-54C2-461A-9855-EA9671B54B57}\\\\EDGEMITMP_B97F5.tmp\\\\setup.exe"",""targetObject"":""HKCR\\\\MSEdgeHTM\\\\shell\\\\open\\\\command\\\\(Default)"",""details"":""\\\""C:\\\\Program Files (x86)\\\\Microsoft\\\\Edge\\\\Application\\\\msedge.exe\\\"" --single-argument %%1"",""user"":""NT AUTHORITY\\\\SYSTEM""}}}",log,"Jun 9, 2025 @ 19:36:41.819",EventChannel,1749478001.2014766,"Jun 9, 2025 @ 19:36:41.819", , , , , , , , , , , , , , , , , , , , , , , , , , , , , , , , , , , , , , , , , , , , , , , , , , , ,HKCR\\MSEdgeHTM\\shell\\open\\command\\(Default),T1042,"\""C:\\Program Files (x86)\\Microsoft\\Edge\\Application\\msedge.exe\"" --single-argument %%1",SetValue, , , , , , , , , , , , , , , , , , , , , , , , , , , , , , 
wazuh-alerts-4.x-2025.06.09,hOADVZcBD7y1GXNG34af,1,1,192.168.254.162,DESKTOP-O7P9I53,001,hat-VMware-Virtual-Platform, ,C:\\Program Files (x86)\\Microsoft\\EdgeUpdate\\Install\\{98BF926B-54C2-461A-9855-EA9671B54B57}\\EDGEMITMP_B97F5.tmp\\setup.exe, , , , , ,{154c2aaf-ea46-6846-4501-000000001800}, , ,2588, ,2025-06-09 14:06:40.514, , , , , , ,NT AUTHORITY\\SYSTEM, , ,13,0x8000000000000000,{5770385f-c22a-43e0-bf4c-06f5698ffbd9},4,Microsoft-Windows-Sysmon/Operational,0,"""Registry value set:
RuleName: T1042
EventType: SetValue
UtcTime: 2025-06-09 14:06:40.514
ProcessGuid: {154c2aaf-ea46-6846-4501-000000001800}
ProcessId: 2588
Image: C:\Program Files (x86)\Microsoft\EdgeUpdate\Install\{98BF926B-54C2-461A-9855-EA9671B54B57}\EDGEMITMP_B97F5.tmp\setup.exe
TargetObject: HKCR\MSEdgeHTM\shell\runas\command\(Default)
Details: ""C:\Program Files (x86)\Microsoft\Edge\Application\msedge.exe"" --do-not-de-elevate --single-argument Incorrect function.
User: NT AUTHORITY\SYSTEM""",2,2025-06-09T14:06:40.5274409Z,31046,5512,DESKTOP-O7P9I53,13,3292,INFORMATION,Microsoft-Windows-Sysmon,230,false,5,Sysmon - Event 13: RegistryEvent SetValue on HKCR\\MSEdgeHTM\\shell\\runas\\command\\(Default) by C:\\Program Files (x86)\\Microsoft\\EdgeUpdate\\Install\\{98BF926B-54C2-461A-9855-EA9671B54B57}\\EDGEMITMP_B97F5.tmp\\setup.exe,"[""windows"",""sysmon"",""sysmon_event_13""]",61615,windows_eventchannel,"{""win"":{""system"":{""providerName"":""Microsoft-Windows-Sysmon"",""providerGuid"":""{5770385f-c22a-43e0-bf4c-06f5698ffbd9}"",""eventID"":""13"",""version"":""2"",""level"":""4"",""task"":""13"",""opcode"":""0"",""keywords"":""0x8000000000000000"",""systemTime"":""2025-06-09T14:06:40.5274409Z"",""eventRecordID"":""31046"",""processID"":""3292"",""threadID"":""5512"",""channel"":""Microsoft-Windows-Sysmon/Operational"",""computer"":""DESKTOP-O7P9I53"",""severityValue"":""INFORMATION"",""message"":""\""Registry value set:\r\nRuleName: T1042\r\nEventType: SetValue\r\nUtcTime: 2025-06-09 14:06:40.514\r\nProcessGuid: {154c2aaf-ea46-6846-4501-000000001800}\r\nProcessId: 2588\r\nImage: C:\\Program Files (x86)\\Microsoft\\EdgeUpdate\\Install\\{98BF926B-54C2-461A-9855-EA9671B54B57}\\EDGEMITMP_B97F5.tmp\\setup.exe\r\nTargetObject: HKCR\\MSEdgeHTM\\shell\\runas\\command\\(Default)\r\nDetails: \""C:\\Program Files (x86)\\Microsoft\\Edge\\Application\\msedge.exe\"" --do-not-de-elevate --single-argument Incorrect function.\r\nUser: NT AUTHORITY\\SYSTEM\""""},""eventdata"":{""ruleName"":""T1042"",""eventType"":""SetValue"",""utcTime"":""2025-06-09 14:06:40.514"",""processGuid"":""{154c2aaf-ea46-6846-4501-000000001800}"",""processId"":""2588"",""image"":""C:\\\\Program Files (x86)\\\\Microsoft\\\\EdgeUpdate\\\\Install\\\\{98BF926B-54C2-461A-9855-EA9671B54B57}\\\\EDGEMITMP_B97F5.tmp\\\\setup.exe"",""targetObject"":""HKCR\\\\MSEdgeHTM\\\\shell\\\\runas\\\\command\\\\(Default)"",""details"":""\\\""C:\\\\Program Files (x86)\\\\Microsoft\\\\Edge\\\\Application\\\\msedge.exe\\\"" --do-not-de-elevate --single-argument %%1"",""user"":""NT AUTHORITY\\\\SYSTEM""}}}",log,"Jun 9, 2025 @ 19:36:41.850",EventChannel,1749478001.2018283,"Jun 9, 2025 @ 19:36:41.850", , , , , , , , , , , , , , , , , , , , , , , , , , , , , , , , , , , , , , , , , , , , , , , , , , , ,HKCR\\MSEdgeHTM\\shell\\runas\\command\\(Default),T1042,"\""C:\\Program Files (x86)\\Microsoft\\Edge\\Application\\msedge.exe\"" --do-not-de-elevate --single-argument %%1",SetValue, , , , , , , , , , , , , , , , , , , , , , , , , , , , , , 
wazuh-alerts-4.x-2025.06.09,heADVZcBD7y1GXNG34af,1,1,192.168.254.162,DESKTOP-O7P9I53,001,hat-VMware-Virtual-Platform, ,C:\\Program Files (x86)\\Microsoft\\EdgeUpdate\\Install\\{98BF926B-54C2-461A-9855-EA9671B54B57}\\EDGEMITMP_B97F5.tmp\\setup.exe, , , , , ,{154c2aaf-ea46-6846-4501-000000001800}, , ,2588, ,2025-06-09 14:06:40.530, , , , , , ,NT AUTHORITY\\SYSTEM, , ,13,0x8000000000000000,{5770385f-c22a-43e0-bf4c-06f5698ffbd9},4,Microsoft-Windows-Sysmon/Operational,0,"""Registry value set:
RuleName: T1042
EventType: SetValue
UtcTime: 2025-06-09 14:06:40.530
ProcessGuid: {154c2aaf-ea46-6846-4501-000000001800}
ProcessId: 2588
Image: C:\Program Files (x86)\Microsoft\EdgeUpdate\Install\{98BF926B-54C2-461A-9855-EA9671B54B57}\EDGEMITMP_B97F5.tmp\setup.exe
TargetObject: HKCR\MSEdgePDF\shell\open\command\(Default)
Details: ""C:\Program Files (x86)\Microsoft\Edge\Application\msedge.exe"" --single-argument Incorrect function.
User: NT AUTHORITY\SYSTEM""",2,2025-06-09T14:06:40.5336269Z,31047,5512,DESKTOP-O7P9I53,13,3292,INFORMATION,Microsoft-Windows-Sysmon,231,false,5,Sysmon - Event 13: RegistryEvent SetValue on HKCR\\MSEdgePDF\\shell\\open\\command\\(Default) by C:\\Program Files (x86)\\Microsoft\\EdgeUpdate\\Install\\{98BF926B-54C2-461A-9855-EA9671B54B57}\\EDGEMITMP_B97F5.tmp\\setup.exe,"[""windows"",""sysmon"",""sysmon_event_13""]",61615,windows_eventchannel,"{""win"":{""system"":{""providerName"":""Microsoft-Windows-Sysmon"",""providerGuid"":""{5770385f-c22a-43e0-bf4c-06f5698ffbd9}"",""eventID"":""13"",""version"":""2"",""level"":""4"",""task"":""13"",""opcode"":""0"",""keywords"":""0x8000000000000000"",""systemTime"":""2025-06-09T14:06:40.5336269Z"",""eventRecordID"":""31047"",""processID"":""3292"",""threadID"":""5512"",""channel"":""Microsoft-Windows-Sysmon/Operational"",""computer"":""DESKTOP-O7P9I53"",""severityValue"":""INFORMATION"",""message"":""\""Registry value set:\r\nRuleName: T1042\r\nEventType: SetValue\r\nUtcTime: 2025-06-09 14:06:40.530\r\nProcessGuid: {154c2aaf-ea46-6846-4501-000000001800}\r\nProcessId: 2588\r\nImage: C:\\Program Files (x86)\\Microsoft\\EdgeUpdate\\Install\\{98BF926B-54C2-461A-9855-EA9671B54B57}\\EDGEMITMP_B97F5.tmp\\setup.exe\r\nTargetObject: HKCR\\MSEdgePDF\\shell\\open\\command\\(Default)\r\nDetails: \""C:\\Program Files (x86)\\Microsoft\\Edge\\Application\\msedge.exe\"" --single-argument Incorrect function.\r\nUser: NT AUTHORITY\\SYSTEM\""""},""eventdata"":{""ruleName"":""T1042"",""eventType"":""SetValue"",""utcTime"":""2025-06-09 14:06:40.530"",""processGuid"":""{154c2aaf-ea46-6846-4501-000000001800}"",""processId"":""2588"",""image"":""C:\\\\Program Files (x86)\\\\Microsoft\\\\EdgeUpdate\\\\Install\\\\{98BF926B-54C2-461A-9855-EA9671B54B57}\\\\EDGEMITMP_B97F5.tmp\\\\setup.exe"",""targetObject"":""HKCR\\\\MSEdgePDF\\\\shell\\\\open\\\\command\\\\(Default)"",""details"":""\\\""C:\\\\Program Files (x86)\\\\Microsoft\\\\Edge\\\\Application\\\\msedge.exe\\\"" --single-argument %%1"",""user"":""NT AUTHORITY\\\\SYSTEM""}}}",log,"Jun 9, 2025 @ 19:36:41.851",EventChannel,1749478001.2021885,"Jun 9, 2025 @ 19:36:41.851", , , , , , , , , , , , , , , , , , , , , , , , , , , , , , , , , , , , , , , , , , , , , , , , , , , ,HKCR\\MSEdgePDF\\shell\\open\\command\\(Default),T1042,"\""C:\\Program Files (x86)\\Microsoft\\Edge\\Application\\msedge.exe\"" --single-argument %%1",SetValue, , , , , , , , , , , , , , , , , , , , , , , , , , , , , , 
wazuh-alerts-4.x-2025.06.09,ieADVZcBD7y1GXNG34af,1,1,192.168.254.162,DESKTOP-O7P9I53,001,hat-VMware-Virtual-Platform, ,C:\\Program Files (x86)\\Microsoft\\EdgeUpdate\\Install\\{98BF926B-54C2-461A-9855-EA9671B54B57}\\EDGEMITMP_B97F5.tmp\\setup.exe, , , , , ,{154c2aaf-ea46-6846-4501-000000001800}, , ,2588, ,2025-06-09 14:06:40.530, , , , , , ,NT AUTHORITY\\SYSTEM, , ,13,0x8000000000000000,{5770385f-c22a-43e0-bf4c-06f5698ffbd9},4,Microsoft-Windows-Sysmon/Operational,0,"""Registry value set:
RuleName: -
EventType: SetValue
UtcTime: 2025-06-09 14:06:40.530
ProcessGuid: {154c2aaf-ea46-6846-4501-000000001800}
ProcessId: 2588
Image: C:\Program Files (x86)\Microsoft\EdgeUpdate\Install\{98BF926B-54C2-461A-9855-EA9671B54B57}\EDGEMITMP_B97F5.tmp\setup.exe
TargetObject: HKLM\SOFTWARE\Microsoft\Windows\CurrentVersion\App Paths\msedge.exe\(Default)
Details: C:\Program Files (x86)\Microsoft\Edge\Application\msedge.exe
User: NT AUTHORITY\SYSTEM""",2,2025-06-09T14:06:40.5448477Z,31051,5512,DESKTOP-O7P9I53,13,3292,INFORMATION,Microsoft-Windows-Sysmon,235,false,5,Sysmon - Event 13: RegistryEvent SetValue on HKLM\\SOFTWARE\\Microsoft\\Windows\\CurrentVersion\\App Paths\\msedge.exe\\(Default) by C:\\Program Files (x86)\\Microsoft\\EdgeUpdate\\Install\\{98BF926B-54C2-461A-9855-EA9671B54B57}\\EDGEMITMP_B97F5.tmp\\setup.exe,"[""windows"",""sysmon"",""sysmon_event_13""]",61615,windows_eventchannel,"{""win"":{""system"":{""providerName"":""Microsoft-Windows-Sysmon"",""providerGuid"":""{5770385f-c22a-43e0-bf4c-06f5698ffbd9}"",""eventID"":""13"",""version"":""2"",""level"":""4"",""task"":""13"",""opcode"":""0"",""keywords"":""0x8000000000000000"",""systemTime"":""2025-06-09T14:06:40.5448477Z"",""eventRecordID"":""31051"",""processID"":""3292"",""threadID"":""5512"",""channel"":""Microsoft-Windows-Sysmon/Operational"",""computer"":""DESKTOP-O7P9I53"",""severityValue"":""INFORMATION"",""message"":""\""Registry value set:\r\nRuleName: -\r\nEventType: SetValue\r\nUtcTime: 2025-06-09 14:06:40.530\r\nProcessGuid: {154c2aaf-ea46-6846-4501-000000001800}\r\nProcessId: 2588\r\nImage: C:\\Program Files (x86)\\Microsoft\\EdgeUpdate\\Install\\{98BF926B-54C2-461A-9855-EA9671B54B57}\\EDGEMITMP_B97F5.tmp\\setup.exe\r\nTargetObject: HKLM\\SOFTWARE\\Microsoft\\Windows\\CurrentVersion\\App Paths\\msedge.exe\\(Default)\r\nDetails: C:\\Program Files (x86)\\Microsoft\\Edge\\Application\\msedge.exe\r\nUser: NT AUTHORITY\\SYSTEM\""""},""eventdata"":{""eventType"":""SetValue"",""utcTime"":""2025-06-09 14:06:40.530"",""processGuid"":""{154c2aaf-ea46-6846-4501-000000001800}"",""processId"":""2588"",""image"":""C:\\\\Program Files (x86)\\\\Microsoft\\\\EdgeUpdate\\\\Install\\\\{98BF926B-54C2-461A-9855-EA9671B54B57}\\\\EDGEMITMP_B97F5.tmp\\\\setup.exe"",""targetObject"":""HKLM\\\\SOFTWARE\\\\Microsoft\\\\Windows\\\\CurrentVersion\\\\App Paths\\\\msedge.exe\\\\(Default)"",""details"":""C:\\\\Program Files (x86)\\\\Microsoft\\\\Edge\\\\Application\\\\msedge.exe"",""user"":""NT AUTHORITY\\\\SYSTEM""}}}",log,"Jun 9, 2025 @ 19:36:41.928",EventChannel,1749478001.2036123,"Jun 9, 2025 @ 19:36:41.928", , , , , , , , , , , , , , , , , , , , , , , , , , , , , , , , , , , , , , , , , , , , , , , , , , , ,HKLM\\SOFTWARE\\Microsoft\\Windows\\CurrentVersion\\App Paths\\msedge.exe\\(Default), ,C:\\Program Files (x86)\\Microsoft\\Edge\\Application\\msedge.exe,SetValue, , , , , , , , , , , , , , , , , , , , , , , , , , , , , , 
