wazuh-alerts-4.x-2025.06.09,GKMBVZcB7NFPR1gL7DKj,1,1,192.168.254.162,DESKTOP-O7P9I53,001,hat-VMware-Virtual-Platform,AUDITPOL.EXE,C:\\Windows\\SysWOW64\\auditpol.exe,Microsoft® Windows® Operating System,{154c2aaf-e984-6846-5700-000000001800},Audit Policy Program,{154c2aaf-e981-6846-e703-000000000000},"\""C:\\Program Files (x86)\\ossec-agent\\wazuh-agent.exe\""",{154c2aaf-e99b-6846-ee00-000000001800},0x3e7,3480,6592,C:\\Program Files (x86)\\ossec-agent\\,2025-06-09 14:03:07.572,"MD5=DF7CD9AA34252DD4E0330FE964D5BDF7,SHA256=6A6C7FA1890DFB36F31780EABAB1A42FBBFAC43BC2DF14B97BF49B1E3EB1DEC6,IMPHASH=0C4B99BEEA5B3B9367B087A10A48BD92",C:\\Program Files (x86)\\ossec-agent\\wazuh-agent.exe,Microsoft Corporation,"auditpol.exe /get /subcategory:\""Other Logon/Logoff Events\""",System,10.0.19041.3636 (WinBuild.160101.0800),NT AUTHORITY\\SYSTEM,0,NT AUTHORITY\\SYSTEM,1,0x8000000000000000,{5770385f-c22a-43e0-bf4c-06f5698ffbd9},4,Microsoft-Windows-Sysmon/Operational,0,"""Process Create:
RuleName: -
UtcTime: 2025-06-09 14:03:07.572
ProcessGuid: {154c2aaf-e99b-6846-ee00-000000001800}
ProcessId: 6592
Image: C:\Windows\SysWOW64\auditpol.exe
FileVersion: 10.0.19041.3636 (WinBuild.160101.0800)
Description: Audit Policy Program
Product: Microsoft® Windows® Operating System
Company: Microsoft Corporation
OriginalFileName: AUDITPOL.EXE
CommandLine: auditpol.exe /get /subcategory:""Other Logon/Logoff Events""
CurrentDirectory: C:\Program Files (x86)\ossec-agent\
User: NT AUTHORITY\SYSTEM
LogonGuid: {154c2aaf-e981-6846-e703-000000000000}
LogonId: 0x3E7
TerminalSessionId: 0
IntegrityLevel: System
Hashes: MD5=DF7CD9AA34252DD4E0330FE964D5BDF7,SHA256=6A6C7FA1890DFB36F31780EABAB1A42FBBFAC43BC2DF14B97BF49B1E3EB1DEC6,IMPHASH=0C4B99BEEA5B3B9367B087A10A48BD92
ParentProcessGuid: {154c2aaf-e984-6846-5700-000000001800}
ParentProcessId: 3480
ParentImage: C:\Program Files (x86)\ossec-agent\wazuh-agent.exe
ParentCommandLine: ""C:\Program Files (x86)\ossec-agent\wazuh-agent.exe""
ParentUser: NT AUTHORITY\SYSTEM""",5,2025-06-09T14:03:07.5753959Z,30677,5512,DESKTOP-O7P9I53,1,3292,INFORMATION,Microsoft-Windows-Sysmon,68,false,5,Sysmon - Event 1: Process creation Audit Policy Program,"[""windows"",""sysmon"",""sysmon_event1""]",61603,windows_eventchannel,"{""win"":{""system"":{""providerName"":""Microsoft-Windows-Sysmon"",""providerGuid"":""{5770385f-c22a-43e0-bf4c-06f5698ffbd9}"",""eventID"":""1"",""version"":""5"",""level"":""4"",""task"":""1"",""opcode"":""0"",""keywords"":""0x8000000000000000"",""systemTime"":""2025-06-09T14:03:07.5753959Z"",""eventRecordID"":""30677"",""processID"":""3292"",""threadID"":""5512"",""channel"":""Microsoft-Windows-Sysmon/Operational"",""computer"":""DESKTOP-O7P9I53"",""severityValue"":""INFORMATION"",""message"":""\""Process Create:\r\nRuleName: -\r\nUtcTime: 2025-06-09 14:03:07.572\r\nProcessGuid: {154c2aaf-e99b-6846-ee00-000000001800}\r\nProcessId: 6592\r\nImage: C:\\Windows\\SysWOW64\\auditpol.exe\r\nFileVersion: 10.0.19041.3636 (WinBuild.160101.0800)\r\nDescription: Audit Policy Program\r\nProduct: Microsoft® Windows® Operating System\r\nCompany: Microsoft Corporation\r\nOriginalFileName: AUDITPOL.EXE\r\nCommandLine: auditpol.exe /get /subcategory:\""Other Logon/Logoff Events\""\r\nCurrentDirectory: C:\\Program Files (x86)\\ossec-agent\\\r\nUser: NT AUTHORITY\\SYSTEM\r\nLogonGuid: {154c2aaf-e981-6846-e703-000000000000}\r\nLogonId: 0x3E7\r\nTerminalSessionId: 0\r\nIntegrityLevel: System\r\nHashes: MD5=DF7CD9AA34252DD4E0330FE964D5BDF7,SHA256=6A6C7FA1890DFB36F31780EABAB1A42FBBFAC43BC2DF14B97BF49B1E3EB1DEC6,IMPHASH=0C4B99BEEA5B3B9367B087A10A48BD92\r\nParentProcessGuid: {154c2aaf-e984-6846-5700-000000001800}\r\nParentProcessId: 3480\r\nParentImage: C:\\Program Files (x86)\\ossec-agent\\wazuh-agent.exe\r\nParentCommandLine: \""C:\\Program Files (x86)\\ossec-agent\\wazuh-agent.exe\""\r\nParentUser: NT AUTHORITY\\SYSTEM\""""},""eventdata"":{""utcTime"":""2025-06-09 14:03:07.572"",""processGuid"":""{154c2aaf-e99b-6846-ee00-000000001800}"",""processId"":""6592"",""image"":""C:\\\\Windows\\\\SysWOW64\\\\auditpol.exe"",""fileVersion"":""10.0.19041.3636 (WinBuild.160101.0800)"",""description"":""Audit Policy Program"",""product"":""Microsoft® Windows® Operating System"",""company"":""Microsoft Corporation"",""originalFileName"":""AUDITPOL.EXE"",""commandLine"":""auditpol.exe /get /subcategory:\\\""Other Logon/Logoff Events\\\"""",""currentDirectory"":""C:\\\\Program Files (x86)\\\\ossec-agent\\\\"",""user"":""NT AUTHORITY\\\\SYSTEM"",""logonGuid"":""{154c2aaf-e981-6846-e703-000000000000}"",""logonId"":""0x3e7"",""terminalSessionId"":""0"",""integrityLevel"":""System"",""hashes"":""MD5=DF7CD9AA34252DD4E0330FE964D5BDF7,SHA256=6A6C7FA1890DFB36F31780EABAB1A42FBBFAC43BC2DF14B97BF49B1E3EB1DEC6,IMPHASH=0C4B99BEEA5B3B9367B087A10A48BD92"",""parentProcessGuid"":""{154c2aaf-e984-6846-5700-000000001800}"",""parentProcessId"":""3480"",""parentImage"":""C:\\\\Program Files (x86)\\\\ossec-agent\\\\wazuh-agent.exe"",""parentCommandLine"":""\\\""C:\\\\Program Files (x86)\\\\ossec-agent\\\\wazuh-agent.exe\\\"""",""parentUser"":""NT AUTHORITY\\\\SYSTEM""}}}",log,"Jun 9, 2025 @ 19:34:12.271",EventChannel,1749477852.798707,"Jun 9, 2025 @ 19:34:12.271", , , , , , , , , , , , , , , , , , , , , , , , , , , , , , , , , , , , , , , , , , , , , , , , , , , , , , , , , , , , , , , , , , , , , , , , , , , , , , , , , , , , , 
wazuh-alerts-4.x-2025.06.09,H6MBVZcB7NFPR1gL7DKj,1,1,192.168.254.162,DESKTOP-O7P9I53,001,hat-VMware-Virtual-Platform,AUDITPOL.EXE,C:\\Windows\\SysWOW64\\auditpol.exe,Microsoft® Windows® Operating System,{154c2aaf-e984-6846-5700-000000001800},Audit Policy Program,{154c2aaf-e981-6846-e703-000000000000},"\""C:\\Program Files (x86)\\ossec-agent\\wazuh-agent.exe\""",{154c2aaf-e99c-6846-fc00-000000001800},0x3e7,3480,4280,C:\\Program Files (x86)\\ossec-agent\\,2025-06-09 14:03:08.274,"MD5=DF7CD9AA34252DD4E0330FE964D5BDF7,SHA256=6A6C7FA1890DFB36F31780EABAB1A42FBBFAC43BC2DF14B97BF49B1E3EB1DEC6,IMPHASH=0C4B99BEEA5B3B9367B087A10A48BD92",C:\\Program Files (x86)\\ossec-agent\\wazuh-agent.exe,Microsoft Corporation,"auditpol.exe /get /subcategory:\""Authentication Policy Change\""",System,10.0.19041.3636 (WinBuild.160101.0800),NT AUTHORITY\\SYSTEM,0,NT AUTHORITY\\SYSTEM,1,0x8000000000000000,{5770385f-c22a-43e0-bf4c-06f5698ffbd9},4,Microsoft-Windows-Sysmon/Operational,0,"""Process Create:
RuleName: -
UtcTime: 2025-06-09 14:03:08.274
ProcessGuid: {154c2aaf-e99c-6846-fc00-000000001800}
ProcessId: 4280
Image: C:\Windows\SysWOW64\auditpol.exe
FileVersion: 10.0.19041.3636 (WinBuild.160101.0800)
Description: Audit Policy Program
Product: Microsoft® Windows® Operating System
Company: Microsoft Corporation
OriginalFileName: AUDITPOL.EXE
CommandLine: auditpol.exe /get /subcategory:""Authentication Policy Change""
CurrentDirectory: C:\Program Files (x86)\ossec-agent\
User: NT AUTHORITY\SYSTEM
LogonGuid: {154c2aaf-e981-6846-e703-000000000000}
LogonId: 0x3E7
TerminalSessionId: 0
IntegrityLevel: System
Hashes: MD5=DF7CD9AA34252DD4E0330FE964D5BDF7,SHA256=6A6C7FA1890DFB36F31780EABAB1A42FBBFAC43BC2DF14B97BF49B1E3EB1DEC6,IMPHASH=0C4B99BEEA5B3B9367B087A10A48BD92
ParentProcessGuid: {154c2aaf-e984-6846-5700-000000001800}
ParentProcessId: 3480
ParentImage: C:\Program Files (x86)\ossec-agent\wazuh-agent.exe
ParentCommandLine: ""C:\Program Files (x86)\ossec-agent\wazuh-agent.exe""
ParentUser: NT AUTHORITY\SYSTEM""",5,2025-06-09T14:03:08.2783955Z,30684,5512,DESKTOP-O7P9I53,1,3292,INFORMATION,Microsoft-Windows-Sysmon,75,false,5,Sysmon - Event 1: Process creation Audit Policy Program,"[""windows"",""sysmon"",""sysmon_event1""]",61603,windows_eventchannel,"{""win"":{""system"":{""providerName"":""Microsoft-Windows-Sysmon"",""providerGuid"":""{5770385f-c22a-43e0-bf4c-06f5698ffbd9}"",""eventID"":""1"",""version"":""5"",""level"":""4"",""task"":""1"",""opcode"":""0"",""keywords"":""0x8000000000000000"",""systemTime"":""2025-06-09T14:03:08.2783955Z"",""eventRecordID"":""30684"",""processID"":""3292"",""threadID"":""5512"",""channel"":""Microsoft-Windows-Sysmon/Operational"",""computer"":""DESKTOP-O7P9I53"",""severityValue"":""INFORMATION"",""message"":""\""Process Create:\r\nRuleName: -\r\nUtcTime: 2025-06-09 14:03:08.274\r\nProcessGuid: {154c2aaf-e99c-6846-fc00-000000001800}\r\nProcessId: 4280\r\nImage: C:\\Windows\\SysWOW64\\auditpol.exe\r\nFileVersion: 10.0.19041.3636 (WinBuild.160101.0800)\r\nDescription: Audit Policy Program\r\nProduct: Microsoft® Windows® Operating System\r\nCompany: Microsoft Corporation\r\nOriginalFileName: AUDITPOL.EXE\r\nCommandLine: auditpol.exe /get /subcategory:\""Authentication Policy Change\""\r\nCurrentDirectory: C:\\Program Files (x86)\\ossec-agent\\\r\nUser: NT AUTHORITY\\SYSTEM\r\nLogonGuid: {154c2aaf-e981-6846-e703-000000000000}\r\nLogonId: 0x3E7\r\nTerminalSessionId: 0\r\nIntegrityLevel: System\r\nHashes: MD5=DF7CD9AA34252DD4E0330FE964D5BDF7,SHA256=6A6C7FA1890DFB36F31780EABAB1A42FBBFAC43BC2DF14B97BF49B1E3EB1DEC6,IMPHASH=0C4B99BEEA5B3B9367B087A10A48BD92\r\nParentProcessGuid: {154c2aaf-e984-6846-5700-000000001800}\r\nParentProcessId: 3480\r\nParentImage: C:\\Program Files (x86)\\ossec-agent\\wazuh-agent.exe\r\nParentCommandLine: \""C:\\Program Files (x86)\\ossec-agent\\wazuh-agent.exe\""\r\nParentUser: NT AUTHORITY\\SYSTEM\""""},""eventdata"":{""utcTime"":""2025-06-09 14:03:08.274"",""processGuid"":""{154c2aaf-e99c-6846-fc00-000000001800}"",""processId"":""4280"",""image"":""C:\\\\Windows\\\\SysWOW64\\\\auditpol.exe"",""fileVersion"":""10.0.19041.3636 (WinBuild.160101.0800)"",""description"":""Audit Policy Program"",""product"":""Microsoft® Windows® Operating System"",""company"":""Microsoft Corporation"",""originalFileName"":""AUDITPOL.EXE"",""commandLine"":""auditpol.exe /get /subcategory:\\\""Authentication Policy Change\\\"""",""currentDirectory"":""C:\\\\Program Files (x86)\\\\ossec-agent\\\\"",""user"":""NT AUTHORITY\\\\SYSTEM"",""logonGuid"":""{154c2aaf-e981-6846-e703-000000000000}"",""logonId"":""0x3e7"",""terminalSessionId"":""0"",""integrityLevel"":""System"",""hashes"":""MD5=DF7CD9AA34252DD4E0330FE964D5BDF7,SHA256=6A6C7FA1890DFB36F31780EABAB1A42FBBFAC43BC2DF14B97BF49B1E3EB1DEC6,IMPHASH=0C4B99BEEA5B3B9367B087A10A48BD92"",""parentProcessGuid"":""{154c2aaf-e984-6846-5700-000000001800}"",""parentProcessId"":""3480"",""parentImage"":""C:\\\\Program Files (x86)\\\\ossec-agent\\\\wazuh-agent.exe"",""parentCommandLine"":""\\\""C:\\\\Program Files (x86)\\\\ossec-agent\\\\wazuh-agent.exe\\\"""",""parentUser"":""NT AUTHORITY\\\\SYSTEM""}}}",log,"Jun 9, 2025 @ 19:34:12.406",EventChannel,1749477852.839375,"Jun 9, 2025 @ 19:34:12.406", , , , , , , , , , , , , , , , , , , , , , , , , , , , , , , , , , , , , , , , , , , , , , , , , , , , , , , , , , , , , , , , , , , , , , , , , , , , , , , , , , , , , 
wazuh-alerts-4.x-2025.06.09,IqMBVZcB7NFPR1gL7DKj,1,1,192.168.254.162,DESKTOP-O7P9I53,001,hat-VMware-Virtual-Platform,AUDITPOL.EXE,C:\\Windows\\SysWOW64\\auditpol.exe,Microsoft® Windows® Operating System,{154c2aaf-e984-6846-5700-000000001800},Audit Policy Program,{154c2aaf-e981-6846-e703-000000000000},"\""C:\\Program Files (x86)\\ossec-agent\\wazuh-agent.exe\""",{154c2aaf-e99c-6846-0201-000000001800},0x3e7,3480,5228,C:\\Program Files (x86)\\ossec-agent\\,2025-06-09 14:03:08.471,"MD5=DF7CD9AA34252DD4E0330FE964D5BDF7,SHA256=6A6C7FA1890DFB36F31780EABAB1A42FBBFAC43BC2DF14B97BF49B1E3EB1DEC6,IMPHASH=0C4B99BEEA5B3B9367B087A10A48BD92",C:\\Program Files (x86)\\ossec-agent\\wazuh-agent.exe,Microsoft Corporation,"auditpol.exe /get /subcategory:\""Other Policy Change Events\""",System,10.0.19041.3636 (WinBuild.160101.0800),NT AUTHORITY\\SYSTEM,0,NT AUTHORITY\\SYSTEM,1,0x8000000000000000,{5770385f-c22a-43e0-bf4c-06f5698ffbd9},4,Microsoft-Windows-Sysmon/Operational,0,"""Process Create:
RuleName: -
UtcTime: 2025-06-09 14:03:08.471
ProcessGuid: {154c2aaf-e99c-6846-0201-000000001800}
ProcessId: 5228
Image: C:\Windows\SysWOW64\auditpol.exe
FileVersion: 10.0.19041.3636 (WinBuild.160101.0800)
Description: Audit Policy Program
Product: Microsoft® Windows® Operating System
Company: Microsoft Corporation
OriginalFileName: AUDITPOL.EXE
CommandLine: auditpol.exe /get /subcategory:""Other Policy Change Events""
CurrentDirectory: C:\Program Files (x86)\ossec-agent\
User: NT AUTHORITY\SYSTEM
LogonGuid: {154c2aaf-e981-6846-e703-000000000000}
LogonId: 0x3E7
TerminalSessionId: 0
IntegrityLevel: System
Hashes: MD5=DF7CD9AA34252DD4E0330FE964D5BDF7,SHA256=6A6C7FA1890DFB36F31780EABAB1A42FBBFAC43BC2DF14B97BF49B1E3EB1DEC6,IMPHASH=0C4B99BEEA5B3B9367B087A10A48BD92
ParentProcessGuid: {154c2aaf-e984-6846-5700-000000001800}
ParentProcessId: 3480
ParentImage: C:\Program Files (x86)\ossec-agent\wazuh-agent.exe
ParentCommandLine: ""C:\Program Files (x86)\ossec-agent\wazuh-agent.exe""
ParentUser: NT AUTHORITY\SYSTEM""",5,2025-06-09T14:03:08.4744348Z,30687,5512,DESKTOP-O7P9I53,1,3292,INFORMATION,Microsoft-Windows-Sysmon,78,false,5,Sysmon - Event 1: Process creation Audit Policy Program,"[""windows"",""sysmon"",""sysmon_event1""]",61603,windows_eventchannel,"{""win"":{""system"":{""providerName"":""Microsoft-Windows-Sysmon"",""providerGuid"":""{5770385f-c22a-43e0-bf4c-06f5698ffbd9}"",""eventID"":""1"",""version"":""5"",""level"":""4"",""task"":""1"",""opcode"":""0"",""keywords"":""0x8000000000000000"",""systemTime"":""2025-06-09T14:03:08.4744348Z"",""eventRecordID"":""30687"",""processID"":""3292"",""threadID"":""5512"",""channel"":""Microsoft-Windows-Sysmon/Operational"",""computer"":""DESKTOP-O7P9I53"",""severityValue"":""INFORMATION"",""message"":""\""Process Create:\r\nRuleName: -\r\nUtcTime: 2025-06-09 14:03:08.471\r\nProcessGuid: {154c2aaf-e99c-6846-0201-000000001800}\r\nProcessId: 5228\r\nImage: C:\\Windows\\SysWOW64\\auditpol.exe\r\nFileVersion: 10.0.19041.3636 (WinBuild.160101.0800)\r\nDescription: Audit Policy Program\r\nProduct: Microsoft® Windows® Operating System\r\nCompany: Microsoft Corporation\r\nOriginalFileName: AUDITPOL.EXE\r\nCommandLine: auditpol.exe /get /subcategory:\""Other Policy Change Events\""\r\nCurrentDirectory: C:\\Program Files (x86)\\ossec-agent\\\r\nUser: NT AUTHORITY\\SYSTEM\r\nLogonGuid: {154c2aaf-e981-6846-e703-000000000000}\r\nLogonId: 0x3E7\r\nTerminalSessionId: 0\r\nIntegrityLevel: System\r\nHashes: MD5=DF7CD9AA34252DD4E0330FE964D5BDF7,SHA256=6A6C7FA1890DFB36F31780EABAB1A42FBBFAC43BC2DF14B97BF49B1E3EB1DEC6,IMPHASH=0C4B99BEEA5B3B9367B087A10A48BD92\r\nParentProcessGuid: {154c2aaf-e984-6846-5700-000000001800}\r\nParentProcessId: 3480\r\nParentImage: C:\\Program Files (x86)\\ossec-agent\\wazuh-agent.exe\r\nParentCommandLine: \""C:\\Program Files (x86)\\ossec-agent\\wazuh-agent.exe\""\r\nParentUser: NT AUTHORITY\\SYSTEM\""""},""eventdata"":{""utcTime"":""2025-06-09 14:03:08.471"",""processGuid"":""{154c2aaf-e99c-6846-0201-000000001800}"",""processId"":""5228"",""image"":""C:\\\\Windows\\\\SysWOW64\\\\auditpol.exe"",""fileVersion"":""10.0.19041.3636 (WinBuild.160101.0800)"",""description"":""Audit Policy Program"",""product"":""Microsoft® Windows® Operating System"",""company"":""Microsoft Corporation"",""originalFileName"":""AUDITPOL.EXE"",""commandLine"":""auditpol.exe /get /subcategory:\\\""Other Policy Change Events\\\"""",""currentDirectory"":""C:\\\\Program Files (x86)\\\\ossec-agent\\\\"",""user"":""NT AUTHORITY\\\\SYSTEM"",""logonGuid"":""{154c2aaf-e981-6846-e703-000000000000}"",""logonId"":""0x3e7"",""terminalSessionId"":""0"",""integrityLevel"":""System"",""hashes"":""MD5=DF7CD9AA34252DD4E0330FE964D5BDF7,SHA256=6A6C7FA1890DFB36F31780EABAB1A42FBBFAC43BC2DF14B97BF49B1E3EB1DEC6,IMPHASH=0C4B99BEEA5B3B9367B087A10A48BD92"",""parentProcessGuid"":""{154c2aaf-e984-6846-5700-000000001800}"",""parentProcessId"":""3480"",""parentImage"":""C:\\\\Program Files (x86)\\\\ossec-agent\\\\wazuh-agent.exe"",""parentCommandLine"":""\\\""C:\\\\Program Files (x86)\\\\ossec-agent\\\\wazuh-agent.exe\\\"""",""parentUser"":""NT AUTHORITY\\\\SYSTEM""}}}",log,"Jun 9, 2025 @ 19:34:12.437",EventChannel,1749477852.856927,"Jun 9, 2025 @ 19:34:12.437", , , , , , , , , , , , , , , , , , , , , , , , , , , , , , , , , , , , , , , , , , , , , , , , , , , , , , , , , , , , , , , , , , , , , , , , , , , , , , , , , , , , , 
wazuh-alerts-4.x-2025.06.09,JaMBVZcB7NFPR1gL7DKj,1,1,192.168.254.162,DESKTOP-O7P9I53,001,hat-VMware-Virtual-Platform,AUDITPOL.EXE,C:\\Windows\\SysWOW64\\auditpol.exe,Microsoft® Windows® Operating System,{154c2aaf-e984-6846-5700-000000001800},Audit Policy Program,{154c2aaf-e981-6846-e703-000000000000},"\""C:\\Program Files (x86)\\ossec-agent\\wazuh-agent.exe\""",{154c2aaf-e99c-6846-0801-000000001800},0x3e7,3480,3792,C:\\Program Files (x86)\\ossec-agent\\,2025-06-09 14:03:08.810,"MD5=DF7CD9AA34252DD4E0330FE964D5BDF7,SHA256=6A6C7FA1890DFB36F31780EABAB1A42FBBFAC43BC2DF14B97BF49B1E3EB1DEC6,IMPHASH=0C4B99BEEA5B3B9367B087A10A48BD92",C:\\Program Files (x86)\\ossec-agent\\wazuh-agent.exe,Microsoft Corporation,"auditpol.exe /get /subcategory:\""Other System Events\""",System,10.0.19041.3636 (WinBuild.160101.0800),NT AUTHORITY\\SYSTEM,0,NT AUTHORITY\\SYSTEM,1,0x8000000000000000,{5770385f-c22a-43e0-bf4c-06f5698ffbd9},4,Microsoft-Windows-Sysmon/Operational,0,"""Process Create:
RuleName: -
UtcTime: 2025-06-09 14:03:08.810
ProcessGuid: {154c2aaf-e99c-6846-0801-000000001800}
ProcessId: 3792
Image: C:\Windows\SysWOW64\auditpol.exe
FileVersion: 10.0.19041.3636 (WinBuild.160101.0800)
Description: Audit Policy Program
Product: Microsoft® Windows® Operating System
Company: Microsoft Corporation
OriginalFileName: AUDITPOL.EXE
CommandLine: auditpol.exe /get /subcategory:""Other System Events""
CurrentDirectory: C:\Program Files (x86)\ossec-agent\
User: NT AUTHORITY\SYSTEM
LogonGuid: {154c2aaf-e981-6846-e703-000000000000}
LogonId: 0x3E7
TerminalSessionId: 0
IntegrityLevel: System
Hashes: MD5=DF7CD9AA34252DD4E0330FE964D5BDF7,SHA256=6A6C7FA1890DFB36F31780EABAB1A42FBBFAC43BC2DF14B97BF49B1E3EB1DEC6,IMPHASH=0C4B99BEEA5B3B9367B087A10A48BD92
ParentProcessGuid: {154c2aaf-e984-6846-5700-000000001800}
ParentProcessId: 3480
ParentImage: C:\Program Files (x86)\ossec-agent\wazuh-agent.exe
ParentCommandLine: ""C:\Program Files (x86)\ossec-agent\wazuh-agent.exe""
ParentUser: NT AUTHORITY\SYSTEM""",5,2025-06-09T14:03:08.8125203Z,30690,5512,DESKTOP-O7P9I53,1,3292,INFORMATION,Microsoft-Windows-Sysmon,81,false,5,Sysmon - Event 1: Process creation Audit Policy Program,"[""windows"",""sysmon"",""sysmon_event1""]",61603,windows_eventchannel,"{""win"":{""system"":{""providerName"":""Microsoft-Windows-Sysmon"",""providerGuid"":""{5770385f-c22a-43e0-bf4c-06f5698ffbd9}"",""eventID"":""1"",""version"":""5"",""level"":""4"",""task"":""1"",""opcode"":""0"",""keywords"":""0x8000000000000000"",""systemTime"":""2025-06-09T14:03:08.8125203Z"",""eventRecordID"":""30690"",""processID"":""3292"",""threadID"":""5512"",""channel"":""Microsoft-Windows-Sysmon/Operational"",""computer"":""DESKTOP-O7P9I53"",""severityValue"":""INFORMATION"",""message"":""\""Process Create:\r\nRuleName: -\r\nUtcTime: 2025-06-09 14:03:08.810\r\nProcessGuid: {154c2aaf-e99c-6846-0801-000000001800}\r\nProcessId: 3792\r\nImage: C:\\Windows\\SysWOW64\\auditpol.exe\r\nFileVersion: 10.0.19041.3636 (WinBuild.160101.0800)\r\nDescription: Audit Policy Program\r\nProduct: Microsoft® Windows® Operating System\r\nCompany: Microsoft Corporation\r\nOriginalFileName: AUDITPOL.EXE\r\nCommandLine: auditpol.exe /get /subcategory:\""Other System Events\""\r\nCurrentDirectory: C:\\Program Files (x86)\\ossec-agent\\\r\nUser: NT AUTHORITY\\SYSTEM\r\nLogonGuid: {154c2aaf-e981-6846-e703-000000000000}\r\nLogonId: 0x3E7\r\nTerminalSessionId: 0\r\nIntegrityLevel: System\r\nHashes: MD5=DF7CD9AA34252DD4E0330FE964D5BDF7,SHA256=6A6C7FA1890DFB36F31780EABAB1A42FBBFAC43BC2DF14B97BF49B1E3EB1DEC6,IMPHASH=0C4B99BEEA5B3B9367B087A10A48BD92\r\nParentProcessGuid: {154c2aaf-e984-6846-5700-000000001800}\r\nParentProcessId: 3480\r\nParentImage: C:\\Program Files (x86)\\ossec-agent\\wazuh-agent.exe\r\nParentCommandLine: \""C:\\Program Files (x86)\\ossec-agent\\wazuh-agent.exe\""\r\nParentUser: NT AUTHORITY\\SYSTEM\""""},""eventdata"":{""utcTime"":""2025-06-09 14:03:08.810"",""processGuid"":""{154c2aaf-e99c-6846-0801-000000001800}"",""processId"":""3792"",""image"":""C:\\\\Windows\\\\SysWOW64\\\\auditpol.exe"",""fileVersion"":""10.0.19041.3636 (WinBuild.160101.0800)"",""description"":""Audit Policy Program"",""product"":""Microsoft® Windows® Operating System"",""company"":""Microsoft Corporation"",""originalFileName"":""AUDITPOL.EXE"",""commandLine"":""auditpol.exe /get /subcategory:\\\""Other System Events\\\"""",""currentDirectory"":""C:\\\\Program Files (x86)\\\\ossec-agent\\\\"",""user"":""NT AUTHORITY\\\\SYSTEM"",""logonGuid"":""{154c2aaf-e981-6846-e703-000000000000}"",""logonId"":""0x3e7"",""terminalSessionId"":""0"",""integrityLevel"":""System"",""hashes"":""MD5=DF7CD9AA34252DD4E0330FE964D5BDF7,SHA256=6A6C7FA1890DFB36F31780EABAB1A42FBBFAC43BC2DF14B97BF49B1E3EB1DEC6,IMPHASH=0C4B99BEEA5B3B9367B087A10A48BD92"",""parentProcessGuid"":""{154c2aaf-e984-6846-5700-000000001800}"",""parentProcessId"":""3480"",""parentImage"":""C:\\\\Program Files (x86)\\\\ossec-agent\\\\wazuh-agent.exe"",""parentCommandLine"":""\\\""C:\\\\Program Files (x86)\\\\ossec-agent\\\\wazuh-agent.exe\\\"""",""parentUser"":""NT AUTHORITY\\\\SYSTEM""}}}",log,"Jun 9, 2025 @ 19:34:12.484",EventChannel,1749477852.874379,"Jun 9, 2025 @ 19:34:12.484", , , , , , , , , , , , , , , , , , , , , , , , , , , , , , , , , , , , , , , , , , , , , , , , , , , , , , , , , , , , , , , , , , , , , , , , , , , , , , , , , , , , , 
wazuh-alerts-4.x-2025.06.09,JqMBVZcB7NFPR1gL7DKj,1,1,192.168.254.162,DESKTOP-O7P9I53,001,hat-VMware-Virtual-Platform,AUDITPOL.EXE,C:\\Windows\\SysWOW64\\auditpol.exe,Microsoft® Windows® Operating System,{154c2aaf-e984-6846-5700-000000001800},Audit Policy Program,{154c2aaf-e981-6846-e703-000000000000},"\""C:\\Program Files (x86)\\ossec-agent\\wazuh-agent.exe\""",{154c2aaf-e99c-6846-0a01-000000001800},0x3e7,3480,6716,C:\\Program Files (x86)\\ossec-agent\\,2025-06-09 14:03:08.869,"MD5=DF7CD9AA34252DD4E0330FE964D5BDF7,SHA256=6A6C7FA1890DFB36F31780EABAB1A42FBBFAC43BC2DF14B97BF49B1E3EB1DEC6,IMPHASH=0C4B99BEEA5B3B9367B087A10A48BD92",C:\\Program Files (x86)\\ossec-agent\\wazuh-agent.exe,Microsoft Corporation,"auditpol.exe /get /subcategory:\""Security State Change\""",System,10.0.19041.3636 (WinBuild.160101.0800),NT AUTHORITY\\SYSTEM,0,NT AUTHORITY\\SYSTEM,1,0x8000000000000000,{5770385f-c22a-43e0-bf4c-06f5698ffbd9},4,Microsoft-Windows-Sysmon/Operational,0,"""Process Create:
RuleName: -
UtcTime: 2025-06-09 14:03:08.869
ProcessGuid: {154c2aaf-e99c-6846-0a01-000000001800}
ProcessId: 6716
Image: C:\Windows\SysWOW64\auditpol.exe
FileVersion: 10.0.19041.3636 (WinBuild.160101.0800)
Description: Audit Policy Program
Product: Microsoft® Windows® Operating System
Company: Microsoft Corporation
OriginalFileName: AUDITPOL.EXE
CommandLine: auditpol.exe /get /subcategory:""Security State Change""
CurrentDirectory: C:\Program Files (x86)\ossec-agent\
User: NT AUTHORITY\SYSTEM
LogonGuid: {154c2aaf-e981-6846-e703-000000000000}
LogonId: 0x3E7
TerminalSessionId: 0
IntegrityLevel: System
Hashes: MD5=DF7CD9AA34252DD4E0330FE964D5BDF7,SHA256=6A6C7FA1890DFB36F31780EABAB1A42FBBFAC43BC2DF14B97BF49B1E3EB1DEC6,IMPHASH=0C4B99BEEA5B3B9367B087A10A48BD92
ParentProcessGuid: {154c2aaf-e984-6846-5700-000000001800}
ParentProcessId: 3480
ParentImage: C:\Program Files (x86)\ossec-agent\wazuh-agent.exe
ParentCommandLine: ""C:\Program Files (x86)\ossec-agent\wazuh-agent.exe""
ParentUser: NT AUTHORITY\SYSTEM""",5,2025-06-09T14:03:08.8713330Z,30691,5512,DESKTOP-O7P9I53,1,3292,INFORMATION,Microsoft-Windows-Sysmon,82,false,5,Sysmon - Event 1: Process creation Audit Policy Program,"[""windows"",""sysmon"",""sysmon_event1""]",61603,windows_eventchannel,"{""win"":{""system"":{""providerName"":""Microsoft-Windows-Sysmon"",""providerGuid"":""{5770385f-c22a-43e0-bf4c-06f5698ffbd9}"",""eventID"":""1"",""version"":""5"",""level"":""4"",""task"":""1"",""opcode"":""0"",""keywords"":""0x8000000000000000"",""systemTime"":""2025-06-09T14:03:08.8713330Z"",""eventRecordID"":""30691"",""processID"":""3292"",""threadID"":""5512"",""channel"":""Microsoft-Windows-Sysmon/Operational"",""computer"":""DESKTOP-O7P9I53"",""severityValue"":""INFORMATION"",""message"":""\""Process Create:\r\nRuleName: -\r\nUtcTime: 2025-06-09 14:03:08.869\r\nProcessGuid: {154c2aaf-e99c-6846-0a01-000000001800}\r\nProcessId: 6716\r\nImage: C:\\Windows\\SysWOW64\\auditpol.exe\r\nFileVersion: 10.0.19041.3636 (WinBuild.160101.0800)\r\nDescription: Audit Policy Program\r\nProduct: Microsoft® Windows® Operating System\r\nCompany: Microsoft Corporation\r\nOriginalFileName: AUDITPOL.EXE\r\nCommandLine: auditpol.exe /get /subcategory:\""Security State Change\""\r\nCurrentDirectory: C:\\Program Files (x86)\\ossec-agent\\\r\nUser: NT AUTHORITY\\SYSTEM\r\nLogonGuid: {154c2aaf-e981-6846-e703-000000000000}\r\nLogonId: 0x3E7\r\nTerminalSessionId: 0\r\nIntegrityLevel: System\r\nHashes: MD5=DF7CD9AA34252DD4E0330FE964D5BDF7,SHA256=6A6C7FA1890DFB36F31780EABAB1A42FBBFAC43BC2DF14B97BF49B1E3EB1DEC6,IMPHASH=0C4B99BEEA5B3B9367B087A10A48BD92\r\nParentProcessGuid: {154c2aaf-e984-6846-5700-000000001800}\r\nParentProcessId: 3480\r\nParentImage: C:\\Program Files (x86)\\ossec-agent\\wazuh-agent.exe\r\nParentCommandLine: \""C:\\Program Files (x86)\\ossec-agent\\wazuh-agent.exe\""\r\nParentUser: NT AUTHORITY\\SYSTEM\""""},""eventdata"":{""utcTime"":""2025-06-09 14:03:08.869"",""processGuid"":""{154c2aaf-e99c-6846-0a01-000000001800}"",""processId"":""6716"",""image"":""C:\\\\Windows\\\\SysWOW64\\\\auditpol.exe"",""fileVersion"":""10.0.19041.3636 (WinBuild.160101.0800)"",""description"":""Audit Policy Program"",""product"":""Microsoft® Windows® Operating System"",""company"":""Microsoft Corporation"",""originalFileName"":""AUDITPOL.EXE"",""commandLine"":""auditpol.exe /get /subcategory:\\\""Security State Change\\\"""",""currentDirectory"":""C:\\\\Program Files (x86)\\\\ossec-agent\\\\"",""user"":""NT AUTHORITY\\\\SYSTEM"",""logonGuid"":""{154c2aaf-e981-6846-e703-000000000000}"",""logonId"":""0x3e7"",""terminalSessionId"":""0"",""integrityLevel"":""System"",""hashes"":""MD5=DF7CD9AA34252DD4E0330FE964D5BDF7,SHA256=6A6C7FA1890DFB36F31780EABAB1A42FBBFAC43BC2DF14B97BF49B1E3EB1DEC6,IMPHASH=0C4B99BEEA5B3B9367B087A10A48BD92"",""parentProcessGuid"":""{154c2aaf-e984-6846-5700-000000001800}"",""parentProcessId"":""3480"",""parentImage"":""C:\\\\Program Files (x86)\\\\ossec-agent\\\\wazuh-agent.exe"",""parentCommandLine"":""\\\""C:\\\\Program Files (x86)\\\\ossec-agent\\\\wazuh-agent.exe\\\"""",""parentUser"":""NT AUTHORITY\\\\SYSTEM""}}}",log,"Jun 9, 2025 @ 19:34:12.499",EventChannel,1749477852.880191,"Jun 9, 2025 @ 19:34:12.499", , , , , , , , , , , , , , , , , , , , , , , , , , , , , , , , , , , , , , , , , , , , , , , , , , , , , , , , , , , , , , , , , , , , , , , , , , , , , , , , , , , , , 
wazuh-alerts-4.x-2025.06.09,KaMBVZcB7NFPR1gL7DKj,1,1,192.168.254.162,DESKTOP-O7P9I53,001,hat-VMware-Virtual-Platform,sihclient.exe,C:\\Windows\\System32\\SIHClient.exe,Microsoft® Windows® Operating System,{154c2aaf-e982-6846-1f00-000000001800},SIH Client,{154c2aaf-e981-6846-e703-000000000000},C:\\Windows\\System32\\Upfc.exe /launchtype boot /cv TypMV9cRC06o9howbYq+yw.0,{154c2aaf-e9a0-6846-1101-000000001800},0x3e7,1440,4944,C:\\Windows\\system32\\,2025-06-09 14:03:12.996,"MD5=D2D154760882B48CA3FCF28ACFCD5686,SHA256=D184785DC635C4BFD5A1F470268B1AE4B6589B96427D8F8A62F9F746AA8C5B6C,IMPHASH=6E8F810D71C39F2474DDDCC9571FF140",C:\\Windows\\System32\\upfc.exe,Microsoft Corporation,C:\\Windows\\System32\\sihclient.exe  /cv TypMV9cRC06o9howbYq+yw.0.2,System,10.0.19041.5553 (WinBuild.160101.0800),NT AUTHORITY\\SYSTEM,0,NT AUTHORITY\\SYSTEM,1,0x8000000000000000,{5770385f-c22a-43e0-bf4c-06f5698ffbd9},4,Microsoft-Windows-Sysmon/Operational,0,"""Process Create:
RuleName: -
UtcTime: 2025-06-09 14:03:12.996
ProcessGuid: {154c2aaf-e9a0-6846-1101-000000001800}
ProcessId: 4944
Image: C:\Windows\System32\SIHClient.exe
FileVersion: 10.0.19041.5553 (WinBuild.160101.0800)
Description: SIH Client
Product: Microsoft® Windows® Operating System
Company: Microsoft Corporation
OriginalFileName: sihclient.exe
CommandLine: C:\Windows\System32\sihclient.exe  /cv TypMV9cRC06o9howbYq+yw.0.2
CurrentDirectory: C:\Windows\system32\
User: NT AUTHORITY\SYSTEM
LogonGuid: {154c2aaf-e981-6846-e703-000000000000}
LogonId: 0x3E7
TerminalSessionId: 0
IntegrityLevel: System
Hashes: MD5=D2D154760882B48CA3FCF28ACFCD5686,SHA256=D184785DC635C4BFD5A1F470268B1AE4B6589B96427D8F8A62F9F746AA8C5B6C,IMPHASH=6E8F810D71C39F2474DDDCC9571FF140
ParentProcessGuid: {154c2aaf-e982-6846-1f00-000000001800}
ParentProcessId: 1440
ParentImage: C:\Windows\System32\upfc.exe
ParentCommandLine: C:\Windows\System32\Upfc.exe /launchtype boot /cv TypMV9cRC06o9howbYq+yw.0
ParentUser: NT AUTHORITY\SYSTEM""",5,2025-06-09T14:03:13.0030494Z,30694,5512,DESKTOP-O7P9I53,1,3292,INFORMATION,Microsoft-Windows-Sysmon,85,false,5,Sysmon - Event 1: Process creation SIH Client,"[""windows"",""sysmon"",""sysmon_event1""]",61603,windows_eventchannel,"{""win"":{""system"":{""providerName"":""Microsoft-Windows-Sysmon"",""providerGuid"":""{5770385f-c22a-43e0-bf4c-06f5698ffbd9}"",""eventID"":""1"",""version"":""5"",""level"":""4"",""task"":""1"",""opcode"":""0"",""keywords"":""0x8000000000000000"",""systemTime"":""2025-06-09T14:03:13.0030494Z"",""eventRecordID"":""30694"",""processID"":""3292"",""threadID"":""5512"",""channel"":""Microsoft-Windows-Sysmon/Operational"",""computer"":""DESKTOP-O7P9I53"",""severityValue"":""INFORMATION"",""message"":""\""Process Create:\r\nRuleName: -\r\nUtcTime: 2025-06-09 14:03:12.996\r\nProcessGuid: {154c2aaf-e9a0-6846-1101-000000001800}\r\nProcessId: 4944\r\nImage: C:\\Windows\\System32\\SIHClient.exe\r\nFileVersion: 10.0.19041.5553 (WinBuild.160101.0800)\r\nDescription: SIH Client\r\nProduct: Microsoft® Windows® Operating System\r\nCompany: Microsoft Corporation\r\nOriginalFileName: sihclient.exe\r\nCommandLine: C:\\Windows\\System32\\sihclient.exe  /cv TypMV9cRC06o9howbYq+yw.0.2\r\nCurrentDirectory: C:\\Windows\\system32\\\r\nUser: NT AUTHORITY\\SYSTEM\r\nLogonGuid: {154c2aaf-e981-6846-e703-000000000000}\r\nLogonId: 0x3E7\r\nTerminalSessionId: 0\r\nIntegrityLevel: System\r\nHashes: MD5=D2D154760882B48CA3FCF28ACFCD5686,SHA256=D184785DC635C4BFD5A1F470268B1AE4B6589B96427D8F8A62F9F746AA8C5B6C,IMPHASH=6E8F810D71C39F2474DDDCC9571FF140\r\nParentProcessGuid: {154c2aaf-e982-6846-1f00-000000001800}\r\nParentProcessId: 1440\r\nParentImage: C:\\Windows\\System32\\upfc.exe\r\nParentCommandLine: C:\\Windows\\System32\\Upfc.exe /launchtype boot /cv TypMV9cRC06o9howbYq+yw.0\r\nParentUser: NT AUTHORITY\\SYSTEM\""""},""eventdata"":{""utcTime"":""2025-06-09 14:03:12.996"",""processGuid"":""{154c2aaf-e9a0-6846-1101-000000001800}"",""processId"":""4944"",""image"":""C:\\\\Windows\\\\System32\\\\SIHClient.exe"",""fileVersion"":""10.0.19041.5553 (WinBuild.160101.0800)"",""description"":""SIH Client"",""product"":""Microsoft® Windows® Operating System"",""company"":""Microsoft Corporation"",""originalFileName"":""sihclient.exe"",""commandLine"":""C:\\\\Windows\\\\System32\\\\sihclient.exe  /cv TypMV9cRC06o9howbYq+yw.0.2"",""currentDirectory"":""C:\\\\Windows\\\\system32\\\\"",""user"":""NT AUTHORITY\\\\SYSTEM"",""logonGuid"":""{154c2aaf-e981-6846-e703-000000000000}"",""logonId"":""0x3e7"",""terminalSessionId"":""0"",""integrityLevel"":""System"",""hashes"":""MD5=D2D154760882B48CA3FCF28ACFCD5686,SHA256=D184785DC635C4BFD5A1F470268B1AE4B6589B96427D8F8A62F9F746AA8C5B6C,IMPHASH=6E8F810D71C39F2474DDDCC9571FF140"",""parentProcessGuid"":""{154c2aaf-e982-6846-1f00-000000001800}"",""parentProcessId"":""1440"",""parentImage"":""C:\\\\Windows\\\\System32\\\\upfc.exe"",""parentCommandLine"":""C:\\\\Windows\\\\System32\\\\Upfc.exe /launchtype boot /cv TypMV9cRC06o9howbYq+yw.0"",""parentUser"":""NT AUTHORITY\\\\SYSTEM""}}}",log,"Jun 9, 2025 @ 19:34:12.546",EventChannel,1749477852.897647,"Jun 9, 2025 @ 19:34:12.546", , , , , , , , , , , , , , , , , , , , , , , , , , , , , , , , , , , , , , , , , , , , , , , , , , , , , , , , , , , , , , , , , , , , , , , , , , , , , , , , , , , , , 
wazuh-alerts-4.x-2025.06.09,KqMBVZcB7NFPR1gL7TJP,1,1,192.168.254.162,DESKTOP-O7P9I53,001,hat-VMware-Virtual-Platform, ,C:\\Windows\\System32\\spoolsv.exe, , , , , ,{154c2aaf-e983-6846-3a00-000000001800}, , ,2476, ,2025-06-09 14:03:11.429, , , , , , ,NT AUTHORITY\\SYSTEM, , ,22,0x8000000000000000,{5770385f-c22a-43e0-bf4c-06f5698ffbd9},4,Microsoft-Windows-Sysmon/Operational,0,"""Dns query:
RuleName: -
UtcTime: 2025-06-09 14:03:11.429
ProcessGuid: {154c2aaf-e983-6846-3a00-000000001800}
ProcessId: 2476
QueryName: DESKTOP-O7P9I53
QueryStatus: 0
QueryResults: fe80::de68:b398:b0bc:6003;::ffff:192.168.254.162;
Image: C:\Windows\System32\spoolsv.exe
User: NT AUTHORITY\SYSTEM""",5,2025-06-09T14:03:13.3775760Z,30695,5672,DESKTOP-O7P9I53,22,3292,INFORMATION,Microsoft-Windows-Sysmon,3,false,5,Sysmon - Event 22: DNS Query event,"[""windows"",""sysmon"",""sysmon_event_22""]",61650,windows_eventchannel,"{""win"":{""system"":{""providerName"":""Microsoft-Windows-Sysmon"",""providerGuid"":""{5770385f-c22a-43e0-bf4c-06f5698ffbd9}"",""eventID"":""22"",""version"":""5"",""level"":""4"",""task"":""22"",""opcode"":""0"",""keywords"":""0x8000000000000000"",""systemTime"":""2025-06-09T14:03:13.3775760Z"",""eventRecordID"":""30695"",""processID"":""3292"",""threadID"":""5672"",""channel"":""Microsoft-Windows-Sysmon/Operational"",""computer"":""DESKTOP-O7P9I53"",""severityValue"":""INFORMATION"",""message"":""\""Dns query:\r\nRuleName: -\r\nUtcTime: 2025-06-09 14:03:11.429\r\nProcessGuid: {154c2aaf-e983-6846-3a00-000000001800}\r\nProcessId: 2476\r\nQueryName: DESKTOP-O7P9I53\r\nQueryStatus: 0\r\nQueryResults: fe80::de68:b398:b0bc:6003;::ffff:192.168.254.162;\r\nImage: C:\\Windows\\System32\\spoolsv.exe\r\nUser: NT AUTHORITY\\SYSTEM\""""},""eventdata"":{""utcTime"":""2025-06-09 14:03:11.429"",""processGuid"":""{154c2aaf-e983-6846-3a00-000000001800}"",""processId"":""2476"",""queryName"":""DESKTOP-O7P9I53"",""queryStatus"":""0"",""queryResults"":""fe80::de68:b398:b0bc:6003;::ffff:192.168.254.162;"",""image"":""C:\\\\Windows\\\\System32\\\\spoolsv.exe"",""user"":""NT AUTHORITY\\\\SYSTEM""}}}",log,"Jun 9, 2025 @ 19:34:12.565",EventChannel,1749477852.903404,"Jun 9, 2025 @ 19:34:12.565", , , , , , , , , , , , , , , , , , , , , , , , , , , , , , , , , , , , , , , , , , , , , , , , ,0,DESKTOP-O7P9I53,fe80::de68:b398:b0bc:6003;::ffff:192.168.254.162;, , , , , , , , , , , , , , , , , , , , , , , , , , , , , , , , , , 
wazuh-alerts-4.x-2025.06.09,LqMBVZcB7NFPR1gL7TJP,1,1,192.168.254.162,DESKTOP-O7P9I53,001,hat-VMware-Virtual-Platform,dmclient.exe,C:\\Windows\\System32\\dmclient.exe,Microsoft® Windows® Operating System,{154c2aaf-e982-6846-1900-000000001800},Microsoft Feedback SIUF Deployment Manager Client,{154c2aaf-e981-6846-e703-000000000000},C:\\Windows\\system32\\svchost.exe -k netsvcs -p -s Schedule,{154c2aaf-e9ab-6846-1501-000000001800},0x3e7,1168,736,C:\\Windows\\system32\\,2025-06-09 14:03:23.089,"MD5=BEFCF11D72B7B67212ADE85031DAE055,SHA256=0A97928D02D03DA2A9BD4E4896EACAE2446FDF8B11DB38153146CF04ABFE95E8,IMPHASH=3F53CAD1BAC93EE5AC20EA3E53FE8CD2",C:\\Windows\\System32\\svchost.exe,Microsoft Corporation,"\""C:\\Windows\\system32\\dmclient.exe\"" utcwnf",System,10.0.19041.4355 (WinBuild.160101.0800),NT AUTHORITY\\SYSTEM,0,NT AUTHORITY\\SYSTEM,1,0x8000000000000000,{5770385f-c22a-43e0-bf4c-06f5698ffbd9},4,Microsoft-Windows-Sysmon/Operational,0,"""Process Create:
RuleName: -
UtcTime: 2025-06-09 14:03:23.089
ProcessGuid: {154c2aaf-e9ab-6846-1501-000000001800}
ProcessId: 736
Image: C:\Windows\System32\dmclient.exe
FileVersion: 10.0.19041.4355 (WinBuild.160101.0800)
Description: Microsoft Feedback SIUF Deployment Manager Client
Product: Microsoft® Windows® Operating System
Company: Microsoft Corporation
OriginalFileName: dmclient.exe
CommandLine: ""C:\Windows\system32\dmclient.exe"" utcwnf
CurrentDirectory: C:\Windows\system32\
User: NT AUTHORITY\SYSTEM
LogonGuid: {154c2aaf-e981-6846-e703-000000000000}
LogonId: 0x3E7
TerminalSessionId: 0
IntegrityLevel: System
Hashes: MD5=BEFCF11D72B7B67212ADE85031DAE055,SHA256=0A97928D02D03DA2A9BD4E4896EACAE2446FDF8B11DB38153146CF04ABFE95E8,IMPHASH=3F53CAD1BAC93EE5AC20EA3E53FE8CD2
ParentProcessGuid: {154c2aaf-e982-6846-1900-000000001800}
ParentProcessId: 1168
ParentImage: C:\Windows\System32\svchost.exe
ParentCommandLine: C:\Windows\system32\svchost.exe -k netsvcs -p -s Schedule
ParentUser: NT AUTHORITY\SYSTEM""",5,2025-06-09T14:03:23.0980841Z,30700,5512,DESKTOP-O7P9I53,1,3292,INFORMATION,Microsoft-Windows-Sysmon,87,false,5,Sysmon - Event 1: Process creation Microsoft Feedback SIUF Deployment Manager Client,"[""windows"",""sysmon"",""sysmon_event1""]",61603,windows_eventchannel,"{""win"":{""system"":{""providerName"":""Microsoft-Windows-Sysmon"",""providerGuid"":""{5770385f-c22a-43e0-bf4c-06f5698ffbd9}"",""eventID"":""1"",""version"":""5"",""level"":""4"",""task"":""1"",""opcode"":""0"",""keywords"":""0x8000000000000000"",""systemTime"":""2025-06-09T14:03:23.0980841Z"",""eventRecordID"":""30700"",""processID"":""3292"",""threadID"":""5512"",""channel"":""Microsoft-Windows-Sysmon/Operational"",""computer"":""DESKTOP-O7P9I53"",""severityValue"":""INFORMATION"",""message"":""\""Process Create:\r\nRuleName: -\r\nUtcTime: 2025-06-09 14:03:23.089\r\nProcessGuid: {154c2aaf-e9ab-6846-1501-000000001800}\r\nProcessId: 736\r\nImage: C:\\Windows\\System32\\dmclient.exe\r\nFileVersion: 10.0.19041.4355 (WinBuild.160101.0800)\r\nDescription: Microsoft Feedback SIUF Deployment Manager Client\r\nProduct: Microsoft® Windows® Operating System\r\nCompany: Microsoft Corporation\r\nOriginalFileName: dmclient.exe\r\nCommandLine: \""C:\\Windows\\system32\\dmclient.exe\"" utcwnf\r\nCurrentDirectory: C:\\Windows\\system32\\\r\nUser: NT AUTHORITY\\SYSTEM\r\nLogonGuid: {154c2aaf-e981-6846-e703-000000000000}\r\nLogonId: 0x3E7\r\nTerminalSessionId: 0\r\nIntegrityLevel: System\r\nHashes: MD5=BEFCF11D72B7B67212ADE85031DAE055,SHA256=0A97928D02D03DA2A9BD4E4896EACAE2446FDF8B11DB38153146CF04ABFE95E8,IMPHASH=3F53CAD1BAC93EE5AC20EA3E53FE8CD2\r\nParentProcessGuid: {154c2aaf-e982-6846-1900-000000001800}\r\nParentProcessId: 1168\r\nParentImage: C:\\Windows\\System32\\svchost.exe\r\nParentCommandLine: C:\\Windows\\system32\\svchost.exe -k netsvcs -p -s Schedule\r\nParentUser: NT AUTHORITY\\SYSTEM\""""},""eventdata"":{""utcTime"":""2025-06-09 14:03:23.089"",""processGuid"":""{154c2aaf-e9ab-6846-1501-000000001800}"",""processId"":""736"",""image"":""C:\\\\Windows\\\\System32\\\\dmclient.exe"",""fileVersion"":""10.0.19041.4355 (WinBuild.160101.0800)"",""description"":""Microsoft Feedback SIUF Deployment Manager Client"",""product"":""Microsoft® Windows® Operating System"",""company"":""Microsoft Corporation"",""originalFileName"":""dmclient.exe"",""commandLine"":""\\\""C:\\\\Windows\\\\system32\\\\dmclient.exe\\\"" utcwnf"",""currentDirectory"":""C:\\\\Windows\\\\system32\\\\"",""user"":""NT AUTHORITY\\\\SYSTEM"",""logonGuid"":""{154c2aaf-e981-6846-e703-000000000000}"",""logonId"":""0x3e7"",""terminalSessionId"":""0"",""integrityLevel"":""System"",""hashes"":""MD5=BEFCF11D72B7B67212ADE85031DAE055,SHA256=0A97928D02D03DA2A9BD4E4896EACAE2446FDF8B11DB38153146CF04ABFE95E8,IMPHASH=3F53CAD1BAC93EE5AC20EA3E53FE8CD2"",""parentProcessGuid"":""{154c2aaf-e982-6846-1900-000000001800}"",""parentProcessId"":""1168"",""parentImage"":""C:\\\\Windows\\\\System32\\\\svchost.exe"",""parentCommandLine"":""C:\\\\Windows\\\\system32\\\\svchost.exe -k netsvcs -p -s Schedule"",""parentUser"":""NT AUTHORITY\\\\SYSTEM""}}}",log,"Jun 9, 2025 @ 19:34:12.642",EventChannel,1749477852.916379,"Jun 9, 2025 @ 19:34:12.642", , , , , , , , , , , , , , , , , , , , , , , , , , , , , , , , , , , , , , , , , , , , , , , , , , , , , , , , , , , , , , , , , , , , , , , , , , , , , , , , , , , , , 
wazuh-alerts-4.x-2025.06.09,MKMBVZcB7NFPR1gL7TJP,1,1,192.168.254.162,DESKTOP-O7P9I53,001,hat-VMware-Virtual-Platform, ,C:\\Windows\\system32\\svchost.exe, , , , , ,{154c2aaf-e98b-6846-9200-000000001800}, , ,5864, ,2025-06-09 14:03:25.377, , , , , , ,NT AUTHORITY\\SYSTEM, , ,11,0x8000000000000000,{5770385f-c22a-43e0-bf4c-06f5698ffbd9},4,Microsoft-Windows-Sysmon/Operational,0,"""File created:
RuleName: EXE
UtcTime: 2025-06-09 14:03:25.377
ProcessGuid: {154c2aaf-e98b-6846-9200-000000001800}
ProcessId: 5864
Image: C:\Windows\system32\svchost.exe
TargetFilename: C:\Windows\SoftwareDistribution\Download\Install\AM_Delta_Patch_1.429.391.0.exe
CreationUtcTime: 2025-06-09 14:03:25.377
User: NT AUTHORITY\SYSTEM""",2,2025-06-09T14:03:25.3929020Z,30702,5512,DESKTOP-O7P9I53,11,3292,INFORMATION,Microsoft-Windows-Sysmon,1,false,6,Executable dropped in Windows root folder,"[""sysmon"",""sysmon_eid11_detections"",""windows""]",92217,windows_eventchannel, ,log,"Jun 9, 2025 @ 19:34:12.673",EventChannel,1749477852.928256,"Jun 9, 2025 @ 19:34:12.673",C:\\Windows\\SoftwareDistribution\\Download\\Install\\AM_Delta_Patch_1.429.391.0.exe,2025-06-09 14:03:25.377,"[""Lateral Tool Transfer""]","[""T1570""]","[""Lateral Movement""]", , , , , , , , , , , , , , , , , , , , , , , , , , , , , , , , , , , , , , , , , , , , , , , ,EXE, , , , , , , , , , , , , , , , , , , , , , , , , , , , , , , , 
wazuh-alerts-4.x-2025.06.09,NaMBVZcB7NFPR1gL7TJP,1,1,192.168.254.162,DESKTOP-O7P9I53,001,hat-VMware-Virtual-Platform, ,C:\\Windows\\System32\\svchost.exe, , , , , ,{154c2aaf-e984-6846-4400-000000001800}, , ,3044, ,2025-06-09 14:03:26.018, , , , , , ,NT AUTHORITY\\SYSTEM, , ,13,0x8000000000000000,{5770385f-c22a-43e0-bf4c-06f5698ffbd9},4,Microsoft-Windows-Sysmon/Operational,0,"""Registry value set:
RuleName: InvDB-CompileTimeClaim
EventType: SetValue
UtcTime: 2025-06-09 14:03:26.018
ProcessGuid: {154c2aaf-e984-6846-4400-000000001800}
ProcessId: 3044
Image: C:\Windows\System32\svchost.exe
TargetObject: \REGISTRY\A\{4fc400b6-a755-4f91-a203-75735e25b097}\Root\InventoryApplicationFile\am_delta_patch_1|54c822bea7f7e37\LinkDate
Details: 06/09/2025 05:13:11
User: NT AUTHORITY\SYSTEM""",2,2025-06-09T14:03:26.0320472Z,30707,5512,DESKTOP-O7P9I53,13,3292,INFORMATION,Microsoft-Windows-Sysmon,32,false,5,Sysmon - Event 13: RegistryEvent SetValue on \\REGISTRY\\A\\{4fc400b6-a755-4f91-a203-75735e25b097}\\Root\\InventoryApplicationFile\\am_delta_patch_1|54c822bea7f7e37\\LinkDate by C:\\Windows\\System32\\svchost.exe,"[""windows"",""sysmon"",""sysmon_event_13""]",61615,windows_eventchannel,"{""win"":{""system"":{""providerName"":""Microsoft-Windows-Sysmon"",""providerGuid"":""{5770385f-c22a-43e0-bf4c-06f5698ffbd9}"",""eventID"":""13"",""version"":""2"",""level"":""4"",""task"":""13"",""opcode"":""0"",""keywords"":""0x8000000000000000"",""systemTime"":""2025-06-09T14:03:26.0320472Z"",""eventRecordID"":""30707"",""processID"":""3292"",""threadID"":""5512"",""channel"":""Microsoft-Windows-Sysmon/Operational"",""computer"":""DESKTOP-O7P9I53"",""severityValue"":""INFORMATION"",""message"":""\""Registry value set:\r\nRuleName: InvDB-CompileTimeClaim\r\nEventType: SetValue\r\nUtcTime: 2025-06-09 14:03:26.018\r\nProcessGuid: {154c2aaf-e984-6846-4400-000000001800}\r\nProcessId: 3044\r\nImage: C:\\Windows\\System32\\svchost.exe\r\nTargetObject: \\REGISTRY\\A\\{4fc400b6-a755-4f91-a203-75735e25b097}\\Root\\InventoryApplicationFile\\am_delta_patch_1|54c822bea7f7e37\\LinkDate\r\nDetails: 06/09/2025 05:13:11\r\nUser: NT AUTHORITY\\SYSTEM\""""},""eventdata"":{""ruleName"":""InvDB-CompileTimeClaim"",""eventType"":""SetValue"",""utcTime"":""2025-06-09 14:03:26.018"",""processGuid"":""{154c2aaf-e984-6846-4400-000000001800}"",""processId"":""3044"",""image"":""C:\\\\Windows\\\\System32\\\\svchost.exe"",""targetObject"":""\\\\REGISTRY\\\\A\\\\{4fc400b6-a755-4f91-a203-75735e25b097}\\\\Root\\\\InventoryApplicationFile\\\\am_delta_patch_1|54c822bea7f7e37\\\\LinkDate"",""details"":""06/09/2025 05:13:11"",""user"":""NT AUTHORITY\\\\SYSTEM""}}}",log,"Jun 9, 2025 @ 19:34:12.751",EventChannel,1749477852.950956,"Jun 9, 2025 @ 19:34:12.751", , , , , , , , , , , , , , , , , , , , , , , , , , , , , , , , , , , , , , , , , , , , , , , , , , , ,\\REGISTRY\\A\\{4fc400b6-a755-4f91-a203-75735e25b097}\\Root\\InventoryApplicationFile\\am_delta_patch_1|54c822bea7f7e37\\LinkDate,InvDB-CompileTimeClaim,06/09/2025 05:13:11,SetValue, , , , , , , , , , , , , , , , , , , , , , , , , , , , , , 
wazuh-alerts-4.x-2025.06.09,NqMBVZcB7NFPR1gL7TJP,1,1,192.168.254.162,DESKTOP-O7P9I53,001,hat-VMware-Virtual-Platform, ,C:\\Windows\\System32\\svchost.exe, , , , , ,{154c2aaf-e984-6846-4400-000000001800}, , ,3044, ,2025-06-09 14:03:26.018, , , , , , ,NT AUTHORITY\\SYSTEM, , ,13,0x8000000000000000,{5770385f-c22a-43e0-bf4c-06f5698ffbd9},4,Microsoft-Windows-Sysmon/Operational,0,"""Registry value set:
RuleName: InvDB-Ver
EventType: SetValue
UtcTime: 2025-06-09 14:03:26.018
ProcessGuid: {154c2aaf-e984-6846-4400-000000001800}
ProcessId: 3044
Image: C:\Windows\System32\svchost.exe
TargetObject: \REGISTRY\A\{4fc400b6-a755-4f91-a203-75735e25b097}\Root\InventoryApplicationFile\am_delta_patch_1|54c822bea7f7e37\BinProductVersion
Details: 1.429.426.0
User: NT AUTHORITY\SYSTEM""",2,2025-06-09T14:03:26.0321002Z,30708,5512,DESKTOP-O7P9I53,13,3292,INFORMATION,Microsoft-Windows-Sysmon,33,false,5,Sysmon - Event 13: RegistryEvent SetValue on \\REGISTRY\\A\\{4fc400b6-a755-4f91-a203-75735e25b097}\\Root\\InventoryApplicationFile\\am_delta_patch_1|54c822bea7f7e37\\BinProductVersion by C:\\Windows\\System32\\svchost.exe,"[""windows"",""sysmon"",""sysmon_event_13""]",61615,windows_eventchannel,"{""win"":{""system"":{""providerName"":""Microsoft-Windows-Sysmon"",""providerGuid"":""{5770385f-c22a-43e0-bf4c-06f5698ffbd9}"",""eventID"":""13"",""version"":""2"",""level"":""4"",""task"":""13"",""opcode"":""0"",""keywords"":""0x8000000000000000"",""systemTime"":""2025-06-09T14:03:26.0321002Z"",""eventRecordID"":""30708"",""processID"":""3292"",""threadID"":""5512"",""channel"":""Microsoft-Windows-Sysmon/Operational"",""computer"":""DESKTOP-O7P9I53"",""severityValue"":""INFORMATION"",""message"":""\""Registry value set:\r\nRuleName: InvDB-Ver\r\nEventType: SetValue\r\nUtcTime: 2025-06-09 14:03:26.018\r\nProcessGuid: {154c2aaf-e984-6846-4400-000000001800}\r\nProcessId: 3044\r\nImage: C:\\Windows\\System32\\svchost.exe\r\nTargetObject: \\REGISTRY\\A\\{4fc400b6-a755-4f91-a203-75735e25b097}\\Root\\InventoryApplicationFile\\am_delta_patch_1|54c822bea7f7e37\\BinProductVersion\r\nDetails: 1.429.426.0\r\nUser: NT AUTHORITY\\SYSTEM\""""},""eventdata"":{""ruleName"":""InvDB-Ver"",""eventType"":""SetValue"",""utcTime"":""2025-06-09 14:03:26.018"",""processGuid"":""{154c2aaf-e984-6846-4400-000000001800}"",""processId"":""3044"",""image"":""C:\\\\Windows\\\\System32\\\\svchost.exe"",""targetObject"":""\\\\REGISTRY\\\\A\\\\{4fc400b6-a755-4f91-a203-75735e25b097}\\\\Root\\\\InventoryApplicationFile\\\\am_delta_patch_1|54c822bea7f7e37\\\\BinProductVersion"",""details"":""1.429.426.0"",""user"":""NT AUTHORITY\\\\SYSTEM""}}}",log,"Jun 9, 2025 @ 19:34:12.781",EventChannel,1749477852.954151,"Jun 9, 2025 @ 19:34:12.781", , , , , , , , , , , , , , , , , , , , , , , , , , , , , , , , , , , , , , , , , , , , , , , , , , , ,\\REGISTRY\\A\\{4fc400b6-a755-4f91-a203-75735e25b097}\\Root\\InventoryApplicationFile\\am_delta_patch_1|54c822bea7f7e37\\BinProductVersion,InvDB-Ver,1.429.426.0,SetValue, , , , , , , , , , , , , , , , , , , , , , , , , , , , , , 
