wazuh-alerts-4.x-2025.06.09,q6MBVZcB7NFPR1gL6DHf,1,1,192.168.254.162,DESKTOP-O7P9I53,001,hat-VMware-Virtual-Platform,vm3dservice.exe,C:\\Program Files\\VMware\\VMware Tools\\vm3dservice.exe,VMware SVGA 3D,{154c2aaf-e981-6846-0b00-000000001800},VMware SVGA Helper Service,{154c2aaf-e981-6846-e703-000000000000},C:\\Windows\\system32\\services.exe,{154c2aaf-e984-6846-5400-000000001800},0x3e7,648,3360,C:\\Windows\\system32\\,2025-06-09 14:02:44.720,"MD5=3B98DFC0C33F40B96233643489875E0E,SHA256=21996443CB7B50F08C61B867568D97A60D04CBB1C900749F977BFDFD8EBA6968,IMPHASH=1E3497A6C972ECDF6D2F8E3C98A2101E",C:\\Windows\\System32\\services.exe,Broadcom Inc.,"\""C:\\Program Files\\VMware\\VMware Tools\\vm3dservice.exe\""",System,9.17.09.0004,NT AUTHORITY\\SYSTEM,0,NT AUTHORITY\\SYSTEM,1,0x8000000000000000,{5770385f-c22a-43e0-bf4c-06f5698ffbd9},4,Microsoft-Windows-Sysmon/Operational,0,"""Process Create:
RuleName: -
UtcTime: 2025-06-09 14:02:44.720
ProcessGuid: {154c2aaf-e984-6846-5400-000000001800}
ProcessId: 3360
Image: C:\Program Files\VMware\VMware Tools\vm3dservice.exe
FileVersion: 9.17.09.0004
Description: VMware SVGA Helper Service
Product: VMware SVGA 3D
Company: Broadcom Inc.
OriginalFileName: vm3dservice.exe
CommandLine: ""C:\Program Files\VMware\VMware Tools\vm3dservice.exe""
CurrentDirectory: C:\Windows\system32\
User: NT AUTHORITY\SYSTEM
LogonGuid: {154c2aaf-e981-6846-e703-000000000000}
LogonId: 0x3E7
TerminalSessionId: 0
IntegrityLevel: System
Hashes: MD5=3B98DFC0C33F40B96233643489875E0E,SHA256=21996443CB7B50F08C61B867568D97A60D04CBB1C900749F977BFDFD8EBA6968,IMPHASH=1E3497A6C972ECDF6D2F8E3C98A2101E
ParentProcessGuid: {154c2aaf-e981-6846-0b00-000000001800}
ParentProcessId: 648
ParentImage: C:\Windows\System32\services.exe
ParentCommandLine: C:\Windows\system32\services.exe
ParentUser: NT AUTHORITY\SYSTEM""",5,2025-06-09T14:02:48.3482230Z,30552,5512,DESKTOP-O7P9I53,1,3292,INFORMATION,Microsoft-Windows-Sysmon,16,false,5,Sysmon - Event 1: Process creation VMware SVGA Helper Service,"[""windows"",""sysmon"",""sysmon_event1""]",61603,windows_eventchannel,"{""win"":{""system"":{""providerName"":""Microsoft-Windows-Sysmon"",""providerGuid"":""{5770385f-c22a-43e0-bf4c-06f5698ffbd9}"",""eventID"":""1"",""version"":""5"",""level"":""4"",""task"":""1"",""opcode"":""0"",""keywords"":""0x8000000000000000"",""systemTime"":""2025-06-09T14:02:48.3482230Z"",""eventRecordID"":""30552"",""processID"":""3292"",""threadID"":""5512"",""channel"":""Microsoft-Windows-Sysmon/Operational"",""computer"":""DESKTOP-O7P9I53"",""severityValue"":""INFORMATION"",""message"":""\""Process Create:\r\nRuleName: -\r\nUtcTime: 2025-06-09 14:02:44.720\r\nProcessGuid: {154c2aaf-e984-6846-5400-000000001800}\r\nProcessId: 3360\r\nImage: C:\\Program Files\\VMware\\VMware Tools\\vm3dservice.exe\r\nFileVersion: 9.17.09.0004\r\nDescription: VMware SVGA Helper Service\r\nProduct: VMware SVGA 3D\r\nCompany: Broadcom Inc.\r\nOriginalFileName: vm3dservice.exe\r\nCommandLine: \""C:\\Program Files\\VMware\\VMware Tools\\vm3dservice.exe\""\r\nCurrentDirectory: C:\\Windows\\system32\\\r\nUser: NT AUTHORITY\\SYSTEM\r\nLogonGuid: {154c2aaf-e981-6846-e703-000000000000}\r\nLogonId: 0x3E7\r\nTerminalSessionId: 0\r\nIntegrityLevel: System\r\nHashes: MD5=3B98DFC0C33F40B96233643489875E0E,SHA256=21996443CB7B50F08C61B867568D97A60D04CBB1C900749F977BFDFD8EBA6968,IMPHASH=1E3497A6C972ECDF6D2F8E3C98A2101E\r\nParentProcessGuid: {154c2aaf-e981-6846-0b00-000000001800}\r\nParentProcessId: 648\r\nParentImage: C:\\Windows\\System32\\services.exe\r\nParentCommandLine: C:\\Windows\\system32\\services.exe\r\nParentUser: NT AUTHORITY\\SYSTEM\""""},""eventdata"":{""utcTime"":""2025-06-09 14:02:44.720"",""processGuid"":""{154c2aaf-e984-6846-5400-000000001800}"",""processId"":""3360"",""image"":""C:\\\\Program Files\\\\VMware\\\\VMware Tools\\\\vm3dservice.exe"",""fileVersion"":""9.17.09.0004"",""description"":""VMware SVGA Helper Service"",""product"":""VMware SVGA 3D"",""company"":""Broadcom Inc."",""originalFileName"":""vm3dservice.exe"",""commandLine"":""\\\""C:\\\\Program Files\\\\VMware\\\\VMware Tools\\\\vm3dservice.exe\\\"""",""currentDirectory"":""C:\\\\Windows\\\\system32\\\\"",""user"":""NT AUTHORITY\\\\SYSTEM"",""logonGuid"":""{154c2aaf-e981-6846-e703-000000000000}"",""logonId"":""0x3e7"",""terminalSessionId"":""0"",""integrityLevel"":""System"",""hashes"":""MD5=3B98DFC0C33F40B96233643489875E0E,SHA256=21996443CB7B50F08C61B867568D97A60D04CBB1C900749F977BFDFD8EBA6968,IMPHASH=1E3497A6C972ECDF6D2F8E3C98A2101E"",""parentProcessGuid"":""{154c2aaf-e981-6846-0b00-000000001800}"",""parentProcessId"":""648"",""parentImage"":""C:\\\\Windows\\\\System32\\\\services.exe"",""parentCommandLine"":""C:\\\\Windows\\\\system32\\\\services.exe"",""parentUser"":""NT AUTHORITY\\\\SYSTEM""}}}",log,"Jun 9, 2025 @ 19:34:10.279",EventChannel,1749477850.222525,"Jun 9, 2025 @ 19:34:10.279", , , , , , , , , , , , , , , , , , , , , , , , , , , , , , , , , , , , , , , , , , , , , , , , , , , , , , , , , , , , , , , , , , , , , , , , , , , , , , , , , , , , , 
wazuh-alerts-4.x-2025.06.09,rqMBVZcB7NFPR1gL6DHf,1,1,192.168.254.162,DESKTOP-O7P9I53,001,hat-VMware-Virtual-Platform,MsMpEng.exe,C:\\ProgramData\\Microsoft\\Windows Defender\\Platform\\4.18.25040.2-0\\MsMpEng.exe,Microsoft® Windows® Operating System,{154c2aaf-e981-6846-0b00-000000001800},Antimalware Service Executable,{154c2aaf-e981-6846-e703-000000000000},C:\\Windows\\system32\\services.exe,{154c2aaf-e984-6846-5800-000000001800},0x3e7,648,3528,C:\\Windows\\system32\\,2025-06-09 14:02:44.848,"MD5=31923D0AEA8F266E914EA9BB0EA82A06,SHA256=73B76B6C7FDBF69298CC1AF4116B58497216B688EA3112B2D968076AA23D7380,IMPHASH=9E6FEF225E6109F5F5FB665D462F060E",C:\\Windows\\System32\\services.exe,Microsoft Corporation,"\""C:\\ProgramData\\Microsoft\\Windows Defender\\Platform\\4.18.25040.2-0\\MsMpEng.exe\""",System,4.18.25040.2 (82640e7cfde5ee75f6010c8d2c06272146d2bb6b),NT AUTHORITY\\SYSTEM,0,NT AUTHORITY\\SYSTEM,1,0x8000000000000000,{5770385f-c22a-43e0-bf4c-06f5698ffbd9},4,Microsoft-Windows-Sysmon/Operational,0,"""Process Create:
RuleName: -
UtcTime: 2025-06-09 14:02:44.848
ProcessGuid: {154c2aaf-e984-6846-5800-000000001800}
ProcessId: 3528
Image: C:\ProgramData\Microsoft\Windows Defender\Platform\4.18.25040.2-0\MsMpEng.exe
FileVersion: 4.18.25040.2 (82640e7cfde5ee75f6010c8d2c06272146d2bb6b)
Description: Antimalware Service Executable
Product: Microsoft® Windows® Operating System
Company: Microsoft Corporation
OriginalFileName: MsMpEng.exe
CommandLine: ""C:\ProgramData\Microsoft\Windows Defender\Platform\4.18.25040.2-0\MsMpEng.exe""
CurrentDirectory: C:\Windows\system32\
User: NT AUTHORITY\SYSTEM
LogonGuid: {154c2aaf-e981-6846-e703-000000000000}
LogonId: 0x3E7
TerminalSessionId: 0
IntegrityLevel: System
Hashes: MD5=31923D0AEA8F266E914EA9BB0EA82A06,SHA256=73B76B6C7FDBF69298CC1AF4116B58497216B688EA3112B2D968076AA23D7380,IMPHASH=9E6FEF225E6109F5F5FB665D462F060E
ParentProcessGuid: {154c2aaf-e981-6846-0b00-000000001800}
ParentProcessId: 648
ParentImage: C:\Windows\System32\services.exe
ParentCommandLine: C:\Windows\system32\services.exe
ParentUser: NT AUTHORITY\SYSTEM""",5,2025-06-09T14:02:48.3594712Z,30556,5512,DESKTOP-O7P9I53,1,3292,INFORMATION,Microsoft-Windows-Sysmon,19,false,5,Sysmon - Event 1: Process creation Antimalware Service Executable,"[""windows"",""sysmon"",""sysmon_event1""]",61603,windows_eventchannel,"{""win"":{""system"":{""providerName"":""Microsoft-Windows-Sysmon"",""providerGuid"":""{5770385f-c22a-43e0-bf4c-06f5698ffbd9}"",""eventID"":""1"",""version"":""5"",""level"":""4"",""task"":""1"",""opcode"":""0"",""keywords"":""0x8000000000000000"",""systemTime"":""2025-06-09T14:02:48.3594712Z"",""eventRecordID"":""30556"",""processID"":""3292"",""threadID"":""5512"",""channel"":""Microsoft-Windows-Sysmon/Operational"",""computer"":""DESKTOP-O7P9I53"",""severityValue"":""INFORMATION"",""message"":""\""Process Create:\r\nRuleName: -\r\nUtcTime: 2025-06-09 14:02:44.848\r\nProcessGuid: {154c2aaf-e984-6846-5800-000000001800}\r\nProcessId: 3528\r\nImage: C:\\ProgramData\\Microsoft\\Windows Defender\\Platform\\4.18.25040.2-0\\MsMpEng.exe\r\nFileVersion: 4.18.25040.2 (82640e7cfde5ee75f6010c8d2c06272146d2bb6b)\r\nDescription: Antimalware Service Executable\r\nProduct: Microsoft® Windows® Operating System\r\nCompany: Microsoft Corporation\r\nOriginalFileName: MsMpEng.exe\r\nCommandLine: \""C:\\ProgramData\\Microsoft\\Windows Defender\\Platform\\4.18.25040.2-0\\MsMpEng.exe\""\r\nCurrentDirectory: C:\\Windows\\system32\\\r\nUser: NT AUTHORITY\\SYSTEM\r\nLogonGuid: {154c2aaf-e981-6846-e703-000000000000}\r\nLogonId: 0x3E7\r\nTerminalSessionId: 0\r\nIntegrityLevel: System\r\nHashes: MD5=31923D0AEA8F266E914EA9BB0EA82A06,SHA256=73B76B6C7FDBF69298CC1AF4116B58497216B688EA3112B2D968076AA23D7380,IMPHASH=9E6FEF225E6109F5F5FB665D462F060E\r\nParentProcessGuid: {154c2aaf-e981-6846-0b00-000000001800}\r\nParentProcessId: 648\r\nParentImage: C:\\Windows\\System32\\services.exe\r\nParentCommandLine: C:\\Windows\\system32\\services.exe\r\nParentUser: NT AUTHORITY\\SYSTEM\""""},""eventdata"":{""utcTime"":""2025-06-09 14:02:44.848"",""processGuid"":""{154c2aaf-e984-6846-5800-000000001800}"",""processId"":""3528"",""image"":""C:\\\\ProgramData\\\\Microsoft\\\\Windows Defender\\\\Platform\\\\4.18.25040.2-0\\\\MsMpEng.exe"",""fileVersion"":""4.18.25040.2 (82640e7cfde5ee75f6010c8d2c06272146d2bb6b)"",""description"":""Antimalware Service Executable"",""product"":""Microsoft® Windows® Operating System"",""company"":""Microsoft Corporation"",""originalFileName"":""MsMpEng.exe"",""commandLine"":""\\\""C:\\\\ProgramData\\\\Microsoft\\\\Windows Defender\\\\Platform\\\\4.18.25040.2-0\\\\MsMpEng.exe\\\"""",""currentDirectory"":""C:\\\\Windows\\\\system32\\\\"",""user"":""NT AUTHORITY\\\\SYSTEM"",""logonGuid"":""{154c2aaf-e981-6846-e703-000000000000}"",""logonId"":""0x3e7"",""terminalSessionId"":""0"",""integrityLevel"":""System"",""hashes"":""MD5=31923D0AEA8F266E914EA9BB0EA82A06,SHA256=73B76B6C7FDBF69298CC1AF4116B58497216B688EA3112B2D968076AA23D7380,IMPHASH=9E6FEF225E6109F5F5FB665D462F060E"",""parentProcessGuid"":""{154c2aaf-e981-6846-0b00-000000001800}"",""parentProcessId"":""648"",""parentImage"":""C:\\\\Windows\\\\System32\\\\services.exe"",""parentCommandLine"":""C:\\\\Windows\\\\system32\\\\services.exe"",""parentUser"":""NT AUTHORITY\\\\SYSTEM""}}}",log,"Jun 9, 2025 @ 19:34:10.341",EventChannel,1749477850.238777,"Jun 9, 2025 @ 19:34:10.341", , , , , , , , , , , , , , , , , , , , , , , , , , , , , , , , , , , , , , , , , , , , , , , , , , , , , , , , , , , , , , , , , , , , , , , , , , , , , , , , , , , , , 
wazuh-alerts-4.x-2025.06.09,r6MBVZcB7NFPR1gL6DHf,1,1,192.168.254.162,DESKTOP-O7P9I53,001,hat-VMware-Virtual-Platform,updater.exe,C:\\Program Files (x86)\\Google\\GoogleUpdater\\138.0.7194.0\\updater.exe,Google Updater (x86),{154c2aaf-e984-6846-4700-000000001800},Google Updater (x86),{154c2aaf-e981-6846-e703-000000000000},"\""C:\\Program Files (x86)\\Google\\GoogleUpdater\\138.0.7194.0\\updater.exe\"" --system --windows-service --service=update-internal",{154c2aaf-e984-6846-5b00-000000001800},0x3e7,396,3640,C:\\Windows\\system32\\,2025-06-09 14:02:44.969,"MD5=A1044445F76098186DE3B146ABDA9876,SHA256=8CA4F944172F0904B4D70E40A5D61B54439109502E7E3E20D71F8A83BEAD9CE8,IMPHASH=9888642409BEC5969301F0CDEA998BD2",C:\\Program Files (x86)\\Google\\GoogleUpdater\\138.0.7194.0\\updater.exe,Google LLC,"\""C:\\Program Files (x86)\\Google\\GoogleUpdater\\138.0.7194.0\\updater.exe\"" --crash-handler --system \""--database=C:\\Program Files (x86)\\Google\\GoogleUpdater\\138.0.7194.0\\Crashpad\"" --url=https://clients2.google.com/cr/report --annotation=prod=Update4 --annotation=ver=138.0.7194.0 \""--attachment=C:\\Program Files (x86)\\Google\\GoogleUpdater\\updater.log\"" --initial-client-data=0x298,0x29c,0x2a0,0x274,0x2a4,0xe529c0,0xe529cc,0xe529d8",System,138.0.7194.0,NT AUTHORITY\\SYSTEM,0,NT AUTHORITY\\SYSTEM,1,0x8000000000000000,{5770385f-c22a-43e0-bf4c-06f5698ffbd9},4,Microsoft-Windows-Sysmon/Operational,0,"""Process Create:
RuleName: -
UtcTime: 2025-06-09 14:02:44.969
ProcessGuid: {154c2aaf-e984-6846-5b00-000000001800}
ProcessId: 3640
Image: C:\Program Files (x86)\Google\GoogleUpdater\138.0.7194.0\updater.exe
FileVersion: 138.0.7194.0
Description: Google Updater (x86)
Product: Google Updater (x86)
Company: Google LLC
OriginalFileName: updater.exe
CommandLine: ""C:\Program Files (x86)\Google\GoogleUpdater\138.0.7194.0\updater.exe"" --crash-handler --system ""--database=C:\Program Files (x86)\Google\GoogleUpdater\138.0.7194.0\Crashpad"" --url=https://clients2.google.com/cr/report --annotation=prod=Update4 --annotation=ver=138.0.7194.0 ""--attachment=C:\Program Files (x86)\Google\GoogleUpdater\updater.log"" --initial-client-data=0x298,0x29c,0x2a0,0x274,0x2a4,0xe529c0,0xe529cc,0xe529d8
CurrentDirectory: C:\Windows\system32\
User: NT AUTHORITY\SYSTEM
LogonGuid: {154c2aaf-e981-6846-e703-000000000000}
LogonId: 0x3E7
TerminalSessionId: 0
IntegrityLevel: System
Hashes: MD5=A1044445F76098186DE3B146ABDA9876,SHA256=8CA4F944172F0904B4D70E40A5D61B54439109502E7E3E20D71F8A83BEAD9CE8,IMPHASH=9888642409BEC5969301F0CDEA998BD2
ParentProcessGuid: {154c2aaf-e984-6846-4700-000000001800}
ParentProcessId: 396
ParentImage: C:\Program Files (x86)\Google\GoogleUpdater\138.0.7194.0\updater.exe
ParentCommandLine: ""C:\Program Files (x86)\Google\GoogleUpdater\138.0.7194.0\updater.exe"" --system --windows-service --service=update-internal
ParentUser: NT AUTHORITY\SYSTEM""",5,2025-06-09T14:02:48.3694748Z,30559,5512,DESKTOP-O7P9I53,1,3292,INFORMATION,Microsoft-Windows-Sysmon,20,false,5,Sysmon - Event 1: Process creation Google Updater (x86),"[""windows"",""sysmon"",""sysmon_event1""]",61603,windows_eventchannel,"{""win"":{""system"":{""providerName"":""Microsoft-Windows-Sysmon"",""providerGuid"":""{5770385f-c22a-43e0-bf4c-06f5698ffbd9}"",""eventID"":""1"",""version"":""5"",""level"":""4"",""task"":""1"",""opcode"":""0"",""keywords"":""0x8000000000000000"",""systemTime"":""2025-06-09T14:02:48.3694748Z"",""eventRecordID"":""30559"",""processID"":""3292"",""threadID"":""5512"",""channel"":""Microsoft-Windows-Sysmon/Operational"",""computer"":""DESKTOP-O7P9I53"",""severityValue"":""INFORMATION"",""message"":""\""Process Create:\r\nRuleName: -\r\nUtcTime: 2025-06-09 14:02:44.969\r\nProcessGuid: {154c2aaf-e984-6846-5b00-000000001800}\r\nProcessId: 3640\r\nImage: C:\\Program Files (x86)\\Google\\GoogleUpdater\\138.0.7194.0\\updater.exe\r\nFileVersion: 138.0.7194.0\r\nDescription: Google Updater (x86)\r\nProduct: Google Updater (x86)\r\nCompany: Google LLC\r\nOriginalFileName: updater.exe\r\nCommandLine: \""C:\\Program Files (x86)\\Google\\GoogleUpdater\\138.0.7194.0\\updater.exe\"" --crash-handler --system \""--database=C:\\Program Files (x86)\\Google\\GoogleUpdater\\138.0.7194.0\\Crashpad\"" --url=https://clients2.google.com/cr/report --annotation=prod=Update4 --annotation=ver=138.0.7194.0 \""--attachment=C:\\Program Files (x86)\\Google\\GoogleUpdater\\updater.log\"" --initial-client-data=0x298,0x29c,0x2a0,0x274,0x2a4,0xe529c0,0xe529cc,0xe529d8\r\nCurrentDirectory: C:\\Windows\\system32\\\r\nUser: NT AUTHORITY\\SYSTEM\r\nLogonGuid: {154c2aaf-e981-6846-e703-000000000000}\r\nLogonId: 0x3E7\r\nTerminalSessionId: 0\r\nIntegrityLevel: System\r\nHashes: MD5=A1044445F76098186DE3B146ABDA9876,SHA256=8CA4F944172F0904B4D70E40A5D61B54439109502E7E3E20D71F8A83BEAD9CE8,IMPHASH=9888642409BEC5969301F0CDEA998BD2\r\nParentProcessGuid: {154c2aaf-e984-6846-4700-000000001800}\r\nParentProcessId: 396\r\nParentImage: C:\\Program Files (x86)\\Google\\GoogleUpdater\\138.0.7194.0\\updater.exe\r\nParentCommandLine: \""C:\\Program Files (x86)\\Google\\GoogleUpdater\\138.0.7194.0\\updater.exe\"" --system --windows-service --service=update-internal\r\nParentUser: NT AUTHORITY\\SYSTEM\""""},""eventdata"":{""utcTime"":""2025-06-09 14:02:44.969"",""processGuid"":""{154c2aaf-e984-6846-5b00-000000001800}"",""processId"":""3640"",""image"":""C:\\\\Program Files (x86)\\\\Google\\\\GoogleUpdater\\\\138.0.7194.0\\\\updater.exe"",""fileVersion"":""138.0.7194.0"",""description"":""Google Updater (x86)"",""product"":""Google Updater (x86)"",""company"":""Google LLC"",""originalFileName"":""updater.exe"",""commandLine"":""\\\""C:\\\\Program Files (x86)\\\\Google\\\\GoogleUpdater\\\\138.0.7194.0\\\\updater.exe\\\"" --crash-handler --system \\\""--database=C:\\\\Program Files (x86)\\\\Google\\\\GoogleUpdater\\\\138.0.7194.0\\\\Crashpad\\\"" --url=https://clients2.google.com/cr/report --annotation=prod=Update4 --annotation=ver=138.0.7194.0 \\\""--attachment=C:\\\\Program Files (x86)\\\\Google\\\\GoogleUpdater\\\\updater.log\\\"" --initial-client-data=0x298,0x29c,0x2a0,0x274,0x2a4,0xe529c0,0xe529cc,0xe529d8"",""currentDirectory"":""C:\\\\Windows\\\\system32\\\\"",""user"":""NT AUTHORITY\\\\SYSTEM"",""logonGuid"":""{154c2aaf-e981-6846-e703-000000000000}"",""logonId"":""0x3e7"",""terminalSessionId"":""0"",""integrityLevel"":""System"",""hashes"":""MD5=A1044445F76098186DE3B146ABDA9876,SHA256=8CA4F944172F0904B4D70E40A5D61B54439109502E7E3E20D71F8A83BEAD9CE8,IMPHASH=9888642409BEC5969301F0CDEA998BD2"",""parentProcessGuid"":""{154c2aaf-e984-6846-4700-000000001800}"",""parentProcessId"":""396"",""parentImage"":""C:\\\\Program Files (x86)\\\\Google\\\\GoogleUpdater\\\\138.0.7194.0\\\\updater.exe"",""parentCommandLine"":""\\\""C:\\\\Program Files (x86)\\\\Google\\\\GoogleUpdater\\\\138.0.7194.0\\\\updater.exe\\\"" --system --windows-service --service=update-internal"",""parentUser"":""NT AUTHORITY\\\\SYSTEM""}}}",log,"Jun 9, 2025 @ 19:34:10.391",EventChannel,1749477850.244810,"Jun 9, 2025 @ 19:34:10.391", , , , , , , , , , , , , , , , , , , , , , , , , , , , , , , , , , , , , , , , , , , , , , , , , , , , , , , , , , , , , , , , , , , , , , , , , , , , , , , , , , , , , 
wazuh-alerts-4.x-2025.06.09,saMBVZcB7NFPR1gL6DHf,1,1,192.168.254.162,DESKTOP-O7P9I53,001,hat-VMware-Virtual-Platform,vm3dservice.exe,C:\\Program Files\\VMware\\VMware Tools\\vm3dservice.exe,VMware SVGA 3D,{154c2aaf-e984-6846-5400-000000001800},VMware SVGA Helper Service,{154c2aaf-e981-6846-e703-000000000000},"\""C:\\Program Files\\VMware\\VMware Tools\\vm3dservice.exe\""",{154c2aaf-e985-6846-5d00-000000001800},0x3e7,3360,3740,C:\\Windows\\system32\\,2025-06-09 14:02:45.025,"MD5=3B98DFC0C33F40B96233643489875E0E,SHA256=21996443CB7B50F08C61B867568D97A60D04CBB1C900749F977BFDFD8EBA6968,IMPHASH=1E3497A6C972ECDF6D2F8E3C98A2101E",C:\\Program Files\\VMware\\VMware Tools\\vm3dservice.exe,Broadcom Inc.,"\""C:\\Program Files\\VMware\\VMware Tools\\vm3dservice.exe\"" -n",System,9.17.09.0004,NT AUTHORITY\\SYSTEM,1,NT AUTHORITY\\SYSTEM,1,0x8000000000000000,{5770385f-c22a-43e0-bf4c-06f5698ffbd9},4,Microsoft-Windows-Sysmon/Operational,0,"""Process Create:
RuleName: -
UtcTime: 2025-06-09 14:02:45.025
ProcessGuid: {154c2aaf-e985-6846-5d00-000000001800}
ProcessId: 3740
Image: C:\Program Files\VMware\VMware Tools\vm3dservice.exe
FileVersion: 9.17.09.0004
Description: VMware SVGA Helper Service
Product: VMware SVGA 3D
Company: Broadcom Inc.
OriginalFileName: vm3dservice.exe
CommandLine: ""C:\Program Files\VMware\VMware Tools\vm3dservice.exe"" -n
CurrentDirectory: C:\Windows\system32\
User: NT AUTHORITY\SYSTEM
LogonGuid: {154c2aaf-e981-6846-e703-000000000000}
LogonId: 0x3E7
TerminalSessionId: 1
IntegrityLevel: System
Hashes: MD5=3B98DFC0C33F40B96233643489875E0E,SHA256=21996443CB7B50F08C61B867568D97A60D04CBB1C900749F977BFDFD8EBA6968,IMPHASH=1E3497A6C972ECDF6D2F8E3C98A2101E
ParentProcessGuid: {154c2aaf-e984-6846-5400-000000001800}
ParentProcessId: 3360
ParentImage: C:\Program Files\VMware\VMware Tools\vm3dservice.exe
ParentCommandLine: ""C:\Program Files\VMware\VMware Tools\vm3dservice.exe""
ParentUser: NT AUTHORITY\SYSTEM""",5,2025-06-09T14:02:48.3741015Z,30561,5512,DESKTOP-O7P9I53,1,3292,INFORMATION,Microsoft-Windows-Sysmon,22,false,5,Sysmon - Event 1: Process creation VMware SVGA Helper Service,"[""windows"",""sysmon"",""sysmon_event1""]",61603,windows_eventchannel,"{""win"":{""system"":{""providerName"":""Microsoft-Windows-Sysmon"",""providerGuid"":""{5770385f-c22a-43e0-bf4c-06f5698ffbd9}"",""eventID"":""1"",""version"":""5"",""level"":""4"",""task"":""1"",""opcode"":""0"",""keywords"":""0x8000000000000000"",""systemTime"":""2025-06-09T14:02:48.3741015Z"",""eventRecordID"":""30561"",""processID"":""3292"",""threadID"":""5512"",""channel"":""Microsoft-Windows-Sysmon/Operational"",""computer"":""DESKTOP-O7P9I53"",""severityValue"":""INFORMATION"",""message"":""\""Process Create:\r\nRuleName: -\r\nUtcTime: 2025-06-09 14:02:45.025\r\nProcessGuid: {154c2aaf-e985-6846-5d00-000000001800}\r\nProcessId: 3740\r\nImage: C:\\Program Files\\VMware\\VMware Tools\\vm3dservice.exe\r\nFileVersion: 9.17.09.0004\r\nDescription: VMware SVGA Helper Service\r\nProduct: VMware SVGA 3D\r\nCompany: Broadcom Inc.\r\nOriginalFileName: vm3dservice.exe\r\nCommandLine: \""C:\\Program Files\\VMware\\VMware Tools\\vm3dservice.exe\"" -n\r\nCurrentDirectory: C:\\Windows\\system32\\\r\nUser: NT AUTHORITY\\SYSTEM\r\nLogonGuid: {154c2aaf-e981-6846-e703-000000000000}\r\nLogonId: 0x3E7\r\nTerminalSessionId: 1\r\nIntegrityLevel: System\r\nHashes: MD5=3B98DFC0C33F40B96233643489875E0E,SHA256=21996443CB7B50F08C61B867568D97A60D04CBB1C900749F977BFDFD8EBA6968,IMPHASH=1E3497A6C972ECDF6D2F8E3C98A2101E\r\nParentProcessGuid: {154c2aaf-e984-6846-5400-000000001800}\r\nParentProcessId: 3360\r\nParentImage: C:\\Program Files\\VMware\\VMware Tools\\vm3dservice.exe\r\nParentCommandLine: \""C:\\Program Files\\VMware\\VMware Tools\\vm3dservice.exe\""\r\nParentUser: NT AUTHORITY\\SYSTEM\""""},""eventdata"":{""utcTime"":""2025-06-09 14:02:45.025"",""processGuid"":""{154c2aaf-e985-6846-5d00-000000001800}"",""processId"":""3740"",""image"":""C:\\\\Program Files\\\\VMware\\\\VMware Tools\\\\vm3dservice.exe"",""fileVersion"":""9.17.09.0004"",""description"":""VMware SVGA Helper Service"",""product"":""VMware SVGA 3D"",""company"":""Broadcom Inc."",""originalFileName"":""vm3dservice.exe"",""commandLine"":""\\\""C:\\\\Program Files\\\\VMware\\\\VMware Tools\\\\vm3dservice.exe\\\"" -n"",""currentDirectory"":""C:\\\\Windows\\\\system32\\\\"",""user"":""NT AUTHORITY\\\\SYSTEM"",""logonGuid"":""{154c2aaf-e981-6846-e703-000000000000}"",""logonId"":""0x3e7"",""terminalSessionId"":""1"",""integrityLevel"":""System"",""hashes"":""MD5=3B98DFC0C33F40B96233643489875E0E,SHA256=21996443CB7B50F08C61B867568D97A60D04CBB1C900749F977BFDFD8EBA6968,IMPHASH=1E3497A6C972ECDF6D2F8E3C98A2101E"",""parentProcessGuid"":""{154c2aaf-e984-6846-5400-000000001800}"",""parentProcessId"":""3360"",""parentImage"":""C:\\\\Program Files\\\\VMware\\\\VMware Tools\\\\vm3dservice.exe"",""parentCommandLine"":""\\\""C:\\\\Program Files\\\\VMware\\\\VMware Tools\\\\vm3dservice.exe\\\"""",""parentUser"":""NT AUTHORITY\\\\SYSTEM""}}}",log,"Jun 9, 2025 @ 19:34:10.535",EventChannel,1749477850.260042,"Jun 9, 2025 @ 19:34:10.535", , , , , , , , , , , , , , , , , , , , , , , , , , , , , , , , , , , , , , , , , , , , , , , , , , , , , , , , , , , , , , , , , , , , , , , , , , , , , , , , , , , , , 
wazuh-alerts-4.x-2025.06.09,sqMBVZcB7NFPR1gL6DHf,1,1,192.168.254.162,DESKTOP-O7P9I53,001,hat-VMware-Virtual-Platform,MpCmdRun.exe,C:\\ProgramData\\Microsoft\\Windows Defender\\Platform\\4.18.25040.2-0\\MpCmdRun.exe,Microsoft® Windows® Operating System,{154c2aaf-e982-6846-1900-000000001800},Microsoft Malware Protection Command Line Utility,{154c2aaf-e981-6846-e703-000000000000},C:\\Windows\\system32\\svchost.exe -k netsvcs -p -s Schedule,{154c2aaf-e985-6846-5f00-000000001800},0x3e7,1168,4140,C:\\Windows\\system32\\,2025-06-09 14:02:45.394,"MD5=638CF1EBFCE496EAB4F6BED4351FCBD4,SHA256=BF06AA61402DF875CD38613CABFCC0134FA1E6B87AF45C3E806202E77DD1DC08,IMPHASH=7673DB246D5BA69E5322B0C1A609CB97",C:\\Windows\\System32\\svchost.exe,Microsoft Corporation,"\""C:\\ProgramData\\Microsoft\\Windows Defender\\Platform\\4.18.25040.2-0\\MpCmdRun.exe\"" -IdleTask -TaskName WdVerification",System,4.18.25040.2 (82640e7cfde5ee75f6010c8d2c06272146d2bb6b),NT AUTHORITY\\SYSTEM,0,NT AUTHORITY\\SYSTEM,1,0x8000000000000000,{5770385f-c22a-43e0-bf4c-06f5698ffbd9},4,Microsoft-Windows-Sysmon/Operational,0,"""Process Create:
RuleName: -
UtcTime: 2025-06-09 14:02:45.394
ProcessGuid: {154c2aaf-e985-6846-5f00-000000001800}
ProcessId: 4140
Image: C:\ProgramData\Microsoft\Windows Defender\Platform\4.18.25040.2-0\MpCmdRun.exe
FileVersion: 4.18.25040.2 (82640e7cfde5ee75f6010c8d2c06272146d2bb6b)
Description: Microsoft Malware Protection Command Line Utility
Product: Microsoft® Windows® Operating System
Company: Microsoft Corporation
OriginalFileName: MpCmdRun.exe
CommandLine: ""C:\ProgramData\Microsoft\Windows Defender\Platform\4.18.25040.2-0\MpCmdRun.exe"" -IdleTask -TaskName WdVerification
CurrentDirectory: C:\Windows\system32\
User: NT AUTHORITY\SYSTEM
LogonGuid: {154c2aaf-e981-6846-e703-000000000000}
LogonId: 0x3E7
TerminalSessionId: 0
IntegrityLevel: System
Hashes: MD5=638CF1EBFCE496EAB4F6BED4351FCBD4,SHA256=BF06AA61402DF875CD38613CABFCC0134FA1E6B87AF45C3E806202E77DD1DC08,IMPHASH=7673DB246D5BA69E5322B0C1A609CB97
ParentProcessGuid: {154c2aaf-e982-6846-1900-000000001800}
ParentProcessId: 1168
ParentImage: C:\Windows\System32\svchost.exe
ParentCommandLine: C:\Windows\system32\svchost.exe -k netsvcs -p -s Schedule
ParentUser: NT AUTHORITY\SYSTEM""",5,2025-06-09T14:02:48.5025055Z,30562,5512,DESKTOP-O7P9I53,1,3292,INFORMATION,Microsoft-Windows-Sysmon,23,false,5,Sysmon - Event 1: Process creation Microsoft Malware Protection Command Line Utility,"[""windows"",""sysmon"",""sysmon_event1""]",61603,windows_eventchannel,"{""win"":{""system"":{""providerName"":""Microsoft-Windows-Sysmon"",""providerGuid"":""{5770385f-c22a-43e0-bf4c-06f5698ffbd9}"",""eventID"":""1"",""version"":""5"",""level"":""4"",""task"":""1"",""opcode"":""0"",""keywords"":""0x8000000000000000"",""systemTime"":""2025-06-09T14:02:48.5025055Z"",""eventRecordID"":""30562"",""processID"":""3292"",""threadID"":""5512"",""channel"":""Microsoft-Windows-Sysmon/Operational"",""computer"":""DESKTOP-O7P9I53"",""severityValue"":""INFORMATION"",""message"":""\""Process Create:\r\nRuleName: -\r\nUtcTime: 2025-06-09 14:02:45.394\r\nProcessGuid: {154c2aaf-e985-6846-5f00-000000001800}\r\nProcessId: 4140\r\nImage: C:\\ProgramData\\Microsoft\\Windows Defender\\Platform\\4.18.25040.2-0\\MpCmdRun.exe\r\nFileVersion: 4.18.25040.2 (82640e7cfde5ee75f6010c8d2c06272146d2bb6b)\r\nDescription: Microsoft Malware Protection Command Line Utility\r\nProduct: Microsoft® Windows® Operating System\r\nCompany: Microsoft Corporation\r\nOriginalFileName: MpCmdRun.exe\r\nCommandLine: \""C:\\ProgramData\\Microsoft\\Windows Defender\\Platform\\4.18.25040.2-0\\MpCmdRun.exe\"" -IdleTask -TaskName WdVerification\r\nCurrentDirectory: C:\\Windows\\system32\\\r\nUser: NT AUTHORITY\\SYSTEM\r\nLogonGuid: {154c2aaf-e981-6846-e703-000000000000}\r\nLogonId: 0x3E7\r\nTerminalSessionId: 0\r\nIntegrityLevel: System\r\nHashes: MD5=638CF1EBFCE496EAB4F6BED4351FCBD4,SHA256=BF06AA61402DF875CD38613CABFCC0134FA1E6B87AF45C3E806202E77DD1DC08,IMPHASH=7673DB246D5BA69E5322B0C1A609CB97\r\nParentProcessGuid: {154c2aaf-e982-6846-1900-000000001800}\r\nParentProcessId: 1168\r\nParentImage: C:\\Windows\\System32\\svchost.exe\r\nParentCommandLine: C:\\Windows\\system32\\svchost.exe -k netsvcs -p -s Schedule\r\nParentUser: NT AUTHORITY\\SYSTEM\""""},""eventdata"":{""utcTime"":""2025-06-09 14:02:45.394"",""processGuid"":""{154c2aaf-e985-6846-5f00-000000001800}"",""processId"":""4140"",""image"":""C:\\\\ProgramData\\\\Microsoft\\\\Windows Defender\\\\Platform\\\\4.18.25040.2-0\\\\MpCmdRun.exe"",""fileVersion"":""4.18.25040.2 (82640e7cfde5ee75f6010c8d2c06272146d2bb6b)"",""description"":""Microsoft Malware Protection Command Line Utility"",""product"":""Microsoft® Windows® Operating System"",""company"":""Microsoft Corporation"",""originalFileName"":""MpCmdRun.exe"",""commandLine"":""\\\""C:\\\\ProgramData\\\\Microsoft\\\\Windows Defender\\\\Platform\\\\4.18.25040.2-0\\\\MpCmdRun.exe\\\"" -IdleTask -TaskName WdVerification"",""currentDirectory"":""C:\\\\Windows\\\\system32\\\\"",""user"":""NT AUTHORITY\\\\SYSTEM"",""logonGuid"":""{154c2aaf-e981-6846-e703-000000000000}"",""logonId"":""0x3e7"",""terminalSessionId"":""0"",""integrityLevel"":""System"",""hashes"":""MD5=638CF1EBFCE496EAB4F6BED4351FCBD4,SHA256=BF06AA61402DF875CD38613CABFCC0134FA1E6B87AF45C3E806202E77DD1DC08,IMPHASH=7673DB246D5BA69E5322B0C1A609CB97"",""parentProcessGuid"":""{154c2aaf-e982-6846-1900-000000001800}"",""parentProcessId"":""1168"",""parentImage"":""C:\\\\Windows\\\\System32\\\\svchost.exe"",""parentCommandLine"":""C:\\\\Windows\\\\system32\\\\svchost.exe -k netsvcs -p -s Schedule"",""parentUser"":""NT AUTHORITY\\\\SYSTEM""}}}",log,"Jun 9, 2025 @ 19:34:10.536",EventChannel,1749477850.265755,"Jun 9, 2025 @ 19:34:10.536", , , , , , , , , , , , , , , , , , , , , , , , , , , , , , , , , , , , , , , , , , , , , , , , , , , , , , , , , , , , , , , , , , , , , , , , , , , , , , , , , , , , , 
wazuh-alerts-4.x-2025.06.09,tKMBVZcB7NFPR1gL6DHf,1,1,192.168.254.162,DESKTOP-O7P9I53,001,hat-VMware-Virtual-Platform, ,C:\\Windows\\System32\\svchost.exe, , , , , ,{154c2aaf-e983-6846-3300-000000001800}, , ,2152, ,2025-06-09 14:02:45.629, , , , , , ,NT AUTHORITY\\LOCAL SERVICE, , ,13,0x8000000000000000,{5770385f-c22a-43e0-bf4c-06f5698ffbd9},4,Microsoft-Windows-Sysmon/Operational,0,"""Registry value set:
RuleName: -
EventType: SetValue
UtcTime: 2025-06-09 14:02:45.629
ProcessGuid: {154c2aaf-e983-6846-3300-000000001800}
ProcessId: 2152
Image: C:\Windows\System32\svchost.exe
TargetObject: HKLM\SOFTWARE\Microsoft\Windows NT\CurrentVersion\NetworkList\Profiles\{B9D63F97-E4DD-48BB-95DF-8CA7C141AEB2}\DateLastConnected
Details: Binary Data
User: NT AUTHORITY\LOCAL SERVICE""",2,2025-06-09T14:02:48.6727150Z,30565,5512,DESKTOP-O7P9I53,13,3292,INFORMATION,Microsoft-Windows-Sysmon,6,false,5,Sysmon - Event 13: RegistryEvent SetValue on HKLM\\SOFTWARE\\Microsoft\\Windows NT\\CurrentVersion\\NetworkList\\Profiles\\{B9D63F97-E4DD-48BB-95DF-8CA7C141AEB2}\\DateLastConnected by C:\\Windows\\System32\\svchost.exe,"[""windows"",""sysmon"",""sysmon_event_13""]",61615,windows_eventchannel,"{""win"":{""system"":{""providerName"":""Microsoft-Windows-Sysmon"",""providerGuid"":""{5770385f-c22a-43e0-bf4c-06f5698ffbd9}"",""eventID"":""13"",""version"":""2"",""level"":""4"",""task"":""13"",""opcode"":""0"",""keywords"":""0x8000000000000000"",""systemTime"":""2025-06-09T14:02:48.6727150Z"",""eventRecordID"":""30565"",""processID"":""3292"",""threadID"":""5512"",""channel"":""Microsoft-Windows-Sysmon/Operational"",""computer"":""DESKTOP-O7P9I53"",""severityValue"":""INFORMATION"",""message"":""\""Registry value set:\r\nRuleName: -\r\nEventType: SetValue\r\nUtcTime: 2025-06-09 14:02:45.629\r\nProcessGuid: {154c2aaf-e983-6846-3300-000000001800}\r\nProcessId: 2152\r\nImage: C:\\Windows\\System32\\svchost.exe\r\nTargetObject: HKLM\\SOFTWARE\\Microsoft\\Windows NT\\CurrentVersion\\NetworkList\\Profiles\\{B9D63F97-E4DD-48BB-95DF-8CA7C141AEB2}\\DateLastConnected\r\nDetails: Binary Data\r\nUser: NT AUTHORITY\\LOCAL SERVICE\""""},""eventdata"":{""eventType"":""SetValue"",""utcTime"":""2025-06-09 14:02:45.629"",""processGuid"":""{154c2aaf-e983-6846-3300-000000001800}"",""processId"":""2152"",""image"":""C:\\\\Windows\\\\System32\\\\svchost.exe"",""targetObject"":""HKLM\\\\SOFTWARE\\\\Microsoft\\\\Windows NT\\\\CurrentVersion\\\\NetworkList\\\\Profiles\\\\{B9D63F97-E4DD-48BB-95DF-8CA7C141AEB2}\\\\DateLastConnected"",""details"":""Binary Data"",""user"":""NT AUTHORITY\\\\LOCAL SERVICE""}}}",log,"Jun 9, 2025 @ 19:34:10.543",EventChannel,1749477850.278350,"Jun 9, 2025 @ 19:34:10.543", , , , , , , , , , , , , , , , , , , , , , , , , , , , , , , , , , , , , , , , , , , , , , , , , , , ,HKLM\\SOFTWARE\\Microsoft\\Windows NT\\CurrentVersion\\NetworkList\\Profiles\\{B9D63F97-E4DD-48BB-95DF-8CA7C141AEB2}\\DateLastConnected, ,Binary Data,SetValue, , , , , , , , , , , , , , , , , , , , , , , , , , , , , , 
wazuh-alerts-4.x-2025.06.09,uaMBVZcB7NFPR1gL6DHf,1,1,192.168.254.162,DESKTOP-O7P9I53,001,hat-VMware-Virtual-Platform,net.exe,C:\\Windows\\SysWOW64\\net.exe,Microsoft® Windows® Operating System,{154c2aaf-e984-6846-5700-000000001800},Net Command,{154c2aaf-e981-6846-e703-000000000000},"\""C:\\Program Files (x86)\\ossec-agent\\wazuh-agent.exe\""",{154c2aaf-e986-6846-6c00-000000001800},0x3e7,3480,5028,C:\\Program Files (x86)\\ossec-agent\\,2025-06-09 14:02:46.826,"MD5=31890A7DE89936F922D44D677F681A7F,SHA256=7C4C7725E266F12ABA8C50FD1598D4001201BCA0E7ACA901508307E365AFFF42,IMPHASH=AC592B83B5CAEB41A6F6DF7DB53F9076",C:\\Program Files (x86)\\ossec-agent\\wazuh-agent.exe,Microsoft Corporation,net.exe accounts,System,10.0.19041.1 (WinBuild.160101.0800),NT AUTHORITY\\SYSTEM,0,NT AUTHORITY\\SYSTEM,1,0x8000000000000000,{5770385f-c22a-43e0-bf4c-06f5698ffbd9},4,Microsoft-Windows-Sysmon/Operational,0,"""Process Create:
RuleName: -
UtcTime: 2025-06-09 14:02:46.826
ProcessGuid: {154c2aaf-e986-6846-6c00-000000001800}
ProcessId: 5028
Image: C:\Windows\SysWOW64\net.exe
FileVersion: 10.0.19041.1 (WinBuild.160101.0800)
Description: Net Command
Product: Microsoft® Windows® Operating System
Company: Microsoft Corporation
OriginalFileName: net.exe
CommandLine: net.exe accounts
CurrentDirectory: C:\Program Files (x86)\ossec-agent\
User: NT AUTHORITY\SYSTEM
LogonGuid: {154c2aaf-e981-6846-e703-000000000000}
LogonId: 0x3E7
TerminalSessionId: 0
IntegrityLevel: System
Hashes: MD5=31890A7DE89936F922D44D677F681A7F,SHA256=7C4C7725E266F12ABA8C50FD1598D4001201BCA0E7ACA901508307E365AFFF42,IMPHASH=AC592B83B5CAEB41A6F6DF7DB53F9076
ParentProcessGuid: {154c2aaf-e984-6846-5700-000000001800}
ParentProcessId: 3480
ParentImage: C:\Program Files (x86)\ossec-agent\wazuh-agent.exe
ParentCommandLine: ""C:\Program Files (x86)\ossec-agent\wazuh-agent.exe""
ParentUser: NT AUTHORITY\SYSTEM""",5,2025-06-09T14:02:48.8453508Z,30573,5512,DESKTOP-O7P9I53,1,3292,INFORMATION,Microsoft-Windows-Sysmon,1,false,3,Discovery activity executed,"[""sysmon"",""sysmon_eid1_detections"",""windows""]",92031,windows_eventchannel, ,log,"Jun 9, 2025 @ 19:34:10.610",EventChannel,1749477850.308350,"Jun 9, 2025 @ 19:34:10.610", , ,"[""Account Discovery""]","[""T1087""]","[""Discovery""]", , , , , , , , , , , , , , , , , , , , , , , , , , , , , , , , , , , , , , , , , , , , , , , , , , , , , , , , , , , , , , , , , , , , , , , , , , , , , , , , 
wazuh-alerts-4.x-2025.06.09,vKMBVZcB7NFPR1gL6DHf,1,1,192.168.254.162,DESKTOP-O7P9I53,001,hat-VMware-Virtual-Platform,updater.exe,C:\\Program Files (x86)\\Google\\GoogleUpdater\\138.0.7194.0\\updater.exe,Google Updater (x86),{154c2aaf-e981-6846-0b00-000000001800},Google Updater (x86),{154c2aaf-e981-6846-e703-000000000000},C:\\Windows\\system32\\services.exe,{154c2aaf-e986-6846-6f00-000000001800},0x3e7,648,4092,C:\\Windows\\system32\\,2025-06-09 14:02:46.921,"MD5=A1044445F76098186DE3B146ABDA9876,SHA256=8CA4F944172F0904B4D70E40A5D61B54439109502E7E3E20D71F8A83BEAD9CE8,IMPHASH=9888642409BEC5969301F0CDEA998BD2",C:\\Windows\\System32\\services.exe,Google LLC,"\""C:\\Program Files (x86)\\Google\\GoogleUpdater\\138.0.7194.0\\updater.exe\"" --system --windows-service --service=update",System,138.0.7194.0,NT AUTHORITY\\SYSTEM,0,NT AUTHORITY\\SYSTEM,1,0x8000000000000000,{5770385f-c22a-43e0-bf4c-06f5698ffbd9},4,Microsoft-Windows-Sysmon/Operational,0,"""Process Create:
RuleName: -
UtcTime: 2025-06-09 14:02:46.921
ProcessGuid: {154c2aaf-e986-6846-6f00-000000001800}
ProcessId: 4092
Image: C:\Program Files (x86)\Google\GoogleUpdater\138.0.7194.0\updater.exe
FileVersion: 138.0.7194.0
Description: Google Updater (x86)
Product: Google Updater (x86)
Company: Google LLC
OriginalFileName: updater.exe
CommandLine: ""C:\Program Files (x86)\Google\GoogleUpdater\138.0.7194.0\updater.exe"" --system --windows-service --service=update
CurrentDirectory: C:\Windows\system32\
User: NT AUTHORITY\SYSTEM
LogonGuid: {154c2aaf-e981-6846-e703-000000000000}
LogonId: 0x3E7
TerminalSessionId: 0
IntegrityLevel: System
Hashes: MD5=A1044445F76098186DE3B146ABDA9876,SHA256=8CA4F944172F0904B4D70E40A5D61B54439109502E7E3E20D71F8A83BEAD9CE8,IMPHASH=9888642409BEC5969301F0CDEA998BD2
ParentProcessGuid: {154c2aaf-e981-6846-0b00-000000001800}
ParentProcessId: 648
ParentImage: C:\Windows\System32\services.exe
ParentCommandLine: C:\Windows\system32\services.exe
ParentUser: NT AUTHORITY\SYSTEM""",5,2025-06-09T14:02:48.8483269Z,30576,5512,DESKTOP-O7P9I53,1,3292,INFORMATION,Microsoft-Windows-Sysmon,29,false,5,Sysmon - Event 1: Process creation Google Updater (x86),"[""windows"",""sysmon"",""sysmon_event1""]",61603,windows_eventchannel,"{""win"":{""system"":{""providerName"":""Microsoft-Windows-Sysmon"",""providerGuid"":""{5770385f-c22a-43e0-bf4c-06f5698ffbd9}"",""eventID"":""1"",""version"":""5"",""level"":""4"",""task"":""1"",""opcode"":""0"",""keywords"":""0x8000000000000000"",""systemTime"":""2025-06-09T14:02:48.8483269Z"",""eventRecordID"":""30576"",""processID"":""3292"",""threadID"":""5512"",""channel"":""Microsoft-Windows-Sysmon/Operational"",""computer"":""DESKTOP-O7P9I53"",""severityValue"":""INFORMATION"",""message"":""\""Process Create:\r\nRuleName: -\r\nUtcTime: 2025-06-09 14:02:46.921\r\nProcessGuid: {154c2aaf-e986-6846-6f00-000000001800}\r\nProcessId: 4092\r\nImage: C:\\Program Files (x86)\\Google\\GoogleUpdater\\138.0.7194.0\\updater.exe\r\nFileVersion: 138.0.7194.0\r\nDescription: Google Updater (x86)\r\nProduct: Google Updater (x86)\r\nCompany: Google LLC\r\nOriginalFileName: updater.exe\r\nCommandLine: \""C:\\Program Files (x86)\\Google\\GoogleUpdater\\138.0.7194.0\\updater.exe\"" --system --windows-service --service=update\r\nCurrentDirectory: C:\\Windows\\system32\\\r\nUser: NT AUTHORITY\\SYSTEM\r\nLogonGuid: {154c2aaf-e981-6846-e703-000000000000}\r\nLogonId: 0x3E7\r\nTerminalSessionId: 0\r\nIntegrityLevel: System\r\nHashes: MD5=A1044445F76098186DE3B146ABDA9876,SHA256=8CA4F944172F0904B4D70E40A5D61B54439109502E7E3E20D71F8A83BEAD9CE8,IMPHASH=9888642409BEC5969301F0CDEA998BD2\r\nParentProcessGuid: {154c2aaf-e981-6846-0b00-000000001800}\r\nParentProcessId: 648\r\nParentImage: C:\\Windows\\System32\\services.exe\r\nParentCommandLine: C:\\Windows\\system32\\services.exe\r\nParentUser: NT AUTHORITY\\SYSTEM\""""},""eventdata"":{""utcTime"":""2025-06-09 14:02:46.921"",""processGuid"":""{154c2aaf-e986-6846-6f00-000000001800}"",""processId"":""4092"",""image"":""C:\\\\Program Files (x86)\\\\Google\\\\GoogleUpdater\\\\138.0.7194.0\\\\updater.exe"",""fileVersion"":""138.0.7194.0"",""description"":""Google Updater (x86)"",""product"":""Google Updater (x86)"",""company"":""Google LLC"",""originalFileName"":""updater.exe"",""commandLine"":""\\\""C:\\\\Program Files (x86)\\\\Google\\\\GoogleUpdater\\\\138.0.7194.0\\\\updater.exe\\\"" --system --windows-service --service=update"",""currentDirectory"":""C:\\\\Windows\\\\system32\\\\"",""user"":""NT AUTHORITY\\\\SYSTEM"",""logonGuid"":""{154c2aaf-e981-6846-e703-000000000000}"",""logonId"":""0x3e7"",""terminalSessionId"":""0"",""integrityLevel"":""System"",""hashes"":""MD5=A1044445F76098186DE3B146ABDA9876,SHA256=8CA4F944172F0904B4D70E40A5D61B54439109502E7E3E20D71F8A83BEAD9CE8,IMPHASH=9888642409BEC5969301F0CDEA998BD2"",""parentProcessGuid"":""{154c2aaf-e981-6846-0b00-000000001800}"",""parentProcessId"":""648"",""parentImage"":""C:\\\\Windows\\\\System32\\\\services.exe"",""parentCommandLine"":""C:\\\\Windows\\\\system32\\\\services.exe"",""parentUser"":""NT AUTHORITY\\\\SYSTEM""}}}",log,"Jun 9, 2025 @ 19:34:10.672",EventChannel,1749477850.323193,"Jun 9, 2025 @ 19:34:10.672", , , , , , , , , , , , , , , , , , , , , , , , , , , , , , , , , , , , , , , , , , , , , , , , , , , , , , , , , , , , , , , , , , , , , , , , , , , , , , , , , , , , , 
wazuh-alerts-4.x-2025.06.09,vqMBVZcB7NFPR1gL6DHf,1,1,192.168.254.162,DESKTOP-O7P9I53,001,hat-VMware-Virtual-Platform,WerMgr,C:\\Windows\\System32\\wermgr.exe,Microsoft® Windows® Operating System,{154c2aaf-e982-6846-1900-000000001800},Windows Problem Reporting,{154c2aaf-e981-6846-e703-000000000000},C:\\Windows\\system32\\svchost.exe -k netsvcs -p -s Schedule,{154c2aaf-e987-6846-7100-000000001800},0x3e7,1168,4684,C:\\Windows\\system32\\,2025-06-09 14:02:47.227,"MD5=250C58FBA93500526A03D5B526E48B3C,SHA256=284F38524C26F39B1DD788210E7310C8DF99EFE8A420A031DC42247E75FC646E,IMPHASH=69C608216376CA2D62C0C27FB0B423E6",C:\\Windows\\System32\\svchost.exe,Microsoft Corporation,"\""C:\\Windows\\system32\\wermgr.exe\"" -upload",System,10.0.19041.5794 (WinBuild.160101.0800),NT AUTHORITY\\SYSTEM,0,NT AUTHORITY\\SYSTEM,1,0x8000000000000000,{5770385f-c22a-43e0-bf4c-06f5698ffbd9},4,Microsoft-Windows-Sysmon/Operational,0,"""Process Create:
RuleName: -
UtcTime: 2025-06-09 14:02:47.227
ProcessGuid: {154c2aaf-e987-6846-7100-000000001800}
ProcessId: 4684
Image: C:\Windows\System32\wermgr.exe
FileVersion: 10.0.19041.5794 (WinBuild.160101.0800)
Description: Windows Problem Reporting
Product: Microsoft® Windows® Operating System
Company: Microsoft Corporation
OriginalFileName: WerMgr
CommandLine: ""C:\Windows\system32\wermgr.exe"" -upload
CurrentDirectory: C:\Windows\system32\
User: NT AUTHORITY\SYSTEM
LogonGuid: {154c2aaf-e981-6846-e703-000000000000}
LogonId: 0x3E7
TerminalSessionId: 0
IntegrityLevel: System
Hashes: MD5=250C58FBA93500526A03D5B526E48B3C,SHA256=284F38524C26F39B1DD788210E7310C8DF99EFE8A420A031DC42247E75FC646E,IMPHASH=69C608216376CA2D62C0C27FB0B423E6
ParentProcessGuid: {154c2aaf-e982-6846-1900-000000001800}
ParentProcessId: 1168
ParentImage: C:\Windows\System32\svchost.exe
ParentCommandLine: C:\Windows\system32\svchost.exe -k netsvcs -p -s Schedule
ParentUser: NT AUTHORITY\SYSTEM""",5,2025-06-09T14:02:48.8535869Z,30578,5512,DESKTOP-O7P9I53,1,3292,INFORMATION,Microsoft-Windows-Sysmon,31,false,5,Sysmon - Event 1: Process creation Windows Problem Reporting,"[""windows"",""sysmon"",""sysmon_event1""]",61603,windows_eventchannel,"{""win"":{""system"":{""providerName"":""Microsoft-Windows-Sysmon"",""providerGuid"":""{5770385f-c22a-43e0-bf4c-06f5698ffbd9}"",""eventID"":""1"",""version"":""5"",""level"":""4"",""task"":""1"",""opcode"":""0"",""keywords"":""0x8000000000000000"",""systemTime"":""2025-06-09T14:02:48.8535869Z"",""eventRecordID"":""30578"",""processID"":""3292"",""threadID"":""5512"",""channel"":""Microsoft-Windows-Sysmon/Operational"",""computer"":""DESKTOP-O7P9I53"",""severityValue"":""INFORMATION"",""message"":""\""Process Create:\r\nRuleName: -\r\nUtcTime: 2025-06-09 14:02:47.227\r\nProcessGuid: {154c2aaf-e987-6846-7100-000000001800}\r\nProcessId: 4684\r\nImage: C:\\Windows\\System32\\wermgr.exe\r\nFileVersion: 10.0.19041.5794 (WinBuild.160101.0800)\r\nDescription: Windows Problem Reporting\r\nProduct: Microsoft® Windows® Operating System\r\nCompany: Microsoft Corporation\r\nOriginalFileName: WerMgr\r\nCommandLine: \""C:\\Windows\\system32\\wermgr.exe\"" -upload\r\nCurrentDirectory: C:\\Windows\\system32\\\r\nUser: NT AUTHORITY\\SYSTEM\r\nLogonGuid: {154c2aaf-e981-6846-e703-000000000000}\r\nLogonId: 0x3E7\r\nTerminalSessionId: 0\r\nIntegrityLevel: System\r\nHashes: MD5=250C58FBA93500526A03D5B526E48B3C,SHA256=284F38524C26F39B1DD788210E7310C8DF99EFE8A420A031DC42247E75FC646E,IMPHASH=69C608216376CA2D62C0C27FB0B423E6\r\nParentProcessGuid: {154c2aaf-e982-6846-1900-000000001800}\r\nParentProcessId: 1168\r\nParentImage: C:\\Windows\\System32\\svchost.exe\r\nParentCommandLine: C:\\Windows\\system32\\svchost.exe -k netsvcs -p -s Schedule\r\nParentUser: NT AUTHORITY\\SYSTEM\""""},""eventdata"":{""utcTime"":""2025-06-09 14:02:47.227"",""processGuid"":""{154c2aaf-e987-6846-7100-000000001800}"",""processId"":""4684"",""image"":""C:\\\\Windows\\\\System32\\\\wermgr.exe"",""fileVersion"":""10.0.19041.5794 (WinBuild.160101.0800)"",""description"":""Windows Problem Reporting"",""product"":""Microsoft® Windows® Operating System"",""company"":""Microsoft Corporation"",""originalFileName"":""WerMgr"",""commandLine"":""\\\""C:\\\\Windows\\\\system32\\\\wermgr.exe\\\"" -upload"",""currentDirectory"":""C:\\\\Windows\\\\system32\\\\"",""user"":""NT AUTHORITY\\\\SYSTEM"",""logonGuid"":""{154c2aaf-e981-6846-e703-000000000000}"",""logonId"":""0x3e7"",""terminalSessionId"":""0"",""integrityLevel"":""System"",""hashes"":""MD5=250C58FBA93500526A03D5B526E48B3C,SHA256=284F38524C26F39B1DD788210E7310C8DF99EFE8A420A031DC42247E75FC646E,IMPHASH=69C608216376CA2D62C0C27FB0B423E6"",""parentProcessGuid"":""{154c2aaf-e982-6846-1900-000000001800}"",""parentProcessId"":""1168"",""parentImage"":""C:\\\\Windows\\\\System32\\\\svchost.exe"",""parentCommandLine"":""C:\\\\Windows\\\\system32\\\\svchost.exe -k netsvcs -p -s Schedule"",""parentUser"":""NT AUTHORITY\\\\SYSTEM""}}}",log,"Jun 9, 2025 @ 19:34:10.703",EventChannel,1749477850.336582,"Jun 9, 2025 @ 19:34:10.703", , , , , , , , , , , , , , , , , , , , , , , , , , , , , , , , , , , , , , , , , , , , , , , , , , , , , , , , , , , , , , , , , , , , , , , , , , , , , , , , , , , , , 
