wazuh-alerts-4.x-2025.06.09,ReAEVZcBD7y1GXNGrof_,1,1,192.168.254.162,DESKTOP-O7P9I53,001,hat-VMware-Virtual-Platform, ,C:\\Users\\admin\\AppData\\Local\\Microsoft\\OneDrive\\Update\\OneDriveSetup.exe, , , , , ,{154c2aaf-ea98-6846-a001-000000001800}, , ,6984, ,2025-06-09 14:07:34.708, , , , , , ,DESKTOP-O7P9I53\\admin, , ,13,0x8000000000000000,{5770385f-c22a-43e0-bf4c-06f5698ffbd9},4,Microsoft-Windows-Sysmon/Operational,0,"""Registry value set:
RuleName: T1122
EventType: SetValue
UtcTime: 2025-06-09 14:07:34.708
ProcessGuid: {154c2aaf-ea98-6846-a001-000000001800}
ProcessId: 6984
Image: C:\Users\admin\AppData\Local\Microsoft\OneDrive\Update\OneDriveSetup.exe
TargetObject: HKU\S-1-5-21-442569660-4060779802-1076883227-1001_Classes\WOW6432Node\CLSID\{5AB7172C-9C11-405C-8DD5-AF20F3606282}\InprocServer32\(Default)
Details: C:\Users\admin\AppData\Local\Microsoft\OneDrive\25.091.0512.0001\i386\FileSyncShell.dll
User: DESKTOP-O7P9I53\admin""",2,2025-06-09T14:07:34.7185971Z,31436,5512,DESKTOP-O7P9I53,13,3292,INFORMATION,Microsoft-Windows-Sysmon,328,false,5,Sysmon - Event 13: RegistryEvent SetValue on HKU\\S-1-5-21-442569660-4060779802-1076883227-1001_Classes\\WOW6432Node\\CLSID\\{5AB7172C-9C11-405C-8DD5-AF20F3606282}\\InprocServer32\\(Default) by C:\\Users\\admin\\AppData\\Local\\Microsoft\\OneDrive\\Update\\OneDriveSetup.exe,"[""windows"",""sysmon"",""sysmon_event_13""]",61615,windows_eventchannel,"{""win"":{""system"":{""providerName"":""Microsoft-Windows-Sysmon"",""providerGuid"":""{5770385f-c22a-43e0-bf4c-06f5698ffbd9}"",""eventID"":""13"",""version"":""2"",""level"":""4"",""task"":""13"",""opcode"":""0"",""keywords"":""0x8000000000000000"",""systemTime"":""2025-06-09T14:07:34.7185971Z"",""eventRecordID"":""31436"",""processID"":""3292"",""threadID"":""5512"",""channel"":""Microsoft-Windows-Sysmon/Operational"",""computer"":""DESKTOP-O7P9I53"",""severityValue"":""INFORMATION"",""message"":""\""Registry value set:\r\nRuleName: T1122\r\nEventType: SetValue\r\nUtcTime: 2025-06-09 14:07:34.708\r\nProcessGuid: {154c2aaf-ea98-6846-a001-000000001800}\r\nProcessId: 6984\r\nImage: C:\\Users\\admin\\AppData\\Local\\Microsoft\\OneDrive\\Update\\OneDriveSetup.exe\r\nTargetObject: HKU\\S-1-5-21-442569660-4060779802-1076883227-1001_Classes\\WOW6432Node\\CLSID\\{5AB7172C-9C11-405C-8DD5-AF20F3606282}\\InprocServer32\\(Default)\r\nDetails: C:\\Users\\admin\\AppData\\Local\\Microsoft\\OneDrive\\25.091.0512.0001\\i386\\FileSyncShell.dll\r\nUser: DESKTOP-O7P9I53\\admin\""""},""eventdata"":{""ruleName"":""T1122"",""eventType"":""SetValue"",""utcTime"":""2025-06-09 14:07:34.708"",""processGuid"":""{154c2aaf-ea98-6846-a001-000000001800}"",""processId"":""6984"",""image"":""C:\\\\Users\\\\admin\\\\AppData\\\\Local\\\\Microsoft\\\\OneDrive\\\\Update\\\\OneDriveSetup.exe"",""targetObject"":""HKU\\\\S-1-5-21-442569660-4060779802-1076883227-1001_Classes\\\\WOW6432Node\\\\CLSID\\\\{5AB7172C-9C11-405C-8DD5-AF20F3606282}\\\\InprocServer32\\\\(Default)"",""details"":""C:\\\\Users\\\\admin\\\\AppData\\\\Local\\\\Microsoft\\\\OneDrive\\\\25.091.0512.0001\\\\i386\\\\FileSyncShell.dll"",""user"":""DESKTOP-O7P9I53\\\\admin""}}}",log,"Jun 9, 2025 @ 19:37:36.014",EventChannel,1749478056.2872852,"Jun 9, 2025 @ 19:37:36.014", , , , , , , , , , , , , , , , , , , , , , , , , , , , , , , , , , , , , , , , , , , , , , , , , , , ,HKU\\S-1-5-21-442569660-4060779802-1076883227-1001_Classes\\WOW6432Node\\CLSID\\{5AB7172C-9C11-405C-8DD5-AF20F3606282}\\InprocServer32\\(Default),T1122,C:\\Users\\admin\\AppData\\Local\\Microsoft\\OneDrive\\25.091.0512.0001\\i386\\FileSyncShell.dll,SetValue, , , , , , , , , , , , , , , , , , , , , , , , , , , , , , 
wazuh-alerts-4.x-2025.06.09,R-AEVZcBD7y1GXNGrof_,1,1,192.168.254.162,DESKTOP-O7P9I53,001,hat-VMware-Virtual-Platform, ,C:\\Users\\admin\\AppData\\Local\\Microsoft\\OneDrive\\Update\\OneDriveSetup.exe, , , , , ,{154c2aaf-ea98-6846-a001-000000001800}, , ,6984, ,2025-06-09 14:07:34.708, , , , , , ,DESKTOP-O7P9I53\\admin, , ,13,0x8000000000000000,{5770385f-c22a-43e0-bf4c-06f5698ffbd9},4,Microsoft-Windows-Sysmon/Operational,0,"""Registry value set:
RuleName: T1122
EventType: SetValue
UtcTime: 2025-06-09 14:07:34.708
ProcessGuid: {154c2aaf-ea98-6846-a001-000000001800}
ProcessId: 6984
Image: C:\Users\admin\AppData\Local\Microsoft\OneDrive\Update\OneDriveSetup.exe
TargetObject: HKU\S-1-5-21-442569660-4060779802-1076883227-1001_Classes\CLSID\{A78ED123-AB77-406B-9962-2A5D9D2F7F30}\InprocServer32\(Default)
Details: C:\Users\admin\AppData\Local\Microsoft\OneDrive\25.091.0512.0001\FileSyncShell64.dll
User: DESKTOP-O7P9I53\admin""",2,2025-06-09T14:07:34.7189083Z,31437,5512,DESKTOP-O7P9I53,13,3292,INFORMATION,Microsoft-Windows-Sysmon,330,false,5,Sysmon - Event 13: RegistryEvent SetValue on HKU\\S-1-5-21-442569660-4060779802-1076883227-1001_Classes\\CLSID\\{A78ED123-AB77-406B-9962-2A5D9D2F7F30}\\InprocServer32\\(Default) by C:\\Users\\admin\\AppData\\Local\\Microsoft\\OneDrive\\Update\\OneDriveSetup.exe,"[""windows"",""sysmon"",""sysmon_event_13""]",61615,windows_eventchannel,"{""win"":{""system"":{""providerName"":""Microsoft-Windows-Sysmon"",""providerGuid"":""{5770385f-c22a-43e0-bf4c-06f5698ffbd9}"",""eventID"":""13"",""version"":""2"",""level"":""4"",""task"":""13"",""opcode"":""0"",""keywords"":""0x8000000000000000"",""systemTime"":""2025-06-09T14:07:34.7189083Z"",""eventRecordID"":""31437"",""processID"":""3292"",""threadID"":""5512"",""channel"":""Microsoft-Windows-Sysmon/Operational"",""computer"":""DESKTOP-O7P9I53"",""severityValue"":""INFORMATION"",""message"":""\""Registry value set:\r\nRuleName: T1122\r\nEventType: SetValue\r\nUtcTime: 2025-06-09 14:07:34.708\r\nProcessGuid: {154c2aaf-ea98-6846-a001-000000001800}\r\nProcessId: 6984\r\nImage: C:\\Users\\admin\\AppData\\Local\\Microsoft\\OneDrive\\Update\\OneDriveSetup.exe\r\nTargetObject: HKU\\S-1-5-21-442569660-4060779802-1076883227-1001_Classes\\CLSID\\{A78ED123-AB77-406B-9962-2A5D9D2F7F30}\\InprocServer32\\(Default)\r\nDetails: C:\\Users\\admin\\AppData\\Local\\Microsoft\\OneDrive\\25.091.0512.0001\\FileSyncShell64.dll\r\nUser: DESKTOP-O7P9I53\\admin\""""},""eventdata"":{""ruleName"":""T1122"",""eventType"":""SetValue"",""utcTime"":""2025-06-09 14:07:34.708"",""processGuid"":""{154c2aaf-ea98-6846-a001-000000001800}"",""processId"":""6984"",""image"":""C:\\\\Users\\\\admin\\\\AppData\\\\Local\\\\Microsoft\\\\OneDrive\\\\Update\\\\OneDriveSetup.exe"",""targetObject"":""HKU\\\\S-1-5-21-442569660-4060779802-1076883227-1001_Classes\\\\CLSID\\\\{A78ED123-AB77-406B-9962-2A5D9D2F7F30}\\\\InprocServer32\\\\(Default)"",""details"":""C:\\\\Users\\\\admin\\\\AppData\\\\Local\\\\Microsoft\\\\OneDrive\\\\25.091.0512.0001\\\\FileSyncShell64.dll"",""user"":""DESKTOP-O7P9I53\\\\admin""}}}",log,"Jun 9, 2025 @ 19:37:36.041",EventChannel,1749478056.2880386,"Jun 9, 2025 @ 19:37:36.041", , , , , , , , , , , , , , , , , , , , , , , , , , , , , , , , , , , , , , , , , , , , , , , , , , , ,HKU\\S-1-5-21-442569660-4060779802-1076883227-1001_Classes\\CLSID\\{A78ED123-AB77-406B-9962-2A5D9D2F7F30}\\InprocServer32\\(Default),T1122,C:\\Users\\admin\\AppData\\Local\\Microsoft\\OneDrive\\25.091.0512.0001\\FileSyncShell64.dll,SetValue, , , , , , , , , , , , , , , , , , , , , , , , , , , , , , 
wazuh-alerts-4.x-2025.06.09,SuAEVZcBD7y1GXNGrof_,1,1,192.168.254.162,DESKTOP-O7P9I53,001,hat-VMware-Virtual-Platform, ,C:\\Users\\admin\\AppData\\Local\\Microsoft\\OneDrive\\Update\\OneDriveSetup.exe, , , , , ,{154c2aaf-ea98-6846-a001-000000001800}, , ,6984, ,2025-06-09 14:07:34.708, , , , , , ,DESKTOP-O7P9I53\\admin, , ,13,0x8000000000000000,{5770385f-c22a-43e0-bf4c-06f5698ffbd9},4,Microsoft-Windows-Sysmon/Operational,0,"""Registry value set:
RuleName: T1122
EventType: SetValue
UtcTime: 2025-06-09 14:07:34.708
ProcessGuid: {154c2aaf-ea98-6846-a001-000000001800}
ProcessId: 6984
Image: C:\Users\admin\AppData\Local\Microsoft\OneDrive\Update\OneDriveSetup.exe
TargetObject: HKU\S-1-5-21-442569660-4060779802-1076883227-1001_Classes\CLSID\{F241C880-6982-4CE5-8CF7-7085BA96DA5A}\InprocServer32\(Default)
Details: C:\Users\admin\AppData\Local\Microsoft\OneDrive\25.091.0512.0001\FileSyncShell64.dll
User: DESKTOP-O7P9I53\admin""",2,2025-06-09T14:07:34.7194958Z,31441,5512,DESKTOP-O7P9I53,13,3292,INFORMATION,Microsoft-Windows-Sysmon,333,false,5,Sysmon - Event 13: RegistryEvent SetValue on HKU\\S-1-5-21-442569660-4060779802-1076883227-1001_Classes\\CLSID\\{F241C880-6982-4CE5-8CF7-7085BA96DA5A}\\InprocServer32\\(Default) by C:\\Users\\admin\\AppData\\Local\\Microsoft\\OneDrive\\Update\\OneDriveSetup.exe,"[""windows"",""sysmon"",""sysmon_event_13""]",61615,windows_eventchannel,"{""win"":{""system"":{""providerName"":""Microsoft-Windows-Sysmon"",""providerGuid"":""{5770385f-c22a-43e0-bf4c-06f5698ffbd9}"",""eventID"":""13"",""version"":""2"",""level"":""4"",""task"":""13"",""opcode"":""0"",""keywords"":""0x8000000000000000"",""systemTime"":""2025-06-09T14:07:34.7194958Z"",""eventRecordID"":""31441"",""processID"":""3292"",""threadID"":""5512"",""channel"":""Microsoft-Windows-Sysmon/Operational"",""computer"":""DESKTOP-O7P9I53"",""severityValue"":""INFORMATION"",""message"":""\""Registry value set:\r\nRuleName: T1122\r\nEventType: SetValue\r\nUtcTime: 2025-06-09 14:07:34.708\r\nProcessGuid: {154c2aaf-ea98-6846-a001-000000001800}\r\nProcessId: 6984\r\nImage: C:\\Users\\admin\\AppData\\Local\\Microsoft\\OneDrive\\Update\\OneDriveSetup.exe\r\nTargetObject: HKU\\S-1-5-21-442569660-4060779802-1076883227-1001_Classes\\CLSID\\{F241C880-6982-4CE5-8CF7-7085BA96DA5A}\\InprocServer32\\(Default)\r\nDetails: C:\\Users\\admin\\AppData\\Local\\Microsoft\\OneDrive\\25.091.0512.0001\\FileSyncShell64.dll\r\nUser: DESKTOP-O7P9I53\\admin\""""},""eventdata"":{""ruleName"":""T1122"",""eventType"":""SetValue"",""utcTime"":""2025-06-09 14:07:34.708"",""processGuid"":""{154c2aaf-ea98-6846-a001-000000001800}"",""processId"":""6984"",""image"":""C:\\\\Users\\\\admin\\\\AppData\\\\Local\\\\Microsoft\\\\OneDrive\\\\Update\\\\OneDriveSetup.exe"",""targetObject"":""HKU\\\\S-1-5-21-442569660-4060779802-1076883227-1001_Classes\\\\CLSID\\\\{F241C880-6982-4CE5-8CF7-7085BA96DA5A}\\\\InprocServer32\\\\(Default)"",""details"":""C:\\\\Users\\\\admin\\\\AppData\\\\Local\\\\Microsoft\\\\OneDrive\\\\25.091.0512.0001\\\\FileSyncShell64.dll"",""user"":""DESKTOP-O7P9I53\\\\admin""}}}",log,"Jun 9, 2025 @ 19:37:36.105",EventChannel,1749478056.2891521,"Jun 9, 2025 @ 19:37:36.105", , , , , , , , , , , , , , , , , , , , , , , , , , , , , , , , , , , , , , , , , , , , , , , , , , , ,HKU\\S-1-5-21-442569660-4060779802-1076883227-1001_Classes\\CLSID\\{F241C880-6982-4CE5-8CF7-7085BA96DA5A}\\InprocServer32\\(Default),T1122,C:\\Users\\admin\\AppData\\Local\\Microsoft\\OneDrive\\25.091.0512.0001\\FileSyncShell64.dll,SetValue, , , , , , , , , , , , , , , , , , , , , , , , , , , , , , 
wazuh-alerts-4.x-2025.06.09,TOAEVZcBD7y1GXNGrof_,1,1,192.168.254.162,DESKTOP-O7P9I53,001,hat-VMware-Virtual-Platform, ,C:\\Users\\admin\\AppData\\Local\\Microsoft\\OneDrive\\Update\\OneDriveSetup.exe, , , , , ,{154c2aaf-ea98-6846-a001-000000001800}, , ,6984, ,2025-06-09 14:07:34.708, , , , , , ,DESKTOP-O7P9I53\\admin, , ,13,0x8000000000000000,{5770385f-c22a-43e0-bf4c-06f5698ffbd9},4,Microsoft-Windows-Sysmon/Operational,0,"""Registry value set:
RuleName: T1122
EventType: SetValue
UtcTime: 2025-06-09 14:07:34.708
ProcessGuid: {154c2aaf-ea98-6846-a001-000000001800}
ProcessId: 6984
Image: C:\Users\admin\AppData\Local\Microsoft\OneDrive\Update\OneDriveSetup.exe
TargetObject: HKU\S-1-5-21-442569660-4060779802-1076883227-1001_Classes\CLSID\{9AA2F32D-362A-42D9-9328-24A483E2CCC3}\InprocServer32\(Default)
Details: C:\Users\admin\AppData\Local\Microsoft\OneDrive\25.091.0512.0001\FileSyncShell64.dll
User: DESKTOP-O7P9I53\admin""",2,2025-06-09T14:07:34.7197621Z,31443,5512,DESKTOP-O7P9I53,13,3292,INFORMATION,Microsoft-Windows-Sysmon,335,false,5,Sysmon - Event 13: RegistryEvent SetValue on HKU\\S-1-5-21-442569660-4060779802-1076883227-1001_Classes\\CLSID\\{9AA2F32D-362A-42D9-9328-24A483E2CCC3}\\InprocServer32\\(Default) by C:\\Users\\admin\\AppData\\Local\\Microsoft\\OneDrive\\Update\\OneDriveSetup.exe,"[""windows"",""sysmon"",""sysmon_event_13""]",61615,windows_eventchannel,"{""win"":{""system"":{""providerName"":""Microsoft-Windows-Sysmon"",""providerGuid"":""{5770385f-c22a-43e0-bf4c-06f5698ffbd9}"",""eventID"":""13"",""version"":""2"",""level"":""4"",""task"":""13"",""opcode"":""0"",""keywords"":""0x8000000000000000"",""systemTime"":""2025-06-09T14:07:34.7197621Z"",""eventRecordID"":""31443"",""processID"":""3292"",""threadID"":""5512"",""channel"":""Microsoft-Windows-Sysmon/Operational"",""computer"":""DESKTOP-O7P9I53"",""severityValue"":""INFORMATION"",""message"":""\""Registry value set:\r\nRuleName: T1122\r\nEventType: SetValue\r\nUtcTime: 2025-06-09 14:07:34.708\r\nProcessGuid: {154c2aaf-ea98-6846-a001-000000001800}\r\nProcessId: 6984\r\nImage: C:\\Users\\admin\\AppData\\Local\\Microsoft\\OneDrive\\Update\\OneDriveSetup.exe\r\nTargetObject: HKU\\S-1-5-21-442569660-4060779802-1076883227-1001_Classes\\CLSID\\{9AA2F32D-362A-42D9-9328-24A483E2CCC3}\\InprocServer32\\(Default)\r\nDetails: C:\\Users\\admin\\AppData\\Local\\Microsoft\\OneDrive\\25.091.0512.0001\\FileSyncShell64.dll\r\nUser: DESKTOP-O7P9I53\\admin\""""},""eventdata"":{""ruleName"":""T1122"",""eventType"":""SetValue"",""utcTime"":""2025-06-09 14:07:34.708"",""processGuid"":""{154c2aaf-ea98-6846-a001-000000001800}"",""processId"":""6984"",""image"":""C:\\\\Users\\\\admin\\\\AppData\\\\Local\\\\Microsoft\\\\OneDrive\\\\Update\\\\OneDriveSetup.exe"",""targetObject"":""HKU\\\\S-1-5-21-442569660-4060779802-1076883227-1001_Classes\\\\CLSID\\\\{9AA2F32D-362A-42D9-9328-24A483E2CCC3}\\\\InprocServer32\\\\(Default)"",""details"":""C:\\\\Users\\\\admin\\\\AppData\\\\Local\\\\Microsoft\\\\OneDrive\\\\25.091.0512.0001\\\\FileSyncShell64.dll"",""user"":""DESKTOP-O7P9I53\\\\admin""}}}",log,"Jun 9, 2025 @ 19:37:36.148",EventChannel,1749478056.2898972,"Jun 9, 2025 @ 19:37:36.148", , , , , , , , , , , , , , , , , , , , , , , , , , , , , , , , , , , , , , , , , , , , , , , , , , , ,HKU\\S-1-5-21-442569660-4060779802-1076883227-1001_Classes\\CLSID\\{9AA2F32D-362A-42D9-9328-24A483E2CCC3}\\InprocServer32\\(Default),T1122,C:\\Users\\admin\\AppData\\Local\\Microsoft\\OneDrive\\25.091.0512.0001\\FileSyncShell64.dll,SetValue, , , , , , , , , , , , , , , , , , , , , , , , , , , , , , 
wazuh-alerts-4.x-2025.06.09,UeAEVZcBD7y1GXNGrof_,1,1,192.168.254.162,DESKTOP-O7P9I53,001,hat-VMware-Virtual-Platform, ,C:\\Users\\admin\\AppData\\Local\\Microsoft\\OneDrive\\Update\\OneDriveSetup.exe, , , , , ,{154c2aaf-ea98-6846-a001-000000001800}, , ,6984, ,2025-06-09 14:07:34.708, , , , , , ,DESKTOP-O7P9I53\\admin, , ,13,0x8000000000000000,{5770385f-c22a-43e0-bf4c-06f5698ffbd9},4,Microsoft-Windows-Sysmon/Operational,0,"""Registry value set:
RuleName: T1122
EventType: SetValue
UtcTime: 2025-06-09 14:07:34.708
ProcessGuid: {154c2aaf-ea98-6846-a001-000000001800}
ProcessId: 6984
Image: C:\Users\admin\AppData\Local\Microsoft\OneDrive\Update\OneDriveSetup.exe
TargetObject: HKU\S-1-5-21-442569660-4060779802-1076883227-1001_Classes\WOW6432Node\CLSID\{7AFDFDDB-F914-11E4-8377-6C3BE50D980C}\InprocServer32\(Default)
Details: C:\Users\admin\AppData\Local\Microsoft\OneDrive\25.091.0512.0001\i386\FileSyncShell.dll
User: DESKTOP-O7P9I53\admin""",2,2025-06-09T14:07:34.7277437Z,31448,5512,DESKTOP-O7P9I53,13,3292,INFORMATION,Microsoft-Windows-Sysmon,340,false,5,Sysmon - Event 13: RegistryEvent SetValue on HKU\\S-1-5-21-442569660-4060779802-1076883227-1001_Classes\\WOW6432Node\\CLSID\\{7AFDFDDB-F914-11E4-8377-6C3BE50D980C}\\InprocServer32\\(Default) by C:\\Users\\admin\\AppData\\Local\\Microsoft\\OneDrive\\Update\\OneDriveSetup.exe,"[""windows"",""sysmon"",""sysmon_event_13""]",61615,windows_eventchannel,"{""win"":{""system"":{""providerName"":""Microsoft-Windows-Sysmon"",""providerGuid"":""{5770385f-c22a-43e0-bf4c-06f5698ffbd9}"",""eventID"":""13"",""version"":""2"",""level"":""4"",""task"":""13"",""opcode"":""0"",""keywords"":""0x8000000000000000"",""systemTime"":""2025-06-09T14:07:34.7277437Z"",""eventRecordID"":""31448"",""processID"":""3292"",""threadID"":""5512"",""channel"":""Microsoft-Windows-Sysmon/Operational"",""computer"":""DESKTOP-O7P9I53"",""severityValue"":""INFORMATION"",""message"":""\""Registry value set:\r\nRuleName: T1122\r\nEventType: SetValue\r\nUtcTime: 2025-06-09 14:07:34.708\r\nProcessGuid: {154c2aaf-ea98-6846-a001-000000001800}\r\nProcessId: 6984\r\nImage: C:\\Users\\admin\\AppData\\Local\\Microsoft\\OneDrive\\Update\\OneDriveSetup.exe\r\nTargetObject: HKU\\S-1-5-21-442569660-4060779802-1076883227-1001_Classes\\WOW6432Node\\CLSID\\{7AFDFDDB-F914-11E4-8377-6C3BE50D980C}\\InprocServer32\\(Default)\r\nDetails: C:\\Users\\admin\\AppData\\Local\\Microsoft\\OneDrive\\25.091.0512.0001\\i386\\FileSyncShell.dll\r\nUser: DESKTOP-O7P9I53\\admin\""""},""eventdata"":{""ruleName"":""T1122"",""eventType"":""SetValue"",""utcTime"":""2025-06-09 14:07:34.708"",""processGuid"":""{154c2aaf-ea98-6846-a001-000000001800}"",""processId"":""6984"",""image"":""C:\\\\Users\\\\admin\\\\AppData\\\\Local\\\\Microsoft\\\\OneDrive\\\\Update\\\\OneDriveSetup.exe"",""targetObject"":""HKU\\\\S-1-5-21-442569660-4060779802-1076883227-1001_Classes\\\\WOW6432Node\\\\CLSID\\\\{7AFDFDDB-F914-11E4-8377-6C3BE50D980C}\\\\InprocServer32\\\\(Default)"",""details"":""C:\\\\Users\\\\admin\\\\AppData\\\\Local\\\\Microsoft\\\\OneDrive\\\\25.091.0512.0001\\\\i386\\\\FileSyncShell.dll"",""user"":""DESKTOP-O7P9I53\\\\admin""}}}",log,"Jun 9, 2025 @ 19:37:36.217",EventChannel,1749478056.2917558,"Jun 9, 2025 @ 19:37:36.217", , , , , , , , , , , , , , , , , , , , , , , , , , , , , , , , , , , , , , , , , , , , , , , , , , , ,HKU\\S-1-5-21-442569660-4060779802-1076883227-1001_Classes\\WOW6432Node\\CLSID\\{7AFDFDDB-F914-11E4-8377-6C3BE50D980C}\\InprocServer32\\(Default),T1122,C:\\Users\\admin\\AppData\\Local\\Microsoft\\OneDrive\\25.091.0512.0001\\i386\\FileSyncShell.dll,SetValue, , , , , , , , , , , , , , , , , , , , , , , , , , , , , , 
wazuh-alerts-4.x-2025.06.09,U-AEVZcBD7y1GXNGrof_,1,1,192.168.254.162,DESKTOP-O7P9I53,001,hat-VMware-Virtual-Platform, ,C:\\Users\\admin\\AppData\\Local\\Microsoft\\OneDrive\\Update\\OneDriveSetup.exe, , , , , ,{154c2aaf-ea98-6846-a001-000000001800}, , ,6984, ,2025-06-09 14:07:34.708, , , , , , ,DESKTOP-O7P9I53\\admin, , ,13,0x8000000000000000,{5770385f-c22a-43e0-bf4c-06f5698ffbd9},4,Microsoft-Windows-Sysmon/Operational,0,"""Registry value set:
RuleName: T1122
EventType: SetValue
UtcTime: 2025-06-09 14:07:34.708
ProcessGuid: {154c2aaf-ea98-6846-a001-000000001800}
ProcessId: 6984
Image: C:\Users\admin\AppData\Local\Microsoft\OneDrive\Update\OneDriveSetup.exe
TargetObject: HKU\S-1-5-21-442569660-4060779802-1076883227-1001_Classes\WOW6432Node\CLSID\{82CA8DE3-01AD-4CEA-9D75-BE4C51810A9E}\InprocServer32\(Default)
Details: C:\Users\admin\AppData\Local\Microsoft\OneDrive\25.091.0512.0001\i386\FileSyncShell.dll
User: DESKTOP-O7P9I53\admin""",2,2025-06-09T14:07:34.7280268Z,31450,5512,DESKTOP-O7P9I53,13,3292,INFORMATION,Microsoft-Windows-Sysmon,342,false,5,Sysmon - Event 13: RegistryEvent SetValue on HKU\\S-1-5-21-442569660-4060779802-1076883227-1001_Classes\\WOW6432Node\\CLSID\\{82CA8DE3-01AD-4CEA-9D75-BE4C51810A9E}\\InprocServer32\\(Default) by C:\\Users\\admin\\AppData\\Local\\Microsoft\\OneDrive\\Update\\OneDriveSetup.exe,"[""windows"",""sysmon"",""sysmon_event_13""]",61615,windows_eventchannel,"{""win"":{""system"":{""providerName"":""Microsoft-Windows-Sysmon"",""providerGuid"":""{5770385f-c22a-43e0-bf4c-06f5698ffbd9}"",""eventID"":""13"",""version"":""2"",""level"":""4"",""task"":""13"",""opcode"":""0"",""keywords"":""0x8000000000000000"",""systemTime"":""2025-06-09T14:07:34.7280268Z"",""eventRecordID"":""31450"",""processID"":""3292"",""threadID"":""5512"",""channel"":""Microsoft-Windows-Sysmon/Operational"",""computer"":""DESKTOP-O7P9I53"",""severityValue"":""INFORMATION"",""message"":""\""Registry value set:\r\nRuleName: T1122\r\nEventType: SetValue\r\nUtcTime: 2025-06-09 14:07:34.708\r\nProcessGuid: {154c2aaf-ea98-6846-a001-000000001800}\r\nProcessId: 6984\r\nImage: C:\\Users\\admin\\AppData\\Local\\Microsoft\\OneDrive\\Update\\OneDriveSetup.exe\r\nTargetObject: HKU\\S-1-5-21-442569660-4060779802-1076883227-1001_Classes\\WOW6432Node\\CLSID\\{82CA8DE3-01AD-4CEA-9D75-BE4C51810A9E}\\InprocServer32\\(Default)\r\nDetails: C:\\Users\\admin\\AppData\\Local\\Microsoft\\OneDrive\\25.091.0512.0001\\i386\\FileSyncShell.dll\r\nUser: DESKTOP-O7P9I53\\admin\""""},""eventdata"":{""ruleName"":""T1122"",""eventType"":""SetValue"",""utcTime"":""2025-06-09 14:07:34.708"",""processGuid"":""{154c2aaf-ea98-6846-a001-000000001800}"",""processId"":""6984"",""image"":""C:\\\\Users\\\\admin\\\\AppData\\\\Local\\\\Microsoft\\\\OneDrive\\\\Update\\\\OneDriveSetup.exe"",""targetObject"":""HKU\\\\S-1-5-21-442569660-4060779802-1076883227-1001_Classes\\\\WOW6432Node\\\\CLSID\\\\{82CA8DE3-01AD-4CEA-9D75-BE4C51810A9E}\\\\InprocServer32\\\\(Default)"",""details"":""C:\\\\Users\\\\admin\\\\AppData\\\\Local\\\\Microsoft\\\\OneDrive\\\\25.091.0512.0001\\\\i386\\\\FileSyncShell.dll"",""user"":""DESKTOP-O7P9I53\\\\admin""}}}",log,"Jun 9, 2025 @ 19:37:36.236",EventChannel,1749478056.2925009,"Jun 9, 2025 @ 19:37:36.236", , , , , , , , , , , , , , , , , , , , , , , , , , , , , , , , , , , , , , , , , , , , , , , , , , , ,HKU\\S-1-5-21-442569660-4060779802-1076883227-1001_Classes\\WOW6432Node\\CLSID\\{82CA8DE3-01AD-4CEA-9D75-BE4C51810A9E}\\InprocServer32\\(Default),T1122,C:\\Users\\admin\\AppData\\Local\\Microsoft\\OneDrive\\25.091.0512.0001\\i386\\FileSyncShell.dll,SetValue, , , , , , , , , , , , , , , , , , , , , , , , , , , , , , 
wazuh-alerts-4.x-2025.06.09,VOAEVZcBD7y1GXNGrof_,1,1,192.168.254.162,DESKTOP-O7P9I53,001,hat-VMware-Virtual-Platform, ,C:\\Users\\admin\\AppData\\Local\\Microsoft\\OneDrive\\Update\\OneDriveSetup.exe, , , , , ,{154c2aaf-ea98-6846-a001-000000001800}, , ,6984, ,2025-06-09 14:07:34.708, , , , , , ,DESKTOP-O7P9I53\\admin, , ,13,0x8000000000000000,{5770385f-c22a-43e0-bf4c-06f5698ffbd9},4,Microsoft-Windows-Sysmon/Operational,0,"""Registry value set:
RuleName: T1122
EventType: SetValue
UtcTime: 2025-06-09 14:07:34.708
ProcessGuid: {154c2aaf-ea98-6846-a001-000000001800}
ProcessId: 6984
Image: C:\Users\admin\AppData\Local\Microsoft\OneDrive\Update\OneDriveSetup.exe
TargetObject: HKU\S-1-5-21-442569660-4060779802-1076883227-1001_Classes\CLSID\{1BF42E4C-4AF4-4CFD-A1A0-CF2960B8F63E}\InprocServer32\(Default)
Details: C:\Users\admin\AppData\Local\Microsoft\OneDrive\25.091.0512.0001\FileSyncShell64.dll
User: DESKTOP-O7P9I53\admin""",2,2025-06-09T14:07:34.7282573Z,31451,5512,DESKTOP-O7P9I53,13,3292,INFORMATION,Microsoft-Windows-Sysmon,343,false,5,Sysmon - Event 13: RegistryEvent SetValue on HKU\\S-1-5-21-442569660-4060779802-1076883227-1001_Classes\\CLSID\\{1BF42E4C-4AF4-4CFD-A1A0-CF2960B8F63E}\\InprocServer32\\(Default) by C:\\Users\\admin\\AppData\\Local\\Microsoft\\OneDrive\\Update\\OneDriveSetup.exe,"[""windows"",""sysmon"",""sysmon_event_13""]",61615,windows_eventchannel,"{""win"":{""system"":{""providerName"":""Microsoft-Windows-Sysmon"",""providerGuid"":""{5770385f-c22a-43e0-bf4c-06f5698ffbd9}"",""eventID"":""13"",""version"":""2"",""level"":""4"",""task"":""13"",""opcode"":""0"",""keywords"":""0x8000000000000000"",""systemTime"":""2025-06-09T14:07:34.7282573Z"",""eventRecordID"":""31451"",""processID"":""3292"",""threadID"":""5512"",""channel"":""Microsoft-Windows-Sysmon/Operational"",""computer"":""DESKTOP-O7P9I53"",""severityValue"":""INFORMATION"",""message"":""\""Registry value set:\r\nRuleName: T1122\r\nEventType: SetValue\r\nUtcTime: 2025-06-09 14:07:34.708\r\nProcessGuid: {154c2aaf-ea98-6846-a001-000000001800}\r\nProcessId: 6984\r\nImage: C:\\Users\\admin\\AppData\\Local\\Microsoft\\OneDrive\\Update\\OneDriveSetup.exe\r\nTargetObject: HKU\\S-1-5-21-442569660-4060779802-1076883227-1001_Classes\\CLSID\\{1BF42E4C-4AF4-4CFD-A1A0-CF2960B8F63E}\\InprocServer32\\(Default)\r\nDetails: C:\\Users\\admin\\AppData\\Local\\Microsoft\\OneDrive\\25.091.0512.0001\\FileSyncShell64.dll\r\nUser: DESKTOP-O7P9I53\\admin\""""},""eventdata"":{""ruleName"":""T1122"",""eventType"":""SetValue"",""utcTime"":""2025-06-09 14:07:34.708"",""processGuid"":""{154c2aaf-ea98-6846-a001-000000001800}"",""processId"":""6984"",""image"":""C:\\\\Users\\\\admin\\\\AppData\\\\Local\\\\Microsoft\\\\OneDrive\\\\Update\\\\OneDriveSetup.exe"",""targetObject"":""HKU\\\\S-1-5-21-442569660-4060779802-1076883227-1001_Classes\\\\CLSID\\\\{1BF42E4C-4AF4-4CFD-A1A0-CF2960B8F63E}\\\\InprocServer32\\\\(Default)"",""details"":""C:\\\\Users\\\\admin\\\\AppData\\\\Local\\\\Microsoft\\\\OneDrive\\\\25.091.0512.0001\\\\FileSyncShell64.dll"",""user"":""DESKTOP-O7P9I53\\\\admin""}}}",log,"Jun 9, 2025 @ 19:37:36.271",EventChannel,1749478056.2928776,"Jun 9, 2025 @ 19:37:36.271", , , , , , , , , , , , , , , , , , , , , , , , , , , , , , , , , , , , , , , , , , , , , , , , , , , ,HKU\\S-1-5-21-442569660-4060779802-1076883227-1001_Classes\\CLSID\\{1BF42E4C-4AF4-4CFD-A1A0-CF2960B8F63E}\\InprocServer32\\(Default),T1122,C:\\Users\\admin\\AppData\\Local\\Microsoft\\OneDrive\\25.091.0512.0001\\FileSyncShell64.dll,SetValue, , , , , , , , , , , , , , , , , , , , , , , , , , , , , , 
wazuh-alerts-4.x-2025.06.09,VuAEVZcBD7y1GXNGrof_,1,1,192.168.254.162,DESKTOP-O7P9I53,001,hat-VMware-Virtual-Platform, ,C:\\Users\\admin\\AppData\\Local\\Microsoft\\OneDrive\\Update\\OneDriveSetup.exe, , , , , ,{154c2aaf-ea98-6846-a001-000000001800}, , ,6984, ,2025-06-09 14:07:34.708, , , , , , ,DESKTOP-O7P9I53\\admin, , ,13,0x8000000000000000,{5770385f-c22a-43e0-bf4c-06f5698ffbd9},4,Microsoft-Windows-Sysmon/Operational,0,"""Registry value set:
RuleName: T1122
EventType: SetValue
UtcTime: 2025-06-09 14:07:34.708
ProcessGuid: {154c2aaf-ea98-6846-a001-000000001800}
ProcessId: 6984
Image: C:\Users\admin\AppData\Local\Microsoft\OneDrive\Update\OneDriveSetup.exe
TargetObject: HKU\S-1-5-21-442569660-4060779802-1076883227-1001_Classes\CLSID\{20894375-46AE-46E2-BAFD-CB38975CDCE6}\InprocServer32\(Default)
Details: C:\Users\admin\AppData\Local\Microsoft\OneDrive\25.091.0512.0001\FileSyncShell64.dll
User: DESKTOP-O7P9I53\admin""",2,2025-06-09T14:07:34.7285702Z,31453,5512,DESKTOP-O7P9I53,13,3292,INFORMATION,Microsoft-Windows-Sysmon,345,false,5,Sysmon - Event 13: RegistryEvent SetValue on HKU\\S-1-5-21-442569660-4060779802-1076883227-1001_Classes\\CLSID\\{20894375-46AE-46E2-BAFD-CB38975CDCE6}\\InprocServer32\\(Default) by C:\\Users\\admin\\AppData\\Local\\Microsoft\\OneDrive\\Update\\OneDriveSetup.exe,"[""windows"",""sysmon"",""sysmon_event_13""]",61615,windows_eventchannel,"{""win"":{""system"":{""providerName"":""Microsoft-Windows-Sysmon"",""providerGuid"":""{5770385f-c22a-43e0-bf4c-06f5698ffbd9}"",""eventID"":""13"",""version"":""2"",""level"":""4"",""task"":""13"",""opcode"":""0"",""keywords"":""0x8000000000000000"",""systemTime"":""2025-06-09T14:07:34.7285702Z"",""eventRecordID"":""31453"",""processID"":""3292"",""threadID"":""5512"",""channel"":""Microsoft-Windows-Sysmon/Operational"",""computer"":""DESKTOP-O7P9I53"",""severityValue"":""INFORMATION"",""message"":""\""Registry value set:\r\nRuleName: T1122\r\nEventType: SetValue\r\nUtcTime: 2025-06-09 14:07:34.708\r\nProcessGuid: {154c2aaf-ea98-6846-a001-000000001800}\r\nProcessId: 6984\r\nImage: C:\\Users\\admin\\AppData\\Local\\Microsoft\\OneDrive\\Update\\OneDriveSetup.exe\r\nTargetObject: HKU\\S-1-5-21-442569660-4060779802-1076883227-1001_Classes\\CLSID\\{20894375-46AE-46E2-BAFD-CB38975CDCE6}\\InprocServer32\\(Default)\r\nDetails: C:\\Users\\admin\\AppData\\Local\\Microsoft\\OneDrive\\25.091.0512.0001\\FileSyncShell64.dll\r\nUser: DESKTOP-O7P9I53\\admin\""""},""eventdata"":{""ruleName"":""T1122"",""eventType"":""SetValue"",""utcTime"":""2025-06-09 14:07:34.708"",""processGuid"":""{154c2aaf-ea98-6846-a001-000000001800}"",""processId"":""6984"",""image"":""C:\\\\Users\\\\admin\\\\AppData\\\\Local\\\\Microsoft\\\\OneDrive\\\\Update\\\\OneDriveSetup.exe"",""targetObject"":""HKU\\\\S-1-5-21-442569660-4060779802-1076883227-1001_Classes\\\\CLSID\\\\{20894375-46AE-46E2-BAFD-CB38975CDCE6}\\\\InprocServer32\\\\(Default)"",""details"":""C:\\\\Users\\\\admin\\\\AppData\\\\Local\\\\Microsoft\\\\OneDrive\\\\25.091.0512.0001\\\\FileSyncShell64.dll"",""user"":""DESKTOP-O7P9I53\\\\admin""}}}",log,"Jun 9, 2025 @ 19:37:36.341",EventChannel,1749478056.2936227,"Jun 9, 2025 @ 19:37:36.341", , , , , , , , , , , , , , , , , , , , , , , , , , , , , , , , , , , , , , , , , , , , , , , , , , , ,HKU\\S-1-5-21-442569660-4060779802-1076883227-1001_Classes\\CLSID\\{20894375-46AE-46E2-BAFD-CB38975CDCE6}\\InprocServer32\\(Default),T1122,C:\\Users\\admin\\AppData\\Local\\Microsoft\\OneDrive\\25.091.0512.0001\\FileSyncShell64.dll,SetValue, , , , , , , , , , , , , , , , , , , , , , , , , , , , , , 
wazuh-alerts-4.x-2025.06.09,XOAEVZcBD7y1GXNGrof_,1,1,192.168.254.162,DESKTOP-O7P9I53,001,hat-VMware-Virtual-Platform, ,C:\\Users\\admin\\AppData\\Local\\Microsoft\\OneDrive\\Update\\OneDriveSetup.exe, , , , , ,{154c2aaf-ea98-6846-a001-000000001800}, , ,6984, ,2025-06-09 14:07:34.708, , , , , , ,DESKTOP-O7P9I53\\admin, , ,13,0x8000000000000000,{5770385f-c22a-43e0-bf4c-06f5698ffbd9},4,Microsoft-Windows-Sysmon/Operational,0,"""Registry value set:
RuleName: -
EventType: SetValue
UtcTime: 2025-06-09 14:07:34.708
ProcessGuid: {154c2aaf-ea98-6846-a001-000000001800}
ProcessId: 6984
Image: C:\Users\admin\AppData\Local\Microsoft\OneDrive\Update\OneDriveSetup.exe
TargetObject: HKU\S-1-5-21-442569660-4060779802-1076883227-1001_Classes\Directory\Background\shellex\ContextMenuHandlers\ FileSyncEx\(Default)
Details: {CB3D0F55-BC2C-4C1A-85ED-23ED75B5106B}
User: DESKTOP-O7P9I53\admin""",2,2025-06-09T14:07:34.7289908Z,31459,5512,DESKTOP-O7P9I53,13,3292,INFORMATION,Microsoft-Windows-Sysmon,351,false,5,Sysmon - Event 13: RegistryEvent SetValue on HKU\\S-1-5-21-442569660-4060779802-1076883227-1001_Classes\\Directory\\Background\\shellex\\ContextMenuHandlers\\ FileSyncEx\\(Default) by C:\\Users\\admin\\AppData\\Local\\Microsoft\\OneDrive\\Update\\OneDriveSetup.exe,"[""windows"",""sysmon"",""sysmon_event_13""]",61615,windows_eventchannel,"{""win"":{""system"":{""providerName"":""Microsoft-Windows-Sysmon"",""providerGuid"":""{5770385f-c22a-43e0-bf4c-06f5698ffbd9}"",""eventID"":""13"",""version"":""2"",""level"":""4"",""task"":""13"",""opcode"":""0"",""keywords"":""0x8000000000000000"",""systemTime"":""2025-06-09T14:07:34.7289908Z"",""eventRecordID"":""31459"",""processID"":""3292"",""threadID"":""5512"",""channel"":""Microsoft-Windows-Sysmon/Operational"",""computer"":""DESKTOP-O7P9I53"",""severityValue"":""INFORMATION"",""message"":""\""Registry value set:\r\nRuleName: -\r\nEventType: SetValue\r\nUtcTime: 2025-06-09 14:07:34.708\r\nProcessGuid: {154c2aaf-ea98-6846-a001-000000001800}\r\nProcessId: 6984\r\nImage: C:\\Users\\admin\\AppData\\Local\\Microsoft\\OneDrive\\Update\\OneDriveSetup.exe\r\nTargetObject: HKU\\S-1-5-21-442569660-4060779802-1076883227-1001_Classes\\Directory\\Background\\shellex\\ContextMenuHandlers\\ FileSyncEx\\(Default)\r\nDetails: {CB3D0F55-BC2C-4C1A-85ED-23ED75B5106B}\r\nUser: DESKTOP-O7P9I53\\admin\""""},""eventdata"":{""eventType"":""SetValue"",""utcTime"":""2025-06-09 14:07:34.708"",""processGuid"":""{154c2aaf-ea98-6846-a001-000000001800}"",""processId"":""6984"",""image"":""C:\\\\Users\\\\admin\\\\AppData\\\\Local\\\\Microsoft\\\\OneDrive\\\\Update\\\\OneDriveSetup.exe"",""targetObject"":""HKU\\\\S-1-5-21-442569660-4060779802-1076883227-1001_Classes\\\\Directory\\\\Background\\\\shellex\\\\ContextMenuHandlers\\\\ FileSyncEx\\\\(Default)"",""details"":""{CB3D0F55-BC2C-4C1A-85ED-23ED75B5106B}"",""user"":""DESKTOP-O7P9I53\\\\admin""}}}",log,"Jun 9, 2025 @ 19:37:36.525",EventChannel,1749478056.2957767,"Jun 9, 2025 @ 19:37:36.525", , , , , , , , , , , , , , , , , , , , , , , , , , , , , , , , , , , , , , , , , , , , , , , , , , , ,HKU\\S-1-5-21-442569660-4060779802-1076883227-1001_Classes\\Directory\\Background\\shellex\\ContextMenuHandlers\\ FileSyncEx\\(Default), ,{CB3D0F55-BC2C-4C1A-85ED-23ED75B5106B},SetValue, , , , , , , , , , , , , , , , , , , , , , , , , , , , , , 
wazuh-alerts-4.x-2025.06.09,XuAEVZcBD7y1GXNGrof_,1,1,192.168.254.162,DESKTOP-O7P9I53,001,hat-VMware-Virtual-Platform, ,C:\\Users\\admin\\AppData\\Local\\Microsoft\\OneDrive\\Update\\OneDriveSetup.exe, , , , , ,{154c2aaf-ea98-6846-a001-000000001800}, , ,6984, ,2025-06-09 14:07:34.708, , , , , , ,DESKTOP-O7P9I53\\admin, , ,13,0x8000000000000000,{5770385f-c22a-43e0-bf4c-06f5698ffbd9},4,Microsoft-Windows-Sysmon/Operational,0,"""Registry value set:
RuleName: -
EventType: SetValue
UtcTime: 2025-06-09 14:07:34.708
ProcessGuid: {154c2aaf-ea98-6846-a001-000000001800}
ProcessId: 6984
Image: C:\Users\admin\AppData\Local\Microsoft\OneDrive\Update\OneDriveSetup.exe
TargetObject: HKU\S-1-5-21-442569660-4060779802-1076883227-1001_Classes\Directory\shellex\ContextMenuHandlers\ FileSyncEx\(Default)
Details: {CB3D0F55-BC2C-4C1A-85ED-23ED75B5106B}
User: DESKTOP-O7P9I53\admin""",2,2025-06-09T14:07:34.7290636Z,31461,5512,DESKTOP-O7P9I53,13,3292,INFORMATION,Microsoft-Windows-Sysmon,353,false,5,Sysmon - Event 13: RegistryEvent SetValue on HKU\\S-1-5-21-442569660-4060779802-1076883227-1001_Classes\\Directory\\shellex\\ContextMenuHandlers\\ FileSyncEx\\(Default) by C:\\Users\\admin\\AppData\\Local\\Microsoft\\OneDrive\\Update\\OneDriveSetup.exe,"[""windows"",""sysmon"",""sysmon_event_13""]",61615,windows_eventchannel,"{""win"":{""system"":{""providerName"":""Microsoft-Windows-Sysmon"",""providerGuid"":""{5770385f-c22a-43e0-bf4c-06f5698ffbd9}"",""eventID"":""13"",""version"":""2"",""level"":""4"",""task"":""13"",""opcode"":""0"",""keywords"":""0x8000000000000000"",""systemTime"":""2025-06-09T14:07:34.7290636Z"",""eventRecordID"":""31461"",""processID"":""3292"",""threadID"":""5512"",""channel"":""Microsoft-Windows-Sysmon/Operational"",""computer"":""DESKTOP-O7P9I53"",""severityValue"":""INFORMATION"",""message"":""\""Registry value set:\r\nRuleName: -\r\nEventType: SetValue\r\nUtcTime: 2025-06-09 14:07:34.708\r\nProcessGuid: {154c2aaf-ea98-6846-a001-000000001800}\r\nProcessId: 6984\r\nImage: C:\\Users\\admin\\AppData\\Local\\Microsoft\\OneDrive\\Update\\OneDriveSetup.exe\r\nTargetObject: HKU\\S-1-5-21-442569660-4060779802-1076883227-1001_Classes\\Directory\\shellex\\ContextMenuHandlers\\ FileSyncEx\\(Default)\r\nDetails: {CB3D0F55-BC2C-4C1A-85ED-23ED75B5106B}\r\nUser: DESKTOP-O7P9I53\\admin\""""},""eventdata"":{""eventType"":""SetValue"",""utcTime"":""2025-06-09 14:07:34.708"",""processGuid"":""{154c2aaf-ea98-6846-a001-000000001800}"",""processId"":""6984"",""image"":""C:\\\\Users\\\\admin\\\\AppData\\\\Local\\\\Microsoft\\\\OneDrive\\\\Update\\\\OneDriveSetup.exe"",""targetObject"":""HKU\\\\S-1-5-21-442569660-4060779802-1076883227-1001_Classes\\\\Directory\\\\shellex\\\\ContextMenuHandlers\\\\ FileSyncEx\\\\(Default)"",""details"":""{CB3D0F55-BC2C-4C1A-85ED-23ED75B5106B}"",""user"":""DESKTOP-O7P9I53\\\\admin""}}}",log,"Jun 9, 2025 @ 19:37:36.621",EventChannel,1749478056.2964607,"Jun 9, 2025 @ 19:37:36.621", , , , , , , , , , , , , , , , , , , , , , , , , , , , , , , , , , , , , , , , , , , , , , , , , , , ,HKU\\S-1-5-21-442569660-4060779802-1076883227-1001_Classes\\Directory\\shellex\\ContextMenuHandlers\\ FileSyncEx\\(Default), ,{CB3D0F55-BC2C-4C1A-85ED-23ED75B5106B},SetValue, , , , , , , , , , , , , , , , , , , , , , , , , , , , , , 
wazuh-alerts-4.x-2025.06.09,ZeAEVZcBD7y1GXNGrof_,1,1,192.168.254.162,DESKTOP-O7P9I53,001,hat-VMware-Virtual-Platform, ,C:\\Users\\admin\\AppData\\Local\\Microsoft\\OneDrive\\Update\\OneDriveSetup.exe, , , , , ,{154c2aaf-ea98-6846-a001-000000001800}, , ,6984, ,2025-06-09 14:07:34.739, , , , , , ,DESKTOP-O7P9I53\\admin, , ,13,0x8000000000000000,{5770385f-c22a-43e0-bf4c-06f5698ffbd9},4,Microsoft-Windows-Sysmon/Operational,0,"""Registry value set:
RuleName: T1122
EventType: SetValue
UtcTime: 2025-06-09 14:07:34.739
ProcessGuid: {154c2aaf-ea98-6846-a001-000000001800}
ProcessId: 6984
Image: C:\Users\admin\AppData\Local\Microsoft\OneDrive\Update\OneDriveSetup.exe
TargetObject: HKU\S-1-5-21-442569660-4060779802-1076883227-1001_Classes\CLSID\{4410DC33-BC7C-496B-AA84-4AEA3EEE75F7}\InProcServer32\(Default)
Details: C:\Users\admin\AppData\Local\Microsoft\OneDrive\25.091.0512.0001\FileCoAuthLib64.dll
User: DESKTOP-O7P9I53\admin""",2,2025-06-09T14:07:34.7878537Z,31468,5512,DESKTOP-O7P9I53,13,3292,INFORMATION,Microsoft-Windows-Sysmon,360,false,5,Sysmon - Event 13: RegistryEvent SetValue on HKU\\S-1-5-21-442569660-4060779802-1076883227-1001_Classes\\CLSID\\{4410DC33-BC7C-496B-AA84-4AEA3EEE75F7}\\InProcServer32\\(Default) by C:\\Users\\admin\\AppData\\Local\\Microsoft\\OneDrive\\Update\\OneDriveSetup.exe,"[""windows"",""sysmon"",""sysmon_event_13""]",61615,windows_eventchannel,"{""win"":{""system"":{""providerName"":""Microsoft-Windows-Sysmon"",""providerGuid"":""{5770385f-c22a-43e0-bf4c-06f5698ffbd9}"",""eventID"":""13"",""version"":""2"",""level"":""4"",""task"":""13"",""opcode"":""0"",""keywords"":""0x8000000000000000"",""systemTime"":""2025-06-09T14:07:34.7878537Z"",""eventRecordID"":""31468"",""processID"":""3292"",""threadID"":""5512"",""channel"":""Microsoft-Windows-Sysmon/Operational"",""computer"":""DESKTOP-O7P9I53"",""severityValue"":""INFORMATION"",""message"":""\""Registry value set:\r\nRuleName: T1122\r\nEventType: SetValue\r\nUtcTime: 2025-06-09 14:07:34.739\r\nProcessGuid: {154c2aaf-ea98-6846-a001-000000001800}\r\nProcessId: 6984\r\nImage: C:\\Users\\admin\\AppData\\Local\\Microsoft\\OneDrive\\Update\\OneDriveSetup.exe\r\nTargetObject: HKU\\S-1-5-21-442569660-4060779802-1076883227-1001_Classes\\CLSID\\{4410DC33-BC7C-496B-AA84-4AEA3EEE75F7}\\InProcServer32\\(Default)\r\nDetails: C:\\Users\\admin\\AppData\\Local\\Microsoft\\OneDrive\\25.091.0512.0001\\FileCoAuthLib64.dll\r\nUser: DESKTOP-O7P9I53\\admin\""""},""eventdata"":{""ruleName"":""T1122"",""eventType"":""SetValue"",""utcTime"":""2025-06-09 14:07:34.739"",""processGuid"":""{154c2aaf-ea98-6846-a001-000000001800}"",""processId"":""6984"",""image"":""C:\\\\Users\\\\admin\\\\AppData\\\\Local\\\\Microsoft\\\\OneDrive\\\\Update\\\\OneDriveSetup.exe"",""targetObject"":""HKU\\\\S-1-5-21-442569660-4060779802-1076883227-1001_Classes\\\\CLSID\\\\{4410DC33-BC7C-496B-AA84-4AEA3EEE75F7}\\\\InProcServer32\\\\(Default)"",""details"":""C:\\\\Users\\\\admin\\\\AppData\\\\Local\\\\Microsoft\\\\OneDrive\\\\25.091.0512.0001\\\\FileCoAuthLib64.dll"",""user"":""DESKTOP-O7P9I53\\\\admin""}}}",log,"Jun 9, 2025 @ 19:37:36.720",EventChannel,1749478056.2988578,"Jun 9, 2025 @ 19:37:36.720", , , , , , , , , , , , , , , , , , , , , , , , , , , , , , , , , , , , , , , , , , , , , , , , , , , ,HKU\\S-1-5-21-442569660-4060779802-1076883227-1001_Classes\\CLSID\\{4410DC33-BC7C-496B-AA84-4AEA3EEE75F7}\\InProcServer32\\(Default),T1122,C:\\Users\\admin\\AppData\\Local\\Microsoft\\OneDrive\\25.091.0512.0001\\FileCoAuthLib64.dll,SetValue, , , , , , , , , , , , , , , , , , , , , , , , , , , , , , 
wazuh-alerts-4.x-2025.06.09,aeAEVZcBD7y1GXNGrof_,1,1,192.168.254.162,DESKTOP-O7P9I53,001,hat-VMware-Virtual-Platform, ,C:\\Users\\admin\\AppData\\Local\\Microsoft\\OneDrive\\Update\\OneDriveSetup.exe, , , , , ,{154c2aaf-ea98-6846-a001-000000001800}, , ,6984, ,2025-06-09 14:07:34.755, , , , , , ,DESKTOP-O7P9I53\\admin, , ,13,0x8000000000000000,{5770385f-c22a-43e0-bf4c-06f5698ffbd9},4,Microsoft-Windows-Sysmon/Operational,0,"""Registry value set:
RuleName: T1042
EventType: SetValue
UtcTime: 2025-06-09 14:07:34.755
ProcessGuid: {154c2aaf-ea98-6846-a001-000000001800}
ProcessId: 6984
Image: C:\Users\admin\AppData\Local\Microsoft\OneDrive\Update\OneDriveSetup.exe
TargetObject: HKU\S-1-5-21-442569660-4060779802-1076883227-1001_Classes\.note\shell\open\command\(Default)
Details: ""C:\Users\admin\AppData\Local\Microsoft\OneDrive\25.091.0512.0001\OneDriveFileLauncher.exe"" ""Incorrect function.""
User: DESKTOP-O7P9I53\admin""",2,2025-06-09T14:07:34.7931682Z,31472,5512,DESKTOP-O7P9I53,13,3292,INFORMATION,Microsoft-Windows-Sysmon,364,false,5,Sysmon - Event 13: RegistryEvent SetValue on HKU\\S-1-5-21-442569660-4060779802-1076883227-1001_Classes\\.note\\shell\\open\\command\\(Default) by C:\\Users\\admin\\AppData\\Local\\Microsoft\\OneDrive\\Update\\OneDriveSetup.exe,"[""windows"",""sysmon"",""sysmon_event_13""]",61615,windows_eventchannel,"{""win"":{""system"":{""providerName"":""Microsoft-Windows-Sysmon"",""providerGuid"":""{5770385f-c22a-43e0-bf4c-06f5698ffbd9}"",""eventID"":""13"",""version"":""2"",""level"":""4"",""task"":""13"",""opcode"":""0"",""keywords"":""0x8000000000000000"",""systemTime"":""2025-06-09T14:07:34.7931682Z"",""eventRecordID"":""31472"",""processID"":""3292"",""threadID"":""5512"",""channel"":""Microsoft-Windows-Sysmon/Operational"",""computer"":""DESKTOP-O7P9I53"",""severityValue"":""INFORMATION"",""message"":""\""Registry value set:\r\nRuleName: T1042\r\nEventType: SetValue\r\nUtcTime: 2025-06-09 14:07:34.755\r\nProcessGuid: {154c2aaf-ea98-6846-a001-000000001800}\r\nProcessId: 6984\r\nImage: C:\\Users\\admin\\AppData\\Local\\Microsoft\\OneDrive\\Update\\OneDriveSetup.exe\r\nTargetObject: HKU\\S-1-5-21-442569660-4060779802-1076883227-1001_Classes\\.note\\shell\\open\\command\\(Default)\r\nDetails: \""C:\\Users\\admin\\AppData\\Local\\Microsoft\\OneDrive\\25.091.0512.0001\\OneDriveFileLauncher.exe\"" \""Incorrect function.\""\r\nUser: DESKTOP-O7P9I53\\admin\""""},""eventdata"":{""ruleName"":""T1042"",""eventType"":""SetValue"",""utcTime"":""2025-06-09 14:07:34.755"",""processGuid"":""{154c2aaf-ea98-6846-a001-000000001800}"",""processId"":""6984"",""image"":""C:\\\\Users\\\\admin\\\\AppData\\\\Local\\\\Microsoft\\\\OneDrive\\\\Update\\\\OneDriveSetup.exe"",""targetObject"":""HKU\\\\S-1-5-21-442569660-4060779802-1076883227-1001_Classes\\\\.note\\\\shell\\\\open\\\\command\\\\(Default)"",""details"":""\\\""C:\\\\Users\\\\admin\\\\AppData\\\\Local\\\\Microsoft\\\\OneDrive\\\\25.091.0512.0001\\\\OneDriveFileLauncher.exe\\\"" \\\""%%1\\\"""",""user"":""DESKTOP-O7P9I53\\\\admin""}}}",log,"Jun 9, 2025 @ 19:37:36.797",EventChannel,1749478056.3003334,"Jun 9, 2025 @ 19:37:36.797", , , , , , , , , , , , , , , , , , , , , , , , , , , , , , , , , , , , , , , , , , , , , , , , , , , ,HKU\\S-1-5-21-442569660-4060779802-1076883227-1001_Classes\\.note\\shell\\open\\command\\(Default),T1042,"\""C:\\Users\\admin\\AppData\\Local\\Microsoft\\OneDrive\\25.091.0512.0001\\OneDriveFileLauncher.exe\"" \""%%1\""",SetValue, , , , , , , , , , , , , , , , , , , , , , , , , , , , , , 
wazuh-alerts-4.x-2025.06.09,a-AEVZcBD7y1GXNGrof_,1,1,192.168.254.162,DESKTOP-O7P9I53,001,hat-VMware-Virtual-Platform, ,C:\\Users\\admin\\AppData\\Local\\Microsoft\\OneDrive\\Update\\OneDriveSetup.exe, , , , , ,{154c2aaf-ea98-6846-a001-000000001800}, , ,6984, ,2025-06-09 14:07:34.755, , , , , , ,DESKTOP-O7P9I53\\admin, , ,13,0x8000000000000000,{5770385f-c22a-43e0-bf4c-06f5698ffbd9},4,Microsoft-Windows-Sysmon/Operational,0,"""Registry value set:
RuleName: T1042
EventType: SetValue
UtcTime: 2025-06-09 14:07:34.755
ProcessGuid: {154c2aaf-ea98-6846-a001-000000001800}
ProcessId: 6984
Image: C:\Users\admin\AppData\Local\Microsoft\OneDrive\Update\OneDriveSetup.exe
TargetObject: HKU\S-1-5-21-442569660-4060779802-1076883227-1001_Classes\.loop\shell\open\command\(Default)
Details: ""C:\Users\admin\AppData\Local\Microsoft\OneDrive\25.091.0512.0001\OneDriveFileLauncher.exe"" ""Incorrect function.""
User: DESKTOP-O7P9I53\admin""",2,2025-06-09T14:07:34.7932449Z,31474,5512,DESKTOP-O7P9I53,13,3292,INFORMATION,Microsoft-Windows-Sysmon,366,false,5,Sysmon - Event 13: RegistryEvent SetValue on HKU\\S-1-5-21-442569660-4060779802-1076883227-1001_Classes\\.loop\\shell\\open\\command\\(Default) by C:\\Users\\admin\\AppData\\Local\\Microsoft\\OneDrive\\Update\\OneDriveSetup.exe,"[""windows"",""sysmon"",""sysmon_event_13""]",61615,windows_eventchannel,"{""win"":{""system"":{""providerName"":""Microsoft-Windows-Sysmon"",""providerGuid"":""{5770385f-c22a-43e0-bf4c-06f5698ffbd9}"",""eventID"":""13"",""version"":""2"",""level"":""4"",""task"":""13"",""opcode"":""0"",""keywords"":""0x8000000000000000"",""systemTime"":""2025-06-09T14:07:34.7932449Z"",""eventRecordID"":""31474"",""processID"":""3292"",""threadID"":""5512"",""channel"":""Microsoft-Windows-Sysmon/Operational"",""computer"":""DESKTOP-O7P9I53"",""severityValue"":""INFORMATION"",""message"":""\""Registry value set:\r\nRuleName: T1042\r\nEventType: SetValue\r\nUtcTime: 2025-06-09 14:07:34.755\r\nProcessGuid: {154c2aaf-ea98-6846-a001-000000001800}\r\nProcessId: 6984\r\nImage: C:\\Users\\admin\\AppData\\Local\\Microsoft\\OneDrive\\Update\\OneDriveSetup.exe\r\nTargetObject: HKU\\S-1-5-21-442569660-4060779802-1076883227-1001_Classes\\.loop\\shell\\open\\command\\(Default)\r\nDetails: \""C:\\Users\\admin\\AppData\\Local\\Microsoft\\OneDrive\\25.091.0512.0001\\OneDriveFileLauncher.exe\"" \""Incorrect function.\""\r\nUser: DESKTOP-O7P9I53\\admin\""""},""eventdata"":{""ruleName"":""T1042"",""eventType"":""SetValue"",""utcTime"":""2025-06-09 14:07:34.755"",""processGuid"":""{154c2aaf-ea98-6846-a001-000000001800}"",""processId"":""6984"",""image"":""C:\\\\Users\\\\admin\\\\AppData\\\\Local\\\\Microsoft\\\\OneDrive\\\\Update\\\\OneDriveSetup.exe"",""targetObject"":""HKU\\\\S-1-5-21-442569660-4060779802-1076883227-1001_Classes\\\\.loop\\\\shell\\\\open\\\\command\\\\(Default)"",""details"":""\\\""C:\\\\Users\\\\admin\\\\AppData\\\\Local\\\\Microsoft\\\\OneDrive\\\\25.091.0512.0001\\\\OneDriveFileLauncher.exe\\\"" \\\""%%1\\\"""",""user"":""DESKTOP-O7P9I53\\\\admin""}}}",log,"Jun 9, 2025 @ 19:37:36.828",EventChannel,1749478056.3010602,"Jun 9, 2025 @ 19:37:36.828", , , , , , , , , , , , , , , , , , , , , , , , , , , , , , , , , , , , , , , , , , , , , , , , , , , ,HKU\\S-1-5-21-442569660-4060779802-1076883227-1001_Classes\\.loop\\shell\\open\\command\\(Default),T1042,"\""C:\\Users\\admin\\AppData\\Local\\Microsoft\\OneDrive\\25.091.0512.0001\\OneDriveFileLauncher.exe\"" \""%%1\""",SetValue, , , , , , , , , , , , , , , , , , , , , , , , , , , , , , 
wazuh-alerts-4.x-2025.06.09,bOAEVZcBD7y1GXNGrof_,1,1,192.168.254.162,DESKTOP-O7P9I53,001,hat-VMware-Virtual-Platform, ,C:\\Users\\admin\\AppData\\Local\\Microsoft\\OneDrive\\Update\\OneDriveSetup.exe, , , , , ,{154c2aaf-ea98-6846-a001-000000001800}, , ,6984, ,2025-06-09 14:07:34.755, , , , , , ,DESKTOP-O7P9I53\\admin, , ,13,0x8000000000000000,{5770385f-c22a-43e0-bf4c-06f5698ffbd9},4,Microsoft-Windows-Sysmon/Operational,0,"""Registry value set:
RuleName: T1042
EventType: SetValue
UtcTime: 2025-06-09 14:07:34.755
ProcessGuid: {154c2aaf-ea98-6846-a001-000000001800}
ProcessId: 6984
Image: C:\Users\admin\AppData\Local\Microsoft\OneDrive\Update\OneDriveSetup.exe
TargetObject: HKU\S-1-5-21-442569660-4060779802-1076883227-1001_Classes\.copilot\shell\open\command\(Default)
Details: ""C:\Users\admin\AppData\Local\Microsoft\OneDrive\25.091.0512.0001\OneDriveFileLauncher.exe"" ""Incorrect function.""
User: DESKTOP-O7P9I53\admin""",2,2025-06-09T14:07:34.7932744Z,31475,5512,DESKTOP-O7P9I53,13,3292,INFORMATION,Microsoft-Windows-Sysmon,367,false,5,Sysmon - Event 13: RegistryEvent SetValue on HKU\\S-1-5-21-442569660-4060779802-1076883227-1001_Classes\\.copilot\\shell\\open\\command\\(Default) by C:\\Users\\admin\\AppData\\Local\\Microsoft\\OneDrive\\Update\\OneDriveSetup.exe,"[""windows"",""sysmon"",""sysmon_event_13""]",61615,windows_eventchannel,"{""win"":{""system"":{""providerName"":""Microsoft-Windows-Sysmon"",""providerGuid"":""{5770385f-c22a-43e0-bf4c-06f5698ffbd9}"",""eventID"":""13"",""version"":""2"",""level"":""4"",""task"":""13"",""opcode"":""0"",""keywords"":""0x8000000000000000"",""systemTime"":""2025-06-09T14:07:34.7932744Z"",""eventRecordID"":""31475"",""processID"":""3292"",""threadID"":""5512"",""channel"":""Microsoft-Windows-Sysmon/Operational"",""computer"":""DESKTOP-O7P9I53"",""severityValue"":""INFORMATION"",""message"":""\""Registry value set:\r\nRuleName: T1042\r\nEventType: SetValue\r\nUtcTime: 2025-06-09 14:07:34.755\r\nProcessGuid: {154c2aaf-ea98-6846-a001-000000001800}\r\nProcessId: 6984\r\nImage: C:\\Users\\admin\\AppData\\Local\\Microsoft\\OneDrive\\Update\\OneDriveSetup.exe\r\nTargetObject: HKU\\S-1-5-21-442569660-4060779802-1076883227-1001_Classes\\.copilot\\shell\\open\\command\\(Default)\r\nDetails: \""C:\\Users\\admin\\AppData\\Local\\Microsoft\\OneDrive\\25.091.0512.0001\\OneDriveFileLauncher.exe\"" \""Incorrect function.\""\r\nUser: DESKTOP-O7P9I53\\admin\""""},""eventdata"":{""ruleName"":""T1042"",""eventType"":""SetValue"",""utcTime"":""2025-06-09 14:07:34.755"",""processGuid"":""{154c2aaf-ea98-6846-a001-000000001800}"",""processId"":""6984"",""image"":""C:\\\\Users\\\\admin\\\\AppData\\\\Local\\\\Microsoft\\\\OneDrive\\\\Update\\\\OneDriveSetup.exe"",""targetObject"":""HKU\\\\S-1-5-21-442569660-4060779802-1076883227-1001_Classes\\\\.copilot\\\\shell\\\\open\\\\command\\\\(Default)"",""details"":""\\\""C:\\\\Users\\\\admin\\\\AppData\\\\Local\\\\Microsoft\\\\OneDrive\\\\25.091.0512.0001\\\\OneDriveFileLauncher.exe\\\"" \\\""%%1\\\"""",""user"":""DESKTOP-O7P9I53\\\\admin""}}}",log,"Jun 9, 2025 @ 19:37:36.855",EventChannel,1749478056.3014221,"Jun 9, 2025 @ 19:37:36.855", , , , , , , , , , , , , , , , , , , , , , , , , , , , , , , , , , , , , , , , , , , , , , , , , , , ,HKU\\S-1-5-21-442569660-4060779802-1076883227-1001_Classes\\.copilot\\shell\\open\\command\\(Default),T1042,"\""C:\\Users\\admin\\AppData\\Local\\Microsoft\\OneDrive\\25.091.0512.0001\\OneDriveFileLauncher.exe\"" \""%%1\""",SetValue, , , , , , , , , , , , , , , , , , , , , , , , , , , , , , 
