wazuh-alerts-4.x-2025.06.09,tuADVZcBD7y1GXNG44b8,1,1,192.168.254.162,DESKTOP-O7P9I53,001,hat-VMware-Virtual-Platform, ,C:\\Windows\\system32\\services.exe, , , , , ,{154c2aaf-e981-6846-0b00-000000001800}, , ,648, ,2025-06-09 14:06:44.200, , , , , , ,NT AUTHORITY\\SYSTEM, , ,13,0x8000000000000000,{5770385f-c22a-43e0-bf4c-06f5698ffbd9},4,Microsoft-Windows-Sysmon/Operational,0,"""Registry value set:
RuleName: T1031,T1050
EventType: SetValue
UtcTime: 2025-06-09 14:06:44.200
ProcessGuid: {154c2aaf-e981-6846-0b00-000000001800}
ProcessId: 648
Image: C:\Windows\system32\services.exe
TargetObject: HKLM\System\CurrentControlSet\Services\PimIndexMaintenanceSvc_22d8b9\Start
Details: DWORD (0x00000003)
User: NT AUTHORITY\SYSTEM""",2,2025-06-09T14:06:44.2176100Z,31095,5512,DESKTOP-O7P9I53,13,3292,INFORMATION,Microsoft-Windows-Sysmon,258,false,5,Sysmon - Event 13: RegistryEvent SetValue on HKLM\\System\\CurrentControlSet\\Services\\PimIndexMaintenanceSvc_22d8b9\\Start by C:\\Windows\\system32\\services.exe,"[""windows"",""sysmon"",""sysmon_event_13""]",61615,windows_eventchannel,"{""win"":{""system"":{""providerName"":""Microsoft-Windows-Sysmon"",""providerGuid"":""{5770385f-c22a-43e0-bf4c-06f5698ffbd9}"",""eventID"":""13"",""version"":""2"",""level"":""4"",""task"":""13"",""opcode"":""0"",""keywords"":""0x8000000000000000"",""systemTime"":""2025-06-09T14:06:44.2176100Z"",""eventRecordID"":""31095"",""processID"":""3292"",""threadID"":""5512"",""channel"":""Microsoft-Windows-Sysmon/Operational"",""computer"":""DESKTOP-O7P9I53"",""severityValue"":""INFORMATION"",""message"":""\""Registry value set:\r\nRuleName: T1031,T1050\r\nEventType: SetValue\r\nUtcTime: 2025-06-09 14:06:44.200\r\nProcessGuid: {154c2aaf-e981-6846-0b00-000000001800}\r\nProcessId: 648\r\nImage: C:\\Windows\\system32\\services.exe\r\nTargetObject: HKLM\\System\\CurrentControlSet\\Services\\PimIndexMaintenanceSvc_22d8b9\\Start\r\nDetails: DWORD (0x00000003)\r\nUser: NT AUTHORITY\\SYSTEM\""""},""eventdata"":{""ruleName"":""T1031,T1050"",""eventType"":""SetValue"",""utcTime"":""2025-06-09 14:06:44.200"",""processGuid"":""{154c2aaf-e981-6846-0b00-000000001800}"",""processId"":""648"",""image"":""C:\\\\Windows\\\\system32\\\\services.exe"",""targetObject"":""HKLM\\\\System\\\\CurrentControlSet\\\\Services\\\\PimIndexMaintenanceSvc_22d8b9\\\\Start"",""details"":""DWORD (0x00000003)"",""user"":""NT AUTHORITY\\\\SYSTEM""}}}",log,"Jun 9, 2025 @ 19:36:45.479",EventChannel,1749478005.2218711,"Jun 9, 2025 @ 19:36:45.479", , , , , , , , , , , , , , , , , , , , , , , , , , , , , , , , , , , , , , , , , , , , , , , , , , , ,HKLM\\System\\CurrentControlSet\\Services\\PimIndexMaintenanceSvc_22d8b9\\Start,"T1031,T1050",DWORD (0x00000003),SetValue, , , , , , , , , , , , , , , , , , , , , , , , , , , , , , 
wazuh-alerts-4.x-2025.06.09,uOADVZcBD7y1GXNG44b8,1,1,192.168.254.162,DESKTOP-O7P9I53,001,hat-VMware-Virtual-Platform, ,C:\\Windows\\system32\\services.exe, , , , , ,{154c2aaf-e981-6846-0b00-000000001800}, , ,648, ,2025-06-09 14:06:44.216, , , , , , ,NT AUTHORITY\\SYSTEM, , ,13,0x8000000000000000,{5770385f-c22a-43e0-bf4c-06f5698ffbd9},4,Microsoft-Windows-Sysmon/Operational,0,"""Registry value set:
RuleName: T1031,T1050
EventType: SetValue
UtcTime: 2025-06-09 14:06:44.216
ProcessGuid: {154c2aaf-e981-6846-0b00-000000001800}
ProcessId: 648
Image: C:\Windows\system32\services.exe
TargetObject: HKLM\System\CurrentControlSet\Services\PimIndexMaintenanceSvc_22d8b9\ImagePath
Details: C:\Windows\system32\svchost.exe -k UnistackSvcGroup
User: NT AUTHORITY\SYSTEM""",2,2025-06-09T14:06:44.2176608Z,31096,5512,DESKTOP-O7P9I53,13,3292,INFORMATION,Microsoft-Windows-Sysmon,15,false,3,Evidence of new service creation found in registry under HKLM\\System\\CurrentControlSet\\Services\\PimIndexMaintenanceSvc_22d8b9\\ImagePath binary is: C:\\Windows\\system32\\svchost.exe -k UnistackSvcGroup,"[""sysmon"",""sysmon_eid13_detections"",""windows""]",92307,windows_eventchannel, ,log,"Jun 9, 2025 @ 19:36:45.531",EventChannel,1749478005.2229346,"Jun 9, 2025 @ 19:36:45.531", , ,"[""Windows Service""]","[""T1543.003""]","[""Persistence"",""Privilege Escalation""]", , , , , , , , , , , , , , , , , , , , , , , , , , , , , , , , , , , , , , , , , , , , , , ,HKLM\\System\\CurrentControlSet\\Services\\PimIndexMaintenanceSvc_22d8b9\\ImagePath,"T1031,T1050",C:\\Windows\\system32\\svchost.exe -k UnistackSvcGroup,SetValue, , , , , , , , , , , , , , , , , , , , , , , , , , , , , , 
wazuh-alerts-4.x-2025.06.09,uuADVZcBD7y1GXNG44b8,1,1,192.168.254.162,DESKTOP-O7P9I53,001,hat-VMware-Virtual-Platform, , , , , , , , , , , , , , , , , , , , , , ,4672,0x8020000000000000,{54849625-5478-4994-a5ba-3e3b0328c30d},0,Security,0,"""Special privileges assigned to new logon.

Subject:
	Security ID:		S-1-5-21-442569660-4060779802-1076883227-1001
	Account Name:		admin
	Account Domain:		DESKTOP-O7P9I53
	Logon ID:		0x22BCF6

Privileges:		SeSecurityPrivilege
			SeTakeOwnershipPrivilege
			SeLoadDriverPrivilege
			SeBackupPrivilege
			SeRestorePrivilege
			SeDebugPrivilege
			SeSystemEnvironmentPrivilege
			SeImpersonatePrivilege
			SeDelegateSessionUserImpersonatePrivilege""",0,2025-06-09T14:06:43.5382732Z,968946,720,DESKTOP-O7P9I53,12548,672,AUDIT_SUCCESS,Microsoft-Windows-Security-Auditing,1,false,3,Special privileges assigned to new logon.,"[""windows"","" WEF""]",67028,windows_eventchannel, ,log,"Jun 9, 2025 @ 19:36:45.572",EventChannel,1749478005.2235344,"Jun 9, 2025 @ 19:36:45.572", , ,"[""Domain Policy Modification""]","[""T1484""]","[""Defense Evasion"",""Privilege Escalation""]",0x22bcf6,DESKTOP-O7P9I53, , , , , , , , ,S-1-5-21-442569660-4060779802-1076883227-1001, , , , , ,admin, , , , , , , , , , , , , , , , , , , , , , , , , , , , , , , , , , ,SeSecurityPrivilege     SeTakeOwnershipPrivilege     SeLoadDriverPrivilege     SeBackupPrivilege     SeRestorePrivilege     SeDebugPrivilege     SeSystemEnvironmentPrivilege     SeImpersonatePrivilege     SeDelegateSessionUserImpersonatePrivilege, , , , , , , , , , , , , , , , , , , , , , , , , , , , 
wazuh-alerts-4.x-2025.06.09,veADVZcBD7y1GXNG44b8,1,1,192.168.254.162,DESKTOP-O7P9I53,001,hat-VMware-Virtual-Platform, ,C:\\Windows\\system32\\services.exe, , , , , ,{154c2aaf-e981-6846-0b00-000000001800}, , ,648, ,2025-06-09 14:06:44.216, , , , , , ,NT AUTHORITY\\SYSTEM, , ,13,0x8000000000000000,{5770385f-c22a-43e0-bf4c-06f5698ffbd9},4,Microsoft-Windows-Sysmon/Operational,0,"""Registry value set:
RuleName: T1031,T1050
EventType: SetValue
UtcTime: 2025-06-09 14:06:44.216
ProcessGuid: {154c2aaf-e981-6846-0b00-000000001800}
ProcessId: 648
Image: C:\Windows\system32\services.exe
TargetObject: HKLM\System\CurrentControlSet\Services\UdkUserSvc_22d8b9\ImagePath
Details: C:\Windows\system32\svchost.exe -k UdkSvcGroup
User: NT AUTHORITY\SYSTEM""",2,2025-06-09T14:06:44.2221969Z,31100,5512,DESKTOP-O7P9I53,13,3292,INFORMATION,Microsoft-Windows-Sysmon,17,false,3,Evidence of new service creation found in registry under HKLM\\System\\CurrentControlSet\\Services\\UdkUserSvc_22d8b9\\ImagePath binary is: C:\\Windows\\system32\\svchost.exe -k UdkSvcGroup,"[""sysmon"",""sysmon_eid13_detections"",""windows""]",92307,windows_eventchannel, ,log,"Jun 9, 2025 @ 19:36:45.742",EventChannel,1749478005.2244314,"Jun 9, 2025 @ 19:36:45.742", , ,"[""Windows Service""]","[""T1543.003""]","[""Persistence"",""Privilege Escalation""]", , , , , , , , , , , , , , , , , , , , , , , , , , , , , , , , , , , , , , , , , , , , , , ,HKLM\\System\\CurrentControlSet\\Services\\UdkUserSvc_22d8b9\\ImagePath,"T1031,T1050",C:\\Windows\\system32\\svchost.exe -k UdkSvcGroup,SetValue, , , , , , , , , , , , , , , , , , , , , , , , , , , , , , 
wazuh-alerts-4.x-2025.06.09,w-ADVZcBD7y1GXNG44b8,1,1,192.168.254.162,DESKTOP-O7P9I53,001,hat-VMware-Virtual-Platform, ,C:\\Windows\\system32\\services.exe, , , , , ,{154c2aaf-e981-6846-0b00-000000001800}, , ,648, ,2025-06-09 14:06:44.216, , , , , , ,NT AUTHORITY\\SYSTEM, , ,13,0x8000000000000000,{5770385f-c22a-43e0-bf4c-06f5698ffbd9},4,Microsoft-Windows-Sysmon/Operational,0,"""Registry value set:
RuleName: T1031,T1050
EventType: SetValue
UtcTime: 2025-06-09 14:06:44.216
ProcessGuid: {154c2aaf-e981-6846-0b00-000000001800}
ProcessId: 648
Image: C:\Windows\system32\services.exe
TargetObject: HKLM\System\CurrentControlSet\Services\WpnUserService_22d8b9\ImagePath
Details: C:\Windows\system32\svchost.exe -k UnistackSvcGroup
User: NT AUTHORITY\SYSTEM""",2,2025-06-09T14:06:44.2239464Z,31106,5512,DESKTOP-O7P9I53,13,3292,INFORMATION,Microsoft-Windows-Sysmon,20,false,3,Evidence of new service creation found in registry under HKLM\\System\\CurrentControlSet\\Services\\WpnUserService_22d8b9\\ImagePath binary is: C:\\Windows\\system32\\svchost.exe -k UnistackSvcGroup,"[""sysmon"",""sysmon_eid13_detections"",""windows""]",92307,windows_eventchannel, ,log,"Jun 9, 2025 @ 19:36:46.086",EventChannel,1749478006.2261993,"Jun 9, 2025 @ 19:36:46.086", , ,"[""Windows Service""]","[""T1543.003""]","[""Persistence"",""Privilege Escalation""]", , , , , , , , , , , , , , , , , , , , , , , , , , , , , , , , , , , , , , , , , , , , , , ,HKLM\\System\\CurrentControlSet\\Services\\WpnUserService_22d8b9\\ImagePath,"T1031,T1050",C:\\Windows\\system32\\svchost.exe -k UnistackSvcGroup,SetValue, , , , , , , , , , , , , , , , , , , , , , , , , , , , , , 
wazuh-alerts-4.x-2025.06.09,xOADVZcBD7y1GXNG44b8,1,1,192.168.254.162,DESKTOP-O7P9I53,001,hat-VMware-Virtual-Platform,taskhostw.exe,C:\\Windows\\System32\\taskhostw.exe,Microsoft® Windows® Operating System,{154c2aaf-e982-6846-1900-000000001800},Host Process for Windows Tasks,{154c2aaf-ea73-6846-23bd-220000000000},C:\\Windows\\system32\\svchost.exe -k netsvcs -p -s Schedule,{154c2aaf-ea74-6846-5d01-000000001800},0x22bd23,1168,1896,C:\\Windows\\system32\\,2025-06-09 14:06:44.315,"MD5=D71630DA4364F89F36B47581D4162639,SHA256=4D84D1DB6C572DA841307B814CCF26478429D3A29F304755CE1BAF110E639F64,IMPHASH=3A0C6863CDE566AF997DB2DEFFF9D924",C:\\Windows\\System32\\svchost.exe,Microsoft Corporation,taskhostw.exe USER,Medium,10.0.19041.5794 (WinBuild.160101.0800),DESKTOP-O7P9I53\\admin,1,NT AUTHORITY\\SYSTEM,1,0x8000000000000000,{5770385f-c22a-43e0-bf4c-06f5698ffbd9},4,Microsoft-Windows-Sysmon/Operational,0,"""Process Create:
RuleName: -
UtcTime: 2025-06-09 14:06:44.315
ProcessGuid: {154c2aaf-ea74-6846-5d01-000000001800}
ProcessId: 1896
Image: C:\Windows\System32\taskhostw.exe
FileVersion: 10.0.19041.5794 (WinBuild.160101.0800)
Description: Host Process for Windows Tasks
Product: Microsoft® Windows® Operating System
Company: Microsoft Corporation
OriginalFileName: taskhostw.exe
CommandLine: taskhostw.exe USER
CurrentDirectory: C:\Windows\system32\
User: DESKTOP-O7P9I53\admin
LogonGuid: {154c2aaf-ea73-6846-23bd-220000000000}
LogonId: 0x22BD23
TerminalSessionId: 1
IntegrityLevel: Medium
Hashes: MD5=D71630DA4364F89F36B47581D4162639,SHA256=4D84D1DB6C572DA841307B814CCF26478429D3A29F304755CE1BAF110E639F64,IMPHASH=3A0C6863CDE566AF997DB2DEFFF9D924
ParentProcessGuid: {154c2aaf-e982-6846-1900-000000001800}
ParentProcessId: 1168
ParentImage: C:\Windows\System32\svchost.exe
ParentCommandLine: C:\Windows\system32\svchost.exe -k netsvcs -p -s Schedule
ParentUser: NT AUTHORITY\SYSTEM""",5,2025-06-09T14:06:44.3215373Z,31109,5512,DESKTOP-O7P9I53,1,3292,INFORMATION,Microsoft-Windows-Sysmon,39,false,5,Sysmon - Event 1: Process creation Host Process for Windows Tasks,"[""windows"",""sysmon"",""sysmon_event1""]",61603,windows_eventchannel,"{""win"":{""system"":{""providerName"":""Microsoft-Windows-Sysmon"",""providerGuid"":""{5770385f-c22a-43e0-bf4c-06f5698ffbd9}"",""eventID"":""1"",""version"":""5"",""level"":""4"",""task"":""1"",""opcode"":""0"",""keywords"":""0x8000000000000000"",""systemTime"":""2025-06-09T14:06:44.3215373Z"",""eventRecordID"":""31109"",""processID"":""3292"",""threadID"":""5512"",""channel"":""Microsoft-Windows-Sysmon/Operational"",""computer"":""DESKTOP-O7P9I53"",""severityValue"":""INFORMATION"",""message"":""\""Process Create:\r\nRuleName: -\r\nUtcTime: 2025-06-09 14:06:44.315\r\nProcessGuid: {154c2aaf-ea74-6846-5d01-000000001800}\r\nProcessId: 1896\r\nImage: C:\\Windows\\System32\\taskhostw.exe\r\nFileVersion: 10.0.19041.5794 (WinBuild.160101.0800)\r\nDescription: Host Process for Windows Tasks\r\nProduct: Microsoft® Windows® Operating System\r\nCompany: Microsoft Corporation\r\nOriginalFileName: taskhostw.exe\r\nCommandLine: taskhostw.exe USER\r\nCurrentDirectory: C:\\Windows\\system32\\\r\nUser: DESKTOP-O7P9I53\\admin\r\nLogonGuid: {154c2aaf-ea73-6846-23bd-220000000000}\r\nLogonId: 0x22BD23\r\nTerminalSessionId: 1\r\nIntegrityLevel: Medium\r\nHashes: MD5=D71630DA4364F89F36B47581D4162639,SHA256=4D84D1DB6C572DA841307B814CCF26478429D3A29F304755CE1BAF110E639F64,IMPHASH=3A0C6863CDE566AF997DB2DEFFF9D924\r\nParentProcessGuid: {154c2aaf-e982-6846-1900-000000001800}\r\nParentProcessId: 1168\r\nParentImage: C:\\Windows\\System32\\svchost.exe\r\nParentCommandLine: C:\\Windows\\system32\\svchost.exe -k netsvcs -p -s Schedule\r\nParentUser: NT AUTHORITY\\SYSTEM\""""},""eventdata"":{""utcTime"":""2025-06-09 14:06:44.315"",""processGuid"":""{154c2aaf-ea74-6846-5d01-000000001800}"",""processId"":""1896"",""image"":""C:\\\\Windows\\\\System32\\\\taskhostw.exe"",""fileVersion"":""10.0.19041.5794 (WinBuild.160101.0800)"",""description"":""Host Process for Windows Tasks"",""product"":""Microsoft® Windows® Operating System"",""company"":""Microsoft Corporation"",""originalFileName"":""taskhostw.exe"",""commandLine"":""taskhostw.exe USER"",""currentDirectory"":""C:\\\\Windows\\\\system32\\\\"",""user"":""DESKTOP-O7P9I53\\\\admin"",""logonGuid"":""{154c2aaf-ea73-6846-23bd-220000000000}"",""logonId"":""0x22bd23"",""terminalSessionId"":""1"",""integrityLevel"":""Medium"",""hashes"":""MD5=D71630DA4364F89F36B47581D4162639,SHA256=4D84D1DB6C572DA841307B814CCF26478429D3A29F304755CE1BAF110E639F64,IMPHASH=3A0C6863CDE566AF997DB2DEFFF9D924"",""parentProcessGuid"":""{154c2aaf-e982-6846-1900-000000001800}"",""parentProcessId"":""1168"",""parentImage"":""C:\\\\Windows\\\\System32\\\\svchost.exe"",""parentCommandLine"":""C:\\\\Windows\\\\system32\\\\svchost.exe -k netsvcs -p -s Schedule"",""parentUser"":""NT AUTHORITY\\\\SYSTEM""}}}",log,"Jun 9, 2025 @ 19:36:46.169",EventChannel,1749478006.2265064,"Jun 9, 2025 @ 19:36:46.169", , , , , , , , , , , , , , , , , , , , , , , , , , , , , , , , , , , , , , , , , , , , , , , , , , , , , , , , , , , , , , , , , , , , , , , , , , , , , , , , , , , , , 
wazuh-alerts-4.x-2025.06.09,xeADVZcBD7y1GXNG44b8,1,1,192.168.254.162,DESKTOP-O7P9I53,001,hat-VMware-Virtual-Platform,msedgeupdate.dll,C:\\Program Files (x86)\\Microsoft\\EdgeUpdate\\MicrosoftEdgeUpdate.exe,Microsoft Edge Update,{154c2aaf-e982-6846-1900-000000001800},Microsoft Edge Update,{154c2aaf-e981-6846-e703-000000000000},C:\\Windows\\system32\\svchost.exe -k netsvcs -p -s Schedule,{154c2aaf-ea74-6846-5e01-000000001800},0x3e7,1168,1424,C:\\Windows\\system32\\,2025-06-09 14:06:44.338,"MD5=C019E421D9F897108E51666CBAE2C8B0,SHA256=3096D8E82917A9B73F322F4B1743E52E9B0C8B3C5933A957E73E29D6973CDD5B,IMPHASH=E00D60405A249A05D3B09AA7FE924B17",C:\\Windows\\System32\\svchost.exe,Microsoft Corporation,"\""C:\\Program Files (x86)\\Microsoft\\EdgeUpdate\\MicrosoftEdgeUpdate.exe\"" /c",System,1.3.147.37,NT AUTHORITY\\SYSTEM,0,NT AUTHORITY\\SYSTEM,1,0x8000000000000000,{5770385f-c22a-43e0-bf4c-06f5698ffbd9},4,Microsoft-Windows-Sysmon/Operational,0,"""Process Create:
RuleName: -
UtcTime: 2025-06-09 14:06:44.338
ProcessGuid: {154c2aaf-ea74-6846-5e01-000000001800}
ProcessId: 1424
Image: C:\Program Files (x86)\Microsoft\EdgeUpdate\MicrosoftEdgeUpdate.exe
FileVersion: 1.3.147.37
Description: Microsoft Edge Update
Product: Microsoft Edge Update
Company: Microsoft Corporation
OriginalFileName: msedgeupdate.dll
CommandLine: ""C:\Program Files (x86)\Microsoft\EdgeUpdate\MicrosoftEdgeUpdate.exe"" /c
CurrentDirectory: C:\Windows\system32\
User: NT AUTHORITY\SYSTEM
LogonGuid: {154c2aaf-e981-6846-e703-000000000000}
LogonId: 0x3E7
TerminalSessionId: 0
IntegrityLevel: System
Hashes: MD5=C019E421D9F897108E51666CBAE2C8B0,SHA256=3096D8E82917A9B73F322F4B1743E52E9B0C8B3C5933A957E73E29D6973CDD5B,IMPHASH=E00D60405A249A05D3B09AA7FE924B17
ParentProcessGuid: {154c2aaf-e982-6846-1900-000000001800}
ParentProcessId: 1168
ParentImage: C:\Windows\System32\svchost.exe
ParentCommandLine: C:\Windows\system32\svchost.exe -k netsvcs -p -s Schedule
ParentUser: NT AUTHORITY\SYSTEM""",5,2025-06-09T14:06:44.3409621Z,31110,5512,DESKTOP-O7P9I53,1,3292,INFORMATION,Microsoft-Windows-Sysmon,40,false,5,Sysmon - Event 1: Process creation Microsoft Edge Update,"[""windows"",""sysmon"",""sysmon_event1""]",61603,windows_eventchannel,"{""win"":{""system"":{""providerName"":""Microsoft-Windows-Sysmon"",""providerGuid"":""{5770385f-c22a-43e0-bf4c-06f5698ffbd9}"",""eventID"":""1"",""version"":""5"",""level"":""4"",""task"":""1"",""opcode"":""0"",""keywords"":""0x8000000000000000"",""systemTime"":""2025-06-09T14:06:44.3409621Z"",""eventRecordID"":""31110"",""processID"":""3292"",""threadID"":""5512"",""channel"":""Microsoft-Windows-Sysmon/Operational"",""computer"":""DESKTOP-O7P9I53"",""severityValue"":""INFORMATION"",""message"":""\""Process Create:\r\nRuleName: -\r\nUtcTime: 2025-06-09 14:06:44.338\r\nProcessGuid: {154c2aaf-ea74-6846-5e01-000000001800}\r\nProcessId: 1424\r\nImage: C:\\Program Files (x86)\\Microsoft\\EdgeUpdate\\MicrosoftEdgeUpdate.exe\r\nFileVersion: 1.3.147.37\r\nDescription: Microsoft Edge Update\r\nProduct: Microsoft Edge Update\r\nCompany: Microsoft Corporation\r\nOriginalFileName: msedgeupdate.dll\r\nCommandLine: \""C:\\Program Files (x86)\\Microsoft\\EdgeUpdate\\MicrosoftEdgeUpdate.exe\"" /c\r\nCurrentDirectory: C:\\Windows\\system32\\\r\nUser: NT AUTHORITY\\SYSTEM\r\nLogonGuid: {154c2aaf-e981-6846-e703-000000000000}\r\nLogonId: 0x3E7\r\nTerminalSessionId: 0\r\nIntegrityLevel: System\r\nHashes: MD5=C019E421D9F897108E51666CBAE2C8B0,SHA256=3096D8E82917A9B73F322F4B1743E52E9B0C8B3C5933A957E73E29D6973CDD5B,IMPHASH=E00D60405A249A05D3B09AA7FE924B17\r\nParentProcessGuid: {154c2aaf-e982-6846-1900-000000001800}\r\nParentProcessId: 1168\r\nParentImage: C:\\Windows\\System32\\svchost.exe\r\nParentCommandLine: C:\\Windows\\system32\\svchost.exe -k netsvcs -p -s Schedule\r\nParentUser: NT AUTHORITY\\SYSTEM\""""},""eventdata"":{""utcTime"":""2025-06-09 14:06:44.338"",""processGuid"":""{154c2aaf-ea74-6846-5e01-000000001800}"",""processId"":""1424"",""image"":""C:\\\\Program Files (x86)\\\\Microsoft\\\\EdgeUpdate\\\\MicrosoftEdgeUpdate.exe"",""fileVersion"":""1.3.147.37"",""description"":""Microsoft Edge Update"",""product"":""Microsoft Edge Update"",""company"":""Microsoft Corporation"",""originalFileName"":""msedgeupdate.dll"",""commandLine"":""\\\""C:\\\\Program Files (x86)\\\\Microsoft\\\\EdgeUpdate\\\\MicrosoftEdgeUpdate.exe\\\"" /c"",""currentDirectory"":""C:\\\\Windows\\\\system32\\\\"",""user"":""NT AUTHORITY\\\\SYSTEM"",""logonGuid"":""{154c2aaf-e981-6846-e703-000000000000}"",""logonId"":""0x3e7"",""terminalSessionId"":""0"",""integrityLevel"":""System"",""hashes"":""MD5=C019E421D9F897108E51666CBAE2C8B0,SHA256=3096D8E82917A9B73F322F4B1743E52E9B0C8B3C5933A957E73E29D6973CDD5B,IMPHASH=E00D60405A249A05D3B09AA7FE924B17"",""parentProcessGuid"":""{154c2aaf-e982-6846-1900-000000001800}"",""parentProcessId"":""1168"",""parentImage"":""C:\\\\Windows\\\\System32\\\\svchost.exe"",""parentCommandLine"":""C:\\\\Windows\\\\system32\\\\svchost.exe -k netsvcs -p -s Schedule"",""parentUser"":""NT AUTHORITY\\\\SYSTEM""}}}",log,"Jun 9, 2025 @ 19:36:46.210",EventChannel,1749478006.2270683,"Jun 9, 2025 @ 19:36:46.210", , , , , , , , , , , , , , , , , , , , , , , , , , , , , , , , , , , , , , , , , , , , , , , , , , , , , , , , , , , , , , , , , , , , , , , , , , , , , , , , , , , , , 
wazuh-alerts-4.x-2025.06.09,yOADVZcBD7y1GXNG44b8,1,1,192.168.254.162,DESKTOP-O7P9I53,001,hat-VMware-Virtual-Platform,updater.exe,C:\\Program Files (x86)\\Google\\GoogleUpdater\\138.0.7194.0\\updater.exe,Google Updater (x86),{154c2aaf-e982-6846-1900-000000001800},Google Updater (x86),{154c2aaf-e981-6846-e703-000000000000},C:\\Windows\\system32\\svchost.exe -k netsvcs -p -s Schedule,{154c2aaf-ea74-6846-6101-000000001800},0x3e7,1168,2496,C:\\Windows\\system32\\,2025-06-09 14:06:44.405,"MD5=A1044445F76098186DE3B146ABDA9876,SHA256=8CA4F944172F0904B4D70E40A5D61B54439109502E7E3E20D71F8A83BEAD9CE8,IMPHASH=9888642409BEC5969301F0CDEA998BD2",C:\\Windows\\System32\\svchost.exe,Google LLC,"\""C:\\Program Files (x86)\\Google\\GoogleUpdater\\138.0.7194.0\\updater.exe\"" --wake --system",System,138.0.7194.0,NT AUTHORITY\\SYSTEM,0,NT AUTHORITY\\SYSTEM,1,0x8000000000000000,{5770385f-c22a-43e0-bf4c-06f5698ffbd9},4,Microsoft-Windows-Sysmon/Operational,0,"""Process Create:
RuleName: -
UtcTime: 2025-06-09 14:06:44.405
ProcessGuid: {154c2aaf-ea74-6846-6101-000000001800}
ProcessId: 2496
Image: C:\Program Files (x86)\Google\GoogleUpdater\138.0.7194.0\updater.exe
FileVersion: 138.0.7194.0
Description: Google Updater (x86)
Product: Google Updater (x86)
Company: Google LLC
OriginalFileName: updater.exe
CommandLine: ""C:\Program Files (x86)\Google\GoogleUpdater\138.0.7194.0\updater.exe"" --wake --system
CurrentDirectory: C:\Windows\system32\
User: NT AUTHORITY\SYSTEM
LogonGuid: {154c2aaf-e981-6846-e703-000000000000}
LogonId: 0x3E7
TerminalSessionId: 0
IntegrityLevel: System
Hashes: MD5=A1044445F76098186DE3B146ABDA9876,SHA256=8CA4F944172F0904B4D70E40A5D61B54439109502E7E3E20D71F8A83BEAD9CE8,IMPHASH=9888642409BEC5969301F0CDEA998BD2
ParentProcessGuid: {154c2aaf-e982-6846-1900-000000001800}
ParentProcessId: 1168
ParentImage: C:\Windows\System32\svchost.exe
ParentCommandLine: C:\Windows\system32\svchost.exe -k netsvcs -p -s Schedule
ParentUser: NT AUTHORITY\SYSTEM""",5,2025-06-09T14:06:44.4084559Z,31113,5512,DESKTOP-O7P9I53,1,3292,INFORMATION,Microsoft-Windows-Sysmon,43,false,5,Sysmon - Event 1: Process creation Google Updater (x86),"[""windows"",""sysmon"",""sysmon_event1""]",61603,windows_eventchannel,"{""win"":{""system"":{""providerName"":""Microsoft-Windows-Sysmon"",""providerGuid"":""{5770385f-c22a-43e0-bf4c-06f5698ffbd9}"",""eventID"":""1"",""version"":""5"",""level"":""4"",""task"":""1"",""opcode"":""0"",""keywords"":""0x8000000000000000"",""systemTime"":""2025-06-09T14:06:44.4084559Z"",""eventRecordID"":""31113"",""processID"":""3292"",""threadID"":""5512"",""channel"":""Microsoft-Windows-Sysmon/Operational"",""computer"":""DESKTOP-O7P9I53"",""severityValue"":""INFORMATION"",""message"":""\""Process Create:\r\nRuleName: -\r\nUtcTime: 2025-06-09 14:06:44.405\r\nProcessGuid: {154c2aaf-ea74-6846-6101-000000001800}\r\nProcessId: 2496\r\nImage: C:\\Program Files (x86)\\Google\\GoogleUpdater\\138.0.7194.0\\updater.exe\r\nFileVersion: 138.0.7194.0\r\nDescription: Google Updater (x86)\r\nProduct: Google Updater (x86)\r\nCompany: Google LLC\r\nOriginalFileName: updater.exe\r\nCommandLine: \""C:\\Program Files (x86)\\Google\\GoogleUpdater\\138.0.7194.0\\updater.exe\"" --wake --system\r\nCurrentDirectory: C:\\Windows\\system32\\\r\nUser: NT AUTHORITY\\SYSTEM\r\nLogonGuid: {154c2aaf-e981-6846-e703-000000000000}\r\nLogonId: 0x3E7\r\nTerminalSessionId: 0\r\nIntegrityLevel: System\r\nHashes: MD5=A1044445F76098186DE3B146ABDA9876,SHA256=8CA4F944172F0904B4D70E40A5D61B54439109502E7E3E20D71F8A83BEAD9CE8,IMPHASH=9888642409BEC5969301F0CDEA998BD2\r\nParentProcessGuid: {154c2aaf-e982-6846-1900-000000001800}\r\nParentProcessId: 1168\r\nParentImage: C:\\Windows\\System32\\svchost.exe\r\nParentCommandLine: C:\\Windows\\system32\\svchost.exe -k netsvcs -p -s Schedule\r\nParentUser: NT AUTHORITY\\SYSTEM\""""},""eventdata"":{""utcTime"":""2025-06-09 14:06:44.405"",""processGuid"":""{154c2aaf-ea74-6846-6101-000000001800}"",""processId"":""2496"",""image"":""C:\\\\Program Files (x86)\\\\Google\\\\GoogleUpdater\\\\138.0.7194.0\\\\updater.exe"",""fileVersion"":""138.0.7194.0"",""description"":""Google Updater (x86)"",""product"":""Google Updater (x86)"",""company"":""Google LLC"",""originalFileName"":""updater.exe"",""commandLine"":""\\\""C:\\\\Program Files (x86)\\\\Google\\\\GoogleUpdater\\\\138.0.7194.0\\\\updater.exe\\\"" --wake --system"",""currentDirectory"":""C:\\\\Windows\\\\system32\\\\"",""user"":""NT AUTHORITY\\\\SYSTEM"",""logonGuid"":""{154c2aaf-e981-6846-e703-000000000000}"",""logonId"":""0x3e7"",""terminalSessionId"":""0"",""integrityLevel"":""System"",""hashes"":""MD5=A1044445F76098186DE3B146ABDA9876,SHA256=8CA4F944172F0904B4D70E40A5D61B54439109502E7E3E20D71F8A83BEAD9CE8,IMPHASH=9888642409BEC5969301F0CDEA998BD2"",""parentProcessGuid"":""{154c2aaf-e982-6846-1900-000000001800}"",""parentProcessId"":""1168"",""parentImage"":""C:\\\\Windows\\\\System32\\\\svchost.exe"",""parentCommandLine"":""C:\\\\Windows\\\\system32\\\\svchost.exe -k netsvcs -p -s Schedule"",""parentUser"":""NT AUTHORITY\\\\SYSTEM""}}}",log,"Jun 9, 2025 @ 19:36:46.329",EventChannel,1749478006.2287802,"Jun 9, 2025 @ 19:36:46.329", , , , , , , , , , , , , , , , , , , , , , , , , , , , , , , , , , , , , , , , , , , , , , , , , , , , , , , , , , , , , , , , , , , , , , , , , , , , , , , , , , , , , 
wazuh-alerts-4.x-2025.06.09,yeADVZcBD7y1GXNG44b8,1,1,192.168.254.162,DESKTOP-O7P9I53,001,hat-VMware-Virtual-Platform, , , , , ,{00000000-0000-0000-0000-000000000000}, , , , ,0x288, , , , , , , , , , , ,4624,0x8020000000000000,{54849625-5478-4994-a5ba-3e3b0328c30d},0,Security,0,"""An account was successfully logged on.

Subject:
	Security ID:		S-1-5-18
	Account Name:		DESKTOP-O7P9I53$
	Account Domain:		WORKGROUP
	Logon ID:		0x3E7

Logon Information:
	Logon Type:		5
	Restricted Admin Mode:	-
	Virtual Account:		No
	Elevated Token:		Yes

Impersonation Level:		Impersonation

New Logon:
	Security ID:		S-1-5-18
	Account Name:		SYSTEM
	Account Domain:		NT AUTHORITY
	Logon ID:		0x3E7
	Linked Logon ID:		0x0
	Network Account Name:	-
	Network Account Domain:	-
	Logon GUID:		{00000000-0000-0000-0000-000000000000}

Process Information:
	Process ID:		0x288
	Process Name:		C:\Windows\System32\services.exe

Network Information:
	Workstation Name:	-
	Source Network Address:	-
	Source Port:		-

Detailed Authentication Information:
	Logon Process:		Advapi  
	Authentication Package:	Negotiate
	Transited Services:	-
	Package Name (NTLM only):	-
	Key Length:		0

This event is generated when a logon session is created. It is generated on the computer that was accessed.

The subject fields indicate the account on the local system which requested the logon. This is most commonly a service such as the Server service, or a local process such as Winlogon.exe or Services.exe.

The logon type field indicates the kind of logon that occurred. The most common types are 2 (interactive) and 3 (network).

The New Logon fields indicate the account for whom the new logon was created, i.e. the account that was logged on.

The network fields indicate where a remote logon request originated. Workstation name is not always available and may be left blank in some cases.

The impersonation level field indicates the extent to which a process in the logon session can impersonate.

The authentication information fields provide detailed information about this specific logon request.
	- Logon GUID is a unique identifier that can be used to correlate this event with a KDC event.
	- Transited services indicate which intermediate services have participated in this logon request.
	- Package name indicates which sub-protocol was used among the NTLM protocols.
	- Key length indicates the length of the generated session key. This will be 0 if no session key was requested.""",2,2025-06-09T14:06:44.5478930Z,968951,716,DESKTOP-O7P9I53,12544,672,AUDIT_SUCCESS,Microsoft-Windows-Security-Auditing,9,false,3,Windows Logon Success,"[""windows"",""windows_security"",""authentication_success""]",60106,windows_eventchannel, ,log,"Jun 9, 2025 @ 19:36:46.601",EventChannel,1749478006.2293580,"Jun 9, 2025 @ 19:36:46.601", , ,"[""Valid Accounts""]","[""T1078""]","[""Defense Evasion"",""Persistence"",""Privilege Escalation"",""Initial Access""]",0x3e7,WORKGROUP,0x0,%%1833,Negotiate,0x3e7,Advapi,SYSTEM,0,%%1842,S-1-5-18,C:\\Windows\\System32\\services.exe,NT AUTHORITY,S-1-5-18,%%1843,5,DESKTOP-O7P9I53$,"[""10.2.5""]","[""164.312.b""]","[""CC6.8"",""CC7.2"",""CC7.3""]","[""AU.14"",""AC.9""]","[""IV_32.2""]","[""7.1"",""7.2""]", , , , , , , , , , , , , , , , , , , , , , , , , , , , , , , , , , , , , , , , , , , , , , , , , , , , , , , , , 
wazuh-alerts-4.x-2025.06.09,yuADVZcBD7y1GXNG44b8,1,1,192.168.254.162,DESKTOP-O7P9I53,001,hat-VMware-Virtual-Platform,CTFMON.EXE,C:\\Windows\\System32\\ctfmon.exe,Microsoft® Windows® Operating System,{154c2aaf-ea74-6846-6201-000000001800},CTF Loader,{154c2aaf-ea73-6846-23bd-220000000000},C:\\Windows\\System32\\svchost.exe -k LocalSystemNetworkRestricted -p -s TabletInputService,{154c2aaf-ea74-6846-6301-000000001800},0x22bd23,6892,5720,C:\\Windows\\system32\\,2025-06-09 14:06:44.686,"MD5=B625C18E177D5BEB5A6F6432CCF46FB3,SHA256=484FED5F039F429ED933931BA607B7EFDA7D1A343D79CFAB60910E1843147012,IMPHASH=6FD43544FB51C12382CAD7C88F550240",C:\\Windows\\System32\\svchost.exe,Microsoft Corporation,"\""ctfmon.exe\""",High,10.0.19041.1 (WinBuild.160101.0800),DESKTOP-O7P9I53\\admin,1,NT AUTHORITY\\SYSTEM,1,0x8000000000000000,{5770385f-c22a-43e0-bf4c-06f5698ffbd9},4,Microsoft-Windows-Sysmon/Operational,0,"""Process Create:
RuleName: -
UtcTime: 2025-06-09 14:06:44.686
ProcessGuid: {154c2aaf-ea74-6846-6301-000000001800}
ProcessId: 5720
Image: C:\Windows\System32\ctfmon.exe
FileVersion: 10.0.19041.1 (WinBuild.160101.0800)
Description: CTF Loader
Product: Microsoft® Windows® Operating System
Company: Microsoft Corporation
OriginalFileName: CTFMON.EXE
CommandLine: ""ctfmon.exe""
CurrentDirectory: C:\Windows\system32\
User: DESKTOP-O7P9I53\admin
LogonGuid: {154c2aaf-ea73-6846-23bd-220000000000}
LogonId: 0x22BD23
TerminalSessionId: 1
IntegrityLevel: High
Hashes: MD5=B625C18E177D5BEB5A6F6432CCF46FB3,SHA256=484FED5F039F429ED933931BA607B7EFDA7D1A343D79CFAB60910E1843147012,IMPHASH=6FD43544FB51C12382CAD7C88F550240
ParentProcessGuid: {154c2aaf-ea74-6846-6201-000000001800}
ParentProcessId: 6892
ParentImage: C:\Windows\System32\svchost.exe
ParentCommandLine: C:\Windows\System32\svchost.exe -k LocalSystemNetworkRestricted -p -s TabletInputService
ParentUser: NT AUTHORITY\SYSTEM""",5,2025-06-09T14:06:44.7129247Z,31115,5512,DESKTOP-O7P9I53,1,3292,INFORMATION,Microsoft-Windows-Sysmon,44,false,5,Sysmon - Event 1: Process creation CTF Loader,"[""windows"",""sysmon"",""sysmon_event1""]",61603,windows_eventchannel,"{""win"":{""system"":{""providerName"":""Microsoft-Windows-Sysmon"",""providerGuid"":""{5770385f-c22a-43e0-bf4c-06f5698ffbd9}"",""eventID"":""1"",""version"":""5"",""level"":""4"",""task"":""1"",""opcode"":""0"",""keywords"":""0x8000000000000000"",""systemTime"":""2025-06-09T14:06:44.7129247Z"",""eventRecordID"":""31115"",""processID"":""3292"",""threadID"":""5512"",""channel"":""Microsoft-Windows-Sysmon/Operational"",""computer"":""DESKTOP-O7P9I53"",""severityValue"":""INFORMATION"",""message"":""\""Process Create:\r\nRuleName: -\r\nUtcTime: 2025-06-09 14:06:44.686\r\nProcessGuid: {154c2aaf-ea74-6846-6301-000000001800}\r\nProcessId: 5720\r\nImage: C:\\Windows\\System32\\ctfmon.exe\r\nFileVersion: 10.0.19041.1 (WinBuild.160101.0800)\r\nDescription: CTF Loader\r\nProduct: Microsoft® Windows® Operating System\r\nCompany: Microsoft Corporation\r\nOriginalFileName: CTFMON.EXE\r\nCommandLine: \""ctfmon.exe\""\r\nCurrentDirectory: C:\\Windows\\system32\\\r\nUser: DESKTOP-O7P9I53\\admin\r\nLogonGuid: {154c2aaf-ea73-6846-23bd-220000000000}\r\nLogonId: 0x22BD23\r\nTerminalSessionId: 1\r\nIntegrityLevel: High\r\nHashes: MD5=B625C18E177D5BEB5A6F6432CCF46FB3,SHA256=484FED5F039F429ED933931BA607B7EFDA7D1A343D79CFAB60910E1843147012,IMPHASH=6FD43544FB51C12382CAD7C88F550240\r\nParentProcessGuid: {154c2aaf-ea74-6846-6201-000000001800}\r\nParentProcessId: 6892\r\nParentImage: C:\\Windows\\System32\\svchost.exe\r\nParentCommandLine: C:\\Windows\\System32\\svchost.exe -k LocalSystemNetworkRestricted -p -s TabletInputService\r\nParentUser: NT AUTHORITY\\SYSTEM\""""},""eventdata"":{""utcTime"":""2025-06-09 14:06:44.686"",""processGuid"":""{154c2aaf-ea74-6846-6301-000000001800}"",""processId"":""5720"",""image"":""C:\\\\Windows\\\\System32\\\\ctfmon.exe"",""fileVersion"":""10.0.19041.1 (WinBuild.160101.0800)"",""description"":""CTF Loader"",""product"":""Microsoft® Windows® Operating System"",""company"":""Microsoft Corporation"",""originalFileName"":""CTFMON.EXE"",""commandLine"":""\\\""ctfmon.exe\\\"""",""currentDirectory"":""C:\\\\Windows\\\\system32\\\\"",""user"":""DESKTOP-O7P9I53\\\\admin"",""logonGuid"":""{154c2aaf-ea73-6846-23bd-220000000000}"",""logonId"":""0x22bd23"",""terminalSessionId"":""1"",""integrityLevel"":""High"",""hashes"":""MD5=B625C18E177D5BEB5A6F6432CCF46FB3,SHA256=484FED5F039F429ED933931BA607B7EFDA7D1A343D79CFAB60910E1843147012,IMPHASH=6FD43544FB51C12382CAD7C88F550240"",""parentProcessGuid"":""{154c2aaf-ea74-6846-6201-000000001800}"",""parentProcessId"":""6892"",""parentImage"":""C:\\\\Windows\\\\System32\\\\svchost.exe"",""parentCommandLine"":""C:\\\\Windows\\\\System32\\\\svchost.exe -k LocalSystemNetworkRestricted -p -s TabletInputService"",""parentUser"":""NT AUTHORITY\\\\SYSTEM""}}}",log,"Jun 9, 2025 @ 19:36:46.654",EventChannel,1749478006.2300903,"Jun 9, 2025 @ 19:36:46.654", , , , , , , , , , , , , , , , , , , , , , , , , , , , , , , , , , , , , , , , , , , , , , , , , , , , , , , , , , , , , , , , , , , , , , , , , , , , , , , , , , , , , 
wazuh-alerts-4.x-2025.06.09,y-ADVZcBD7y1GXNG5YZO,1,1,192.168.254.162,DESKTOP-O7P9I53,001,hat-VMware-Virtual-Platform, ,C:\\Windows\\system32\\services.exe, , , , , ,{154c2aaf-e981-6846-0b00-000000001800}, , ,648, ,2025-06-09 14:06:44.716, , , , , , ,NT AUTHORITY\\SYSTEM, , ,13,0x8000000000000000,{5770385f-c22a-43e0-bf4c-06f5698ffbd9},4,Microsoft-Windows-Sysmon/Operational,0,"""Registry value set:
RuleName: T1031,T1050
EventType: SetValue
UtcTime: 2025-06-09 14:06:44.716
ProcessGuid: {154c2aaf-e981-6846-0b00-000000001800}
ProcessId: 648
Image: C:\Windows\system32\services.exe
TargetObject: HKLM\System\CurrentControlSet\Services\TabletInputService\Start
Details: DWORD (0x00000003)
User: NT AUTHORITY\SYSTEM""",2,2025-06-09T14:06:44.7198813Z,31116,5512,DESKTOP-O7P9I53,13,3292,INFORMATION,Microsoft-Windows-Sysmon,264,false,5,Sysmon - Event 13: RegistryEvent SetValue on HKLM\\System\\CurrentControlSet\\Services\\TabletInputService\\Start by C:\\Windows\\system32\\services.exe,"[""windows"",""sysmon"",""sysmon_event_13""]",61615,windows_eventchannel,"{""win"":{""system"":{""providerName"":""Microsoft-Windows-Sysmon"",""providerGuid"":""{5770385f-c22a-43e0-bf4c-06f5698ffbd9}"",""eventID"":""13"",""version"":""2"",""level"":""4"",""task"":""13"",""opcode"":""0"",""keywords"":""0x8000000000000000"",""systemTime"":""2025-06-09T14:06:44.7198813Z"",""eventRecordID"":""31116"",""processID"":""3292"",""threadID"":""5512"",""channel"":""Microsoft-Windows-Sysmon/Operational"",""computer"":""DESKTOP-O7P9I53"",""severityValue"":""INFORMATION"",""message"":""\""Registry value set:\r\nRuleName: T1031,T1050\r\nEventType: SetValue\r\nUtcTime: 2025-06-09 14:06:44.716\r\nProcessGuid: {154c2aaf-e981-6846-0b00-000000001800}\r\nProcessId: 648\r\nImage: C:\\Windows\\system32\\services.exe\r\nTargetObject: HKLM\\System\\CurrentControlSet\\Services\\TabletInputService\\Start\r\nDetails: DWORD (0x00000003)\r\nUser: NT AUTHORITY\\SYSTEM\""""},""eventdata"":{""ruleName"":""T1031,T1050"",""eventType"":""SetValue"",""utcTime"":""2025-06-09 14:06:44.716"",""processGuid"":""{154c2aaf-e981-6846-0b00-000000001800}"",""processId"":""648"",""image"":""C:\\\\Windows\\\\system32\\\\services.exe"",""targetObject"":""HKLM\\\\System\\\\CurrentControlSet\\\\Services\\\\TabletInputService\\\\Start"",""details"":""DWORD (0x00000003)"",""user"":""NT AUTHORITY\\\\SYSTEM""}}}",log,"Jun 9, 2025 @ 19:36:46.654",EventChannel,1749478006.2306488,"Jun 9, 2025 @ 19:36:46.654", , , , , , , , , , , , , , , , , , , , , , , , , , , , , , , , , , , , , , , , , , , , , , , , , , , ,HKLM\\System\\CurrentControlSet\\Services\\TabletInputService\\Start,"T1031,T1050",DWORD (0x00000003),SetValue, , , , , , , , , , , , , , , , , , , , , , , , , , , , , , 
wazuh-alerts-4.x-2025.06.09,7eAIVZcBD7y1GXNGg4ep,1,1,192.168.254.162,DESKTOP-O7P9I53,001,hat-VMware-Virtual-Platform, , , , , ,{00000000-0000-0000-0000-000000000000}, , , , ,0x288, , , , , , , , , , , ,4624,0x8020000000000000,{54849625-5478-4994-a5ba-3e3b0328c30d},0,Security,0,"""An account was successfully logged on.

Subject:
	Security ID:		S-1-5-18
	Account Name:		DESKTOP-O7P9I53$
	Account Domain:		WORKGROUP
	Logon ID:		0x3E7

Logon Information:
	Logon Type:		5
	Restricted Admin Mode:	-
	Virtual Account:		No
	Elevated Token:		Yes

Impersonation Level:		Impersonation

New Logon:
	Security ID:		S-1-5-18
	Account Name:		SYSTEM
	Account Domain:		NT AUTHORITY
	Logon ID:		0x3E7
	Linked Logon ID:		0x0
	Network Account Name:	-
	Network Account Domain:	-
	Logon GUID:		{00000000-0000-0000-0000-000000000000}

Process Information:
	Process ID:		0x288
	Process Name:		C:\Windows\System32\services.exe

Network Information:
	Workstation Name:	-
	Source Network Address:	-
	Source Port:		-

Detailed Authentication Information:
	Logon Process:		Advapi  
	Authentication Package:	Negotiate
	Transited Services:	-
	Package Name (NTLM only):	-
	Key Length:		0

This event is generated when a logon session is created. It is generated on the computer that was accessed.

The subject fields indicate the account on the local system which requested the logon. This is most commonly a service such as the Server service, or a local process such as Winlogon.exe or Services.exe.

The logon type field indicates the kind of logon that occurred. The most common types are 2 (interactive) and 3 (network).

The New Logon fields indicate the account for whom the new logon was created, i.e. the account that was logged on.

The network fields indicate where a remote logon request originated. Workstation name is not always available and may be left blank in some cases.

The impersonation level field indicates the extent to which a process in the logon session can impersonate.

The authentication information fields provide detailed information about this specific logon request.
	- Logon GUID is a unique identifier that can be used to correlate this event with a KDC event.
	- Transited services indicate which intermediate services have participated in this logon request.
	- Package name indicates which sub-protocol was used among the NTLM protocols.
	- Key length indicates the length of the generated session key. This will be 0 if no session key was requested.""",2,2025-06-09T14:11:44.9044836Z,970420,4536,DESKTOP-O7P9I53,12544,672,AUDIT_SUCCESS,Microsoft-Windows-Security-Auditing,15,false,3,Windows Logon Success,"[""windows"",""windows_security"",""authentication_success""]",60106,windows_eventchannel, ,log,"Jun 9, 2025 @ 19:41:45.394",EventChannel,1749478305.3528310,"Jun 9, 2025 @ 19:41:45.394", , ,"[""Valid Accounts""]","[""T1078""]","[""Defense Evasion"",""Persistence"",""Privilege Escalation"",""Initial Access""]",0x3e7,WORKGROUP,0x0,%%1833,Negotiate,0x3e7,Advapi,SYSTEM,0,%%1842,S-1-5-18,C:\\Windows\\System32\\services.exe,NT AUTHORITY,S-1-5-18,%%1843,5,DESKTOP-O7P9I53$,"[""10.2.5""]","[""164.312.b""]","[""CC6.8"",""CC7.2"",""CC7.3""]","[""AU.14"",""AC.9""]","[""IV_32.2""]","[""7.1"",""7.2""]", , , , , , , , , , , , , , , , , , , , , , , , , , , , , , , , , , , , , , , , , , , , , , , , , , , , , , , , , 
wazuh-alerts-4.x-2025.06.09,7uAIVZcBD7y1GXNGg4ep,1,1,192.168.254.162,DESKTOP-O7P9I53,001,hat-VMware-Virtual-Platform,sc.exe,C:\\Windows\\System32\\sc.exe,Microsoft® Windows® Operating System,{154c2aaf-e982-6846-1900-000000001800},Service Control Manager Configuration Tool,{154c2aaf-e981-6846-e703-000000000000},C:\\Windows\\system32\\svchost.exe -k netsvcs -p -s Schedule,{154c2aaf-eba0-6846-de01-000000001800},0x3e7,1168,4860,C:\\Windows\\system32\\,2025-06-09 14:11:44.832,"MD5=3FB5CF71F7E7EB49790CB0E663434D80,SHA256=41F067C3A11B02FE39947F9EBA68AE5C7CB5BD1872A6009A4CD1506554A9ABA9,IMPHASH=803254E010814E69947095A2725B2AFD",C:\\Windows\\System32\\svchost.exe,Microsoft Corporation,"\""C:\\Windows\\system32\\sc.exe\"" start pushtoinstall login",System,10.0.19041.1 (WinBuild.160101.0800),NT AUTHORITY\\SYSTEM,0,NT AUTHORITY\\SYSTEM,1,0x8000000000000000,{5770385f-c22a-43e0-bf4c-06f5698ffbd9},4,Microsoft-Windows-Sysmon/Operational,0,"""Process Create:
RuleName: -
UtcTime: 2025-06-09 14:11:44.832
ProcessGuid: {154c2aaf-eba0-6846-de01-000000001800}
ProcessId: 4860
Image: C:\Windows\System32\sc.exe
FileVersion: 10.0.19041.1 (WinBuild.160101.0800)
Description: Service Control Manager Configuration Tool
Product: Microsoft® Windows® Operating System
Company: Microsoft Corporation
OriginalFileName: sc.exe
CommandLine: ""C:\Windows\system32\sc.exe"" start pushtoinstall login
CurrentDirectory: C:\Windows\system32\
User: NT AUTHORITY\SYSTEM
LogonGuid: {154c2aaf-e981-6846-e703-000000000000}
LogonId: 0x3E7
TerminalSessionId: 0
IntegrityLevel: System
Hashes: MD5=3FB5CF71F7E7EB49790CB0E663434D80,SHA256=41F067C3A11B02FE39947F9EBA68AE5C7CB5BD1872A6009A4CD1506554A9ABA9,IMPHASH=803254E010814E69947095A2725B2AFD
ParentProcessGuid: {154c2aaf-e982-6846-1900-000000001800}
ParentProcessId: 1168
ParentImage: C:\Windows\System32\svchost.exe
ParentCommandLine: C:\Windows\system32\svchost.exe -k netsvcs -p -s Schedule
ParentUser: NT AUTHORITY\SYSTEM""",5,2025-06-09T14:11:44.8361149Z,31613,5512,DESKTOP-O7P9I53,1,3292,INFORMATION,Microsoft-Windows-Sysmon,106,false,5,Sysmon - Event 1: Process creation Service Control Manager Configuration Tool,"[""windows"",""sysmon"",""sysmon_event1""]",61603,windows_eventchannel,"{""win"":{""system"":{""providerName"":""Microsoft-Windows-Sysmon"",""providerGuid"":""{5770385f-c22a-43e0-bf4c-06f5698ffbd9}"",""eventID"":""1"",""version"":""5"",""level"":""4"",""task"":""1"",""opcode"":""0"",""keywords"":""0x8000000000000000"",""systemTime"":""2025-06-09T14:11:44.8361149Z"",""eventRecordID"":""31613"",""processID"":""3292"",""threadID"":""5512"",""channel"":""Microsoft-Windows-Sysmon/Operational"",""computer"":""DESKTOP-O7P9I53"",""severityValue"":""INFORMATION"",""message"":""\""Process Create:\r\nRuleName: -\r\nUtcTime: 2025-06-09 14:11:44.832\r\nProcessGuid: {154c2aaf-eba0-6846-de01-000000001800}\r\nProcessId: 4860\r\nImage: C:\\Windows\\System32\\sc.exe\r\nFileVersion: 10.0.19041.1 (WinBuild.160101.0800)\r\nDescription: Service Control Manager Configuration Tool\r\nProduct: Microsoft® Windows® Operating System\r\nCompany: Microsoft Corporation\r\nOriginalFileName: sc.exe\r\nCommandLine: \""C:\\Windows\\system32\\sc.exe\"" start pushtoinstall login\r\nCurrentDirectory: C:\\Windows\\system32\\\r\nUser: NT AUTHORITY\\SYSTEM\r\nLogonGuid: {154c2aaf-e981-6846-e703-000000000000}\r\nLogonId: 0x3E7\r\nTerminalSessionId: 0\r\nIntegrityLevel: System\r\nHashes: MD5=3FB5CF71F7E7EB49790CB0E663434D80,SHA256=41F067C3A11B02FE39947F9EBA68AE5C7CB5BD1872A6009A4CD1506554A9ABA9,IMPHASH=803254E010814E69947095A2725B2AFD\r\nParentProcessGuid: {154c2aaf-e982-6846-1900-000000001800}\r\nParentProcessId: 1168\r\nParentImage: C:\\Windows\\System32\\svchost.exe\r\nParentCommandLine: C:\\Windows\\system32\\svchost.exe -k netsvcs -p -s Schedule\r\nParentUser: NT AUTHORITY\\SYSTEM\""""},""eventdata"":{""utcTime"":""2025-06-09 14:11:44.832"",""processGuid"":""{154c2aaf-eba0-6846-de01-000000001800}"",""processId"":""4860"",""image"":""C:\\\\Windows\\\\System32\\\\sc.exe"",""fileVersion"":""10.0.19041.1 (WinBuild.160101.0800)"",""description"":""Service Control Manager Configuration Tool"",""product"":""Microsoft® Windows® Operating System"",""company"":""Microsoft Corporation"",""originalFileName"":""sc.exe"",""commandLine"":""\\\""C:\\\\Windows\\\\system32\\\\sc.exe\\\"" start pushtoinstall login"",""currentDirectory"":""C:\\\\Windows\\\\system32\\\\"",""user"":""NT AUTHORITY\\\\SYSTEM"",""logonGuid"":""{154c2aaf-e981-6846-e703-000000000000}"",""logonId"":""0x3e7"",""terminalSessionId"":""0"",""integrityLevel"":""System"",""hashes"":""MD5=3FB5CF71F7E7EB49790CB0E663434D80,SHA256=41F067C3A11B02FE39947F9EBA68AE5C7CB5BD1872A6009A4CD1506554A9ABA9,IMPHASH=803254E010814E69947095A2725B2AFD"",""parentProcessGuid"":""{154c2aaf-e982-6846-1900-000000001800}"",""parentProcessId"":""1168"",""parentImage"":""C:\\\\Windows\\\\System32\\\\svchost.exe"",""parentCommandLine"":""C:\\\\Windows\\\\system32\\\\svchost.exe -k netsvcs -p -s Schedule"",""parentUser"":""NT AUTHORITY\\\\SYSTEM""}}}",log,"Jun 9, 2025 @ 19:41:46.142",EventChannel,1749478306.3535635,"Jun 9, 2025 @ 19:41:46.142", , , , , , , , , , , , , , , , , , , , , , , , , , , , , , , , , , , , , , , , , , , , , , , , , , , , , , , , , , , , , , , , , , , , , , , , , , , , , , , , , , , , , 
