wazuh-alerts-4.x-2025.06.09,v6MBVZcB7NFPR1gL6DHf,1,1,192.168.254.162,DESKTOP-O7P9I53,001,hat-VMware-Virtual-Platform,wevtutil.exe,C:\\Windows\\System32\\wevtutil.exe,Microsoft® Windows® Operating System,{154c2aaf-e984-6846-5800-000000001800},Eventing Command Line Utility,{154c2aaf-e981-6846-e703-000000000000},"\""C:\\ProgramData\\Microsoft\\Windows Defender\\Platform\\4.18.25040.2-0\\MsMpEng.exe\""",{154c2aaf-e987-6846-7400-000000001800},0x3e7,3528,5248,C:\\Windows\\system32\\,2025-06-09 14:02:47.529,"MD5=D4C99E01B0061D2EEA2A3EB422CDBCB8,SHA256=0B732D9AD576D1400DB44EDF3E750849AC481E9BBAA628A3914E5EEF9B7181B0,IMPHASH=1864B7EA6A87A2BBB43783BD42E11204",C:\\ProgramData\\Microsoft\\Windows Defender\\Platform\\4.18.25040.2-0\\MsMpEng.exe,Microsoft Corporation,"C:\\Windows\\system32\\wevtutil.exe install-manifest \""C:\\ProgramData\\Microsoft\\Windows Defender\\Platform\\4.18.25040.2-0\\Microsoft-Antimalware-AMFilter.man\"" \""/resourceFilePath:C:\\ProgramData\\Microsoft\\Windows Defender\\Platform\\4.18.25040.2-0\\Drivers\\WdFilter.sys\"" \""/messageFilePath:C:\\ProgramData\\Microsoft\\Windows Defender\\Platform\\4.18.25040.2-0\\Drivers\\WdFilter.sys\"" \""/parameterFilePath:C:\\ProgramData\\Microsoft\\Windows Defender\\Platform\\4.18.25040.2-0\\Drivers\\WdFilter.sys\""",System,10.0.19041.5794 (WinBuild.160101.0800),NT AUTHORITY\\SYSTEM,0,NT AUTHORITY\\SYSTEM,1,0x8000000000000000,{5770385f-c22a-43e0-bf4c-06f5698ffbd9},4,Microsoft-Windows-Sysmon/Operational,0,"""Process Create:
RuleName: -
UtcTime: 2025-06-09 14:02:47.529
ProcessGuid: {154c2aaf-e987-6846-7400-000000001800}
ProcessId: 5248
Image: C:\Windows\System32\wevtutil.exe
FileVersion: 10.0.19041.5794 (WinBuild.160101.0800)
Description: Eventing Command Line Utility
Product: Microsoft® Windows® Operating System
Company: Microsoft Corporation
OriginalFileName: wevtutil.exe
CommandLine: C:\Windows\system32\wevtutil.exe install-manifest ""C:\ProgramData\Microsoft\Windows Defender\Platform\4.18.25040.2-0\Microsoft-Antimalware-AMFilter.man"" ""/resourceFilePath:C:\ProgramData\Microsoft\Windows Defender\Platform\4.18.25040.2-0\Drivers\WdFilter.sys"" ""/messageFilePath:C:\ProgramData\Microsoft\Windows Defender\Platform\4.18.25040.2-0\Drivers\WdFilter.sys"" ""/parameterFilePath:C:\ProgramData\Microsoft\Windows Defender\Platform\4.18.25040.2-0\Drivers\WdFilter.sys""
CurrentDirectory: C:\Windows\system32\
User: NT AUTHORITY\SYSTEM
LogonGuid: {154c2aaf-e981-6846-e703-000000000000}
LogonId: 0x3E7
TerminalSessionId: 0
IntegrityLevel: System
Hashes: MD5=D4C99E01B0061D2EEA2A3EB422CDBCB8,SHA256=0B732D9AD576D1400DB44EDF3E750849AC481E9BBAA628A3914E5EEF9B7181B0,IMPHASH=1864B7EA6A87A2BBB43783BD42E11204
ParentProcessGuid: {154c2aaf-e984-6846-5800-000000001800}
ParentProcessId: 3528
ParentImage: C:\ProgramData\Microsoft\Windows Defender\Platform\4.18.25040.2-0\MsMpEng.exe
ParentCommandLine: ""C:\ProgramData\Microsoft\Windows Defender\Platform\4.18.25040.2-0\MsMpEng.exe""
ParentUser: NT AUTHORITY\SYSTEM""",5,2025-06-09T14:02:48.8793918Z,30579,5512,DESKTOP-O7P9I53,1,3292,INFORMATION,Microsoft-Windows-Sysmon,32,false,5,Sysmon - Event 1: Process creation Eventing Command Line Utility,"[""windows"",""sysmon"",""sysmon_event1""]",61603,windows_eventchannel,"{""win"":{""system"":{""providerName"":""Microsoft-Windows-Sysmon"",""providerGuid"":""{5770385f-c22a-43e0-bf4c-06f5698ffbd9}"",""eventID"":""1"",""version"":""5"",""level"":""4"",""task"":""1"",""opcode"":""0"",""keywords"":""0x8000000000000000"",""systemTime"":""2025-06-09T14:02:48.8793918Z"",""eventRecordID"":""30579"",""processID"":""3292"",""threadID"":""5512"",""channel"":""Microsoft-Windows-Sysmon/Operational"",""computer"":""DESKTOP-O7P9I53"",""severityValue"":""INFORMATION"",""message"":""\""Process Create:\r\nRuleName: -\r\nUtcTime: 2025-06-09 14:02:47.529\r\nProcessGuid: {154c2aaf-e987-6846-7400-000000001800}\r\nProcessId: 5248\r\nImage: C:\\Windows\\System32\\wevtutil.exe\r\nFileVersion: 10.0.19041.5794 (WinBuild.160101.0800)\r\nDescription: Eventing Command Line Utility\r\nProduct: Microsoft® Windows® Operating System\r\nCompany: Microsoft Corporation\r\nOriginalFileName: wevtutil.exe\r\nCommandLine: C:\\Windows\\system32\\wevtutil.exe install-manifest \""C:\\ProgramData\\Microsoft\\Windows Defender\\Platform\\4.18.25040.2-0\\Microsoft-Antimalware-AMFilter.man\"" \""/resourceFilePath:C:\\ProgramData\\Microsoft\\Windows Defender\\Platform\\4.18.25040.2-0\\Drivers\\WdFilter.sys\"" \""/messageFilePath:C:\\ProgramData\\Microsoft\\Windows Defender\\Platform\\4.18.25040.2-0\\Drivers\\WdFilter.sys\"" \""/parameterFilePath:C:\\ProgramData\\Microsoft\\Windows Defender\\Platform\\4.18.25040.2-0\\Drivers\\WdFilter.sys\""\r\nCurrentDirectory: C:\\Windows\\system32\\\r\nUser: NT AUTHORITY\\SYSTEM\r\nLogonGuid: {154c2aaf-e981-6846-e703-000000000000}\r\nLogonId: 0x3E7\r\nTerminalSessionId: 0\r\nIntegrityLevel: System\r\nHashes: MD5=D4C99E01B0061D2EEA2A3EB422CDBCB8,SHA256=0B732D9AD576D1400DB44EDF3E750849AC481E9BBAA628A3914E5EEF9B7181B0,IMPHASH=1864B7EA6A87A2BBB43783BD42E11204\r\nParentProcessGuid: {154c2aaf-e984-6846-5800-000000001800}\r\nParentProcessId: 3528\r\nParentImage: C:\\ProgramData\\Microsoft\\Windows Defender\\Platform\\4.18.25040.2-0\\MsMpEng.exe\r\nParentCommandLine: \""C:\\ProgramData\\Microsoft\\Windows Defender\\Platform\\4.18.25040.2-0\\MsMpEng.exe\""\r\nParentUser: NT AUTHORITY\\SYSTEM\""""},""eventdata"":{""utcTime"":""2025-06-09 14:02:47.529"",""processGuid"":""{154c2aaf-e987-6846-7400-000000001800}"",""processId"":""5248"",""image"":""C:\\\\Windows\\\\System32\\\\wevtutil.exe"",""fileVersion"":""10.0.19041.5794 (WinBuild.160101.0800)"",""description"":""Eventing Command Line Utility"",""product"":""Microsoft® Windows® Operating System"",""company"":""Microsoft Corporation"",""originalFileName"":""wevtutil.exe"",""commandLine"":""C:\\\\Windows\\\\system32\\\\wevtutil.exe install-manifest \\\""C:\\\\ProgramData\\\\Microsoft\\\\Windows Defender\\\\Platform\\\\4.18.25040.2-0\\\\Microsoft-Antimalware-AMFilter.man\\\"" \\\""/resourceFilePath:C:\\\\ProgramData\\\\Microsoft\\\\Windows Defender\\\\Platform\\\\4.18.25040.2-0\\\\Drivers\\\\WdFilter.sys\\\"" \\\""/messageFilePath:C:\\\\ProgramData\\\\Microsoft\\\\Windows Defender\\\\Platform\\\\4.18.25040.2-0\\\\Drivers\\\\WdFilter.sys\\\"" \\\""/parameterFilePath:C:\\\\ProgramData\\\\Microsoft\\\\Windows Defender\\\\Platform\\\\4.18.25040.2-0\\\\Drivers\\\\WdFilter.sys\\\"""",""currentDirectory"":""C:\\\\Windows\\\\system32\\\\"",""user"":""NT AUTHORITY\\\\SYSTEM"",""logonGuid"":""{154c2aaf-e981-6846-e703-000000000000}"",""logonId"":""0x3e7"",""terminalSessionId"":""0"",""integrityLevel"":""System"",""hashes"":""MD5=D4C99E01B0061D2EEA2A3EB422CDBCB8,SHA256=0B732D9AD576D1400DB44EDF3E750849AC481E9BBAA628A3914E5EEF9B7181B0,IMPHASH=1864B7EA6A87A2BBB43783BD42E11204"",""parentProcessGuid"":""{154c2aaf-e984-6846-5800-000000001800}"",""parentProcessId"":""3528"",""parentImage"":""C:\\\\ProgramData\\\\Microsoft\\\\Windows Defender\\\\Platform\\\\4.18.25040.2-0\\\\MsMpEng.exe"",""parentCommandLine"":""\\\""C:\\\\ProgramData\\\\Microsoft\\\\Windows Defender\\\\Platform\\\\4.18.25040.2-0\\\\MsMpEng.exe\\\"""",""parentUser"":""NT AUTHORITY\\\\SYSTEM""}}}",log,"Jun 9, 2025 @ 19:34:10.704",EventChannel,1749477850.342228,"Jun 9, 2025 @ 19:34:10.704", , , , , , , , , , , , , , , , , , , , , , , , , , , , , , , , , , , , , , , , , , , , , , , , , , , , , , , , , , , , , , , , , , , , , , , , , , , , , , , , , , , , , 
wazuh-alerts-4.x-2025.06.09,wqMBVZcB7NFPR1gL6DHf,1,1,192.168.254.162,DESKTOP-O7P9I53,001,hat-VMware-Virtual-Platform,wevtutil.exe,C:\\Windows\\System32\\wevtutil.exe,Microsoft® Windows® Operating System,{154c2aaf-e984-6846-5800-000000001800},Eventing Command Line Utility,{154c2aaf-e981-6846-e703-000000000000},"\""C:\\ProgramData\\Microsoft\\Windows Defender\\Platform\\4.18.25040.2-0\\MsMpEng.exe\""",{154c2aaf-e987-6846-7900-000000001800},0x3e7,3528,5560,C:\\Windows\\system32\\,2025-06-09 14:02:47.852,"MD5=D4C99E01B0061D2EEA2A3EB422CDBCB8,SHA256=0B732D9AD576D1400DB44EDF3E750849AC481E9BBAA628A3914E5EEF9B7181B0,IMPHASH=1864B7EA6A87A2BBB43783BD42E11204",C:\\ProgramData\\Microsoft\\Windows Defender\\Platform\\4.18.25040.2-0\\MsMpEng.exe,Microsoft Corporation,"C:\\Windows\\system32\\wevtutil.exe uninstall-manifest \""C:\\ProgramData\\Microsoft\\Windows Defender\\Platform\\4.18.25040.2-0\\Microsoft-Windows-Windows Defender.man\""",System,10.0.19041.5794 (WinBuild.160101.0800),NT AUTHORITY\\SYSTEM,0,NT AUTHORITY\\SYSTEM,1,0x8000000000000000,{5770385f-c22a-43e0-bf4c-06f5698ffbd9},4,Microsoft-Windows-Sysmon/Operational,0,"""Process Create:
RuleName: -
UtcTime: 2025-06-09 14:02:47.852
ProcessGuid: {154c2aaf-e987-6846-7900-000000001800}
ProcessId: 5560
Image: C:\Windows\System32\wevtutil.exe
FileVersion: 10.0.19041.5794 (WinBuild.160101.0800)
Description: Eventing Command Line Utility
Product: Microsoft® Windows® Operating System
Company: Microsoft Corporation
OriginalFileName: wevtutil.exe
CommandLine: C:\Windows\system32\wevtutil.exe uninstall-manifest ""C:\ProgramData\Microsoft\Windows Defender\Platform\4.18.25040.2-0\Microsoft-Windows-Windows Defender.man""
CurrentDirectory: C:\Windows\system32\
User: NT AUTHORITY\SYSTEM
LogonGuid: {154c2aaf-e981-6846-e703-000000000000}
LogonId: 0x3E7
TerminalSessionId: 0
IntegrityLevel: System
Hashes: MD5=D4C99E01B0061D2EEA2A3EB422CDBCB8,SHA256=0B732D9AD576D1400DB44EDF3E750849AC481E9BBAA628A3914E5EEF9B7181B0,IMPHASH=1864B7EA6A87A2BBB43783BD42E11204
ParentProcessGuid: {154c2aaf-e984-6846-5800-000000001800}
ParentProcessId: 3528
ParentImage: C:\ProgramData\Microsoft\Windows Defender\Platform\4.18.25040.2-0\MsMpEng.exe
ParentCommandLine: ""C:\ProgramData\Microsoft\Windows Defender\Platform\4.18.25040.2-0\MsMpEng.exe""
ParentUser: NT AUTHORITY\SYSTEM""",5,2025-06-09T14:02:48.8890350Z,30582,5512,DESKTOP-O7P9I53,1,3292,INFORMATION,Microsoft-Windows-Sysmon,35,false,5,Sysmon - Event 1: Process creation Eventing Command Line Utility,"[""windows"",""sysmon"",""sysmon_event1""]",61603,windows_eventchannel,"{""win"":{""system"":{""providerName"":""Microsoft-Windows-Sysmon"",""providerGuid"":""{5770385f-c22a-43e0-bf4c-06f5698ffbd9}"",""eventID"":""1"",""version"":""5"",""level"":""4"",""task"":""1"",""opcode"":""0"",""keywords"":""0x8000000000000000"",""systemTime"":""2025-06-09T14:02:48.8890350Z"",""eventRecordID"":""30582"",""processID"":""3292"",""threadID"":""5512"",""channel"":""Microsoft-Windows-Sysmon/Operational"",""computer"":""DESKTOP-O7P9I53"",""severityValue"":""INFORMATION"",""message"":""\""Process Create:\r\nRuleName: -\r\nUtcTime: 2025-06-09 14:02:47.852\r\nProcessGuid: {154c2aaf-e987-6846-7900-000000001800}\r\nProcessId: 5560\r\nImage: C:\\Windows\\System32\\wevtutil.exe\r\nFileVersion: 10.0.19041.5794 (WinBuild.160101.0800)\r\nDescription: Eventing Command Line Utility\r\nProduct: Microsoft® Windows® Operating System\r\nCompany: Microsoft Corporation\r\nOriginalFileName: wevtutil.exe\r\nCommandLine: C:\\Windows\\system32\\wevtutil.exe uninstall-manifest \""C:\\ProgramData\\Microsoft\\Windows Defender\\Platform\\4.18.25040.2-0\\Microsoft-Windows-Windows Defender.man\""\r\nCurrentDirectory: C:\\Windows\\system32\\\r\nUser: NT AUTHORITY\\SYSTEM\r\nLogonGuid: {154c2aaf-e981-6846-e703-000000000000}\r\nLogonId: 0x3E7\r\nTerminalSessionId: 0\r\nIntegrityLevel: System\r\nHashes: MD5=D4C99E01B0061D2EEA2A3EB422CDBCB8,SHA256=0B732D9AD576D1400DB44EDF3E750849AC481E9BBAA628A3914E5EEF9B7181B0,IMPHASH=1864B7EA6A87A2BBB43783BD42E11204\r\nParentProcessGuid: {154c2aaf-e984-6846-5800-000000001800}\r\nParentProcessId: 3528\r\nParentImage: C:\\ProgramData\\Microsoft\\Windows Defender\\Platform\\4.18.25040.2-0\\MsMpEng.exe\r\nParentCommandLine: \""C:\\ProgramData\\Microsoft\\Windows Defender\\Platform\\4.18.25040.2-0\\MsMpEng.exe\""\r\nParentUser: NT AUTHORITY\\SYSTEM\""""},""eventdata"":{""utcTime"":""2025-06-09 14:02:47.852"",""processGuid"":""{154c2aaf-e987-6846-7900-000000001800}"",""processId"":""5560"",""image"":""C:\\\\Windows\\\\System32\\\\wevtutil.exe"",""fileVersion"":""10.0.19041.5794 (WinBuild.160101.0800)"",""description"":""Eventing Command Line Utility"",""product"":""Microsoft® Windows® Operating System"",""company"":""Microsoft Corporation"",""originalFileName"":""wevtutil.exe"",""commandLine"":""C:\\\\Windows\\\\system32\\\\wevtutil.exe uninstall-manifest \\\""C:\\\\ProgramData\\\\Microsoft\\\\Windows Defender\\\\Platform\\\\4.18.25040.2-0\\\\Microsoft-Windows-Windows Defender.man\\\"""",""currentDirectory"":""C:\\\\Windows\\\\system32\\\\"",""user"":""NT AUTHORITY\\\\SYSTEM"",""logonGuid"":""{154c2aaf-e981-6846-e703-000000000000}"",""logonId"":""0x3e7"",""terminalSessionId"":""0"",""integrityLevel"":""System"",""hashes"":""MD5=D4C99E01B0061D2EEA2A3EB422CDBCB8,SHA256=0B732D9AD576D1400DB44EDF3E750849AC481E9BBAA628A3914E5EEF9B7181B0,IMPHASH=1864B7EA6A87A2BBB43783BD42E11204"",""parentProcessGuid"":""{154c2aaf-e984-6846-5800-000000001800}"",""parentProcessId"":""3528"",""parentImage"":""C:\\\\ProgramData\\\\Microsoft\\\\Windows Defender\\\\Platform\\\\4.18.25040.2-0\\\\MsMpEng.exe"",""parentCommandLine"":""\\\""C:\\\\ProgramData\\\\Microsoft\\\\Windows Defender\\\\Platform\\\\4.18.25040.2-0\\\\MsMpEng.exe\\\"""",""parentUser"":""NT AUTHORITY\\\\SYSTEM""}}}",log,"Jun 9, 2025 @ 19:34:10.763",EventChannel,1749477850.361665,"Jun 9, 2025 @ 19:34:10.763", , , , , , , , , , , , , , , , , , , , , , , , , , , , , , , , , , , , , , , , , , , , , , , , , , , , , , , , , , , , , , , , , , , , , , , , , , , , , , , , , , , , , 
wazuh-alerts-4.x-2025.06.09,w6MBVZcB7NFPR1gL6DHf,1,1,192.168.254.162,DESKTOP-O7P9I53,001,hat-VMware-Virtual-Platform,dasHost.exe,C:\\Windows\\System32\\dasHost.exe,Microsoft® Windows® Operating System,{154c2aaf-e987-6846-7800-000000001800},Device Association Framework Provider Host,{154c2aaf-e982-6846-e503-000000000000},C:\\Windows\\system32\\svchost.exe -k LocalSystemNetworkRestricted -p -s DeviceAssociationService,{154c2aaf-e987-6846-7c00-000000001800},0x3e5,5492,5644,C:\\Windows\\system32\\,2025-06-09 14:02:47.924,"MD5=1179F79DDF6D33A7191265A95A21EB68,SHA256=62070AEBD1589521667D1DB4A81DDEBADFC0B4E7ADD091536ABD08A7968BA605,IMPHASH=2FA3D006E774952B3F9DFF2DC941A2ED",C:\\Windows\\System32\\svchost.exe,Microsoft Corporation,dashost.exe {1fb5b900-7de1-4e55-a7f7777c886e1128},System,10.0.19041.3636 (WinBuild.160101.0800),NT AUTHORITY\\LOCAL SERVICE,0,NT AUTHORITY\\SYSTEM,1,0x8000000000000000,{5770385f-c22a-43e0-bf4c-06f5698ffbd9},4,Microsoft-Windows-Sysmon/Operational,0,"""Process Create:
RuleName: -
UtcTime: 2025-06-09 14:02:47.924
ProcessGuid: {154c2aaf-e987-6846-7c00-000000001800}
ProcessId: 5644
Image: C:\Windows\System32\dasHost.exe
FileVersion: 10.0.19041.3636 (WinBuild.160101.0800)
Description: Device Association Framework Provider Host
Product: Microsoft® Windows® Operating System
Company: Microsoft Corporation
OriginalFileName: dasHost.exe
CommandLine: dashost.exe {1fb5b900-7de1-4e55-a7f7777c886e1128}
CurrentDirectory: C:\Windows\system32\
User: NT AUTHORITY\LOCAL SERVICE
LogonGuid: {154c2aaf-e982-6846-e503-000000000000}
LogonId: 0x3E5
TerminalSessionId: 0
IntegrityLevel: System
Hashes: MD5=1179F79DDF6D33A7191265A95A21EB68,SHA256=62070AEBD1589521667D1DB4A81DDEBADFC0B4E7ADD091536ABD08A7968BA605,IMPHASH=2FA3D006E774952B3F9DFF2DC941A2ED
ParentProcessGuid: {154c2aaf-e987-6846-7800-000000001800}
ParentProcessId: 5492
ParentImage: C:\Windows\System32\svchost.exe
ParentCommandLine: C:\Windows\system32\svchost.exe -k LocalSystemNetworkRestricted -p -s DeviceAssociationService
ParentUser: NT AUTHORITY\SYSTEM""",5,2025-06-09T14:02:48.8899526Z,30584,5512,DESKTOP-O7P9I53,1,3292,INFORMATION,Microsoft-Windows-Sysmon,36,false,5,Sysmon - Event 1: Process creation Device Association Framework Provider Host,"[""windows"",""sysmon"",""sysmon_event1""]",61603,windows_eventchannel,"{""win"":{""system"":{""providerName"":""Microsoft-Windows-Sysmon"",""providerGuid"":""{5770385f-c22a-43e0-bf4c-06f5698ffbd9}"",""eventID"":""1"",""version"":""5"",""level"":""4"",""task"":""1"",""opcode"":""0"",""keywords"":""0x8000000000000000"",""systemTime"":""2025-06-09T14:02:48.8899526Z"",""eventRecordID"":""30584"",""processID"":""3292"",""threadID"":""5512"",""channel"":""Microsoft-Windows-Sysmon/Operational"",""computer"":""DESKTOP-O7P9I53"",""severityValue"":""INFORMATION"",""message"":""\""Process Create:\r\nRuleName: -\r\nUtcTime: 2025-06-09 14:02:47.924\r\nProcessGuid: {154c2aaf-e987-6846-7c00-000000001800}\r\nProcessId: 5644\r\nImage: C:\\Windows\\System32\\dasHost.exe\r\nFileVersion: 10.0.19041.3636 (WinBuild.160101.0800)\r\nDescription: Device Association Framework Provider Host\r\nProduct: Microsoft® Windows® Operating System\r\nCompany: Microsoft Corporation\r\nOriginalFileName: dasHost.exe\r\nCommandLine: dashost.exe {1fb5b900-7de1-4e55-a7f7777c886e1128}\r\nCurrentDirectory: C:\\Windows\\system32\\\r\nUser: NT AUTHORITY\\LOCAL SERVICE\r\nLogonGuid: {154c2aaf-e982-6846-e503-000000000000}\r\nLogonId: 0x3E5\r\nTerminalSessionId: 0\r\nIntegrityLevel: System\r\nHashes: MD5=1179F79DDF6D33A7191265A95A21EB68,SHA256=62070AEBD1589521667D1DB4A81DDEBADFC0B4E7ADD091536ABD08A7968BA605,IMPHASH=2FA3D006E774952B3F9DFF2DC941A2ED\r\nParentProcessGuid: {154c2aaf-e987-6846-7800-000000001800}\r\nParentProcessId: 5492\r\nParentImage: C:\\Windows\\System32\\svchost.exe\r\nParentCommandLine: C:\\Windows\\system32\\svchost.exe -k LocalSystemNetworkRestricted -p -s DeviceAssociationService\r\nParentUser: NT AUTHORITY\\SYSTEM\""""},""eventdata"":{""utcTime"":""2025-06-09 14:02:47.924"",""processGuid"":""{154c2aaf-e987-6846-7c00-000000001800}"",""processId"":""5644"",""image"":""C:\\\\Windows\\\\System32\\\\dasHost.exe"",""fileVersion"":""10.0.19041.3636 (WinBuild.160101.0800)"",""description"":""Device Association Framework Provider Host"",""product"":""Microsoft® Windows® Operating System"",""company"":""Microsoft Corporation"",""originalFileName"":""dasHost.exe"",""commandLine"":""dashost.exe {1fb5b900-7de1-4e55-a7f7777c886e1128}"",""currentDirectory"":""C:\\\\Windows\\\\system32\\\\"",""user"":""NT AUTHORITY\\\\LOCAL SERVICE"",""logonGuid"":""{154c2aaf-e982-6846-e503-000000000000}"",""logonId"":""0x3e5"",""terminalSessionId"":""0"",""integrityLevel"":""System"",""hashes"":""MD5=1179F79DDF6D33A7191265A95A21EB68,SHA256=62070AEBD1589521667D1DB4A81DDEBADFC0B4E7ADD091536ABD08A7968BA605,IMPHASH=2FA3D006E774952B3F9DFF2DC941A2ED"",""parentProcessGuid"":""{154c2aaf-e987-6846-7800-000000001800}"",""parentProcessId"":""5492"",""parentImage"":""C:\\\\Windows\\\\System32\\\\svchost.exe"",""parentCommandLine"":""C:\\\\Windows\\\\system32\\\\svchost.exe -k LocalSystemNetworkRestricted -p -s DeviceAssociationService"",""parentUser"":""NT AUTHORITY\\\\SYSTEM""}}}",log,"Jun 9, 2025 @ 19:34:10.795",EventChannel,1749477850.368177,"Jun 9, 2025 @ 19:34:10.795", , , , , , , , , , , , , , , , , , , , , , , , , , , , , , , , , , , , , , , , , , , , , , , , , , , , , , , , , , , , , , , , , , , , , , , , , , , , , , , , , , , , , 
wazuh-alerts-4.x-2025.06.09,yKMBVZcB7NFPR1gL6zFY,1,1,192.168.254.162,DESKTOP-O7P9I53,001,hat-VMware-Virtual-Platform, ,C:\\Windows\\system32\\wevtutil.exe, , , , , ,{154c2aaf-e988-6846-7d00-000000001800}, , ,5804, ,2025-06-09 14:02:48.596, , , , , , ,NT AUTHORITY\\SYSTEM, , ,13,0x8000000000000000,{5770385f-c22a-43e0-bf4c-06f5698ffbd9},4,Microsoft-Windows-Sysmon/Operational,0,"""Registry value set:
RuleName: -
EventType: SetValue
UtcTime: 2025-06-09 14:02:48.596
ProcessGuid: {154c2aaf-e988-6846-7d00-000000001800}
ProcessId: 5804
Image: C:\Windows\system32\wevtutil.exe
TargetObject: HKLM\SOFTWARE\Microsoft\Windows\CurrentVersion\WINEVT\Channels\Microsoft-Windows-Windows Defender/Operational\Enabled
Details: DWORD (0x00000001)
User: NT AUTHORITY\SYSTEM""",2,2025-06-09T14:02:48.9043753Z,30590,5512,DESKTOP-O7P9I53,13,3292,INFORMATION,Microsoft-Windows-Sysmon,10,false,5,Sysmon - Event 13: RegistryEvent SetValue on HKLM\\SOFTWARE\\Microsoft\\Windows\\CurrentVersion\\WINEVT\\Channels\\Microsoft-Windows-Windows Defender/Operational\\Enabled by C:\\Windows\\system32\\wevtutil.exe,"[""windows"",""sysmon"",""sysmon_event_13""]",61615,windows_eventchannel,"{""win"":{""system"":{""providerName"":""Microsoft-Windows-Sysmon"",""providerGuid"":""{5770385f-c22a-43e0-bf4c-06f5698ffbd9}"",""eventID"":""13"",""version"":""2"",""level"":""4"",""task"":""13"",""opcode"":""0"",""keywords"":""0x8000000000000000"",""systemTime"":""2025-06-09T14:02:48.9043753Z"",""eventRecordID"":""30590"",""processID"":""3292"",""threadID"":""5512"",""channel"":""Microsoft-Windows-Sysmon/Operational"",""computer"":""DESKTOP-O7P9I53"",""severityValue"":""INFORMATION"",""message"":""\""Registry value set:\r\nRuleName: -\r\nEventType: SetValue\r\nUtcTime: 2025-06-09 14:02:48.596\r\nProcessGuid: {154c2aaf-e988-6846-7d00-000000001800}\r\nProcessId: 5804\r\nImage: C:\\Windows\\system32\\wevtutil.exe\r\nTargetObject: HKLM\\SOFTWARE\\Microsoft\\Windows\\CurrentVersion\\WINEVT\\Channels\\Microsoft-Windows-Windows Defender/Operational\\Enabled\r\nDetails: DWORD (0x00000001)\r\nUser: NT AUTHORITY\\SYSTEM\""""},""eventdata"":{""eventType"":""SetValue"",""utcTime"":""2025-06-09 14:02:48.596"",""processGuid"":""{154c2aaf-e988-6846-7d00-000000001800}"",""processId"":""5804"",""image"":""C:\\\\Windows\\\\system32\\\\wevtutil.exe"",""targetObject"":""HKLM\\\\SOFTWARE\\\\Microsoft\\\\Windows\\\\CurrentVersion\\\\WINEVT\\\\Channels\\\\Microsoft-Windows-Windows Defender/Operational\\\\Enabled"",""details"":""DWORD (0x00000001)"",""user"":""NT AUTHORITY\\\\SYSTEM""}}}",log,"Jun 9, 2025 @ 19:34:10.890",EventChannel,1749477850.394574,"Jun 9, 2025 @ 19:34:10.890", , , , , , , , , , , , , , , , , , , , , , , , , , , , , , , , , , , , , , , , , , , , , , , , , , , ,HKLM\\SOFTWARE\\Microsoft\\Windows\\CurrentVersion\\WINEVT\\Channels\\Microsoft-Windows-Windows Defender/Operational\\Enabled, ,DWORD (0x00000001),SetValue, , , , , , , , , , , , , , , , , , , , , , , , , , , , , , 
wazuh-alerts-4.x-2025.06.09,yqMBVZcB7NFPR1gL6zFY,1,1,192.168.254.162,DESKTOP-O7P9I53,001,hat-VMware-Virtual-Platform, ,C:\\Windows\\system32\\wevtutil.exe, , , , , ,{154c2aaf-e988-6846-7d00-000000001800}, , ,5804, ,2025-06-09 14:02:48.596, , , , , , ,NT AUTHORITY\\SYSTEM, , ,13,0x8000000000000000,{5770385f-c22a-43e0-bf4c-06f5698ffbd9},4,Microsoft-Windows-Sysmon/Operational,0,"""Registry value set:
RuleName: -
EventType: SetValue
UtcTime: 2025-06-09 14:02:48.596
ProcessGuid: {154c2aaf-e988-6846-7d00-000000001800}
ProcessId: 5804
Image: C:\Windows\system32\wevtutil.exe
TargetObject: HKLM\SOFTWARE\Microsoft\Windows\CurrentVersion\WINEVT\Channels\Microsoft-Windows-Windows Defender/Operational\MaxSize
Details: DWORD (0x01000000)
User: NT AUTHORITY\SYSTEM""",2,2025-06-09T14:02:48.9045017Z,30593,5512,DESKTOP-O7P9I53,13,3292,INFORMATION,Microsoft-Windows-Sysmon,12,false,5,Sysmon - Event 13: RegistryEvent SetValue on HKLM\\SOFTWARE\\Microsoft\\Windows\\CurrentVersion\\WINEVT\\Channels\\Microsoft-Windows-Windows Defender/Operational\\MaxSize by C:\\Windows\\system32\\wevtutil.exe,"[""windows"",""sysmon"",""sysmon_event_13""]",61615,windows_eventchannel,"{""win"":{""system"":{""providerName"":""Microsoft-Windows-Sysmon"",""providerGuid"":""{5770385f-c22a-43e0-bf4c-06f5698ffbd9}"",""eventID"":""13"",""version"":""2"",""level"":""4"",""task"":""13"",""opcode"":""0"",""keywords"":""0x8000000000000000"",""systemTime"":""2025-06-09T14:02:48.9045017Z"",""eventRecordID"":""30593"",""processID"":""3292"",""threadID"":""5512"",""channel"":""Microsoft-Windows-Sysmon/Operational"",""computer"":""DESKTOP-O7P9I53"",""severityValue"":""INFORMATION"",""message"":""\""Registry value set:\r\nRuleName: -\r\nEventType: SetValue\r\nUtcTime: 2025-06-09 14:02:48.596\r\nProcessGuid: {154c2aaf-e988-6846-7d00-000000001800}\r\nProcessId: 5804\r\nImage: C:\\Windows\\system32\\wevtutil.exe\r\nTargetObject: HKLM\\SOFTWARE\\Microsoft\\Windows\\CurrentVersion\\WINEVT\\Channels\\Microsoft-Windows-Windows Defender/Operational\\MaxSize\r\nDetails: DWORD (0x01000000)\r\nUser: NT AUTHORITY\\SYSTEM\""""},""eventdata"":{""eventType"":""SetValue"",""utcTime"":""2025-06-09 14:02:48.596"",""processGuid"":""{154c2aaf-e988-6846-7d00-000000001800}"",""processId"":""5804"",""image"":""C:\\\\Windows\\\\system32\\\\wevtutil.exe"",""targetObject"":""HKLM\\\\SOFTWARE\\\\Microsoft\\\\Windows\\\\CurrentVersion\\\\WINEVT\\\\Channels\\\\Microsoft-Windows-Windows Defender/Operational\\\\MaxSize"",""details"":""DWORD (0x01000000)"",""user"":""NT AUTHORITY\\\\SYSTEM""}}}",log,"Jun 9, 2025 @ 19:34:10.920",EventChannel,1749477850.401244,"Jun 9, 2025 @ 19:34:10.920", , , , , , , , , , , , , , , , , , , , , , , , , , , , , , , , , , , , , , , , , , , , , , , , , , , ,HKLM\\SOFTWARE\\Microsoft\\Windows\\CurrentVersion\\WINEVT\\Channels\\Microsoft-Windows-Windows Defender/Operational\\MaxSize, ,DWORD (0x01000000),SetValue, , , , , , , , , , , , , , , , , , , , , , , , , , , , , , 
wazuh-alerts-4.x-2025.06.09,y6MBVZcB7NFPR1gL6zFY,1,1,192.168.254.162,DESKTOP-O7P9I53,001,hat-VMware-Virtual-Platform, ,C:\\Windows\\system32\\wevtutil.exe, , , , , ,{154c2aaf-e988-6846-7d00-000000001800}, , ,5804, ,2025-06-09 14:02:48.596, , , , , , ,NT AUTHORITY\\SYSTEM, , ,13,0x8000000000000000,{5770385f-c22a-43e0-bf4c-06f5698ffbd9},4,Microsoft-Windows-Sysmon/Operational,0,"""Registry value set:
RuleName: -
EventType: SetValue
UtcTime: 2025-06-09 14:02:48.596
ProcessGuid: {154c2aaf-e988-6846-7d00-000000001800}
ProcessId: 5804
Image: C:\Windows\system32\wevtutil.exe
TargetObject: HKLM\SOFTWARE\Microsoft\Windows\CurrentVersion\WINEVT\Channels\Microsoft-Windows-Windows Defender/Operational\MaxSizeUpper
Details: DWORD (0x00000000)
User: NT AUTHORITY\SYSTEM""",2,2025-06-09T14:02:48.9045766Z,30594,5512,DESKTOP-O7P9I53,13,3292,INFORMATION,Microsoft-Windows-Sysmon,13,false,5,Sysmon - Event 13: RegistryEvent SetValue on HKLM\\SOFTWARE\\Microsoft\\Windows\\CurrentVersion\\WINEVT\\Channels\\Microsoft-Windows-Windows Defender/Operational\\MaxSizeUpper by C:\\Windows\\system32\\wevtutil.exe,"[""windows"",""sysmon"",""sysmon_event_13""]",61615,windows_eventchannel,"{""win"":{""system"":{""providerName"":""Microsoft-Windows-Sysmon"",""providerGuid"":""{5770385f-c22a-43e0-bf4c-06f5698ffbd9}"",""eventID"":""13"",""version"":""2"",""level"":""4"",""task"":""13"",""opcode"":""0"",""keywords"":""0x8000000000000000"",""systemTime"":""2025-06-09T14:02:48.9045766Z"",""eventRecordID"":""30594"",""processID"":""3292"",""threadID"":""5512"",""channel"":""Microsoft-Windows-Sysmon/Operational"",""computer"":""DESKTOP-O7P9I53"",""severityValue"":""INFORMATION"",""message"":""\""Registry value set:\r\nRuleName: -\r\nEventType: SetValue\r\nUtcTime: 2025-06-09 14:02:48.596\r\nProcessGuid: {154c2aaf-e988-6846-7d00-000000001800}\r\nProcessId: 5804\r\nImage: C:\\Windows\\system32\\wevtutil.exe\r\nTargetObject: HKLM\\SOFTWARE\\Microsoft\\Windows\\CurrentVersion\\WINEVT\\Channels\\Microsoft-Windows-Windows Defender/Operational\\MaxSizeUpper\r\nDetails: DWORD (0x00000000)\r\nUser: NT AUTHORITY\\SYSTEM\""""},""eventdata"":{""eventType"":""SetValue"",""utcTime"":""2025-06-09 14:02:48.596"",""processGuid"":""{154c2aaf-e988-6846-7d00-000000001800}"",""processId"":""5804"",""image"":""C:\\\\Windows\\\\system32\\\\wevtutil.exe"",""targetObject"":""HKLM\\\\SOFTWARE\\\\Microsoft\\\\Windows\\\\CurrentVersion\\\\WINEVT\\\\Channels\\\\Microsoft-Windows-Windows Defender/Operational\\\\MaxSizeUpper"",""details"":""DWORD (0x00000000)"",""user"":""NT AUTHORITY\\\\SYSTEM""}}}",log,"Jun 9, 2025 @ 19:34:10.951",EventChannel,1749477850.404296,"Jun 9, 2025 @ 19:34:10.951", , , , , , , , , , , , , , , , , , , , , , , , , , , , , , , , , , , , , , , , , , , , , , , , , , , ,HKLM\\SOFTWARE\\Microsoft\\Windows\\CurrentVersion\\WINEVT\\Channels\\Microsoft-Windows-Windows Defender/Operational\\MaxSizeUpper, ,DWORD (0x00000000),SetValue, , , , , , , , , , , , , , , , , , , , , , , , , , , , , , 
wazuh-alerts-4.x-2025.06.09,zKMBVZcB7NFPR1gL6zFY,1,1,192.168.254.162,DESKTOP-O7P9I53,001,hat-VMware-Virtual-Platform, ,C:\\Windows\\system32\\wevtutil.exe, , , , , ,{154c2aaf-e988-6846-7d00-000000001800}, , ,5804, ,2025-06-09 14:02:48.596, , , , , , ,NT AUTHORITY\\SYSTEM, , ,13,0x8000000000000000,{5770385f-c22a-43e0-bf4c-06f5698ffbd9},4,Microsoft-Windows-Sysmon/Operational,0,"""Registry value set:
RuleName: -
EventType: SetValue
UtcTime: 2025-06-09 14:02:48.596
ProcessGuid: {154c2aaf-e988-6846-7d00-000000001800}
ProcessId: 5804
Image: C:\Windows\system32\wevtutil.exe
TargetObject: HKLM\SOFTWARE\Microsoft\Windows\CurrentVersion\WINEVT\Channels\Microsoft-Windows-Windows Defender/Operational\Type
Details: DWORD (0x00000001)
User: NT AUTHORITY\SYSTEM""",2,2025-06-09T14:02:48.9046179Z,30595,5512,DESKTOP-O7P9I53,13,3292,INFORMATION,Microsoft-Windows-Sysmon,14,false,5,Sysmon - Event 13: RegistryEvent SetValue on HKLM\\SOFTWARE\\Microsoft\\Windows\\CurrentVersion\\WINEVT\\Channels\\Microsoft-Windows-Windows Defender/Operational\\Type by C:\\Windows\\system32\\wevtutil.exe,"[""windows"",""sysmon"",""sysmon_event_13""]",61615,windows_eventchannel,"{""win"":{""system"":{""providerName"":""Microsoft-Windows-Sysmon"",""providerGuid"":""{5770385f-c22a-43e0-bf4c-06f5698ffbd9}"",""eventID"":""13"",""version"":""2"",""level"":""4"",""task"":""13"",""opcode"":""0"",""keywords"":""0x8000000000000000"",""systemTime"":""2025-06-09T14:02:48.9046179Z"",""eventRecordID"":""30595"",""processID"":""3292"",""threadID"":""5512"",""channel"":""Microsoft-Windows-Sysmon/Operational"",""computer"":""DESKTOP-O7P9I53"",""severityValue"":""INFORMATION"",""message"":""\""Registry value set:\r\nRuleName: -\r\nEventType: SetValue\r\nUtcTime: 2025-06-09 14:02:48.596\r\nProcessGuid: {154c2aaf-e988-6846-7d00-000000001800}\r\nProcessId: 5804\r\nImage: C:\\Windows\\system32\\wevtutil.exe\r\nTargetObject: HKLM\\SOFTWARE\\Microsoft\\Windows\\CurrentVersion\\WINEVT\\Channels\\Microsoft-Windows-Windows Defender/Operational\\Type\r\nDetails: DWORD (0x00000001)\r\nUser: NT AUTHORITY\\SYSTEM\""""},""eventdata"":{""eventType"":""SetValue"",""utcTime"":""2025-06-09 14:02:48.596"",""processGuid"":""{154c2aaf-e988-6846-7d00-000000001800}"",""processId"":""5804"",""image"":""C:\\\\Windows\\\\system32\\\\wevtutil.exe"",""targetObject"":""HKLM\\\\SOFTWARE\\\\Microsoft\\\\Windows\\\\CurrentVersion\\\\WINEVT\\\\Channels\\\\Microsoft-Windows-Windows Defender/Operational\\\\Type"",""details"":""DWORD (0x00000001)"",""user"":""NT AUTHORITY\\\\SYSTEM""}}}",log,"Jun 9, 2025 @ 19:34:10.952",EventChannel,1749477850.407373,"Jun 9, 2025 @ 19:34:10.952", , , , , , , , , , , , , , , , , , , , , , , , , , , , , , , , , , , , , , , , , , , , , , , , , , , ,HKLM\\SOFTWARE\\Microsoft\\Windows\\CurrentVersion\\WINEVT\\Channels\\Microsoft-Windows-Windows Defender/Operational\\Type, ,DWORD (0x00000001),SetValue, , , , , , , , , , , , , , , , , , , , , , , , , , , , , , 
wazuh-alerts-4.x-2025.06.09,zqMBVZcB7NFPR1gL6zFY,1,1,192.168.254.162,DESKTOP-O7P9I53,001,hat-VMware-Virtual-Platform, ,C:\\Windows\\system32\\wevtutil.exe, , , , , ,{154c2aaf-e988-6846-7d00-000000001800}, , ,5804, ,2025-06-09 14:02:48.596, , , , , , ,NT AUTHORITY\\SYSTEM, , ,13,0x8000000000000000,{5770385f-c22a-43e0-bf4c-06f5698ffbd9},4,Microsoft-Windows-Sysmon/Operational,0,"""Registry value set:
RuleName: -
EventType: SetValue
UtcTime: 2025-06-09 14:02:48.596
ProcessGuid: {154c2aaf-e988-6846-7d00-000000001800}
ProcessId: 5804
Image: C:\Windows\system32\wevtutil.exe
TargetObject: HKLM\SOFTWARE\Microsoft\Windows\CurrentVersion\WINEVT\Channels\Microsoft-Windows-Windows Defender/WHC\Enabled
Details: DWORD (0x00000001)
User: NT AUTHORITY\SYSTEM""",2,2025-06-09T14:02:48.9047026Z,30597,5512,DESKTOP-O7P9I53,13,3292,INFORMATION,Microsoft-Windows-Sysmon,16,false,5,Sysmon - Event 13: RegistryEvent SetValue on HKLM\\SOFTWARE\\Microsoft\\Windows\\CurrentVersion\\WINEVT\\Channels\\Microsoft-Windows-Windows Defender/WHC\\Enabled by C:\\Windows\\system32\\wevtutil.exe,"[""windows"",""sysmon"",""sysmon_event_13""]",61615,windows_eventchannel,"{""win"":{""system"":{""providerName"":""Microsoft-Windows-Sysmon"",""providerGuid"":""{5770385f-c22a-43e0-bf4c-06f5698ffbd9}"",""eventID"":""13"",""version"":""2"",""level"":""4"",""task"":""13"",""opcode"":""0"",""keywords"":""0x8000000000000000"",""systemTime"":""2025-06-09T14:02:48.9047026Z"",""eventRecordID"":""30597"",""processID"":""3292"",""threadID"":""5512"",""channel"":""Microsoft-Windows-Sysmon/Operational"",""computer"":""DESKTOP-O7P9I53"",""severityValue"":""INFORMATION"",""message"":""\""Registry value set:\r\nRuleName: -\r\nEventType: SetValue\r\nUtcTime: 2025-06-09 14:02:48.596\r\nProcessGuid: {154c2aaf-e988-6846-7d00-000000001800}\r\nProcessId: 5804\r\nImage: C:\\Windows\\system32\\wevtutil.exe\r\nTargetObject: HKLM\\SOFTWARE\\Microsoft\\Windows\\CurrentVersion\\WINEVT\\Channels\\Microsoft-Windows-Windows Defender/WHC\\Enabled\r\nDetails: DWORD (0x00000001)\r\nUser: NT AUTHORITY\\SYSTEM\""""},""eventdata"":{""eventType"":""SetValue"",""utcTime"":""2025-06-09 14:02:48.596"",""processGuid"":""{154c2aaf-e988-6846-7d00-000000001800}"",""processId"":""5804"",""image"":""C:\\\\Windows\\\\system32\\\\wevtutil.exe"",""targetObject"":""HKLM\\\\SOFTWARE\\\\Microsoft\\\\Windows\\\\CurrentVersion\\\\WINEVT\\\\Channels\\\\Microsoft-Windows-Windows Defender/WHC\\\\Enabled"",""details"":""DWORD (0x00000001)"",""user"":""NT AUTHORITY\\\\SYSTEM""}}}",log,"Jun 9, 2025 @ 19:34:10.984",EventChannel,1749477850.413542,"Jun 9, 2025 @ 19:34:10.984", , , , , , , , , , , , , , , , , , , , , , , , , , , , , , , , , , , , , , , , , , , , , , , , , , , ,HKLM\\SOFTWARE\\Microsoft\\Windows\\CurrentVersion\\WINEVT\\Channels\\Microsoft-Windows-Windows Defender/WHC\\Enabled, ,DWORD (0x00000001),SetValue, , , , , , , , , , , , , , , , , , , , , , , , , , , , , , 
wazuh-alerts-4.x-2025.06.09,0KMBVZcB7NFPR1gL6zFY,1,1,192.168.254.162,DESKTOP-O7P9I53,001,hat-VMware-Virtual-Platform, ,C:\\Windows\\system32\\wevtutil.exe, , , , , ,{154c2aaf-e988-6846-7d00-000000001800}, , ,5804, ,2025-06-09 14:02:48.596, , , , , , ,NT AUTHORITY\\SYSTEM, , ,13,0x8000000000000000,{5770385f-c22a-43e0-bf4c-06f5698ffbd9},4,Microsoft-Windows-Sysmon/Operational,0,"""Registry value set:
RuleName: -
EventType: SetValue
UtcTime: 2025-06-09 14:02:48.596
ProcessGuid: {154c2aaf-e988-6846-7d00-000000001800}
ProcessId: 5804
Image: C:\Windows\system32\wevtutil.exe
TargetObject: HKLM\SOFTWARE\Microsoft\Windows\CurrentVersion\WINEVT\Channels\Microsoft-Windows-Windows Defender/WHC\ChannelAccess
Details: O:BAG:SYD:(A;;0xf0007;;;SY)(A;;0x7;;;BA)(A;;0x3;;;BO)(A;;0x5;;;SO)(A;;0x1;;;IU)(A;;0x3;;;SU)(A;;0x1;;;S-1-5-3)(A;;0x2;;;S-1-5-33)(A;;0x1;;;S-1-5-32-573)
User: NT AUTHORITY\SYSTEM""",2,2025-06-09T14:02:48.9047781Z,30599,5512,DESKTOP-O7P9I53,13,3292,INFORMATION,Microsoft-Windows-Sysmon,18,false,5,Sysmon - Event 13: RegistryEvent SetValue on HKLM\\SOFTWARE\\Microsoft\\Windows\\CurrentVersion\\WINEVT\\Channels\\Microsoft-Windows-Windows Defender/WHC\\ChannelAccess by C:\\Windows\\system32\\wevtutil.exe,"[""windows"",""sysmon"",""sysmon_event_13""]",61615,windows_eventchannel,"{""win"":{""system"":{""providerName"":""Microsoft-Windows-Sysmon"",""providerGuid"":""{5770385f-c22a-43e0-bf4c-06f5698ffbd9}"",""eventID"":""13"",""version"":""2"",""level"":""4"",""task"":""13"",""opcode"":""0"",""keywords"":""0x8000000000000000"",""systemTime"":""2025-06-09T14:02:48.9047781Z"",""eventRecordID"":""30599"",""processID"":""3292"",""threadID"":""5512"",""channel"":""Microsoft-Windows-Sysmon/Operational"",""computer"":""DESKTOP-O7P9I53"",""severityValue"":""INFORMATION"",""message"":""\""Registry value set:\r\nRuleName: -\r\nEventType: SetValue\r\nUtcTime: 2025-06-09 14:02:48.596\r\nProcessGuid: {154c2aaf-e988-6846-7d00-000000001800}\r\nProcessId: 5804\r\nImage: C:\\Windows\\system32\\wevtutil.exe\r\nTargetObject: HKLM\\SOFTWARE\\Microsoft\\Windows\\CurrentVersion\\WINEVT\\Channels\\Microsoft-Windows-Windows Defender/WHC\\ChannelAccess\r\nDetails: O:BAG:SYD:(A;;0xf0007;;;SY)(A;;0x7;;;BA)(A;;0x3;;;BO)(A;;0x5;;;SO)(A;;0x1;;;IU)(A;;0x3;;;SU)(A;;0x1;;;S-1-5-3)(A;;0x2;;;S-1-5-33)(A;;0x1;;;S-1-5-32-573)\r\nUser: NT AUTHORITY\\SYSTEM\""""},""eventdata"":{""eventType"":""SetValue"",""utcTime"":""2025-06-09 14:02:48.596"",""processGuid"":""{154c2aaf-e988-6846-7d00-000000001800}"",""processId"":""5804"",""image"":""C:\\\\Windows\\\\system32\\\\wevtutil.exe"",""targetObject"":""HKLM\\\\SOFTWARE\\\\Microsoft\\\\Windows\\\\CurrentVersion\\\\WINEVT\\\\Channels\\\\Microsoft-Windows-Windows Defender/WHC\\\\ChannelAccess"",""details"":""O:BAG:SYD:(A;;0xf0007;;;SY)(A;;0x7;;;BA)(A;;0x3;;;BO)(A;;0x5;;;SO)(A;;0x1;;;IU)(A;;0x3;;;SU)(A;;0x1;;;S-1-5-3)(A;;0x2;;;S-1-5-33)(A;;0x1;;;S-1-5-32-573)"",""user"":""NT AUTHORITY\\\\SYSTEM""}}}",log,"Jun 9, 2025 @ 19:34:11.014",EventChannel,1749477851.419576,"Jun 9, 2025 @ 19:34:11.014", , , , , , , , , , , , , , , , , , , , , , , , , , , , , , , , , , , , , , , , , , , , , , , , , , , ,HKLM\\SOFTWARE\\Microsoft\\Windows\\CurrentVersion\\WINEVT\\Channels\\Microsoft-Windows-Windows Defender/WHC\\ChannelAccess, ,O:BAG:SYD:(A;;0xf0007;;;SY)(A;;0x7;;;BA)(A;;0x3;;;BO)(A;;0x5;;;SO)(A;;0x1;;;IU)(A;;0x3;;;SU)(A;;0x1;;;S-1-5-3)(A;;0x2;;;S-1-5-33)(A;;0x1;;;S-1-5-32-573),SetValue, , , , , , , , , , , , , , , , , , , , , , , , , , , , , , 
wazuh-alerts-4.x-2025.06.09,0aMBVZcB7NFPR1gL6zFY,1,1,192.168.254.162,DESKTOP-O7P9I53,001,hat-VMware-Virtual-Platform, ,C:\\Windows\\system32\\wevtutil.exe, , , , , ,{154c2aaf-e988-6846-7d00-000000001800}, , ,5804, ,2025-06-09 14:02:48.596, , , , , , ,NT AUTHORITY\\SYSTEM, , ,13,0x8000000000000000,{5770385f-c22a-43e0-bf4c-06f5698ffbd9},4,Microsoft-Windows-Sysmon/Operational,0,"""Registry value set:
RuleName: -
EventType: SetValue
UtcTime: 2025-06-09 14:02:48.596
ProcessGuid: {154c2aaf-e988-6846-7d00-000000001800}
ProcessId: 5804
Image: C:\Windows\system32\wevtutil.exe
TargetObject: HKLM\SOFTWARE\Microsoft\Windows\CurrentVersion\WINEVT\Channels\Microsoft-Windows-Windows Defender/WHC\MaxSize
Details: DWORD (0x00040000)
User: NT AUTHORITY\SYSTEM""",2,2025-06-09T14:02:48.9048292Z,30600,5512,DESKTOP-O7P9I53,13,3292,INFORMATION,Microsoft-Windows-Sysmon,19,false,5,Sysmon - Event 13: RegistryEvent SetValue on HKLM\\SOFTWARE\\Microsoft\\Windows\\CurrentVersion\\WINEVT\\Channels\\Microsoft-Windows-Windows Defender/WHC\\MaxSize by C:\\Windows\\system32\\wevtutil.exe,"[""windows"",""sysmon"",""sysmon_event_13""]",61615,windows_eventchannel,"{""win"":{""system"":{""providerName"":""Microsoft-Windows-Sysmon"",""providerGuid"":""{5770385f-c22a-43e0-bf4c-06f5698ffbd9}"",""eventID"":""13"",""version"":""2"",""level"":""4"",""task"":""13"",""opcode"":""0"",""keywords"":""0x8000000000000000"",""systemTime"":""2025-06-09T14:02:48.9048292Z"",""eventRecordID"":""30600"",""processID"":""3292"",""threadID"":""5512"",""channel"":""Microsoft-Windows-Sysmon/Operational"",""computer"":""DESKTOP-O7P9I53"",""severityValue"":""INFORMATION"",""message"":""\""Registry value set:\r\nRuleName: -\r\nEventType: SetValue\r\nUtcTime: 2025-06-09 14:02:48.596\r\nProcessGuid: {154c2aaf-e988-6846-7d00-000000001800}\r\nProcessId: 5804\r\nImage: C:\\Windows\\system32\\wevtutil.exe\r\nTargetObject: HKLM\\SOFTWARE\\Microsoft\\Windows\\CurrentVersion\\WINEVT\\Channels\\Microsoft-Windows-Windows Defender/WHC\\MaxSize\r\nDetails: DWORD (0x00040000)\r\nUser: NT AUTHORITY\\SYSTEM\""""},""eventdata"":{""eventType"":""SetValue"",""utcTime"":""2025-06-09 14:02:48.596"",""processGuid"":""{154c2aaf-e988-6846-7d00-000000001800}"",""processId"":""5804"",""image"":""C:\\\\Windows\\\\system32\\\\wevtutil.exe"",""targetObject"":""HKLM\\\\SOFTWARE\\\\Microsoft\\\\Windows\\\\CurrentVersion\\\\WINEVT\\\\Channels\\\\Microsoft-Windows-Windows Defender/WHC\\\\MaxSize"",""details"":""DWORD (0x00040000)"",""user"":""NT AUTHORITY\\\\SYSTEM""}}}",log,"Jun 9, 2025 @ 19:34:11.048",EventChannel,1749477851.423154,"Jun 9, 2025 @ 19:34:11.048", , , , , , , , , , , , , , , , , , , , , , , , , , , , , , , , , , , , , , , , , , , , , , , , , , , ,HKLM\\SOFTWARE\\Microsoft\\Windows\\CurrentVersion\\WINEVT\\Channels\\Microsoft-Windows-Windows Defender/WHC\\MaxSize, ,DWORD (0x00040000),SetValue, , , , , , , , , , , , , , , , , , , , , , , , , , , , , , 
wazuh-alerts-4.x-2025.06.09,2KMBVZcB7NFPR1gL6zFY,1,1,192.168.254.162,DESKTOP-O7P9I53,001,hat-VMware-Virtual-Platform, ,C:\\Windows\\System32\\dllhost.exe, , , , , ,{154c2aaf-e986-6846-6b00-000000001800}, , ,4764, ,2025-06-09 14:02:49.278, , , , , , ,NT AUTHORITY\\SYSTEM, , ,22,0x8000000000000000,{5770385f-c22a-43e0-bf4c-06f5698ffbd9},4,Microsoft-Windows-Sysmon/Operational,0,"""Dns query:
RuleName: -
UtcTime: 2025-06-09 14:02:49.278
ProcessGuid: {154c2aaf-e986-6846-6b00-000000001800}
ProcessId: 4764
QueryName: DESKTOP-O7P9I53
QueryStatus: 0
QueryResults: 192.168.254.162;
Image: C:\Windows\System32\dllhost.exe
User: NT AUTHORITY\SYSTEM""",5,2025-06-09T14:02:49.9422197Z,30608,5672,DESKTOP-O7P9I53,22,3292,INFORMATION,Microsoft-Windows-Sysmon,1,false,5,Sysmon - Event 22: DNS Query event,"[""windows"",""sysmon"",""sysmon_event_22""]",61650,windows_eventchannel,"{""win"":{""system"":{""providerName"":""Microsoft-Windows-Sysmon"",""providerGuid"":""{5770385f-c22a-43e0-bf4c-06f5698ffbd9}"",""eventID"":""22"",""version"":""5"",""level"":""4"",""task"":""22"",""opcode"":""0"",""keywords"":""0x8000000000000000"",""systemTime"":""2025-06-09T14:02:49.9422197Z"",""eventRecordID"":""30608"",""processID"":""3292"",""threadID"":""5672"",""channel"":""Microsoft-Windows-Sysmon/Operational"",""computer"":""DESKTOP-O7P9I53"",""severityValue"":""INFORMATION"",""message"":""\""Dns query:\r\nRuleName: -\r\nUtcTime: 2025-06-09 14:02:49.278\r\nProcessGuid: {154c2aaf-e986-6846-6b00-000000001800}\r\nProcessId: 4764\r\nQueryName: DESKTOP-O7P9I53\r\nQueryStatus: 0\r\nQueryResults: 192.168.254.162;\r\nImage: C:\\Windows\\System32\\dllhost.exe\r\nUser: NT AUTHORITY\\SYSTEM\""""},""eventdata"":{""utcTime"":""2025-06-09 14:02:49.278"",""processGuid"":""{154c2aaf-e986-6846-6b00-000000001800}"",""processId"":""4764"",""queryName"":""DESKTOP-O7P9I53"",""queryStatus"":""0"",""queryResults"":""192.168.254.162;"",""image"":""C:\\\\Windows\\\\System32\\\\dllhost.exe"",""user"":""NT AUTHORITY\\\\SYSTEM""}}}",log,"Jun 9, 2025 @ 19:34:11.171",EventChannel,1749477851.456907,"Jun 9, 2025 @ 19:34:11.171", , , , , , , , , , , , , , , , , , , , , , , , , , , , , , , , , , , , , , , , , , , , , , , , ,0,DESKTOP-O7P9I53,192.168.254.162;, , , , , , , , , , , , , , , , , , , , , , , , , , , , , , , , , , 
wazuh-alerts-4.x-2025.06.09,3KMBVZcB7NFPR1gL6zFY,1,1,192.168.254.162,DESKTOP-O7P9I53,001,hat-VMware-Virtual-Platform,wevtutil.exe,C:\\Windows\\System32\\wevtutil.exe,Microsoft® Windows® Operating System,{154c2aaf-e984-6846-5800-000000001800},Eventing Command Line Utility,{154c2aaf-e981-6846-e703-000000000000},"\""C:\\ProgramData\\Microsoft\\Windows Defender\\Platform\\4.18.25040.2-0\\MsMpEng.exe\""",{154c2aaf-e98a-6846-8e00-000000001800},0x3e7,3528,2320,C:\\Windows\\system32\\,2025-06-09 14:02:50.628,"MD5=D4C99E01B0061D2EEA2A3EB422CDBCB8,SHA256=0B732D9AD576D1400DB44EDF3E750849AC481E9BBAA628A3914E5EEF9B7181B0,IMPHASH=1864B7EA6A87A2BBB43783BD42E11204",C:\\ProgramData\\Microsoft\\Windows Defender\\Platform\\4.18.25040.2-0\\MsMpEng.exe,Microsoft Corporation,"C:\\Windows\\system32\\wevtutil.exe install-manifest \""C:\\ProgramData\\Microsoft\\Windows Defender\\Platform\\4.18.25040.2-0\\Microsoft-Antimalware-RTP.man\"" \""/resourceFilePath:C:\\ProgramData\\Microsoft\\Windows Defender\\Platform\\4.18.25040.2-0\\MpRtp.dll\"" \""/messageFilePath:C:\\ProgramData\\Microsoft\\Windows Defender\\Platform\\4.18.25040.2-0\\MpRtp.dll\"" \""/parameterFilePath:C:\\ProgramData\\Microsoft\\Windows Defender\\Platform\\4.18.25040.2-0\\MpRtp.dll\""",System,10.0.19041.5794 (WinBuild.160101.0800),NT AUTHORITY\\SYSTEM,0,NT AUTHORITY\\SYSTEM,1,0x8000000000000000,{5770385f-c22a-43e0-bf4c-06f5698ffbd9},4,Microsoft-Windows-Sysmon/Operational,0,"""Process Create:
RuleName: -
UtcTime: 2025-06-09 14:02:50.628
ProcessGuid: {154c2aaf-e98a-6846-8e00-000000001800}
ProcessId: 2320
Image: C:\Windows\System32\wevtutil.exe
FileVersion: 10.0.19041.5794 (WinBuild.160101.0800)
Description: Eventing Command Line Utility
Product: Microsoft® Windows® Operating System
Company: Microsoft Corporation
OriginalFileName: wevtutil.exe
CommandLine: C:\Windows\system32\wevtutil.exe install-manifest ""C:\ProgramData\Microsoft\Windows Defender\Platform\4.18.25040.2-0\Microsoft-Antimalware-RTP.man"" ""/resourceFilePath:C:\ProgramData\Microsoft\Windows Defender\Platform\4.18.25040.2-0\MpRtp.dll"" ""/messageFilePath:C:\ProgramData\Microsoft\Windows Defender\Platform\4.18.25040.2-0\MpRtp.dll"" ""/parameterFilePath:C:\ProgramData\Microsoft\Windows Defender\Platform\4.18.25040.2-0\MpRtp.dll""
CurrentDirectory: C:\Windows\system32\
User: NT AUTHORITY\SYSTEM
LogonGuid: {154c2aaf-e981-6846-e703-000000000000}
LogonId: 0x3E7
TerminalSessionId: 0
IntegrityLevel: System
Hashes: MD5=D4C99E01B0061D2EEA2A3EB422CDBCB8,SHA256=0B732D9AD576D1400DB44EDF3E750849AC481E9BBAA628A3914E5EEF9B7181B0,IMPHASH=1864B7EA6A87A2BBB43783BD42E11204
ParentProcessGuid: {154c2aaf-e984-6846-5800-000000001800}
ParentProcessId: 3528
ParentImage: C:\ProgramData\Microsoft\Windows Defender\Platform\4.18.25040.2-0\MsMpEng.exe
ParentCommandLine: ""C:\ProgramData\Microsoft\Windows Defender\Platform\4.18.25040.2-0\MsMpEng.exe""
ParentUser: NT AUTHORITY\SYSTEM""",5,2025-06-09T14:02:50.6353336Z,30611,5512,DESKTOP-O7P9I53,1,3292,INFORMATION,Microsoft-Windows-Sysmon,46,false,5,Sysmon - Event 1: Process creation Eventing Command Line Utility,"[""windows"",""sysmon"",""sysmon_event1""]",61603,windows_eventchannel,"{""win"":{""system"":{""providerName"":""Microsoft-Windows-Sysmon"",""providerGuid"":""{5770385f-c22a-43e0-bf4c-06f5698ffbd9}"",""eventID"":""1"",""version"":""5"",""level"":""4"",""task"":""1"",""opcode"":""0"",""keywords"":""0x8000000000000000"",""systemTime"":""2025-06-09T14:02:50.6353336Z"",""eventRecordID"":""30611"",""processID"":""3292"",""threadID"":""5512"",""channel"":""Microsoft-Windows-Sysmon/Operational"",""computer"":""DESKTOP-O7P9I53"",""severityValue"":""INFORMATION"",""message"":""\""Process Create:\r\nRuleName: -\r\nUtcTime: 2025-06-09 14:02:50.628\r\nProcessGuid: {154c2aaf-e98a-6846-8e00-000000001800}\r\nProcessId: 2320\r\nImage: C:\\Windows\\System32\\wevtutil.exe\r\nFileVersion: 10.0.19041.5794 (WinBuild.160101.0800)\r\nDescription: Eventing Command Line Utility\r\nProduct: Microsoft® Windows® Operating System\r\nCompany: Microsoft Corporation\r\nOriginalFileName: wevtutil.exe\r\nCommandLine: C:\\Windows\\system32\\wevtutil.exe install-manifest \""C:\\ProgramData\\Microsoft\\Windows Defender\\Platform\\4.18.25040.2-0\\Microsoft-Antimalware-RTP.man\"" \""/resourceFilePath:C:\\ProgramData\\Microsoft\\Windows Defender\\Platform\\4.18.25040.2-0\\MpRtp.dll\"" \""/messageFilePath:C:\\ProgramData\\Microsoft\\Windows Defender\\Platform\\4.18.25040.2-0\\MpRtp.dll\"" \""/parameterFilePath:C:\\ProgramData\\Microsoft\\Windows Defender\\Platform\\4.18.25040.2-0\\MpRtp.dll\""\r\nCurrentDirectory: C:\\Windows\\system32\\\r\nUser: NT AUTHORITY\\SYSTEM\r\nLogonGuid: {154c2aaf-e981-6846-e703-000000000000}\r\nLogonId: 0x3E7\r\nTerminalSessionId: 0\r\nIntegrityLevel: System\r\nHashes: MD5=D4C99E01B0061D2EEA2A3EB422CDBCB8,SHA256=0B732D9AD576D1400DB44EDF3E750849AC481E9BBAA628A3914E5EEF9B7181B0,IMPHASH=1864B7EA6A87A2BBB43783BD42E11204\r\nParentProcessGuid: {154c2aaf-e984-6846-5800-000000001800}\r\nParentProcessId: 3528\r\nParentImage: C:\\ProgramData\\Microsoft\\Windows Defender\\Platform\\4.18.25040.2-0\\MsMpEng.exe\r\nParentCommandLine: \""C:\\ProgramData\\Microsoft\\Windows Defender\\Platform\\4.18.25040.2-0\\MsMpEng.exe\""\r\nParentUser: NT AUTHORITY\\SYSTEM\""""},""eventdata"":{""utcTime"":""2025-06-09 14:02:50.628"",""processGuid"":""{154c2aaf-e98a-6846-8e00-000000001800}"",""processId"":""2320"",""image"":""C:\\\\Windows\\\\System32\\\\wevtutil.exe"",""fileVersion"":""10.0.19041.5794 (WinBuild.160101.0800)"",""description"":""Eventing Command Line Utility"",""product"":""Microsoft® Windows® Operating System"",""company"":""Microsoft Corporation"",""originalFileName"":""wevtutil.exe"",""commandLine"":""C:\\\\Windows\\\\system32\\\\wevtutil.exe install-manifest \\\""C:\\\\ProgramData\\\\Microsoft\\\\Windows Defender\\\\Platform\\\\4.18.25040.2-0\\\\Microsoft-Antimalware-RTP.man\\\"" \\\""/resourceFilePath:C:\\\\ProgramData\\\\Microsoft\\\\Windows Defender\\\\Platform\\\\4.18.25040.2-0\\\\MpRtp.dll\\\"" \\\""/messageFilePath:C:\\\\ProgramData\\\\Microsoft\\\\Windows Defender\\\\Platform\\\\4.18.25040.2-0\\\\MpRtp.dll\\\"" \\\""/parameterFilePath:C:\\\\ProgramData\\\\Microsoft\\\\Windows Defender\\\\Platform\\\\4.18.25040.2-0\\\\MpRtp.dll\\\"""",""currentDirectory"":""C:\\\\Windows\\\\system32\\\\"",""user"":""NT AUTHORITY\\\\SYSTEM"",""logonGuid"":""{154c2aaf-e981-6846-e703-000000000000}"",""logonId"":""0x3e7"",""terminalSessionId"":""0"",""integrityLevel"":""System"",""hashes"":""MD5=D4C99E01B0061D2EEA2A3EB422CDBCB8,SHA256=0B732D9AD576D1400DB44EDF3E750849AC481E9BBAA628A3914E5EEF9B7181B0,IMPHASH=1864B7EA6A87A2BBB43783BD42E11204"",""parentProcessGuid"":""{154c2aaf-e984-6846-5800-000000001800}"",""parentProcessId"":""3528"",""parentImage"":""C:\\\\ProgramData\\\\Microsoft\\\\Windows Defender\\\\Platform\\\\4.18.25040.2-0\\\\MsMpEng.exe"",""parentCommandLine"":""\\\""C:\\\\ProgramData\\\\Microsoft\\\\Windows Defender\\\\Platform\\\\4.18.25040.2-0\\\\MsMpEng.exe\\\"""",""parentUser"":""NT AUTHORITY\\\\SYSTEM""}}}",log,"Jun 9, 2025 @ 19:34:11.238",EventChannel,1749477851.479998,"Jun 9, 2025 @ 19:34:11.238", , , , , , , , , , , , , , , , , , , , , , , , , , , , , , , , , , , , , , , , , , , , , , , , , , , , , , , , , , , , , , , , , , , , , , , , , , , , , , , , , , , , , 
