wazuh-alerts-4.x-2025.06.09,vaMBVZcB7NFPR1gL6DHf,1,1,192.168.254.162,DESKTOP-O7P9I53,001,hat-VMware-Virtual-Platform,updater.exe,C:\\Program Files (x86)\\Google\\GoogleUpdater\\138.0.7194.0\\updater.exe,Google Updater (x86),{154c2aaf-e986-6846-6f00-000000001800},Google Updater (x86),{154c2aaf-e981-6846-e703-000000000000},"\""C:\\Program Files (x86)\\Google\\GoogleUpdater\\138.0.7194.0\\updater.exe\"" --system --windows-service --service=update",{154c2aaf-e987-6846-7000-000000001800},0x3e7,4092,3880,C:\\Windows\\system32\\,2025-06-09 14:02:47.038,"MD5=A1044445F76098186DE3B146ABDA9876,SHA256=8CA4F944172F0904B4D70E40A5D61B54439109502E7E3E20D71F8A83BEAD9CE8,IMPHASH=9888642409BEC5969301F0CDEA998BD2",C:\\Program Files (x86)\\Google\\GoogleUpdater\\138.0.7194.0\\updater.exe,Google LLC,"\""C:\\Program Files (x86)\\Google\\GoogleUpdater\\138.0.7194.0\\updater.exe\"" --crash-handler --system \""--database=C:\\Program Files (x86)\\Google\\GoogleUpdater\\138.0.7194.0\\Crashpad\"" --url=https://clients2.google.com/cr/report --annotation=prod=Update4 --annotation=ver=138.0.7194.0 \""--attachment=C:\\Program Files (x86)\\Google\\GoogleUpdater\\updater.log\"" --initial-client-data=0x298,0x29c,0x2a0,0x274,0x2a4,0xe529c0,0xe529cc,0xe529d8",System,138.0.7194.0,NT AUTHORITY\\SYSTEM,0,NT AUTHORITY\\SYSTEM,1,0x8000000000000000,{5770385f-c22a-43e0-bf4c-06f5698ffbd9},4,Microsoft-Windows-Sysmon/Operational,0,"""Process Create:
RuleName: -
UtcTime: 2025-06-09 14:02:47.038
ProcessGuid: {154c2aaf-e987-6846-7000-000000001800}
ProcessId: 3880
Image: C:\Program Files (x86)\Google\GoogleUpdater\138.0.7194.0\updater.exe
FileVersion: 138.0.7194.0
Description: Google Updater (x86)
Product: Google Updater (x86)
Company: Google LLC
OriginalFileName: updater.exe
CommandLine: ""C:\Program Files (x86)\Google\GoogleUpdater\138.0.7194.0\updater.exe"" --crash-handler --system ""--database=C:\Program Files (x86)\Google\GoogleUpdater\138.0.7194.0\Crashpad"" --url=https://clients2.google.com/cr/report --annotation=prod=Update4 --annotation=ver=138.0.7194.0 ""--attachment=C:\Program Files (x86)\Google\GoogleUpdater\updater.log"" --initial-client-data=0x298,0x29c,0x2a0,0x274,0x2a4,0xe529c0,0xe529cc,0xe529d8
CurrentDirectory: C:\Windows\system32\
User: NT AUTHORITY\SYSTEM
LogonGuid: {154c2aaf-e981-6846-e703-000000000000}
LogonId: 0x3E7
TerminalSessionId: 0
IntegrityLevel: System
Hashes: MD5=A1044445F76098186DE3B146ABDA9876,SHA256=8CA4F944172F0904B4D70E40A5D61B54439109502E7E3E20D71F8A83BEAD9CE8,IMPHASH=9888642409BEC5969301F0CDEA998BD2
ParentProcessGuid: {154c2aaf-e986-6846-6f00-000000001800}
ParentProcessId: 4092
ParentImage: C:\Program Files (x86)\Google\GoogleUpdater\138.0.7194.0\updater.exe
ParentCommandLine: ""C:\Program Files (x86)\Google\GoogleUpdater\138.0.7194.0\updater.exe"" --system --windows-service --service=update
ParentUser: NT AUTHORITY\SYSTEM""",5,2025-06-09T14:02:48.8517074Z,30577,5512,DESKTOP-O7P9I53,1,3292,INFORMATION,Microsoft-Windows-Sysmon,30,false,5,Sysmon - Event 1: Process creation Google Updater (x86),"[""windows"",""sysmon"",""sysmon_event1""]",61603,windows_eventchannel,"{""win"":{""system"":{""providerName"":""Microsoft-Windows-Sysmon"",""providerGuid"":""{5770385f-c22a-43e0-bf4c-06f5698ffbd9}"",""eventID"":""1"",""version"":""5"",""level"":""4"",""task"":""1"",""opcode"":""0"",""keywords"":""0x8000000000000000"",""systemTime"":""2025-06-09T14:02:48.8517074Z"",""eventRecordID"":""30577"",""processID"":""3292"",""threadID"":""5512"",""channel"":""Microsoft-Windows-Sysmon/Operational"",""computer"":""DESKTOP-O7P9I53"",""severityValue"":""INFORMATION"",""message"":""\""Process Create:\r\nRuleName: -\r\nUtcTime: 2025-06-09 14:02:47.038\r\nProcessGuid: {154c2aaf-e987-6846-7000-000000001800}\r\nProcessId: 3880\r\nImage: C:\\Program Files (x86)\\Google\\GoogleUpdater\\138.0.7194.0\\updater.exe\r\nFileVersion: 138.0.7194.0\r\nDescription: Google Updater (x86)\r\nProduct: Google Updater (x86)\r\nCompany: Google LLC\r\nOriginalFileName: updater.exe\r\nCommandLine: \""C:\\Program Files (x86)\\Google\\GoogleUpdater\\138.0.7194.0\\updater.exe\"" --crash-handler --system \""--database=C:\\Program Files (x86)\\Google\\GoogleUpdater\\138.0.7194.0\\Crashpad\"" --url=https://clients2.google.com/cr/report --annotation=prod=Update4 --annotation=ver=138.0.7194.0 \""--attachment=C:\\Program Files (x86)\\Google\\GoogleUpdater\\updater.log\"" --initial-client-data=0x298,0x29c,0x2a0,0x274,0x2a4,0xe529c0,0xe529cc,0xe529d8\r\nCurrentDirectory: C:\\Windows\\system32\\\r\nUser: NT AUTHORITY\\SYSTEM\r\nLogonGuid: {154c2aaf-e981-6846-e703-000000000000}\r\nLogonId: 0x3E7\r\nTerminalSessionId: 0\r\nIntegrityLevel: System\r\nHashes: MD5=A1044445F76098186DE3B146ABDA9876,SHA256=8CA4F944172F0904B4D70E40A5D61B54439109502E7E3E20D71F8A83BEAD9CE8,IMPHASH=9888642409BEC5969301F0CDEA998BD2\r\nParentProcessGuid: {154c2aaf-e986-6846-6f00-000000001800}\r\nParentProcessId: 4092\r\nParentImage: C:\\Program Files (x86)\\Google\\GoogleUpdater\\138.0.7194.0\\updater.exe\r\nParentCommandLine: \""C:\\Program Files (x86)\\Google\\GoogleUpdater\\138.0.7194.0\\updater.exe\"" --system --windows-service --service=update\r\nParentUser: NT AUTHORITY\\SYSTEM\""""},""eventdata"":{""utcTime"":""2025-06-09 14:02:47.038"",""processGuid"":""{154c2aaf-e987-6846-7000-000000001800}"",""processId"":""3880"",""image"":""C:\\\\Program Files (x86)\\\\Google\\\\GoogleUpdater\\\\138.0.7194.0\\\\updater.exe"",""fileVersion"":""138.0.7194.0"",""description"":""Google Updater (x86)"",""product"":""Google Updater (x86)"",""company"":""Google LLC"",""originalFileName"":""updater.exe"",""commandLine"":""\\\""C:\\\\Program Files (x86)\\\\Google\\\\GoogleUpdater\\\\138.0.7194.0\\\\updater.exe\\\"" --crash-handler --system \\\""--database=C:\\\\Program Files (x86)\\\\Google\\\\GoogleUpdater\\\\138.0.7194.0\\\\Crashpad\\\"" --url=https://clients2.google.com/cr/report --annotation=prod=Update4 --annotation=ver=138.0.7194.0 \\\""--attachment=C:\\\\Program Files (x86)\\\\Google\\\\GoogleUpdater\\\\updater.log\\\"" --initial-client-data=0x298,0x29c,0x2a0,0x274,0x2a4,0xe529c0,0xe529cc,0xe529d8"",""currentDirectory"":""C:\\\\Windows\\\\system32\\\\"",""user"":""NT AUTHORITY\\\\SYSTEM"",""logonGuid"":""{154c2aaf-e981-6846-e703-000000000000}"",""logonId"":""0x3e7"",""terminalSessionId"":""0"",""integrityLevel"":""System"",""hashes"":""MD5=A1044445F76098186DE3B146ABDA9876,SHA256=8CA4F944172F0904B4D70E40A5D61B54439109502E7E3E20D71F8A83BEAD9CE8,IMPHASH=9888642409BEC5969301F0CDEA998BD2"",""parentProcessGuid"":""{154c2aaf-e986-6846-6f00-000000001800}"",""parentProcessId"":""4092"",""parentImage"":""C:\\\\Program Files (x86)\\\\Google\\\\GoogleUpdater\\\\138.0.7194.0\\\\updater.exe"",""parentCommandLine"":""\\\""C:\\\\Program Files (x86)\\\\Google\\\\GoogleUpdater\\\\138.0.7194.0\\\\updater.exe\\\"" --system --windows-service --service=update"",""parentUser"":""NT AUTHORITY\\\\SYSTEM""}}}",log,"Jun 9, 2025 @ 19:34:10.672",EventChannel,1749477850.328982,"Jun 9, 2025 @ 19:34:10.672", , , , , , , , , , , , , , , , , , , , , , , , , , , , , , , , , , , , , , , , , , , , , , , , , , , , , , , , , , , , , , , , , , , , , , , , , , , , , , , , , , , , , 
wazuh-alerts-4.x-2025.06.09,wKMBVZcB7NFPR1gL6DHf,1,1,192.168.254.162,DESKTOP-O7P9I53,001,hat-VMware-Virtual-Platform,unsecapp.dll,C:\\Windows\\System32\\wbem\\unsecapp.exe,Microsoft® Windows® Operating System,{154c2aaf-e981-6846-0d00-000000001800},Sink to receive asynchronous callbacks for WMI client application,{154c2aaf-e981-6846-e703-000000000000},C:\\Windows\\system32\\svchost.exe -k DcomLaunch -p,{154c2aaf-e987-6846-7600-000000001800},0x3e7,776,5336,C:\\Windows\\system32\\,2025-06-09 14:02:47.637,"MD5=074BC779F1A16A04A92D15C8A42C4FA9,SHA256=8A70E6F48EA1F05CE55CC5473491D344C8C194041F876C5892BFB05E94A9CBDF,IMPHASH=87E54E3D04D772F26002D8B564B2426C",C:\\Windows\\System32\\svchost.exe,Microsoft Corporation,C:\\Windows\\system32\\wbem\\unsecapp.exe -Embedding,System,10.0.19041.4474 (WinBuild.160101.0800),NT AUTHORITY\\SYSTEM,0,NT AUTHORITY\\SYSTEM,1,0x8000000000000000,{5770385f-c22a-43e0-bf4c-06f5698ffbd9},4,Microsoft-Windows-Sysmon/Operational,0,"""Process Create:
RuleName: -
UtcTime: 2025-06-09 14:02:47.637
ProcessGuid: {154c2aaf-e987-6846-7600-000000001800}
ProcessId: 5336
Image: C:\Windows\System32\wbem\unsecapp.exe
FileVersion: 10.0.19041.4474 (WinBuild.160101.0800)
Description: Sink to receive asynchronous callbacks for WMI client application
Product: Microsoft® Windows® Operating System
Company: Microsoft Corporation
OriginalFileName: unsecapp.dll
CommandLine: C:\Windows\system32\wbem\unsecapp.exe -Embedding
CurrentDirectory: C:\Windows\system32\
User: NT AUTHORITY\SYSTEM
LogonGuid: {154c2aaf-e981-6846-e703-000000000000}
LogonId: 0x3E7
TerminalSessionId: 0
IntegrityLevel: System
Hashes: MD5=074BC779F1A16A04A92D15C8A42C4FA9,SHA256=8A70E6F48EA1F05CE55CC5473491D344C8C194041F876C5892BFB05E94A9CBDF,IMPHASH=87E54E3D04D772F26002D8B564B2426C
ParentProcessGuid: {154c2aaf-e981-6846-0d00-000000001800}
ParentProcessId: 776
ParentImage: C:\Windows\System32\svchost.exe
ParentCommandLine: C:\Windows\system32\svchost.exe -k DcomLaunch -p
ParentUser: NT AUTHORITY\SYSTEM""",5,2025-06-09T14:02:48.8820979Z,30580,5512,DESKTOP-O7P9I53,1,3292,INFORMATION,Microsoft-Windows-Sysmon,33,false,5,Sysmon - Event 1: Process creation Sink to receive asynchronous callbacks for WMI client application,"[""windows"",""sysmon"",""sysmon_event1""]",61603,windows_eventchannel,"{""win"":{""system"":{""providerName"":""Microsoft-Windows-Sysmon"",""providerGuid"":""{5770385f-c22a-43e0-bf4c-06f5698ffbd9}"",""eventID"":""1"",""version"":""5"",""level"":""4"",""task"":""1"",""opcode"":""0"",""keywords"":""0x8000000000000000"",""systemTime"":""2025-06-09T14:02:48.8820979Z"",""eventRecordID"":""30580"",""processID"":""3292"",""threadID"":""5512"",""channel"":""Microsoft-Windows-Sysmon/Operational"",""computer"":""DESKTOP-O7P9I53"",""severityValue"":""INFORMATION"",""message"":""\""Process Create:\r\nRuleName: -\r\nUtcTime: 2025-06-09 14:02:47.637\r\nProcessGuid: {154c2aaf-e987-6846-7600-000000001800}\r\nProcessId: 5336\r\nImage: C:\\Windows\\System32\\wbem\\unsecapp.exe\r\nFileVersion: 10.0.19041.4474 (WinBuild.160101.0800)\r\nDescription: Sink to receive asynchronous callbacks for WMI client application\r\nProduct: Microsoft® Windows® Operating System\r\nCompany: Microsoft Corporation\r\nOriginalFileName: unsecapp.dll\r\nCommandLine: C:\\Windows\\system32\\wbem\\unsecapp.exe -Embedding\r\nCurrentDirectory: C:\\Windows\\system32\\\r\nUser: NT AUTHORITY\\SYSTEM\r\nLogonGuid: {154c2aaf-e981-6846-e703-000000000000}\r\nLogonId: 0x3E7\r\nTerminalSessionId: 0\r\nIntegrityLevel: System\r\nHashes: MD5=074BC779F1A16A04A92D15C8A42C4FA9,SHA256=8A70E6F48EA1F05CE55CC5473491D344C8C194041F876C5892BFB05E94A9CBDF,IMPHASH=87E54E3D04D772F26002D8B564B2426C\r\nParentProcessGuid: {154c2aaf-e981-6846-0d00-000000001800}\r\nParentProcessId: 776\r\nParentImage: C:\\Windows\\System32\\svchost.exe\r\nParentCommandLine: C:\\Windows\\system32\\svchost.exe -k DcomLaunch -p\r\nParentUser: NT AUTHORITY\\SYSTEM\""""},""eventdata"":{""utcTime"":""2025-06-09 14:02:47.637"",""processGuid"":""{154c2aaf-e987-6846-7600-000000001800}"",""processId"":""5336"",""image"":""C:\\\\Windows\\\\System32\\\\wbem\\\\unsecapp.exe"",""fileVersion"":""10.0.19041.4474 (WinBuild.160101.0800)"",""description"":""Sink to receive asynchronous callbacks for WMI client application"",""product"":""Microsoft® Windows® Operating System"",""company"":""Microsoft Corporation"",""originalFileName"":""unsecapp.dll"",""commandLine"":""C:\\\\Windows\\\\system32\\\\wbem\\\\unsecapp.exe -Embedding"",""currentDirectory"":""C:\\\\Windows\\\\system32\\\\"",""user"":""NT AUTHORITY\\\\SYSTEM"",""logonGuid"":""{154c2aaf-e981-6846-e703-000000000000}"",""logonId"":""0x3e7"",""terminalSessionId"":""0"",""integrityLevel"":""System"",""hashes"":""MD5=074BC779F1A16A04A92D15C8A42C4FA9,SHA256=8A70E6F48EA1F05CE55CC5473491D344C8C194041F876C5892BFB05E94A9CBDF,IMPHASH=87E54E3D04D772F26002D8B564B2426C"",""parentProcessGuid"":""{154c2aaf-e981-6846-0d00-000000001800}"",""parentProcessId"":""776"",""parentImage"":""C:\\\\Windows\\\\System32\\\\svchost.exe"",""parentCommandLine"":""C:\\\\Windows\\\\system32\\\\svchost.exe -k DcomLaunch -p"",""parentUser"":""NT AUTHORITY\\\\SYSTEM""}}}",log,"Jun 9, 2025 @ 19:34:10.736",EventChannel,1749477850.350135,"Jun 9, 2025 @ 19:34:10.736", , , , , , , , , , , , , , , , , , , , , , , , , , , , , , , , , , , , , , , , , , , , , , , , , , , , , , , , , , , , , , , , , , , , , , , , , , , , , , , , , , , , , 
wazuh-alerts-4.x-2025.06.09,waMBVZcB7NFPR1gL6DHf,1,1,192.168.254.162,DESKTOP-O7P9I53,001,hat-VMware-Virtual-Platform,TrustedInstaller.exe,C:\\Windows\\servicing\\TrustedInstaller.exe,Microsoft® Windows® Operating System,{154c2aaf-e981-6846-0b00-000000001800},Windows Modules Installer,{154c2aaf-e981-6846-e703-000000000000},C:\\Windows\\system32\\services.exe,{154c2aaf-e987-6846-7b00-000000001800},0x3e7,648,5632,C:\\Windows\\system32\\,2025-06-09 14:02:47.917,"MD5=CAC595F69E207F7F34A081EA46F08AAC,SHA256=8AE7DDD3333FCB14C9941B4B92D9317EB7821DC9734867C7CE02119CC2F30754,IMPHASH=0573E2F86BB45402DB86E0CB5DC66EDC",C:\\Windows\\System32\\services.exe,Microsoft Corporation,C:\\Windows\\servicing\\TrustedInstaller.exe,System,10.0.19041.5794 (WinBuild.160101.0800),NT AUTHORITY\\SYSTEM,0,NT AUTHORITY\\SYSTEM,1,0x8000000000000000,{5770385f-c22a-43e0-bf4c-06f5698ffbd9},4,Microsoft-Windows-Sysmon/Operational,0,"""Process Create:
RuleName: -
UtcTime: 2025-06-09 14:02:47.917
ProcessGuid: {154c2aaf-e987-6846-7b00-000000001800}
ProcessId: 5632
Image: C:\Windows\servicing\TrustedInstaller.exe
FileVersion: 10.0.19041.5794 (WinBuild.160101.0800)
Description: Windows Modules Installer
Product: Microsoft® Windows® Operating System
Company: Microsoft Corporation
OriginalFileName: TrustedInstaller.exe
CommandLine: C:\Windows\servicing\TrustedInstaller.exe
CurrentDirectory: C:\Windows\system32\
User: NT AUTHORITY\SYSTEM
LogonGuid: {154c2aaf-e981-6846-e703-000000000000}
LogonId: 0x3E7
TerminalSessionId: 0
IntegrityLevel: System
Hashes: MD5=CAC595F69E207F7F34A081EA46F08AAC,SHA256=8AE7DDD3333FCB14C9941B4B92D9317EB7821DC9734867C7CE02119CC2F30754,IMPHASH=0573E2F86BB45402DB86E0CB5DC66EDC
ParentProcessGuid: {154c2aaf-e981-6846-0b00-000000001800}
ParentProcessId: 648
ParentImage: C:\Windows\System32\services.exe
ParentCommandLine: C:\Windows\system32\services.exe
ParentUser: NT AUTHORITY\SYSTEM""",5,2025-06-09T14:02:48.8897433Z,30583,5512,DESKTOP-O7P9I53,1,3292,INFORMATION,Microsoft-Windows-Sysmon,34,false,5,Sysmon - Event 1: Process creation Windows Modules Installer,"[""windows"",""sysmon"",""sysmon_event1""]",61603,windows_eventchannel,"{""win"":{""system"":{""providerName"":""Microsoft-Windows-Sysmon"",""providerGuid"":""{5770385f-c22a-43e0-bf4c-06f5698ffbd9}"",""eventID"":""1"",""version"":""5"",""level"":""4"",""task"":""1"",""opcode"":""0"",""keywords"":""0x8000000000000000"",""systemTime"":""2025-06-09T14:02:48.8897433Z"",""eventRecordID"":""30583"",""processID"":""3292"",""threadID"":""5512"",""channel"":""Microsoft-Windows-Sysmon/Operational"",""computer"":""DESKTOP-O7P9I53"",""severityValue"":""INFORMATION"",""message"":""\""Process Create:\r\nRuleName: -\r\nUtcTime: 2025-06-09 14:02:47.917\r\nProcessGuid: {154c2aaf-e987-6846-7b00-000000001800}\r\nProcessId: 5632\r\nImage: C:\\Windows\\servicing\\TrustedInstaller.exe\r\nFileVersion: 10.0.19041.5794 (WinBuild.160101.0800)\r\nDescription: Windows Modules Installer\r\nProduct: Microsoft® Windows® Operating System\r\nCompany: Microsoft Corporation\r\nOriginalFileName: TrustedInstaller.exe\r\nCommandLine: C:\\Windows\\servicing\\TrustedInstaller.exe\r\nCurrentDirectory: C:\\Windows\\system32\\\r\nUser: NT AUTHORITY\\SYSTEM\r\nLogonGuid: {154c2aaf-e981-6846-e703-000000000000}\r\nLogonId: 0x3E7\r\nTerminalSessionId: 0\r\nIntegrityLevel: System\r\nHashes: MD5=CAC595F69E207F7F34A081EA46F08AAC,SHA256=8AE7DDD3333FCB14C9941B4B92D9317EB7821DC9734867C7CE02119CC2F30754,IMPHASH=0573E2F86BB45402DB86E0CB5DC66EDC\r\nParentProcessGuid: {154c2aaf-e981-6846-0b00-000000001800}\r\nParentProcessId: 648\r\nParentImage: C:\\Windows\\System32\\services.exe\r\nParentCommandLine: C:\\Windows\\system32\\services.exe\r\nParentUser: NT AUTHORITY\\SYSTEM\""""},""eventdata"":{""utcTime"":""2025-06-09 14:02:47.917"",""processGuid"":""{154c2aaf-e987-6846-7b00-000000001800}"",""processId"":""5632"",""image"":""C:\\\\Windows\\\\servicing\\\\TrustedInstaller.exe"",""fileVersion"":""10.0.19041.5794 (WinBuild.160101.0800)"",""description"":""Windows Modules Installer"",""product"":""Microsoft® Windows® Operating System"",""company"":""Microsoft Corporation"",""originalFileName"":""TrustedInstaller.exe"",""commandLine"":""C:\\\\Windows\\\\servicing\\\\TrustedInstaller.exe"",""currentDirectory"":""C:\\\\Windows\\\\system32\\\\"",""user"":""NT AUTHORITY\\\\SYSTEM"",""logonGuid"":""{154c2aaf-e981-6846-e703-000000000000}"",""logonId"":""0x3e7"",""terminalSessionId"":""0"",""integrityLevel"":""System"",""hashes"":""MD5=CAC595F69E207F7F34A081EA46F08AAC,SHA256=8AE7DDD3333FCB14C9941B4B92D9317EB7821DC9734867C7CE02119CC2F30754,IMPHASH=0573E2F86BB45402DB86E0CB5DC66EDC"",""parentProcessGuid"":""{154c2aaf-e981-6846-0b00-000000001800}"",""parentProcessId"":""648"",""parentImage"":""C:\\\\Windows\\\\System32\\\\services.exe"",""parentCommandLine"":""C:\\\\Windows\\\\system32\\\\services.exe"",""parentUser"":""NT AUTHORITY\\\\SYSTEM""}}}",log,"Jun 9, 2025 @ 19:34:10.763",EventChannel,1749477850.356025,"Jun 9, 2025 @ 19:34:10.763", , , , , , , , , , , , , , , , , , , , , , , , , , , , , , , , , , , , , , , , , , , , , , , , , , , , , , , , , , , , , , , , , , , , , , , , , , , , , , , , , , , , , 
wazuh-alerts-4.x-2025.06.09,xqMBVZcB7NFPR1gL6zFY,1,1,192.168.254.162,DESKTOP-O7P9I53,001,hat-VMware-Virtual-Platform, ,C:\\Windows\\system32\\wevtutil.exe, , , , , ,{154c2aaf-e988-6846-7d00-000000001800}, , ,5804, ,2025-06-09 14:02:48.596, , , , , , ,NT AUTHORITY\\SYSTEM, , ,13,0x8000000000000000,{5770385f-c22a-43e0-bf4c-06f5698ffbd9},4,Microsoft-Windows-Sysmon/Operational,0,"""Registry value set:
RuleName: -
EventType: SetValue
UtcTime: 2025-06-09 14:02:48.596
ProcessGuid: {154c2aaf-e988-6846-7d00-000000001800}
ProcessId: 5804
Image: C:\Windows\system32\wevtutil.exe
TargetObject: HKLM\SOFTWARE\Microsoft\Windows\CurrentVersion\WINEVT\Channels\Microsoft-Windows-Windows Defender/Operational\OwningPublisher
Details: {11cd958a-c507-4ef3-b3f2-5fd9dfbd2c78}
User: NT AUTHORITY\SYSTEM""",2,2025-06-09T14:02:48.9042954Z,30589,5512,DESKTOP-O7P9I53,13,3292,INFORMATION,Microsoft-Windows-Sysmon,8,false,5,Sysmon - Event 13: RegistryEvent SetValue on HKLM\\SOFTWARE\\Microsoft\\Windows\\CurrentVersion\\WINEVT\\Channels\\Microsoft-Windows-Windows Defender/Operational\\OwningPublisher by C:\\Windows\\system32\\wevtutil.exe,"[""windows"",""sysmon"",""sysmon_event_13""]",61615,windows_eventchannel,"{""win"":{""system"":{""providerName"":""Microsoft-Windows-Sysmon"",""providerGuid"":""{5770385f-c22a-43e0-bf4c-06f5698ffbd9}"",""eventID"":""13"",""version"":""2"",""level"":""4"",""task"":""13"",""opcode"":""0"",""keywords"":""0x8000000000000000"",""systemTime"":""2025-06-09T14:02:48.9042954Z"",""eventRecordID"":""30589"",""processID"":""3292"",""threadID"":""5512"",""channel"":""Microsoft-Windows-Sysmon/Operational"",""computer"":""DESKTOP-O7P9I53"",""severityValue"":""INFORMATION"",""message"":""\""Registry value set:\r\nRuleName: -\r\nEventType: SetValue\r\nUtcTime: 2025-06-09 14:02:48.596\r\nProcessGuid: {154c2aaf-e988-6846-7d00-000000001800}\r\nProcessId: 5804\r\nImage: C:\\Windows\\system32\\wevtutil.exe\r\nTargetObject: HKLM\\SOFTWARE\\Microsoft\\Windows\\CurrentVersion\\WINEVT\\Channels\\Microsoft-Windows-Windows Defender/Operational\\OwningPublisher\r\nDetails: {11cd958a-c507-4ef3-b3f2-5fd9dfbd2c78}\r\nUser: NT AUTHORITY\\SYSTEM\""""},""eventdata"":{""eventType"":""SetValue"",""utcTime"":""2025-06-09 14:02:48.596"",""processGuid"":""{154c2aaf-e988-6846-7d00-000000001800}"",""processId"":""5804"",""image"":""C:\\\\Windows\\\\system32\\\\wevtutil.exe"",""targetObject"":""HKLM\\\\SOFTWARE\\\\Microsoft\\\\Windows\\\\CurrentVersion\\\\WINEVT\\\\Channels\\\\Microsoft-Windows-Windows Defender/Operational\\\\OwningPublisher"",""details"":""{11cd958a-c507-4ef3-b3f2-5fd9dfbd2c78}"",""user"":""NT AUTHORITY\\\\SYSTEM""}}}",log,"Jun 9, 2025 @ 19:34:10.859",EventChannel,1749477850.388340,"Jun 9, 2025 @ 19:34:10.859", , , , , , , , , , , , , , , , , , , , , , , , , , , , , , , , , , , , , , , , , , , , , , , , , , , ,HKLM\\SOFTWARE\\Microsoft\\Windows\\CurrentVersion\\WINEVT\\Channels\\Microsoft-Windows-Windows Defender/Operational\\OwningPublisher, ,{11cd958a-c507-4ef3-b3f2-5fd9dfbd2c78},SetValue, , , , , , , , , , , , , , , , , , , , , , , , , , , , , , 
wazuh-alerts-4.x-2025.06.09,x6MBVZcB7NFPR1gL6zFY,1,1,192.168.254.162,DESKTOP-O7P9I53,001,hat-VMware-Virtual-Platform, ,C:\\Windows\\system32\\wevtutil.exe, , , , , ,{154c2aaf-e988-6846-7d00-000000001800}, , ,5804, ,2025-06-09 14:02:48.596, , , , , , ,NT AUTHORITY\\SYSTEM, , ,13,0x8000000000000000,{5770385f-c22a-43e0-bf4c-06f5698ffbd9},4,Microsoft-Windows-Sysmon/Operational,0,"""Registry value set:
RuleName: -
EventType: SetValue
UtcTime: 2025-06-09 14:02:48.596
ProcessGuid: {154c2aaf-e988-6846-7d00-000000001800}
ProcessId: 5804
Image: C:\Windows\system32\wevtutil.exe
TargetObject: HKLM\SOFTWARE\Microsoft\Windows\CurrentVersion\WINEVT\Channels\Microsoft-Windows-Windows Defender/Operational\Isolation
Details: DWORD (0x00000001)
User: NT AUTHORITY\SYSTEM""",2,2025-06-09T14:02:48.9044197Z,30591,5512,DESKTOP-O7P9I53,13,3292,INFORMATION,Microsoft-Windows-Sysmon,9,false,5,Sysmon - Event 13: RegistryEvent SetValue on HKLM\\SOFTWARE\\Microsoft\\Windows\\CurrentVersion\\WINEVT\\Channels\\Microsoft-Windows-Windows Defender/Operational\\Isolation by C:\\Windows\\system32\\wevtutil.exe,"[""windows"",""sysmon"",""sysmon_event_13""]",61615,windows_eventchannel,"{""win"":{""system"":{""providerName"":""Microsoft-Windows-Sysmon"",""providerGuid"":""{5770385f-c22a-43e0-bf4c-06f5698ffbd9}"",""eventID"":""13"",""version"":""2"",""level"":""4"",""task"":""13"",""opcode"":""0"",""keywords"":""0x8000000000000000"",""systemTime"":""2025-06-09T14:02:48.9044197Z"",""eventRecordID"":""30591"",""processID"":""3292"",""threadID"":""5512"",""channel"":""Microsoft-Windows-Sysmon/Operational"",""computer"":""DESKTOP-O7P9I53"",""severityValue"":""INFORMATION"",""message"":""\""Registry value set:\r\nRuleName: -\r\nEventType: SetValue\r\nUtcTime: 2025-06-09 14:02:48.596\r\nProcessGuid: {154c2aaf-e988-6846-7d00-000000001800}\r\nProcessId: 5804\r\nImage: C:\\Windows\\system32\\wevtutil.exe\r\nTargetObject: HKLM\\SOFTWARE\\Microsoft\\Windows\\CurrentVersion\\WINEVT\\Channels\\Microsoft-Windows-Windows Defender/Operational\\Isolation\r\nDetails: DWORD (0x00000001)\r\nUser: NT AUTHORITY\\SYSTEM\""""},""eventdata"":{""eventType"":""SetValue"",""utcTime"":""2025-06-09 14:02:48.596"",""processGuid"":""{154c2aaf-e988-6846-7d00-000000001800}"",""processId"":""5804"",""image"":""C:\\\\Windows\\\\system32\\\\wevtutil.exe"",""targetObject"":""HKLM\\\\SOFTWARE\\\\Microsoft\\\\Windows\\\\CurrentVersion\\\\WINEVT\\\\Channels\\\\Microsoft-Windows-Windows Defender/Operational\\\\Isolation"",""details"":""DWORD (0x00000001)"",""user"":""NT AUTHORITY\\\\SYSTEM""}}}",log,"Jun 9, 2025 @ 19:34:10.890",EventChannel,1749477850.391512,"Jun 9, 2025 @ 19:34:10.890", , , , , , , , , , , , , , , , , , , , , , , , , , , , , , , , , , , , , , , , , , , , , , , , , , , ,HKLM\\SOFTWARE\\Microsoft\\Windows\\CurrentVersion\\WINEVT\\Channels\\Microsoft-Windows-Windows Defender/Operational\\Isolation, ,DWORD (0x00000001),SetValue, , , , , , , , , , , , , , , , , , , , , , , , , , , , , , 
wazuh-alerts-4.x-2025.06.09,yaMBVZcB7NFPR1gL6zFY,1,1,192.168.254.162,DESKTOP-O7P9I53,001,hat-VMware-Virtual-Platform, ,C:\\Windows\\system32\\wevtutil.exe, , , , , ,{154c2aaf-e988-6846-7d00-000000001800}, , ,5804, ,2025-06-09 14:02:48.596, , , , , , ,NT AUTHORITY\\SYSTEM, , ,13,0x8000000000000000,{5770385f-c22a-43e0-bf4c-06f5698ffbd9},4,Microsoft-Windows-Sysmon/Operational,0,"""Registry value set:
RuleName: -
EventType: SetValue
UtcTime: 2025-06-09 14:02:48.596
ProcessGuid: {154c2aaf-e988-6846-7d00-000000001800}
ProcessId: 5804
Image: C:\Windows\system32\wevtutil.exe
TargetObject: HKLM\SOFTWARE\Microsoft\Windows\CurrentVersion\WINEVT\Channels\Microsoft-Windows-Windows Defender/Operational\ChannelAccess
Details: O:BAG:SYD:(A;;0xf0007;;;SY)(A;;0x7;;;BA)(A;;0x3;;;BO)(A;;0x5;;;SO)(A;;0x1;;;IU)(A;;0x3;;;SU)(A;;0x1;;;S-1-5-3)(A;;0x2;;;S-1-5-33)(A;;0x1;;;S-1-5-32-573)
User: NT AUTHORITY\SYSTEM""",2,2025-06-09T14:02:48.9044624Z,30592,5512,DESKTOP-O7P9I53,13,3292,INFORMATION,Microsoft-Windows-Sysmon,11,false,5,Sysmon - Event 13: RegistryEvent SetValue on HKLM\\SOFTWARE\\Microsoft\\Windows\\CurrentVersion\\WINEVT\\Channels\\Microsoft-Windows-Windows Defender/Operational\\ChannelAccess by C:\\Windows\\system32\\wevtutil.exe,"[""windows"",""sysmon"",""sysmon_event_13""]",61615,windows_eventchannel,"{""win"":{""system"":{""providerName"":""Microsoft-Windows-Sysmon"",""providerGuid"":""{5770385f-c22a-43e0-bf4c-06f5698ffbd9}"",""eventID"":""13"",""version"":""2"",""level"":""4"",""task"":""13"",""opcode"":""0"",""keywords"":""0x8000000000000000"",""systemTime"":""2025-06-09T14:02:48.9044624Z"",""eventRecordID"":""30592"",""processID"":""3292"",""threadID"":""5512"",""channel"":""Microsoft-Windows-Sysmon/Operational"",""computer"":""DESKTOP-O7P9I53"",""severityValue"":""INFORMATION"",""message"":""\""Registry value set:\r\nRuleName: -\r\nEventType: SetValue\r\nUtcTime: 2025-06-09 14:02:48.596\r\nProcessGuid: {154c2aaf-e988-6846-7d00-000000001800}\r\nProcessId: 5804\r\nImage: C:\\Windows\\system32\\wevtutil.exe\r\nTargetObject: HKLM\\SOFTWARE\\Microsoft\\Windows\\CurrentVersion\\WINEVT\\Channels\\Microsoft-Windows-Windows Defender/Operational\\ChannelAccess\r\nDetails: O:BAG:SYD:(A;;0xf0007;;;SY)(A;;0x7;;;BA)(A;;0x3;;;BO)(A;;0x5;;;SO)(A;;0x1;;;IU)(A;;0x3;;;SU)(A;;0x1;;;S-1-5-3)(A;;0x2;;;S-1-5-33)(A;;0x1;;;S-1-5-32-573)\r\nUser: NT AUTHORITY\\SYSTEM\""""},""eventdata"":{""eventType"":""SetValue"",""utcTime"":""2025-06-09 14:02:48.596"",""processGuid"":""{154c2aaf-e988-6846-7d00-000000001800}"",""processId"":""5804"",""image"":""C:\\\\Windows\\\\system32\\\\wevtutil.exe"",""targetObject"":""HKLM\\\\SOFTWARE\\\\Microsoft\\\\Windows\\\\CurrentVersion\\\\WINEVT\\\\Channels\\\\Microsoft-Windows-Windows Defender/Operational\\\\ChannelAccess"",""details"":""O:BAG:SYD:(A;;0xf0007;;;SY)(A;;0x7;;;BA)(A;;0x3;;;BO)(A;;0x5;;;SO)(A;;0x1;;;IU)(A;;0x3;;;SU)(A;;0x1;;;S-1-5-3)(A;;0x2;;;S-1-5-33)(A;;0x1;;;S-1-5-32-573)"",""user"":""NT AUTHORITY\\\\SYSTEM""}}}",log,"Jun 9, 2025 @ 19:34:10.919",EventChannel,1749477850.397626,"Jun 9, 2025 @ 19:34:10.919", , , , , , , , , , , , , , , , , , , , , , , , , , , , , , , , , , , , , , , , , , , , , , , , , , , ,HKLM\\SOFTWARE\\Microsoft\\Windows\\CurrentVersion\\WINEVT\\Channels\\Microsoft-Windows-Windows Defender/Operational\\ChannelAccess, ,O:BAG:SYD:(A;;0xf0007;;;SY)(A;;0x7;;;BA)(A;;0x3;;;BO)(A;;0x5;;;SO)(A;;0x1;;;IU)(A;;0x3;;;SU)(A;;0x1;;;S-1-5-3)(A;;0x2;;;S-1-5-33)(A;;0x1;;;S-1-5-32-573),SetValue, , , , , , , , , , , , , , , , , , , , , , , , , , , , , , 
wazuh-alerts-4.x-2025.06.09,zaMBVZcB7NFPR1gL6zFY,1,1,192.168.254.162,DESKTOP-O7P9I53,001,hat-VMware-Virtual-Platform, ,C:\\Windows\\system32\\wevtutil.exe, , , , , ,{154c2aaf-e988-6846-7d00-000000001800}, , ,5804, ,2025-06-09 14:02:48.596, , , , , , ,NT AUTHORITY\\SYSTEM, , ,13,0x8000000000000000,{5770385f-c22a-43e0-bf4c-06f5698ffbd9},4,Microsoft-Windows-Sysmon/Operational,0,"""Registry value set:
RuleName: -
EventType: SetValue
UtcTime: 2025-06-09 14:02:48.596
ProcessGuid: {154c2aaf-e988-6846-7d00-000000001800}
ProcessId: 5804
Image: C:\Windows\system32\wevtutil.exe
TargetObject: HKLM\SOFTWARE\Microsoft\Windows\CurrentVersion\WINEVT\Channels\Microsoft-Windows-Windows Defender/WHC\OwningPublisher
Details: {11cd958a-c507-4ef3-b3f2-5fd9dfbd2c78}
User: NT AUTHORITY\SYSTEM""",2,2025-06-09T14:02:48.9046655Z,30596,5512,DESKTOP-O7P9I53,13,3292,INFORMATION,Microsoft-Windows-Sysmon,15,false,5,Sysmon - Event 13: RegistryEvent SetValue on HKLM\\SOFTWARE\\Microsoft\\Windows\\CurrentVersion\\WINEVT\\Channels\\Microsoft-Windows-Windows Defender/WHC\\OwningPublisher by C:\\Windows\\system32\\wevtutil.exe,"[""windows"",""sysmon"",""sysmon_event_13""]",61615,windows_eventchannel,"{""win"":{""system"":{""providerName"":""Microsoft-Windows-Sysmon"",""providerGuid"":""{5770385f-c22a-43e0-bf4c-06f5698ffbd9}"",""eventID"":""13"",""version"":""2"",""level"":""4"",""task"":""13"",""opcode"":""0"",""keywords"":""0x8000000000000000"",""systemTime"":""2025-06-09T14:02:48.9046655Z"",""eventRecordID"":""30596"",""processID"":""3292"",""threadID"":""5512"",""channel"":""Microsoft-Windows-Sysmon/Operational"",""computer"":""DESKTOP-O7P9I53"",""severityValue"":""INFORMATION"",""message"":""\""Registry value set:\r\nRuleName: -\r\nEventType: SetValue\r\nUtcTime: 2025-06-09 14:02:48.596\r\nProcessGuid: {154c2aaf-e988-6846-7d00-000000001800}\r\nProcessId: 5804\r\nImage: C:\\Windows\\system32\\wevtutil.exe\r\nTargetObject: HKLM\\SOFTWARE\\Microsoft\\Windows\\CurrentVersion\\WINEVT\\Channels\\Microsoft-Windows-Windows Defender/WHC\\OwningPublisher\r\nDetails: {11cd958a-c507-4ef3-b3f2-5fd9dfbd2c78}\r\nUser: NT AUTHORITY\\SYSTEM\""""},""eventdata"":{""eventType"":""SetValue"",""utcTime"":""2025-06-09 14:02:48.596"",""processGuid"":""{154c2aaf-e988-6846-7d00-000000001800}"",""processId"":""5804"",""image"":""C:\\\\Windows\\\\system32\\\\wevtutil.exe"",""targetObject"":""HKLM\\\\SOFTWARE\\\\Microsoft\\\\Windows\\\\CurrentVersion\\\\WINEVT\\\\Channels\\\\Microsoft-Windows-Windows Defender/WHC\\\\OwningPublisher"",""details"":""{11cd958a-c507-4ef3-b3f2-5fd9dfbd2c78}"",""user"":""NT AUTHORITY\\\\SYSTEM""}}}",log,"Jun 9, 2025 @ 19:34:10.983",EventChannel,1749477850.410410,"Jun 9, 2025 @ 19:34:10.983", , , , , , , , , , , , , , , , , , , , , , , , , , , , , , , , , , , , , , , , , , , , , , , , , , , ,HKLM\\SOFTWARE\\Microsoft\\Windows\\CurrentVersion\\WINEVT\\Channels\\Microsoft-Windows-Windows Defender/WHC\\OwningPublisher, ,{11cd958a-c507-4ef3-b3f2-5fd9dfbd2c78},SetValue, , , , , , , , , , , , , , , , , , , , , , , , , , , , , , 
wazuh-alerts-4.x-2025.06.09,z6MBVZcB7NFPR1gL6zFY,1,1,192.168.254.162,DESKTOP-O7P9I53,001,hat-VMware-Virtual-Platform, ,C:\\Windows\\system32\\wevtutil.exe, , , , , ,{154c2aaf-e988-6846-7d00-000000001800}, , ,5804, ,2025-06-09 14:02:48.596, , , , , , ,NT AUTHORITY\\SYSTEM, , ,13,0x8000000000000000,{5770385f-c22a-43e0-bf4c-06f5698ffbd9},4,Microsoft-Windows-Sysmon/Operational,0,"""Registry value set:
RuleName: -
EventType: SetValue
UtcTime: 2025-06-09 14:02:48.596
ProcessGuid: {154c2aaf-e988-6846-7d00-000000001800}
ProcessId: 5804
Image: C:\Windows\system32\wevtutil.exe
TargetObject: HKLM\SOFTWARE\Microsoft\Windows\CurrentVersion\WINEVT\Channels\Microsoft-Windows-Windows Defender/WHC\Isolation
Details: DWORD (0x00000001)
User: NT AUTHORITY\SYSTEM""",2,2025-06-09T14:02:48.9047399Z,30598,5512,DESKTOP-O7P9I53,13,3292,INFORMATION,Microsoft-Windows-Sysmon,17,false,5,Sysmon - Event 13: RegistryEvent SetValue on HKLM\\SOFTWARE\\Microsoft\\Windows\\CurrentVersion\\WINEVT\\Channels\\Microsoft-Windows-Windows Defender/WHC\\Isolation by C:\\Windows\\system32\\wevtutil.exe,"[""windows"",""sysmon"",""sysmon_event_13""]",61615,windows_eventchannel,"{""win"":{""system"":{""providerName"":""Microsoft-Windows-Sysmon"",""providerGuid"":""{5770385f-c22a-43e0-bf4c-06f5698ffbd9}"",""eventID"":""13"",""version"":""2"",""level"":""4"",""task"":""13"",""opcode"":""0"",""keywords"":""0x8000000000000000"",""systemTime"":""2025-06-09T14:02:48.9047399Z"",""eventRecordID"":""30598"",""processID"":""3292"",""threadID"":""5512"",""channel"":""Microsoft-Windows-Sysmon/Operational"",""computer"":""DESKTOP-O7P9I53"",""severityValue"":""INFORMATION"",""message"":""\""Registry value set:\r\nRuleName: -\r\nEventType: SetValue\r\nUtcTime: 2025-06-09 14:02:48.596\r\nProcessGuid: {154c2aaf-e988-6846-7d00-000000001800}\r\nProcessId: 5804\r\nImage: C:\\Windows\\system32\\wevtutil.exe\r\nTargetObject: HKLM\\SOFTWARE\\Microsoft\\Windows\\CurrentVersion\\WINEVT\\Channels\\Microsoft-Windows-Windows Defender/WHC\\Isolation\r\nDetails: DWORD (0x00000001)\r\nUser: NT AUTHORITY\\SYSTEM\""""},""eventdata"":{""eventType"":""SetValue"",""utcTime"":""2025-06-09 14:02:48.596"",""processGuid"":""{154c2aaf-e988-6846-7d00-000000001800}"",""processId"":""5804"",""image"":""C:\\\\Windows\\\\system32\\\\wevtutil.exe"",""targetObject"":""HKLM\\\\SOFTWARE\\\\Microsoft\\\\Windows\\\\CurrentVersion\\\\WINEVT\\\\Channels\\\\Microsoft-Windows-Windows Defender/WHC\\\\Isolation"",""details"":""DWORD (0x00000001)"",""user"":""NT AUTHORITY\\\\SYSTEM""}}}",log,"Jun 9, 2025 @ 19:34:11.014",EventChannel,1749477851.416554,"Jun 9, 2025 @ 19:34:11.014", , , , , , , , , , , , , , , , , , , , , , , , , , , , , , , , , , , , , , , , , , , , , , , , , , , ,HKLM\\SOFTWARE\\Microsoft\\Windows\\CurrentVersion\\WINEVT\\Channels\\Microsoft-Windows-Windows Defender/WHC\\Isolation, ,DWORD (0x00000001),SetValue, , , , , , , , , , , , , , , , , , , , , , , , , , , , , , 
wazuh-alerts-4.x-2025.06.09,0qMBVZcB7NFPR1gL6zFY,1,1,192.168.254.162,DESKTOP-O7P9I53,001,hat-VMware-Virtual-Platform, ,C:\\Windows\\system32\\wevtutil.exe, , , , , ,{154c2aaf-e988-6846-7d00-000000001800}, , ,5804, ,2025-06-09 14:02:48.596, , , , , , ,NT AUTHORITY\\SYSTEM, , ,13,0x8000000000000000,{5770385f-c22a-43e0-bf4c-06f5698ffbd9},4,Microsoft-Windows-Sysmon/Operational,0,"""Registry value set:
RuleName: -
EventType: SetValue
UtcTime: 2025-06-09 14:02:48.596
ProcessGuid: {154c2aaf-e988-6846-7d00-000000001800}
ProcessId: 5804
Image: C:\Windows\system32\wevtutil.exe
TargetObject: HKLM\SOFTWARE\Microsoft\Windows\CurrentVersion\WINEVT\Channels\Microsoft-Windows-Windows Defender/WHC\MaxSizeUpper
Details: DWORD (0x00000000)
User: NT AUTHORITY\SYSTEM""",2,2025-06-09T14:02:48.9048687Z,30601,5512,DESKTOP-O7P9I53,13,3292,INFORMATION,Microsoft-Windows-Sysmon,20,false,5,Sysmon - Event 13: RegistryEvent SetValue on HKLM\\SOFTWARE\\Microsoft\\Windows\\CurrentVersion\\WINEVT\\Channels\\Microsoft-Windows-Windows Defender/WHC\\MaxSizeUpper by C:\\Windows\\system32\\wevtutil.exe,"[""windows"",""sysmon"",""sysmon_event_13""]",61615,windows_eventchannel,"{""win"":{""system"":{""providerName"":""Microsoft-Windows-Sysmon"",""providerGuid"":""{5770385f-c22a-43e0-bf4c-06f5698ffbd9}"",""eventID"":""13"",""version"":""2"",""level"":""4"",""task"":""13"",""opcode"":""0"",""keywords"":""0x8000000000000000"",""systemTime"":""2025-06-09T14:02:48.9048687Z"",""eventRecordID"":""30601"",""processID"":""3292"",""threadID"":""5512"",""channel"":""Microsoft-Windows-Sysmon/Operational"",""computer"":""DESKTOP-O7P9I53"",""severityValue"":""INFORMATION"",""message"":""\""Registry value set:\r\nRuleName: -\r\nEventType: SetValue\r\nUtcTime: 2025-06-09 14:02:48.596\r\nProcessGuid: {154c2aaf-e988-6846-7d00-000000001800}\r\nProcessId: 5804\r\nImage: C:\\Windows\\system32\\wevtutil.exe\r\nTargetObject: HKLM\\SOFTWARE\\Microsoft\\Windows\\CurrentVersion\\WINEVT\\Channels\\Microsoft-Windows-Windows Defender/WHC\\MaxSizeUpper\r\nDetails: DWORD (0x00000000)\r\nUser: NT AUTHORITY\\SYSTEM\""""},""eventdata"":{""eventType"":""SetValue"",""utcTime"":""2025-06-09 14:02:48.596"",""processGuid"":""{154c2aaf-e988-6846-7d00-000000001800}"",""processId"":""5804"",""image"":""C:\\\\Windows\\\\system32\\\\wevtutil.exe"",""targetObject"":""HKLM\\\\SOFTWARE\\\\Microsoft\\\\Windows\\\\CurrentVersion\\\\WINEVT\\\\Channels\\\\Microsoft-Windows-Windows Defender/WHC\\\\MaxSizeUpper"",""details"":""DWORD (0x00000000)"",""user"":""NT AUTHORITY\\\\SYSTEM""}}}",log,"Jun 9, 2025 @ 19:34:11.050",EventChannel,1749477851.426166,"Jun 9, 2025 @ 19:34:11.050", , , , , , , , , , , , , , , , , , , , , , , , , , , , , , , , , , , , , , , , , , , , , , , , , , , ,HKLM\\SOFTWARE\\Microsoft\\Windows\\CurrentVersion\\WINEVT\\Channels\\Microsoft-Windows-Windows Defender/WHC\\MaxSizeUpper, ,DWORD (0x00000000),SetValue, , , , , , , , , , , , , , , , , , , , , , , , , , , , , , 
wazuh-alerts-4.x-2025.06.09,1KMBVZcB7NFPR1gL6zFY,1,1,192.168.254.162,DESKTOP-O7P9I53,001,hat-VMware-Virtual-Platform, ,C:\\Windows\\system32\\wevtutil.exe, , , , , ,{154c2aaf-e988-6846-7d00-000000001800}, , ,5804, ,2025-06-09 14:02:48.596, , , , , , ,NT AUTHORITY\\SYSTEM, , ,13,0x8000000000000000,{5770385f-c22a-43e0-bf4c-06f5698ffbd9},4,Microsoft-Windows-Sysmon/Operational,0,"""Registry value set:
RuleName: -
EventType: SetValue
UtcTime: 2025-06-09 14:02:48.596
ProcessGuid: {154c2aaf-e988-6846-7d00-000000001800}
ProcessId: 5804
Image: C:\Windows\system32\wevtutil.exe
TargetObject: HKLM\SOFTWARE\Microsoft\Windows\CurrentVersion\WINEVT\Channels\Microsoft-Windows-Windows Defender/WHC\Type
Details: DWORD (0x00000001)
User: NT AUTHORITY\SYSTEM""",2,2025-06-09T14:02:48.9049059Z,30602,5512,DESKTOP-O7P9I53,13,3292,INFORMATION,Microsoft-Windows-Sysmon,21,false,5,Sysmon - Event 13: RegistryEvent SetValue on HKLM\\SOFTWARE\\Microsoft\\Windows\\CurrentVersion\\WINEVT\\Channels\\Microsoft-Windows-Windows Defender/WHC\\Type by C:\\Windows\\system32\\wevtutil.exe,"[""windows"",""sysmon"",""sysmon_event_13""]",61615,windows_eventchannel,"{""win"":{""system"":{""providerName"":""Microsoft-Windows-Sysmon"",""providerGuid"":""{5770385f-c22a-43e0-bf4c-06f5698ffbd9}"",""eventID"":""13"",""version"":""2"",""level"":""4"",""task"":""13"",""opcode"":""0"",""keywords"":""0x8000000000000000"",""systemTime"":""2025-06-09T14:02:48.9049059Z"",""eventRecordID"":""30602"",""processID"":""3292"",""threadID"":""5512"",""channel"":""Microsoft-Windows-Sysmon/Operational"",""computer"":""DESKTOP-O7P9I53"",""severityValue"":""INFORMATION"",""message"":""\""Registry value set:\r\nRuleName: -\r\nEventType: SetValue\r\nUtcTime: 2025-06-09 14:02:48.596\r\nProcessGuid: {154c2aaf-e988-6846-7d00-000000001800}\r\nProcessId: 5804\r\nImage: C:\\Windows\\system32\\wevtutil.exe\r\nTargetObject: HKLM\\SOFTWARE\\Microsoft\\Windows\\CurrentVersion\\WINEVT\\Channels\\Microsoft-Windows-Windows Defender/WHC\\Type\r\nDetails: DWORD (0x00000001)\r\nUser: NT AUTHORITY\\SYSTEM\""""},""eventdata"":{""eventType"":""SetValue"",""utcTime"":""2025-06-09 14:02:48.596"",""processGuid"":""{154c2aaf-e988-6846-7d00-000000001800}"",""processId"":""5804"",""image"":""C:\\\\Windows\\\\system32\\\\wevtutil.exe"",""targetObject"":""HKLM\\\\SOFTWARE\\\\Microsoft\\\\Windows\\\\CurrentVersion\\\\WINEVT\\\\Channels\\\\Microsoft-Windows-Windows Defender/WHC\\\\Type"",""details"":""DWORD (0x00000001)"",""user"":""NT AUTHORITY\\\\SYSTEM""}}}",log,"Jun 9, 2025 @ 19:34:11.076",EventChannel,1749477851.435695,"Jun 9, 2025 @ 19:34:11.076", , , , , , , , , , , , , , , , , , , , , , , , , , , , , , , , , , , , , , , , , , , , , , , , , , , ,HKLM\\SOFTWARE\\Microsoft\\Windows\\CurrentVersion\\WINEVT\\Channels\\Microsoft-Windows-Windows Defender/WHC\\Type, ,DWORD (0x00000001),SetValue, , , , , , , , , , , , , , , , , , , , , , , , , , , , , , 
wazuh-alerts-4.x-2025.06.09,1aMBVZcB7NFPR1gL6zFY,1,1,192.168.254.162,DESKTOP-O7P9I53,001,hat-VMware-Virtual-Platform,MSDTC.EXE,C:\\Windows\\System32\\msdtc.exe,Microsoft® Windows® Operating System,{154c2aaf-e981-6846-0b00-000000001800},Microsoft Distributed Transaction Coordinator Service,{154c2aaf-e982-6846-e403-000000000000},C:\\Windows\\system32\\services.exe,{154c2aaf-e989-6846-8400-000000001800},0x3e4,648,6132,C:\\Windows\\system32\\,2025-06-09 14:02:49.377,"MD5=B53248F671202A55E1DC812E9D955B9F,SHA256=C8543A07C195130F7D615C101FAC90FFA1AE38137E06BD6AAABB51E6F0184C7C,IMPHASH=3C631DEDC9C5020EEA535C9B35C97488",C:\\Windows\\System32\\services.exe,Microsoft Corporation,C:\\Windows\\System32\\msdtc.exe,System,2001.12.10941.16384 (WinBuild.160101.0800),NT AUTHORITY\\NETWORK SERVICE,0,NT AUTHORITY\\SYSTEM,1,0x8000000000000000,{5770385f-c22a-43e0-bf4c-06f5698ffbd9},4,Microsoft-Windows-Sysmon/Operational,0,"""Process Create:
RuleName: -
UtcTime: 2025-06-09 14:02:49.377
ProcessGuid: {154c2aaf-e989-6846-8400-000000001800}
ProcessId: 6132
Image: C:\Windows\System32\msdtc.exe
FileVersion: 2001.12.10941.16384 (WinBuild.160101.0800)
Description: Microsoft Distributed Transaction Coordinator Service
Product: Microsoft® Windows® Operating System
Company: Microsoft Corporation
OriginalFileName: MSDTC.EXE
CommandLine: C:\Windows\System32\msdtc.exe
CurrentDirectory: C:\Windows\system32\
User: NT AUTHORITY\NETWORK SERVICE
LogonGuid: {154c2aaf-e982-6846-e403-000000000000}
LogonId: 0x3E4
TerminalSessionId: 0
IntegrityLevel: System
Hashes: MD5=B53248F671202A55E1DC812E9D955B9F,SHA256=C8543A07C195130F7D615C101FAC90FFA1AE38137E06BD6AAABB51E6F0184C7C,IMPHASH=3C631DEDC9C5020EEA535C9B35C97488
ParentProcessGuid: {154c2aaf-e981-6846-0b00-000000001800}
ParentProcessId: 648
ParentImage: C:\Windows\System32\services.exe
ParentCommandLine: C:\Windows\system32\services.exe
ParentUser: NT AUTHORITY\SYSTEM""",5,2025-06-09T14:02:49.3807836Z,30604,5512,DESKTOP-O7P9I53,1,3292,INFORMATION,Microsoft-Windows-Sysmon,40,false,5,Sysmon - Event 1: Process creation Microsoft Distributed Transaction Coordinator Service,"[""windows"",""sysmon"",""sysmon_event1""]",61603,windows_eventchannel,"{""win"":{""system"":{""providerName"":""Microsoft-Windows-Sysmon"",""providerGuid"":""{5770385f-c22a-43e0-bf4c-06f5698ffbd9}"",""eventID"":""1"",""version"":""5"",""level"":""4"",""task"":""1"",""opcode"":""0"",""keywords"":""0x8000000000000000"",""systemTime"":""2025-06-09T14:02:49.3807836Z"",""eventRecordID"":""30604"",""processID"":""3292"",""threadID"":""5512"",""channel"":""Microsoft-Windows-Sysmon/Operational"",""computer"":""DESKTOP-O7P9I53"",""severityValue"":""INFORMATION"",""message"":""\""Process Create:\r\nRuleName: -\r\nUtcTime: 2025-06-09 14:02:49.377\r\nProcessGuid: {154c2aaf-e989-6846-8400-000000001800}\r\nProcessId: 6132\r\nImage: C:\\Windows\\System32\\msdtc.exe\r\nFileVersion: 2001.12.10941.16384 (WinBuild.160101.0800)\r\nDescription: Microsoft Distributed Transaction Coordinator Service\r\nProduct: Microsoft® Windows® Operating System\r\nCompany: Microsoft Corporation\r\nOriginalFileName: MSDTC.EXE\r\nCommandLine: C:\\Windows\\System32\\msdtc.exe\r\nCurrentDirectory: C:\\Windows\\system32\\\r\nUser: NT AUTHORITY\\NETWORK SERVICE\r\nLogonGuid: {154c2aaf-e982-6846-e403-000000000000}\r\nLogonId: 0x3E4\r\nTerminalSessionId: 0\r\nIntegrityLevel: System\r\nHashes: MD5=B53248F671202A55E1DC812E9D955B9F,SHA256=C8543A07C195130F7D615C101FAC90FFA1AE38137E06BD6AAABB51E6F0184C7C,IMPHASH=3C631DEDC9C5020EEA535C9B35C97488\r\nParentProcessGuid: {154c2aaf-e981-6846-0b00-000000001800}\r\nParentProcessId: 648\r\nParentImage: C:\\Windows\\System32\\services.exe\r\nParentCommandLine: C:\\Windows\\system32\\services.exe\r\nParentUser: NT AUTHORITY\\SYSTEM\""""},""eventdata"":{""utcTime"":""2025-06-09 14:02:49.377"",""processGuid"":""{154c2aaf-e989-6846-8400-000000001800}"",""processId"":""6132"",""image"":""C:\\\\Windows\\\\System32\\\\msdtc.exe"",""fileVersion"":""2001.12.10941.16384 (WinBuild.160101.0800)"",""description"":""Microsoft Distributed Transaction Coordinator Service"",""product"":""Microsoft® Windows® Operating System"",""company"":""Microsoft Corporation"",""originalFileName"":""MSDTC.EXE"",""commandLine"":""C:\\\\Windows\\\\System32\\\\msdtc.exe"",""currentDirectory"":""C:\\\\Windows\\\\system32\\\\"",""user"":""NT AUTHORITY\\\\NETWORK SERVICE"",""logonGuid"":""{154c2aaf-e982-6846-e403-000000000000}"",""logonId"":""0x3e4"",""terminalSessionId"":""0"",""integrityLevel"":""System"",""hashes"":""MD5=B53248F671202A55E1DC812E9D955B9F,SHA256=C8543A07C195130F7D615C101FAC90FFA1AE38137E06BD6AAABB51E6F0184C7C,IMPHASH=3C631DEDC9C5020EEA535C9B35C97488"",""parentProcessGuid"":""{154c2aaf-e981-6846-0b00-000000001800}"",""parentProcessId"":""648"",""parentImage"":""C:\\\\Windows\\\\System32\\\\services.exe"",""parentCommandLine"":""C:\\\\Windows\\\\system32\\\\services.exe"",""parentUser"":""NT AUTHORITY\\\\SYSTEM""}}}",log,"Jun 9, 2025 @ 19:34:11.111",EventChannel,1749477851.438692,"Jun 9, 2025 @ 19:34:11.111", , , , , , , , , , , , , , , , , , , , , , , , , , , , , , , , , , , , , , , , , , , , , , , , , , , , , , , , , , , , , , , , , , , , , , , , , , , , , , , , , , , , , 
wazuh-alerts-4.x-2025.06.09,16MBVZcB7NFPR1gL6zFY,1,1,192.168.254.162,DESKTOP-O7P9I53,001,hat-VMware-Virtual-Platform, ,C:\\Windows\\System32\\AggregatorHost.exe, ,{154c2aaf-e984-6846-4400-000000001800}, ,{154c2aaf-e981-6846-e703-000000000000},C:\\Windows\\System32\\svchost.exe -k utcsvc -p,{154c2aaf-e989-6846-8700-000000001800},0x3e7,3044,5668,C:\\Windows\\system32\\,2025-06-09 14:02:49.786,"MD5=87E7B6059C233FA58BAE1636D25E4F92,SHA256=60B048B1E7EDBD61798F2518CF6207035A6AD3595AC214EB7BD0D1DF1E9F4BA8,IMPHASH=1D912FBA09E7394BDABB7BC6B6A6CDA1",C:\\Windows\\System32\\svchost.exe, ,AggregatorHost.exe,System, ,NT AUTHORITY\\SYSTEM,0,NT AUTHORITY\\SYSTEM,1,0x8000000000000000,{5770385f-c22a-43e0-bf4c-06f5698ffbd9},4,Microsoft-Windows-Sysmon/Operational,0,"""Process Create:
RuleName: -
UtcTime: 2025-06-09 14:02:49.786
ProcessGuid: {154c2aaf-e989-6846-8700-000000001800}
ProcessId: 5668
Image: C:\Windows\System32\AggregatorHost.exe
FileVersion: -
Description: -
Product: -
Company: -
OriginalFileName: -
CommandLine: AggregatorHost.exe
CurrentDirectory: C:\Windows\system32\
User: NT AUTHORITY\SYSTEM
LogonGuid: {154c2aaf-e981-6846-e703-000000000000}
LogonId: 0x3E7
TerminalSessionId: 0
IntegrityLevel: System
Hashes: MD5=87E7B6059C233FA58BAE1636D25E4F92,SHA256=60B048B1E7EDBD61798F2518CF6207035A6AD3595AC214EB7BD0D1DF1E9F4BA8,IMPHASH=1D912FBA09E7394BDABB7BC6B6A6CDA1
ParentProcessGuid: {154c2aaf-e984-6846-4400-000000001800}
ParentProcessId: 3044
ParentImage: C:\Windows\System32\svchost.exe
ParentCommandLine: C:\Windows\System32\svchost.exe -k utcsvc -p
ParentUser: NT AUTHORITY\SYSTEM""",5,2025-06-09T14:02:49.8103280Z,30606,5512,DESKTOP-O7P9I53,1,3292,INFORMATION,Microsoft-Windows-Sysmon,42,false,5,Sysmon - Event 1: Process creation ,"[""windows"",""sysmon"",""sysmon_event1""]",61603,windows_eventchannel,"{""win"":{""system"":{""providerName"":""Microsoft-Windows-Sysmon"",""providerGuid"":""{5770385f-c22a-43e0-bf4c-06f5698ffbd9}"",""eventID"":""1"",""version"":""5"",""level"":""4"",""task"":""1"",""opcode"":""0"",""keywords"":""0x8000000000000000"",""systemTime"":""2025-06-09T14:02:49.8103280Z"",""eventRecordID"":""30606"",""processID"":""3292"",""threadID"":""5512"",""channel"":""Microsoft-Windows-Sysmon/Operational"",""computer"":""DESKTOP-O7P9I53"",""severityValue"":""INFORMATION"",""message"":""\""Process Create:\r\nRuleName: -\r\nUtcTime: 2025-06-09 14:02:49.786\r\nProcessGuid: {154c2aaf-e989-6846-8700-000000001800}\r\nProcessId: 5668\r\nImage: C:\\Windows\\System32\\AggregatorHost.exe\r\nFileVersion: -\r\nDescription: -\r\nProduct: -\r\nCompany: -\r\nOriginalFileName: -\r\nCommandLine: AggregatorHost.exe\r\nCurrentDirectory: C:\\Windows\\system32\\\r\nUser: NT AUTHORITY\\SYSTEM\r\nLogonGuid: {154c2aaf-e981-6846-e703-000000000000}\r\nLogonId: 0x3E7\r\nTerminalSessionId: 0\r\nIntegrityLevel: System\r\nHashes: MD5=87E7B6059C233FA58BAE1636D25E4F92,SHA256=60B048B1E7EDBD61798F2518CF6207035A6AD3595AC214EB7BD0D1DF1E9F4BA8,IMPHASH=1D912FBA09E7394BDABB7BC6B6A6CDA1\r\nParentProcessGuid: {154c2aaf-e984-6846-4400-000000001800}\r\nParentProcessId: 3044\r\nParentImage: C:\\Windows\\System32\\svchost.exe\r\nParentCommandLine: C:\\Windows\\System32\\svchost.exe -k utcsvc -p\r\nParentUser: NT AUTHORITY\\SYSTEM\""""},""eventdata"":{""utcTime"":""2025-06-09 14:02:49.786"",""processGuid"":""{154c2aaf-e989-6846-8700-000000001800}"",""processId"":""5668"",""image"":""C:\\\\Windows\\\\System32\\\\AggregatorHost.exe"",""commandLine"":""AggregatorHost.exe"",""currentDirectory"":""C:\\\\Windows\\\\system32\\\\"",""user"":""NT AUTHORITY\\\\SYSTEM"",""logonGuid"":""{154c2aaf-e981-6846-e703-000000000000}"",""logonId"":""0x3e7"",""terminalSessionId"":""0"",""integrityLevel"":""System"",""hashes"":""MD5=87E7B6059C233FA58BAE1636D25E4F92,SHA256=60B048B1E7EDBD61798F2518CF6207035A6AD3595AC214EB7BD0D1DF1E9F4BA8,IMPHASH=1D912FBA09E7394BDABB7BC6B6A6CDA1"",""parentProcessGuid"":""{154c2aaf-e984-6846-4400-000000001800}"",""parentProcessId"":""3044"",""parentImage"":""C:\\\\Windows\\\\System32\\\\svchost.exe"",""parentCommandLine"":""C:\\\\Windows\\\\System32\\\\svchost.exe -k utcsvc -p"",""parentUser"":""NT AUTHORITY\\\\SYSTEM""}}}",log,"Jun 9, 2025 @ 19:34:11.139",EventChannel,1749477851.452140,"Jun 9, 2025 @ 19:34:11.139", , , , , , , , , , , , , , , , , , , , , , , , , , , , , , , , , , , , , , , , , , , , , , , , , , , , , , , , , , , , , , , , , , , , , , , , , , , , , , , , , , , , , 
