wazuh-alerts-4.x-2025.06.09,eeADVZcBD7y1GXNG2YWP,1,1,192.168.254.162,DESKTOP-O7P9I53,001,hat-VMware-Virtual-Platform,updater.exe,C:\\Program Files (x86)\\Google\\GoogleUpdater\\138.0.7194.0\\updater.exe,Google Updater (x86),{154c2aaf-e981-6846-0b00-000000001800},Google Updater (x86),{154c2aaf-e981-6846-e703-000000000000},C:\\Windows\\system32\\services.exe,{154c2aaf-ea38-6846-3b01-000000001800},0x3e7,648,1504,C:\\Windows\\system32\\,2025-06-09 14:05:44.562,"MD5=A1044445F76098186DE3B146ABDA9876,SHA256=8CA4F944172F0904B4D70E40A5D61B54439109502E7E3E20D71F8A83BEAD9CE8,IMPHASH=9888642409BEC5969301F0CDEA998BD2",C:\\Windows\\System32\\services.exe,Google LLC,"\""C:\\Program Files (x86)\\Google\\GoogleUpdater\\138.0.7194.0\\updater.exe\"" --system --windows-service --service=update-internal",System,138.0.7194.0,NT AUTHORITY\\SYSTEM,0,NT AUTHORITY\\SYSTEM,1,0x8000000000000000,{5770385f-c22a-43e0-bf4c-06f5698ffbd9},4,Microsoft-Windows-Sysmon/Operational,0,"""Process Create:
RuleName: -
UtcTime: 2025-06-09 14:05:44.562
ProcessGuid: {154c2aaf-ea38-6846-3b01-000000001800}
ProcessId: 1504
Image: C:\Program Files (x86)\Google\GoogleUpdater\138.0.7194.0\updater.exe
FileVersion: 138.0.7194.0
Description: Google Updater (x86)
Product: Google Updater (x86)
Company: Google LLC
OriginalFileName: updater.exe
CommandLine: ""C:\Program Files (x86)\Google\GoogleUpdater\138.0.7194.0\updater.exe"" --system --windows-service --service=update-internal
CurrentDirectory: C:\Windows\system32\
User: NT AUTHORITY\SYSTEM
LogonGuid: {154c2aaf-e981-6846-e703-000000000000}
LogonId: 0x3E7
TerminalSessionId: 0
IntegrityLevel: System
Hashes: MD5=A1044445F76098186DE3B146ABDA9876,SHA256=8CA4F944172F0904B4D70E40A5D61B54439109502E7E3E20D71F8A83BEAD9CE8,IMPHASH=9888642409BEC5969301F0CDEA998BD2
ParentProcessGuid: {154c2aaf-e981-6846-0b00-000000001800}
ParentProcessId: 648
ParentImage: C:\Windows\System32\services.exe
ParentCommandLine: C:\Windows\system32\services.exe
ParentUser: NT AUTHORITY\SYSTEM""",5,2025-06-09T14:05:44.5656778Z,30734,5512,DESKTOP-O7P9I53,1,3292,INFORMATION,Microsoft-Windows-Sysmon,18,false,5,Sysmon - Event 1: Process creation Google Updater (x86),"[""windows"",""sysmon"",""sysmon_event1""]",61603,windows_eventchannel,"{""win"":{""system"":{""providerName"":""Microsoft-Windows-Sysmon"",""providerGuid"":""{5770385f-c22a-43e0-bf4c-06f5698ffbd9}"",""eventID"":""1"",""version"":""5"",""level"":""4"",""task"":""1"",""opcode"":""0"",""keywords"":""0x8000000000000000"",""systemTime"":""2025-06-09T14:05:44.5656778Z"",""eventRecordID"":""30734"",""processID"":""3292"",""threadID"":""5512"",""channel"":""Microsoft-Windows-Sysmon/Operational"",""computer"":""DESKTOP-O7P9I53"",""severityValue"":""INFORMATION"",""message"":""\""Process Create:\r\nRuleName: -\r\nUtcTime: 2025-06-09 14:05:44.562\r\nProcessGuid: {154c2aaf-ea38-6846-3b01-000000001800}\r\nProcessId: 1504\r\nImage: C:\\Program Files (x86)\\Google\\GoogleUpdater\\138.0.7194.0\\updater.exe\r\nFileVersion: 138.0.7194.0\r\nDescription: Google Updater (x86)\r\nProduct: Google Updater (x86)\r\nCompany: Google LLC\r\nOriginalFileName: updater.exe\r\nCommandLine: \""C:\\Program Files (x86)\\Google\\GoogleUpdater\\138.0.7194.0\\updater.exe\"" --system --windows-service --service=update-internal\r\nCurrentDirectory: C:\\Windows\\system32\\\r\nUser: NT AUTHORITY\\SYSTEM\r\nLogonGuid: {154c2aaf-e981-6846-e703-000000000000}\r\nLogonId: 0x3E7\r\nTerminalSessionId: 0\r\nIntegrityLevel: System\r\nHashes: MD5=A1044445F76098186DE3B146ABDA9876,SHA256=8CA4F944172F0904B4D70E40A5D61B54439109502E7E3E20D71F8A83BEAD9CE8,IMPHASH=9888642409BEC5969301F0CDEA998BD2\r\nParentProcessGuid: {154c2aaf-e981-6846-0b00-000000001800}\r\nParentProcessId: 648\r\nParentImage: C:\\Windows\\System32\\services.exe\r\nParentCommandLine: C:\\Windows\\system32\\services.exe\r\nParentUser: NT AUTHORITY\\SYSTEM\""""},""eventdata"":{""utcTime"":""2025-06-09 14:05:44.562"",""processGuid"":""{154c2aaf-ea38-6846-3b01-000000001800}"",""processId"":""1504"",""image"":""C:\\\\Program Files (x86)\\\\Google\\\\GoogleUpdater\\\\138.0.7194.0\\\\updater.exe"",""fileVersion"":""138.0.7194.0"",""description"":""Google Updater (x86)"",""product"":""Google Updater (x86)"",""company"":""Google LLC"",""originalFileName"":""updater.exe"",""commandLine"":""\\\""C:\\\\Program Files (x86)\\\\Google\\\\GoogleUpdater\\\\138.0.7194.0\\\\updater.exe\\\"" --system --windows-service --service=update-internal"",""currentDirectory"":""C:\\\\Windows\\\\system32\\\\"",""user"":""NT AUTHORITY\\\\SYSTEM"",""logonGuid"":""{154c2aaf-e981-6846-e703-000000000000}"",""logonId"":""0x3e7"",""terminalSessionId"":""0"",""integrityLevel"":""System"",""hashes"":""MD5=A1044445F76098186DE3B146ABDA9876,SHA256=8CA4F944172F0904B4D70E40A5D61B54439109502E7E3E20D71F8A83BEAD9CE8,IMPHASH=9888642409BEC5969301F0CDEA998BD2"",""parentProcessGuid"":""{154c2aaf-e981-6846-0b00-000000001800}"",""parentProcessId"":""648"",""parentImage"":""C:\\\\Windows\\\\System32\\\\services.exe"",""parentCommandLine"":""C:\\\\Windows\\\\system32\\\\services.exe"",""parentUser"":""NT AUTHORITY\\\\SYSTEM""}}}",log,"Jun 9, 2025 @ 19:35:45.306",EventChannel,1749477945.1102442,"Jun 9, 2025 @ 19:35:45.306", , , , , , , , , , , , , , , , , , , , , , , , , , , , , , , , , , , , , , , , , , , , , , , , , , , , , , , , , , , , , , , , , , , , , , , , , , , , , , , , , , , , , 
wazuh-alerts-4.x-2025.06.09,fuADVZcBD7y1GXNG2YWP,1,1,192.168.254.162,DESKTOP-O7P9I53,001,hat-VMware-Virtual-Platform,RUXIMICS.exe,C:\\Program Files\\RUXIM\\RUXIMICS.exe,Microsoft® Windows® Operating System,{154c2aaf-ea36-6846-2201-000000001800},Reusable UX Interaction Manager,{154c2aaf-e981-6846-e703-000000000000},"\""C:\\Program Files\\RUXIM\\PLUGscheduler.exe\""",{154c2aaf-ea3a-6846-4101-000000001800},0x3e7,2796,1144,C:\\Program Files\\RUXIM\\,2025-06-09 14:05:46.296,"MD5=A24BE562FE541B7EB25D630145C83207,SHA256=3BDD8C774071B82A08629F271D14A8FB0C096A3C279E797377E034B03A217949,IMPHASH=6C7A79ED0D9D243FE605E8569621DC8C",C:\\Program Files\\RUXIM\\PLUGScheduler.exe,Microsoft Corporation,%%ProgramFiles%%\\RUXIM\\RUXIMICS.EXE /nonetwork,System,10.0.19041.5067 (WinBuild.160101.0800),NT AUTHORITY\\SYSTEM,0,NT AUTHORITY\\SYSTEM,1,0x8000000000000000,{5770385f-c22a-43e0-bf4c-06f5698ffbd9},4,Microsoft-Windows-Sysmon/Operational,0,"""Process Create:
RuleName: -
UtcTime: 2025-06-09 14:05:46.296
ProcessGuid: {154c2aaf-ea3a-6846-4101-000000001800}
ProcessId: 1144
Image: C:\Program Files\RUXIM\RUXIMICS.exe
FileVersion: 10.0.19041.5067 (WinBuild.160101.0800)
Description: Reusable UX Interaction Manager
Product: Microsoft® Windows® Operating System
Company: Microsoft Corporation
OriginalFileName: RUXIMICS.exe
CommandLine: %%ProgramFiles%%\RUXIM\RUXIMICS.EXE /nonetwork
CurrentDirectory: C:\Program Files\RUXIM\
User: NT AUTHORITY\SYSTEM
LogonGuid: {154c2aaf-e981-6846-e703-000000000000}
LogonId: 0x3E7
TerminalSessionId: 0
IntegrityLevel: System
Hashes: MD5=A24BE562FE541B7EB25D630145C83207,SHA256=3BDD8C774071B82A08629F271D14A8FB0C096A3C279E797377E034B03A217949,IMPHASH=6C7A79ED0D9D243FE605E8569621DC8C
ParentProcessGuid: {154c2aaf-ea36-6846-2201-000000001800}
ParentProcessId: 2796
ParentImage: C:\Program Files\RUXIM\PLUGScheduler.exe
ParentCommandLine: ""C:\Program Files\RUXIM\PLUGscheduler.exe""
ParentUser: NT AUTHORITY\SYSTEM""",5,2025-06-09T14:05:46.2985724Z,30739,5512,DESKTOP-O7P9I53,1,3292,INFORMATION,Microsoft-Windows-Sysmon,22,false,5,Sysmon - Event 1: Process creation Reusable UX Interaction Manager,"[""windows"",""sysmon"",""sysmon_event1""]",61603,windows_eventchannel,"{""win"":{""system"":{""providerName"":""Microsoft-Windows-Sysmon"",""providerGuid"":""{5770385f-c22a-43e0-bf4c-06f5698ffbd9}"",""eventID"":""1"",""version"":""5"",""level"":""4"",""task"":""1"",""opcode"":""0"",""keywords"":""0x8000000000000000"",""systemTime"":""2025-06-09T14:05:46.2985724Z"",""eventRecordID"":""30739"",""processID"":""3292"",""threadID"":""5512"",""channel"":""Microsoft-Windows-Sysmon/Operational"",""computer"":""DESKTOP-O7P9I53"",""severityValue"":""INFORMATION"",""message"":""\""Process Create:\r\nRuleName: -\r\nUtcTime: 2025-06-09 14:05:46.296\r\nProcessGuid: {154c2aaf-ea3a-6846-4101-000000001800}\r\nProcessId: 1144\r\nImage: C:\\Program Files\\RUXIM\\RUXIMICS.exe\r\nFileVersion: 10.0.19041.5067 (WinBuild.160101.0800)\r\nDescription: Reusable UX Interaction Manager\r\nProduct: Microsoft® Windows® Operating System\r\nCompany: Microsoft Corporation\r\nOriginalFileName: RUXIMICS.exe\r\nCommandLine: %%ProgramFiles%%\\RUXIM\\RUXIMICS.EXE /nonetwork\r\nCurrentDirectory: C:\\Program Files\\RUXIM\\\r\nUser: NT AUTHORITY\\SYSTEM\r\nLogonGuid: {154c2aaf-e981-6846-e703-000000000000}\r\nLogonId: 0x3E7\r\nTerminalSessionId: 0\r\nIntegrityLevel: System\r\nHashes: MD5=A24BE562FE541B7EB25D630145C83207,SHA256=3BDD8C774071B82A08629F271D14A8FB0C096A3C279E797377E034B03A217949,IMPHASH=6C7A79ED0D9D243FE605E8569621DC8C\r\nParentProcessGuid: {154c2aaf-ea36-6846-2201-000000001800}\r\nParentProcessId: 2796\r\nParentImage: C:\\Program Files\\RUXIM\\PLUGScheduler.exe\r\nParentCommandLine: \""C:\\Program Files\\RUXIM\\PLUGscheduler.exe\""\r\nParentUser: NT AUTHORITY\\SYSTEM\""""},""eventdata"":{""utcTime"":""2025-06-09 14:05:46.296"",""processGuid"":""{154c2aaf-ea3a-6846-4101-000000001800}"",""processId"":""1144"",""image"":""C:\\\\Program Files\\\\RUXIM\\\\RUXIMICS.exe"",""fileVersion"":""10.0.19041.5067 (WinBuild.160101.0800)"",""description"":""Reusable UX Interaction Manager"",""product"":""Microsoft® Windows® Operating System"",""company"":""Microsoft Corporation"",""originalFileName"":""RUXIMICS.exe"",""commandLine"":""%%ProgramFiles%%\\\\RUXIM\\\\RUXIMICS.EXE /nonetwork"",""currentDirectory"":""C:\\\\Program Files\\\\RUXIM\\\\"",""user"":""NT AUTHORITY\\\\SYSTEM"",""logonGuid"":""{154c2aaf-e981-6846-e703-000000000000}"",""logonId"":""0x3e7"",""terminalSessionId"":""0"",""integrityLevel"":""System"",""hashes"":""MD5=A24BE562FE541B7EB25D630145C83207,SHA256=3BDD8C774071B82A08629F271D14A8FB0C096A3C279E797377E034B03A217949,IMPHASH=6C7A79ED0D9D243FE605E8569621DC8C"",""parentProcessGuid"":""{154c2aaf-ea36-6846-2201-000000001800}"",""parentProcessId"":""2796"",""parentImage"":""C:\\\\Program Files\\\\RUXIM\\\\PLUGScheduler.exe"",""parentCommandLine"":""\\\""C:\\\\Program Files\\\\RUXIM\\\\PLUGscheduler.exe\\\"""",""parentUser"":""NT AUTHORITY\\\\SYSTEM""}}}",log,"Jun 9, 2025 @ 19:35:46.772",EventChannel,1749477946.1132686,"Jun 9, 2025 @ 19:35:46.772", , , , , , , , , , , , , , , , , , , , , , , , , , , , , , , , , , , , , , , , , , , , , , , , , , , , , , , , , , , , , , , , , , , , , , , , , , , , , , , , , , , , , 
wazuh-alerts-4.x-2025.06.09,geADVZcBD7y1GXNG2YWP,1,1, ,hat-VMware-Virtual-Platform,000,hat-VMware-Virtual-Platform, , , , , , , , , , , , , , , , , , , , , , , , , , , , , , , , , , , , , , ,1,false,3,PAM: Login session opened.,"[""pam"",""syslog"",""authentication_success""]",5501,pam,Jun 09 14:05:48 hat-VMware-Virtual-Platform sudo[7803]: pam_unix(sudo:session): session opened for user root(uid=0) by hat(uid=1000),log,"Jun 9, 2025 @ 19:35:48.868",journald,1749477948.1146006,"Jun 9, 2025 @ 19:35:48.868", , ,"[""Valid Accounts""]","[""T1078""]","[""Defense Evasion"",""Persistence"",""Privilege Escalation"",""Initial Access""]", , , , , , , , , , , , , , , , , ,"[""10.2.5""]","[""164.312.b""]","[""CC6.8"",""CC7.2"",""CC7.3""]","[""AU.14"",""AC.7""]","[""IV_32.2""]","[""7.8"",""7.9""]", , , , , , , , , , ,hat-VMware-Virtual-Platform,sudo,Jun 09 14:05:48,hat,root(uid=0), , , ,pam, , , , , , , , ,1000, , , , , , , , , , , , , , , , , , , , , , , , , , , , , 
wazuh-alerts-4.x-2025.06.09,ieADVZcBD7y1GXNG24VH,1,1,192.168.254.162,DESKTOP-O7P9I53,001,hat-VMware-Virtual-Platform, ,C:\\Windows\\System32\\svchost.exe, , , , , ,{154c2aaf-e984-6846-4400-000000001800}, , ,3044, ,2025-06-09 14:05:58.950, , , , , , ,NT AUTHORITY\\SYSTEM, , ,13,0x8000000000000000,{5770385f-c22a-43e0-bf4c-06f5698ffbd9},4,Microsoft-Windows-Sysmon/Operational,0,"""Registry value set:
RuleName: InvDB-Path
EventType: SetValue
UtcTime: 2025-06-09 14:05:58.950
ProcessGuid: {154c2aaf-e984-6846-4400-000000001800}
ProcessId: 3044
Image: C:\Windows\System32\svchost.exe
TargetObject: \REGISTRY\A\{4fc400b6-a755-4f91-a203-75735e25b097}\Root\InventoryApplicationFile\microsoftedge_x6|d66ff9a7fe71b57b\LowerCaseLongPath
Details: c:\program files (x86)\microsoft\edgeupdate\install\{98bf926b-54c2-461a-9855-ea9671b54b57}\microsoftedge_x64_137.0.3296.68_137.0.3296.62.exe
User: NT AUTHORITY\SYSTEM""",2,2025-06-09T14:05:58.9556080Z,30747,5512,DESKTOP-O7P9I53,13,3292,INFORMATION,Microsoft-Windows-Sysmon,2,false,5,Sysmon - Event 13: RegistryEvent SetValue on \\REGISTRY\\A\\{4fc400b6-a755-4f91-a203-75735e25b097}\\Root\\InventoryApplicationFile\\microsoftedge_x6|d66ff9a7fe71b57b\\LowerCaseLongPath by C:\\Windows\\System32\\svchost.exe,"[""windows"",""sysmon"",""sysmon_event_13""]",61615,windows_eventchannel,"{""win"":{""system"":{""providerName"":""Microsoft-Windows-Sysmon"",""providerGuid"":""{5770385f-c22a-43e0-bf4c-06f5698ffbd9}"",""eventID"":""13"",""version"":""2"",""level"":""4"",""task"":""13"",""opcode"":""0"",""keywords"":""0x8000000000000000"",""systemTime"":""2025-06-09T14:05:58.9556080Z"",""eventRecordID"":""30747"",""processID"":""3292"",""threadID"":""5512"",""channel"":""Microsoft-Windows-Sysmon/Operational"",""computer"":""DESKTOP-O7P9I53"",""severityValue"":""INFORMATION"",""message"":""\""Registry value set:\r\nRuleName: InvDB-Path\r\nEventType: SetValue\r\nUtcTime: 2025-06-09 14:05:58.950\r\nProcessGuid: {154c2aaf-e984-6846-4400-000000001800}\r\nProcessId: 3044\r\nImage: C:\\Windows\\System32\\svchost.exe\r\nTargetObject: \\REGISTRY\\A\\{4fc400b6-a755-4f91-a203-75735e25b097}\\Root\\InventoryApplicationFile\\microsoftedge_x6|d66ff9a7fe71b57b\\LowerCaseLongPath\r\nDetails: c:\\program files (x86)\\microsoft\\edgeupdate\\install\\{98bf926b-54c2-461a-9855-ea9671b54b57}\\microsoftedge_x64_137.0.3296.68_137.0.3296.62.exe\r\nUser: NT AUTHORITY\\SYSTEM\""""},""eventdata"":{""ruleName"":""InvDB-Path"",""eventType"":""SetValue"",""utcTime"":""2025-06-09 14:05:58.950"",""processGuid"":""{154c2aaf-e984-6846-4400-000000001800}"",""processId"":""3044"",""image"":""C:\\\\Windows\\\\System32\\\\svchost.exe"",""targetObject"":""\\\\REGISTRY\\\\A\\\\{4fc400b6-a755-4f91-a203-75735e25b097}\\\\Root\\\\InventoryApplicationFile\\\\microsoftedge_x6|d66ff9a7fe71b57b\\\\LowerCaseLongPath"",""details"":""c:\\\\program files (x86)\\\\microsoft\\\\edgeupdate\\\\install\\\\{98bf926b-54c2-461a-9855-ea9671b54b57}\\\\microsoftedge_x64_137.0.3296.68_137.0.3296.62.exe"",""user"":""NT AUTHORITY\\\\SYSTEM""}}}",log,"Jun 9, 2025 @ 19:36:00.275",EventChannel,1749477960.1184709,"Jun 9, 2025 @ 19:36:00.275", , , , , , , , , , , , , , , , , , , , , , , , , , , , , , , , , , , , , , , , , , , , , , , , , , , ,\\REGISTRY\\A\\{4fc400b6-a755-4f91-a203-75735e25b097}\\Root\\InventoryApplicationFile\\microsoftedge_x6|d66ff9a7fe71b57b\\LowerCaseLongPath,InvDB-Path,c:\\program files (x86)\\microsoft\\edgeupdate\\install\\{98bf926b-54c2-461a-9855-ea9671b54b57}\\microsoftedge_x64_137.0.3296.68_137.0.3296.62.exe,SetValue, , , , , , , , , , , , , , , , , , , , , , , , , , , , , , 
wazuh-alerts-4.x-2025.06.09,iuADVZcBD7y1GXNG24VH,1,1,192.168.254.162,DESKTOP-O7P9I53,001,hat-VMware-Virtual-Platform, ,C:\\Windows\\System32\\svchost.exe, , , , , ,{154c2aaf-e984-6846-4400-000000001800}, , ,3044, ,2025-06-09 14:05:58.950, , , , , , ,NT AUTHORITY\\SYSTEM, , ,13,0x8000000000000000,{5770385f-c22a-43e0-bf4c-06f5698ffbd9},4,Microsoft-Windows-Sysmon/Operational,0,"""Registry value set:
RuleName: InvDB-CompileTimeClaim
EventType: SetValue
UtcTime: 2025-06-09 14:05:58.950
ProcessGuid: {154c2aaf-e984-6846-4400-000000001800}
ProcessId: 3044
Image: C:\Windows\System32\svchost.exe
TargetObject: \REGISTRY\A\{4fc400b6-a755-4f91-a203-75735e25b097}\Root\InventoryApplicationFile\microsoftedge_x6|d66ff9a7fe71b57b\LinkDate
Details: 06/06/2025 03:20:38
User: NT AUTHORITY\SYSTEM""",2,2025-06-09T14:05:58.9560396Z,30749,5512,DESKTOP-O7P9I53,13,3292,INFORMATION,Microsoft-Windows-Sysmon,3,false,5,Sysmon - Event 13: RegistryEvent SetValue on \\REGISTRY\\A\\{4fc400b6-a755-4f91-a203-75735e25b097}\\Root\\InventoryApplicationFile\\microsoftedge_x6|d66ff9a7fe71b57b\\LinkDate by C:\\Windows\\System32\\svchost.exe,"[""windows"",""sysmon"",""sysmon_event_13""]",61615,windows_eventchannel,"{""win"":{""system"":{""providerName"":""Microsoft-Windows-Sysmon"",""providerGuid"":""{5770385f-c22a-43e0-bf4c-06f5698ffbd9}"",""eventID"":""13"",""version"":""2"",""level"":""4"",""task"":""13"",""opcode"":""0"",""keywords"":""0x8000000000000000"",""systemTime"":""2025-06-09T14:05:58.9560396Z"",""eventRecordID"":""30749"",""processID"":""3292"",""threadID"":""5512"",""channel"":""Microsoft-Windows-Sysmon/Operational"",""computer"":""DESKTOP-O7P9I53"",""severityValue"":""INFORMATION"",""message"":""\""Registry value set:\r\nRuleName: InvDB-CompileTimeClaim\r\nEventType: SetValue\r\nUtcTime: 2025-06-09 14:05:58.950\r\nProcessGuid: {154c2aaf-e984-6846-4400-000000001800}\r\nProcessId: 3044\r\nImage: C:\\Windows\\System32\\svchost.exe\r\nTargetObject: \\REGISTRY\\A\\{4fc400b6-a755-4f91-a203-75735e25b097}\\Root\\InventoryApplicationFile\\microsoftedge_x6|d66ff9a7fe71b57b\\LinkDate\r\nDetails: 06/06/2025 03:20:38\r\nUser: NT AUTHORITY\\SYSTEM\""""},""eventdata"":{""ruleName"":""InvDB-CompileTimeClaim"",""eventType"":""SetValue"",""utcTime"":""2025-06-09 14:05:58.950"",""processGuid"":""{154c2aaf-e984-6846-4400-000000001800}"",""processId"":""3044"",""image"":""C:\\\\Windows\\\\System32\\\\svchost.exe"",""targetObject"":""\\\\REGISTRY\\\\A\\\\{4fc400b6-a755-4f91-a203-75735e25b097}\\\\Root\\\\InventoryApplicationFile\\\\microsoftedge_x6|d66ff9a7fe71b57b\\\\LinkDate"",""details"":""06/06/2025 03:20:38"",""user"":""NT AUTHORITY\\\\SYSTEM""}}}",log,"Jun 9, 2025 @ 19:36:00.288",EventChannel,1749477960.1188421,"Jun 9, 2025 @ 19:36:00.288", , , , , , , , , , , , , , , , , , , , , , , , , , , , , , , , , , , , , , , , , , , , , , , , , , , ,\\REGISTRY\\A\\{4fc400b6-a755-4f91-a203-75735e25b097}\\Root\\InventoryApplicationFile\\microsoftedge_x6|d66ff9a7fe71b57b\\LinkDate,InvDB-CompileTimeClaim,06/06/2025 03:20:38,SetValue, , , , , , , , , , , , , , , , , , , , , , , , , , , , , , 
wazuh-alerts-4.x-2025.06.09,jOADVZcBD7y1GXNG24VH,1,1,192.168.254.162,DESKTOP-O7P9I53,001,hat-VMware-Virtual-Platform, ,C:\\Windows\\System32\\svchost.exe, , , , , ,{154c2aaf-e984-6846-4400-000000001800}, , ,3044, ,2025-06-09 14:05:58.982, , , , , , ,NT AUTHORITY\\SYSTEM, , ,13,0x8000000000000000,{5770385f-c22a-43e0-bf4c-06f5698ffbd9},4,Microsoft-Windows-Sysmon/Operational,0,"""Registry value set:
RuleName: InvDB-Path
EventType: SetValue
UtcTime: 2025-06-09 14:05:58.982
ProcessGuid: {154c2aaf-e984-6846-4400-000000001800}
ProcessId: 3044
Image: C:\Windows\System32\svchost.exe
TargetObject: \REGISTRY\A\{4fc400b6-a755-4f91-a203-75735e25b097}\Root\InventoryApplicationFile\setup.exe|2eb7a05ca2aa4c6\LowerCaseLongPath
Details: c:\program files (x86)\microsoft\edgeupdate\install\{98bf926b-54c2-461a-9855-ea9671b54b57}\edgemitmp_b97f5.tmp\setup.exe
User: NT AUTHORITY\SYSTEM""",2,2025-06-09T14:05:58.9896952Z,30751,5512,DESKTOP-O7P9I53,13,3292,INFORMATION,Microsoft-Windows-Sysmon,5,false,5,Sysmon - Event 13: RegistryEvent SetValue on \\REGISTRY\\A\\{4fc400b6-a755-4f91-a203-75735e25b097}\\Root\\InventoryApplicationFile\\setup.exe|2eb7a05ca2aa4c6\\LowerCaseLongPath by C:\\Windows\\System32\\svchost.exe,"[""windows"",""sysmon"",""sysmon_event_13""]",61615,windows_eventchannel,"{""win"":{""system"":{""providerName"":""Microsoft-Windows-Sysmon"",""providerGuid"":""{5770385f-c22a-43e0-bf4c-06f5698ffbd9}"",""eventID"":""13"",""version"":""2"",""level"":""4"",""task"":""13"",""opcode"":""0"",""keywords"":""0x8000000000000000"",""systemTime"":""2025-06-09T14:05:58.9896952Z"",""eventRecordID"":""30751"",""processID"":""3292"",""threadID"":""5512"",""channel"":""Microsoft-Windows-Sysmon/Operational"",""computer"":""DESKTOP-O7P9I53"",""severityValue"":""INFORMATION"",""message"":""\""Registry value set:\r\nRuleName: InvDB-Path\r\nEventType: SetValue\r\nUtcTime: 2025-06-09 14:05:58.982\r\nProcessGuid: {154c2aaf-e984-6846-4400-000000001800}\r\nProcessId: 3044\r\nImage: C:\\Windows\\System32\\svchost.exe\r\nTargetObject: \\REGISTRY\\A\\{4fc400b6-a755-4f91-a203-75735e25b097}\\Root\\InventoryApplicationFile\\setup.exe|2eb7a05ca2aa4c6\\LowerCaseLongPath\r\nDetails: c:\\program files (x86)\\microsoft\\edgeupdate\\install\\{98bf926b-54c2-461a-9855-ea9671b54b57}\\edgemitmp_b97f5.tmp\\setup.exe\r\nUser: NT AUTHORITY\\SYSTEM\""""},""eventdata"":{""ruleName"":""InvDB-Path"",""eventType"":""SetValue"",""utcTime"":""2025-06-09 14:05:58.982"",""processGuid"":""{154c2aaf-e984-6846-4400-000000001800}"",""processId"":""3044"",""image"":""C:\\\\Windows\\\\System32\\\\svchost.exe"",""targetObject"":""\\\\REGISTRY\\\\A\\\\{4fc400b6-a755-4f91-a203-75735e25b097}\\\\Root\\\\InventoryApplicationFile\\\\setup.exe|2eb7a05ca2aa4c6\\\\LowerCaseLongPath"",""details"":""c:\\\\program files (x86)\\\\microsoft\\\\edgeupdate\\\\install\\\\{98bf926b-54c2-461a-9855-ea9671b54b57}\\\\edgemitmp_b97f5.tmp\\\\setup.exe"",""user"":""NT AUTHORITY\\\\SYSTEM""}}}",log,"Jun 9, 2025 @ 19:36:00.320",EventChannel,1749477960.1194792,"Jun 9, 2025 @ 19:36:00.320", , , , , , , , , , , , , , , , , , , , , , , , , , , , , , , , , , , , , , , , , , , , , , , , , , , ,\\REGISTRY\\A\\{4fc400b6-a755-4f91-a203-75735e25b097}\\Root\\InventoryApplicationFile\\setup.exe|2eb7a05ca2aa4c6\\LowerCaseLongPath,InvDB-Path,c:\\program files (x86)\\microsoft\\edgeupdate\\install\\{98bf926b-54c2-461a-9855-ea9671b54b57}\\edgemitmp_b97f5.tmp\\setup.exe,SetValue, , , , , , , , , , , , , , , , , , , , , , , , , , , , , , 
wazuh-alerts-4.x-2025.06.09,l-ADVZcBD7y1GXNG24VH,1,1,192.168.254.162,DESKTOP-O7P9I53,001,hat-VMware-Virtual-Platform, ,C:\\Windows\\system32\\CompatTelRunner.exe, , , , , ,{154c2aaf-ea3a-6846-4001-000000001800}, , ,936, ,2025-06-09 14:06:20.750, , , , , , ,NT AUTHORITY\\SYSTEM, , ,13,0x8000000000000000,{5770385f-c22a-43e0-bf4c-06f5698ffbd9},4,Microsoft-Windows-Sysmon/Operational,0,"""Registry value set:
RuleName: InvDB-Pub
EventType: SetValue
UtcTime: 2025-06-09 14:06:20.750
ProcessGuid: {154c2aaf-ea3a-6846-4001-000000001800}
ProcessId: 936
Image: C:\Windows\system32\CompatTelRunner.exe
TargetObject: \REGISTRY\A\{4fc400b6-a755-4f91-a203-75735e25b097}\Root\InventoryApplicationFile\storeexperienceh|874dabede004e816\Publisher
Details: (Empty)
User: NT AUTHORITY\SYSTEM""",2,2025-06-09T14:06:20.7595096Z,30757,5512,DESKTOP-O7P9I53,13,3292,INFORMATION,Microsoft-Windows-Sysmon,11,false,5,Sysmon - Event 13: RegistryEvent SetValue on \\REGISTRY\\A\\{4fc400b6-a755-4f91-a203-75735e25b097}\\Root\\InventoryApplicationFile\\storeexperienceh|874dabede004e816\\Publisher by C:\\Windows\\system32\\CompatTelRunner.exe,"[""windows"",""sysmon"",""sysmon_event_13""]",61615,windows_eventchannel,"{""win"":{""system"":{""providerName"":""Microsoft-Windows-Sysmon"",""providerGuid"":""{5770385f-c22a-43e0-bf4c-06f5698ffbd9}"",""eventID"":""13"",""version"":""2"",""level"":""4"",""task"":""13"",""opcode"":""0"",""keywords"":""0x8000000000000000"",""systemTime"":""2025-06-09T14:06:20.7595096Z"",""eventRecordID"":""30757"",""processID"":""3292"",""threadID"":""5512"",""channel"":""Microsoft-Windows-Sysmon/Operational"",""computer"":""DESKTOP-O7P9I53"",""severityValue"":""INFORMATION"",""message"":""\""Registry value set:\r\nRuleName: InvDB-Pub\r\nEventType: SetValue\r\nUtcTime: 2025-06-09 14:06:20.750\r\nProcessGuid: {154c2aaf-ea3a-6846-4001-000000001800}\r\nProcessId: 936\r\nImage: C:\\Windows\\system32\\CompatTelRunner.exe\r\nTargetObject: \\REGISTRY\\A\\{4fc400b6-a755-4f91-a203-75735e25b097}\\Root\\InventoryApplicationFile\\storeexperienceh|874dabede004e816\\Publisher\r\nDetails: (Empty)\r\nUser: NT AUTHORITY\\SYSTEM\""""},""eventdata"":{""ruleName"":""InvDB-Pub"",""eventType"":""SetValue"",""utcTime"":""2025-06-09 14:06:20.750"",""processGuid"":""{154c2aaf-ea3a-6846-4001-000000001800}"",""processId"":""936"",""image"":""C:\\\\Windows\\\\system32\\\\CompatTelRunner.exe"",""targetObject"":""\\\\REGISTRY\\\\A\\\\{4fc400b6-a755-4f91-a203-75735e25b097}\\\\Root\\\\InventoryApplicationFile\\\\storeexperienceh|874dabede004e816\\\\Publisher"",""details"":""(Empty)"",""user"":""NT AUTHORITY\\\\SYSTEM""}}}",log,"Jun 9, 2025 @ 19:36:22.093",EventChannel,1749477982.1217270,"Jun 9, 2025 @ 19:36:22.093", , , , , , , , , , , , , , , , , , , , , , , , , , , , , , , , , , , , , , , , , , , , , , , , , , , ,\\REGISTRY\\A\\{4fc400b6-a755-4f91-a203-75735e25b097}\\Root\\InventoryApplicationFile\\storeexperienceh|874dabede004e816\\Publisher,InvDB-Pub,(Empty),SetValue, , , , , , , , , , , , , , , , , , , , , , , , , , , , , , 
wazuh-alerts-4.x-2025.06.09,nOADVZcBD7y1GXNG24VH,1,1,192.168.254.162,DESKTOP-O7P9I53,001,hat-VMware-Virtual-Platform, ,C:\\Windows\\system32\\CompatTelRunner.exe, , , , , ,{154c2aaf-ea3a-6846-4001-000000001800}, , ,936, ,2025-06-09 14:06:21.516, , , , , , ,NT AUTHORITY\\SYSTEM, , ,13,0x8000000000000000,{5770385f-c22a-43e0-bf4c-06f5698ffbd9},4,Microsoft-Windows-Sysmon/Operational,0,"""Registry value set:
RuleName: InvDB-Pub
EventType: SetValue
UtcTime: 2025-06-09 14:06:21.516
ProcessGuid: {154c2aaf-ea3a-6846-4001-000000001800}
ProcessId: 936
Image: C:\Windows\system32\CompatTelRunner.exe
TargetObject: \REGISTRY\A\{4fc400b6-a755-4f91-a203-75735e25b097}\Root\InventoryApplicationFile\webviewhost.exe|4e7e34a1971f033a\Publisher
Details: microsoft corporation
User: NT AUTHORITY\SYSTEM""",2,2025-06-09T14:06:21.5221844Z,30762,5512,DESKTOP-O7P9I53,13,3292,INFORMATION,Microsoft-Windows-Sysmon,16,false,5,Sysmon - Event 13: RegistryEvent SetValue on \\REGISTRY\\A\\{4fc400b6-a755-4f91-a203-75735e25b097}\\Root\\InventoryApplicationFile\\webviewhost.exe|4e7e34a1971f033a\\Publisher by C:\\Windows\\system32\\CompatTelRunner.exe,"[""windows"",""sysmon"",""sysmon_event_13""]",61615,windows_eventchannel,"{""win"":{""system"":{""providerName"":""Microsoft-Windows-Sysmon"",""providerGuid"":""{5770385f-c22a-43e0-bf4c-06f5698ffbd9}"",""eventID"":""13"",""version"":""2"",""level"":""4"",""task"":""13"",""opcode"":""0"",""keywords"":""0x8000000000000000"",""systemTime"":""2025-06-09T14:06:21.5221844Z"",""eventRecordID"":""30762"",""processID"":""3292"",""threadID"":""5512"",""channel"":""Microsoft-Windows-Sysmon/Operational"",""computer"":""DESKTOP-O7P9I53"",""severityValue"":""INFORMATION"",""message"":""\""Registry value set:\r\nRuleName: InvDB-Pub\r\nEventType: SetValue\r\nUtcTime: 2025-06-09 14:06:21.516\r\nProcessGuid: {154c2aaf-ea3a-6846-4001-000000001800}\r\nProcessId: 936\r\nImage: C:\\Windows\\system32\\CompatTelRunner.exe\r\nTargetObject: \\REGISTRY\\A\\{4fc400b6-a755-4f91-a203-75735e25b097}\\Root\\InventoryApplicationFile\\webviewhost.exe|4e7e34a1971f033a\\Publisher\r\nDetails: microsoft corporation\r\nUser: NT AUTHORITY\\SYSTEM\""""},""eventdata"":{""ruleName"":""InvDB-Pub"",""eventType"":""SetValue"",""utcTime"":""2025-06-09 14:06:21.516"",""processGuid"":""{154c2aaf-ea3a-6846-4001-000000001800}"",""processId"":""936"",""image"":""C:\\\\Windows\\\\system32\\\\CompatTelRunner.exe"",""targetObject"":""\\\\REGISTRY\\\\A\\\\{4fc400b6-a755-4f91-a203-75735e25b097}\\\\Root\\\\InventoryApplicationFile\\\\webviewhost.exe|4e7e34a1971f033a\\\\Publisher"",""details"":""microsoft corporation"",""user"":""NT AUTHORITY\\\\SYSTEM""}}}",log,"Jun 9, 2025 @ 19:36:22.166",EventChannel,1749477982.1233905,"Jun 9, 2025 @ 19:36:22.166", , , , , , , , , , , , , , , , , , , , , , , , , , , , , , , , , , , , , , , , , , , , , , , , , , , ,\\REGISTRY\\A\\{4fc400b6-a755-4f91-a203-75735e25b097}\\Root\\InventoryApplicationFile\\webviewhost.exe|4e7e34a1971f033a\\Publisher,InvDB-Pub,microsoft corporation,SetValue, , , , , , , , , , , , , , , , , , , , , , , , , , , , , , 
wazuh-alerts-4.x-2025.06.09,neADVZcBD7y1GXNG24VH,1,1,192.168.254.162,DESKTOP-O7P9I53,001,hat-VMware-Virtual-Platform, ,C:\\Windows\\system32\\CompatTelRunner.exe, , , , , ,{154c2aaf-ea3a-6846-4001-000000001800}, , ,936, ,2025-06-09 14:06:21.516, , , , , , ,NT AUTHORITY\\SYSTEM, , ,13,0x8000000000000000,{5770385f-c22a-43e0-bf4c-06f5698ffbd9},4,Microsoft-Windows-Sysmon/Operational,0,"""Registry value set:
RuleName: InvDB-CompileTimeClaim
EventType: SetValue
UtcTime: 2025-06-09 14:06:21.516
ProcessGuid: {154c2aaf-ea3a-6846-4001-000000001800}
ProcessId: 936
Image: C:\Windows\system32\CompatTelRunner.exe
TargetObject: \REGISTRY\A\{4fc400b6-a755-4f91-a203-75735e25b097}\Root\InventoryApplicationFile\webviewhost.exe|4e7e34a1971f033a\LinkDate
Details: 06/04/2025 05:26:22
User: NT AUTHORITY\SYSTEM""",2,2025-06-09T14:06:21.5232620Z,30763,5512,DESKTOP-O7P9I53,13,3292,INFORMATION,Microsoft-Windows-Sysmon,17,false,5,Sysmon - Event 13: RegistryEvent SetValue on \\REGISTRY\\A\\{4fc400b6-a755-4f91-a203-75735e25b097}\\Root\\InventoryApplicationFile\\webviewhost.exe|4e7e34a1971f033a\\LinkDate by C:\\Windows\\system32\\CompatTelRunner.exe,"[""windows"",""sysmon"",""sysmon_event_13""]",61615,windows_eventchannel,"{""win"":{""system"":{""providerName"":""Microsoft-Windows-Sysmon"",""providerGuid"":""{5770385f-c22a-43e0-bf4c-06f5698ffbd9}"",""eventID"":""13"",""version"":""2"",""level"":""4"",""task"":""13"",""opcode"":""0"",""keywords"":""0x8000000000000000"",""systemTime"":""2025-06-09T14:06:21.5232620Z"",""eventRecordID"":""30763"",""processID"":""3292"",""threadID"":""5512"",""channel"":""Microsoft-Windows-Sysmon/Operational"",""computer"":""DESKTOP-O7P9I53"",""severityValue"":""INFORMATION"",""message"":""\""Registry value set:\r\nRuleName: InvDB-CompileTimeClaim\r\nEventType: SetValue\r\nUtcTime: 2025-06-09 14:06:21.516\r\nProcessGuid: {154c2aaf-ea3a-6846-4001-000000001800}\r\nProcessId: 936\r\nImage: C:\\Windows\\system32\\CompatTelRunner.exe\r\nTargetObject: \\REGISTRY\\A\\{4fc400b6-a755-4f91-a203-75735e25b097}\\Root\\InventoryApplicationFile\\webviewhost.exe|4e7e34a1971f033a\\LinkDate\r\nDetails: 06/04/2025 05:26:22\r\nUser: NT AUTHORITY\\SYSTEM\""""},""eventdata"":{""ruleName"":""InvDB-CompileTimeClaim"",""eventType"":""SetValue"",""utcTime"":""2025-06-09 14:06:21.516"",""processGuid"":""{154c2aaf-ea3a-6846-4001-000000001800}"",""processId"":""936"",""image"":""C:\\\\Windows\\\\system32\\\\CompatTelRunner.exe"",""targetObject"":""\\\\REGISTRY\\\\A\\\\{4fc400b6-a755-4f91-a203-75735e25b097}\\\\Root\\\\InventoryApplicationFile\\\\webviewhost.exe|4e7e34a1971f033a\\\\LinkDate"",""details"":""06/04/2025 05:26:22"",""user"":""NT AUTHORITY\\\\SYSTEM""}}}",log,"Jun 9, 2025 @ 19:36:22.184",EventChannel,1749477982.1237098,"Jun 9, 2025 @ 19:36:22.184", , , , , , , , , , , , , , , , , , , , , , , , , , , , , , , , , , , , , , , , , , , , , , , , , , , ,\\REGISTRY\\A\\{4fc400b6-a755-4f91-a203-75735e25b097}\\Root\\InventoryApplicationFile\\webviewhost.exe|4e7e34a1971f033a\\LinkDate,InvDB-CompileTimeClaim,06/04/2025 05:26:22,SetValue, , , , , , , , , , , , , , , , , , , , , , , , , , , , , , 
wazuh-alerts-4.x-2025.06.09,oOADVZcBD7y1GXNG24VH,1,1,192.168.254.162,DESKTOP-O7P9I53,001,hat-VMware-Virtual-Platform, ,C:\\Windows\\system32\\CompatTelRunner.exe, , , , , ,{154c2aaf-ea3a-6846-4001-000000001800}, , ,936, ,2025-06-09 14:06:21.901, , , , , , ,NT AUTHORITY\\SYSTEM, , ,13,0x8000000000000000,{5770385f-c22a-43e0-bf4c-06f5698ffbd9},4,Microsoft-Windows-Sysmon/Operational,0,"""Registry value set:
RuleName: InvDB-Path
EventType: SetValue
UtcTime: 2025-06-09 14:06:21.901
ProcessGuid: {154c2aaf-ea3a-6846-4001-000000001800}
ProcessId: 936
Image: C:\Windows\system32\CompatTelRunner.exe
TargetObject: \REGISTRY\A\{4fc400b6-a755-4f91-a203-75735e25b097}\Root\InventoryApplicationFile\elevation_servic|fe3f31c56c153a4f\LowerCaseLongPath
Details: c:\program files (x86)\microsoft\edge\application\137.0.3296.62\elevation_service.exe
User: NT AUTHORITY\SYSTEM""",2,2025-06-09T14:06:21.9159649Z,30766,5512,DESKTOP-O7P9I53,13,3292,INFORMATION,Microsoft-Windows-Sysmon,20,false,5,Sysmon - Event 13: RegistryEvent SetValue on \\REGISTRY\\A\\{4fc400b6-a755-4f91-a203-75735e25b097}\\Root\\InventoryApplicationFile\\elevation_servic|fe3f31c56c153a4f\\LowerCaseLongPath by C:\\Windows\\system32\\CompatTelRunner.exe,"[""windows"",""sysmon"",""sysmon_event_13""]",61615,windows_eventchannel,"{""win"":{""system"":{""providerName"":""Microsoft-Windows-Sysmon"",""providerGuid"":""{5770385f-c22a-43e0-bf4c-06f5698ffbd9}"",""eventID"":""13"",""version"":""2"",""level"":""4"",""task"":""13"",""opcode"":""0"",""keywords"":""0x8000000000000000"",""systemTime"":""2025-06-09T14:06:21.9159649Z"",""eventRecordID"":""30766"",""processID"":""3292"",""threadID"":""5512"",""channel"":""Microsoft-Windows-Sysmon/Operational"",""computer"":""DESKTOP-O7P9I53"",""severityValue"":""INFORMATION"",""message"":""\""Registry value set:\r\nRuleName: InvDB-Path\r\nEventType: SetValue\r\nUtcTime: 2025-06-09 14:06:21.901\r\nProcessGuid: {154c2aaf-ea3a-6846-4001-000000001800}\r\nProcessId: 936\r\nImage: C:\\Windows\\system32\\CompatTelRunner.exe\r\nTargetObject: \\REGISTRY\\A\\{4fc400b6-a755-4f91-a203-75735e25b097}\\Root\\InventoryApplicationFile\\elevation_servic|fe3f31c56c153a4f\\LowerCaseLongPath\r\nDetails: c:\\program files (x86)\\microsoft\\edge\\application\\137.0.3296.62\\elevation_service.exe\r\nUser: NT AUTHORITY\\SYSTEM\""""},""eventdata"":{""ruleName"":""InvDB-Path"",""eventType"":""SetValue"",""utcTime"":""2025-06-09 14:06:21.901"",""processGuid"":""{154c2aaf-ea3a-6846-4001-000000001800}"",""processId"":""936"",""image"":""C:\\\\Windows\\\\system32\\\\CompatTelRunner.exe"",""targetObject"":""\\\\REGISTRY\\\\A\\\\{4fc400b6-a755-4f91-a203-75735e25b097}\\\\Root\\\\InventoryApplicationFile\\\\elevation_servic|fe3f31c56c153a4f\\\\LowerCaseLongPath"",""details"":""c:\\\\program files (x86)\\\\microsoft\\\\edge\\\\application\\\\137.0.3296.62\\\\elevation_service.exe"",""user"":""NT AUTHORITY\\\\SYSTEM""}}}",log,"Jun 9, 2025 @ 19:36:22.765",EventChannel,1749477982.1247008,"Jun 9, 2025 @ 19:36:22.765", , , , , , , , , , , , , , , , , , , , , , , , , , , , , , , , , , , , , , , , , , , , , , , , , , , ,\\REGISTRY\\A\\{4fc400b6-a755-4f91-a203-75735e25b097}\\Root\\InventoryApplicationFile\\elevation_servic|fe3f31c56c153a4f\\LowerCaseLongPath,InvDB-Path,c:\\program files (x86)\\microsoft\\edge\\application\\137.0.3296.62\\elevation_service.exe,SetValue, , , , , , , , , , , , , , , , , , , , , , , , , , , , , , 
wazuh-alerts-4.x-2025.06.09,ouADVZcBD7y1GXNG24VH,1,1,192.168.254.162,DESKTOP-O7P9I53,001,hat-VMware-Virtual-Platform, ,C:\\Windows\\system32\\CompatTelRunner.exe, , , , , ,{154c2aaf-ea3a-6846-4001-000000001800}, , ,936, ,2025-06-09 14:06:21.901, , , , , , ,NT AUTHORITY\\SYSTEM, , ,13,0x8000000000000000,{5770385f-c22a-43e0-bf4c-06f5698ffbd9},4,Microsoft-Windows-Sysmon/Operational,0,"""Registry value set:
RuleName: InvDB-CompileTimeClaim
EventType: SetValue
UtcTime: 2025-06-09 14:06:21.901
ProcessGuid: {154c2aaf-ea3a-6846-4001-000000001800}
ProcessId: 936
Image: C:\Windows\system32\CompatTelRunner.exe
TargetObject: \REGISTRY\A\{4fc400b6-a755-4f91-a203-75735e25b097}\Root\InventoryApplicationFile\elevation_servic|fe3f31c56c153a4f\LinkDate
Details: 06/03/2025 05:53:26
User: NT AUTHORITY\SYSTEM""",2,2025-06-09T14:06:21.9168654Z,30768,5512,DESKTOP-O7P9I53,13,3292,INFORMATION,Microsoft-Windows-Sysmon,22,false,5,Sysmon - Event 13: RegistryEvent SetValue on \\REGISTRY\\A\\{4fc400b6-a755-4f91-a203-75735e25b097}\\Root\\InventoryApplicationFile\\elevation_servic|fe3f31c56c153a4f\\LinkDate by C:\\Windows\\system32\\CompatTelRunner.exe,"[""windows"",""sysmon"",""sysmon_event_13""]",61615,windows_eventchannel,"{""win"":{""system"":{""providerName"":""Microsoft-Windows-Sysmon"",""providerGuid"":""{5770385f-c22a-43e0-bf4c-06f5698ffbd9}"",""eventID"":""13"",""version"":""2"",""level"":""4"",""task"":""13"",""opcode"":""0"",""keywords"":""0x8000000000000000"",""systemTime"":""2025-06-09T14:06:21.9168654Z"",""eventRecordID"":""30768"",""processID"":""3292"",""threadID"":""5512"",""channel"":""Microsoft-Windows-Sysmon/Operational"",""computer"":""DESKTOP-O7P9I53"",""severityValue"":""INFORMATION"",""message"":""\""Registry value set:\r\nRuleName: InvDB-CompileTimeClaim\r\nEventType: SetValue\r\nUtcTime: 2025-06-09 14:06:21.901\r\nProcessGuid: {154c2aaf-ea3a-6846-4001-000000001800}\r\nProcessId: 936\r\nImage: C:\\Windows\\system32\\CompatTelRunner.exe\r\nTargetObject: \\REGISTRY\\A\\{4fc400b6-a755-4f91-a203-75735e25b097}\\Root\\InventoryApplicationFile\\elevation_servic|fe3f31c56c153a4f\\LinkDate\r\nDetails: 06/03/2025 05:53:26\r\nUser: NT AUTHORITY\\SYSTEM\""""},""eventdata"":{""ruleName"":""InvDB-CompileTimeClaim"",""eventType"":""SetValue"",""utcTime"":""2025-06-09 14:06:21.901"",""processGuid"":""{154c2aaf-ea3a-6846-4001-000000001800}"",""processId"":""936"",""image"":""C:\\\\Windows\\\\system32\\\\CompatTelRunner.exe"",""targetObject"":""\\\\REGISTRY\\\\A\\\\{4fc400b6-a755-4f91-a203-75735e25b097}\\\\Root\\\\InventoryApplicationFile\\\\elevation_servic|fe3f31c56c153a4f\\\\LinkDate"",""details"":""06/03/2025 05:53:26"",""user"":""NT AUTHORITY\\\\SYSTEM""}}}",log,"Jun 9, 2025 @ 19:36:22.777",EventChannel,1749477982.1253734,"Jun 9, 2025 @ 19:36:22.777", , , , , , , , , , , , , , , , , , , , , , , , , , , , , , , , , , , , , , , , , , , , , , , , , , , ,\\REGISTRY\\A\\{4fc400b6-a755-4f91-a203-75735e25b097}\\Root\\InventoryApplicationFile\\elevation_servic|fe3f31c56c153a4f\\LinkDate,InvDB-CompileTimeClaim,06/03/2025 05:53:26,SetValue, , , , , , , , , , , , , , , , , , , , , , , , , , , , , , 
wazuh-alerts-4.x-2025.06.09,qOADVZcBD7y1GXNG24VH,1,1,192.168.254.162,DESKTOP-O7P9I53,001,hat-VMware-Virtual-Platform, ,C:\\Windows\\system32\\CompatTelRunner.exe, , , , , ,{154c2aaf-ea3a-6846-4001-000000001800}, , ,936, ,2025-06-09 14:06:21.955, , , , , , ,NT AUTHORITY\\SYSTEM, , ,13,0x8000000000000000,{5770385f-c22a-43e0-bf4c-06f5698ffbd9},4,Microsoft-Windows-Sysmon/Operational,0,"""Registry value set:
RuleName: InvDB-Path
EventType: SetValue
UtcTime: 2025-06-09 14:06:21.955
ProcessGuid: {154c2aaf-ea3a-6846-4001-000000001800}
ProcessId: 936
Image: C:\Windows\system32\CompatTelRunner.exe
TargetObject: \REGISTRY\A\{4fc400b6-a755-4f91-a203-75735e25b097}\Root\InventoryApplicationFile\setup.exe|1ad13e57fc3dd178\LowerCaseLongPath
Details: c:\program files (x86)\microsoft\edge\application\137.0.3296.62\installer\setup.exe
User: NT AUTHORITY\SYSTEM""",2,2025-06-09T14:06:21.9633495Z,30774,5512,DESKTOP-O7P9I53,13,3292,INFORMATION,Microsoft-Windows-Sysmon,28,false,5,Sysmon - Event 13: RegistryEvent SetValue on \\REGISTRY\\A\\{4fc400b6-a755-4f91-a203-75735e25b097}\\Root\\InventoryApplicationFile\\setup.exe|1ad13e57fc3dd178\\LowerCaseLongPath by C:\\Windows\\system32\\CompatTelRunner.exe,"[""windows"",""sysmon"",""sysmon_event_13""]",61615,windows_eventchannel,"{""win"":{""system"":{""providerName"":""Microsoft-Windows-Sysmon"",""providerGuid"":""{5770385f-c22a-43e0-bf4c-06f5698ffbd9}"",""eventID"":""13"",""version"":""2"",""level"":""4"",""task"":""13"",""opcode"":""0"",""keywords"":""0x8000000000000000"",""systemTime"":""2025-06-09T14:06:21.9633495Z"",""eventRecordID"":""30774"",""processID"":""3292"",""threadID"":""5512"",""channel"":""Microsoft-Windows-Sysmon/Operational"",""computer"":""DESKTOP-O7P9I53"",""severityValue"":""INFORMATION"",""message"":""\""Registry value set:\r\nRuleName: InvDB-Path\r\nEventType: SetValue\r\nUtcTime: 2025-06-09 14:06:21.955\r\nProcessGuid: {154c2aaf-ea3a-6846-4001-000000001800}\r\nProcessId: 936\r\nImage: C:\\Windows\\system32\\CompatTelRunner.exe\r\nTargetObject: \\REGISTRY\\A\\{4fc400b6-a755-4f91-a203-75735e25b097}\\Root\\InventoryApplicationFile\\setup.exe|1ad13e57fc3dd178\\LowerCaseLongPath\r\nDetails: c:\\program files (x86)\\microsoft\\edge\\application\\137.0.3296.62\\installer\\setup.exe\r\nUser: NT AUTHORITY\\SYSTEM\""""},""eventdata"":{""ruleName"":""InvDB-Path"",""eventType"":""SetValue"",""utcTime"":""2025-06-09 14:06:21.955"",""processGuid"":""{154c2aaf-ea3a-6846-4001-000000001800}"",""processId"":""936"",""image"":""C:\\\\Windows\\\\system32\\\\CompatTelRunner.exe"",""targetObject"":""\\\\REGISTRY\\\\A\\\\{4fc400b6-a755-4f91-a203-75735e25b097}\\\\Root\\\\InventoryApplicationFile\\\\setup.exe|1ad13e57fc3dd178\\\\LowerCaseLongPath"",""details"":""c:\\\\program files (x86)\\\\microsoft\\\\edge\\\\application\\\\137.0.3296.62\\\\installer\\\\setup.exe"",""user"":""NT AUTHORITY\\\\SYSTEM""}}}",log,"Jun 9, 2025 @ 19:36:22.871",EventChannel,1749477982.1273338,"Jun 9, 2025 @ 19:36:22.871", , , , , , , , , , , , , , , , , , , , , , , , , , , , , , , , , , , , , , , , , , , , , , , , , , , ,\\REGISTRY\\A\\{4fc400b6-a755-4f91-a203-75735e25b097}\\Root\\InventoryApplicationFile\\setup.exe|1ad13e57fc3dd178\\LowerCaseLongPath,InvDB-Path,c:\\program files (x86)\\microsoft\\edge\\application\\137.0.3296.62\\installer\\setup.exe,SetValue, , , , , , , , , , , , , , , , , , , , , , , , , , , , , , 
wazuh-alerts-4.x-2025.06.09,rOADVZcBD7y1GXNG24VH,1,1, ,hat-VMware-Virtual-Platform,000,hat-VMware-Virtual-Platform, , , , , , , , , , , , , , , , , , , , , , , , , , , , , , , , , , , , , , ,4,false,3,PAM: Login session opened.,"[""pam"",""syslog"",""authentication_success""]",5501,pam,Jun 09 14:06:22 hat-VMware-Virtual-Platform sudo[8596]: pam_unix(sudo:session): session opened for user root(uid=0) by hat(uid=1000),log,"Jun 9, 2025 @ 19:36:22.918",journald,1749477982.1283792,"Jun 9, 2025 @ 19:36:22.918", , ,"[""Valid Accounts""]","[""T1078""]","[""Defense Evasion"",""Persistence"",""Privilege Escalation"",""Initial Access""]", , , , , , , , , , , , , , , , , ,"[""10.2.5""]","[""164.312.b""]","[""CC6.8"",""CC7.2"",""CC7.3""]","[""AU.14"",""AC.7""]","[""IV_32.2""]","[""7.8"",""7.9""]", , , , , , , , , , ,hat-VMware-Virtual-Platform,sudo,Jun 09 14:06:22,hat,root(uid=0), , , ,pam, , , , , , , , ,1000, , , , , , , , , , , , , , , , , , , , , , , , , , , , , 
wazuh-alerts-4.x-2025.06.09,ruADVZcBD7y1GXNG24VH,1,1,192.168.254.162,DESKTOP-O7P9I53,001,hat-VMware-Virtual-Platform, ,C:\\Windows\\system32\\CompatTelRunner.exe, , , , , ,{154c2aaf-ea3a-6846-4001-000000001800}, , ,936, ,2025-06-09 14:06:22.174, , , , , , ,NT AUTHORITY\\SYSTEM, , ,13,0x8000000000000000,{5770385f-c22a-43e0-bf4c-06f5698ffbd9},4,Microsoft-Windows-Sysmon/Operational,0,"""Registry value set:
RuleName: InvDB-Pub
EventType: SetValue
UtcTime: 2025-06-09 14:06:22.174
ProcessGuid: {154c2aaf-ea3a-6846-4001-000000001800}
ProcessId: 936
Image: C:\Windows\system32\CompatTelRunner.exe
TargetObject: \REGISTRY\A\{4fc400b6-a755-4f91-a203-75735e25b097}\Root\InventoryApplication\0000b53b947c94ee38a3ddcc655d851ca63d0000ffff\Publisher
Details: Microsoft Corporation
User: NT AUTHORITY\SYSTEM""",2,2025-06-09T14:06:22.1889662Z,30778,5512,DESKTOP-O7P9I53,13,3292,INFORMATION,Microsoft-Windows-Sysmon,32,false,5,Sysmon - Event 13: RegistryEvent SetValue on \\REGISTRY\\A\\{4fc400b6-a755-4f91-a203-75735e25b097}\\Root\\InventoryApplication\\0000b53b947c94ee38a3ddcc655d851ca63d0000ffff\\Publisher by C:\\Windows\\system32\\CompatTelRunner.exe,"[""windows"",""sysmon"",""sysmon_event_13""]",61615,windows_eventchannel,"{""win"":{""system"":{""providerName"":""Microsoft-Windows-Sysmon"",""providerGuid"":""{5770385f-c22a-43e0-bf4c-06f5698ffbd9}"",""eventID"":""13"",""version"":""2"",""level"":""4"",""task"":""13"",""opcode"":""0"",""keywords"":""0x8000000000000000"",""systemTime"":""2025-06-09T14:06:22.1889662Z"",""eventRecordID"":""30778"",""processID"":""3292"",""threadID"":""5512"",""channel"":""Microsoft-Windows-Sysmon/Operational"",""computer"":""DESKTOP-O7P9I53"",""severityValue"":""INFORMATION"",""message"":""\""Registry value set:\r\nRuleName: InvDB-Pub\r\nEventType: SetValue\r\nUtcTime: 2025-06-09 14:06:22.174\r\nProcessGuid: {154c2aaf-ea3a-6846-4001-000000001800}\r\nProcessId: 936\r\nImage: C:\\Windows\\system32\\CompatTelRunner.exe\r\nTargetObject: \\REGISTRY\\A\\{4fc400b6-a755-4f91-a203-75735e25b097}\\Root\\InventoryApplication\\0000b53b947c94ee38a3ddcc655d851ca63d0000ffff\\Publisher\r\nDetails: Microsoft Corporation\r\nUser: NT AUTHORITY\\SYSTEM\""""},""eventdata"":{""ruleName"":""InvDB-Pub"",""eventType"":""SetValue"",""utcTime"":""2025-06-09 14:06:22.174"",""processGuid"":""{154c2aaf-ea3a-6846-4001-000000001800}"",""processId"":""936"",""image"":""C:\\\\Windows\\\\system32\\\\CompatTelRunner.exe"",""targetObject"":""\\\\REGISTRY\\\\A\\\\{4fc400b6-a755-4f91-a203-75735e25b097}\\\\Root\\\\InventoryApplication\\\\0000b53b947c94ee38a3ddcc655d851ca63d0000ffff\\\\Publisher"",""details"":""Microsoft Corporation"",""user"":""NT AUTHORITY\\\\SYSTEM""}}}",log,"Jun 9, 2025 @ 19:36:22.934",EventChannel,1749477982.1287432,"Jun 9, 2025 @ 19:36:22.934", , , , , , , , , , , , , , , , , , , , , , , , , , , , , , , , , , , , , , , , , , , , , , , , , , , ,\\REGISTRY\\A\\{4fc400b6-a755-4f91-a203-75735e25b097}\\Root\\InventoryApplication\\0000b53b947c94ee38a3ddcc655d851ca63d0000ffff\\Publisher,InvDB-Pub,Microsoft Corporation,SetValue, , , , , , , , , , , , , , , , , , , , , , , , , , , , , , 
wazuh-alerts-4.x-2025.06.09,sOADVZcBD7y1GXNG24VH,1,1,192.168.254.162,DESKTOP-O7P9I53,001,hat-VMware-Virtual-Platform, ,C:\\Windows\\system32\\CompatTelRunner.exe, , , , , ,{154c2aaf-ea3a-6846-4001-000000001800}, , ,936, ,2025-06-09 14:06:22.189, , , , , , ,NT AUTHORITY\\SYSTEM, , ,13,0x8000000000000000,{5770385f-c22a-43e0-bf4c-06f5698ffbd9},4,Microsoft-Windows-Sysmon/Operational,0,"""Registry value set:
RuleName: InvDB-Pub
EventType: SetValue
UtcTime: 2025-06-09 14:06:22.189
ProcessGuid: {154c2aaf-ea3a-6846-4001-000000001800}
ProcessId: 936
Image: C:\Windows\system32\CompatTelRunner.exe
TargetObject: \REGISTRY\A\{4fc400b6-a755-4f91-a203-75735e25b097}\Root\InventoryApplicationFile\cookie_exporter.|4da2ce1cd8553934\Publisher
Details: microsoft corporation
User: NT AUTHORITY\SYSTEM""",2,2025-06-09T14:06:22.1941204Z,30780,5512,DESKTOP-O7P9I53,13,3292,INFORMATION,Microsoft-Windows-Sysmon,34,false,5,Sysmon - Event 13: RegistryEvent SetValue on \\REGISTRY\\A\\{4fc400b6-a755-4f91-a203-75735e25b097}\\Root\\InventoryApplicationFile\\cookie_exporter.|4da2ce1cd8553934\\Publisher by C:\\Windows\\system32\\CompatTelRunner.exe,"[""windows"",""sysmon"",""sysmon_event_13""]",61615,windows_eventchannel,"{""win"":{""system"":{""providerName"":""Microsoft-Windows-Sysmon"",""providerGuid"":""{5770385f-c22a-43e0-bf4c-06f5698ffbd9}"",""eventID"":""13"",""version"":""2"",""level"":""4"",""task"":""13"",""opcode"":""0"",""keywords"":""0x8000000000000000"",""systemTime"":""2025-06-09T14:06:22.1941204Z"",""eventRecordID"":""30780"",""processID"":""3292"",""threadID"":""5512"",""channel"":""Microsoft-Windows-Sysmon/Operational"",""computer"":""DESKTOP-O7P9I53"",""severityValue"":""INFORMATION"",""message"":""\""Registry value set:\r\nRuleName: InvDB-Pub\r\nEventType: SetValue\r\nUtcTime: 2025-06-09 14:06:22.189\r\nProcessGuid: {154c2aaf-ea3a-6846-4001-000000001800}\r\nProcessId: 936\r\nImage: C:\\Windows\\system32\\CompatTelRunner.exe\r\nTargetObject: \\REGISTRY\\A\\{4fc400b6-a755-4f91-a203-75735e25b097}\\Root\\InventoryApplicationFile\\cookie_exporter.|4da2ce1cd8553934\\Publisher\r\nDetails: microsoft corporation\r\nUser: NT AUTHORITY\\SYSTEM\""""},""eventdata"":{""ruleName"":""InvDB-Pub"",""eventType"":""SetValue"",""utcTime"":""2025-06-09 14:06:22.189"",""processGuid"":""{154c2aaf-ea3a-6846-4001-000000001800}"",""processId"":""936"",""image"":""C:\\\\Windows\\\\system32\\\\CompatTelRunner.exe"",""targetObject"":""\\\\REGISTRY\\\\A\\\\{4fc400b6-a755-4f91-a203-75735e25b097}\\\\Root\\\\InventoryApplicationFile\\\\cookie_exporter.|4da2ce1cd8553934\\\\Publisher"",""details"":""microsoft corporation"",""user"":""NT AUTHORITY\\\\SYSTEM""}}}",log,"Jun 9, 2025 @ 19:36:22.965",EventChannel,1749477982.1294185,"Jun 9, 2025 @ 19:36:22.965", , , , , , , , , , , , , , , , , , , , , , , , , , , , , , , , , , , , , , , , , , , , , , , , , , , ,\\REGISTRY\\A\\{4fc400b6-a755-4f91-a203-75735e25b097}\\Root\\InventoryApplicationFile\\cookie_exporter.|4da2ce1cd8553934\\Publisher,InvDB-Pub,microsoft corporation,SetValue, , , , , , , , , , , , , , , , , , , , , , , , , , , , , , 
