wazuh-alerts-4.x-2025.06.09,E6MBVZcB7NFPR1gL7DKj,1,1,192.168.254.162,DESKTOP-O7P9I53,001,hat-VMware-Virtual-Platform,AUDITPOL.EXE,C:\\Windows\\SysWOW64\\auditpol.exe,Microsoft® Windows® Operating System,{154c2aaf-e984-6846-5700-000000001800},Audit Policy Program,{154c2aaf-e981-6846-e703-000000000000},"\""C:\\Program Files (x86)\\ossec-agent\\wazuh-agent.exe\""",{154c2aaf-e99b-6846-e600-000000001800},0x3e7,3480,4916,C:\\Program Files (x86)\\ossec-agent\\,2025-06-09 14:03:07.303,"MD5=DF7CD9AA34252DD4E0330FE964D5BDF7,SHA256=6A6C7FA1890DFB36F31780EABAB1A42FBBFAC43BC2DF14B97BF49B1E3EB1DEC6,IMPHASH=0C4B99BEEA5B3B9367B087A10A48BD92",C:\\Program Files (x86)\\ossec-agent\\wazuh-agent.exe,Microsoft Corporation,"auditpol.exe /get /subcategory:\""Account Lockout\""",System,10.0.19041.3636 (WinBuild.160101.0800),NT AUTHORITY\\SYSTEM,0,NT AUTHORITY\\SYSTEM,1,0x8000000000000000,{5770385f-c22a-43e0-bf4c-06f5698ffbd9},4,Microsoft-Windows-Sysmon/Operational,0,"""Process Create:
RuleName: -
UtcTime: 2025-06-09 14:03:07.303
ProcessGuid: {154c2aaf-e99b-6846-e600-000000001800}
ProcessId: 4916
Image: C:\Windows\SysWOW64\auditpol.exe
FileVersion: 10.0.19041.3636 (WinBuild.160101.0800)
Description: Audit Policy Program
Product: Microsoft® Windows® Operating System
Company: Microsoft Corporation
OriginalFileName: AUDITPOL.EXE
CommandLine: auditpol.exe /get /subcategory:""Account Lockout""
CurrentDirectory: C:\Program Files (x86)\ossec-agent\
User: NT AUTHORITY\SYSTEM
LogonGuid: {154c2aaf-e981-6846-e703-000000000000}
LogonId: 0x3E7
TerminalSessionId: 0
IntegrityLevel: System
Hashes: MD5=DF7CD9AA34252DD4E0330FE964D5BDF7,SHA256=6A6C7FA1890DFB36F31780EABAB1A42FBBFAC43BC2DF14B97BF49B1E3EB1DEC6,IMPHASH=0C4B99BEEA5B3B9367B087A10A48BD92
ParentProcessGuid: {154c2aaf-e984-6846-5700-000000001800}
ParentProcessId: 3480
ParentImage: C:\Program Files (x86)\ossec-agent\wazuh-agent.exe
ParentCommandLine: ""C:\Program Files (x86)\ossec-agent\wazuh-agent.exe""
ParentUser: NT AUTHORITY\SYSTEM""",5,2025-06-09T14:03:07.3058089Z,30673,5512,DESKTOP-O7P9I53,1,3292,INFORMATION,Microsoft-Windows-Sysmon,63,false,5,Sysmon - Event 1: Process creation Audit Policy Program,"[""windows"",""sysmon"",""sysmon_event1""]",61603,windows_eventchannel,"{""win"":{""system"":{""providerName"":""Microsoft-Windows-Sysmon"",""providerGuid"":""{5770385f-c22a-43e0-bf4c-06f5698ffbd9}"",""eventID"":""1"",""version"":""5"",""level"":""4"",""task"":""1"",""opcode"":""0"",""keywords"":""0x8000000000000000"",""systemTime"":""2025-06-09T14:03:07.3058089Z"",""eventRecordID"":""30673"",""processID"":""3292"",""threadID"":""5512"",""channel"":""Microsoft-Windows-Sysmon/Operational"",""computer"":""DESKTOP-O7P9I53"",""severityValue"":""INFORMATION"",""message"":""\""Process Create:\r\nRuleName: -\r\nUtcTime: 2025-06-09 14:03:07.303\r\nProcessGuid: {154c2aaf-e99b-6846-e600-000000001800}\r\nProcessId: 4916\r\nImage: C:\\Windows\\SysWOW64\\auditpol.exe\r\nFileVersion: 10.0.19041.3636 (WinBuild.160101.0800)\r\nDescription: Audit Policy Program\r\nProduct: Microsoft® Windows® Operating System\r\nCompany: Microsoft Corporation\r\nOriginalFileName: AUDITPOL.EXE\r\nCommandLine: auditpol.exe /get /subcategory:\""Account Lockout\""\r\nCurrentDirectory: C:\\Program Files (x86)\\ossec-agent\\\r\nUser: NT AUTHORITY\\SYSTEM\r\nLogonGuid: {154c2aaf-e981-6846-e703-000000000000}\r\nLogonId: 0x3E7\r\nTerminalSessionId: 0\r\nIntegrityLevel: System\r\nHashes: MD5=DF7CD9AA34252DD4E0330FE964D5BDF7,SHA256=6A6C7FA1890DFB36F31780EABAB1A42FBBFAC43BC2DF14B97BF49B1E3EB1DEC6,IMPHASH=0C4B99BEEA5B3B9367B087A10A48BD92\r\nParentProcessGuid: {154c2aaf-e984-6846-5700-000000001800}\r\nParentProcessId: 3480\r\nParentImage: C:\\Program Files (x86)\\ossec-agent\\wazuh-agent.exe\r\nParentCommandLine: \""C:\\Program Files (x86)\\ossec-agent\\wazuh-agent.exe\""\r\nParentUser: NT AUTHORITY\\SYSTEM\""""},""eventdata"":{""utcTime"":""2025-06-09 14:03:07.303"",""processGuid"":""{154c2aaf-e99b-6846-e600-000000001800}"",""processId"":""4916"",""image"":""C:\\\\Windows\\\\SysWOW64\\\\auditpol.exe"",""fileVersion"":""10.0.19041.3636 (WinBuild.160101.0800)"",""description"":""Audit Policy Program"",""product"":""Microsoft® Windows® Operating System"",""company"":""Microsoft Corporation"",""originalFileName"":""AUDITPOL.EXE"",""commandLine"":""auditpol.exe /get /subcategory:\\\""Account Lockout\\\"""",""currentDirectory"":""C:\\\\Program Files (x86)\\\\ossec-agent\\\\"",""user"":""NT AUTHORITY\\\\SYSTEM"",""logonGuid"":""{154c2aaf-e981-6846-e703-000000000000}"",""logonId"":""0x3e7"",""terminalSessionId"":""0"",""integrityLevel"":""System"",""hashes"":""MD5=DF7CD9AA34252DD4E0330FE964D5BDF7,SHA256=6A6C7FA1890DFB36F31780EABAB1A42FBBFAC43BC2DF14B97BF49B1E3EB1DEC6,IMPHASH=0C4B99BEEA5B3B9367B087A10A48BD92"",""parentProcessGuid"":""{154c2aaf-e984-6846-5700-000000001800}"",""parentProcessId"":""3480"",""parentImage"":""C:\\\\Program Files (x86)\\\\ossec-agent\\\\wazuh-agent.exe"",""parentCommandLine"":""\\\""C:\\\\Program Files (x86)\\\\ossec-agent\\\\wazuh-agent.exe\\\"""",""parentUser"":""NT AUTHORITY\\\\SYSTEM""}}}",log,"Jun 9, 2025 @ 19:34:12.203",EventChannel,1749477852.769795,"Jun 9, 2025 @ 19:34:12.203", , , , , , , , , , , , , , , , , , , , , , , , , , , , , , , , , , , , , , , , , , , , , , , , , , , , , , , , , , , , , , , , , , , , , , , , , , , , , , , , , , , , , 
wazuh-alerts-4.x-2025.06.09,GqMBVZcB7NFPR1gL7DKj,1,1,192.168.254.162,DESKTOP-O7P9I53,001,hat-VMware-Virtual-Platform,AUDITPOL.EXE,C:\\Windows\\SysWOW64\\auditpol.exe,Microsoft® Windows® Operating System,{154c2aaf-e984-6846-5700-000000001800},Audit Policy Program,{154c2aaf-e981-6846-e703-000000000000},"\""C:\\Program Files (x86)\\ossec-agent\\wazuh-agent.exe\""",{154c2aaf-e99b-6846-f200-000000001800},0x3e7,3480,6608,C:\\Program Files (x86)\\ossec-agent\\,2025-06-09 14:03:07.707,"MD5=DF7CD9AA34252DD4E0330FE964D5BDF7,SHA256=6A6C7FA1890DFB36F31780EABAB1A42FBBFAC43BC2DF14B97BF49B1E3EB1DEC6,IMPHASH=0C4B99BEEA5B3B9367B087A10A48BD92",C:\\Program Files (x86)\\ossec-agent\\wazuh-agent.exe,Microsoft Corporation,"auditpol.exe /get /subcategory:\""Detailed File Share\""",System,10.0.19041.3636 (WinBuild.160101.0800),NT AUTHORITY\\SYSTEM,0,NT AUTHORITY\\SYSTEM,1,0x8000000000000000,{5770385f-c22a-43e0-bf4c-06f5698ffbd9},4,Microsoft-Windows-Sysmon/Operational,0,"""Process Create:
RuleName: -
UtcTime: 2025-06-09 14:03:07.707
ProcessGuid: {154c2aaf-e99b-6846-f200-000000001800}
ProcessId: 6608
Image: C:\Windows\SysWOW64\auditpol.exe
FileVersion: 10.0.19041.3636 (WinBuild.160101.0800)
Description: Audit Policy Program
Product: Microsoft® Windows® Operating System
Company: Microsoft Corporation
OriginalFileName: AUDITPOL.EXE
CommandLine: auditpol.exe /get /subcategory:""Detailed File Share""
CurrentDirectory: C:\Program Files (x86)\ossec-agent\
User: NT AUTHORITY\SYSTEM
LogonGuid: {154c2aaf-e981-6846-e703-000000000000}
LogonId: 0x3E7
TerminalSessionId: 0
IntegrityLevel: System
Hashes: MD5=DF7CD9AA34252DD4E0330FE964D5BDF7,SHA256=6A6C7FA1890DFB36F31780EABAB1A42FBBFAC43BC2DF14B97BF49B1E3EB1DEC6,IMPHASH=0C4B99BEEA5B3B9367B087A10A48BD92
ParentProcessGuid: {154c2aaf-e984-6846-5700-000000001800}
ParentProcessId: 3480
ParentImage: C:\Program Files (x86)\ossec-agent\wazuh-agent.exe
ParentCommandLine: ""C:\Program Files (x86)\ossec-agent\wazuh-agent.exe""
ParentUser: NT AUTHORITY\SYSTEM""",5,2025-06-09T14:03:07.7102757Z,30679,5512,DESKTOP-O7P9I53,1,3292,INFORMATION,Microsoft-Windows-Sysmon,70,false,5,Sysmon - Event 1: Process creation Audit Policy Program,"[""windows"",""sysmon"",""sysmon_event1""]",61603,windows_eventchannel,"{""win"":{""system"":{""providerName"":""Microsoft-Windows-Sysmon"",""providerGuid"":""{5770385f-c22a-43e0-bf4c-06f5698ffbd9}"",""eventID"":""1"",""version"":""5"",""level"":""4"",""task"":""1"",""opcode"":""0"",""keywords"":""0x8000000000000000"",""systemTime"":""2025-06-09T14:03:07.7102757Z"",""eventRecordID"":""30679"",""processID"":""3292"",""threadID"":""5512"",""channel"":""Microsoft-Windows-Sysmon/Operational"",""computer"":""DESKTOP-O7P9I53"",""severityValue"":""INFORMATION"",""message"":""\""Process Create:\r\nRuleName: -\r\nUtcTime: 2025-06-09 14:03:07.707\r\nProcessGuid: {154c2aaf-e99b-6846-f200-000000001800}\r\nProcessId: 6608\r\nImage: C:\\Windows\\SysWOW64\\auditpol.exe\r\nFileVersion: 10.0.19041.3636 (WinBuild.160101.0800)\r\nDescription: Audit Policy Program\r\nProduct: Microsoft® Windows® Operating System\r\nCompany: Microsoft Corporation\r\nOriginalFileName: AUDITPOL.EXE\r\nCommandLine: auditpol.exe /get /subcategory:\""Detailed File Share\""\r\nCurrentDirectory: C:\\Program Files (x86)\\ossec-agent\\\r\nUser: NT AUTHORITY\\SYSTEM\r\nLogonGuid: {154c2aaf-e981-6846-e703-000000000000}\r\nLogonId: 0x3E7\r\nTerminalSessionId: 0\r\nIntegrityLevel: System\r\nHashes: MD5=DF7CD9AA34252DD4E0330FE964D5BDF7,SHA256=6A6C7FA1890DFB36F31780EABAB1A42FBBFAC43BC2DF14B97BF49B1E3EB1DEC6,IMPHASH=0C4B99BEEA5B3B9367B087A10A48BD92\r\nParentProcessGuid: {154c2aaf-e984-6846-5700-000000001800}\r\nParentProcessId: 3480\r\nParentImage: C:\\Program Files (x86)\\ossec-agent\\wazuh-agent.exe\r\nParentCommandLine: \""C:\\Program Files (x86)\\ossec-agent\\wazuh-agent.exe\""\r\nParentUser: NT AUTHORITY\\SYSTEM\""""},""eventdata"":{""utcTime"":""2025-06-09 14:03:07.707"",""processGuid"":""{154c2aaf-e99b-6846-f200-000000001800}"",""processId"":""6608"",""image"":""C:\\\\Windows\\\\SysWOW64\\\\auditpol.exe"",""fileVersion"":""10.0.19041.3636 (WinBuild.160101.0800)"",""description"":""Audit Policy Program"",""product"":""Microsoft® Windows® Operating System"",""company"":""Microsoft Corporation"",""originalFileName"":""AUDITPOL.EXE"",""commandLine"":""auditpol.exe /get /subcategory:\\\""Detailed File Share\\\"""",""currentDirectory"":""C:\\\\Program Files (x86)\\\\ossec-agent\\\\"",""user"":""NT AUTHORITY\\\\SYSTEM"",""logonGuid"":""{154c2aaf-e981-6846-e703-000000000000}"",""logonId"":""0x3e7"",""terminalSessionId"":""0"",""integrityLevel"":""System"",""hashes"":""MD5=DF7CD9AA34252DD4E0330FE964D5BDF7,SHA256=6A6C7FA1890DFB36F31780EABAB1A42FBBFAC43BC2DF14B97BF49B1E3EB1DEC6,IMPHASH=0C4B99BEEA5B3B9367B087A10A48BD92"",""parentProcessGuid"":""{154c2aaf-e984-6846-5700-000000001800}"",""parentProcessId"":""3480"",""parentImage"":""C:\\\\Program Files (x86)\\\\ossec-agent\\\\wazuh-agent.exe"",""parentCommandLine"":""\\\""C:\\\\Program Files (x86)\\\\ossec-agent\\\\wazuh-agent.exe\\\"""",""parentUser"":""NT AUTHORITY\\\\SYSTEM""}}}",log,"Jun 9, 2025 @ 19:34:12.298",EventChannel,1749477852.810331,"Jun 9, 2025 @ 19:34:12.298", , , , , , , , , , , , , , , , , , , , , , , , , , , , , , , , , , , , , , , , , , , , , , , , , , , , , , , , , , , , , , , , , , , , , , , , , , , , , , , , , , , , , 
wazuh-alerts-4.x-2025.06.09,G6MBVZcB7NFPR1gL7DKj,1,1,192.168.254.162,DESKTOP-O7P9I53,001,hat-VMware-Virtual-Platform,AUDITPOL.EXE,C:\\Windows\\SysWOW64\\auditpol.exe,Microsoft® Windows® Operating System,{154c2aaf-e984-6846-5700-000000001800},Audit Policy Program,{154c2aaf-e981-6846-e703-000000000000},"\""C:\\Program Files (x86)\\ossec-agent\\wazuh-agent.exe\""",{154c2aaf-e99b-6846-f400-000000001800},0x3e7,3480,6744,C:\\Program Files (x86)\\ossec-agent\\,2025-06-09 14:03:07.777,"MD5=DF7CD9AA34252DD4E0330FE964D5BDF7,SHA256=6A6C7FA1890DFB36F31780EABAB1A42FBBFAC43BC2DF14B97BF49B1E3EB1DEC6,IMPHASH=0C4B99BEEA5B3B9367B087A10A48BD92",C:\\Program Files (x86)\\ossec-agent\\wazuh-agent.exe,Microsoft Corporation,"auditpol.exe /get /subcategory:\""File Share\""",System,10.0.19041.3636 (WinBuild.160101.0800),NT AUTHORITY\\SYSTEM,0,NT AUTHORITY\\SYSTEM,1,0x8000000000000000,{5770385f-c22a-43e0-bf4c-06f5698ffbd9},4,Microsoft-Windows-Sysmon/Operational,0,"""Process Create:
RuleName: -
UtcTime: 2025-06-09 14:03:07.777
ProcessGuid: {154c2aaf-e99b-6846-f400-000000001800}
ProcessId: 6744
Image: C:\Windows\SysWOW64\auditpol.exe
FileVersion: 10.0.19041.3636 (WinBuild.160101.0800)
Description: Audit Policy Program
Product: Microsoft® Windows® Operating System
Company: Microsoft Corporation
OriginalFileName: AUDITPOL.EXE
CommandLine: auditpol.exe /get /subcategory:""File Share""
CurrentDirectory: C:\Program Files (x86)\ossec-agent\
User: NT AUTHORITY\SYSTEM
LogonGuid: {154c2aaf-e981-6846-e703-000000000000}
LogonId: 0x3E7
TerminalSessionId: 0
IntegrityLevel: System
Hashes: MD5=DF7CD9AA34252DD4E0330FE964D5BDF7,SHA256=6A6C7FA1890DFB36F31780EABAB1A42FBBFAC43BC2DF14B97BF49B1E3EB1DEC6,IMPHASH=0C4B99BEEA5B3B9367B087A10A48BD92
ParentProcessGuid: {154c2aaf-e984-6846-5700-000000001800}
ParentProcessId: 3480
ParentImage: C:\Program Files (x86)\ossec-agent\wazuh-agent.exe
ParentCommandLine: ""C:\Program Files (x86)\ossec-agent\wazuh-agent.exe""
ParentUser: NT AUTHORITY\SYSTEM""",5,2025-06-09T14:03:07.7820528Z,30680,5512,DESKTOP-O7P9I53,1,3292,INFORMATION,Microsoft-Windows-Sysmon,71,false,5,Sysmon - Event 1: Process creation Audit Policy Program,"[""windows"",""sysmon"",""sysmon_event1""]",61603,windows_eventchannel,"{""win"":{""system"":{""providerName"":""Microsoft-Windows-Sysmon"",""providerGuid"":""{5770385f-c22a-43e0-bf4c-06f5698ffbd9}"",""eventID"":""1"",""version"":""5"",""level"":""4"",""task"":""1"",""opcode"":""0"",""keywords"":""0x8000000000000000"",""systemTime"":""2025-06-09T14:03:07.7820528Z"",""eventRecordID"":""30680"",""processID"":""3292"",""threadID"":""5512"",""channel"":""Microsoft-Windows-Sysmon/Operational"",""computer"":""DESKTOP-O7P9I53"",""severityValue"":""INFORMATION"",""message"":""\""Process Create:\r\nRuleName: -\r\nUtcTime: 2025-06-09 14:03:07.777\r\nProcessGuid: {154c2aaf-e99b-6846-f400-000000001800}\r\nProcessId: 6744\r\nImage: C:\\Windows\\SysWOW64\\auditpol.exe\r\nFileVersion: 10.0.19041.3636 (WinBuild.160101.0800)\r\nDescription: Audit Policy Program\r\nProduct: Microsoft® Windows® Operating System\r\nCompany: Microsoft Corporation\r\nOriginalFileName: AUDITPOL.EXE\r\nCommandLine: auditpol.exe /get /subcategory:\""File Share\""\r\nCurrentDirectory: C:\\Program Files (x86)\\ossec-agent\\\r\nUser: NT AUTHORITY\\SYSTEM\r\nLogonGuid: {154c2aaf-e981-6846-e703-000000000000}\r\nLogonId: 0x3E7\r\nTerminalSessionId: 0\r\nIntegrityLevel: System\r\nHashes: MD5=DF7CD9AA34252DD4E0330FE964D5BDF7,SHA256=6A6C7FA1890DFB36F31780EABAB1A42FBBFAC43BC2DF14B97BF49B1E3EB1DEC6,IMPHASH=0C4B99BEEA5B3B9367B087A10A48BD92\r\nParentProcessGuid: {154c2aaf-e984-6846-5700-000000001800}\r\nParentProcessId: 3480\r\nParentImage: C:\\Program Files (x86)\\ossec-agent\\wazuh-agent.exe\r\nParentCommandLine: \""C:\\Program Files (x86)\\ossec-agent\\wazuh-agent.exe\""\r\nParentUser: NT AUTHORITY\\SYSTEM\""""},""eventdata"":{""utcTime"":""2025-06-09 14:03:07.777"",""processGuid"":""{154c2aaf-e99b-6846-f400-000000001800}"",""processId"":""6744"",""image"":""C:\\\\Windows\\\\SysWOW64\\\\auditpol.exe"",""fileVersion"":""10.0.19041.3636 (WinBuild.160101.0800)"",""description"":""Audit Policy Program"",""product"":""Microsoft® Windows® Operating System"",""company"":""Microsoft Corporation"",""originalFileName"":""AUDITPOL.EXE"",""commandLine"":""auditpol.exe /get /subcategory:\\\""File Share\\\"""",""currentDirectory"":""C:\\\\Program Files (x86)\\\\ossec-agent\\\\"",""user"":""NT AUTHORITY\\\\SYSTEM"",""logonGuid"":""{154c2aaf-e981-6846-e703-000000000000}"",""logonId"":""0x3e7"",""terminalSessionId"":""0"",""integrityLevel"":""System"",""hashes"":""MD5=DF7CD9AA34252DD4E0330FE964D5BDF7,SHA256=6A6C7FA1890DFB36F31780EABAB1A42FBBFAC43BC2DF14B97BF49B1E3EB1DEC6,IMPHASH=0C4B99BEEA5B3B9367B087A10A48BD92"",""parentProcessGuid"":""{154c2aaf-e984-6846-5700-000000001800}"",""parentProcessId"":""3480"",""parentImage"":""C:\\\\Program Files (x86)\\\\ossec-agent\\\\wazuh-agent.exe"",""parentCommandLine"":""\\\""C:\\\\Program Files (x86)\\\\ossec-agent\\\\wazuh-agent.exe\\\"""",""parentUser"":""NT AUTHORITY\\\\SYSTEM""}}}",log,"Jun 9, 2025 @ 19:34:12.337",EventChannel,1749477852.816143,"Jun 9, 2025 @ 19:34:12.337", , , , , , , , , , , , , , , , , , , , , , , , , , , , , , , , , , , , , , , , , , , , , , , , , , , , , , , , , , , , , , , , , , , , , , , , , , , , , , , , , , , , , 
wazuh-alerts-4.x-2025.06.09,HaMBVZcB7NFPR1gL7DKj,1,1,192.168.254.162,DESKTOP-O7P9I53,001,hat-VMware-Virtual-Platform,AUDITPOL.EXE,C:\\Windows\\SysWOW64\\auditpol.exe,Microsoft® Windows® Operating System,{154c2aaf-e984-6846-5700-000000001800},Audit Policy Program,{154c2aaf-e981-6846-e703-000000000000},"\""C:\\Program Files (x86)\\ossec-agent\\wazuh-agent.exe\""",{154c2aaf-e99b-6846-f800-000000001800},0x3e7,3480,4472,C:\\Program Files (x86)\\ossec-agent\\,2025-06-09 14:03:07.916,"MD5=DF7CD9AA34252DD4E0330FE964D5BDF7,SHA256=6A6C7FA1890DFB36F31780EABAB1A42FBBFAC43BC2DF14B97BF49B1E3EB1DEC6,IMPHASH=0C4B99BEEA5B3B9367B087A10A48BD92",C:\\Program Files (x86)\\ossec-agent\\wazuh-agent.exe,Microsoft Corporation,"auditpol.exe /get /subcategory:\""Removable Storage\""",System,10.0.19041.3636 (WinBuild.160101.0800),NT AUTHORITY\\SYSTEM,0,NT AUTHORITY\\SYSTEM,1,0x8000000000000000,{5770385f-c22a-43e0-bf4c-06f5698ffbd9},4,Microsoft-Windows-Sysmon/Operational,0,"""Process Create:
RuleName: -
UtcTime: 2025-06-09 14:03:07.916
ProcessGuid: {154c2aaf-e99b-6846-f800-000000001800}
ProcessId: 4472
Image: C:\Windows\SysWOW64\auditpol.exe
FileVersion: 10.0.19041.3636 (WinBuild.160101.0800)
Description: Audit Policy Program
Product: Microsoft® Windows® Operating System
Company: Microsoft Corporation
OriginalFileName: AUDITPOL.EXE
CommandLine: auditpol.exe /get /subcategory:""Removable Storage""
CurrentDirectory: C:\Program Files (x86)\ossec-agent\
User: NT AUTHORITY\SYSTEM
LogonGuid: {154c2aaf-e981-6846-e703-000000000000}
LogonId: 0x3E7
TerminalSessionId: 0
IntegrityLevel: System
Hashes: MD5=DF7CD9AA34252DD4E0330FE964D5BDF7,SHA256=6A6C7FA1890DFB36F31780EABAB1A42FBBFAC43BC2DF14B97BF49B1E3EB1DEC6,IMPHASH=0C4B99BEEA5B3B9367B087A10A48BD92
ParentProcessGuid: {154c2aaf-e984-6846-5700-000000001800}
ParentProcessId: 3480
ParentImage: C:\Program Files (x86)\ossec-agent\wazuh-agent.exe
ParentCommandLine: ""C:\Program Files (x86)\ossec-agent\wazuh-agent.exe""
ParentUser: NT AUTHORITY\SYSTEM""",5,2025-06-09T14:03:07.9186980Z,30682,5512,DESKTOP-O7P9I53,1,3292,INFORMATION,Microsoft-Windows-Sysmon,73,false,5,Sysmon - Event 1: Process creation Audit Policy Program,"[""windows"",""sysmon"",""sysmon_event1""]",61603,windows_eventchannel,"{""win"":{""system"":{""providerName"":""Microsoft-Windows-Sysmon"",""providerGuid"":""{5770385f-c22a-43e0-bf4c-06f5698ffbd9}"",""eventID"":""1"",""version"":""5"",""level"":""4"",""task"":""1"",""opcode"":""0"",""keywords"":""0x8000000000000000"",""systemTime"":""2025-06-09T14:03:07.9186980Z"",""eventRecordID"":""30682"",""processID"":""3292"",""threadID"":""5512"",""channel"":""Microsoft-Windows-Sysmon/Operational"",""computer"":""DESKTOP-O7P9I53"",""severityValue"":""INFORMATION"",""message"":""\""Process Create:\r\nRuleName: -\r\nUtcTime: 2025-06-09 14:03:07.916\r\nProcessGuid: {154c2aaf-e99b-6846-f800-000000001800}\r\nProcessId: 4472\r\nImage: C:\\Windows\\SysWOW64\\auditpol.exe\r\nFileVersion: 10.0.19041.3636 (WinBuild.160101.0800)\r\nDescription: Audit Policy Program\r\nProduct: Microsoft® Windows® Operating System\r\nCompany: Microsoft Corporation\r\nOriginalFileName: AUDITPOL.EXE\r\nCommandLine: auditpol.exe /get /subcategory:\""Removable Storage\""\r\nCurrentDirectory: C:\\Program Files (x86)\\ossec-agent\\\r\nUser: NT AUTHORITY\\SYSTEM\r\nLogonGuid: {154c2aaf-e981-6846-e703-000000000000}\r\nLogonId: 0x3E7\r\nTerminalSessionId: 0\r\nIntegrityLevel: System\r\nHashes: MD5=DF7CD9AA34252DD4E0330FE964D5BDF7,SHA256=6A6C7FA1890DFB36F31780EABAB1A42FBBFAC43BC2DF14B97BF49B1E3EB1DEC6,IMPHASH=0C4B99BEEA5B3B9367B087A10A48BD92\r\nParentProcessGuid: {154c2aaf-e984-6846-5700-000000001800}\r\nParentProcessId: 3480\r\nParentImage: C:\\Program Files (x86)\\ossec-agent\\wazuh-agent.exe\r\nParentCommandLine: \""C:\\Program Files (x86)\\ossec-agent\\wazuh-agent.exe\""\r\nParentUser: NT AUTHORITY\\SYSTEM\""""},""eventdata"":{""utcTime"":""2025-06-09 14:03:07.916"",""processGuid"":""{154c2aaf-e99b-6846-f800-000000001800}"",""processId"":""4472"",""image"":""C:\\\\Windows\\\\SysWOW64\\\\auditpol.exe"",""fileVersion"":""10.0.19041.3636 (WinBuild.160101.0800)"",""description"":""Audit Policy Program"",""product"":""Microsoft® Windows® Operating System"",""company"":""Microsoft Corporation"",""originalFileName"":""AUDITPOL.EXE"",""commandLine"":""auditpol.exe /get /subcategory:\\\""Removable Storage\\\"""",""currentDirectory"":""C:\\\\Program Files (x86)\\\\ossec-agent\\\\"",""user"":""NT AUTHORITY\\\\SYSTEM"",""logonGuid"":""{154c2aaf-e981-6846-e703-000000000000}"",""logonId"":""0x3e7"",""terminalSessionId"":""0"",""integrityLevel"":""System"",""hashes"":""MD5=DF7CD9AA34252DD4E0330FE964D5BDF7,SHA256=6A6C7FA1890DFB36F31780EABAB1A42FBBFAC43BC2DF14B97BF49B1E3EB1DEC6,IMPHASH=0C4B99BEEA5B3B9367B087A10A48BD92"",""parentProcessGuid"":""{154c2aaf-e984-6846-5700-000000001800}"",""parentProcessId"":""3480"",""parentImage"":""C:\\\\Program Files (x86)\\\\ossec-agent\\\\wazuh-agent.exe"",""parentCommandLine"":""\\\""C:\\\\Program Files (x86)\\\\ossec-agent\\\\wazuh-agent.exe\\\"""",""parentUser"":""NT AUTHORITY\\\\SYSTEM""}}}",log,"Jun 9, 2025 @ 19:34:12.362",EventChannel,1749477852.827759,"Jun 9, 2025 @ 19:34:12.362", , , , , , , , , , , , , , , , , , , , , , , , , , , , , , , , , , , , , , , , , , , , , , , , , , , , , , , , , , , , , , , , , , , , , , , , , , , , , , , , , , , , , 
wazuh-alerts-4.x-2025.06.09,IaMBVZcB7NFPR1gL7DKj,1,1,192.168.254.162,DESKTOP-O7P9I53,001,hat-VMware-Virtual-Platform,AUDITPOL.EXE,C:\\Windows\\SysWOW64\\auditpol.exe,Microsoft® Windows® Operating System,{154c2aaf-e984-6846-5700-000000001800},Audit Policy Program,{154c2aaf-e981-6846-e703-000000000000},"\""C:\\Program Files (x86)\\ossec-agent\\wazuh-agent.exe\""",{154c2aaf-e99c-6846-0001-000000001800},0x3e7,3480,4652,C:\\Program Files (x86)\\ossec-agent\\,2025-06-09 14:03:08.406,"MD5=DF7CD9AA34252DD4E0330FE964D5BDF7,SHA256=6A6C7FA1890DFB36F31780EABAB1A42FBBFAC43BC2DF14B97BF49B1E3EB1DEC6,IMPHASH=0C4B99BEEA5B3B9367B087A10A48BD92",C:\\Program Files (x86)\\ossec-agent\\wazuh-agent.exe,Microsoft Corporation,"auditpol.exe /get /subcategory:\""MPSSVC Rule-Level Policy Change\""",System,10.0.19041.3636 (WinBuild.160101.0800),NT AUTHORITY\\SYSTEM,0,NT AUTHORITY\\SYSTEM,1,0x8000000000000000,{5770385f-c22a-43e0-bf4c-06f5698ffbd9},4,Microsoft-Windows-Sysmon/Operational,0,"""Process Create:
RuleName: -
UtcTime: 2025-06-09 14:03:08.406
ProcessGuid: {154c2aaf-e99c-6846-0001-000000001800}
ProcessId: 4652
Image: C:\Windows\SysWOW64\auditpol.exe
FileVersion: 10.0.19041.3636 (WinBuild.160101.0800)
Description: Audit Policy Program
Product: Microsoft® Windows® Operating System
Company: Microsoft Corporation
OriginalFileName: AUDITPOL.EXE
CommandLine: auditpol.exe /get /subcategory:""MPSSVC Rule-Level Policy Change""
CurrentDirectory: C:\Program Files (x86)\ossec-agent\
User: NT AUTHORITY\SYSTEM
LogonGuid: {154c2aaf-e981-6846-e703-000000000000}
LogonId: 0x3E7
TerminalSessionId: 0
IntegrityLevel: System
Hashes: MD5=DF7CD9AA34252DD4E0330FE964D5BDF7,SHA256=6A6C7FA1890DFB36F31780EABAB1A42FBBFAC43BC2DF14B97BF49B1E3EB1DEC6,IMPHASH=0C4B99BEEA5B3B9367B087A10A48BD92
ParentProcessGuid: {154c2aaf-e984-6846-5700-000000001800}
ParentProcessId: 3480
ParentImage: C:\Program Files (x86)\ossec-agent\wazuh-agent.exe
ParentCommandLine: ""C:\Program Files (x86)\ossec-agent\wazuh-agent.exe""
ParentUser: NT AUTHORITY\SYSTEM""",5,2025-06-09T14:03:08.4082687Z,30686,5512,DESKTOP-O7P9I53,1,3292,INFORMATION,Microsoft-Windows-Sysmon,77,false,5,Sysmon - Event 1: Process creation Audit Policy Program,"[""windows"",""sysmon"",""sysmon_event1""]",61603,windows_eventchannel,"{""win"":{""system"":{""providerName"":""Microsoft-Windows-Sysmon"",""providerGuid"":""{5770385f-c22a-43e0-bf4c-06f5698ffbd9}"",""eventID"":""1"",""version"":""5"",""level"":""4"",""task"":""1"",""opcode"":""0"",""keywords"":""0x8000000000000000"",""systemTime"":""2025-06-09T14:03:08.4082687Z"",""eventRecordID"":""30686"",""processID"":""3292"",""threadID"":""5512"",""channel"":""Microsoft-Windows-Sysmon/Operational"",""computer"":""DESKTOP-O7P9I53"",""severityValue"":""INFORMATION"",""message"":""\""Process Create:\r\nRuleName: -\r\nUtcTime: 2025-06-09 14:03:08.406\r\nProcessGuid: {154c2aaf-e99c-6846-0001-000000001800}\r\nProcessId: 4652\r\nImage: C:\\Windows\\SysWOW64\\auditpol.exe\r\nFileVersion: 10.0.19041.3636 (WinBuild.160101.0800)\r\nDescription: Audit Policy Program\r\nProduct: Microsoft® Windows® Operating System\r\nCompany: Microsoft Corporation\r\nOriginalFileName: AUDITPOL.EXE\r\nCommandLine: auditpol.exe /get /subcategory:\""MPSSVC Rule-Level Policy Change\""\r\nCurrentDirectory: C:\\Program Files (x86)\\ossec-agent\\\r\nUser: NT AUTHORITY\\SYSTEM\r\nLogonGuid: {154c2aaf-e981-6846-e703-000000000000}\r\nLogonId: 0x3E7\r\nTerminalSessionId: 0\r\nIntegrityLevel: System\r\nHashes: MD5=DF7CD9AA34252DD4E0330FE964D5BDF7,SHA256=6A6C7FA1890DFB36F31780EABAB1A42FBBFAC43BC2DF14B97BF49B1E3EB1DEC6,IMPHASH=0C4B99BEEA5B3B9367B087A10A48BD92\r\nParentProcessGuid: {154c2aaf-e984-6846-5700-000000001800}\r\nParentProcessId: 3480\r\nParentImage: C:\\Program Files (x86)\\ossec-agent\\wazuh-agent.exe\r\nParentCommandLine: \""C:\\Program Files (x86)\\ossec-agent\\wazuh-agent.exe\""\r\nParentUser: NT AUTHORITY\\SYSTEM\""""},""eventdata"":{""utcTime"":""2025-06-09 14:03:08.406"",""processGuid"":""{154c2aaf-e99c-6846-0001-000000001800}"",""processId"":""4652"",""image"":""C:\\\\Windows\\\\SysWOW64\\\\auditpol.exe"",""fileVersion"":""10.0.19041.3636 (WinBuild.160101.0800)"",""description"":""Audit Policy Program"",""product"":""Microsoft® Windows® Operating System"",""company"":""Microsoft Corporation"",""originalFileName"":""AUDITPOL.EXE"",""commandLine"":""auditpol.exe /get /subcategory:\\\""MPSSVC Rule-Level Policy Change\\\"""",""currentDirectory"":""C:\\\\Program Files (x86)\\\\ossec-agent\\\\"",""user"":""NT AUTHORITY\\\\SYSTEM"",""logonGuid"":""{154c2aaf-e981-6846-e703-000000000000}"",""logonId"":""0x3e7"",""terminalSessionId"":""0"",""integrityLevel"":""System"",""hashes"":""MD5=DF7CD9AA34252DD4E0330FE964D5BDF7,SHA256=6A6C7FA1890DFB36F31780EABAB1A42FBBFAC43BC2DF14B97BF49B1E3EB1DEC6,IMPHASH=0C4B99BEEA5B3B9367B087A10A48BD92"",""parentProcessGuid"":""{154c2aaf-e984-6846-5700-000000001800}"",""parentProcessId"":""3480"",""parentImage"":""C:\\\\Program Files (x86)\\\\ossec-agent\\\\wazuh-agent.exe"",""parentCommandLine"":""\\\""C:\\\\Program Files (x86)\\\\ossec-agent\\\\wazuh-agent.exe\\\"""",""parentUser"":""NT AUTHORITY\\\\SYSTEM""}}}",log,"Jun 9, 2025 @ 19:34:12.424",EventChannel,1749477852.851067,"Jun 9, 2025 @ 19:34:12.424", , , , , , , , , , , , , , , , , , , , , , , , , , , , , , , , , , , , , , , , , , , , , , , , , , , , , , , , , , , , , , , , , , , , , , , , , , , , , , , , , , , , , 
wazuh-alerts-4.x-2025.06.09,I6MBVZcB7NFPR1gL7DKj,1,1,192.168.254.162,DESKTOP-O7P9I53,001,hat-VMware-Virtual-Platform,AUDITPOL.EXE,C:\\Windows\\SysWOW64\\auditpol.exe,Microsoft® Windows® Operating System,{154c2aaf-e984-6846-5700-000000001800},Audit Policy Program,{154c2aaf-e981-6846-e703-000000000000},"\""C:\\Program Files (x86)\\ossec-agent\\wazuh-agent.exe\""",{154c2aaf-e99c-6846-0401-000000001800},0x3e7,3480,3476,C:\\Program Files (x86)\\ossec-agent\\,2025-06-09 14:03:08.539,"MD5=DF7CD9AA34252DD4E0330FE964D5BDF7,SHA256=6A6C7FA1890DFB36F31780EABAB1A42FBBFAC43BC2DF14B97BF49B1E3EB1DEC6,IMPHASH=0C4B99BEEA5B3B9367B087A10A48BD92",C:\\Program Files (x86)\\ossec-agent\\wazuh-agent.exe,Microsoft Corporation,"auditpol.exe /get /subcategory:\""Sensitive Privilege Use\""",System,10.0.19041.3636 (WinBuild.160101.0800),NT AUTHORITY\\SYSTEM,0,NT AUTHORITY\\SYSTEM,1,0x8000000000000000,{5770385f-c22a-43e0-bf4c-06f5698ffbd9},4,Microsoft-Windows-Sysmon/Operational,0,"""Process Create:
RuleName: -
UtcTime: 2025-06-09 14:03:08.539
ProcessGuid: {154c2aaf-e99c-6846-0401-000000001800}
ProcessId: 3476
Image: C:\Windows\SysWOW64\auditpol.exe
FileVersion: 10.0.19041.3636 (WinBuild.160101.0800)
Description: Audit Policy Program
Product: Microsoft® Windows® Operating System
Company: Microsoft Corporation
OriginalFileName: AUDITPOL.EXE
CommandLine: auditpol.exe /get /subcategory:""Sensitive Privilege Use""
CurrentDirectory: C:\Program Files (x86)\ossec-agent\
User: NT AUTHORITY\SYSTEM
LogonGuid: {154c2aaf-e981-6846-e703-000000000000}
LogonId: 0x3E7
TerminalSessionId: 0
IntegrityLevel: System
Hashes: MD5=DF7CD9AA34252DD4E0330FE964D5BDF7,SHA256=6A6C7FA1890DFB36F31780EABAB1A42FBBFAC43BC2DF14B97BF49B1E3EB1DEC6,IMPHASH=0C4B99BEEA5B3B9367B087A10A48BD92
ParentProcessGuid: {154c2aaf-e984-6846-5700-000000001800}
ParentProcessId: 3480
ParentImage: C:\Program Files (x86)\ossec-agent\wazuh-agent.exe
ParentCommandLine: ""C:\Program Files (x86)\ossec-agent\wazuh-agent.exe""
ParentUser: NT AUTHORITY\SYSTEM""",5,2025-06-09T14:03:08.5416975Z,30688,5512,DESKTOP-O7P9I53,1,3292,INFORMATION,Microsoft-Windows-Sysmon,79,false,5,Sysmon - Event 1: Process creation Audit Policy Program,"[""windows"",""sysmon"",""sysmon_event1""]",61603,windows_eventchannel,"{""win"":{""system"":{""providerName"":""Microsoft-Windows-Sysmon"",""providerGuid"":""{5770385f-c22a-43e0-bf4c-06f5698ffbd9}"",""eventID"":""1"",""version"":""5"",""level"":""4"",""task"":""1"",""opcode"":""0"",""keywords"":""0x8000000000000000"",""systemTime"":""2025-06-09T14:03:08.5416975Z"",""eventRecordID"":""30688"",""processID"":""3292"",""threadID"":""5512"",""channel"":""Microsoft-Windows-Sysmon/Operational"",""computer"":""DESKTOP-O7P9I53"",""severityValue"":""INFORMATION"",""message"":""\""Process Create:\r\nRuleName: -\r\nUtcTime: 2025-06-09 14:03:08.539\r\nProcessGuid: {154c2aaf-e99c-6846-0401-000000001800}\r\nProcessId: 3476\r\nImage: C:\\Windows\\SysWOW64\\auditpol.exe\r\nFileVersion: 10.0.19041.3636 (WinBuild.160101.0800)\r\nDescription: Audit Policy Program\r\nProduct: Microsoft® Windows® Operating System\r\nCompany: Microsoft Corporation\r\nOriginalFileName: AUDITPOL.EXE\r\nCommandLine: auditpol.exe /get /subcategory:\""Sensitive Privilege Use\""\r\nCurrentDirectory: C:\\Program Files (x86)\\ossec-agent\\\r\nUser: NT AUTHORITY\\SYSTEM\r\nLogonGuid: {154c2aaf-e981-6846-e703-000000000000}\r\nLogonId: 0x3E7\r\nTerminalSessionId: 0\r\nIntegrityLevel: System\r\nHashes: MD5=DF7CD9AA34252DD4E0330FE964D5BDF7,SHA256=6A6C7FA1890DFB36F31780EABAB1A42FBBFAC43BC2DF14B97BF49B1E3EB1DEC6,IMPHASH=0C4B99BEEA5B3B9367B087A10A48BD92\r\nParentProcessGuid: {154c2aaf-e984-6846-5700-000000001800}\r\nParentProcessId: 3480\r\nParentImage: C:\\Program Files (x86)\\ossec-agent\\wazuh-agent.exe\r\nParentCommandLine: \""C:\\Program Files (x86)\\ossec-agent\\wazuh-agent.exe\""\r\nParentUser: NT AUTHORITY\\SYSTEM\""""},""eventdata"":{""utcTime"":""2025-06-09 14:03:08.539"",""processGuid"":""{154c2aaf-e99c-6846-0401-000000001800}"",""processId"":""3476"",""image"":""C:\\\\Windows\\\\SysWOW64\\\\auditpol.exe"",""fileVersion"":""10.0.19041.3636 (WinBuild.160101.0800)"",""description"":""Audit Policy Program"",""product"":""Microsoft® Windows® Operating System"",""company"":""Microsoft Corporation"",""originalFileName"":""AUDITPOL.EXE"",""commandLine"":""auditpol.exe /get /subcategory:\\\""Sensitive Privilege Use\\\"""",""currentDirectory"":""C:\\\\Program Files (x86)\\\\ossec-agent\\\\"",""user"":""NT AUTHORITY\\\\SYSTEM"",""logonGuid"":""{154c2aaf-e981-6846-e703-000000000000}"",""logonId"":""0x3e7"",""terminalSessionId"":""0"",""integrityLevel"":""System"",""hashes"":""MD5=DF7CD9AA34252DD4E0330FE964D5BDF7,SHA256=6A6C7FA1890DFB36F31780EABAB1A42FBBFAC43BC2DF14B97BF49B1E3EB1DEC6,IMPHASH=0C4B99BEEA5B3B9367B087A10A48BD92"",""parentProcessGuid"":""{154c2aaf-e984-6846-5700-000000001800}"",""parentProcessId"":""3480"",""parentImage"":""C:\\\\Program Files (x86)\\\\ossec-agent\\\\wazuh-agent.exe"",""parentCommandLine"":""\\\""C:\\\\Program Files (x86)\\\\ossec-agent\\\\wazuh-agent.exe\\\"""",""parentUser"":""NT AUTHORITY\\\\SYSTEM""}}}",log,"Jun 9, 2025 @ 19:34:12.470",EventChannel,1749477852.862767,"Jun 9, 2025 @ 19:34:12.470", , , , , , , , , , , , , , , , , , , , , , , , , , , , , , , , , , , , , , , , , , , , , , , , , , , , , , , , , , , , , , , , , , , , , , , , , , , , , , , , , , , , , 
wazuh-alerts-4.x-2025.06.09,K6MBVZcB7NFPR1gL7TJP,1,1,192.168.254.162,DESKTOP-O7P9I53,001,hat-VMware-Virtual-Platform, ,C:\\Windows\\System32\\spoolsv.exe, , , , , ,{154c2aaf-e983-6846-3a00-000000001800}, , ,2476, ,2025-06-09 14:03:11.574, , , , , , ,NT AUTHORITY\\SYSTEM, , ,22,0x8000000000000000,{5770385f-c22a-43e0-bf4c-06f5698ffbd9},4,Microsoft-Windows-Sysmon/Operational,0,"""Dns query:
RuleName: -
UtcTime: 2025-06-09 14:03:11.574
ProcessGuid: {154c2aaf-e983-6846-3a00-000000001800}
ProcessId: 2476
QueryName: DESKTOP-O7P9I53
QueryStatus: 0
QueryResults: 192.168.254.162;
Image: C:\Windows\System32\spoolsv.exe
User: NT AUTHORITY\SYSTEM""",5,2025-06-09T14:03:13.3776187Z,30696,5672,DESKTOP-O7P9I53,22,3292,INFORMATION,Microsoft-Windows-Sysmon,4,false,5,Sysmon - Event 22: DNS Query event,"[""windows"",""sysmon"",""sysmon_event_22""]",61650,windows_eventchannel,"{""win"":{""system"":{""providerName"":""Microsoft-Windows-Sysmon"",""providerGuid"":""{5770385f-c22a-43e0-bf4c-06f5698ffbd9}"",""eventID"":""22"",""version"":""5"",""level"":""4"",""task"":""22"",""opcode"":""0"",""keywords"":""0x8000000000000000"",""systemTime"":""2025-06-09T14:03:13.3776187Z"",""eventRecordID"":""30696"",""processID"":""3292"",""threadID"":""5672"",""channel"":""Microsoft-Windows-Sysmon/Operational"",""computer"":""DESKTOP-O7P9I53"",""severityValue"":""INFORMATION"",""message"":""\""Dns query:\r\nRuleName: -\r\nUtcTime: 2025-06-09 14:03:11.574\r\nProcessGuid: {154c2aaf-e983-6846-3a00-000000001800}\r\nProcessId: 2476\r\nQueryName: DESKTOP-O7P9I53\r\nQueryStatus: 0\r\nQueryResults: 192.168.254.162;\r\nImage: C:\\Windows\\System32\\spoolsv.exe\r\nUser: NT AUTHORITY\\SYSTEM\""""},""eventdata"":{""utcTime"":""2025-06-09 14:03:11.574"",""processGuid"":""{154c2aaf-e983-6846-3a00-000000001800}"",""processId"":""2476"",""queryName"":""DESKTOP-O7P9I53"",""queryStatus"":""0"",""queryResults"":""192.168.254.162;"",""image"":""C:\\\\Windows\\\\System32\\\\spoolsv.exe"",""user"":""NT AUTHORITY\\\\SYSTEM""}}}",log,"Jun 9, 2025 @ 19:34:12.578",EventChannel,1749477852.905923,"Jun 9, 2025 @ 19:34:12.578", , , , , , , , , , , , , , , , , , , , , , , , , , , , , , , , , , , , , , , , , , , , , , , , ,0,DESKTOP-O7P9I53,192.168.254.162;, , , , , , , , , , , , , , , , , , , , , , , , , , , , , , , , , , 
wazuh-alerts-4.x-2025.06.09,LKMBVZcB7NFPR1gL7TJP,1,1,192.168.254.162,DESKTOP-O7P9I53,001,hat-VMware-Virtual-Platform, ,C:\\Windows\\System32\\spoolsv.exe, , , , , ,{154c2aaf-e983-6846-3a00-000000001800}, , ,2476, ,2025-06-09 14:03:11.574, , , , , , ,NT AUTHORITY\\SYSTEM, , ,22,0x8000000000000000,{5770385f-c22a-43e0-bf4c-06f5698ffbd9},4,Microsoft-Windows-Sysmon/Operational,0,"""Dns query:
RuleName: -
UtcTime: 2025-06-09 14:03:11.574
ProcessGuid: {154c2aaf-e983-6846-3a00-000000001800}
ProcessId: 2476
QueryName: DESKTOP-O7P9I53
QueryStatus: 0
QueryResults: fe80::de68:b398:b0bc:6003;
Image: C:\Windows\System32\spoolsv.exe
User: NT AUTHORITY\SYSTEM""",5,2025-06-09T14:03:13.3776410Z,30697,5672,DESKTOP-O7P9I53,22,3292,INFORMATION,Microsoft-Windows-Sysmon,5,false,5,Sysmon - Event 22: DNS Query event,"[""windows"",""sysmon"",""sysmon_event_22""]",61650,windows_eventchannel,"{""win"":{""system"":{""providerName"":""Microsoft-Windows-Sysmon"",""providerGuid"":""{5770385f-c22a-43e0-bf4c-06f5698ffbd9}"",""eventID"":""22"",""version"":""5"",""level"":""4"",""task"":""22"",""opcode"":""0"",""keywords"":""0x8000000000000000"",""systemTime"":""2025-06-09T14:03:13.3776410Z"",""eventRecordID"":""30697"",""processID"":""3292"",""threadID"":""5672"",""channel"":""Microsoft-Windows-Sysmon/Operational"",""computer"":""DESKTOP-O7P9I53"",""severityValue"":""INFORMATION"",""message"":""\""Dns query:\r\nRuleName: -\r\nUtcTime: 2025-06-09 14:03:11.574\r\nProcessGuid: {154c2aaf-e983-6846-3a00-000000001800}\r\nProcessId: 2476\r\nQueryName: DESKTOP-O7P9I53\r\nQueryStatus: 0\r\nQueryResults: fe80::de68:b398:b0bc:6003;\r\nImage: C:\\Windows\\System32\\spoolsv.exe\r\nUser: NT AUTHORITY\\SYSTEM\""""},""eventdata"":{""utcTime"":""2025-06-09 14:03:11.574"",""processGuid"":""{154c2aaf-e983-6846-3a00-000000001800}"",""processId"":""2476"",""queryName"":""DESKTOP-O7P9I53"",""queryStatus"":""0"",""queryResults"":""fe80::de68:b398:b0bc:6003;"",""image"":""C:\\\\Windows\\\\System32\\\\spoolsv.exe"",""user"":""NT AUTHORITY\\\\SYSTEM""}}}",log,"Jun 9, 2025 @ 19:34:12.599",EventChannel,1749477852.908310,"Jun 9, 2025 @ 19:34:12.599", , , , , , , , , , , , , , , , , , , , , , , , , , , , , , , , , , , , , , , , , , , , , , , , ,0,DESKTOP-O7P9I53,fe80::de68:b398:b0bc:6003;, , , , , , , , , , , , , , , , , , , , , , , , , , , , , , , , , , 
wazuh-alerts-4.x-2025.06.09,NKMBVZcB7NFPR1gL7TJP,1,1,192.168.254.162,DESKTOP-O7P9I53,001,hat-VMware-Virtual-Platform, ,C:\\Windows\\System32\\svchost.exe, , , , , ,{154c2aaf-e984-6846-4400-000000001800}, , ,3044, ,2025-06-09 14:03:26.018, , , , , , ,NT AUTHORITY\\SYSTEM, , ,13,0x8000000000000000,{5770385f-c22a-43e0-bf4c-06f5698ffbd9},4,Microsoft-Windows-Sysmon/Operational,0,"""Registry value set:
RuleName: InvDB-Pub
EventType: SetValue
UtcTime: 2025-06-09 14:03:26.018
ProcessGuid: {154c2aaf-e984-6846-4400-000000001800}
ProcessId: 3044
Image: C:\Windows\System32\svchost.exe
TargetObject: \REGISTRY\A\{4fc400b6-a755-4f91-a203-75735e25b097}\Root\InventoryApplicationFile\am_delta_patch_1|54c822bea7f7e37\Publisher
Details: microsoft corporation
User: NT AUTHORITY\SYSTEM""",2,2025-06-09T14:03:26.0317241Z,30706,5512,DESKTOP-O7P9I53,13,3292,INFORMATION,Microsoft-Windows-Sysmon,31,false,5,Sysmon - Event 13: RegistryEvent SetValue on \\REGISTRY\\A\\{4fc400b6-a755-4f91-a203-75735e25b097}\\Root\\InventoryApplicationFile\\am_delta_patch_1|54c822bea7f7e37\\Publisher by C:\\Windows\\System32\\svchost.exe,"[""windows"",""sysmon"",""sysmon_event_13""]",61615,windows_eventchannel,"{""win"":{""system"":{""providerName"":""Microsoft-Windows-Sysmon"",""providerGuid"":""{5770385f-c22a-43e0-bf4c-06f5698ffbd9}"",""eventID"":""13"",""version"":""2"",""level"":""4"",""task"":""13"",""opcode"":""0"",""keywords"":""0x8000000000000000"",""systemTime"":""2025-06-09T14:03:26.0317241Z"",""eventRecordID"":""30706"",""processID"":""3292"",""threadID"":""5512"",""channel"":""Microsoft-Windows-Sysmon/Operational"",""computer"":""DESKTOP-O7P9I53"",""severityValue"":""INFORMATION"",""message"":""\""Registry value set:\r\nRuleName: InvDB-Pub\r\nEventType: SetValue\r\nUtcTime: 2025-06-09 14:03:26.018\r\nProcessGuid: {154c2aaf-e984-6846-4400-000000001800}\r\nProcessId: 3044\r\nImage: C:\\Windows\\System32\\svchost.exe\r\nTargetObject: \\REGISTRY\\A\\{4fc400b6-a755-4f91-a203-75735e25b097}\\Root\\InventoryApplicationFile\\am_delta_patch_1|54c822bea7f7e37\\Publisher\r\nDetails: microsoft corporation\r\nUser: NT AUTHORITY\\SYSTEM\""""},""eventdata"":{""ruleName"":""InvDB-Pub"",""eventType"":""SetValue"",""utcTime"":""2025-06-09 14:03:26.018"",""processGuid"":""{154c2aaf-e984-6846-4400-000000001800}"",""processId"":""3044"",""image"":""C:\\\\Windows\\\\System32\\\\svchost.exe"",""targetObject"":""\\\\REGISTRY\\\\A\\\\{4fc400b6-a755-4f91-a203-75735e25b097}\\\\Root\\\\InventoryApplicationFile\\\\am_delta_patch_1|54c822bea7f7e37\\\\Publisher"",""details"":""microsoft corporation"",""user"":""NT AUTHORITY\\\\SYSTEM""}}}",log,"Jun 9, 2025 @ 19:34:12.734",EventChannel,1749477852.947800,"Jun 9, 2025 @ 19:34:12.734", , , , , , , , , , , , , , , , , , , , , , , , , , , , , , , , , , , , , , , , , , , , , , , , , , , ,\\REGISTRY\\A\\{4fc400b6-a755-4f91-a203-75735e25b097}\\Root\\InventoryApplicationFile\\am_delta_patch_1|54c822bea7f7e37\\Publisher,InvDB-Pub,microsoft corporation,SetValue, , , , , , , , , , , , , , , , , , , , , , , , , , , , , , 
wazuh-alerts-4.x-2025.06.09,QeAEVZcBD7y1GXNGrof_,1,1,192.168.254.162,DESKTOP-O7P9I53,001,hat-VMware-Virtual-Platform, ,C:\\Users\\admin\\AppData\\Local\\Microsoft\\OneDrive\\Update\\OneDriveSetup.exe, , , , , ,{154c2aaf-ea98-6846-a001-000000001800}, , ,6984, ,2025-06-09 14:07:34.582, , , , , , ,DESKTOP-O7P9I53\\admin, , ,13,0x8000000000000000,{5770385f-c22a-43e0-bf4c-06f5698ffbd9},4,Microsoft-Windows-Sysmon/Operational,0,"""Registry value set:
RuleName: T1042
EventType: SetValue
UtcTime: 2025-06-09 14:07:34.582
ProcessGuid: {154c2aaf-ea98-6846-a001-000000001800}
ProcessId: 6984
Image: C:\Users\admin\AppData\Local\Microsoft\OneDrive\Update\OneDriveSetup.exe
TargetObject: HKU\S-1-5-21-442569660-4060779802-1076883227-1001_Classes\OneDrive.CameraRoll.Import\shell\open\command\(Default)
Details: ""C:\Users\admin\AppData\Local\Microsoft\OneDrive\OneDrive.exe"" /url:""odopen://cameraRoll""
User: DESKTOP-O7P9I53\admin""",2,2025-06-09T14:07:34.5842504Z,31422,5512,DESKTOP-O7P9I53,13,3292,INFORMATION,Microsoft-Windows-Sysmon,324,false,5,Sysmon - Event 13: RegistryEvent SetValue on HKU\\S-1-5-21-442569660-4060779802-1076883227-1001_Classes\\OneDrive.CameraRoll.Import\\shell\\open\\command\\(Default) by C:\\Users\\admin\\AppData\\Local\\Microsoft\\OneDrive\\Update\\OneDriveSetup.exe,"[""windows"",""sysmon"",""sysmon_event_13""]",61615,windows_eventchannel,"{""win"":{""system"":{""providerName"":""Microsoft-Windows-Sysmon"",""providerGuid"":""{5770385f-c22a-43e0-bf4c-06f5698ffbd9}"",""eventID"":""13"",""version"":""2"",""level"":""4"",""task"":""13"",""opcode"":""0"",""keywords"":""0x8000000000000000"",""systemTime"":""2025-06-09T14:07:34.5842504Z"",""eventRecordID"":""31422"",""processID"":""3292"",""threadID"":""5512"",""channel"":""Microsoft-Windows-Sysmon/Operational"",""computer"":""DESKTOP-O7P9I53"",""severityValue"":""INFORMATION"",""message"":""\""Registry value set:\r\nRuleName: T1042\r\nEventType: SetValue\r\nUtcTime: 2025-06-09 14:07:34.582\r\nProcessGuid: {154c2aaf-ea98-6846-a001-000000001800}\r\nProcessId: 6984\r\nImage: C:\\Users\\admin\\AppData\\Local\\Microsoft\\OneDrive\\Update\\OneDriveSetup.exe\r\nTargetObject: HKU\\S-1-5-21-442569660-4060779802-1076883227-1001_Classes\\OneDrive.CameraRoll.Import\\shell\\open\\command\\(Default)\r\nDetails: \""C:\\Users\\admin\\AppData\\Local\\Microsoft\\OneDrive\\OneDrive.exe\"" /url:\""odopen://cameraRoll\""\r\nUser: DESKTOP-O7P9I53\\admin\""""},""eventdata"":{""ruleName"":""T1042"",""eventType"":""SetValue"",""utcTime"":""2025-06-09 14:07:34.582"",""processGuid"":""{154c2aaf-ea98-6846-a001-000000001800}"",""processId"":""6984"",""image"":""C:\\\\Users\\\\admin\\\\AppData\\\\Local\\\\Microsoft\\\\OneDrive\\\\Update\\\\OneDriveSetup.exe"",""targetObject"":""HKU\\\\S-1-5-21-442569660-4060779802-1076883227-1001_Classes\\\\OneDrive.CameraRoll.Import\\\\shell\\\\open\\\\command\\\\(Default)"",""details"":""\\\""C:\\\\Users\\\\admin\\\\AppData\\\\Local\\\\Microsoft\\\\OneDrive\\\\OneDrive.exe\\\"" /url:\\\""odopen://cameraRoll\\\"""",""user"":""DESKTOP-O7P9I53\\\\admin""}}}",log,"Jun 9, 2025 @ 19:37:35.791",EventChannel,1749478055.2858062,"Jun 9, 2025 @ 19:37:35.791", , , , , , , , , , , , , , , , , , , , , , , , , , , , , , , , , , , , , , , , , , , , , , , , , , , ,HKU\\S-1-5-21-442569660-4060779802-1076883227-1001_Classes\\OneDrive.CameraRoll.Import\\shell\\open\\command\\(Default),T1042,"\""C:\\Users\\admin\\AppData\\Local\\Microsoft\\OneDrive\\OneDrive.exe\"" /url:\""odopen://cameraRoll\""",SetValue, , , , , , , , , , , , , , , , , , , , , , , , , , , , , , 
wazuh-alerts-4.x-2025.06.09,ROAEVZcBD7y1GXNGrof_,1,1,192.168.254.162,DESKTOP-O7P9I53,001,hat-VMware-Virtual-Platform, ,C:\\Users\\admin\\AppData\\Local\\Microsoft\\OneDrive\\Update\\OneDriveSetup.exe, , , , , ,{154c2aaf-ea98-6846-a001-000000001800}, , ,6984, ,2025-06-09 14:07:34.708, , , , , , ,DESKTOP-O7P9I53\\admin, , ,13,0x8000000000000000,{5770385f-c22a-43e0-bf4c-06f5698ffbd9},4,Microsoft-Windows-Sysmon/Operational,0,"""Registry value set:
RuleName: T1122
EventType: SetValue
UtcTime: 2025-06-09 14:07:34.708
ProcessGuid: {154c2aaf-ea98-6846-a001-000000001800}
ProcessId: 6984
Image: C:\Users\admin\AppData\Local\Microsoft\OneDrive\Update\OneDriveSetup.exe
TargetObject: HKU\S-1-5-21-442569660-4060779802-1076883227-1001_Classes\CLSID\{5AB7172C-9C11-405C-8DD5-AF20F3606282}\InprocServer32\(Default)
Details: C:\Users\admin\AppData\Local\Microsoft\OneDrive\25.091.0512.0001\FileSyncShell64.dll
User: DESKTOP-O7P9I53\admin""",2,2025-06-09T14:07:34.7185583Z,31435,5512,DESKTOP-O7P9I53,13,3292,INFORMATION,Microsoft-Windows-Sysmon,327,false,5,Sysmon - Event 13: RegistryEvent SetValue on HKU\\S-1-5-21-442569660-4060779802-1076883227-1001_Classes\\CLSID\\{5AB7172C-9C11-405C-8DD5-AF20F3606282}\\InprocServer32\\(Default) by C:\\Users\\admin\\AppData\\Local\\Microsoft\\OneDrive\\Update\\OneDriveSetup.exe,"[""windows"",""sysmon"",""sysmon_event_13""]",61615,windows_eventchannel,"{""win"":{""system"":{""providerName"":""Microsoft-Windows-Sysmon"",""providerGuid"":""{5770385f-c22a-43e0-bf4c-06f5698ffbd9}"",""eventID"":""13"",""version"":""2"",""level"":""4"",""task"":""13"",""opcode"":""0"",""keywords"":""0x8000000000000000"",""systemTime"":""2025-06-09T14:07:34.7185583Z"",""eventRecordID"":""31435"",""processID"":""3292"",""threadID"":""5512"",""channel"":""Microsoft-Windows-Sysmon/Operational"",""computer"":""DESKTOP-O7P9I53"",""severityValue"":""INFORMATION"",""message"":""\""Registry value set:\r\nRuleName: T1122\r\nEventType: SetValue\r\nUtcTime: 2025-06-09 14:07:34.708\r\nProcessGuid: {154c2aaf-ea98-6846-a001-000000001800}\r\nProcessId: 6984\r\nImage: C:\\Users\\admin\\AppData\\Local\\Microsoft\\OneDrive\\Update\\OneDriveSetup.exe\r\nTargetObject: HKU\\S-1-5-21-442569660-4060779802-1076883227-1001_Classes\\CLSID\\{5AB7172C-9C11-405C-8DD5-AF20F3606282}\\InprocServer32\\(Default)\r\nDetails: C:\\Users\\admin\\AppData\\Local\\Microsoft\\OneDrive\\25.091.0512.0001\\FileSyncShell64.dll\r\nUser: DESKTOP-O7P9I53\\admin\""""},""eventdata"":{""ruleName"":""T1122"",""eventType"":""SetValue"",""utcTime"":""2025-06-09 14:07:34.708"",""processGuid"":""{154c2aaf-ea98-6846-a001-000000001800}"",""processId"":""6984"",""image"":""C:\\\\Users\\\\admin\\\\AppData\\\\Local\\\\Microsoft\\\\OneDrive\\\\Update\\\\OneDriveSetup.exe"",""targetObject"":""HKU\\\\S-1-5-21-442569660-4060779802-1076883227-1001_Classes\\\\CLSID\\\\{5AB7172C-9C11-405C-8DD5-AF20F3606282}\\\\InprocServer32\\\\(Default)"",""details"":""C:\\\\Users\\\\admin\\\\AppData\\\\Local\\\\Microsoft\\\\OneDrive\\\\25.091.0512.0001\\\\FileSyncShell64.dll"",""user"":""DESKTOP-O7P9I53\\\\admin""}}}",log,"Jun 9, 2025 @ 19:37:36.014",EventChannel,1749478056.2869168,"Jun 9, 2025 @ 19:37:36.014", , , , , , , , , , , , , , , , , , , , , , , , , , , , , , , , , , , , , , , , , , , , , , , , , , , ,HKU\\S-1-5-21-442569660-4060779802-1076883227-1001_Classes\\CLSID\\{5AB7172C-9C11-405C-8DD5-AF20F3606282}\\InprocServer32\\(Default),T1122,C:\\Users\\admin\\AppData\\Local\\Microsoft\\OneDrive\\25.091.0512.0001\\FileSyncShell64.dll,SetValue, , , , , , , , , , , , , , , , , , , , , , , , , , , , , , 
