wazuh-alerts-4.x-2025.06.09,i-ADVZcBD7y1GXNG34af,1,1,192.168.254.162,DESKTOP-O7P9I53,001,hat-VMware-Virtual-Platform, ,C:\\Program Files (x86)\\Microsoft\\EdgeUpdate\\Install\\{98BF926B-54C2-461A-9855-EA9671B54B57}\\EDGEMITMP_B97F5.tmp\\setup.exe, , , , , ,{154c2aaf-ea46-6846-4501-000000001800}, , ,2588, ,2025-06-09 14:06:40.530, , , , , , ,NT AUTHORITY\\SYSTEM, , ,13,0x8000000000000000,{5770385f-c22a-43e0-bf4c-06f5698ffbd9},4,Microsoft-Windows-Sysmon/Operational,0,"""Registry value set:
RuleName: -
EventType: SetValue
UtcTime: 2025-06-09 14:06:40.530
ProcessGuid: {154c2aaf-ea46-6846-4501-000000001800}
ProcessId: 2588
Image: C:\Program Files (x86)\Microsoft\EdgeUpdate\Install\{98BF926B-54C2-461A-9855-EA9671B54B57}\EDGEMITMP_B97F5.tmp\setup.exe
TargetObject: HKLM\SOFTWARE\Microsoft\Windows\CurrentVersion\App Paths\msedge.exe\SupportedProtocols\http
Details: (Empty)
User: NT AUTHORITY\SYSTEM""",2,2025-06-09T14:06:40.5460504Z,31053,5512,DESKTOP-O7P9I53,13,3292,INFORMATION,Microsoft-Windows-Sysmon,237,false,5,Sysmon - Event 13: RegistryEvent SetValue on HKLM\\SOFTWARE\\Microsoft\\Windows\\CurrentVersion\\App Paths\\msedge.exe\\SupportedProtocols\\http by C:\\Program Files (x86)\\Microsoft\\EdgeUpdate\\Install\\{98BF926B-54C2-461A-9855-EA9671B54B57}\\EDGEMITMP_B97F5.tmp\\setup.exe,"[""windows"",""sysmon"",""sysmon_event_13""]",61615,windows_eventchannel,"{""win"":{""system"":{""providerName"":""Microsoft-Windows-Sysmon"",""providerGuid"":""{5770385f-c22a-43e0-bf4c-06f5698ffbd9}"",""eventID"":""13"",""version"":""2"",""level"":""4"",""task"":""13"",""opcode"":""0"",""keywords"":""0x8000000000000000"",""systemTime"":""2025-06-09T14:06:40.5460504Z"",""eventRecordID"":""31053"",""processID"":""3292"",""threadID"":""5512"",""channel"":""Microsoft-Windows-Sysmon/Operational"",""computer"":""DESKTOP-O7P9I53"",""severityValue"":""INFORMATION"",""message"":""\""Registry value set:\r\nRuleName: -\r\nEventType: SetValue\r\nUtcTime: 2025-06-09 14:06:40.530\r\nProcessGuid: {154c2aaf-ea46-6846-4501-000000001800}\r\nProcessId: 2588\r\nImage: C:\\Program Files (x86)\\Microsoft\\EdgeUpdate\\Install\\{98BF926B-54C2-461A-9855-EA9671B54B57}\\EDGEMITMP_B97F5.tmp\\setup.exe\r\nTargetObject: HKLM\\SOFTWARE\\Microsoft\\Windows\\CurrentVersion\\App Paths\\msedge.exe\\SupportedProtocols\\http\r\nDetails: (Empty)\r\nUser: NT AUTHORITY\\SYSTEM\""""},""eventdata"":{""eventType"":""SetValue"",""utcTime"":""2025-06-09 14:06:40.530"",""processGuid"":""{154c2aaf-ea46-6846-4501-000000001800}"",""processId"":""2588"",""image"":""C:\\\\Program Files (x86)\\\\Microsoft\\\\EdgeUpdate\\\\Install\\\\{98BF926B-54C2-461A-9855-EA9671B54B57}\\\\EDGEMITMP_B97F5.tmp\\\\setup.exe"",""targetObject"":""HKLM\\\\SOFTWARE\\\\Microsoft\\\\Windows\\\\CurrentVersion\\\\App Paths\\\\msedge.exe\\\\SupportedProtocols\\\\http"",""details"":""(Empty)"",""user"":""NT AUTHORITY\\\\SYSTEM""}}}",log,"Jun 9, 2025 @ 19:36:41.959",EventChannel,1749478001.2043057,"Jun 9, 2025 @ 19:36:41.959", , , , , , , , , , , , , , , , , , , , , , , , , , , , , , , , , , , , , , , , , , , , , , , , , , , ,HKLM\\SOFTWARE\\Microsoft\\Windows\\CurrentVersion\\App Paths\\msedge.exe\\SupportedProtocols\\http, ,(Empty),SetValue, , , , , , , , , , , , , , , , , , , , , , , , , , , , , , 
wazuh-alerts-4.x-2025.06.09,kOADVZcBD7y1GXNG34af,1,1,192.168.254.162,DESKTOP-O7P9I53,001,hat-VMware-Virtual-Platform,setup.exe,C:\\Program Files (x86)\\Microsoft\\Edge\\Application\\137.0.3296.68\\Installer\\setup.exe,Microsoft Edge Installer,{154c2aaf-ea70-6846-5201-000000001800},Microsoft Edge Installer,{154c2aaf-e981-6846-e703-000000000000},"\""C:\\Program Files (x86)\\Microsoft\\Edge\\Application\\137.0.3296.68\\Installer\\setup.exe\"" --msedge --channel=stable --register-package-identity --verbose-logging --system-level",{154c2aaf-ea70-6846-5401-000000001800},0x3e7,3860,4424,C:\\Program Files (x86)\\Microsoft\\Edge\\Application\\137.0.3296.68\\Installer\\,2025-06-09 14:06:40.743,"MD5=F8B8278BD510843E63F2D9587341453F,SHA256=5FCA37C5BDC26814E4D16DDF14C6F6CBFED239751AA363158F504513B2A3E726,IMPHASH=FEAAA161935B3C215BB6530DC11DB019",C:\\Program Files (x86)\\Microsoft\\Edge\\Application\\137.0.3296.68\\Installer\\setup.exe,Microsoft Corporation,"\""C:\\Program Files (x86)\\Microsoft\\Edge\\Application\\137.0.3296.68\\Installer\\setup.exe\"" --type=crashpad-handler /prefetch:4 --monitor-self-annotation=ptype=crashpad-handler --database=C:\\Windows\\SystemTemp\\MsEdgeCrashpad --annotation=IsOfficialBuild=1 --annotation=channel= --annotation=chromium-version=137.0.7151.69 \""--annotation=exe=C:\\Program Files (x86)\\Microsoft\\Edge\\Application\\137.0.3296.68\\Installer\\setup.exe\"" --annotation=plat=Win64 --annotation=prod=Edge --annotation=ver=137.0.3296.68 --initial-client-data=0x250,0x254,0x258,0x10c,0x25c,0x7ff7925b53f8,0x7ff7925b5404,0x7ff7925b5410",System,137.0.3296.68,NT AUTHORITY\\SYSTEM,0,NT AUTHORITY\\SYSTEM,1,0x8000000000000000,{5770385f-c22a-43e0-bf4c-06f5698ffbd9},4,Microsoft-Windows-Sysmon/Operational,0,"""Process Create:
RuleName: -
UtcTime: 2025-06-09 14:06:40.743
ProcessGuid: {154c2aaf-ea70-6846-5401-000000001800}
ProcessId: 4424
Image: C:\Program Files (x86)\Microsoft\Edge\Application\137.0.3296.68\Installer\setup.exe
FileVersion: 137.0.3296.68
Description: Microsoft Edge Installer
Product: Microsoft Edge Installer
Company: Microsoft Corporation
OriginalFileName: setup.exe
CommandLine: ""C:\Program Files (x86)\Microsoft\Edge\Application\137.0.3296.68\Installer\setup.exe"" --type=crashpad-handler /prefetch:4 --monitor-self-annotation=ptype=crashpad-handler --database=C:\Windows\SystemTemp\MsEdgeCrashpad --annotation=IsOfficialBuild=1 --annotation=channel= --annotation=chromium-version=137.0.7151.69 ""--annotation=exe=C:\Program Files (x86)\Microsoft\Edge\Application\137.0.3296.68\Installer\setup.exe"" --annotation=plat=Win64 --annotation=prod=Edge --annotation=ver=137.0.3296.68 --initial-client-data=0x250,0x254,0x258,0x10c,0x25c,0x7ff7925b53f8,0x7ff7925b5404,0x7ff7925b5410
CurrentDirectory: C:\Program Files (x86)\Microsoft\Edge\Application\137.0.3296.68\Installer\
User: NT AUTHORITY\SYSTEM
LogonGuid: {154c2aaf-e981-6846-e703-000000000000}
LogonId: 0x3E7
TerminalSessionId: 0
IntegrityLevel: System
Hashes: MD5=F8B8278BD510843E63F2D9587341453F,SHA256=5FCA37C5BDC26814E4D16DDF14C6F6CBFED239751AA363158F504513B2A3E726,IMPHASH=FEAAA161935B3C215BB6530DC11DB019
ParentProcessGuid: {154c2aaf-ea70-6846-5201-000000001800}
ParentProcessId: 3860
ParentImage: C:\Program Files (x86)\Microsoft\Edge\Application\137.0.3296.68\Installer\setup.exe
ParentCommandLine: ""C:\Program Files (x86)\Microsoft\Edge\Application\137.0.3296.68\Installer\setup.exe"" --msedge --channel=stable --register-package-identity --verbose-logging --system-level
ParentUser: NT AUTHORITY\SYSTEM""",5,2025-06-09T14:06:40.7468104Z,31058,5512,DESKTOP-O7P9I53,1,3292,INFORMATION,Microsoft-Windows-Sysmon,34,false,5,Sysmon - Event 1: Process creation Microsoft Edge Installer,"[""windows"",""sysmon"",""sysmon_event1""]",61603,windows_eventchannel,"{""win"":{""system"":{""providerName"":""Microsoft-Windows-Sysmon"",""providerGuid"":""{5770385f-c22a-43e0-bf4c-06f5698ffbd9}"",""eventID"":""1"",""version"":""5"",""level"":""4"",""task"":""1"",""opcode"":""0"",""keywords"":""0x8000000000000000"",""systemTime"":""2025-06-09T14:06:40.7468104Z"",""eventRecordID"":""31058"",""processID"":""3292"",""threadID"":""5512"",""channel"":""Microsoft-Windows-Sysmon/Operational"",""computer"":""DESKTOP-O7P9I53"",""severityValue"":""INFORMATION"",""message"":""\""Process Create:\r\nRuleName: -\r\nUtcTime: 2025-06-09 14:06:40.743\r\nProcessGuid: {154c2aaf-ea70-6846-5401-000000001800}\r\nProcessId: 4424\r\nImage: C:\\Program Files (x86)\\Microsoft\\Edge\\Application\\137.0.3296.68\\Installer\\setup.exe\r\nFileVersion: 137.0.3296.68\r\nDescription: Microsoft Edge Installer\r\nProduct: Microsoft Edge Installer\r\nCompany: Microsoft Corporation\r\nOriginalFileName: setup.exe\r\nCommandLine: \""C:\\Program Files (x86)\\Microsoft\\Edge\\Application\\137.0.3296.68\\Installer\\setup.exe\"" --type=crashpad-handler /prefetch:4 --monitor-self-annotation=ptype=crashpad-handler --database=C:\\Windows\\SystemTemp\\MsEdgeCrashpad --annotation=IsOfficialBuild=1 --annotation=channel= --annotation=chromium-version=137.0.7151.69 \""--annotation=exe=C:\\Program Files (x86)\\Microsoft\\Edge\\Application\\137.0.3296.68\\Installer\\setup.exe\"" --annotation=plat=Win64 --annotation=prod=Edge --annotation=ver=137.0.3296.68 --initial-client-data=0x250,0x254,0x258,0x10c,0x25c,0x7ff7925b53f8,0x7ff7925b5404,0x7ff7925b5410\r\nCurrentDirectory: C:\\Program Files (x86)\\Microsoft\\Edge\\Application\\137.0.3296.68\\Installer\\\r\nUser: NT AUTHORITY\\SYSTEM\r\nLogonGuid: {154c2aaf-e981-6846-e703-000000000000}\r\nLogonId: 0x3E7\r\nTerminalSessionId: 0\r\nIntegrityLevel: System\r\nHashes: MD5=F8B8278BD510843E63F2D9587341453F,SHA256=5FCA37C5BDC26814E4D16DDF14C6F6CBFED239751AA363158F504513B2A3E726,IMPHASH=FEAAA161935B3C215BB6530DC11DB019\r\nParentProcessGuid: {154c2aaf-ea70-6846-5201-000000001800}\r\nParentProcessId: 3860\r\nParentImage: C:\\Program Files (x86)\\Microsoft\\Edge\\Application\\137.0.3296.68\\Installer\\setup.exe\r\nParentCommandLine: \""C:\\Program Files (x86)\\Microsoft\\Edge\\Application\\137.0.3296.68\\Installer\\setup.exe\"" --msedge --channel=stable --register-package-identity --verbose-logging --system-level\r\nParentUser: NT AUTHORITY\\SYSTEM\""""},""eventdata"":{""utcTime"":""2025-06-09 14:06:40.743"",""processGuid"":""{154c2aaf-ea70-6846-5401-000000001800}"",""processId"":""4424"",""image"":""C:\\\\Program Files (x86)\\\\Microsoft\\\\Edge\\\\Application\\\\137.0.3296.68\\\\Installer\\\\setup.exe"",""fileVersion"":""137.0.3296.68"",""description"":""Microsoft Edge Installer"",""product"":""Microsoft Edge Installer"",""company"":""Microsoft Corporation"",""originalFileName"":""setup.exe"",""commandLine"":""\\\""C:\\\\Program Files (x86)\\\\Microsoft\\\\Edge\\\\Application\\\\137.0.3296.68\\\\Installer\\\\setup.exe\\\"" --type=crashpad-handler /prefetch:4 --monitor-self-annotation=ptype=crashpad-handler --database=C:\\\\Windows\\\\SystemTemp\\\\MsEdgeCrashpad --annotation=IsOfficialBuild=1 --annotation=channel= --annotation=chromium-version=137.0.7151.69 \\\""--annotation=exe=C:\\\\Program Files (x86)\\\\Microsoft\\\\Edge\\\\Application\\\\137.0.3296.68\\\\Installer\\\\setup.exe\\\"" --annotation=plat=Win64 --annotation=prod=Edge --annotation=ver=137.0.3296.68 --initial-client-data=0x250,0x254,0x258,0x10c,0x25c,0x7ff7925b53f8,0x7ff7925b5404,0x7ff7925b5410"",""currentDirectory"":""C:\\\\Program Files (x86)\\\\Microsoft\\\\Edge\\\\Application\\\\137.0.3296.68\\\\Installer\\\\"",""user"":""NT AUTHORITY\\\\SYSTEM"",""logonGuid"":""{154c2aaf-e981-6846-e703-000000000000}"",""logonId"":""0x3e7"",""terminalSessionId"":""0"",""integrityLevel"":""System"",""hashes"":""MD5=F8B8278BD510843E63F2D9587341453F,SHA256=5FCA37C5BDC26814E4D16DDF14C6F6CBFED239751AA363158F504513B2A3E726,IMPHASH=FEAAA161935B3C215BB6530DC11DB019"",""parentProcessGuid"":""{154c2aaf-ea70-6846-5201-000000001800}"",""parentProcessId"":""3860"",""parentImage"":""C:\\\\Program Files (x86)\\\\Microsoft\\\\Edge\\\\Application\\\\137.0.3296.68\\\\Installer\\\\setup.exe"",""parentCommandLine"":""\\\""C:\\\\Program Files (x86)\\\\Microsoft\\\\Edge\\\\Application\\\\137.0.3296.68\\\\Installer\\\\setup.exe\\\"" --msedge --channel=stable --register-package-identity --verbose-logging --system-level"",""parentUser"":""NT AUTHORITY\\\\SYSTEM""}}}",log,"Jun 9, 2025 @ 19:36:42.038",EventChannel,1749478002.2069965,"Jun 9, 2025 @ 19:36:42.038", , , , , , , , , , , , , , , , , , , , , , , , , , , , , , , , , , , , , , , , , , , , , , , , , , , , , , , , , , , , , , , , , , , , , , , , , , , , , , , , , , , , , 
wazuh-alerts-4.x-2025.06.09,k-ADVZcBD7y1GXNG34af,1,1,192.168.254.162,DESKTOP-O7P9I53,001,hat-VMware-Virtual-Platform, ,C:\\Windows\\System32\\svchost.exe, , , , , ,{154c2aaf-e984-6846-4400-000000001800}, , ,3044, ,2025-06-09 14:06:40.889, , , , , , ,NT AUTHORITY\\SYSTEM, , ,13,0x8000000000000000,{5770385f-c22a-43e0-bf4c-06f5698ffbd9},4,Microsoft-Windows-Sysmon/Operational,0,"""Registry value set:
RuleName: InvDB-Path
EventType: SetValue
UtcTime: 2025-06-09 14:06:40.889
ProcessGuid: {154c2aaf-e984-6846-4400-000000001800}
ProcessId: 3044
Image: C:\Windows\System32\svchost.exe
TargetObject: \REGISTRY\A\{4fc400b6-a755-4f91-a203-75735e25b097}\Root\InventoryApplicationFile\setup.exe|b24b2a6620947644\LowerCaseLongPath
Details: c:\program files (x86)\microsoft\edge\application\137.0.3296.68\installer\setup.exe
User: NT AUTHORITY\SYSTEM""",2,2025-06-09T14:06:40.8913373Z,31061,5512,DESKTOP-O7P9I53,13,3292,INFORMATION,Microsoft-Windows-Sysmon,240,false,5,Sysmon - Event 13: RegistryEvent SetValue on \\REGISTRY\\A\\{4fc400b6-a755-4f91-a203-75735e25b097}\\Root\\InventoryApplicationFile\\setup.exe|b24b2a6620947644\\LowerCaseLongPath by C:\\Windows\\System32\\svchost.exe,"[""windows"",""sysmon"",""sysmon_event_13""]",61615,windows_eventchannel,"{""win"":{""system"":{""providerName"":""Microsoft-Windows-Sysmon"",""providerGuid"":""{5770385f-c22a-43e0-bf4c-06f5698ffbd9}"",""eventID"":""13"",""version"":""2"",""level"":""4"",""task"":""13"",""opcode"":""0"",""keywords"":""0x8000000000000000"",""systemTime"":""2025-06-09T14:06:40.8913373Z"",""eventRecordID"":""31061"",""processID"":""3292"",""threadID"":""5512"",""channel"":""Microsoft-Windows-Sysmon/Operational"",""computer"":""DESKTOP-O7P9I53"",""severityValue"":""INFORMATION"",""message"":""\""Registry value set:\r\nRuleName: InvDB-Path\r\nEventType: SetValue\r\nUtcTime: 2025-06-09 14:06:40.889\r\nProcessGuid: {154c2aaf-e984-6846-4400-000000001800}\r\nProcessId: 3044\r\nImage: C:\\Windows\\System32\\svchost.exe\r\nTargetObject: \\REGISTRY\\A\\{4fc400b6-a755-4f91-a203-75735e25b097}\\Root\\InventoryApplicationFile\\setup.exe|b24b2a6620947644\\LowerCaseLongPath\r\nDetails: c:\\program files (x86)\\microsoft\\edge\\application\\137.0.3296.68\\installer\\setup.exe\r\nUser: NT AUTHORITY\\SYSTEM\""""},""eventdata"":{""ruleName"":""InvDB-Path"",""eventType"":""SetValue"",""utcTime"":""2025-06-09 14:06:40.889"",""processGuid"":""{154c2aaf-e984-6846-4400-000000001800}"",""processId"":""3044"",""image"":""C:\\\\Windows\\\\System32\\\\svchost.exe"",""targetObject"":""\\\\REGISTRY\\\\A\\\\{4fc400b6-a755-4f91-a203-75735e25b097}\\\\Root\\\\InventoryApplicationFile\\\\setup.exe|b24b2a6620947644\\\\LowerCaseLongPath"",""details"":""c:\\\\program files (x86)\\\\microsoft\\\\edge\\\\application\\\\137.0.3296.68\\\\installer\\\\setup.exe"",""user"":""NT AUTHORITY\\\\SYSTEM""}}}",log,"Jun 9, 2025 @ 19:36:42.084",EventChannel,1749478002.2096127,"Jun 9, 2025 @ 19:36:42.084", , , , , , , , , , , , , , , , , , , , , , , , , , , , , , , , , , , , , , , , , , , , , , , , , , , ,\\REGISTRY\\A\\{4fc400b6-a755-4f91-a203-75735e25b097}\\Root\\InventoryApplicationFile\\setup.exe|b24b2a6620947644\\LowerCaseLongPath,InvDB-Path,c:\\program files (x86)\\microsoft\\edge\\application\\137.0.3296.68\\installer\\setup.exe,SetValue, , , , , , , , , , , , , , , , , , , , , , , , , , , , , , 
wazuh-alerts-4.x-2025.06.09,l-ADVZcBD7y1GXNG34af,1,1,192.168.254.162,DESKTOP-O7P9I53,001,hat-VMware-Virtual-Platform,setup.exe,C:\\Program Files (x86)\\Microsoft\\Edge\\Application\\137.0.3296.68\\Installer\\setup.exe,Microsoft Edge Installer,{154c2aaf-ea70-6846-5501-000000001800},Microsoft Edge Installer,{154c2aaf-e981-6846-e703-000000000000},"\""C:\\Program Files (x86)\\Microsoft\\Edge\\Application\\137.0.3296.68\\Installer\\setup.exe\"" --msedge --channel=stable --install-update-game-assist-package --verbose-logging --system-level",{154c2aaf-ea71-6846-5701-000000001800},0x3e7,3752,6452,C:\\Program Files (x86)\\Microsoft\\EdgeUpdate\\1.3.195.61\\,2025-06-09 14:06:41.077,"MD5=F8B8278BD510843E63F2D9587341453F,SHA256=5FCA37C5BDC26814E4D16DDF14C6F6CBFED239751AA363158F504513B2A3E726,IMPHASH=FEAAA161935B3C215BB6530DC11DB019",C:\\Program Files (x86)\\Microsoft\\Edge\\Application\\137.0.3296.68\\Installer\\setup.exe,Microsoft Corporation,"\""C:\\Program Files (x86)\\Microsoft\\Edge\\Application\\137.0.3296.68\\Installer\\setup.exe\"" --type=crashpad-handler /prefetch:4 --monitor-self-annotation=ptype=crashpad-handler --database=C:\\Windows\\SystemTemp\\MsEdgeCrashpad --annotation=IsOfficialBuild=1 --annotation=channel= --annotation=chromium-version=137.0.7151.69 \""--annotation=exe=C:\\Program Files (x86)\\Microsoft\\Edge\\Application\\137.0.3296.68\\Installer\\setup.exe\"" --annotation=plat=Win64 --annotation=prod=Edge --annotation=ver=137.0.3296.68 --initial-client-data=0x238,0x23c,0x240,0x21c,0x244,0x7ff7925b53f8,0x7ff7925b5404,0x7ff7925b5410",System,137.0.3296.68,NT AUTHORITY\\SYSTEM,0,NT AUTHORITY\\SYSTEM,1,0x8000000000000000,{5770385f-c22a-43e0-bf4c-06f5698ffbd9},4,Microsoft-Windows-Sysmon/Operational,0,"""Process Create:
RuleName: -
UtcTime: 2025-06-09 14:06:41.077
ProcessGuid: {154c2aaf-ea71-6846-5701-000000001800}
ProcessId: 6452
Image: C:\Program Files (x86)\Microsoft\Edge\Application\137.0.3296.68\Installer\setup.exe
FileVersion: 137.0.3296.68
Description: Microsoft Edge Installer
Product: Microsoft Edge Installer
Company: Microsoft Corporation
OriginalFileName: setup.exe
CommandLine: ""C:\Program Files (x86)\Microsoft\Edge\Application\137.0.3296.68\Installer\setup.exe"" --type=crashpad-handler /prefetch:4 --monitor-self-annotation=ptype=crashpad-handler --database=C:\Windows\SystemTemp\MsEdgeCrashpad --annotation=IsOfficialBuild=1 --annotation=channel= --annotation=chromium-version=137.0.7151.69 ""--annotation=exe=C:\Program Files (x86)\Microsoft\Edge\Application\137.0.3296.68\Installer\setup.exe"" --annotation=plat=Win64 --annotation=prod=Edge --annotation=ver=137.0.3296.68 --initial-client-data=0x238,0x23c,0x240,0x21c,0x244,0x7ff7925b53f8,0x7ff7925b5404,0x7ff7925b5410
CurrentDirectory: C:\Program Files (x86)\Microsoft\EdgeUpdate\1.3.195.61\
User: NT AUTHORITY\SYSTEM
LogonGuid: {154c2aaf-e981-6846-e703-000000000000}
LogonId: 0x3E7
TerminalSessionId: 0
IntegrityLevel: System
Hashes: MD5=F8B8278BD510843E63F2D9587341453F,SHA256=5FCA37C5BDC26814E4D16DDF14C6F6CBFED239751AA363158F504513B2A3E726,IMPHASH=FEAAA161935B3C215BB6530DC11DB019
ParentProcessGuid: {154c2aaf-ea70-6846-5501-000000001800}
ParentProcessId: 3752
ParentImage: C:\Program Files (x86)\Microsoft\Edge\Application\137.0.3296.68\Installer\setup.exe
ParentCommandLine: ""C:\Program Files (x86)\Microsoft\Edge\Application\137.0.3296.68\Installer\setup.exe"" --msedge --channel=stable --install-update-game-assist-package --verbose-logging --system-level
ParentUser: NT AUTHORITY\SYSTEM""",5,2025-06-09T14:06:41.0796172Z,31065,5512,DESKTOP-O7P9I53,1,3292,INFORMATION,Microsoft-Windows-Sysmon,37,false,5,Sysmon - Event 1: Process creation Microsoft Edge Installer,"[""windows"",""sysmon"",""sysmon_event1""]",61603,windows_eventchannel,"{""win"":{""system"":{""providerName"":""Microsoft-Windows-Sysmon"",""providerGuid"":""{5770385f-c22a-43e0-bf4c-06f5698ffbd9}"",""eventID"":""1"",""version"":""5"",""level"":""4"",""task"":""1"",""opcode"":""0"",""keywords"":""0x8000000000000000"",""systemTime"":""2025-06-09T14:06:41.0796172Z"",""eventRecordID"":""31065"",""processID"":""3292"",""threadID"":""5512"",""channel"":""Microsoft-Windows-Sysmon/Operational"",""computer"":""DESKTOP-O7P9I53"",""severityValue"":""INFORMATION"",""message"":""\""Process Create:\r\nRuleName: -\r\nUtcTime: 2025-06-09 14:06:41.077\r\nProcessGuid: {154c2aaf-ea71-6846-5701-000000001800}\r\nProcessId: 6452\r\nImage: C:\\Program Files (x86)\\Microsoft\\Edge\\Application\\137.0.3296.68\\Installer\\setup.exe\r\nFileVersion: 137.0.3296.68\r\nDescription: Microsoft Edge Installer\r\nProduct: Microsoft Edge Installer\r\nCompany: Microsoft Corporation\r\nOriginalFileName: setup.exe\r\nCommandLine: \""C:\\Program Files (x86)\\Microsoft\\Edge\\Application\\137.0.3296.68\\Installer\\setup.exe\"" --type=crashpad-handler /prefetch:4 --monitor-self-annotation=ptype=crashpad-handler --database=C:\\Windows\\SystemTemp\\MsEdgeCrashpad --annotation=IsOfficialBuild=1 --annotation=channel= --annotation=chromium-version=137.0.7151.69 \""--annotation=exe=C:\\Program Files (x86)\\Microsoft\\Edge\\Application\\137.0.3296.68\\Installer\\setup.exe\"" --annotation=plat=Win64 --annotation=prod=Edge --annotation=ver=137.0.3296.68 --initial-client-data=0x238,0x23c,0x240,0x21c,0x244,0x7ff7925b53f8,0x7ff7925b5404,0x7ff7925b5410\r\nCurrentDirectory: C:\\Program Files (x86)\\Microsoft\\EdgeUpdate\\1.3.195.61\\\r\nUser: NT AUTHORITY\\SYSTEM\r\nLogonGuid: {154c2aaf-e981-6846-e703-000000000000}\r\nLogonId: 0x3E7\r\nTerminalSessionId: 0\r\nIntegrityLevel: System\r\nHashes: MD5=F8B8278BD510843E63F2D9587341453F,SHA256=5FCA37C5BDC26814E4D16DDF14C6F6CBFED239751AA363158F504513B2A3E726,IMPHASH=FEAAA161935B3C215BB6530DC11DB019\r\nParentProcessGuid: {154c2aaf-ea70-6846-5501-000000001800}\r\nParentProcessId: 3752\r\nParentImage: C:\\Program Files (x86)\\Microsoft\\Edge\\Application\\137.0.3296.68\\Installer\\setup.exe\r\nParentCommandLine: \""C:\\Program Files (x86)\\Microsoft\\Edge\\Application\\137.0.3296.68\\Installer\\setup.exe\"" --msedge --channel=stable --install-update-game-assist-package --verbose-logging --system-level\r\nParentUser: NT AUTHORITY\\SYSTEM\""""},""eventdata"":{""utcTime"":""2025-06-09 14:06:41.077"",""processGuid"":""{154c2aaf-ea71-6846-5701-000000001800}"",""processId"":""6452"",""image"":""C:\\\\Program Files (x86)\\\\Microsoft\\\\Edge\\\\Application\\\\137.0.3296.68\\\\Installer\\\\setup.exe"",""fileVersion"":""137.0.3296.68"",""description"":""Microsoft Edge Installer"",""product"":""Microsoft Edge Installer"",""company"":""Microsoft Corporation"",""originalFileName"":""setup.exe"",""commandLine"":""\\\""C:\\\\Program Files (x86)\\\\Microsoft\\\\Edge\\\\Application\\\\137.0.3296.68\\\\Installer\\\\setup.exe\\\"" --type=crashpad-handler /prefetch:4 --monitor-self-annotation=ptype=crashpad-handler --database=C:\\\\Windows\\\\SystemTemp\\\\MsEdgeCrashpad --annotation=IsOfficialBuild=1 --annotation=channel= --annotation=chromium-version=137.0.7151.69 \\\""--annotation=exe=C:\\\\Program Files (x86)\\\\Microsoft\\\\Edge\\\\Application\\\\137.0.3296.68\\\\Installer\\\\setup.exe\\\"" --annotation=plat=Win64 --annotation=prod=Edge --annotation=ver=137.0.3296.68 --initial-client-data=0x238,0x23c,0x240,0x21c,0x244,0x7ff7925b53f8,0x7ff7925b5404,0x7ff7925b5410"",""currentDirectory"":""C:\\\\Program Files (x86)\\\\Microsoft\\\\EdgeUpdate\\\\1.3.195.61\\\\"",""user"":""NT AUTHORITY\\\\SYSTEM"",""logonGuid"":""{154c2aaf-e981-6846-e703-000000000000}"",""logonId"":""0x3e7"",""terminalSessionId"":""0"",""integrityLevel"":""System"",""hashes"":""MD5=F8B8278BD510843E63F2D9587341453F,SHA256=5FCA37C5BDC26814E4D16DDF14C6F6CBFED239751AA363158F504513B2A3E726,IMPHASH=FEAAA161935B3C215BB6530DC11DB019"",""parentProcessGuid"":""{154c2aaf-ea70-6846-5501-000000001800}"",""parentProcessId"":""3752"",""parentImage"":""C:\\\\Program Files (x86)\\\\Microsoft\\\\Edge\\\\Application\\\\137.0.3296.68\\\\Installer\\\\setup.exe"",""parentCommandLine"":""\\\""C:\\\\Program Files (x86)\\\\Microsoft\\\\Edge\\\\Application\\\\137.0.3296.68\\\\Installer\\\\setup.exe\\\"" --msedge --channel=stable --install-update-game-assist-package --verbose-logging --system-level"",""parentUser"":""NT AUTHORITY\\\\SYSTEM""}}}",log,"Jun 9, 2025 @ 19:36:42.147",EventChannel,1749478002.2109009,"Jun 9, 2025 @ 19:36:42.147", , , , , , , , , , , , , , , , , , , , , , , , , , , , , , , , , , , , , , , , , , , , , , , , , , , , , , , , , , , , , , , , , , , , , , , , , , , , , , , , , , , , , 
wazuh-alerts-4.x-2025.06.09,meADVZcBD7y1GXNG44b7,1,1,192.168.254.162,DESKTOP-O7P9I53,001,hat-VMware-Virtual-Platform, ,C:\\Windows\\system32\\LogonUI.exe, , , , , ,{154c2aaf-e982-6846-1500-000000001800}, , ,508, ,2025-06-09 14:06:43.544, , , , , , ,NT AUTHORITY\\SYSTEM, , ,13,0x8000000000000000,{5770385f-c22a-43e0-bf4c-06f5698ffbd9},4,Microsoft-Windows-Sysmon/Operational,0,"""Registry value set:
RuleName: -
EventType: SetValue
UtcTime: 2025-06-09 14:06:43.544
ProcessGuid: {154c2aaf-e982-6846-1500-000000001800}
ProcessId: 508
Image: C:\Windows\system32\LogonUI.exe
TargetObject: HKLM\SOFTWARE\Microsoft\Windows\CurrentVersion\Authentication\LogonUI\LastLoggedOnUser
Details: .\admin
User: NT AUTHORITY\SYSTEM""",2,2025-06-09T14:06:43.5462734Z,31067,5512,DESKTOP-O7P9I53,13,3292,INFORMATION,Microsoft-Windows-Sysmon,244,false,5,Sysmon - Event 13: RegistryEvent SetValue on HKLM\\SOFTWARE\\Microsoft\\Windows\\CurrentVersion\\Authentication\\LogonUI\\LastLoggedOnUser by C:\\Windows\\system32\\LogonUI.exe,"[""windows"",""sysmon"",""sysmon_event_13""]",61615,windows_eventchannel,"{""win"":{""system"":{""providerName"":""Microsoft-Windows-Sysmon"",""providerGuid"":""{5770385f-c22a-43e0-bf4c-06f5698ffbd9}"",""eventID"":""13"",""version"":""2"",""level"":""4"",""task"":""13"",""opcode"":""0"",""keywords"":""0x8000000000000000"",""systemTime"":""2025-06-09T14:06:43.5462734Z"",""eventRecordID"":""31067"",""processID"":""3292"",""threadID"":""5512"",""channel"":""Microsoft-Windows-Sysmon/Operational"",""computer"":""DESKTOP-O7P9I53"",""severityValue"":""INFORMATION"",""message"":""\""Registry value set:\r\nRuleName: -\r\nEventType: SetValue\r\nUtcTime: 2025-06-09 14:06:43.544\r\nProcessGuid: {154c2aaf-e982-6846-1500-000000001800}\r\nProcessId: 508\r\nImage: C:\\Windows\\system32\\LogonUI.exe\r\nTargetObject: HKLM\\SOFTWARE\\Microsoft\\Windows\\CurrentVersion\\Authentication\\LogonUI\\LastLoggedOnUser\r\nDetails: .\\admin\r\nUser: NT AUTHORITY\\SYSTEM\""""},""eventdata"":{""eventType"":""SetValue"",""utcTime"":""2025-06-09 14:06:43.544"",""processGuid"":""{154c2aaf-e982-6846-1500-000000001800}"",""processId"":""508"",""image"":""C:\\\\Windows\\\\system32\\\\LogonUI.exe"",""targetObject"":""HKLM\\\\SOFTWARE\\\\Microsoft\\\\Windows\\\\CurrentVersion\\\\Authentication\\\\LogonUI\\\\LastLoggedOnUser"",""details"":"".\\\\admin"",""user"":""NT AUTHORITY\\\\SYSTEM""}}}",log,"Jun 9, 2025 @ 19:36:44.925",EventChannel,1749478004.2125258,"Jun 9, 2025 @ 19:36:44.925", , , , , , , , , , , , , , , , , , , , , , , , , , , , , , , , , , , , , , , , , , , , , , , , , , , ,HKLM\\SOFTWARE\\Microsoft\\Windows\\CurrentVersion\\Authentication\\LogonUI\\LastLoggedOnUser, ,.\\admin,SetValue, , , , , , , , , , , , , , , , , , , , , , , , , , , , , , 
wazuh-alerts-4.x-2025.06.09,ouADVZcBD7y1GXNG44b8,1,1,192.168.254.162,DESKTOP-O7P9I53,001,hat-VMware-Virtual-Platform, ,C:\\Windows\\system32\\services.exe, , , , , ,{154c2aaf-e981-6846-0b00-000000001800}, , ,648, ,2025-06-09 14:06:44.200, , , , , , ,NT AUTHORITY\\SYSTEM, , ,13,0x8000000000000000,{5770385f-c22a-43e0-bf4c-06f5698ffbd9},4,Microsoft-Windows-Sysmon/Operational,0,"""Registry value set:
RuleName: T1031,T1050
EventType: SetValue
UtcTime: 2025-06-09 14:06:44.200
ProcessGuid: {154c2aaf-e981-6846-0b00-000000001800}
ProcessId: 648
Image: C:\Windows\system32\services.exe
TargetObject: HKLM\System\CurrentControlSet\Services\CaptureService_22d8b9\Start
Details: DWORD (0x00000003)
User: NT AUTHORITY\SYSTEM""",2,2025-06-09T14:06:44.2073738Z,31075,5512,DESKTOP-O7P9I53,13,3292,INFORMATION,Microsoft-Windows-Sysmon,248,false,5,Sysmon - Event 13: RegistryEvent SetValue on HKLM\\System\\CurrentControlSet\\Services\\CaptureService_22d8b9\\Start by C:\\Windows\\system32\\services.exe,"[""windows"",""sysmon"",""sysmon_event_13""]",61615,windows_eventchannel,"{""win"":{""system"":{""providerName"":""Microsoft-Windows-Sysmon"",""providerGuid"":""{5770385f-c22a-43e0-bf4c-06f5698ffbd9}"",""eventID"":""13"",""version"":""2"",""level"":""4"",""task"":""13"",""opcode"":""0"",""keywords"":""0x8000000000000000"",""systemTime"":""2025-06-09T14:06:44.2073738Z"",""eventRecordID"":""31075"",""processID"":""3292"",""threadID"":""5512"",""channel"":""Microsoft-Windows-Sysmon/Operational"",""computer"":""DESKTOP-O7P9I53"",""severityValue"":""INFORMATION"",""message"":""\""Registry value set:\r\nRuleName: T1031,T1050\r\nEventType: SetValue\r\nUtcTime: 2025-06-09 14:06:44.200\r\nProcessGuid: {154c2aaf-e981-6846-0b00-000000001800}\r\nProcessId: 648\r\nImage: C:\\Windows\\system32\\services.exe\r\nTargetObject: HKLM\\System\\CurrentControlSet\\Services\\CaptureService_22d8b9\\Start\r\nDetails: DWORD (0x00000003)\r\nUser: NT AUTHORITY\\SYSTEM\""""},""eventdata"":{""ruleName"":""T1031,T1050"",""eventType"":""SetValue"",""utcTime"":""2025-06-09 14:06:44.200"",""processGuid"":""{154c2aaf-e981-6846-0b00-000000001800}"",""processId"":""648"",""image"":""C:\\\\Windows\\\\system32\\\\services.exe"",""targetObject"":""HKLM\\\\System\\\\CurrentControlSet\\\\Services\\\\CaptureService_22d8b9\\\\Start"",""details"":""DWORD (0x00000003)"",""user"":""NT AUTHORITY\\\\SYSTEM""}}}",log,"Jun 9, 2025 @ 19:36:45.059",EventChannel,1749478005.2159201,"Jun 9, 2025 @ 19:36:45.059", , , , , , , , , , , , , , , , , , , , , , , , , , , , , , , , , , , , , , , , , , , , , , , , , , , ,HKLM\\System\\CurrentControlSet\\Services\\CaptureService_22d8b9\\Start,"T1031,T1050",DWORD (0x00000003),SetValue, , , , , , , , , , , , , , , , , , , , , , , , , , , , , , 
wazuh-alerts-4.x-2025.06.09,pOADVZcBD7y1GXNG44b8,1,1,192.168.254.162,DESKTOP-O7P9I53,001,hat-VMware-Virtual-Platform, ,C:\\Windows\\system32\\services.exe, , , , , ,{154c2aaf-e981-6846-0b00-000000001800}, , ,648, ,2025-06-09 14:06:44.200, , , , , , ,NT AUTHORITY\\SYSTEM, , ,13,0x8000000000000000,{5770385f-c22a-43e0-bf4c-06f5698ffbd9},4,Microsoft-Windows-Sysmon/Operational,0,"""Registry value set:
RuleName: T1031,T1050
EventType: SetValue
UtcTime: 2025-06-09 14:06:44.200
ProcessGuid: {154c2aaf-e981-6846-0b00-000000001800}
ProcessId: 648
Image: C:\Windows\system32\services.exe
TargetObject: HKLM\System\CurrentControlSet\Services\cbdhsvc_22d8b9\Start
Details: DWORD (0x00000003)
User: NT AUTHORITY\SYSTEM""",2,2025-06-09T14:06:44.2076179Z,31077,5512,DESKTOP-O7P9I53,13,3292,INFORMATION,Microsoft-Windows-Sysmon,249,false,5,Sysmon - Event 13: RegistryEvent SetValue on HKLM\\System\\CurrentControlSet\\Services\\cbdhsvc_22d8b9\\Start by C:\\Windows\\system32\\services.exe,"[""windows"",""sysmon"",""sysmon_event_13""]",61615,windows_eventchannel,"{""win"":{""system"":{""providerName"":""Microsoft-Windows-Sysmon"",""providerGuid"":""{5770385f-c22a-43e0-bf4c-06f5698ffbd9}"",""eventID"":""13"",""version"":""2"",""level"":""4"",""task"":""13"",""opcode"":""0"",""keywords"":""0x8000000000000000"",""systemTime"":""2025-06-09T14:06:44.2076179Z"",""eventRecordID"":""31077"",""processID"":""3292"",""threadID"":""5512"",""channel"":""Microsoft-Windows-Sysmon/Operational"",""computer"":""DESKTOP-O7P9I53"",""severityValue"":""INFORMATION"",""message"":""\""Registry value set:\r\nRuleName: T1031,T1050\r\nEventType: SetValue\r\nUtcTime: 2025-06-09 14:06:44.200\r\nProcessGuid: {154c2aaf-e981-6846-0b00-000000001800}\r\nProcessId: 648\r\nImage: C:\\Windows\\system32\\services.exe\r\nTargetObject: HKLM\\System\\CurrentControlSet\\Services\\cbdhsvc_22d8b9\\Start\r\nDetails: DWORD (0x00000003)\r\nUser: NT AUTHORITY\\SYSTEM\""""},""eventdata"":{""ruleName"":""T1031,T1050"",""eventType"":""SetValue"",""utcTime"":""2025-06-09 14:06:44.200"",""processGuid"":""{154c2aaf-e981-6846-0b00-000000001800}"",""processId"":""648"",""image"":""C:\\\\Windows\\\\system32\\\\services.exe"",""targetObject"":""HKLM\\\\System\\\\CurrentControlSet\\\\Services\\\\cbdhsvc_22d8b9\\\\Start"",""details"":""DWORD (0x00000003)"",""user"":""NT AUTHORITY\\\\SYSTEM""}}}",log,"Jun 9, 2025 @ 19:36:45.089",EventChannel,1749478005.2165124,"Jun 9, 2025 @ 19:36:45.089", , , , , , , , , , , , , , , , , , , , , , , , , , , , , , , , , , , , , , , , , , , , , , , , , , , ,HKLM\\System\\CurrentControlSet\\Services\\cbdhsvc_22d8b9\\Start,"T1031,T1050",DWORD (0x00000003),SetValue, , , , , , , , , , , , , , , , , , , , , , , , , , , , , , 
wazuh-alerts-4.x-2025.06.09,puADVZcBD7y1GXNG44b8,1,1,192.168.254.162,DESKTOP-O7P9I53,001,hat-VMware-Virtual-Platform, ,C:\\Windows\\system32\\services.exe, , , , , ,{154c2aaf-e981-6846-0b00-000000001800}, , ,648, ,2025-06-09 14:06:44.200, , , , , , ,NT AUTHORITY\\SYSTEM, , ,13,0x8000000000000000,{5770385f-c22a-43e0-bf4c-06f5698ffbd9},4,Microsoft-Windows-Sysmon/Operational,0,"""Registry value set:
RuleName: T1031,T1050
EventType: SetValue
UtcTime: 2025-06-09 14:06:44.200
ProcessGuid: {154c2aaf-e981-6846-0b00-000000001800}
ProcessId: 648
Image: C:\Windows\system32\services.exe
TargetObject: HKLM\System\CurrentControlSet\Services\CDPUserSvc_22d8b9\Start
Details: DWORD (0x00000002)
User: NT AUTHORITY\SYSTEM""",2,2025-06-09T14:06:44.2090730Z,31079,5512,DESKTOP-O7P9I53,13,3292,INFORMATION,Microsoft-Windows-Sysmon,250,false,5,Sysmon - Event 13: RegistryEvent SetValue on HKLM\\System\\CurrentControlSet\\Services\\CDPUserSvc_22d8b9\\Start by C:\\Windows\\system32\\services.exe,"[""windows"",""sysmon"",""sysmon_event_13""]",61615,windows_eventchannel,"{""win"":{""system"":{""providerName"":""Microsoft-Windows-Sysmon"",""providerGuid"":""{5770385f-c22a-43e0-bf4c-06f5698ffbd9}"",""eventID"":""13"",""version"":""2"",""level"":""4"",""task"":""13"",""opcode"":""0"",""keywords"":""0x8000000000000000"",""systemTime"":""2025-06-09T14:06:44.2090730Z"",""eventRecordID"":""31079"",""processID"":""3292"",""threadID"":""5512"",""channel"":""Microsoft-Windows-Sysmon/Operational"",""computer"":""DESKTOP-O7P9I53"",""severityValue"":""INFORMATION"",""message"":""\""Registry value set:\r\nRuleName: T1031,T1050\r\nEventType: SetValue\r\nUtcTime: 2025-06-09 14:06:44.200\r\nProcessGuid: {154c2aaf-e981-6846-0b00-000000001800}\r\nProcessId: 648\r\nImage: C:\\Windows\\system32\\services.exe\r\nTargetObject: HKLM\\System\\CurrentControlSet\\Services\\CDPUserSvc_22d8b9\\Start\r\nDetails: DWORD (0x00000002)\r\nUser: NT AUTHORITY\\SYSTEM\""""},""eventdata"":{""ruleName"":""T1031,T1050"",""eventType"":""SetValue"",""utcTime"":""2025-06-09 14:06:44.200"",""processGuid"":""{154c2aaf-e981-6846-0b00-000000001800}"",""processId"":""648"",""image"":""C:\\\\Windows\\\\system32\\\\services.exe"",""targetObject"":""HKLM\\\\System\\\\CurrentControlSet\\\\Services\\\\CDPUserSvc_22d8b9\\\\Start"",""details"":""DWORD (0x00000002)"",""user"":""NT AUTHORITY\\\\SYSTEM""}}}",log,"Jun 9, 2025 @ 19:36:45.119",EventChannel,1749478005.2171002,"Jun 9, 2025 @ 19:36:45.119", , , , , , , , , , , , , , , , , , , , , , , , , , , , , , , , , , , , , , , , , , , , , , , , , , , ,HKLM\\System\\CurrentControlSet\\Services\\CDPUserSvc_22d8b9\\Start,"T1031,T1050",DWORD (0x00000002),SetValue, , , , , , , , , , , , , , , , , , , , , , , , , , , , , , 
wazuh-alerts-4.x-2025.06.09,qOADVZcBD7y1GXNG44b8,1,1,192.168.254.162,DESKTOP-O7P9I53,001,hat-VMware-Virtual-Platform, ,C:\\Windows\\system32\\services.exe, , , , , ,{154c2aaf-e981-6846-0b00-000000001800}, , ,648, ,2025-06-09 14:06:44.200, , , , , , ,NT AUTHORITY\\SYSTEM, , ,13,0x8000000000000000,{5770385f-c22a-43e0-bf4c-06f5698ffbd9},4,Microsoft-Windows-Sysmon/Operational,0,"""Registry value set:
RuleName: T1031,T1050
EventType: SetValue
UtcTime: 2025-06-09 14:06:44.200
ProcessGuid: {154c2aaf-e981-6846-0b00-000000001800}
ProcessId: 648
Image: C:\Windows\system32\services.exe
TargetObject: HKLM\System\CurrentControlSet\Services\ConsentUxUserSvc_22d8b9\Start
Details: DWORD (0x00000003)
User: NT AUTHORITY\SYSTEM""",2,2025-06-09T14:06:44.2093155Z,31081,5512,DESKTOP-O7P9I53,13,3292,INFORMATION,Microsoft-Windows-Sysmon,251,false,5,Sysmon - Event 13: RegistryEvent SetValue on HKLM\\System\\CurrentControlSet\\Services\\ConsentUxUserSvc_22d8b9\\Start by C:\\Windows\\system32\\services.exe,"[""windows"",""sysmon"",""sysmon_event_13""]",61615,windows_eventchannel,"{""win"":{""system"":{""providerName"":""Microsoft-Windows-Sysmon"",""providerGuid"":""{5770385f-c22a-43e0-bf4c-06f5698ffbd9}"",""eventID"":""13"",""version"":""2"",""level"":""4"",""task"":""13"",""opcode"":""0"",""keywords"":""0x8000000000000000"",""systemTime"":""2025-06-09T14:06:44.2093155Z"",""eventRecordID"":""31081"",""processID"":""3292"",""threadID"":""5512"",""channel"":""Microsoft-Windows-Sysmon/Operational"",""computer"":""DESKTOP-O7P9I53"",""severityValue"":""INFORMATION"",""message"":""\""Registry value set:\r\nRuleName: T1031,T1050\r\nEventType: SetValue\r\nUtcTime: 2025-06-09 14:06:44.200\r\nProcessGuid: {154c2aaf-e981-6846-0b00-000000001800}\r\nProcessId: 648\r\nImage: C:\\Windows\\system32\\services.exe\r\nTargetObject: HKLM\\System\\CurrentControlSet\\Services\\ConsentUxUserSvc_22d8b9\\Start\r\nDetails: DWORD (0x00000003)\r\nUser: NT AUTHORITY\\SYSTEM\""""},""eventdata"":{""ruleName"":""T1031,T1050"",""eventType"":""SetValue"",""utcTime"":""2025-06-09 14:06:44.200"",""processGuid"":""{154c2aaf-e981-6846-0b00-000000001800}"",""processId"":""648"",""image"":""C:\\\\Windows\\\\system32\\\\services.exe"",""targetObject"":""HKLM\\\\System\\\\CurrentControlSet\\\\Services\\\\ConsentUxUserSvc_22d8b9\\\\Start"",""details"":""DWORD (0x00000003)"",""user"":""NT AUTHORITY\\\\SYSTEM""}}}",log,"Jun 9, 2025 @ 19:36:45.148",EventChannel,1749478005.2176890,"Jun 9, 2025 @ 19:36:45.148", , , , , , , , , , , , , , , , , , , , , , , , , , , , , , , , , , , , , , , , , , , , , , , , , , , ,HKLM\\System\\CurrentControlSet\\Services\\ConsentUxUserSvc_22d8b9\\Start,"T1031,T1050",DWORD (0x00000003),SetValue, , , , , , , , , , , , , , , , , , , , , , , , , , , , , , 
wazuh-alerts-4.x-2025.06.09,q-ADVZcBD7y1GXNG44b8,1,1,192.168.254.162,DESKTOP-O7P9I53,001,hat-VMware-Virtual-Platform, ,C:\\Windows\\system32\\services.exe, , , , , ,{154c2aaf-e981-6846-0b00-000000001800}, , ,648, ,2025-06-09 14:06:44.200, , , , , , ,NT AUTHORITY\\SYSTEM, , ,13,0x8000000000000000,{5770385f-c22a-43e0-bf4c-06f5698ffbd9},4,Microsoft-Windows-Sysmon/Operational,0,"""Registry value set:
RuleName: T1031,T1050
EventType: SetValue
UtcTime: 2025-06-09 14:06:44.200
ProcessGuid: {154c2aaf-e981-6846-0b00-000000001800}
ProcessId: 648
Image: C:\Windows\system32\services.exe
TargetObject: HKLM\System\CurrentControlSet\Services\CredentialEnrollmentManagerUserSvc_22d8b9\ImagePath
Details: C:\Windows\system32\CredentialEnrollmentManager.exe
User: NT AUTHORITY\SYSTEM""",2,2025-06-09T14:06:44.2096294Z,31084,5512,DESKTOP-O7P9I53,13,3292,INFORMATION,Microsoft-Windows-Sysmon,9,false,3,Evidence of new service creation found in registry under HKLM\\System\\CurrentControlSet\\Services\\CredentialEnrollmentManagerUserSvc_22d8b9\\ImagePath binary is: C:\\Windows\\system32\\CredentialEnrollmentManager.exe,"[""sysmon"",""sysmon_eid13_detections"",""windows""]",92307,windows_eventchannel, ,log,"Jun 9, 2025 @ 19:36:45.196",EventChannel,1749478005.2185770,"Jun 9, 2025 @ 19:36:45.196", , ,"[""Windows Service""]","[""T1543.003""]","[""Persistence"",""Privilege Escalation""]", , , , , , , , , , , , , , , , , , , , , , , , , , , , , , , , , , , , , , , , , , , , , , ,HKLM\\System\\CurrentControlSet\\Services\\CredentialEnrollmentManagerUserSvc_22d8b9\\ImagePath,"T1031,T1050",C:\\Windows\\system32\\CredentialEnrollmentManager.exe,SetValue, , , , , , , , , , , , , , , , , , , , , , , , , , , , , , 
wazuh-alerts-4.x-2025.06.09,r-ADVZcBD7y1GXNG44b8,1,1,192.168.254.162,DESKTOP-O7P9I53,001,hat-VMware-Virtual-Platform, ,C:\\Windows\\system32\\services.exe, , , , , ,{154c2aaf-e981-6846-0b00-000000001800}, , ,648, ,2025-06-09 14:06:44.200, , , , , , ,NT AUTHORITY\\SYSTEM, , ,13,0x8000000000000000,{5770385f-c22a-43e0-bf4c-06f5698ffbd9},4,Microsoft-Windows-Sysmon/Operational,0,"""Registry value set:
RuleName: T1031,T1050
EventType: SetValue
UtcTime: 2025-06-09 14:06:44.200
ProcessGuid: {154c2aaf-e981-6846-0b00-000000001800}
ProcessId: 648
Image: C:\Windows\system32\services.exe
TargetObject: HKLM\System\CurrentControlSet\Services\DevicePickerUserSvc_22d8b9\ImagePath
Details: C:\Windows\system32\svchost.exe -k DevicesFlow
User: NT AUTHORITY\SYSTEM""",2,2025-06-09T14:06:44.2101527Z,31088,5512,DESKTOP-O7P9I53,13,3292,INFORMATION,Microsoft-Windows-Sysmon,11,false,3,Evidence of new service creation found in registry under HKLM\\System\\CurrentControlSet\\Services\\DevicePickerUserSvc_22d8b9\\ImagePath binary is: C:\\Windows\\system32\\svchost.exe -k DevicesFlow,"[""sysmon"",""sysmon_eid13_detections"",""windows""]",92307,windows_eventchannel, ,log,"Jun 9, 2025 @ 19:36:45.248",EventChannel,1749478005.2197861,"Jun 9, 2025 @ 19:36:45.248", , ,"[""Windows Service""]","[""T1543.003""]","[""Persistence"",""Privilege Escalation""]", , , , , , , , , , , , , , , , , , , , , , , , , , , , , , , , , , , , , , , , , , , , , , ,HKLM\\System\\CurrentControlSet\\Services\\DevicePickerUserSvc_22d8b9\\ImagePath,"T1031,T1050",C:\\Windows\\system32\\svchost.exe -k DevicesFlow,SetValue, , , , , , , , , , , , , , , , , , , , , , , , , , , , , , 
wazuh-alerts-4.x-2025.06.09,suADVZcBD7y1GXNG44b8,1,1,192.168.254.162,DESKTOP-O7P9I53,001,hat-VMware-Virtual-Platform, ,C:\\Windows\\system32\\services.exe, , , , , ,{154c2aaf-e981-6846-0b00-000000001800}, , ,648, ,2025-06-09 14:06:44.200, , , , , , ,NT AUTHORITY\\SYSTEM, , ,13,0x8000000000000000,{5770385f-c22a-43e0-bf4c-06f5698ffbd9},4,Microsoft-Windows-Sysmon/Operational,0,"""Registry value set:
RuleName: T1031,T1050
EventType: SetValue
UtcTime: 2025-06-09 14:06:44.200
ProcessGuid: {154c2aaf-e981-6846-0b00-000000001800}
ProcessId: 648
Image: C:\Windows\system32\services.exe
TargetObject: HKLM\System\CurrentControlSet\Services\MessagingService_22d8b9\Start
Details: DWORD (0x00000003)
User: NT AUTHORITY\SYSTEM""",2,2025-06-09T14:06:44.2115899Z,31091,5512,DESKTOP-O7P9I53,13,3292,INFORMATION,Microsoft-Windows-Sysmon,256,false,5,Sysmon - Event 13: RegistryEvent SetValue on HKLM\\System\\CurrentControlSet\\Services\\MessagingService_22d8b9\\Start by C:\\Windows\\system32\\services.exe,"[""windows"",""sysmon"",""sysmon_event_13""]",61615,windows_eventchannel,"{""win"":{""system"":{""providerName"":""Microsoft-Windows-Sysmon"",""providerGuid"":""{5770385f-c22a-43e0-bf4c-06f5698ffbd9}"",""eventID"":""13"",""version"":""2"",""level"":""4"",""task"":""13"",""opcode"":""0"",""keywords"":""0x8000000000000000"",""systemTime"":""2025-06-09T14:06:44.2115899Z"",""eventRecordID"":""31091"",""processID"":""3292"",""threadID"":""5512"",""channel"":""Microsoft-Windows-Sysmon/Operational"",""computer"":""DESKTOP-O7P9I53"",""severityValue"":""INFORMATION"",""message"":""\""Registry value set:\r\nRuleName: T1031,T1050\r\nEventType: SetValue\r\nUtcTime: 2025-06-09 14:06:44.200\r\nProcessGuid: {154c2aaf-e981-6846-0b00-000000001800}\r\nProcessId: 648\r\nImage: C:\\Windows\\system32\\services.exe\r\nTargetObject: HKLM\\System\\CurrentControlSet\\Services\\MessagingService_22d8b9\\Start\r\nDetails: DWORD (0x00000003)\r\nUser: NT AUTHORITY\\SYSTEM\""""},""eventdata"":{""ruleName"":""T1031,T1050"",""eventType"":""SetValue"",""utcTime"":""2025-06-09 14:06:44.200"",""processGuid"":""{154c2aaf-e981-6846-0b00-000000001800}"",""processId"":""648"",""image"":""C:\\\\Windows\\\\system32\\\\services.exe"",""targetObject"":""HKLM\\\\System\\\\CurrentControlSet\\\\Services\\\\MessagingService_22d8b9\\\\Start"",""details"":""DWORD (0x00000003)"",""user"":""NT AUTHORITY\\\\SYSTEM""}}}",log,"Jun 9, 2025 @ 19:36:45.292",EventChannel,1749478005.2206875,"Jun 9, 2025 @ 19:36:45.292", , , , , , , , , , , , , , , , , , , , , , , , , , , , , , , , , , , , , , , , , , , , , , , , , , , ,HKLM\\System\\CurrentControlSet\\Services\\MessagingService_22d8b9\\Start,"T1031,T1050",DWORD (0x00000003),SetValue, , , , , , , , , , , , , , , , , , , , , , , , , , , , , , 
wazuh-alerts-4.x-2025.06.09,s-ADVZcBD7y1GXNG44b8,1,1,192.168.254.162,DESKTOP-O7P9I53,001,hat-VMware-Virtual-Platform, ,C:\\Windows\\system32\\services.exe, , , , , ,{154c2aaf-e981-6846-0b00-000000001800}, , ,648, ,2025-06-09 14:06:44.200, , , , , , ,NT AUTHORITY\\SYSTEM, , ,13,0x8000000000000000,{5770385f-c22a-43e0-bf4c-06f5698ffbd9},4,Microsoft-Windows-Sysmon/Operational,0,"""Registry value set:
RuleName: T1031,T1050
EventType: SetValue
UtcTime: 2025-06-09 14:06:44.200
ProcessGuid: {154c2aaf-e981-6846-0b00-000000001800}
ProcessId: 648
Image: C:\Windows\system32\services.exe
TargetObject: HKLM\System\CurrentControlSet\Services\MessagingService_22d8b9\ImagePath
Details: C:\Windows\system32\svchost.exe -k UnistackSvcGroup
User: NT AUTHORITY\SYSTEM""",2,2025-06-09T14:06:44.2116373Z,31092,5512,DESKTOP-O7P9I53,13,3292,INFORMATION,Microsoft-Windows-Sysmon,13,false,3,Evidence of new service creation found in registry under HKLM\\System\\CurrentControlSet\\Services\\MessagingService_22d8b9\\ImagePath binary is: C:\\Windows\\system32\\svchost.exe -k UnistackSvcGroup,"[""sysmon"",""sysmon_eid13_detections"",""windows""]",92307,windows_eventchannel, ,log,"Jun 9, 2025 @ 19:36:45.368",EventChannel,1749478005.2209742,"Jun 9, 2025 @ 19:36:45.368", , ,"[""Windows Service""]","[""T1543.003""]","[""Persistence"",""Privilege Escalation""]", , , , , , , , , , , , , , , , , , , , , , , , , , , , , , , , , , , , , , , , , , , , , , ,HKLM\\System\\CurrentControlSet\\Services\\MessagingService_22d8b9\\ImagePath,"T1031,T1050",C:\\Windows\\system32\\svchost.exe -k UnistackSvcGroup,SetValue, , , , , , , , , , , , , , , , , , , , , , , , , , , , , , 
wazuh-alerts-4.x-2025.06.09,tOADVZcBD7y1GXNG44b8,1,1,192.168.254.162,DESKTOP-O7P9I53,001,hat-VMware-Virtual-Platform, ,C:\\Windows\\system32\\services.exe, , , , , ,{154c2aaf-e981-6846-0b00-000000001800}, , ,648, ,2025-06-09 14:06:44.200, , , , , , ,NT AUTHORITY\\SYSTEM, , ,13,0x8000000000000000,{5770385f-c22a-43e0-bf4c-06f5698ffbd9},4,Microsoft-Windows-Sysmon/Operational,0,"""Registry value set:
RuleName: T1031,T1050
EventType: SetValue
UtcTime: 2025-06-09 14:06:44.200
ProcessGuid: {154c2aaf-e981-6846-0b00-000000001800}
ProcessId: 648
Image: C:\Windows\system32\services.exe
TargetObject: HKLM\System\CurrentControlSet\Services\OneSyncSvc_22d8b9\Start
Details: DWORD (0x00000002)
User: NT AUTHORITY\SYSTEM""",2,2025-06-09T14:06:44.2155729Z,31093,5512,DESKTOP-O7P9I53,13,3292,INFORMATION,Microsoft-Windows-Sysmon,257,false,5,Sysmon - Event 13: RegistryEvent SetValue on HKLM\\System\\CurrentControlSet\\Services\\OneSyncSvc_22d8b9\\Start by C:\\Windows\\system32\\services.exe,"[""windows"",""sysmon"",""sysmon_event_13""]",61615,windows_eventchannel,"{""win"":{""system"":{""providerName"":""Microsoft-Windows-Sysmon"",""providerGuid"":""{5770385f-c22a-43e0-bf4c-06f5698ffbd9}"",""eventID"":""13"",""version"":""2"",""level"":""4"",""task"":""13"",""opcode"":""0"",""keywords"":""0x8000000000000000"",""systemTime"":""2025-06-09T14:06:44.2155729Z"",""eventRecordID"":""31093"",""processID"":""3292"",""threadID"":""5512"",""channel"":""Microsoft-Windows-Sysmon/Operational"",""computer"":""DESKTOP-O7P9I53"",""severityValue"":""INFORMATION"",""message"":""\""Registry value set:\r\nRuleName: T1031,T1050\r\nEventType: SetValue\r\nUtcTime: 2025-06-09 14:06:44.200\r\nProcessGuid: {154c2aaf-e981-6846-0b00-000000001800}\r\nProcessId: 648\r\nImage: C:\\Windows\\system32\\services.exe\r\nTargetObject: HKLM\\System\\CurrentControlSet\\Services\\OneSyncSvc_22d8b9\\Start\r\nDetails: DWORD (0x00000002)\r\nUser: NT AUTHORITY\\SYSTEM\""""},""eventdata"":{""ruleName"":""T1031,T1050"",""eventType"":""SetValue"",""utcTime"":""2025-06-09 14:06:44.200"",""processGuid"":""{154c2aaf-e981-6846-0b00-000000001800}"",""processId"":""648"",""image"":""C:\\\\Windows\\\\system32\\\\services.exe"",""targetObject"":""HKLM\\\\System\\\\CurrentControlSet\\\\Services\\\\OneSyncSvc_22d8b9\\\\Start"",""details"":""DWORD (0x00000002)"",""user"":""NT AUTHORITY\\\\SYSTEM""}}}",log,"Jun 9, 2025 @ 19:36:45.401",EventChannel,1749478005.2212823,"Jun 9, 2025 @ 19:36:45.401", , , , , , , , , , , , , , , , , , , , , , , , , , , , , , , , , , , , , , , , , , , , , , , , , , , ,HKLM\\System\\CurrentControlSet\\Services\\OneSyncSvc_22d8b9\\Start,"T1031,T1050",DWORD (0x00000002),SetValue, , , , , , , , , , , , , , , , , , , , , , , , , , , , , , 
