wazuh-alerts-4.x-2025.06.09,xeAFVZcBD7y1GXNGYoer,1,1,192.168.254.162,DESKTOP-O7P9I53,001,hat-VMware-Virtual-Platform, ,\\\\?\\C:\\Windows\\system32\\wbem\\WMIADAP.EXE, , , , , ,{154c2aaf-ea76-6846-6701-000000001800}, , ,4780, ,2025-06-09 14:08:21.294, , , , , , ,NT AUTHORITY\\SYSTEM, , ,13,0x8000000000000000,{5770385f-c22a-43e0-bf4c-06f5698ffbd9},4,Microsoft-Windows-Sysmon/Operational,0,"""Registry value set:
RuleName: Suspicious,ImageBeginWithBackslash
EventType: SetValue
UtcTime: 2025-06-09 14:08:21.294
ProcessGuid: {154c2aaf-ea76-6846-6701-000000001800}
ProcessId: 4780
Image: \\?\C:\Windows\system32\wbem\WMIADAP.EXE
TargetObject: HKLM\System\CurrentControlSet\Services\WmiApRpl\Performance\First Help
Details: DWORD (0x00002cf3)
User: NT AUTHORITY\SYSTEM""",2,2025-06-09T14:08:21.3038585Z,31577,5512,DESKTOP-O7P9I53,13,3292,INFORMATION,Microsoft-Windows-Sysmon,428,false,5,Sysmon - Event 13: RegistryEvent SetValue on HKLM\\System\\CurrentControlSet\\Services\\WmiApRpl\\Performance\\First Help by \\\\?\\C:\\Windows\\system32\\wbem\\WMIADAP.EXE,"[""windows"",""sysmon"",""sysmon_event_13""]",61615,windows_eventchannel,"{""win"":{""system"":{""providerName"":""Microsoft-Windows-Sysmon"",""providerGuid"":""{5770385f-c22a-43e0-bf4c-06f5698ffbd9}"",""eventID"":""13"",""version"":""2"",""level"":""4"",""task"":""13"",""opcode"":""0"",""keywords"":""0x8000000000000000"",""systemTime"":""2025-06-09T14:08:21.3038585Z"",""eventRecordID"":""31577"",""processID"":""3292"",""threadID"":""5512"",""channel"":""Microsoft-Windows-Sysmon/Operational"",""computer"":""DESKTOP-O7P9I53"",""severityValue"":""INFORMATION"",""message"":""\""Registry value set:\r\nRuleName: Suspicious,ImageBeginWithBackslash\r\nEventType: SetValue\r\nUtcTime: 2025-06-09 14:08:21.294\r\nProcessGuid: {154c2aaf-ea76-6846-6701-000000001800}\r\nProcessId: 4780\r\nImage: \\\\?\\C:\\Windows\\system32\\wbem\\WMIADAP.EXE\r\nTargetObject: HKLM\\System\\CurrentControlSet\\Services\\WmiApRpl\\Performance\\First Help\r\nDetails: DWORD (0x00002cf3)\r\nUser: NT AUTHORITY\\SYSTEM\""""},""eventdata"":{""ruleName"":""Suspicious,ImageBeginWithBackslash"",""eventType"":""SetValue"",""utcTime"":""2025-06-09 14:08:21.294"",""processGuid"":""{154c2aaf-ea76-6846-6701-000000001800}"",""processId"":""4780"",""image"":""\\\\\\\\?\\\\C:\\\\Windows\\\\system32\\\\wbem\\\\WMIADAP.EXE"",""targetObject"":""HKLM\\\\System\\\\CurrentControlSet\\\\Services\\\\WmiApRpl\\\\Performance\\\\First Help"",""details"":""DWORD (0x00002cf3)"",""user"":""NT AUTHORITY\\\\SYSTEM""}}}",log,"Jun 9, 2025 @ 19:38:22.759",EventChannel,1749478102.3381554,"Jun 9, 2025 @ 19:38:22.759", , , , , , , , , , , , , , , , , , , , , , , , , , , , , , , , , , , , , , , , , , , , , , , , , , , ,HKLM\\System\\CurrentControlSet\\Services\\WmiApRpl\\Performance\\First Help,"Suspicious,ImageBeginWithBackslash",DWORD (0x00002cf3),SetValue, , , , , , , , , , , , , , , , , , , , , , , , , , , , , , 
wazuh-alerts-4.x-2025.06.09,x-AFVZcBD7y1GXNGbodk,1,1,192.168.254.162,DESKTOP-O7P9I53,001,hat-VMware-Virtual-Platform, ,C:\\Program Files\\WindowsApps\\Microsoft.DesktopAppInstaller_1.25.390.0_x64__8wekyb3d8bbwe\\WindowsPackageManagerServer.exe, ,{154c2aaf-e981-6846-0d00-000000001800}, ,{154c2aaf-ea73-6846-23bd-220000000000},C:\\Windows\\system32\\svchost.exe -k DcomLaunch -p,{154c2aaf-ead8-6846-c601-000000001800},0x22bd23,776,6988,C:\\Windows\\system32\\,2025-06-09 14:08:24.758,"MD5=7D0FFED25C79B6407FC595F22D3FB199,SHA256=5532B0C9317ED597327A38EB27CAB15739977D4056920020852FCC079430BFC0,IMPHASH=641FD972DDBA885472113AECA5399D21",C:\\Windows\\System32\\svchost.exe, ,"\""C:\\Program Files\\WindowsApps\\Microsoft.DesktopAppInstaller_1.25.390.0_x64__8wekyb3d8bbwe\\WindowsPackageManagerServer.exe\"" -Embedding",Medium, ,DESKTOP-O7P9I53\\admin,1,NT AUTHORITY\\SYSTEM,1,0x8000000000000000,{5770385f-c22a-43e0-bf4c-06f5698ffbd9},4,Microsoft-Windows-Sysmon/Operational,0,"""Process Create:
RuleName: -
UtcTime: 2025-06-09 14:08:24.758
ProcessGuid: {154c2aaf-ead8-6846-c601-000000001800}
ProcessId: 6988
Image: C:\Program Files\WindowsApps\Microsoft.DesktopAppInstaller_1.25.390.0_x64__8wekyb3d8bbwe\WindowsPackageManagerServer.exe
FileVersion: -
Description: -
Product: -
Company: -
OriginalFileName: -
CommandLine: ""C:\Program Files\WindowsApps\Microsoft.DesktopAppInstaller_1.25.390.0_x64__8wekyb3d8bbwe\WindowsPackageManagerServer.exe"" -Embedding
CurrentDirectory: C:\Windows\system32\
User: DESKTOP-O7P9I53\admin
LogonGuid: {154c2aaf-ea73-6846-23bd-220000000000}
LogonId: 0x22BD23
TerminalSessionId: 1
IntegrityLevel: Medium
Hashes: MD5=7D0FFED25C79B6407FC595F22D3FB199,SHA256=5532B0C9317ED597327A38EB27CAB15739977D4056920020852FCC079430BFC0,IMPHASH=641FD972DDBA885472113AECA5399D21
ParentProcessGuid: {154c2aaf-e981-6846-0d00-000000001800}
ParentProcessId: 776
ParentImage: C:\Windows\System32\svchost.exe
ParentCommandLine: C:\Windows\system32\svchost.exe -k DcomLaunch -p
ParentUser: NT AUTHORITY\SYSTEM""",5,2025-06-09T14:08:24.7619307Z,31580,5512,DESKTOP-O7P9I53,1,3292,INFORMATION,Microsoft-Windows-Sysmon,96,false,5,Sysmon - Event 1: Process creation ,"[""windows"",""sysmon"",""sysmon_event1""]",61603,windows_eventchannel,"{""win"":{""system"":{""providerName"":""Microsoft-Windows-Sysmon"",""providerGuid"":""{5770385f-c22a-43e0-bf4c-06f5698ffbd9}"",""eventID"":""1"",""version"":""5"",""level"":""4"",""task"":""1"",""opcode"":""0"",""keywords"":""0x8000000000000000"",""systemTime"":""2025-06-09T14:08:24.7619307Z"",""eventRecordID"":""31580"",""processID"":""3292"",""threadID"":""5512"",""channel"":""Microsoft-Windows-Sysmon/Operational"",""computer"":""DESKTOP-O7P9I53"",""severityValue"":""INFORMATION"",""message"":""\""Process Create:\r\nRuleName: -\r\nUtcTime: 2025-06-09 14:08:24.758\r\nProcessGuid: {154c2aaf-ead8-6846-c601-000000001800}\r\nProcessId: 6988\r\nImage: C:\\Program Files\\WindowsApps\\Microsoft.DesktopAppInstaller_1.25.390.0_x64__8wekyb3d8bbwe\\WindowsPackageManagerServer.exe\r\nFileVersion: -\r\nDescription: -\r\nProduct: -\r\nCompany: -\r\nOriginalFileName: -\r\nCommandLine: \""C:\\Program Files\\WindowsApps\\Microsoft.DesktopAppInstaller_1.25.390.0_x64__8wekyb3d8bbwe\\WindowsPackageManagerServer.exe\"" -Embedding\r\nCurrentDirectory: C:\\Windows\\system32\\\r\nUser: DESKTOP-O7P9I53\\admin\r\nLogonGuid: {154c2aaf-ea73-6846-23bd-220000000000}\r\nLogonId: 0x22BD23\r\nTerminalSessionId: 1\r\nIntegrityLevel: Medium\r\nHashes: MD5=7D0FFED25C79B6407FC595F22D3FB199,SHA256=5532B0C9317ED597327A38EB27CAB15739977D4056920020852FCC079430BFC0,IMPHASH=641FD972DDBA885472113AECA5399D21\r\nParentProcessGuid: {154c2aaf-e981-6846-0d00-000000001800}\r\nParentProcessId: 776\r\nParentImage: C:\\Windows\\System32\\svchost.exe\r\nParentCommandLine: C:\\Windows\\system32\\svchost.exe -k DcomLaunch -p\r\nParentUser: NT AUTHORITY\\SYSTEM\""""},""eventdata"":{""utcTime"":""2025-06-09 14:08:24.758"",""processGuid"":""{154c2aaf-ead8-6846-c601-000000001800}"",""processId"":""6988"",""image"":""C:\\\\Program Files\\\\WindowsApps\\\\Microsoft.DesktopAppInstaller_1.25.390.0_x64__8wekyb3d8bbwe\\\\WindowsPackageManagerServer.exe"",""commandLine"":""\\\""C:\\\\Program Files\\\\WindowsApps\\\\Microsoft.DesktopAppInstaller_1.25.390.0_x64__8wekyb3d8bbwe\\\\WindowsPackageManagerServer.exe\\\"" -Embedding"",""currentDirectory"":""C:\\\\Windows\\\\system32\\\\"",""user"":""DESKTOP-O7P9I53\\\\admin"",""logonGuid"":""{154c2aaf-ea73-6846-23bd-220000000000}"",""logonId"":""0x22bd23"",""terminalSessionId"":""1"",""integrityLevel"":""Medium"",""hashes"":""MD5=7D0FFED25C79B6407FC595F22D3FB199,SHA256=5532B0C9317ED597327A38EB27CAB15739977D4056920020852FCC079430BFC0,IMPHASH=641FD972DDBA885472113AECA5399D21"",""parentProcessGuid"":""{154c2aaf-e981-6846-0d00-000000001800}"",""parentProcessId"":""776"",""parentImage"":""C:\\\\Windows\\\\System32\\\\svchost.exe"",""parentCommandLine"":""C:\\\\Windows\\\\system32\\\\svchost.exe -k DcomLaunch -p"",""parentUser"":""NT AUTHORITY\\\\SYSTEM""}}}",log,"Jun 9, 2025 @ 19:38:26.066",EventChannel,1749478106.3387809,"Jun 9, 2025 @ 19:38:26.066", , , , , , , , , , , , , , , , , , , , , , , , , , , , , , , , , , , , , , , , , , , , , , , , , , , , , , , , , , , , , , , , , , , , , , , , , , , , , , , , , , , , , 
wazuh-alerts-4.x-2025.06.09,yeAFVZcBD7y1GXNGbodk,1,1,192.168.254.162,DESKTOP-O7P9I53,001,hat-VMware-Virtual-Platform, ,C:\\Windows\\Explorer.EXE, , , , , ,{154c2aaf-ea75-6846-6501-000000001800}, , ,1892, ,2025-06-09 14:08:26.259, , , , , , ,DESKTOP-O7P9I53\\admin, , ,13,0x8000000000000000,{5770385f-c22a-43e0-bf4c-06f5698ffbd9},4,Microsoft-Windows-Sysmon/Operational,0,"""Registry value set:
RuleName: T1042
EventType: SetValue
UtcTime: 2025-06-09 14:08:26.259
ProcessGuid: {154c2aaf-ea75-6846-6501-000000001800}
ProcessId: 1892
Image: C:\Windows\Explorer.EXE
TargetObject: HKU\S-1-5-21-442569660-4060779802-1076883227-1001_Classes\CLSID\{2cc5ca98-6485-489a-920e-b3e88a6ccce3}\shell\SpotlightNext\command\DelegateExecute
Details: {4813071a-41ad-44a2-9835-886d2f63ca30}
User: DESKTOP-O7P9I53\admin""",2,2025-06-09T14:08:26.2879284Z,31582,5512,DESKTOP-O7P9I53,13,3292,INFORMATION,Microsoft-Windows-Sysmon,431,false,5,Sysmon - Event 13: RegistryEvent SetValue on HKU\\S-1-5-21-442569660-4060779802-1076883227-1001_Classes\\CLSID\\{2cc5ca98-6485-489a-920e-b3e88a6ccce3}\\shell\\SpotlightNext\\command\\DelegateExecute by C:\\Windows\\Explorer.EXE,"[""windows"",""sysmon"",""sysmon_event_13""]",61615,windows_eventchannel,"{""win"":{""system"":{""providerName"":""Microsoft-Windows-Sysmon"",""providerGuid"":""{5770385f-c22a-43e0-bf4c-06f5698ffbd9}"",""eventID"":""13"",""version"":""2"",""level"":""4"",""task"":""13"",""opcode"":""0"",""keywords"":""0x8000000000000000"",""systemTime"":""2025-06-09T14:08:26.2879284Z"",""eventRecordID"":""31582"",""processID"":""3292"",""threadID"":""5512"",""channel"":""Microsoft-Windows-Sysmon/Operational"",""computer"":""DESKTOP-O7P9I53"",""severityValue"":""INFORMATION"",""message"":""\""Registry value set:\r\nRuleName: T1042\r\nEventType: SetValue\r\nUtcTime: 2025-06-09 14:08:26.259\r\nProcessGuid: {154c2aaf-ea75-6846-6501-000000001800}\r\nProcessId: 1892\r\nImage: C:\\Windows\\Explorer.EXE\r\nTargetObject: HKU\\S-1-5-21-442569660-4060779802-1076883227-1001_Classes\\CLSID\\{2cc5ca98-6485-489a-920e-b3e88a6ccce3}\\shell\\SpotlightNext\\command\\DelegateExecute\r\nDetails: {4813071a-41ad-44a2-9835-886d2f63ca30}\r\nUser: DESKTOP-O7P9I53\\admin\""""},""eventdata"":{""ruleName"":""T1042"",""eventType"":""SetValue"",""utcTime"":""2025-06-09 14:08:26.259"",""processGuid"":""{154c2aaf-ea75-6846-6501-000000001800}"",""processId"":""1892"",""image"":""C:\\\\Windows\\\\Explorer.EXE"",""targetObject"":""HKU\\\\S-1-5-21-442569660-4060779802-1076883227-1001_Classes\\\\CLSID\\\\{2cc5ca98-6485-489a-920e-b3e88a6ccce3}\\\\shell\\\\SpotlightNext\\\\command\\\\DelegateExecute"",""details"":""{4813071a-41ad-44a2-9835-886d2f63ca30}"",""user"":""DESKTOP-O7P9I53\\\\admin""}}}",log,"Jun 9, 2025 @ 19:38:27.594",EventChannel,1749478107.3396723,"Jun 9, 2025 @ 19:38:27.594", , , , , , , , , , , , , , , , , , , , , , , , , , , , , , , , , , , , , , , , , , , , , , , , , , , ,HKU\\S-1-5-21-442569660-4060779802-1076883227-1001_Classes\\CLSID\\{2cc5ca98-6485-489a-920e-b3e88a6ccce3}\\shell\\SpotlightNext\\command\\DelegateExecute,T1042,{4813071a-41ad-44a2-9835-886d2f63ca30},SetValue, , , , , , , , , , , , , , , , , , , , , , , , , , , , , , 
wazuh-alerts-4.x-2025.06.09,8-AIVZcBD7y1GXNG1Yeu,1,1,192.168.254.162,DESKTOP-O7P9I53,001,hat-VMware-Virtual-Platform,msedge.exe,C:\\Program Files (x86)\\Microsoft\\Edge\\Application\\msedge.exe,Microsoft Edge,{154c2aaf-ea8a-6846-8901-000000001800},Microsoft Edge,{154c2aaf-ea73-6846-23bd-220000000000},"\""C:\\Program Files (x86)\\Microsoft\\Edge\\Application\\msedge.exe\"" --no-startup-window --win-session-start",{154c2aaf-ebb7-6846-e301-000000001800},0x22bd23,4580,8980,C:\\Program Files (x86)\\Microsoft\\Edge\\Application\\137.0.3296.68\\,2025-06-09 14:12:07.196,"MD5=7AB41BE2849631765066C98377239025,SHA256=F832EC438105F6D624029F80003BBEFAF52EC05911CB1BF32BFF896834B47AF7,IMPHASH=23FF41140CBD1050F401744A4BF949D3",C:\\Program Files (x86)\\Microsoft\\Edge\\Application\\msedge.exe,Microsoft Corporation,"\""C:\\Program Files (x86)\\Microsoft\\Edge\\Application\\msedge.exe\"" --type=utility --utility-sub-type=asset_store.mojom.AssetStoreService --lang=en-US --service-sandbox-type=asset_store_service --no-pre-read-main-dll --always-read-main-dll --field-trial-handle=2580,i,5375257325187418059,11153254794832448584,262144 --variations-seed-version --mojo-platform-channel-handle=5420 /prefetch:8",Low,137.0.3296.68,DESKTOP-O7P9I53\\admin,1,DESKTOP-O7P9I53\\admin,1,0x8000000000000000,{5770385f-c22a-43e0-bf4c-06f5698ffbd9},4,Microsoft-Windows-Sysmon/Operational,0,"""Process Create:
RuleName: -
UtcTime: 2025-06-09 14:12:07.196
ProcessGuid: {154c2aaf-ebb7-6846-e301-000000001800}
ProcessId: 8980
Image: C:\Program Files (x86)\Microsoft\Edge\Application\msedge.exe
FileVersion: 137.0.3296.68
Description: Microsoft Edge
Product: Microsoft Edge
Company: Microsoft Corporation
OriginalFileName: msedge.exe
CommandLine: ""C:\Program Files (x86)\Microsoft\Edge\Application\msedge.exe"" --type=utility --utility-sub-type=asset_store.mojom.AssetStoreService --lang=en-US --service-sandbox-type=asset_store_service --no-pre-read-main-dll --always-read-main-dll --field-trial-handle=2580,i,5375257325187418059,11153254794832448584,262144 --variations-seed-version --mojo-platform-channel-handle=5420 /prefetch:8
CurrentDirectory: C:\Program Files (x86)\Microsoft\Edge\Application\137.0.3296.68\
User: DESKTOP-O7P9I53\admin
LogonGuid: {154c2aaf-ea73-6846-23bd-220000000000}
LogonId: 0x22BD23
TerminalSessionId: 1
IntegrityLevel: Low
Hashes: MD5=7AB41BE2849631765066C98377239025,SHA256=F832EC438105F6D624029F80003BBEFAF52EC05911CB1BF32BFF896834B47AF7,IMPHASH=23FF41140CBD1050F401744A4BF949D3
ParentProcessGuid: {154c2aaf-ea8a-6846-8901-000000001800}
ParentProcessId: 4580
ParentImage: C:\Program Files (x86)\Microsoft\Edge\Application\msedge.exe
ParentCommandLine: ""C:\Program Files (x86)\Microsoft\Edge\Application\msedge.exe"" --no-startup-window --win-session-start
ParentUser: DESKTOP-O7P9I53\admin""",5,2025-06-09T14:12:07.1994185Z,31619,5512,DESKTOP-O7P9I53,1,3292,INFORMATION,Microsoft-Windows-Sysmon,109,false,5,Sysmon - Event 1: Process creation Microsoft Edge,"[""windows"",""sysmon"",""sysmon_event1""]",61603,windows_eventchannel,"{""win"":{""system"":{""providerName"":""Microsoft-Windows-Sysmon"",""providerGuid"":""{5770385f-c22a-43e0-bf4c-06f5698ffbd9}"",""eventID"":""1"",""version"":""5"",""level"":""4"",""task"":""1"",""opcode"":""0"",""keywords"":""0x8000000000000000"",""systemTime"":""2025-06-09T14:12:07.1994185Z"",""eventRecordID"":""31619"",""processID"":""3292"",""threadID"":""5512"",""channel"":""Microsoft-Windows-Sysmon/Operational"",""computer"":""DESKTOP-O7P9I53"",""severityValue"":""INFORMATION"",""message"":""\""Process Create:\r\nRuleName: -\r\nUtcTime: 2025-06-09 14:12:07.196\r\nProcessGuid: {154c2aaf-ebb7-6846-e301-000000001800}\r\nProcessId: 8980\r\nImage: C:\\Program Files (x86)\\Microsoft\\Edge\\Application\\msedge.exe\r\nFileVersion: 137.0.3296.68\r\nDescription: Microsoft Edge\r\nProduct: Microsoft Edge\r\nCompany: Microsoft Corporation\r\nOriginalFileName: msedge.exe\r\nCommandLine: \""C:\\Program Files (x86)\\Microsoft\\Edge\\Application\\msedge.exe\"" --type=utility --utility-sub-type=asset_store.mojom.AssetStoreService --lang=en-US --service-sandbox-type=asset_store_service --no-pre-read-main-dll --always-read-main-dll --field-trial-handle=2580,i,5375257325187418059,11153254794832448584,262144 --variations-seed-version --mojo-platform-channel-handle=5420 /prefetch:8\r\nCurrentDirectory: C:\\Program Files (x86)\\Microsoft\\Edge\\Application\\137.0.3296.68\\\r\nUser: DESKTOP-O7P9I53\\admin\r\nLogonGuid: {154c2aaf-ea73-6846-23bd-220000000000}\r\nLogonId: 0x22BD23\r\nTerminalSessionId: 1\r\nIntegrityLevel: Low\r\nHashes: MD5=7AB41BE2849631765066C98377239025,SHA256=F832EC438105F6D624029F80003BBEFAF52EC05911CB1BF32BFF896834B47AF7,IMPHASH=23FF41140CBD1050F401744A4BF949D3\r\nParentProcessGuid: {154c2aaf-ea8a-6846-8901-000000001800}\r\nParentProcessId: 4580\r\nParentImage: C:\\Program Files (x86)\\Microsoft\\Edge\\Application\\msedge.exe\r\nParentCommandLine: \""C:\\Program Files (x86)\\Microsoft\\Edge\\Application\\msedge.exe\"" --no-startup-window --win-session-start\r\nParentUser: DESKTOP-O7P9I53\\admin\""""},""eventdata"":{""utcTime"":""2025-06-09 14:12:07.196"",""processGuid"":""{154c2aaf-ebb7-6846-e301-000000001800}"",""processId"":""8980"",""image"":""C:\\\\Program Files (x86)\\\\Microsoft\\\\Edge\\\\Application\\\\msedge.exe"",""fileVersion"":""137.0.3296.68"",""description"":""Microsoft Edge"",""product"":""Microsoft Edge"",""company"":""Microsoft Corporation"",""originalFileName"":""msedge.exe"",""commandLine"":""\\\""C:\\\\Program Files (x86)\\\\Microsoft\\\\Edge\\\\Application\\\\msedge.exe\\\"" --type=utility --utility-sub-type=asset_store.mojom.AssetStoreService --lang=en-US --service-sandbox-type=asset_store_service --no-pre-read-main-dll --always-read-main-dll --field-trial-handle=2580,i,5375257325187418059,11153254794832448584,262144 --variations-seed-version --mojo-platform-channel-handle=5420 /prefetch:8"",""currentDirectory"":""C:\\\\Program Files (x86)\\\\Microsoft\\\\Edge\\\\Application\\\\137.0.3296.68\\\\"",""user"":""DESKTOP-O7P9I53\\\\admin"",""logonGuid"":""{154c2aaf-ea73-6846-23bd-220000000000}"",""logonId"":""0x22bd23"",""terminalSessionId"":""1"",""integrityLevel"":""Low"",""hashes"":""MD5=7AB41BE2849631765066C98377239025,SHA256=F832EC438105F6D624029F80003BBEFAF52EC05911CB1BF32BFF896834B47AF7,IMPHASH=23FF41140CBD1050F401744A4BF949D3"",""parentProcessGuid"":""{154c2aaf-ea8a-6846-8901-000000001800}"",""parentProcessId"":""4580"",""parentImage"":""C:\\\\Program Files (x86)\\\\Microsoft\\\\Edge\\\\Application\\\\msedge.exe"",""parentCommandLine"":""\\\""C:\\\\Program Files (x86)\\\\Microsoft\\\\Edge\\\\Application\\\\msedge.exe\\\"" --no-startup-window --win-session-start"",""parentUser"":""DESKTOP-O7P9I53\\\\admin""}}}",log,"Jun 9, 2025 @ 19:42:08.492",EventChannel,1749478328.3558996,"Jun 9, 2025 @ 19:42:08.492", , , , , , , , , , , , , , , , , , , , , , , , , , , , , , , , , , , , , , , , , , , , , , , , , , , , , , , , , , , , , , , , , , , , , , , , , , , , , , , , , , , , , 
wazuh-alerts-4.x-2025.06.09,uOAFVZcBD7y1GXNGJIck,1,1,192.168.254.162,DESKTOP-O7P9I53,001,hat-VMware-Virtual-Platform,msedge.exe,C:\\Program Files (x86)\\Microsoft\\Edge\\Application\\msedge.exe,Microsoft Edge,{154c2aaf-ea8a-6846-8901-000000001800},Microsoft Edge,{154c2aaf-ea73-6846-23bd-220000000000},"\""C:\\Program Files (x86)\\Microsoft\\Edge\\Application\\msedge.exe\"" --no-startup-window --win-session-start",{154c2aaf-eac7-6846-b501-000000001800},0x22bd23,4580,6536,C:\\Program Files (x86)\\Microsoft\\Edge\\Application\\137.0.3296.68\\,2025-06-09 14:08:07.392,"MD5=7AB41BE2849631765066C98377239025,SHA256=F832EC438105F6D624029F80003BBEFAF52EC05911CB1BF32BFF896834B47AF7,IMPHASH=23FF41140CBD1050F401744A4BF949D3",C:\\Program Files (x86)\\Microsoft\\Edge\\Application\\msedge.exe,Microsoft Corporation,"\""C:\\Program Files (x86)\\Microsoft\\Edge\\Application\\msedge.exe\"" --type=utility --utility-sub-type=PooledProcess2 --lang=en-US --service-sandbox-type=utility --no-pre-read-main-dll --always-read-main-dll --field-trial-handle=2580,i,5375257325187418059,11153254794832448584,262144 --variations-seed-version --mojo-platform-channel-handle=5148 /prefetch:8",Low,137.0.3296.68,DESKTOP-O7P9I53\\admin,1,DESKTOP-O7P9I53\\admin,1,0x8000000000000000,{5770385f-c22a-43e0-bf4c-06f5698ffbd9},4,Microsoft-Windows-Sysmon/Operational,0,"""Process Create:
RuleName: -
UtcTime: 2025-06-09 14:08:07.392
ProcessGuid: {154c2aaf-eac7-6846-b501-000000001800}
ProcessId: 6536
Image: C:\Program Files (x86)\Microsoft\Edge\Application\msedge.exe
FileVersion: 137.0.3296.68
Description: Microsoft Edge
Product: Microsoft Edge
Company: Microsoft Corporation
OriginalFileName: msedge.exe
CommandLine: ""C:\Program Files (x86)\Microsoft\Edge\Application\msedge.exe"" --type=utility --utility-sub-type=PooledProcess2 --lang=en-US --service-sandbox-type=utility --no-pre-read-main-dll --always-read-main-dll --field-trial-handle=2580,i,5375257325187418059,11153254794832448584,262144 --variations-seed-version --mojo-platform-channel-handle=5148 /prefetch:8
CurrentDirectory: C:\Program Files (x86)\Microsoft\Edge\Application\137.0.3296.68\
User: DESKTOP-O7P9I53\admin
LogonGuid: {154c2aaf-ea73-6846-23bd-220000000000}
LogonId: 0x22BD23
TerminalSessionId: 1
IntegrityLevel: Low
Hashes: MD5=7AB41BE2849631765066C98377239025,SHA256=F832EC438105F6D624029F80003BBEFAF52EC05911CB1BF32BFF896834B47AF7,IMPHASH=23FF41140CBD1050F401744A4BF949D3
ParentProcessGuid: {154c2aaf-ea8a-6846-8901-000000001800}
ParentProcessId: 4580
ParentImage: C:\Program Files (x86)\Microsoft\Edge\Application\msedge.exe
ParentCommandLine: ""C:\Program Files (x86)\Microsoft\Edge\Application\msedge.exe"" --no-startup-window --win-session-start
ParentUser: DESKTOP-O7P9I53\admin""",5,2025-06-09T14:08:07.3953336Z,31558,5512,DESKTOP-O7P9I53,1,3292,INFORMATION,Microsoft-Windows-Sysmon,93,false,5,Sysmon - Event 1: Process creation Microsoft Edge,"[""windows"",""sysmon"",""sysmon_event1""]",61603,windows_eventchannel,"{""win"":{""system"":{""providerName"":""Microsoft-Windows-Sysmon"",""providerGuid"":""{5770385f-c22a-43e0-bf4c-06f5698ffbd9}"",""eventID"":""1"",""version"":""5"",""level"":""4"",""task"":""1"",""opcode"":""0"",""keywords"":""0x8000000000000000"",""systemTime"":""2025-06-09T14:08:07.3953336Z"",""eventRecordID"":""31558"",""processID"":""3292"",""threadID"":""5512"",""channel"":""Microsoft-Windows-Sysmon/Operational"",""computer"":""DESKTOP-O7P9I53"",""severityValue"":""INFORMATION"",""message"":""\""Process Create:\r\nRuleName: -\r\nUtcTime: 2025-06-09 14:08:07.392\r\nProcessGuid: {154c2aaf-eac7-6846-b501-000000001800}\r\nProcessId: 6536\r\nImage: C:\\Program Files (x86)\\Microsoft\\Edge\\Application\\msedge.exe\r\nFileVersion: 137.0.3296.68\r\nDescription: Microsoft Edge\r\nProduct: Microsoft Edge\r\nCompany: Microsoft Corporation\r\nOriginalFileName: msedge.exe\r\nCommandLine: \""C:\\Program Files (x86)\\Microsoft\\Edge\\Application\\msedge.exe\"" --type=utility --utility-sub-type=PooledProcess2 --lang=en-US --service-sandbox-type=utility --no-pre-read-main-dll --always-read-main-dll --field-trial-handle=2580,i,5375257325187418059,11153254794832448584,262144 --variations-seed-version --mojo-platform-channel-handle=5148 /prefetch:8\r\nCurrentDirectory: C:\\Program Files (x86)\\Microsoft\\Edge\\Application\\137.0.3296.68\\\r\nUser: DESKTOP-O7P9I53\\admin\r\nLogonGuid: {154c2aaf-ea73-6846-23bd-220000000000}\r\nLogonId: 0x22BD23\r\nTerminalSessionId: 1\r\nIntegrityLevel: Low\r\nHashes: MD5=7AB41BE2849631765066C98377239025,SHA256=F832EC438105F6D624029F80003BBEFAF52EC05911CB1BF32BFF896834B47AF7,IMPHASH=23FF41140CBD1050F401744A4BF949D3\r\nParentProcessGuid: {154c2aaf-ea8a-6846-8901-000000001800}\r\nParentProcessId: 4580\r\nParentImage: C:\\Program Files (x86)\\Microsoft\\Edge\\Application\\msedge.exe\r\nParentCommandLine: \""C:\\Program Files (x86)\\Microsoft\\Edge\\Application\\msedge.exe\"" --no-startup-window --win-session-start\r\nParentUser: DESKTOP-O7P9I53\\admin\""""},""eventdata"":{""utcTime"":""2025-06-09 14:08:07.392"",""processGuid"":""{154c2aaf-eac7-6846-b501-000000001800}"",""processId"":""6536"",""image"":""C:\\\\Program Files (x86)\\\\Microsoft\\\\Edge\\\\Application\\\\msedge.exe"",""fileVersion"":""137.0.3296.68"",""description"":""Microsoft Edge"",""product"":""Microsoft Edge"",""company"":""Microsoft Corporation"",""originalFileName"":""msedge.exe"",""commandLine"":""\\\""C:\\\\Program Files (x86)\\\\Microsoft\\\\Edge\\\\Application\\\\msedge.exe\\\"" --type=utility --utility-sub-type=PooledProcess2 --lang=en-US --service-sandbox-type=utility --no-pre-read-main-dll --always-read-main-dll --field-trial-handle=2580,i,5375257325187418059,11153254794832448584,262144 --variations-seed-version --mojo-platform-channel-handle=5148 /prefetch:8"",""currentDirectory"":""C:\\\\Program Files (x86)\\\\Microsoft\\\\Edge\\\\Application\\\\137.0.3296.68\\\\"",""user"":""DESKTOP-O7P9I53\\\\admin"",""logonGuid"":""{154c2aaf-ea73-6846-23bd-220000000000}"",""logonId"":""0x22bd23"",""terminalSessionId"":""1"",""integrityLevel"":""Low"",""hashes"":""MD5=7AB41BE2849631765066C98377239025,SHA256=F832EC438105F6D624029F80003BBEFAF52EC05911CB1BF32BFF896834B47AF7,IMPHASH=23FF41140CBD1050F401744A4BF949D3"",""parentProcessGuid"":""{154c2aaf-ea8a-6846-8901-000000001800}"",""parentProcessId"":""4580"",""parentImage"":""C:\\\\Program Files (x86)\\\\Microsoft\\\\Edge\\\\Application\\\\msedge.exe"",""parentCommandLine"":""\\\""C:\\\\Program Files (x86)\\\\Microsoft\\\\Edge\\\\Application\\\\msedge.exe\\\"" --no-startup-window --win-session-start"",""parentUser"":""DESKTOP-O7P9I53\\\\admin""}}}",log,"Jun 9, 2025 @ 19:38:08.745",EventChannel,1749478088.3329238,"Jun 9, 2025 @ 19:38:08.745", , , , , , , , , , , , , , , , , , , , , , , , , , , , , , , , , , , , , , , , , , , , , , , , , , , , , , , , , , , , , , , , , , , , , , , , , , , , , , , , , , , , , 
wazuh-alerts-4.x-2025.06.09,1eAFVZcBD7y1GXNGkYeT,1,1,192.168.254.162,DESKTOP-O7P9I53,001,hat-VMware-Virtual-Platform, ,\\\\?\\C:\\Windows\\system32\\wbem\\WMIADAP.EXE, , , , , ,{154c2aaf-ea76-6846-6701-000000001800}, , ,4780, ,2025-06-09 14:08:34.627, , , , , , ,NT AUTHORITY\\SYSTEM, , ,13,0x8000000000000000,{5770385f-c22a-43e0-bf4c-06f5698ffbd9},4,Microsoft-Windows-Sysmon/Operational,0,"""Registry value set:
RuleName: Suspicious,ImageBeginWithBackslash
EventType: SetValue
UtcTime: 2025-06-09 14:08:34.627
ProcessGuid: {154c2aaf-ea76-6846-6701-000000001800}
ProcessId: 4780
Image: \\?\C:\Windows\system32\wbem\WMIADAP.EXE
TargetObject: HKLM\SOFTWARE\Microsoft\Wbem\WDM\DREDGE\C:\Windows\System32\drivers\en-US\processr.sys.mui[PROCESSORWMI]
Details: LowDateTime:-1003608434,HighDateTime:30780689***Binary mof compiled successfully
User: NT AUTHORITY\SYSTEM""",2,2025-06-09T14:08:34.6289654Z,31595,5512,DESKTOP-O7P9I53,13,3292,INFORMATION,Microsoft-Windows-Sysmon,440,false,5,Sysmon - Event 13: RegistryEvent SetValue on HKLM\\SOFTWARE\\Microsoft\\Wbem\\WDM\\DREDGE\\C:\\Windows\\System32\\drivers\\en-US\\processr.sys.mui[PROCESSORWMI] by \\\\?\\C:\\Windows\\system32\\wbem\\WMIADAP.EXE,"[""windows"",""sysmon"",""sysmon_event_13""]",61615,windows_eventchannel,"{""win"":{""system"":{""providerName"":""Microsoft-Windows-Sysmon"",""providerGuid"":""{5770385f-c22a-43e0-bf4c-06f5698ffbd9}"",""eventID"":""13"",""version"":""2"",""level"":""4"",""task"":""13"",""opcode"":""0"",""keywords"":""0x8000000000000000"",""systemTime"":""2025-06-09T14:08:34.6289654Z"",""eventRecordID"":""31595"",""processID"":""3292"",""threadID"":""5512"",""channel"":""Microsoft-Windows-Sysmon/Operational"",""computer"":""DESKTOP-O7P9I53"",""severityValue"":""INFORMATION"",""message"":""\""Registry value set:\r\nRuleName: Suspicious,ImageBeginWithBackslash\r\nEventType: SetValue\r\nUtcTime: 2025-06-09 14:08:34.627\r\nProcessGuid: {154c2aaf-ea76-6846-6701-000000001800}\r\nProcessId: 4780\r\nImage: \\\\?\\C:\\Windows\\system32\\wbem\\WMIADAP.EXE\r\nTargetObject: HKLM\\SOFTWARE\\Microsoft\\Wbem\\WDM\\DREDGE\\C:\\Windows\\System32\\drivers\\en-US\\processr.sys.mui[PROCESSORWMI]\r\nDetails: LowDateTime:-1003608434,HighDateTime:30780689***Binary mof compiled successfully\r\nUser: NT AUTHORITY\\SYSTEM\""""},""eventdata"":{""ruleName"":""Suspicious,ImageBeginWithBackslash"",""eventType"":""SetValue"",""utcTime"":""2025-06-09 14:08:34.627"",""processGuid"":""{154c2aaf-ea76-6846-6701-000000001800}"",""processId"":""4780"",""image"":""\\\\\\\\?\\\\C:\\\\Windows\\\\system32\\\\wbem\\\\WMIADAP.EXE"",""targetObject"":""HKLM\\\\SOFTWARE\\\\Microsoft\\\\Wbem\\\\WDM\\\\DREDGE\\\\C:\\\\Windows\\\\System32\\\\drivers\\\\en-US\\\\processr.sys.mui[PROCESSORWMI]"",""details"":""LowDateTime:-1003608434,HighDateTime:30780689***Binary mof compiled successfully"",""user"":""NT AUTHORITY\\\\SYSTEM""}}}",log,"Jun 9, 2025 @ 19:38:36.028",EventChannel,1749478116.3442912,"Jun 9, 2025 @ 19:38:36.028", , , , , , , , , , , , , , , , , , , , , , , , , , , , , , , , , , , , , , , , , , , , , , , , , , , ,HKLM\\SOFTWARE\\Microsoft\\Wbem\\WDM\\DREDGE\\C:\\Windows\\System32\\drivers\\en-US\\processr.sys.mui[PROCESSORWMI],"Suspicious,ImageBeginWithBackslash","LowDateTime:-1003608434,HighDateTime:30780689***Binary mof compiled successfully",SetValue, , , , , , , , , , , , , , , , , , , , , , , , , , , , , , 
wazuh-alerts-4.x-2025.06.09,1uAFVZcBD7y1GXNGkYeT,1,1,192.168.254.162,DESKTOP-O7P9I53,001,hat-VMware-Virtual-Platform, ,\\\\?\\C:\\Windows\\system32\\wbem\\WMIADAP.EXE, , , , , ,{154c2aaf-ea76-6846-6701-000000001800}, , ,4780, ,2025-06-09 14:08:34.627, , , , , , ,NT AUTHORITY\\SYSTEM, , ,13,0x8000000000000000,{5770385f-c22a-43e0-bf4c-06f5698ffbd9},4,Microsoft-Windows-Sysmon/Operational,0,"""Registry value set:
RuleName: Suspicious,ImageBeginWithBackslash
EventType: SetValue
UtcTime: 2025-06-09 14:08:34.627
ProcessGuid: {154c2aaf-ea76-6846-6701-000000001800}
ProcessId: 4780
Image: \\?\C:\Windows\system32\wbem\WMIADAP.EXE
TargetObject: HKLM\SOFTWARE\Microsoft\Wbem\WDM\DREDGE\C:\Windows\System32\drivers\HDAudBus.sys[HDAudioMofName]
Details: LowDateTime:1143200864,HighDateTime:31181013***Binary mof compiled successfully
User: NT AUTHORITY\SYSTEM""",2,2025-06-09T14:08:34.6290009Z,31596,5512,DESKTOP-O7P9I53,13,3292,INFORMATION,Microsoft-Windows-Sysmon,441,false,5,Sysmon - Event 13: RegistryEvent SetValue on HKLM\\SOFTWARE\\Microsoft\\Wbem\\WDM\\DREDGE\\C:\\Windows\\System32\\drivers\\HDAudBus.sys[HDAudioMofName] by \\\\?\\C:\\Windows\\system32\\wbem\\WMIADAP.EXE,"[""windows"",""sysmon"",""sysmon_event_13""]",61615,windows_eventchannel,"{""win"":{""system"":{""providerName"":""Microsoft-Windows-Sysmon"",""providerGuid"":""{5770385f-c22a-43e0-bf4c-06f5698ffbd9}"",""eventID"":""13"",""version"":""2"",""level"":""4"",""task"":""13"",""opcode"":""0"",""keywords"":""0x8000000000000000"",""systemTime"":""2025-06-09T14:08:34.6290009Z"",""eventRecordID"":""31596"",""processID"":""3292"",""threadID"":""5512"",""channel"":""Microsoft-Windows-Sysmon/Operational"",""computer"":""DESKTOP-O7P9I53"",""severityValue"":""INFORMATION"",""message"":""\""Registry value set:\r\nRuleName: Suspicious,ImageBeginWithBackslash\r\nEventType: SetValue\r\nUtcTime: 2025-06-09 14:08:34.627\r\nProcessGuid: {154c2aaf-ea76-6846-6701-000000001800}\r\nProcessId: 4780\r\nImage: \\\\?\\C:\\Windows\\system32\\wbem\\WMIADAP.EXE\r\nTargetObject: HKLM\\SOFTWARE\\Microsoft\\Wbem\\WDM\\DREDGE\\C:\\Windows\\System32\\drivers\\HDAudBus.sys[HDAudioMofName]\r\nDetails: LowDateTime:1143200864,HighDateTime:31181013***Binary mof compiled successfully\r\nUser: NT AUTHORITY\\SYSTEM\""""},""eventdata"":{""ruleName"":""Suspicious,ImageBeginWithBackslash"",""eventType"":""SetValue"",""utcTime"":""2025-06-09 14:08:34.627"",""processGuid"":""{154c2aaf-ea76-6846-6701-000000001800}"",""processId"":""4780"",""image"":""\\\\\\\\?\\\\C:\\\\Windows\\\\system32\\\\wbem\\\\WMIADAP.EXE"",""targetObject"":""HKLM\\\\SOFTWARE\\\\Microsoft\\\\Wbem\\\\WDM\\\\DREDGE\\\\C:\\\\Windows\\\\System32\\\\drivers\\\\HDAudBus.sys[HDAudioMofName]"",""details"":""LowDateTime:1143200864,HighDateTime:31181013***Binary mof compiled successfully"",""user"":""NT AUTHORITY\\\\SYSTEM""}}}",log,"Jun 9, 2025 @ 19:38:36.045",EventChannel,1749478116.3446403,"Jun 9, 2025 @ 19:38:36.045", , , , , , , , , , , , , , , , , , , , , , , , , , , , , , , , , , , , , , , , , , , , , , , , , , , ,HKLM\\SOFTWARE\\Microsoft\\Wbem\\WDM\\DREDGE\\C:\\Windows\\System32\\drivers\\HDAudBus.sys[HDAudioMofName],"Suspicious,ImageBeginWithBackslash","LowDateTime:1143200864,HighDateTime:31181013***Binary mof compiled successfully",SetValue, , , , , , , , , , , , , , , , , , , , , , , , , , , , , , 
wazuh-alerts-4.x-2025.06.09,2eAFVZcBD7y1GXNGkYeT,1,1,192.168.254.162,DESKTOP-O7P9I53,001,hat-VMware-Virtual-Platform, ,\\\\?\\C:\\Windows\\system32\\wbem\\WMIADAP.EXE, , , , , ,{154c2aaf-ea76-6846-6701-000000001800}, , ,4780, ,2025-06-09 14:08:34.627, , , , , , ,NT AUTHORITY\\SYSTEM, , ,13,0x8000000000000000,{5770385f-c22a-43e0-bf4c-06f5698ffbd9},4,Microsoft-Windows-Sysmon/Operational,0,"""Registry value set:
RuleName: Suspicious,ImageBeginWithBackslash
EventType: SetValue
UtcTime: 2025-06-09 14:08:34.627
ProcessGuid: {154c2aaf-ea76-6846-6701-000000001800}
ProcessId: 4780
Image: \\?\C:\Windows\system32\wbem\WMIADAP.EXE
TargetObject: HKLM\SOFTWARE\Microsoft\Wbem\WDM\DREDGE\C:\Windows\System32\Drivers\portcls.SYS[PortclsMof]
Details: LowDateTime:1202574078,HighDateTime:31179773***Binary mof compiled successfully
User: NT AUTHORITY\SYSTEM""",2,2025-06-09T14:08:34.6291178Z,31599,5512,DESKTOP-O7P9I53,13,3292,INFORMATION,Microsoft-Windows-Sysmon,444,false,5,Sysmon - Event 13: RegistryEvent SetValue on HKLM\\SOFTWARE\\Microsoft\\Wbem\\WDM\\DREDGE\\C:\\Windows\\System32\\Drivers\\portcls.SYS[PortclsMof] by \\\\?\\C:\\Windows\\system32\\wbem\\WMIADAP.EXE,"[""windows"",""sysmon"",""sysmon_event_13""]",61615,windows_eventchannel,"{""win"":{""system"":{""providerName"":""Microsoft-Windows-Sysmon"",""providerGuid"":""{5770385f-c22a-43e0-bf4c-06f5698ffbd9}"",""eventID"":""13"",""version"":""2"",""level"":""4"",""task"":""13"",""opcode"":""0"",""keywords"":""0x8000000000000000"",""systemTime"":""2025-06-09T14:08:34.6291178Z"",""eventRecordID"":""31599"",""processID"":""3292"",""threadID"":""5512"",""channel"":""Microsoft-Windows-Sysmon/Operational"",""computer"":""DESKTOP-O7P9I53"",""severityValue"":""INFORMATION"",""message"":""\""Registry value set:\r\nRuleName: Suspicious,ImageBeginWithBackslash\r\nEventType: SetValue\r\nUtcTime: 2025-06-09 14:08:34.627\r\nProcessGuid: {154c2aaf-ea76-6846-6701-000000001800}\r\nProcessId: 4780\r\nImage: \\\\?\\C:\\Windows\\system32\\wbem\\WMIADAP.EXE\r\nTargetObject: HKLM\\SOFTWARE\\Microsoft\\Wbem\\WDM\\DREDGE\\C:\\Windows\\System32\\Drivers\\portcls.SYS[PortclsMof]\r\nDetails: LowDateTime:1202574078,HighDateTime:31179773***Binary mof compiled successfully\r\nUser: NT AUTHORITY\\SYSTEM\""""},""eventdata"":{""ruleName"":""Suspicious,ImageBeginWithBackslash"",""eventType"":""SetValue"",""utcTime"":""2025-06-09 14:08:34.627"",""processGuid"":""{154c2aaf-ea76-6846-6701-000000001800}"",""processId"":""4780"",""image"":""\\\\\\\\?\\\\C:\\\\Windows\\\\system32\\\\wbem\\\\WMIADAP.EXE"",""targetObject"":""HKLM\\\\SOFTWARE\\\\Microsoft\\\\Wbem\\\\WDM\\\\DREDGE\\\\C:\\\\Windows\\\\System32\\\\Drivers\\\\portcls.SYS[PortclsMof]"",""details"":""LowDateTime:1202574078,HighDateTime:31179773***Binary mof compiled successfully"",""user"":""NT AUTHORITY\\\\SYSTEM""}}}",log,"Jun 9, 2025 @ 19:38:36.091",EventChannel,1749478116.3456752,"Jun 9, 2025 @ 19:38:36.091", , , , , , , , , , , , , , , , , , , , , , , , , , , , , , , , , , , , , , , , , , , , , , , , , , , ,HKLM\\SOFTWARE\\Microsoft\\Wbem\\WDM\\DREDGE\\C:\\Windows\\System32\\Drivers\\portcls.SYS[PortclsMof],"Suspicious,ImageBeginWithBackslash","LowDateTime:1202574078,HighDateTime:31179773***Binary mof compiled successfully",SetValue, , , , , , , , , , , , , , , , , , , , , , , , , , , , , , 
wazuh-alerts-4.x-2025.06.09,3OAFVZcBD7y1GXNGkYeT,1,1,192.168.254.162,DESKTOP-O7P9I53,001,hat-VMware-Virtual-Platform, ,\\\\?\\C:\\Windows\\system32\\wbem\\WMIADAP.EXE, , , , , ,{154c2aaf-ea76-6846-6701-000000001800}, , ,4780, ,2025-06-09 14:08:34.627, , , , , , ,NT AUTHORITY\\SYSTEM, , ,13,0x8000000000000000,{5770385f-c22a-43e0-bf4c-06f5698ffbd9},4,Microsoft-Windows-Sysmon/Operational,0,"""Registry value set:
RuleName: Suspicious,ImageBeginWithBackslash
EventType: SetValue
UtcTime: 2025-06-09 14:08:34.627
ProcessGuid: {154c2aaf-ea76-6846-6701-000000001800}
ProcessId: 4780
Image: \\?\C:\Windows\system32\wbem\WMIADAP.EXE
TargetObject: HKLM\SOFTWARE\Microsoft\Wbem\PROVIDERS\Performance\Performance Refreshed
Details: DWORD (0x00000001)
User: NT AUTHORITY\SYSTEM""",2,2025-06-09T14:08:34.6292666Z,31602,5512,DESKTOP-O7P9I53,13,3292,INFORMATION,Microsoft-Windows-Sysmon,447,false,5,Sysmon - Event 13: RegistryEvent SetValue on HKLM\\SOFTWARE\\Microsoft\\Wbem\\PROVIDERS\\Performance\\Performance Refreshed by \\\\?\\C:\\Windows\\system32\\wbem\\WMIADAP.EXE,"[""windows"",""sysmon"",""sysmon_event_13""]",61615,windows_eventchannel,"{""win"":{""system"":{""providerName"":""Microsoft-Windows-Sysmon"",""providerGuid"":""{5770385f-c22a-43e0-bf4c-06f5698ffbd9}"",""eventID"":""13"",""version"":""2"",""level"":""4"",""task"":""13"",""opcode"":""0"",""keywords"":""0x8000000000000000"",""systemTime"":""2025-06-09T14:08:34.6292666Z"",""eventRecordID"":""31602"",""processID"":""3292"",""threadID"":""5512"",""channel"":""Microsoft-Windows-Sysmon/Operational"",""computer"":""DESKTOP-O7P9I53"",""severityValue"":""INFORMATION"",""message"":""\""Registry value set:\r\nRuleName: Suspicious,ImageBeginWithBackslash\r\nEventType: SetValue\r\nUtcTime: 2025-06-09 14:08:34.627\r\nProcessGuid: {154c2aaf-ea76-6846-6701-000000001800}\r\nProcessId: 4780\r\nImage: \\\\?\\C:\\Windows\\system32\\wbem\\WMIADAP.EXE\r\nTargetObject: HKLM\\SOFTWARE\\Microsoft\\Wbem\\PROVIDERS\\Performance\\Performance Refreshed\r\nDetails: DWORD (0x00000001)\r\nUser: NT AUTHORITY\\SYSTEM\""""},""eventdata"":{""ruleName"":""Suspicious,ImageBeginWithBackslash"",""eventType"":""SetValue"",""utcTime"":""2025-06-09 14:08:34.627"",""processGuid"":""{154c2aaf-ea76-6846-6701-000000001800}"",""processId"":""4780"",""image"":""\\\\\\\\?\\\\C:\\\\Windows\\\\system32\\\\wbem\\\\WMIADAP.EXE"",""targetObject"":""HKLM\\\\SOFTWARE\\\\Microsoft\\\\Wbem\\\\PROVIDERS\\\\Performance\\\\Performance Refreshed"",""details"":""DWORD (0x00000001)"",""user"":""NT AUTHORITY\\\\SYSTEM""}}}",log,"Jun 9, 2025 @ 19:38:36.138",EventChannel,1749478116.3466635,"Jun 9, 2025 @ 19:38:36.138", , , , , , , , , , , , , , , , , , , , , , , , , , , , , , , , , , , , , , , , , , , , , , , , , , , ,HKLM\\SOFTWARE\\Microsoft\\Wbem\\PROVIDERS\\Performance\\Performance Refreshed,"Suspicious,ImageBeginWithBackslash",DWORD (0x00000001),SetValue, , , , , , , , , , , , , , , , , , , , , , , , , , , , , , 
wazuh-alerts-4.x-2025.06.09,3-AFVZcBD7y1GXNGlYdx,1,1, ,hat-VMware-Virtual-Platform,000,hat-VMware-Virtual-Platform, , , , , , , , , , , , , , , , , , , , , , , , , , , , , , , , , , , , , , ,3,false,3,Apparmor DENIED,"[""local"",""syslog"",""apparmor""]",52002,kernel,"Jun 09 14:08:36 hat-VMware-Virtual-Platform kernel: audit: type=1400 audit(1749478116.281:176): apparmor=""DENIED"" operation=""open"" class=""file"" profile=""snap-update-ns.firefox"" name=""/proc/10092/maps"" pid=10092 comm=""snap-update-ns"" requested_mask=""r"" denied_mask=""r"" fsuid=1000 ouid=0",log,"Jun 9, 2025 @ 19:38:37.067",journald,1749478117.3470548,"Jun 9, 2025 @ 19:38:37.067", , , , , , , , , , , , , , , , , , , , , , , , , , , , , , , , , , , , , , ,hat-VMware-Virtual-Platform,kernel,Jun 09 14:08:36, , , , , ,kernel, , , , , , , , , , ,open,DENIED, , , , , , , , , , , , , , , , , , , , , , , , , , 
wazuh-alerts-4.x-2025.06.09,8OAIVZcBD7y1GXNGnof9,1,1,192.168.254.162,DESKTOP-O7P9I53,001,hat-VMware-Virtual-Platform, ,C:\\Windows\\Explorer.EXE, , , , , ,{154c2aaf-ea75-6846-6501-000000001800}, , ,1892, ,2025-06-09 14:11:54.868, , , , , , ,DESKTOP-O7P9I53\\admin, , ,13,0x8000000000000000,{5770385f-c22a-43e0-bf4c-06f5698ffbd9},4,Microsoft-Windows-Sysmon/Operational,0,"""Registry value set:
RuleName: T1042
EventType: SetValue
UtcTime: 2025-06-09 14:11:54.868
ProcessGuid: {154c2aaf-ea75-6846-6501-000000001800}
ProcessId: 1892
Image: C:\Windows\Explorer.EXE
TargetObject: HKU\S-1-5-21-442569660-4060779802-1076883227-1001\SOFTWARE\Microsoft\Windows\CurrentVersion\Explorer\FileExts\.exe\OpenWithProgids\exefile
Details: Binary Data
User: DESKTOP-O7P9I53\admin""",2,2025-06-09T14:11:54.8713474Z,31616,5512,DESKTOP-O7P9I53,13,3292,INFORMATION,Microsoft-Windows-Sysmon,448,false,5,Sysmon - Event 13: RegistryEvent SetValue on HKU\\S-1-5-21-442569660-4060779802-1076883227-1001\\SOFTWARE\\Microsoft\\Windows\\CurrentVersion\\Explorer\\FileExts\\.exe\\OpenWithProgids\\exefile by C:\\Windows\\Explorer.EXE,"[""windows"",""sysmon"",""sysmon_event_13""]",61615,windows_eventchannel,"{""win"":{""system"":{""providerName"":""Microsoft-Windows-Sysmon"",""providerGuid"":""{5770385f-c22a-43e0-bf4c-06f5698ffbd9}"",""eventID"":""13"",""version"":""2"",""level"":""4"",""task"":""13"",""opcode"":""0"",""keywords"":""0x8000000000000000"",""systemTime"":""2025-06-09T14:11:54.8713474Z"",""eventRecordID"":""31616"",""processID"":""3292"",""threadID"":""5512"",""channel"":""Microsoft-Windows-Sysmon/Operational"",""computer"":""DESKTOP-O7P9I53"",""severityValue"":""INFORMATION"",""message"":""\""Registry value set:\r\nRuleName: T1042\r\nEventType: SetValue\r\nUtcTime: 2025-06-09 14:11:54.868\r\nProcessGuid: {154c2aaf-ea75-6846-6501-000000001800}\r\nProcessId: 1892\r\nImage: C:\\Windows\\Explorer.EXE\r\nTargetObject: HKU\\S-1-5-21-442569660-4060779802-1076883227-1001\\SOFTWARE\\Microsoft\\Windows\\CurrentVersion\\Explorer\\FileExts\\.exe\\OpenWithProgids\\exefile\r\nDetails: Binary Data\r\nUser: DESKTOP-O7P9I53\\admin\""""},""eventdata"":{""ruleName"":""T1042"",""eventType"":""SetValue"",""utcTime"":""2025-06-09 14:11:54.868"",""processGuid"":""{154c2aaf-ea75-6846-6501-000000001800}"",""processId"":""1892"",""image"":""C:\\\\Windows\\\\Explorer.EXE"",""targetObject"":""HKU\\\\S-1-5-21-442569660-4060779802-1076883227-1001\\\\SOFTWARE\\\\Microsoft\\\\Windows\\\\CurrentVersion\\\\Explorer\\\\FileExts\\\\.exe\\\\OpenWithProgids\\\\exefile"",""details"":""Binary Data"",""user"":""DESKTOP-O7P9I53\\\\admin""}}}",log,"Jun 9, 2025 @ 19:41:56.166",EventChannel,1749478316.3547018,"Jun 9, 2025 @ 19:41:56.166", , , , , , , , , , , , , , , , , , , , , , , , , , , , , , , , , , , , , , , , , , , , , , , , , , , ,HKU\\S-1-5-21-442569660-4060779802-1076883227-1001\\SOFTWARE\\Microsoft\\Windows\\CurrentVersion\\Explorer\\FileExts\\.exe\\OpenWithProgids\\exefile,T1042,Binary Data,SetValue, , , , , , , , , , , , , , , , , , , , , , , , , , , , , , 
