wazuh-alerts-4.x-2025.06.09,7-AIVZcBD7y1GXNGg4ep,1,1,192.168.254.162,DESKTOP-O7P9I53,001,hat-VMware-Virtual-Platform,taskhostw.exe,C:\\Windows\\System32\\taskhostw.exe,Microsoft® Windows® Operating System,{154c2aaf-e982-6846-1900-000000001800},Host Process for Windows Tasks,{154c2aaf-ea73-6846-23bd-220000000000},C:\\Windows\\system32\\svchost.exe -k netsvcs -p -s Schedule,{154c2aaf-eba0-6846-dd01-000000001800},0x22bd23,1168,1096,C:\\Windows\\system32\\,2025-06-09 14:11:44.831,"MD5=D71630DA4364F89F36B47581D4162639,SHA256=4D84D1DB6C572DA841307B814CCF26478429D3A29F304755CE1BAF110E639F64,IMPHASH=3A0C6863CDE566AF997DB2DEFFF9D924",C:\\Windows\\System32\\svchost.exe,Microsoft Corporation,taskhostw.exe Logon,Medium,10.0.19041.5794 (WinBuild.160101.0800),DESKTOP-O7P9I53\\admin,1,NT AUTHORITY\\SYSTEM,1,0x8000000000000000,{5770385f-c22a-43e0-bf4c-06f5698ffbd9},4,Microsoft-Windows-Sysmon/Operational,0,"""Process Create:
RuleName: -
UtcTime: 2025-06-09 14:11:44.831
ProcessGuid: {154c2aaf-eba0-6846-dd01-000000001800}
ProcessId: 1096
Image: C:\Windows\System32\taskhostw.exe
FileVersion: 10.0.19041.5794 (WinBuild.160101.0800)
Description: Host Process for Windows Tasks
Product: Microsoft® Windows® Operating System
Company: Microsoft Corporation
OriginalFileName: taskhostw.exe
CommandLine: taskhostw.exe Logon
CurrentDirectory: C:\Windows\system32\
User: DESKTOP-O7P9I53\admin
LogonGuid: {154c2aaf-ea73-6846-23bd-220000000000}
LogonId: 0x22BD23
TerminalSessionId: 1
IntegrityLevel: Medium
Hashes: MD5=D71630DA4364F89F36B47581D4162639,SHA256=4D84D1DB6C572DA841307B814CCF26478429D3A29F304755CE1BAF110E639F64,IMPHASH=3A0C6863CDE566AF997DB2DEFFF9D924
ParentProcessGuid: {154c2aaf-e982-6846-1900-000000001800}
ParentProcessId: 1168
ParentImage: C:\Windows\System32\svchost.exe
ParentCommandLine: C:\Windows\system32\svchost.exe -k netsvcs -p -s Schedule
ParentUser: NT AUTHORITY\SYSTEM""",5,2025-06-09T14:11:44.8365832Z,31614,5512,DESKTOP-O7P9I53,1,3292,INFORMATION,Microsoft-Windows-Sysmon,107,false,5,Sysmon - Event 1: Process creation Host Process for Windows Tasks,"[""windows"",""sysmon"",""sysmon_event1""]",61603,windows_eventchannel,"{""win"":{""system"":{""providerName"":""Microsoft-Windows-Sysmon"",""providerGuid"":""{5770385f-c22a-43e0-bf4c-06f5698ffbd9}"",""eventID"":""1"",""version"":""5"",""level"":""4"",""task"":""1"",""opcode"":""0"",""keywords"":""0x8000000000000000"",""systemTime"":""2025-06-09T14:11:44.8365832Z"",""eventRecordID"":""31614"",""processID"":""3292"",""threadID"":""5512"",""channel"":""Microsoft-Windows-Sysmon/Operational"",""computer"":""DESKTOP-O7P9I53"",""severityValue"":""INFORMATION"",""message"":""\""Process Create:\r\nRuleName: -\r\nUtcTime: 2025-06-09 14:11:44.831\r\nProcessGuid: {154c2aaf-eba0-6846-dd01-000000001800}\r\nProcessId: 1096\r\nImage: C:\\Windows\\System32\\taskhostw.exe\r\nFileVersion: 10.0.19041.5794 (WinBuild.160101.0800)\r\nDescription: Host Process for Windows Tasks\r\nProduct: Microsoft® Windows® Operating System\r\nCompany: Microsoft Corporation\r\nOriginalFileName: taskhostw.exe\r\nCommandLine: taskhostw.exe Logon\r\nCurrentDirectory: C:\\Windows\\system32\\\r\nUser: DESKTOP-O7P9I53\\admin\r\nLogonGuid: {154c2aaf-ea73-6846-23bd-220000000000}\r\nLogonId: 0x22BD23\r\nTerminalSessionId: 1\r\nIntegrityLevel: Medium\r\nHashes: MD5=D71630DA4364F89F36B47581D4162639,SHA256=4D84D1DB6C572DA841307B814CCF26478429D3A29F304755CE1BAF110E639F64,IMPHASH=3A0C6863CDE566AF997DB2DEFFF9D924\r\nParentProcessGuid: {154c2aaf-e982-6846-1900-000000001800}\r\nParentProcessId: 1168\r\nParentImage: C:\\Windows\\System32\\svchost.exe\r\nParentCommandLine: C:\\Windows\\system32\\svchost.exe -k netsvcs -p -s Schedule\r\nParentUser: NT AUTHORITY\\SYSTEM\""""},""eventdata"":{""utcTime"":""2025-06-09 14:11:44.831"",""processGuid"":""{154c2aaf-eba0-6846-dd01-000000001800}"",""processId"":""1096"",""image"":""C:\\\\Windows\\\\System32\\\\taskhostw.exe"",""fileVersion"":""10.0.19041.5794 (WinBuild.160101.0800)"",""description"":""Host Process for Windows Tasks"",""product"":""Microsoft® Windows® Operating System"",""company"":""Microsoft Corporation"",""originalFileName"":""taskhostw.exe"",""commandLine"":""taskhostw.exe Logon"",""currentDirectory"":""C:\\\\Windows\\\\system32\\\\"",""user"":""DESKTOP-O7P9I53\\\\admin"",""logonGuid"":""{154c2aaf-ea73-6846-23bd-220000000000}"",""logonId"":""0x22bd23"",""terminalSessionId"":""1"",""integrityLevel"":""Medium"",""hashes"":""MD5=D71630DA4364F89F36B47581D4162639,SHA256=4D84D1DB6C572DA841307B814CCF26478429D3A29F304755CE1BAF110E639F64,IMPHASH=3A0C6863CDE566AF997DB2DEFFF9D924"",""parentProcessGuid"":""{154c2aaf-e982-6846-1900-000000001800}"",""parentProcessId"":""1168"",""parentImage"":""C:\\\\Windows\\\\System32\\\\svchost.exe"",""parentCommandLine"":""C:\\\\Windows\\\\system32\\\\svchost.exe -k netsvcs -p -s Schedule"",""parentUser"":""NT AUTHORITY\\\\SYSTEM""}}}",log,"Jun 9, 2025 @ 19:41:46.170",EventChannel,1749478306.3541395,"Jun 9, 2025 @ 19:41:46.170", , , , , , , , , , , , , , , , , , , , , , , , , , , , , , , , , , , , , , , , , , , , , , , , , , , , , , , , , , , , , , , , , , , , , , , , , , , , , , , , , , , , , 
wazuh-alerts-4.x-2025.06.09,vOAFVZcBD7y1GXNGYoer,1,1,192.168.254.162,DESKTOP-O7P9I53,001,hat-VMware-Virtual-Platform, ,\\\\?\\C:\\Windows\\system32\\wbem\\WMIADAP.EXE, , , , , ,{154c2aaf-ea76-6846-6701-000000001800}, , ,4780, ,2025-06-09 14:08:21.216, , , , , , ,NT AUTHORITY\\SYSTEM, , ,13,0x8000000000000000,{5770385f-c22a-43e0-bf4c-06f5698ffbd9},4,Microsoft-Windows-Sysmon/Operational,0,"""Registry value set:
RuleName: Suspicious,ImageBeginWithBackslash
EventType: SetValue
UtcTime: 2025-06-09 14:08:21.216
ProcessGuid: {154c2aaf-ea76-6846-6701-000000001800}
ProcessId: 4780
Image: \\?\C:\Windows\system32\wbem\WMIADAP.EXE
TargetObject: HKLM\SOFTWARE\Microsoft\Windows NT\CurrentVersion\Perflib\Last Counter
Details: DWORD (0x00002cf0)
User: NT AUTHORITY\SYSTEM""",2,2025-06-09T14:08:21.2301386Z,31562,5512,DESKTOP-O7P9I53,13,3292,INFORMATION,Microsoft-Windows-Sysmon,419,false,5,Sysmon - Event 13: RegistryEvent SetValue on HKLM\\SOFTWARE\\Microsoft\\Windows NT\\CurrentVersion\\Perflib\\Last Counter by \\\\?\\C:\\Windows\\system32\\wbem\\WMIADAP.EXE,"[""windows"",""sysmon"",""sysmon_event_13""]",61615,windows_eventchannel,"{""win"":{""system"":{""providerName"":""Microsoft-Windows-Sysmon"",""providerGuid"":""{5770385f-c22a-43e0-bf4c-06f5698ffbd9}"",""eventID"":""13"",""version"":""2"",""level"":""4"",""task"":""13"",""opcode"":""0"",""keywords"":""0x8000000000000000"",""systemTime"":""2025-06-09T14:08:21.2301386Z"",""eventRecordID"":""31562"",""processID"":""3292"",""threadID"":""5512"",""channel"":""Microsoft-Windows-Sysmon/Operational"",""computer"":""DESKTOP-O7P9I53"",""severityValue"":""INFORMATION"",""message"":""\""Registry value set:\r\nRuleName: Suspicious,ImageBeginWithBackslash\r\nEventType: SetValue\r\nUtcTime: 2025-06-09 14:08:21.216\r\nProcessGuid: {154c2aaf-ea76-6846-6701-000000001800}\r\nProcessId: 4780\r\nImage: \\\\?\\C:\\Windows\\system32\\wbem\\WMIADAP.EXE\r\nTargetObject: HKLM\\SOFTWARE\\Microsoft\\Windows NT\\CurrentVersion\\Perflib\\Last Counter\r\nDetails: DWORD (0x00002cf0)\r\nUser: NT AUTHORITY\\SYSTEM\""""},""eventdata"":{""ruleName"":""Suspicious,ImageBeginWithBackslash"",""eventType"":""SetValue"",""utcTime"":""2025-06-09 14:08:21.216"",""processGuid"":""{154c2aaf-ea76-6846-6701-000000001800}"",""processId"":""4780"",""image"":""\\\\\\\\?\\\\C:\\\\Windows\\\\system32\\\\wbem\\\\WMIADAP.EXE"",""targetObject"":""HKLM\\\\SOFTWARE\\\\Microsoft\\\\Windows NT\\\\CurrentVersion\\\\Perflib\\\\Last Counter"",""details"":""DWORD (0x00002cf0)"",""user"":""NT AUTHORITY\\\\SYSTEM""}}}",log,"Jun 9, 2025 @ 19:38:22.540",EventChannel,1749478102.3354256,"Jun 9, 2025 @ 19:38:22.540", , , , , , , , , , , , , , , , , , , , , , , , , , , , , , , , , , , , , , , , , , , , , , , , , , , ,HKLM\\SOFTWARE\\Microsoft\\Windows NT\\CurrentVersion\\Perflib\\Last Counter,"Suspicious,ImageBeginWithBackslash",DWORD (0x00002cf0),SetValue, , , , , , , , , , , , , , , , , , , , , , , , , , , , , , 
wazuh-alerts-4.x-2025.06.09,v-AFVZcBD7y1GXNGYoer,1,1,192.168.254.162,DESKTOP-O7P9I53,001,hat-VMware-Virtual-Platform, ,\\\\?\\C:\\Windows\\system32\\wbem\\WMIADAP.EXE, , , , , ,{154c2aaf-ea76-6846-6701-000000001800}, , ,4780, ,2025-06-09 14:08:21.232, , , , , , ,NT AUTHORITY\\SYSTEM, , ,13,0x8000000000000000,{5770385f-c22a-43e0-bf4c-06f5698ffbd9},4,Microsoft-Windows-Sysmon/Operational,0,"""Registry value set:
RuleName: Suspicious,ImageBeginWithBackslash
EventType: SetValue
UtcTime: 2025-06-09 14:08:21.232
ProcessGuid: {154c2aaf-ea76-6846-6701-000000001800}
ProcessId: 4780
Image: \\?\C:\Windows\system32\wbem\WMIADAP.EXE
TargetObject: HKLM\SOFTWARE\Microsoft\Windows NT\CurrentVersion\Perflib\Updating
Details: WmiApRpl
User: NT AUTHORITY\SYSTEM""",2,2025-06-09T14:08:21.2423996Z,31571,5512,DESKTOP-O7P9I53,13,3292,INFORMATION,Microsoft-Windows-Sysmon,422,false,5,Sysmon - Event 13: RegistryEvent SetValue on HKLM\\SOFTWARE\\Microsoft\\Windows NT\\CurrentVersion\\Perflib\\Updating by \\\\?\\C:\\Windows\\system32\\wbem\\WMIADAP.EXE,"[""windows"",""sysmon"",""sysmon_event_13""]",61615,windows_eventchannel,"{""win"":{""system"":{""providerName"":""Microsoft-Windows-Sysmon"",""providerGuid"":""{5770385f-c22a-43e0-bf4c-06f5698ffbd9}"",""eventID"":""13"",""version"":""2"",""level"":""4"",""task"":""13"",""opcode"":""0"",""keywords"":""0x8000000000000000"",""systemTime"":""2025-06-09T14:08:21.2423996Z"",""eventRecordID"":""31571"",""processID"":""3292"",""threadID"":""5512"",""channel"":""Microsoft-Windows-Sysmon/Operational"",""computer"":""DESKTOP-O7P9I53"",""severityValue"":""INFORMATION"",""message"":""\""Registry value set:\r\nRuleName: Suspicious,ImageBeginWithBackslash\r\nEventType: SetValue\r\nUtcTime: 2025-06-09 14:08:21.232\r\nProcessGuid: {154c2aaf-ea76-6846-6701-000000001800}\r\nProcessId: 4780\r\nImage: \\\\?\\C:\\Windows\\system32\\wbem\\WMIADAP.EXE\r\nTargetObject: HKLM\\SOFTWARE\\Microsoft\\Windows NT\\CurrentVersion\\Perflib\\Updating\r\nDetails: WmiApRpl\r\nUser: NT AUTHORITY\\SYSTEM\""""},""eventdata"":{""ruleName"":""Suspicious,ImageBeginWithBackslash"",""eventType"":""SetValue"",""utcTime"":""2025-06-09 14:08:21.232"",""processGuid"":""{154c2aaf-ea76-6846-6701-000000001800}"",""processId"":""4780"",""image"":""\\\\\\\\?\\\\C:\\\\Windows\\\\system32\\\\wbem\\\\WMIADAP.EXE"",""targetObject"":""HKLM\\\\SOFTWARE\\\\Microsoft\\\\Windows NT\\\\CurrentVersion\\\\Perflib\\\\Updating"",""details"":""WmiApRpl"",""user"":""NT AUTHORITY\\\\SYSTEM""}}}",log,"Jun 9, 2025 @ 19:38:22.665",EventChannel,1749478102.3363351,"Jun 9, 2025 @ 19:38:22.665", , , , , , , , , , , , , , , , , , , , , , , , , , , , , , , , , , , , , , , , , , , , , , , , , , , ,HKLM\\SOFTWARE\\Microsoft\\Windows NT\\CurrentVersion\\Perflib\\Updating,"Suspicious,ImageBeginWithBackslash",WmiApRpl,SetValue, , , , , , , , , , , , , , , , , , , , , , , , , , , , , , 
wazuh-alerts-4.x-2025.06.09,wOAFVZcBD7y1GXNGYoer,1,1,192.168.254.162,DESKTOP-O7P9I53,001,hat-VMware-Virtual-Platform, ,\\\\?\\C:\\Windows\\system32\\wbem\\WMIADAP.EXE, , , , , ,{154c2aaf-ea76-6846-6701-000000001800}, , ,4780, ,2025-06-09 14:08:21.294, , , , , , ,NT AUTHORITY\\SYSTEM, , ,13,0x8000000000000000,{5770385f-c22a-43e0-bf4c-06f5698ffbd9},4,Microsoft-Windows-Sysmon/Operational,0,"""Registry value set:
RuleName: Suspicious,ImageBeginWithBackslash
EventType: SetValue
UtcTime: 2025-06-09 14:08:21.294
ProcessGuid: {154c2aaf-ea76-6846-6701-000000001800}
ProcessId: 4780
Image: \\?\C:\Windows\system32\wbem\WMIADAP.EXE
TargetObject: HKLM\SOFTWARE\Microsoft\Windows NT\CurrentVersion\Perflib\Last Counter
Details: DWORD (0x00002d98)
User: NT AUTHORITY\SYSTEM""",2,2025-06-09T14:08:21.3034961Z,31572,5512,DESKTOP-O7P9I53,13,3292,INFORMATION,Microsoft-Windows-Sysmon,423,false,5,Sysmon - Event 13: RegistryEvent SetValue on HKLM\\SOFTWARE\\Microsoft\\Windows NT\\CurrentVersion\\Perflib\\Last Counter by \\\\?\\C:\\Windows\\system32\\wbem\\WMIADAP.EXE,"[""windows"",""sysmon"",""sysmon_event_13""]",61615,windows_eventchannel,"{""win"":{""system"":{""providerName"":""Microsoft-Windows-Sysmon"",""providerGuid"":""{5770385f-c22a-43e0-bf4c-06f5698ffbd9}"",""eventID"":""13"",""version"":""2"",""level"":""4"",""task"":""13"",""opcode"":""0"",""keywords"":""0x8000000000000000"",""systemTime"":""2025-06-09T14:08:21.3034961Z"",""eventRecordID"":""31572"",""processID"":""3292"",""threadID"":""5512"",""channel"":""Microsoft-Windows-Sysmon/Operational"",""computer"":""DESKTOP-O7P9I53"",""severityValue"":""INFORMATION"",""message"":""\""Registry value set:\r\nRuleName: Suspicious,ImageBeginWithBackslash\r\nEventType: SetValue\r\nUtcTime: 2025-06-09 14:08:21.294\r\nProcessGuid: {154c2aaf-ea76-6846-6701-000000001800}\r\nProcessId: 4780\r\nImage: \\\\?\\C:\\Windows\\system32\\wbem\\WMIADAP.EXE\r\nTargetObject: HKLM\\SOFTWARE\\Microsoft\\Windows NT\\CurrentVersion\\Perflib\\Last Counter\r\nDetails: DWORD (0x00002d98)\r\nUser: NT AUTHORITY\\SYSTEM\""""},""eventdata"":{""ruleName"":""Suspicious,ImageBeginWithBackslash"",""eventType"":""SetValue"",""utcTime"":""2025-06-09 14:08:21.294"",""processGuid"":""{154c2aaf-ea76-6846-6701-000000001800}"",""processId"":""4780"",""image"":""\\\\\\\\?\\\\C:\\\\Windows\\\\system32\\\\wbem\\\\WMIADAP.EXE"",""targetObject"":""HKLM\\\\SOFTWARE\\\\Microsoft\\\\Windows NT\\\\CurrentVersion\\\\Perflib\\\\Last Counter"",""details"":""DWORD (0x00002d98)"",""user"":""NT AUTHORITY\\\\SYSTEM""}}}",log,"Jun 9, 2025 @ 19:38:22.696",EventChannel,1749478102.3366334,"Jun 9, 2025 @ 19:38:22.696", , , , , , , , , , , , , , , , , , , , , , , , , , , , , , , , , , , , , , , , , , , , , , , , , , , ,HKLM\\SOFTWARE\\Microsoft\\Windows NT\\CurrentVersion\\Perflib\\Last Counter,"Suspicious,ImageBeginWithBackslash",DWORD (0x00002d98),SetValue, , , , , , , , , , , , , , , , , , , , , , , , , , , , , , 
wazuh-alerts-4.x-2025.06.09,wuAFVZcBD7y1GXNGYoer,1,1,192.168.254.162,DESKTOP-O7P9I53,001,hat-VMware-Virtual-Platform, ,\\\\?\\C:\\Windows\\system32\\wbem\\WMIADAP.EXE, , , , , ,{154c2aaf-ea76-6846-6701-000000001800}, , ,4780, ,2025-06-09 14:08:21.294, , , , , , ,NT AUTHORITY\\SYSTEM, , ,13,0x8000000000000000,{5770385f-c22a-43e0-bf4c-06f5698ffbd9},4,Microsoft-Windows-Sysmon/Operational,0,"""Registry value set:
RuleName: Suspicious,ImageBeginWithBackslash
EventType: SetValue
UtcTime: 2025-06-09 14:08:21.294
ProcessGuid: {154c2aaf-ea76-6846-6701-000000001800}
ProcessId: 4780
Image: \\?\C:\Windows\system32\wbem\WMIADAP.EXE
TargetObject: HKLM\System\CurrentControlSet\Services\WmiApRpl\Performance\Last Counter
Details: DWORD (0x00002d98)
User: NT AUTHORITY\SYSTEM""",2,2025-06-09T14:08:21.3036833Z,31574,5512,DESKTOP-O7P9I53,13,3292,INFORMATION,Microsoft-Windows-Sysmon,425,false,5,Sysmon - Event 13: RegistryEvent SetValue on HKLM\\System\\CurrentControlSet\\Services\\WmiApRpl\\Performance\\Last Counter by \\\\?\\C:\\Windows\\system32\\wbem\\WMIADAP.EXE,"[""windows"",""sysmon"",""sysmon_event_13""]",61615,windows_eventchannel,"{""win"":{""system"":{""providerName"":""Microsoft-Windows-Sysmon"",""providerGuid"":""{5770385f-c22a-43e0-bf4c-06f5698ffbd9}"",""eventID"":""13"",""version"":""2"",""level"":""4"",""task"":""13"",""opcode"":""0"",""keywords"":""0x8000000000000000"",""systemTime"":""2025-06-09T14:08:21.3036833Z"",""eventRecordID"":""31574"",""processID"":""3292"",""threadID"":""5512"",""channel"":""Microsoft-Windows-Sysmon/Operational"",""computer"":""DESKTOP-O7P9I53"",""severityValue"":""INFORMATION"",""message"":""\""Registry value set:\r\nRuleName: Suspicious,ImageBeginWithBackslash\r\nEventType: SetValue\r\nUtcTime: 2025-06-09 14:08:21.294\r\nProcessGuid: {154c2aaf-ea76-6846-6701-000000001800}\r\nProcessId: 4780\r\nImage: \\\\?\\C:\\Windows\\system32\\wbem\\WMIADAP.EXE\r\nTargetObject: HKLM\\System\\CurrentControlSet\\Services\\WmiApRpl\\Performance\\Last Counter\r\nDetails: DWORD (0x00002d98)\r\nUser: NT AUTHORITY\\SYSTEM\""""},""eventdata"":{""ruleName"":""Suspicious,ImageBeginWithBackslash"",""eventType"":""SetValue"",""utcTime"":""2025-06-09 14:08:21.294"",""processGuid"":""{154c2aaf-ea76-6846-6701-000000001800}"",""processId"":""4780"",""image"":""\\\\\\\\?\\\\C:\\\\Windows\\\\system32\\\\wbem\\\\WMIADAP.EXE"",""targetObject"":""HKLM\\\\System\\\\CurrentControlSet\\\\Services\\\\WmiApRpl\\\\Performance\\\\Last Counter"",""details"":""DWORD (0x00002d98)"",""user"":""NT AUTHORITY\\\\SYSTEM""}}}",log,"Jun 9, 2025 @ 19:38:22.728",EventChannel,1749478102.3372405,"Jun 9, 2025 @ 19:38:22.728", , , , , , , , , , , , , , , , , , , , , , , , , , , , , , , , , , , , , , , , , , , , , , , , , , , ,HKLM\\System\\CurrentControlSet\\Services\\WmiApRpl\\Performance\\Last Counter,"Suspicious,ImageBeginWithBackslash",DWORD (0x00002d98),SetValue, , , , , , , , , , , , , , , , , , , , , , , , , , , , , , 
wazuh-alerts-4.x-2025.06.09,xOAFVZcBD7y1GXNGYoer,1,1,192.168.254.162,DESKTOP-O7P9I53,001,hat-VMware-Virtual-Platform, ,\\\\?\\C:\\Windows\\system32\\wbem\\WMIADAP.EXE, , , , , ,{154c2aaf-ea76-6846-6701-000000001800}, , ,4780, ,2025-06-09 14:08:21.294, , , , , , ,NT AUTHORITY\\SYSTEM, , ,13,0x8000000000000000,{5770385f-c22a-43e0-bf4c-06f5698ffbd9},4,Microsoft-Windows-Sysmon/Operational,0,"""Registry value set:
RuleName: Suspicious,ImageBeginWithBackslash
EventType: SetValue
UtcTime: 2025-06-09 14:08:21.294
ProcessGuid: {154c2aaf-ea76-6846-6701-000000001800}
ProcessId: 4780
Image: \\?\C:\Windows\system32\wbem\WMIADAP.EXE
TargetObject: HKLM\System\CurrentControlSet\Services\WmiApRpl\Performance\First Counter
Details: DWORD (0x00002cf2)
User: NT AUTHORITY\SYSTEM""",2,2025-06-09T14:08:21.3037467Z,31576,5512,DESKTOP-O7P9I53,13,3292,INFORMATION,Microsoft-Windows-Sysmon,427,false,5,Sysmon - Event 13: RegistryEvent SetValue on HKLM\\System\\CurrentControlSet\\Services\\WmiApRpl\\Performance\\First Counter by \\\\?\\C:\\Windows\\system32\\wbem\\WMIADAP.EXE,"[""windows"",""sysmon"",""sysmon_event_13""]",61615,windows_eventchannel,"{""win"":{""system"":{""providerName"":""Microsoft-Windows-Sysmon"",""providerGuid"":""{5770385f-c22a-43e0-bf4c-06f5698ffbd9}"",""eventID"":""13"",""version"":""2"",""level"":""4"",""task"":""13"",""opcode"":""0"",""keywords"":""0x8000000000000000"",""systemTime"":""2025-06-09T14:08:21.3037467Z"",""eventRecordID"":""31576"",""processID"":""3292"",""threadID"":""5512"",""channel"":""Microsoft-Windows-Sysmon/Operational"",""computer"":""DESKTOP-O7P9I53"",""severityValue"":""INFORMATION"",""message"":""\""Registry value set:\r\nRuleName: Suspicious,ImageBeginWithBackslash\r\nEventType: SetValue\r\nUtcTime: 2025-06-09 14:08:21.294\r\nProcessGuid: {154c2aaf-ea76-6846-6701-000000001800}\r\nProcessId: 4780\r\nImage: \\\\?\\C:\\Windows\\system32\\wbem\\WMIADAP.EXE\r\nTargetObject: HKLM\\System\\CurrentControlSet\\Services\\WmiApRpl\\Performance\\First Counter\r\nDetails: DWORD (0x00002cf2)\r\nUser: NT AUTHORITY\\SYSTEM\""""},""eventdata"":{""ruleName"":""Suspicious,ImageBeginWithBackslash"",""eventType"":""SetValue"",""utcTime"":""2025-06-09 14:08:21.294"",""processGuid"":""{154c2aaf-ea76-6846-6701-000000001800}"",""processId"":""4780"",""image"":""\\\\\\\\?\\\\C:\\\\Windows\\\\system32\\\\wbem\\\\WMIADAP.EXE"",""targetObject"":""HKLM\\\\System\\\\CurrentControlSet\\\\Services\\\\WmiApRpl\\\\Performance\\\\First Counter"",""details"":""DWORD (0x00002cf2)"",""user"":""NT AUTHORITY\\\\SYSTEM""}}}",log,"Jun 9, 2025 @ 19:38:22.759",EventChannel,1749478102.3378496,"Jun 9, 2025 @ 19:38:22.759", , , , , , , , , , , , , , , , , , , , , , , , , , , , , , , , , , , , , , , , , , , , , , , , , , , ,HKLM\\System\\CurrentControlSet\\Services\\WmiApRpl\\Performance\\First Counter,"Suspicious,ImageBeginWithBackslash",DWORD (0x00002cf2),SetValue, , , , , , , , , , , , , , , , , , , , , , , , , , , , , , 
wazuh-alerts-4.x-2025.06.09,yuAFVZcBD7y1GXNGbodk,1,1,192.168.254.162,DESKTOP-O7P9I53,001,hat-VMware-Virtual-Platform, ,C:\\Windows\\Explorer.EXE, , , , , ,{154c2aaf-ea75-6846-6501-000000001800}, , ,1892, ,2025-06-09 14:08:26.259, , , , , , ,DESKTOP-O7P9I53\\admin, , ,13,0x8000000000000000,{5770385f-c22a-43e0-bf4c-06f5698ffbd9},4,Microsoft-Windows-Sysmon/Operational,0,"""Registry value set:
RuleName: T1042
EventType: SetValue
UtcTime: 2025-06-09 14:08:26.259
ProcessGuid: {154c2aaf-ea75-6846-6501-000000001800}
ProcessId: 1892
Image: C:\Windows\Explorer.EXE
TargetObject: HKU\S-1-5-21-442569660-4060779802-1076883227-1001_Classes\CLSID\{2cc5ca98-6485-489a-920e-b3e88a6ccce3}\shell\SpotlightLike\command\DelegateExecute
Details: {4813071a-41ad-44a2-9835-886d2f63ca30}
User: DESKTOP-O7P9I53\admin""",2,2025-06-09T14:08:26.2883458Z,31583,5512,DESKTOP-O7P9I53,13,3292,INFORMATION,Microsoft-Windows-Sysmon,432,false,5,Sysmon - Event 13: RegistryEvent SetValue on HKU\\S-1-5-21-442569660-4060779802-1076883227-1001_Classes\\CLSID\\{2cc5ca98-6485-489a-920e-b3e88a6ccce3}\\shell\\SpotlightLike\\command\\DelegateExecute by C:\\Windows\\Explorer.EXE,"[""windows"",""sysmon"",""sysmon_event_13""]",61615,windows_eventchannel,"{""win"":{""system"":{""providerName"":""Microsoft-Windows-Sysmon"",""providerGuid"":""{5770385f-c22a-43e0-bf4c-06f5698ffbd9}"",""eventID"":""13"",""version"":""2"",""level"":""4"",""task"":""13"",""opcode"":""0"",""keywords"":""0x8000000000000000"",""systemTime"":""2025-06-09T14:08:26.2883458Z"",""eventRecordID"":""31583"",""processID"":""3292"",""threadID"":""5512"",""channel"":""Microsoft-Windows-Sysmon/Operational"",""computer"":""DESKTOP-O7P9I53"",""severityValue"":""INFORMATION"",""message"":""\""Registry value set:\r\nRuleName: T1042\r\nEventType: SetValue\r\nUtcTime: 2025-06-09 14:08:26.259\r\nProcessGuid: {154c2aaf-ea75-6846-6501-000000001800}\r\nProcessId: 1892\r\nImage: C:\\Windows\\Explorer.EXE\r\nTargetObject: HKU\\S-1-5-21-442569660-4060779802-1076883227-1001_Classes\\CLSID\\{2cc5ca98-6485-489a-920e-b3e88a6ccce3}\\shell\\SpotlightLike\\command\\DelegateExecute\r\nDetails: {4813071a-41ad-44a2-9835-886d2f63ca30}\r\nUser: DESKTOP-O7P9I53\\admin\""""},""eventdata"":{""ruleName"":""T1042"",""eventType"":""SetValue"",""utcTime"":""2025-06-09 14:08:26.259"",""processGuid"":""{154c2aaf-ea75-6846-6501-000000001800}"",""processId"":""1892"",""image"":""C:\\\\Windows\\\\Explorer.EXE"",""targetObject"":""HKU\\\\S-1-5-21-442569660-4060779802-1076883227-1001_Classes\\\\CLSID\\\\{2cc5ca98-6485-489a-920e-b3e88a6ccce3}\\\\shell\\\\SpotlightLike\\\\command\\\\DelegateExecute"",""details"":""{4813071a-41ad-44a2-9835-886d2f63ca30}"",""user"":""DESKTOP-O7P9I53\\\\admin""}}}",log,"Jun 9, 2025 @ 19:38:27.607",EventChannel,1749478107.3400009,"Jun 9, 2025 @ 19:38:27.607", , , , , , , , , , , , , , , , , , , , , , , , , , , , , , , , , , , , , , , , , , , , , , , , , , , ,HKU\\S-1-5-21-442569660-4060779802-1076883227-1001_Classes\\CLSID\\{2cc5ca98-6485-489a-920e-b3e88a6ccce3}\\shell\\SpotlightLike\\command\\DelegateExecute,T1042,{4813071a-41ad-44a2-9835-886d2f63ca30},SetValue, , , , , , , , , , , , , , , , , , , , , , , , , , , , , , 
wazuh-alerts-4.x-2025.06.09,zOAFVZcBD7y1GXNGbodk,1,1,192.168.254.162,DESKTOP-O7P9I53,001,hat-VMware-Virtual-Platform, ,C:\\Program Files\\WindowsApps\\Microsoft.YourPhone_1.25042.85.0_x64__8wekyb3d8bbwe\\PhoneExperienceHost.exe, , , , , ,{154c2aaf-eaa1-6846-a601-000000001800}, , ,1056, ,2025-06-09 14:08:25.462, , , , , , ,DESKTOP-O7P9I53\\admin, , ,22,0x8000000000000000,{5770385f-c22a-43e0-bf4c-06f5698ffbd9},4,Microsoft-Windows-Sysmon/Operational,0,"""Dns query:
RuleName: -
UtcTime: 2025-06-09 14:08:25.462
ProcessGuid: {154c2aaf-eaa1-6846-a601-000000001800}
ProcessId: 1056
QueryName: default.exp-tas.com
QueryStatus: 0
QueryResults: type:  5 deault-exp-tas-com.e-0014.e-msedge.net;type:  5 e-0014.e-dc-msedge.net;::ffff:13.107.13.93;
Image: C:\Program Files\WindowsApps\Microsoft.YourPhone_1.25042.85.0_x64__8wekyb3d8bbwe\PhoneExperienceHost.exe
User: DESKTOP-O7P9I53\admin""",5,2025-06-09T14:08:26.5593948Z,31585,5672,DESKTOP-O7P9I53,22,3292,INFORMATION,Microsoft-Windows-Sysmon,13,false,5,Sysmon - Event 22: DNS Query event,"[""windows"",""sysmon"",""sysmon_event_22""]",61650,windows_eventchannel,"{""win"":{""system"":{""providerName"":""Microsoft-Windows-Sysmon"",""providerGuid"":""{5770385f-c22a-43e0-bf4c-06f5698ffbd9}"",""eventID"":""22"",""version"":""5"",""level"":""4"",""task"":""22"",""opcode"":""0"",""keywords"":""0x8000000000000000"",""systemTime"":""2025-06-09T14:08:26.5593948Z"",""eventRecordID"":""31585"",""processID"":""3292"",""threadID"":""5672"",""channel"":""Microsoft-Windows-Sysmon/Operational"",""computer"":""DESKTOP-O7P9I53"",""severityValue"":""INFORMATION"",""message"":""\""Dns query:\r\nRuleName: -\r\nUtcTime: 2025-06-09 14:08:25.462\r\nProcessGuid: {154c2aaf-eaa1-6846-a601-000000001800}\r\nProcessId: 1056\r\nQueryName: default.exp-tas.com\r\nQueryStatus: 0\r\nQueryResults: type:  5 deault-exp-tas-com.e-0014.e-msedge.net;type:  5 e-0014.e-dc-msedge.net;::ffff:13.107.13.93;\r\nImage: C:\\Program Files\\WindowsApps\\Microsoft.YourPhone_1.25042.85.0_x64__8wekyb3d8bbwe\\PhoneExperienceHost.exe\r\nUser: DESKTOP-O7P9I53\\admin\""""},""eventdata"":{""utcTime"":""2025-06-09 14:08:25.462"",""processGuid"":""{154c2aaf-eaa1-6846-a601-000000001800}"",""processId"":""1056"",""queryName"":""default.exp-tas.com"",""queryStatus"":""0"",""queryResults"":""type:  5 deault-exp-tas-com.e-0014.e-msedge.net;type:  5 e-0014.e-dc-msedge.net;::ffff:13.107.13.93;"",""image"":""C:\\\\Program Files\\\\WindowsApps\\\\Microsoft.YourPhone_1.25042.85.0_x64__8wekyb3d8bbwe\\\\PhoneExperienceHost.exe"",""user"":""DESKTOP-O7P9I53\\\\admin""}}}",log,"Jun 9, 2025 @ 19:38:27.637",EventChannel,1749478107.3406596,"Jun 9, 2025 @ 19:38:27.637", , , , , , , , , , , , , , , , , , , , , , , , , , , , , , , , , , , , , , , , , , , , , , , , ,0,default.exp-tas.com,type:  5 deault-exp-tas-com.e-0014.e-msedge.net;type:  5 e-0014.e-dc-msedge.net;::ffff:13.107.13.93;, , , , , , , , , , , , , , , , , , , , , , , , , , , , , , , , , , 
wazuh-alerts-4.x-2025.06.09,6eAGVZcBD7y1GXNG_YcB,1,1,192.168.254.162,DESKTOP-O7P9I53,001,hat-VMware-Virtual-Platform,msedge.exe,C:\\Program Files (x86)\\Microsoft\\Edge\\Application\\msedge.exe,Microsoft Edge,{154c2aaf-ea8a-6846-8901-000000001800},Microsoft Edge,{154c2aaf-ea73-6846-23bd-220000000000},"\""C:\\Program Files (x86)\\Microsoft\\Edge\\Application\\msedge.exe\"" --no-startup-window --win-session-start",{154c2aaf-eb3f-6846-d901-000000001800},0x22bd23,4580,6948,C:\\Program Files (x86)\\Microsoft\\Edge\\Application\\137.0.3296.68\\,2025-06-09 14:10:07.191,"MD5=7AB41BE2849631765066C98377239025,SHA256=F832EC438105F6D624029F80003BBEFAF52EC05911CB1BF32BFF896834B47AF7,IMPHASH=23FF41140CBD1050F401744A4BF949D3",C:\\Program Files (x86)\\Microsoft\\Edge\\Application\\msedge.exe,Microsoft Corporation,"\""C:\\Program Files (x86)\\Microsoft\\Edge\\Application\\msedge.exe\"" --type=utility --utility-sub-type=asset_store.mojom.AssetStoreService --lang=en-US --service-sandbox-type=asset_store_service --no-pre-read-main-dll --always-read-main-dll --field-trial-handle=2580,i,5375257325187418059,11153254794832448584,262144 --variations-seed-version --mojo-platform-channel-handle=4292 /prefetch:8",Low,137.0.3296.68,DESKTOP-O7P9I53\\admin,1,DESKTOP-O7P9I53\\admin,1,0x8000000000000000,{5770385f-c22a-43e0-bf4c-06f5698ffbd9},4,Microsoft-Windows-Sysmon/Operational,0,"""Process Create:
RuleName: -
UtcTime: 2025-06-09 14:10:07.191
ProcessGuid: {154c2aaf-eb3f-6846-d901-000000001800}
ProcessId: 6948
Image: C:\Program Files (x86)\Microsoft\Edge\Application\msedge.exe
FileVersion: 137.0.3296.68
Description: Microsoft Edge
Product: Microsoft Edge
Company: Microsoft Corporation
OriginalFileName: msedge.exe
CommandLine: ""C:\Program Files (x86)\Microsoft\Edge\Application\msedge.exe"" --type=utility --utility-sub-type=asset_store.mojom.AssetStoreService --lang=en-US --service-sandbox-type=asset_store_service --no-pre-read-main-dll --always-read-main-dll --field-trial-handle=2580,i,5375257325187418059,11153254794832448584,262144 --variations-seed-version --mojo-platform-channel-handle=4292 /prefetch:8
CurrentDirectory: C:\Program Files (x86)\Microsoft\Edge\Application\137.0.3296.68\
User: DESKTOP-O7P9I53\admin
LogonGuid: {154c2aaf-ea73-6846-23bd-220000000000}
LogonId: 0x22BD23
TerminalSessionId: 1
IntegrityLevel: Low
Hashes: MD5=7AB41BE2849631765066C98377239025,SHA256=F832EC438105F6D624029F80003BBEFAF52EC05911CB1BF32BFF896834B47AF7,IMPHASH=23FF41140CBD1050F401744A4BF949D3
ParentProcessGuid: {154c2aaf-ea8a-6846-8901-000000001800}
ParentProcessId: 4580
ParentImage: C:\Program Files (x86)\Microsoft\Edge\Application\msedge.exe
ParentCommandLine: ""C:\Program Files (x86)\Microsoft\Edge\Application\msedge.exe"" --no-startup-window --win-session-start
ParentUser: DESKTOP-O7P9I53\admin""",5,2025-06-09T14:10:07.1948054Z,31610,5512,DESKTOP-O7P9I53,1,3292,INFORMATION,Microsoft-Windows-Sysmon,104,false,5,Sysmon - Event 1: Process creation Microsoft Edge,"[""windows"",""sysmon"",""sysmon_event1""]",61603,windows_eventchannel,"{""win"":{""system"":{""providerName"":""Microsoft-Windows-Sysmon"",""providerGuid"":""{5770385f-c22a-43e0-bf4c-06f5698ffbd9}"",""eventID"":""1"",""version"":""5"",""level"":""4"",""task"":""1"",""opcode"":""0"",""keywords"":""0x8000000000000000"",""systemTime"":""2025-06-09T14:10:07.1948054Z"",""eventRecordID"":""31610"",""processID"":""3292"",""threadID"":""5512"",""channel"":""Microsoft-Windows-Sysmon/Operational"",""computer"":""DESKTOP-O7P9I53"",""severityValue"":""INFORMATION"",""message"":""\""Process Create:\r\nRuleName: -\r\nUtcTime: 2025-06-09 14:10:07.191\r\nProcessGuid: {154c2aaf-eb3f-6846-d901-000000001800}\r\nProcessId: 6948\r\nImage: C:\\Program Files (x86)\\Microsoft\\Edge\\Application\\msedge.exe\r\nFileVersion: 137.0.3296.68\r\nDescription: Microsoft Edge\r\nProduct: Microsoft Edge\r\nCompany: Microsoft Corporation\r\nOriginalFileName: msedge.exe\r\nCommandLine: \""C:\\Program Files (x86)\\Microsoft\\Edge\\Application\\msedge.exe\"" --type=utility --utility-sub-type=asset_store.mojom.AssetStoreService --lang=en-US --service-sandbox-type=asset_store_service --no-pre-read-main-dll --always-read-main-dll --field-trial-handle=2580,i,5375257325187418059,11153254794832448584,262144 --variations-seed-version --mojo-platform-channel-handle=4292 /prefetch:8\r\nCurrentDirectory: C:\\Program Files (x86)\\Microsoft\\Edge\\Application\\137.0.3296.68\\\r\nUser: DESKTOP-O7P9I53\\admin\r\nLogonGuid: {154c2aaf-ea73-6846-23bd-220000000000}\r\nLogonId: 0x22BD23\r\nTerminalSessionId: 1\r\nIntegrityLevel: Low\r\nHashes: MD5=7AB41BE2849631765066C98377239025,SHA256=F832EC438105F6D624029F80003BBEFAF52EC05911CB1BF32BFF896834B47AF7,IMPHASH=23FF41140CBD1050F401744A4BF949D3\r\nParentProcessGuid: {154c2aaf-ea8a-6846-8901-000000001800}\r\nParentProcessId: 4580\r\nParentImage: C:\\Program Files (x86)\\Microsoft\\Edge\\Application\\msedge.exe\r\nParentCommandLine: \""C:\\Program Files (x86)\\Microsoft\\Edge\\Application\\msedge.exe\"" --no-startup-window --win-session-start\r\nParentUser: DESKTOP-O7P9I53\\admin\""""},""eventdata"":{""utcTime"":""2025-06-09 14:10:07.191"",""processGuid"":""{154c2aaf-eb3f-6846-d901-000000001800}"",""processId"":""6948"",""image"":""C:\\\\Program Files (x86)\\\\Microsoft\\\\Edge\\\\Application\\\\msedge.exe"",""fileVersion"":""137.0.3296.68"",""description"":""Microsoft Edge"",""product"":""Microsoft Edge"",""company"":""Microsoft Corporation"",""originalFileName"":""msedge.exe"",""commandLine"":""\\\""C:\\\\Program Files (x86)\\\\Microsoft\\\\Edge\\\\Application\\\\msedge.exe\\\"" --type=utility --utility-sub-type=asset_store.mojom.AssetStoreService --lang=en-US --service-sandbox-type=asset_store_service --no-pre-read-main-dll --always-read-main-dll --field-trial-handle=2580,i,5375257325187418059,11153254794832448584,262144 --variations-seed-version --mojo-platform-channel-handle=4292 /prefetch:8"",""currentDirectory"":""C:\\\\Program Files (x86)\\\\Microsoft\\\\Edge\\\\Application\\\\137.0.3296.68\\\\"",""user"":""DESKTOP-O7P9I53\\\\admin"",""logonGuid"":""{154c2aaf-ea73-6846-23bd-220000000000}"",""logonId"":""0x22bd23"",""terminalSessionId"":""1"",""integrityLevel"":""Low"",""hashes"":""MD5=7AB41BE2849631765066C98377239025,SHA256=F832EC438105F6D624029F80003BBEFAF52EC05911CB1BF32BFF896834B47AF7,IMPHASH=23FF41140CBD1050F401744A4BF949D3"",""parentProcessGuid"":""{154c2aaf-ea8a-6846-8901-000000001800}"",""parentProcessId"":""4580"",""parentImage"":""C:\\\\Program Files (x86)\\\\Microsoft\\\\Edge\\\\Application\\\\msedge.exe"",""parentCommandLine"":""\\\""C:\\\\Program Files (x86)\\\\Microsoft\\\\Edge\\\\Application\\\\msedge.exe\\\"" --no-startup-window --win-session-start"",""parentUser"":""DESKTOP-O7P9I53\\\\admin""}}}",log,"Jun 9, 2025 @ 19:40:08.529",EventChannel,1749478208.3510197,"Jun 9, 2025 @ 19:40:08.529", , , , , , , , , , , , , , , , , , , , , , , , , , , , , , , , , , , , , , , , , , , , , , , , , , , , , , , , , , , , , , , , , , , , , , , , , , , , , , , , , , , , , 
wazuh-alerts-4.x-2025.06.09,uuAFVZcBD7y1GXNGKIcN,1,1,192.168.254.162,DESKTOP-O7P9I53,001,hat-VMware-Virtual-Platform,msedge.exe,C:\\Program Files (x86)\\Microsoft\\Edge\\Application\\msedge.exe,Microsoft Edge,{154c2aaf-ea8a-6846-8901-000000001800},Microsoft Edge,{154c2aaf-ea73-6846-23bd-220000000000},"\""C:\\Program Files (x86)\\Microsoft\\Edge\\Application\\msedge.exe\"" --no-startup-window --win-session-start",{154c2aaf-eac8-6846-b701-000000001800},0x22bd23,4580,3488,C:\\Program Files (x86)\\Microsoft\\Edge\\Application\\137.0.3296.68\\,2025-06-09 14:08:08.002,"MD5=7AB41BE2849631765066C98377239025,SHA256=F832EC438105F6D624029F80003BBEFAF52EC05911CB1BF32BFF896834B47AF7,IMPHASH=23FF41140CBD1050F401744A4BF949D3",C:\\Program Files (x86)\\Microsoft\\Edge\\Application\\msedge.exe,Microsoft Corporation,"\""C:\\Program Files (x86)\\Microsoft\\Edge\\Application\\msedge.exe\"" --type=utility --utility-sub-type=unzip.mojom.Unzipper --lang=en-US --service-sandbox-type=service --no-pre-read-main-dll --always-read-main-dll --field-trial-handle=2580,i,5375257325187418059,11153254794832448584,262144 --variations-seed-version --mojo-platform-channel-handle=5376 /prefetch:8",Low,137.0.3296.68,DESKTOP-O7P9I53\\admin,1,DESKTOP-O7P9I53\\admin,1,0x8000000000000000,{5770385f-c22a-43e0-bf4c-06f5698ffbd9},4,Microsoft-Windows-Sysmon/Operational,0,"""Process Create:
RuleName: -
UtcTime: 2025-06-09 14:08:08.002
ProcessGuid: {154c2aaf-eac8-6846-b701-000000001800}
ProcessId: 3488
Image: C:\Program Files (x86)\Microsoft\Edge\Application\msedge.exe
FileVersion: 137.0.3296.68
Description: Microsoft Edge
Product: Microsoft Edge
Company: Microsoft Corporation
OriginalFileName: msedge.exe
CommandLine: ""C:\Program Files (x86)\Microsoft\Edge\Application\msedge.exe"" --type=utility --utility-sub-type=unzip.mojom.Unzipper --lang=en-US --service-sandbox-type=service --no-pre-read-main-dll --always-read-main-dll --field-trial-handle=2580,i,5375257325187418059,11153254794832448584,262144 --variations-seed-version --mojo-platform-channel-handle=5376 /prefetch:8
CurrentDirectory: C:\Program Files (x86)\Microsoft\Edge\Application\137.0.3296.68\
User: DESKTOP-O7P9I53\admin
LogonGuid: {154c2aaf-ea73-6846-23bd-220000000000}
LogonId: 0x22BD23
TerminalSessionId: 1
IntegrityLevel: Low
Hashes: MD5=7AB41BE2849631765066C98377239025,SHA256=F832EC438105F6D624029F80003BBEFAF52EC05911CB1BF32BFF896834B47AF7,IMPHASH=23FF41140CBD1050F401744A4BF949D3
ParentProcessGuid: {154c2aaf-ea8a-6846-8901-000000001800}
ParentProcessId: 4580
ParentImage: C:\Program Files (x86)\Microsoft\Edge\Application\msedge.exe
ParentCommandLine: ""C:\Program Files (x86)\Microsoft\Edge\Application\msedge.exe"" --no-startup-window --win-session-start
ParentUser: DESKTOP-O7P9I53\admin""",5,2025-06-09T14:08:08.0043834Z,31560,5512,DESKTOP-O7P9I53,1,3292,INFORMATION,Microsoft-Windows-Sysmon,95,false,5,Sysmon - Event 1: Process creation Microsoft Edge,"[""windows"",""sysmon"",""sysmon_event1""]",61603,windows_eventchannel,"{""win"":{""system"":{""providerName"":""Microsoft-Windows-Sysmon"",""providerGuid"":""{5770385f-c22a-43e0-bf4c-06f5698ffbd9}"",""eventID"":""1"",""version"":""5"",""level"":""4"",""task"":""1"",""opcode"":""0"",""keywords"":""0x8000000000000000"",""systemTime"":""2025-06-09T14:08:08.0043834Z"",""eventRecordID"":""31560"",""processID"":""3292"",""threadID"":""5512"",""channel"":""Microsoft-Windows-Sysmon/Operational"",""computer"":""DESKTOP-O7P9I53"",""severityValue"":""INFORMATION"",""message"":""\""Process Create:\r\nRuleName: -\r\nUtcTime: 2025-06-09 14:08:08.002\r\nProcessGuid: {154c2aaf-eac8-6846-b701-000000001800}\r\nProcessId: 3488\r\nImage: C:\\Program Files (x86)\\Microsoft\\Edge\\Application\\msedge.exe\r\nFileVersion: 137.0.3296.68\r\nDescription: Microsoft Edge\r\nProduct: Microsoft Edge\r\nCompany: Microsoft Corporation\r\nOriginalFileName: msedge.exe\r\nCommandLine: \""C:\\Program Files (x86)\\Microsoft\\Edge\\Application\\msedge.exe\"" --type=utility --utility-sub-type=unzip.mojom.Unzipper --lang=en-US --service-sandbox-type=service --no-pre-read-main-dll --always-read-main-dll --field-trial-handle=2580,i,5375257325187418059,11153254794832448584,262144 --variations-seed-version --mojo-platform-channel-handle=5376 /prefetch:8\r\nCurrentDirectory: C:\\Program Files (x86)\\Microsoft\\Edge\\Application\\137.0.3296.68\\\r\nUser: DESKTOP-O7P9I53\\admin\r\nLogonGuid: {154c2aaf-ea73-6846-23bd-220000000000}\r\nLogonId: 0x22BD23\r\nTerminalSessionId: 1\r\nIntegrityLevel: Low\r\nHashes: MD5=7AB41BE2849631765066C98377239025,SHA256=F832EC438105F6D624029F80003BBEFAF52EC05911CB1BF32BFF896834B47AF7,IMPHASH=23FF41140CBD1050F401744A4BF949D3\r\nParentProcessGuid: {154c2aaf-ea8a-6846-8901-000000001800}\r\nParentProcessId: 4580\r\nParentImage: C:\\Program Files (x86)\\Microsoft\\Edge\\Application\\msedge.exe\r\nParentCommandLine: \""C:\\Program Files (x86)\\Microsoft\\Edge\\Application\\msedge.exe\"" --no-startup-window --win-session-start\r\nParentUser: DESKTOP-O7P9I53\\admin\""""},""eventdata"":{""utcTime"":""2025-06-09 14:08:08.002"",""processGuid"":""{154c2aaf-eac8-6846-b701-000000001800}"",""processId"":""3488"",""image"":""C:\\\\Program Files (x86)\\\\Microsoft\\\\Edge\\\\Application\\\\msedge.exe"",""fileVersion"":""137.0.3296.68"",""description"":""Microsoft Edge"",""product"":""Microsoft Edge"",""company"":""Microsoft Corporation"",""originalFileName"":""msedge.exe"",""commandLine"":""\\\""C:\\\\Program Files (x86)\\\\Microsoft\\\\Edge\\\\Application\\\\msedge.exe\\\"" --type=utility --utility-sub-type=unzip.mojom.Unzipper --lang=en-US --service-sandbox-type=service --no-pre-read-main-dll --always-read-main-dll --field-trial-handle=2580,i,5375257325187418059,11153254794832448584,262144 --variations-seed-version --mojo-platform-channel-handle=5376 /prefetch:8"",""currentDirectory"":""C:\\\\Program Files (x86)\\\\Microsoft\\\\Edge\\\\Application\\\\137.0.3296.68\\\\"",""user"":""DESKTOP-O7P9I53\\\\admin"",""logonGuid"":""{154c2aaf-ea73-6846-23bd-220000000000}"",""logonId"":""0x22bd23"",""terminalSessionId"":""1"",""integrityLevel"":""Low"",""hashes"":""MD5=7AB41BE2849631765066C98377239025,SHA256=F832EC438105F6D624029F80003BBEFAF52EC05911CB1BF32BFF896834B47AF7,IMPHASH=23FF41140CBD1050F401744A4BF949D3"",""parentProcessGuid"":""{154c2aaf-ea8a-6846-8901-000000001800}"",""parentProcessId"":""4580"",""parentImage"":""C:\\\\Program Files (x86)\\\\Microsoft\\\\Edge\\\\Application\\\\msedge.exe"",""parentCommandLine"":""\\\""C:\\\\Program Files (x86)\\\\Microsoft\\\\Edge\\\\Application\\\\msedge.exe\\\"" --no-startup-window --win-session-start"",""parentUser"":""DESKTOP-O7P9I53\\\\admin""}}}",log,"Jun 9, 2025 @ 19:38:08.786",EventChannel,1749478088.3343920,"Jun 9, 2025 @ 19:38:08.786", , , , , , , , , , , , , , , , , , , , , , , , , , , , , , , , , , , , , , , , , , , , , , , , , , , , , , , , , , , , , , , , , , , , , , , , , , , , , , , , , , , , , 
wazuh-alerts-4.x-2025.06.09,0uAFVZcBD7y1GXNGkYeT,1,1,192.168.254.162,DESKTOP-O7P9I53,001,hat-VMware-Virtual-Platform, ,\\\\?\\C:\\Windows\\system32\\wbem\\WMIADAP.EXE, , , , , ,{154c2aaf-ea76-6846-6701-000000001800}, , ,4780, ,2025-06-09 14:08:34.627, , , , , , ,NT AUTHORITY\\SYSTEM, , ,13,0x8000000000000000,{5770385f-c22a-43e0-bf4c-06f5698ffbd9},4,Microsoft-Windows-Sysmon/Operational,0,"""Registry value set:
RuleName: Suspicious,ImageBeginWithBackslash
EventType: SetValue
UtcTime: 2025-06-09 14:08:34.627
ProcessGuid: {154c2aaf-ea76-6846-6701-000000001800}
ProcessId: 4780
Image: \\?\C:\Windows\system32\wbem\WMIADAP.EXE
TargetObject: HKLM\SOFTWARE\Microsoft\Wbem\WDM\DREDGE\C:\Windows\System32\drivers\ACPI.sys[ACPIMOFResource]
Details: LowDateTime:1156959441,HighDateTime:31181013***Binary mof compiled successfully
User: NT AUTHORITY\SYSTEM""",2,2025-06-09T14:08:34.6288558Z,31592,5512,DESKTOP-O7P9I53,13,3292,INFORMATION,Microsoft-Windows-Sysmon,437,false,5,Sysmon - Event 13: RegistryEvent SetValue on HKLM\\SOFTWARE\\Microsoft\\Wbem\\WDM\\DREDGE\\C:\\Windows\\System32\\drivers\\ACPI.sys[ACPIMOFResource] by \\\\?\\C:\\Windows\\system32\\wbem\\WMIADAP.EXE,"[""windows"",""sysmon"",""sysmon_event_13""]",61615,windows_eventchannel,"{""win"":{""system"":{""providerName"":""Microsoft-Windows-Sysmon"",""providerGuid"":""{5770385f-c22a-43e0-bf4c-06f5698ffbd9}"",""eventID"":""13"",""version"":""2"",""level"":""4"",""task"":""13"",""opcode"":""0"",""keywords"":""0x8000000000000000"",""systemTime"":""2025-06-09T14:08:34.6288558Z"",""eventRecordID"":""31592"",""processID"":""3292"",""threadID"":""5512"",""channel"":""Microsoft-Windows-Sysmon/Operational"",""computer"":""DESKTOP-O7P9I53"",""severityValue"":""INFORMATION"",""message"":""\""Registry value set:\r\nRuleName: Suspicious,ImageBeginWithBackslash\r\nEventType: SetValue\r\nUtcTime: 2025-06-09 14:08:34.627\r\nProcessGuid: {154c2aaf-ea76-6846-6701-000000001800}\r\nProcessId: 4780\r\nImage: \\\\?\\C:\\Windows\\system32\\wbem\\WMIADAP.EXE\r\nTargetObject: HKLM\\SOFTWARE\\Microsoft\\Wbem\\WDM\\DREDGE\\C:\\Windows\\System32\\drivers\\ACPI.sys[ACPIMOFResource]\r\nDetails: LowDateTime:1156959441,HighDateTime:31181013***Binary mof compiled successfully\r\nUser: NT AUTHORITY\\SYSTEM\""""},""eventdata"":{""ruleName"":""Suspicious,ImageBeginWithBackslash"",""eventType"":""SetValue"",""utcTime"":""2025-06-09 14:08:34.627"",""processGuid"":""{154c2aaf-ea76-6846-6701-000000001800}"",""processId"":""4780"",""image"":""\\\\\\\\?\\\\C:\\\\Windows\\\\system32\\\\wbem\\\\WMIADAP.EXE"",""targetObject"":""HKLM\\\\SOFTWARE\\\\Microsoft\\\\Wbem\\\\WDM\\\\DREDGE\\\\C:\\\\Windows\\\\System32\\\\drivers\\\\ACPI.sys[ACPIMOFResource]"",""details"":""LowDateTime:1156959441,HighDateTime:31181013***Binary mof compiled successfully"",""user"":""NT AUTHORITY\\\\SYSTEM""}}}",log,"Jun 9, 2025 @ 19:38:35.982",EventChannel,1749478115.3432569,"Jun 9, 2025 @ 19:38:35.982", , , , , , , , , , , , , , , , , , , , , , , , , , , , , , , , , , , , , , , , , , , , , , , , , , , ,HKLM\\SOFTWARE\\Microsoft\\Wbem\\WDM\\DREDGE\\C:\\Windows\\System32\\drivers\\ACPI.sys[ACPIMOFResource],"Suspicious,ImageBeginWithBackslash","LowDateTime:1156959441,HighDateTime:31181013***Binary mof compiled successfully",SetValue, , , , , , , , , , , , , , , , , , , , , , , , , , , , , , 
wazuh-alerts-4.x-2025.06.09,0-AFVZcBD7y1GXNGkYeT,1,1,192.168.254.162,DESKTOP-O7P9I53,001,hat-VMware-Virtual-Platform, ,\\\\?\\C:\\Windows\\system32\\wbem\\WMIADAP.EXE, , , , , ,{154c2aaf-ea76-6846-6701-000000001800}, , ,4780, ,2025-06-09 14:08:34.627, , , , , , ,NT AUTHORITY\\SYSTEM, , ,13,0x8000000000000000,{5770385f-c22a-43e0-bf4c-06f5698ffbd9},4,Microsoft-Windows-Sysmon/Operational,0,"""Registry value set:
RuleName: Suspicious,ImageBeginWithBackslash
EventType: SetValue
UtcTime: 2025-06-09 14:08:34.627
ProcessGuid: {154c2aaf-ea76-6846-6701-000000001800}
ProcessId: 4780
Image: \\?\C:\Windows\system32\wbem\WMIADAP.EXE
TargetObject: HKLM\SOFTWARE\Microsoft\Wbem\WDM\DREDGE\C:\Windows\System32\drivers\en-US\ACPI.sys.mui[ACPIMOFResource]
Details: LowDateTime:-1003608434,HighDateTime:30780689***Binary mof compiled successfully
User: NT AUTHORITY\SYSTEM""",2,2025-06-09T14:08:34.6288935Z,31593,5512,DESKTOP-O7P9I53,13,3292,INFORMATION,Microsoft-Windows-Sysmon,438,false,5,Sysmon - Event 13: RegistryEvent SetValue on HKLM\\SOFTWARE\\Microsoft\\Wbem\\WDM\\DREDGE\\C:\\Windows\\System32\\drivers\\en-US\\ACPI.sys.mui[ACPIMOFResource] by \\\\?\\C:\\Windows\\system32\\wbem\\WMIADAP.EXE,"[""windows"",""sysmon"",""sysmon_event_13""]",61615,windows_eventchannel,"{""win"":{""system"":{""providerName"":""Microsoft-Windows-Sysmon"",""providerGuid"":""{5770385f-c22a-43e0-bf4c-06f5698ffbd9}"",""eventID"":""13"",""version"":""2"",""level"":""4"",""task"":""13"",""opcode"":""0"",""keywords"":""0x8000000000000000"",""systemTime"":""2025-06-09T14:08:34.6288935Z"",""eventRecordID"":""31593"",""processID"":""3292"",""threadID"":""5512"",""channel"":""Microsoft-Windows-Sysmon/Operational"",""computer"":""DESKTOP-O7P9I53"",""severityValue"":""INFORMATION"",""message"":""\""Registry value set:\r\nRuleName: Suspicious,ImageBeginWithBackslash\r\nEventType: SetValue\r\nUtcTime: 2025-06-09 14:08:34.627\r\nProcessGuid: {154c2aaf-ea76-6846-6701-000000001800}\r\nProcessId: 4780\r\nImage: \\\\?\\C:\\Windows\\system32\\wbem\\WMIADAP.EXE\r\nTargetObject: HKLM\\SOFTWARE\\Microsoft\\Wbem\\WDM\\DREDGE\\C:\\Windows\\System32\\drivers\\en-US\\ACPI.sys.mui[ACPIMOFResource]\r\nDetails: LowDateTime:-1003608434,HighDateTime:30780689***Binary mof compiled successfully\r\nUser: NT AUTHORITY\\SYSTEM\""""},""eventdata"":{""ruleName"":""Suspicious,ImageBeginWithBackslash"",""eventType"":""SetValue"",""utcTime"":""2025-06-09 14:08:34.627"",""processGuid"":""{154c2aaf-ea76-6846-6701-000000001800}"",""processId"":""4780"",""image"":""\\\\\\\\?\\\\C:\\\\Windows\\\\system32\\\\wbem\\\\WMIADAP.EXE"",""targetObject"":""HKLM\\\\SOFTWARE\\\\Microsoft\\\\Wbem\\\\WDM\\\\DREDGE\\\\C:\\\\Windows\\\\System32\\\\drivers\\\\en-US\\\\ACPI.sys.mui[ACPIMOFResource]"",""details"":""LowDateTime:-1003608434,HighDateTime:30780689***Binary mof compiled successfully"",""user"":""NT AUTHORITY\\\\SYSTEM""}}}",log,"Jun 9, 2025 @ 19:38:35.998",EventChannel,1749478115.3435995,"Jun 9, 2025 @ 19:38:35.998", , , , , , , , , , , , , , , , , , , , , , , , , , , , , , , , , , , , , , , , , , , , , , , , , , , ,HKLM\\SOFTWARE\\Microsoft\\Wbem\\WDM\\DREDGE\\C:\\Windows\\System32\\drivers\\en-US\\ACPI.sys.mui[ACPIMOFResource],"Suspicious,ImageBeginWithBackslash","LowDateTime:-1003608434,HighDateTime:30780689***Binary mof compiled successfully",SetValue, , , , , , , , , , , , , , , , , , , , , , , , , , , , , , 
