wazuh-alerts-4.x-2025.06.09,h-ADVZcBD7y1GXNG2oXX,1,1,192.168.254.162,DESKTOP-O7P9I53,001,hat-VMware-Virtual-Platform,setup.exe,C:\\Program Files (x86)\\Microsoft\\EdgeUpdate\\Install\\{98BF926B-54C2-461A-9855-EA9671B54B57}\\EDGEMITMP_B97F5.tmp\\setup.exe,Microsoft Edge Installer,{154c2aaf-ea46-6846-4501-000000001800},Microsoft Edge Installer,{154c2aaf-e981-6846-e703-000000000000},"\""C:\\Program Files (x86)\\Microsoft\\EdgeUpdate\\Install\\{98BF926B-54C2-461A-9855-EA9671B54B57}\\EDGEMITMP_B97F5.tmp\\setup.exe\"" --install-archive=\""C:\\Program Files (x86)\\Microsoft\\EdgeUpdate\\Install\\{98BF926B-54C2-461A-9855-EA9671B54B57}\\MicrosoftEdge_X64_137.0.3296.68_137.0.3296.62.exe\"" --previous-version=\""137.0.3296.62\"" --msedge --verbose-logging --do-not-launch-msedge --system-level --channel=stable",{154c2aaf-ea46-6846-4601-000000001800},0x3e7,2588,4296,C:\\Program Files (x86)\\Microsoft\\EdgeUpdate\\1.3.195.61\\,2025-06-09 14:05:58.555,"MD5=F8B8278BD510843E63F2D9587341453F,SHA256=5FCA37C5BDC26814E4D16DDF14C6F6CBFED239751AA363158F504513B2A3E726,IMPHASH=FEAAA161935B3C215BB6530DC11DB019",C:\\Program Files (x86)\\Microsoft\\EdgeUpdate\\Install\\{98BF926B-54C2-461A-9855-EA9671B54B57}\\EDGEMITMP_B97F5.tmp\\setup.exe,Microsoft Corporation,"\""C:\\Program Files (x86)\\Microsoft\\EdgeUpdate\\Install\\{98BF926B-54C2-461A-9855-EA9671B54B57}\\EDGEMITMP_B97F5.tmp\\setup.exe\"" --type=crashpad-handler /prefetch:4 --monitor-self-annotation=ptype=crashpad-handler --database=C:\\Windows\\SystemTemp\\MsEdgeCrashpad --annotation=IsOfficialBuild=1 --annotation=channel= --annotation=chromium-version=137.0.7151.69 \""--annotation=exe=C:\\Program Files (x86)\\Microsoft\\EdgeUpdate\\Install\\{98BF926B-54C2-461A-9855-EA9671B54B57}\\EDGEMITMP_B97F5.tmp\\setup.exe\"" --annotation=plat=Win64 --annotation=prod=Edge --annotation=ver=137.0.3296.68 --initial-client-data=0x11c,0x120,0x118,0x264,0x114,0x7ff6441853f8,0x7ff644185404,0x7ff644185410",System,137.0.3296.68,NT AUTHORITY\\SYSTEM,0,NT AUTHORITY\\SYSTEM,1,0x8000000000000000,{5770385f-c22a-43e0-bf4c-06f5698ffbd9},4,Microsoft-Windows-Sysmon/Operational,0,"""Process Create:
RuleName: -
UtcTime: 2025-06-09 14:05:58.555
ProcessGuid: {154c2aaf-ea46-6846-4601-000000001800}
ProcessId: 4296
Image: C:\Program Files (x86)\Microsoft\EdgeUpdate\Install\{98BF926B-54C2-461A-9855-EA9671B54B57}\EDGEMITMP_B97F5.tmp\setup.exe
FileVersion: 137.0.3296.68
Description: Microsoft Edge Installer
Product: Microsoft Edge Installer
Company: Microsoft Corporation
OriginalFileName: setup.exe
CommandLine: ""C:\Program Files (x86)\Microsoft\EdgeUpdate\Install\{98BF926B-54C2-461A-9855-EA9671B54B57}\EDGEMITMP_B97F5.tmp\setup.exe"" --type=crashpad-handler /prefetch:4 --monitor-self-annotation=ptype=crashpad-handler --database=C:\Windows\SystemTemp\MsEdgeCrashpad --annotation=IsOfficialBuild=1 --annotation=channel= --annotation=chromium-version=137.0.7151.69 ""--annotation=exe=C:\Program Files (x86)\Microsoft\EdgeUpdate\Install\{98BF926B-54C2-461A-9855-EA9671B54B57}\EDGEMITMP_B97F5.tmp\setup.exe"" --annotation=plat=Win64 --annotation=prod=Edge --annotation=ver=137.0.3296.68 --initial-client-data=0x11c,0x120,0x118,0x264,0x114,0x7ff6441853f8,0x7ff644185404,0x7ff644185410
CurrentDirectory: C:\Program Files (x86)\Microsoft\EdgeUpdate\1.3.195.61\
User: NT AUTHORITY\SYSTEM
LogonGuid: {154c2aaf-e981-6846-e703-000000000000}
LogonId: 0x3E7
TerminalSessionId: 0
IntegrityLevel: System
Hashes: MD5=F8B8278BD510843E63F2D9587341453F,SHA256=5FCA37C5BDC26814E4D16DDF14C6F6CBFED239751AA363158F504513B2A3E726,IMPHASH=FEAAA161935B3C215BB6530DC11DB019
ParentProcessGuid: {154c2aaf-ea46-6846-4501-000000001800}
ParentProcessId: 2588
ParentImage: C:\Program Files (x86)\Microsoft\EdgeUpdate\Install\{98BF926B-54C2-461A-9855-EA9671B54B57}\EDGEMITMP_B97F5.tmp\setup.exe
ParentCommandLine: ""C:\Program Files (x86)\Microsoft\EdgeUpdate\Install\{98BF926B-54C2-461A-9855-EA9671B54B57}\EDGEMITMP_B97F5.tmp\setup.exe"" --install-archive=""C:\Program Files (x86)\Microsoft\EdgeUpdate\Install\{98BF926B-54C2-461A-9855-EA9671B54B57}\MicrosoftEdge_X64_137.0.3296.68_137.0.3296.62.exe"" --previous-version=""137.0.3296.62"" --msedge --verbose-logging --do-not-launch-msedge --system-level --channel=stable
ParentUser: NT AUTHORITY\SYSTEM""",5,2025-06-09T14:05:58.5939697Z,30746,5512,DESKTOP-O7P9I53,1,3292,INFORMATION,Microsoft-Windows-Sysmon,26,false,5,Sysmon - Event 1: Process creation Microsoft Edge Installer,"[""windows"",""sysmon"",""sysmon_event1""]",61603,windows_eventchannel,"{""win"":{""system"":{""providerName"":""Microsoft-Windows-Sysmon"",""providerGuid"":""{5770385f-c22a-43e0-bf4c-06f5698ffbd9}"",""eventID"":""1"",""version"":""5"",""level"":""4"",""task"":""1"",""opcode"":""0"",""keywords"":""0x8000000000000000"",""systemTime"":""2025-06-09T14:05:58.5939697Z"",""eventRecordID"":""30746"",""processID"":""3292"",""threadID"":""5512"",""channel"":""Microsoft-Windows-Sysmon/Operational"",""computer"":""DESKTOP-O7P9I53"",""severityValue"":""INFORMATION"",""message"":""\""Process Create:\r\nRuleName: -\r\nUtcTime: 2025-06-09 14:05:58.555\r\nProcessGuid: {154c2aaf-ea46-6846-4601-000000001800}\r\nProcessId: 4296\r\nImage: C:\\Program Files (x86)\\Microsoft\\EdgeUpdate\\Install\\{98BF926B-54C2-461A-9855-EA9671B54B57}\\EDGEMITMP_B97F5.tmp\\setup.exe\r\nFileVersion: 137.0.3296.68\r\nDescription: Microsoft Edge Installer\r\nProduct: Microsoft Edge Installer\r\nCompany: Microsoft Corporation\r\nOriginalFileName: setup.exe\r\nCommandLine: \""C:\\Program Files (x86)\\Microsoft\\EdgeUpdate\\Install\\{98BF926B-54C2-461A-9855-EA9671B54B57}\\EDGEMITMP_B97F5.tmp\\setup.exe\"" --type=crashpad-handler /prefetch:4 --monitor-self-annotation=ptype=crashpad-handler --database=C:\\Windows\\SystemTemp\\MsEdgeCrashpad --annotation=IsOfficialBuild=1 --annotation=channel= --annotation=chromium-version=137.0.7151.69 \""--annotation=exe=C:\\Program Files (x86)\\Microsoft\\EdgeUpdate\\Install\\{98BF926B-54C2-461A-9855-EA9671B54B57}\\EDGEMITMP_B97F5.tmp\\setup.exe\"" --annotation=plat=Win64 --annotation=prod=Edge --annotation=ver=137.0.3296.68 --initial-client-data=0x11c,0x120,0x118,0x264,0x114,0x7ff6441853f8,0x7ff644185404,0x7ff644185410\r\nCurrentDirectory: C:\\Program Files (x86)\\Microsoft\\EdgeUpdate\\1.3.195.61\\\r\nUser: NT AUTHORITY\\SYSTEM\r\nLogonGuid: {154c2aaf-e981-6846-e703-000000000000}\r\nLogonId: 0x3E7\r\nTerminalSessionId: 0\r\nIntegrityLevel: System\r\nHashes: MD5=F8B8278BD510843E63F2D9587341453F,SHA256=5FCA37C5BDC26814E4D16DDF14C6F6CBFED239751AA363158F504513B2A3E726,IMPHASH=FEAAA161935B3C215BB6530DC11DB019\r\nParentProcessGuid: {154c2aaf-ea46-6846-4501-000000001800}\r\nParentProcessId: 2588\r\nParentImage: C:\\Program Files (x86)\\Microsoft\\EdgeUpdate\\Install\\{98BF926B-54C2-461A-9855-EA9671B54B57}\\EDGEMITMP_B97F5.tmp\\setup.exe\r\nParentCommandLine: \""C:\\Program Files (x86)\\Microsoft\\EdgeUpdate\\Install\\{98BF926B-54C2-461A-9855-EA9671B54B57}\\EDGEMITMP_B97F5.tmp\\setup.exe\"" --install-archive=\""C:\\Program Files (x86)\\Microsoft\\EdgeUpdate\\Install\\{98BF926B-54C2-461A-9855-EA9671B54B57}\\MicrosoftEdge_X64_137.0.3296.68_137.0.3296.62.exe\"" --previous-version=\""137.0.3296.62\"" --msedge --verbose-logging --do-not-launch-msedge --system-level --channel=stable\r\nParentUser: NT AUTHORITY\\SYSTEM\""""},""eventdata"":{""utcTime"":""2025-06-09 14:05:58.555"",""processGuid"":""{154c2aaf-ea46-6846-4601-000000001800}"",""processId"":""4296"",""image"":""C:\\\\Program Files (x86)\\\\Microsoft\\\\EdgeUpdate\\\\Install\\\\{98BF926B-54C2-461A-9855-EA9671B54B57}\\\\EDGEMITMP_B97F5.tmp\\\\setup.exe"",""fileVersion"":""137.0.3296.68"",""description"":""Microsoft Edge Installer"",""product"":""Microsoft Edge Installer"",""company"":""Microsoft Corporation"",""originalFileName"":""setup.exe"",""commandLine"":""\\\""C:\\\\Program Files (x86)\\\\Microsoft\\\\EdgeUpdate\\\\Install\\\\{98BF926B-54C2-461A-9855-EA9671B54B57}\\\\EDGEMITMP_B97F5.tmp\\\\setup.exe\\\"" --type=crashpad-handler /prefetch:4 --monitor-self-annotation=ptype=crashpad-handler --database=C:\\\\Windows\\\\SystemTemp\\\\MsEdgeCrashpad --annotation=IsOfficialBuild=1 --annotation=channel= --annotation=chromium-version=137.0.7151.69 \\\""--annotation=exe=C:\\\\Program Files (x86)\\\\Microsoft\\\\EdgeUpdate\\\\Install\\\\{98BF926B-54C2-461A-9855-EA9671B54B57}\\\\EDGEMITMP_B97F5.tmp\\\\setup.exe\\\"" --annotation=plat=Win64 --annotation=prod=Edge --annotation=ver=137.0.3296.68 --initial-client-data=0x11c,0x120,0x118,0x264,0x114,0x7ff6441853f8,0x7ff644185404,0x7ff644185410"",""currentDirectory"":""C:\\\\Program Files (x86)\\\\Microsoft\\\\EdgeUpdate\\\\1.3.195.61\\\\"",""user"":""NT AUTHORITY\\\\SYSTEM"",""logonGuid"":""{154c2aaf-e981-6846-e703-000000000000}"",""logonId"":""0x3e7"",""terminalSessionId"":""0"",""integrityLevel"":""System"",""hashes"":""MD5=F8B8278BD510843E63F2D9587341453F,SHA256=5FCA37C5BDC26814E4D16DDF14C6F6CBFED239751AA363158F504513B2A3E726,IMPHASH=FEAAA161935B3C215BB6530DC11DB019"",""parentProcessGuid"":""{154c2aaf-ea46-6846-4501-000000001800}"",""parentProcessId"":""2588"",""parentImage"":""C:\\\\Program Files (x86)\\\\Microsoft\\\\EdgeUpdate\\\\Install\\\\{98BF926B-54C2-461A-9855-EA9671B54B57}\\\\EDGEMITMP_B97F5.tmp\\\\setup.exe"",""parentCommandLine"":""\\\""C:\\\\Program Files (x86)\\\\Microsoft\\\\EdgeUpdate\\\\Install\\\\{98BF926B-54C2-461A-9855-EA9671B54B57}\\\\EDGEMITMP_B97F5.tmp\\\\setup.exe\\\"" --install-archive=\\\""C:\\\\Program Files (x86)\\\\Microsoft\\\\EdgeUpdate\\\\Install\\\\{98BF926B-54C2-461A-9855-EA9671B54B57}\\\\MicrosoftEdge_X64_137.0.3296.68_137.0.3296.62.exe\\\"" --previous-version=\\\""137.0.3296.62\\\"" --msedge --verbose-logging --do-not-launch-msedge --system-level --channel=stable"",""parentUser"":""NT AUTHORITY\\\\SYSTEM""}}}",log,"Jun 9, 2025 @ 19:35:59.039",EventChannel,1749477959.1171103,"Jun 9, 2025 @ 19:35:59.039", , , , , , , , , , , , , , , , , , , , , , , , , , , , , , , , , , , , , , , , , , , , , , , , , , , , , , , , , , , , , , , , , , , , , , , , , , , , , , , , , , , , , 
wazuh-alerts-4.x-2025.06.09,i-ADVZcBD7y1GXNG24VH,1,1,192.168.254.162,DESKTOP-O7P9I53,001,hat-VMware-Virtual-Platform, ,C:\\Windows\\System32\\svchost.exe, , , , , ,{154c2aaf-e984-6846-4400-000000001800}, , ,3044, ,2025-06-09 14:05:58.950, , , , , , ,NT AUTHORITY\\SYSTEM, , ,13,0x8000000000000000,{5770385f-c22a-43e0-bf4c-06f5698ffbd9},4,Microsoft-Windows-Sysmon/Operational,0,"""Registry value set:
RuleName: InvDB-Ver
EventType: SetValue
UtcTime: 2025-06-09 14:05:58.950
ProcessGuid: {154c2aaf-e984-6846-4400-000000001800}
ProcessId: 3044
Image: C:\Windows\System32\svchost.exe
TargetObject: \REGISTRY\A\{4fc400b6-a755-4f91-a203-75735e25b097}\Root\InventoryApplicationFile\microsoftedge_x6|d66ff9a7fe71b57b\BinProductVersion
Details: 137.0.3296.68
User: NT AUTHORITY\SYSTEM""",2,2025-06-09T14:05:58.9560923Z,30750,5512,DESKTOP-O7P9I53,13,3292,INFORMATION,Microsoft-Windows-Sysmon,4,false,5,Sysmon - Event 13: RegistryEvent SetValue on \\REGISTRY\\A\\{4fc400b6-a755-4f91-a203-75735e25b097}\\Root\\InventoryApplicationFile\\microsoftedge_x6|d66ff9a7fe71b57b\\BinProductVersion by C:\\Windows\\System32\\svchost.exe,"[""windows"",""sysmon"",""sysmon_event_13""]",61615,windows_eventchannel,"{""win"":{""system"":{""providerName"":""Microsoft-Windows-Sysmon"",""providerGuid"":""{5770385f-c22a-43e0-bf4c-06f5698ffbd9}"",""eventID"":""13"",""version"":""2"",""level"":""4"",""task"":""13"",""opcode"":""0"",""keywords"":""0x8000000000000000"",""systemTime"":""2025-06-09T14:05:58.9560923Z"",""eventRecordID"":""30750"",""processID"":""3292"",""threadID"":""5512"",""channel"":""Microsoft-Windows-Sysmon/Operational"",""computer"":""DESKTOP-O7P9I53"",""severityValue"":""INFORMATION"",""message"":""\""Registry value set:\r\nRuleName: InvDB-Ver\r\nEventType: SetValue\r\nUtcTime: 2025-06-09 14:05:58.950\r\nProcessGuid: {154c2aaf-e984-6846-4400-000000001800}\r\nProcessId: 3044\r\nImage: C:\\Windows\\System32\\svchost.exe\r\nTargetObject: \\REGISTRY\\A\\{4fc400b6-a755-4f91-a203-75735e25b097}\\Root\\InventoryApplicationFile\\microsoftedge_x6|d66ff9a7fe71b57b\\BinProductVersion\r\nDetails: 137.0.3296.68\r\nUser: NT AUTHORITY\\SYSTEM\""""},""eventdata"":{""ruleName"":""InvDB-Ver"",""eventType"":""SetValue"",""utcTime"":""2025-06-09 14:05:58.950"",""processGuid"":""{154c2aaf-e984-6846-4400-000000001800}"",""processId"":""3044"",""image"":""C:\\\\Windows\\\\System32\\\\svchost.exe"",""targetObject"":""\\\\REGISTRY\\\\A\\\\{4fc400b6-a755-4f91-a203-75735e25b097}\\\\Root\\\\InventoryApplicationFile\\\\microsoftedge_x6|d66ff9a7fe71b57b\\\\BinProductVersion"",""details"":""137.0.3296.68"",""user"":""NT AUTHORITY\\\\SYSTEM""}}}",log,"Jun 9, 2025 @ 19:36:00.304",EventChannel,1749477960.1191622,"Jun 9, 2025 @ 19:36:00.304", , , , , , , , , , , , , , , , , , , , , , , , , , , , , , , , , , , , , , , , , , , , , , , , , , , ,\\REGISTRY\\A\\{4fc400b6-a755-4f91-a203-75735e25b097}\\Root\\InventoryApplicationFile\\microsoftedge_x6|d66ff9a7fe71b57b\\BinProductVersion,InvDB-Ver,137.0.3296.68,SetValue, , , , , , , , , , , , , , , , , , , , , , , , , , , , , , 
wazuh-alerts-4.x-2025.06.09,jeADVZcBD7y1GXNG24VH,1,1,192.168.254.162,DESKTOP-O7P9I53,001,hat-VMware-Virtual-Platform, ,C:\\Windows\\System32\\svchost.exe, , , , , ,{154c2aaf-e984-6846-4400-000000001800}, , ,3044, ,2025-06-09 14:05:58.982, , , , , , ,NT AUTHORITY\\SYSTEM, , ,13,0x8000000000000000,{5770385f-c22a-43e0-bf4c-06f5698ffbd9},4,Microsoft-Windows-Sysmon/Operational,0,"""Registry value set:
RuleName: InvDB-Pub
EventType: SetValue
UtcTime: 2025-06-09 14:05:58.982
ProcessGuid: {154c2aaf-e984-6846-4400-000000001800}
ProcessId: 3044
Image: C:\Windows\System32\svchost.exe
TargetObject: \REGISTRY\A\{4fc400b6-a755-4f91-a203-75735e25b097}\Root\InventoryApplicationFile\setup.exe|2eb7a05ca2aa4c6\Publisher
Details: microsoft corporation
User: NT AUTHORITY\SYSTEM""",2,2025-06-09T14:05:58.9898713Z,30752,5512,DESKTOP-O7P9I53,13,3292,INFORMATION,Microsoft-Windows-Sysmon,6,false,5,Sysmon - Event 13: RegistryEvent SetValue on \\REGISTRY\\A\\{4fc400b6-a755-4f91-a203-75735e25b097}\\Root\\InventoryApplicationFile\\setup.exe|2eb7a05ca2aa4c6\\Publisher by C:\\Windows\\System32\\svchost.exe,"[""windows"",""sysmon"",""sysmon_event_13""]",61615,windows_eventchannel,"{""win"":{""system"":{""providerName"":""Microsoft-Windows-Sysmon"",""providerGuid"":""{5770385f-c22a-43e0-bf4c-06f5698ffbd9}"",""eventID"":""13"",""version"":""2"",""level"":""4"",""task"":""13"",""opcode"":""0"",""keywords"":""0x8000000000000000"",""systemTime"":""2025-06-09T14:05:58.9898713Z"",""eventRecordID"":""30752"",""processID"":""3292"",""threadID"":""5512"",""channel"":""Microsoft-Windows-Sysmon/Operational"",""computer"":""DESKTOP-O7P9I53"",""severityValue"":""INFORMATION"",""message"":""\""Registry value set:\r\nRuleName: InvDB-Pub\r\nEventType: SetValue\r\nUtcTime: 2025-06-09 14:05:58.982\r\nProcessGuid: {154c2aaf-e984-6846-4400-000000001800}\r\nProcessId: 3044\r\nImage: C:\\Windows\\System32\\svchost.exe\r\nTargetObject: \\REGISTRY\\A\\{4fc400b6-a755-4f91-a203-75735e25b097}\\Root\\InventoryApplicationFile\\setup.exe|2eb7a05ca2aa4c6\\Publisher\r\nDetails: microsoft corporation\r\nUser: NT AUTHORITY\\SYSTEM\""""},""eventdata"":{""ruleName"":""InvDB-Pub"",""eventType"":""SetValue"",""utcTime"":""2025-06-09 14:05:58.982"",""processGuid"":""{154c2aaf-e984-6846-4400-000000001800}"",""processId"":""3044"",""image"":""C:\\\\Windows\\\\System32\\\\svchost.exe"",""targetObject"":""\\\\REGISTRY\\\\A\\\\{4fc400b6-a755-4f91-a203-75735e25b097}\\\\Root\\\\InventoryApplicationFile\\\\setup.exe|2eb7a05ca2aa4c6\\\\Publisher"",""details"":""microsoft corporation"",""user"":""NT AUTHORITY\\\\SYSTEM""}}}",log,"Jun 9, 2025 @ 19:36:00.335",EventChannel,1749477960.1198389,"Jun 9, 2025 @ 19:36:00.335", , , , , , , , , , , , , , , , , , , , , , , , , , , , , , , , , , , , , , , , , , , , , , , , , , , ,\\REGISTRY\\A\\{4fc400b6-a755-4f91-a203-75735e25b097}\\Root\\InventoryApplicationFile\\setup.exe|2eb7a05ca2aa4c6\\Publisher,InvDB-Pub,microsoft corporation,SetValue, , , , , , , , , , , , , , , , , , , , , , , , , , , , , , 
wazuh-alerts-4.x-2025.06.09,juADVZcBD7y1GXNG24VH,1,1,192.168.254.162,DESKTOP-O7P9I53,001,hat-VMware-Virtual-Platform, ,C:\\Windows\\System32\\svchost.exe, , , , , ,{154c2aaf-e984-6846-4400-000000001800}, , ,3044, ,2025-06-09 14:05:58.982, , , , , , ,NT AUTHORITY\\SYSTEM, , ,13,0x8000000000000000,{5770385f-c22a-43e0-bf4c-06f5698ffbd9},4,Microsoft-Windows-Sysmon/Operational,0,"""Registry value set:
RuleName: InvDB-CompileTimeClaim
EventType: SetValue
UtcTime: 2025-06-09 14:05:58.982
ProcessGuid: {154c2aaf-e984-6846-4400-000000001800}
ProcessId: 3044
Image: C:\Windows\System32\svchost.exe
TargetObject: \REGISTRY\A\{4fc400b6-a755-4f91-a203-75735e25b097}\Root\InventoryApplicationFile\setup.exe|2eb7a05ca2aa4c6\LinkDate
Details: 06/06/2025 03:20:38
User: NT AUTHORITY\SYSTEM""",2,2025-06-09T14:05:58.9901248Z,30753,5512,DESKTOP-O7P9I53,13,3292,INFORMATION,Microsoft-Windows-Sysmon,7,false,5,Sysmon - Event 13: RegistryEvent SetValue on \\REGISTRY\\A\\{4fc400b6-a755-4f91-a203-75735e25b097}\\Root\\InventoryApplicationFile\\setup.exe|2eb7a05ca2aa4c6\\LinkDate by C:\\Windows\\System32\\svchost.exe,"[""windows"",""sysmon"",""sysmon_event_13""]",61615,windows_eventchannel,"{""win"":{""system"":{""providerName"":""Microsoft-Windows-Sysmon"",""providerGuid"":""{5770385f-c22a-43e0-bf4c-06f5698ffbd9}"",""eventID"":""13"",""version"":""2"",""level"":""4"",""task"":""13"",""opcode"":""0"",""keywords"":""0x8000000000000000"",""systemTime"":""2025-06-09T14:05:58.9901248Z"",""eventRecordID"":""30753"",""processID"":""3292"",""threadID"":""5512"",""channel"":""Microsoft-Windows-Sysmon/Operational"",""computer"":""DESKTOP-O7P9I53"",""severityValue"":""INFORMATION"",""message"":""\""Registry value set:\r\nRuleName: InvDB-CompileTimeClaim\r\nEventType: SetValue\r\nUtcTime: 2025-06-09 14:05:58.982\r\nProcessGuid: {154c2aaf-e984-6846-4400-000000001800}\r\nProcessId: 3044\r\nImage: C:\\Windows\\System32\\svchost.exe\r\nTargetObject: \\REGISTRY\\A\\{4fc400b6-a755-4f91-a203-75735e25b097}\\Root\\InventoryApplicationFile\\setup.exe|2eb7a05ca2aa4c6\\LinkDate\r\nDetails: 06/06/2025 03:20:38\r\nUser: NT AUTHORITY\\SYSTEM\""""},""eventdata"":{""ruleName"":""InvDB-CompileTimeClaim"",""eventType"":""SetValue"",""utcTime"":""2025-06-09 14:05:58.982"",""processGuid"":""{154c2aaf-e984-6846-4400-000000001800}"",""processId"":""3044"",""image"":""C:\\\\Windows\\\\System32\\\\svchost.exe"",""targetObject"":""\\\\REGISTRY\\\\A\\\\{4fc400b6-a755-4f91-a203-75735e25b097}\\\\Root\\\\InventoryApplicationFile\\\\setup.exe|2eb7a05ca2aa4c6\\\\LinkDate"",""details"":""06/06/2025 03:20:38"",""user"":""NT AUTHORITY\\\\SYSTEM""}}}",log,"Jun 9, 2025 @ 19:36:00.351",EventChannel,1749477960.1201511,"Jun 9, 2025 @ 19:36:00.351", , , , , , , , , , , , , , , , , , , , , , , , , , , , , , , , , , , , , , , , , , , , , , , , , , , ,\\REGISTRY\\A\\{4fc400b6-a755-4f91-a203-75735e25b097}\\Root\\InventoryApplicationFile\\setup.exe|2eb7a05ca2aa4c6\\LinkDate,InvDB-CompileTimeClaim,06/06/2025 03:20:38,SetValue, , , , , , , , , , , , , , , , , , , , , , , , , , , , , , 
wazuh-alerts-4.x-2025.06.09,kOADVZcBD7y1GXNG24VH,1,1, ,hat-VMware-Virtual-Platform,000,hat-VMware-Virtual-Platform, , , , , , , , , , , , , , , , , , , , , , , , , , , , , , , , , , , , , , ,2,false,3,PAM: Login session closed.,"[""pam"",""syslog""]",5502,pam,Jun 09 14:06:10 hat-VMware-Virtual-Platform sudo[7803]: pam_unix(sudo:session): session closed for user root,log,"Jun 9, 2025 @ 19:36:10.899",journald,1749477970.1207802,"Jun 9, 2025 @ 19:36:10.899", , , , , , , , , , , , , , , , , , , , , , ,"[""10.2.5""]","[""164.312.b""]","[""CC6.8"",""CC7.2"",""CC7.3""]","[""AU.14"",""AC.7""]","[""IV_32.2""]","[""7.8"",""7.9""]", , , , , , , , , , ,hat-VMware-Virtual-Platform,sudo,Jun 09 14:06:10, ,root, , , ,pam, , , , , , , , , , , , , , , , , , , , , , , , , , , , , , , , , , , , , , 
wazuh-alerts-4.x-2025.06.09,keADVZcBD7y1GXNG24VH,1,1, ,hat-VMware-Virtual-Platform,000,hat-VMware-Virtual-Platform, , , , , , , , , , , , , , , , , , , , , , , , , , , , , , , , , , , , , , ,2,false,3,PAM: Login session opened.,"[""pam"",""syslog"",""authentication_success""]",5501,pam,Jun 09 14:06:12 hat-VMware-Virtual-Platform pkexec[8380]: pam_unix(polkit-1:session): session opened for user root(uid=0) by hat(uid=1000),log,"Jun 9, 2025 @ 19:36:12.900",journald,1749477972.1208207,"Jun 9, 2025 @ 19:36:12.900", , ,"[""Valid Accounts""]","[""T1078""]","[""Defense Evasion"",""Persistence"",""Privilege Escalation"",""Initial Access""]", , , , , , , , , , , , , , , , , ,"[""10.2.5""]","[""164.312.b""]","[""CC6.8"",""CC7.2"",""CC7.3""]","[""AU.14"",""AC.7""]","[""IV_32.2""]","[""7.8"",""7.9""]", , , , , , , , , , ,hat-VMware-Virtual-Platform,pkexec,Jun 09 14:06:12,hat,root(uid=0), , , ,pam, , , , , , , , ,1000, , , , , , , , , , , , , , , , , , , , , , , , , , , , , 
wazuh-alerts-4.x-2025.06.09,kuADVZcBD7y1GXNG24VH,1,1, ,hat-VMware-Virtual-Platform,000,hat-VMware-Virtual-Platform, , , , , , , , , , , , , , , , , , , , , , , , , , , , , , , , , , , , , , ,2,false,3,Successful sudo to ROOT executed.,"[""syslog"",""sudo""]",5402,sudo,Jun 09 14:06:18 hat-VMware-Virtual-Platform sudo[8473]:      hat : TTY=pts/0 ; PWD=/home/hat/Desktop ; USER=root ; COMMAND=/usr/bin/systemctl restart wazuh-dashboard.service,log,"Jun 9, 2025 @ 19:36:18.912",journald,1749477978.1208682,"Jun 9, 2025 @ 19:36:18.912", , ,"[""Sudo and Sudo Caching""]","[""T1548.003""]","[""Privilege Escalation"",""Defense Evasion""]", , , , , , , , , , , , , , , , , ,"[""10.2.5"",""10.2.2""]","[""164.312.b""]","[""CC6.8"",""CC7.2"",""CC7.3""]","[""AU.14"",""AC.7"",""AC.6""]","[""IV_32.2""]","[""7.6"",""7.8"",""7.13""]", , , , , , , , , , ,hat-VMware-Virtual-Platform,sudo,Jun 09 14:06:18,hat,root,pts/0,/home/hat/Desktop,/usr/bin/systemctl restart wazuh-dashboard.service,sudo,First time user executed the sudo command, , , , , , , , , , , , , , , , , , , , , , , , , , , , , , , , , , , , , 
wazuh-alerts-4.x-2025.06.09,k-ADVZcBD7y1GXNG24VH,1,1, ,hat-VMware-Virtual-Platform,000,hat-VMware-Virtual-Platform, , , , , , , , , , , , , , , , , , , , , , , , , , , , , , , , , , , , , , ,3,false,3,PAM: Login session opened.,"[""pam"",""syslog"",""authentication_success""]",5501,pam,Jun 09 14:06:18 hat-VMware-Virtual-Platform sudo[8473]: pam_unix(sudo:session): session opened for user root(uid=0) by hat(uid=1000),log,"Jun 9, 2025 @ 19:36:18.913",journald,1749477978.1209297,"Jun 9, 2025 @ 19:36:18.913", , ,"[""Valid Accounts""]","[""T1078""]","[""Defense Evasion"",""Persistence"",""Privilege Escalation"",""Initial Access""]", , , , , , , , , , , , , , , , , ,"[""10.2.5""]","[""164.312.b""]","[""CC6.8"",""CC7.2"",""CC7.3""]","[""AU.14"",""AC.7""]","[""IV_32.2""]","[""7.8"",""7.9""]", , , , , , , , , , ,hat-VMware-Virtual-Platform,sudo,Jun 09 14:06:18,hat,root(uid=0), , , ,pam, , , , , , , , ,1000, , , , , , , , , , , , , , , , , , , , , , , , , , , , , 
wazuh-alerts-4.x-2025.06.09,leADVZcBD7y1GXNG24VH,1,1,192.168.254.162,DESKTOP-O7P9I53,001,hat-VMware-Virtual-Platform, ,C:\\Windows\\system32\\CompatTelRunner.exe, , , , , ,{154c2aaf-ea3a-6846-4001-000000001800}, , ,936, ,2025-06-09 14:06:20.750, , , , , , ,NT AUTHORITY\\SYSTEM, , ,13,0x8000000000000000,{5770385f-c22a-43e0-bf4c-06f5698ffbd9},4,Microsoft-Windows-Sysmon/Operational,0,"""Registry value set:
RuleName: InvDB-Path
EventType: SetValue
UtcTime: 2025-06-09 14:06:20.750
ProcessGuid: {154c2aaf-ea3a-6846-4001-000000001800}
ProcessId: 936
Image: C:\Windows\system32\CompatTelRunner.exe
TargetObject: \REGISTRY\A\{4fc400b6-a755-4f91-a203-75735e25b097}\Root\InventoryApplicationFile\storeexperienceh|874dabede004e816\LowerCaseLongPath
Details: c:\program files\windowsapps\microsoft.storepurchaseapp_22504.1401.4.0_x64__8wekyb3d8bbwe\storeexperiencehost.exe
User: NT AUTHORITY\SYSTEM""",2,2025-06-09T14:06:20.7591428Z,30756,5512,DESKTOP-O7P9I53,13,3292,INFORMATION,Microsoft-Windows-Sysmon,9,false,5,Sysmon - Event 13: RegistryEvent SetValue on \\REGISTRY\\A\\{4fc400b6-a755-4f91-a203-75735e25b097}\\Root\\InventoryApplicationFile\\storeexperienceh|874dabede004e816\\LowerCaseLongPath by C:\\Windows\\system32\\CompatTelRunner.exe,"[""windows"",""sysmon"",""sysmon_event_13""]",61615,windows_eventchannel,"{""win"":{""system"":{""providerName"":""Microsoft-Windows-Sysmon"",""providerGuid"":""{5770385f-c22a-43e0-bf4c-06f5698ffbd9}"",""eventID"":""13"",""version"":""2"",""level"":""4"",""task"":""13"",""opcode"":""0"",""keywords"":""0x8000000000000000"",""systemTime"":""2025-06-09T14:06:20.7591428Z"",""eventRecordID"":""30756"",""processID"":""3292"",""threadID"":""5512"",""channel"":""Microsoft-Windows-Sysmon/Operational"",""computer"":""DESKTOP-O7P9I53"",""severityValue"":""INFORMATION"",""message"":""\""Registry value set:\r\nRuleName: InvDB-Path\r\nEventType: SetValue\r\nUtcTime: 2025-06-09 14:06:20.750\r\nProcessGuid: {154c2aaf-ea3a-6846-4001-000000001800}\r\nProcessId: 936\r\nImage: C:\\Windows\\system32\\CompatTelRunner.exe\r\nTargetObject: \\REGISTRY\\A\\{4fc400b6-a755-4f91-a203-75735e25b097}\\Root\\InventoryApplicationFile\\storeexperienceh|874dabede004e816\\LowerCaseLongPath\r\nDetails: c:\\program files\\windowsapps\\microsoft.storepurchaseapp_22504.1401.4.0_x64__8wekyb3d8bbwe\\storeexperiencehost.exe\r\nUser: NT AUTHORITY\\SYSTEM\""""},""eventdata"":{""ruleName"":""InvDB-Path"",""eventType"":""SetValue"",""utcTime"":""2025-06-09 14:06:20.750"",""processGuid"":""{154c2aaf-ea3a-6846-4001-000000001800}"",""processId"":""936"",""image"":""C:\\\\Windows\\\\system32\\\\CompatTelRunner.exe"",""targetObject"":""\\\\REGISTRY\\\\A\\\\{4fc400b6-a755-4f91-a203-75735e25b097}\\\\Root\\\\InventoryApplicationFile\\\\storeexperienceh|874dabede004e816\\\\LowerCaseLongPath"",""details"":""c:\\\\program files\\\\windowsapps\\\\microsoft.storepurchaseapp_22504.1401.4.0_x64__8wekyb3d8bbwe\\\\storeexperiencehost.exe"",""user"":""NT AUTHORITY\\\\SYSTEM""}}}",log,"Jun 9, 2025 @ 19:36:22.074",EventChannel,1749477982.1210171,"Jun 9, 2025 @ 19:36:22.074", , , , , , , , , , , , , , , , , , , , , , , , , , , , , , , , , , , , , , , , , , , , , , , , , , , ,\\REGISTRY\\A\\{4fc400b6-a755-4f91-a203-75735e25b097}\\Root\\InventoryApplicationFile\\storeexperienceh|874dabede004e816\\LowerCaseLongPath,InvDB-Path,c:\\program files\\windowsapps\\microsoft.storepurchaseapp_22504.1401.4.0_x64__8wekyb3d8bbwe\\storeexperiencehost.exe,SetValue, , , , , , , , , , , , , , , , , , , , , , , , , , , , , , 
wazuh-alerts-4.x-2025.06.09,luADVZcBD7y1GXNG24VH,1,1,192.168.254.162,DESKTOP-O7P9I53,001,hat-VMware-Virtual-Platform, ,C:\\Windows\\system32\\CompatTelRunner.exe, , , , , ,{154c2aaf-ea3a-6846-4001-000000001800}, , ,936, ,2025-06-09 14:06:20.750, , , , , , ,NT AUTHORITY\\SYSTEM, , ,13,0x8000000000000000,{5770385f-c22a-43e0-bf4c-06f5698ffbd9},4,Microsoft-Windows-Sysmon/Operational,0,"""Registry value set:
RuleName: InvDB-Pub
EventType: SetValue
UtcTime: 2025-06-09 14:06:20.750
ProcessGuid: {154c2aaf-ea3a-6846-4001-000000001800}
ProcessId: 936
Image: C:\Windows\system32\CompatTelRunner.exe
TargetObject: \REGISTRY\A\{4fc400b6-a755-4f91-a203-75735e25b097}\Root\InventoryApplication\00001abab5018186de73982ac6d655b71b3200000940\Publisher
Details: CN=Microsoft Corporation, O=Microsoft Corporation, L=Redmond, S=Washington, C=US
User: NT AUTHORITY\SYSTEM""",2,2025-06-09T14:06:20.7549554Z,30755,5512,DESKTOP-O7P9I53,13,3292,INFORMATION,Microsoft-Windows-Sysmon,10,false,5,Sysmon - Event 13: RegistryEvent SetValue on \\REGISTRY\\A\\{4fc400b6-a755-4f91-a203-75735e25b097}\\Root\\InventoryApplication\\00001abab5018186de73982ac6d655b71b3200000940\\Publisher by C:\\Windows\\system32\\CompatTelRunner.exe,"[""windows"",""sysmon"",""sysmon_event_13""]",61615,windows_eventchannel,"{""win"":{""system"":{""providerName"":""Microsoft-Windows-Sysmon"",""providerGuid"":""{5770385f-c22a-43e0-bf4c-06f5698ffbd9}"",""eventID"":""13"",""version"":""2"",""level"":""4"",""task"":""13"",""opcode"":""0"",""keywords"":""0x8000000000000000"",""systemTime"":""2025-06-09T14:06:20.7549554Z"",""eventRecordID"":""30755"",""processID"":""3292"",""threadID"":""5512"",""channel"":""Microsoft-Windows-Sysmon/Operational"",""computer"":""DESKTOP-O7P9I53"",""severityValue"":""INFORMATION"",""message"":""\""Registry value set:\r\nRuleName: InvDB-Pub\r\nEventType: SetValue\r\nUtcTime: 2025-06-09 14:06:20.750\r\nProcessGuid: {154c2aaf-ea3a-6846-4001-000000001800}\r\nProcessId: 936\r\nImage: C:\\Windows\\system32\\CompatTelRunner.exe\r\nTargetObject: \\REGISTRY\\A\\{4fc400b6-a755-4f91-a203-75735e25b097}\\Root\\InventoryApplication\\00001abab5018186de73982ac6d655b71b3200000940\\Publisher\r\nDetails: CN=Microsoft Corporation, O=Microsoft Corporation, L=Redmond, S=Washington, C=US\r\nUser: NT AUTHORITY\\SYSTEM\""""},""eventdata"":{""ruleName"":""InvDB-Pub"",""eventType"":""SetValue"",""utcTime"":""2025-06-09 14:06:20.750"",""processGuid"":""{154c2aaf-ea3a-6846-4001-000000001800}"",""processId"":""936"",""image"":""C:\\\\Windows\\\\system32\\\\CompatTelRunner.exe"",""targetObject"":""\\\\REGISTRY\\\\A\\\\{4fc400b6-a755-4f91-a203-75735e25b097}\\\\Root\\\\InventoryApplication\\\\00001abab5018186de73982ac6d655b71b3200000940\\\\Publisher"",""details"":""CN=Microsoft Corporation, O=Microsoft Corporation, L=Redmond, S=Washington, C=US"",""user"":""NT AUTHORITY\\\\SYSTEM""}}}",log,"Jun 9, 2025 @ 19:36:22.075",EventChannel,1749477982.1213801,"Jun 9, 2025 @ 19:36:22.075", , , , , , , , , , , , , , , , , , , , , , , , , , , , , , , , , , , , , , , , , , , , , , , , , , , ,\\REGISTRY\\A\\{4fc400b6-a755-4f91-a203-75735e25b097}\\Root\\InventoryApplication\\00001abab5018186de73982ac6d655b71b3200000940\\Publisher,InvDB-Pub,"CN=Microsoft Corporation, O=Microsoft Corporation, L=Redmond, S=Washington, C=US",SetValue, , , , , , , , , , , , , , , , , , , , , , , , , , , , , , 
wazuh-alerts-4.x-2025.06.09,meADVZcBD7y1GXNG24VH,1,1,192.168.254.162,DESKTOP-O7P9I53,001,hat-VMware-Virtual-Platform, ,C:\\Windows\\system32\\CompatTelRunner.exe, , , , , ,{154c2aaf-ea3a-6846-4001-000000001800}, , ,936, ,2025-06-09 14:06:20.750, , , , , , ,NT AUTHORITY\\SYSTEM, , ,13,0x8000000000000000,{5770385f-c22a-43e0-bf4c-06f5698ffbd9},4,Microsoft-Windows-Sysmon/Operational,0,"""Registry value set:
RuleName: InvDB-Ver
EventType: SetValue
UtcTime: 2025-06-09 14:06:20.750
ProcessGuid: {154c2aaf-ea3a-6846-4001-000000001800}
ProcessId: 936
Image: C:\Windows\system32\CompatTelRunner.exe
TargetObject: \REGISTRY\A\{4fc400b6-a755-4f91-a203-75735e25b097}\Root\InventoryApplicationFile\storeexperienceh|874dabede004e816\BinProductVersion
Details: 0.0.0.0
User: NT AUTHORITY\SYSTEM""",2,2025-06-09T14:06:20.7602158Z,30759,5512,DESKTOP-O7P9I53,13,3292,INFORMATION,Microsoft-Windows-Sysmon,13,false,5,Sysmon - Event 13: RegistryEvent SetValue on \\REGISTRY\\A\\{4fc400b6-a755-4f91-a203-75735e25b097}\\Root\\InventoryApplicationFile\\storeexperienceh|874dabede004e816\\BinProductVersion by C:\\Windows\\system32\\CompatTelRunner.exe,"[""windows"",""sysmon"",""sysmon_event_13""]",61615,windows_eventchannel,"{""win"":{""system"":{""providerName"":""Microsoft-Windows-Sysmon"",""providerGuid"":""{5770385f-c22a-43e0-bf4c-06f5698ffbd9}"",""eventID"":""13"",""version"":""2"",""level"":""4"",""task"":""13"",""opcode"":""0"",""keywords"":""0x8000000000000000"",""systemTime"":""2025-06-09T14:06:20.7602158Z"",""eventRecordID"":""30759"",""processID"":""3292"",""threadID"":""5512"",""channel"":""Microsoft-Windows-Sysmon/Operational"",""computer"":""DESKTOP-O7P9I53"",""severityValue"":""INFORMATION"",""message"":""\""Registry value set:\r\nRuleName: InvDB-Ver\r\nEventType: SetValue\r\nUtcTime: 2025-06-09 14:06:20.750\r\nProcessGuid: {154c2aaf-ea3a-6846-4001-000000001800}\r\nProcessId: 936\r\nImage: C:\\Windows\\system32\\CompatTelRunner.exe\r\nTargetObject: \\REGISTRY\\A\\{4fc400b6-a755-4f91-a203-75735e25b097}\\Root\\InventoryApplicationFile\\storeexperienceh|874dabede004e816\\BinProductVersion\r\nDetails: 0.0.0.0\r\nUser: NT AUTHORITY\\SYSTEM\""""},""eventdata"":{""ruleName"":""InvDB-Ver"",""eventType"":""SetValue"",""utcTime"":""2025-06-09 14:06:20.750"",""processGuid"":""{154c2aaf-ea3a-6846-4001-000000001800}"",""processId"":""936"",""image"":""C:\\\\Windows\\\\system32\\\\CompatTelRunner.exe"",""targetObject"":""\\\\REGISTRY\\\\A\\\\{4fc400b6-a755-4f91-a203-75735e25b097}\\\\Root\\\\InventoryApplicationFile\\\\storeexperienceh|874dabede004e816\\\\BinProductVersion"",""details"":""0.0.0.0"",""user"":""NT AUTHORITY\\\\SYSTEM""}}}",log,"Jun 9, 2025 @ 19:36:22.119",EventChannel,1749477982.1223649,"Jun 9, 2025 @ 19:36:22.119", , , , , , , , , , , , , , , , , , , , , , , , , , , , , , , , , , , , , , , , , , , , , , , , , , , ,\\REGISTRY\\A\\{4fc400b6-a755-4f91-a203-75735e25b097}\\Root\\InventoryApplicationFile\\storeexperienceh|874dabede004e816\\BinProductVersion,InvDB-Ver,0.0.0.0,SetValue, , , , , , , , , , , , , , , , , , , , , , , , , , , , , , 
wazuh-alerts-4.x-2025.06.09,muADVZcBD7y1GXNG24VH,1,1,192.168.254.162,DESKTOP-O7P9I53,001,hat-VMware-Virtual-Platform, ,C:\\Windows\\system32\\CompatTelRunner.exe, , , , , ,{154c2aaf-ea3a-6846-4001-000000001800}, , ,936, ,2025-06-09 14:06:21.516, , , , , , ,NT AUTHORITY\\SYSTEM, , ,13,0x8000000000000000,{5770385f-c22a-43e0-bf4c-06f5698ffbd9},4,Microsoft-Windows-Sysmon/Operational,0,"""Registry value set:
RuleName: InvDB-Pub
EventType: SetValue
UtcTime: 2025-06-09 14:06:21.516
ProcessGuid: {154c2aaf-ea3a-6846-4001-000000001800}
ProcessId: 936
Image: C:\Windows\system32\CompatTelRunner.exe
TargetObject: \REGISTRY\A\{4fc400b6-a755-4f91-a203-75735e25b097}\Root\InventoryApplication\0000e9e436ed91cb978c24d22c48f47c76dc00000940\Publisher
Details: CN=Microsoft Corporation, O=Microsoft Corporation, L=Redmond, S=Washington, C=US
User: NT AUTHORITY\SYSTEM""",2,2025-06-09T14:06:21.5196809Z,30760,5512,DESKTOP-O7P9I53,13,3292,INFORMATION,Microsoft-Windows-Sysmon,14,false,5,Sysmon - Event 13: RegistryEvent SetValue on \\REGISTRY\\A\\{4fc400b6-a755-4f91-a203-75735e25b097}\\Root\\InventoryApplication\\0000e9e436ed91cb978c24d22c48f47c76dc00000940\\Publisher by C:\\Windows\\system32\\CompatTelRunner.exe,"[""windows"",""sysmon"",""sysmon_event_13""]",61615,windows_eventchannel,"{""win"":{""system"":{""providerName"":""Microsoft-Windows-Sysmon"",""providerGuid"":""{5770385f-c22a-43e0-bf4c-06f5698ffbd9}"",""eventID"":""13"",""version"":""2"",""level"":""4"",""task"":""13"",""opcode"":""0"",""keywords"":""0x8000000000000000"",""systemTime"":""2025-06-09T14:06:21.5196809Z"",""eventRecordID"":""30760"",""processID"":""3292"",""threadID"":""5512"",""channel"":""Microsoft-Windows-Sysmon/Operational"",""computer"":""DESKTOP-O7P9I53"",""severityValue"":""INFORMATION"",""message"":""\""Registry value set:\r\nRuleName: InvDB-Pub\r\nEventType: SetValue\r\nUtcTime: 2025-06-09 14:06:21.516\r\nProcessGuid: {154c2aaf-ea3a-6846-4001-000000001800}\r\nProcessId: 936\r\nImage: C:\\Windows\\system32\\CompatTelRunner.exe\r\nTargetObject: \\REGISTRY\\A\\{4fc400b6-a755-4f91-a203-75735e25b097}\\Root\\InventoryApplication\\0000e9e436ed91cb978c24d22c48f47c76dc00000940\\Publisher\r\nDetails: CN=Microsoft Corporation, O=Microsoft Corporation, L=Redmond, S=Washington, C=US\r\nUser: NT AUTHORITY\\SYSTEM\""""},""eventdata"":{""ruleName"":""InvDB-Pub"",""eventType"":""SetValue"",""utcTime"":""2025-06-09 14:06:21.516"",""processGuid"":""{154c2aaf-ea3a-6846-4001-000000001800}"",""processId"":""936"",""image"":""C:\\\\Windows\\\\system32\\\\CompatTelRunner.exe"",""targetObject"":""\\\\REGISTRY\\\\A\\\\{4fc400b6-a755-4f91-a203-75735e25b097}\\\\Root\\\\InventoryApplication\\\\0000e9e436ed91cb978c24d22c48f47c76dc00000940\\\\Publisher"",""details"":""CN=Microsoft Corporation, O=Microsoft Corporation, L=Redmond, S=Washington, C=US"",""user"":""NT AUTHORITY\\\\SYSTEM""}}}",log,"Jun 9, 2025 @ 19:36:22.135",EventChannel,1749477982.1226831,"Jun 9, 2025 @ 19:36:22.135", , , , , , , , , , , , , , , , , , , , , , , , , , , , , , , , , , , , , , , , , , , , , , , , , , , ,\\REGISTRY\\A\\{4fc400b6-a755-4f91-a203-75735e25b097}\\Root\\InventoryApplication\\0000e9e436ed91cb978c24d22c48f47c76dc00000940\\Publisher,InvDB-Pub,"CN=Microsoft Corporation, O=Microsoft Corporation, L=Redmond, S=Washington, C=US",SetValue, , , , , , , , , , , , , , , , , , , , , , , , , , , , , , 
wazuh-alerts-4.x-2025.06.09,m-ADVZcBD7y1GXNG24VH,1,1,192.168.254.162,DESKTOP-O7P9I53,001,hat-VMware-Virtual-Platform, ,C:\\Windows\\system32\\CompatTelRunner.exe, , , , , ,{154c2aaf-ea3a-6846-4001-000000001800}, , ,936, ,2025-06-09 14:06:21.516, , , , , , ,NT AUTHORITY\\SYSTEM, , ,13,0x8000000000000000,{5770385f-c22a-43e0-bf4c-06f5698ffbd9},4,Microsoft-Windows-Sysmon/Operational,0,"""Registry value set:
RuleName: InvDB-Path
EventType: SetValue
UtcTime: 2025-06-09 14:06:21.516
ProcessGuid: {154c2aaf-ea3a-6846-4001-000000001800}
ProcessId: 936
Image: C:\Windows\system32\CompatTelRunner.exe
TargetObject: \REGISTRY\A\{4fc400b6-a755-4f91-a203-75735e25b097}\Root\InventoryApplicationFile\webviewhost.exe|4e7e34a1971f033a\LowerCaseLongPath
Details: c:\program files\windowsapps\microsoft.microsoftofficehub_19.2506.33061.0_x64__8wekyb3d8bbwe\webviewhost.exe
User: NT AUTHORITY\SYSTEM""",2,2025-06-09T14:06:21.5218131Z,30761,5512,DESKTOP-O7P9I53,13,3292,INFORMATION,Microsoft-Windows-Sysmon,15,false,5,Sysmon - Event 13: RegistryEvent SetValue on \\REGISTRY\\A\\{4fc400b6-a755-4f91-a203-75735e25b097}\\Root\\InventoryApplicationFile\\webviewhost.exe|4e7e34a1971f033a\\LowerCaseLongPath by C:\\Windows\\system32\\CompatTelRunner.exe,"[""windows"",""sysmon"",""sysmon_event_13""]",61615,windows_eventchannel,"{""win"":{""system"":{""providerName"":""Microsoft-Windows-Sysmon"",""providerGuid"":""{5770385f-c22a-43e0-bf4c-06f5698ffbd9}"",""eventID"":""13"",""version"":""2"",""level"":""4"",""task"":""13"",""opcode"":""0"",""keywords"":""0x8000000000000000"",""systemTime"":""2025-06-09T14:06:21.5218131Z"",""eventRecordID"":""30761"",""processID"":""3292"",""threadID"":""5512"",""channel"":""Microsoft-Windows-Sysmon/Operational"",""computer"":""DESKTOP-O7P9I53"",""severityValue"":""INFORMATION"",""message"":""\""Registry value set:\r\nRuleName: InvDB-Path\r\nEventType: SetValue\r\nUtcTime: 2025-06-09 14:06:21.516\r\nProcessGuid: {154c2aaf-ea3a-6846-4001-000000001800}\r\nProcessId: 936\r\nImage: C:\\Windows\\system32\\CompatTelRunner.exe\r\nTargetObject: \\REGISTRY\\A\\{4fc400b6-a755-4f91-a203-75735e25b097}\\Root\\InventoryApplicationFile\\webviewhost.exe|4e7e34a1971f033a\\LowerCaseLongPath\r\nDetails: c:\\program files\\windowsapps\\microsoft.microsoftofficehub_19.2506.33061.0_x64__8wekyb3d8bbwe\\webviewhost.exe\r\nUser: NT AUTHORITY\\SYSTEM\""""},""eventdata"":{""ruleName"":""InvDB-Path"",""eventType"":""SetValue"",""utcTime"":""2025-06-09 14:06:21.516"",""processGuid"":""{154c2aaf-ea3a-6846-4001-000000001800}"",""processId"":""936"",""image"":""C:\\\\Windows\\\\system32\\\\CompatTelRunner.exe"",""targetObject"":""\\\\REGISTRY\\\\A\\\\{4fc400b6-a755-4f91-a203-75735e25b097}\\\\Root\\\\InventoryApplicationFile\\\\webviewhost.exe|4e7e34a1971f033a\\\\LowerCaseLongPath"",""details"":""c:\\\\program files\\\\windowsapps\\\\microsoft.microsoftofficehub_19.2506.33061.0_x64__8wekyb3d8bbwe\\\\webviewhost.exe"",""user"":""NT AUTHORITY\\\\SYSTEM""}}}",log,"Jun 9, 2025 @ 19:36:22.150",EventChannel,1749477982.1230300,"Jun 9, 2025 @ 19:36:22.150", , , , , , , , , , , , , , , , , , , , , , , , , , , , , , , , , , , , , , , , , , , , , , , , , , , ,\\REGISTRY\\A\\{4fc400b6-a755-4f91-a203-75735e25b097}\\Root\\InventoryApplicationFile\\webviewhost.exe|4e7e34a1971f033a\\LowerCaseLongPath,InvDB-Path,c:\\program files\\windowsapps\\microsoft.microsoftofficehub_19.2506.33061.0_x64__8wekyb3d8bbwe\\webviewhost.exe,SetValue, , , , , , , , , , , , , , , , , , , , , , , , , , , , , , 
wazuh-alerts-4.x-2025.06.09,nuADVZcBD7y1GXNG24VH,1,1,192.168.254.162,DESKTOP-O7P9I53,001,hat-VMware-Virtual-Platform, ,C:\\Windows\\system32\\CompatTelRunner.exe, , , , , ,{154c2aaf-ea3a-6846-4001-000000001800}, , ,936, ,2025-06-09 14:06:21.516, , , , , , ,NT AUTHORITY\\SYSTEM, , ,13,0x8000000000000000,{5770385f-c22a-43e0-bf4c-06f5698ffbd9},4,Microsoft-Windows-Sysmon/Operational,0,"""Registry value set:
RuleName: InvDB-Ver
EventType: SetValue
UtcTime: 2025-06-09 14:06:21.516
ProcessGuid: {154c2aaf-ea3a-6846-4001-000000001800}
ProcessId: 936
Image: C:\Windows\system32\CompatTelRunner.exe
TargetObject: \REGISTRY\A\{4fc400b6-a755-4f91-a203-75735e25b097}\Root\InventoryApplicationFile\webviewhost.exe|4e7e34a1971f033a\BinProductVersion
Details: 19.2506.33061.0
User: NT AUTHORITY\SYSTEM""",2,2025-06-09T14:06:21.5233391Z,30764,5512,DESKTOP-O7P9I53,13,3292,INFORMATION,Microsoft-Windows-Sysmon,18,false,5,Sysmon - Event 13: RegistryEvent SetValue on \\REGISTRY\\A\\{4fc400b6-a755-4f91-a203-75735e25b097}\\Root\\InventoryApplicationFile\\webviewhost.exe|4e7e34a1971f033a\\BinProductVersion by C:\\Windows\\system32\\CompatTelRunner.exe,"[""windows"",""sysmon"",""sysmon_event_13""]",61615,windows_eventchannel,"{""win"":{""system"":{""providerName"":""Microsoft-Windows-Sysmon"",""providerGuid"":""{5770385f-c22a-43e0-bf4c-06f5698ffbd9}"",""eventID"":""13"",""version"":""2"",""level"":""4"",""task"":""13"",""opcode"":""0"",""keywords"":""0x8000000000000000"",""systemTime"":""2025-06-09T14:06:21.5233391Z"",""eventRecordID"":""30764"",""processID"":""3292"",""threadID"":""5512"",""channel"":""Microsoft-Windows-Sysmon/Operational"",""computer"":""DESKTOP-O7P9I53"",""severityValue"":""INFORMATION"",""message"":""\""Registry value set:\r\nRuleName: InvDB-Ver\r\nEventType: SetValue\r\nUtcTime: 2025-06-09 14:06:21.516\r\nProcessGuid: {154c2aaf-ea3a-6846-4001-000000001800}\r\nProcessId: 936\r\nImage: C:\\Windows\\system32\\CompatTelRunner.exe\r\nTargetObject: \\REGISTRY\\A\\{4fc400b6-a755-4f91-a203-75735e25b097}\\Root\\InventoryApplicationFile\\webviewhost.exe|4e7e34a1971f033a\\BinProductVersion\r\nDetails: 19.2506.33061.0\r\nUser: NT AUTHORITY\\SYSTEM\""""},""eventdata"":{""ruleName"":""InvDB-Ver"",""eventType"":""SetValue"",""utcTime"":""2025-06-09 14:06:21.516"",""processGuid"":""{154c2aaf-ea3a-6846-4001-000000001800}"",""processId"":""936"",""image"":""C:\\\\Windows\\\\system32\\\\CompatTelRunner.exe"",""targetObject"":""\\\\REGISTRY\\\\A\\\\{4fc400b6-a755-4f91-a203-75735e25b097}\\\\Root\\\\InventoryApplicationFile\\\\webviewhost.exe|4e7e34a1971f033a\\\\BinProductVersion"",""details"":""19.2506.33061.0"",""user"":""NT AUTHORITY\\\\SYSTEM""}}}",log,"Jun 9, 2025 @ 19:36:22.204",EventChannel,1749477982.1240330,"Jun 9, 2025 @ 19:36:22.204", , , , , , , , , , , , , , , , , , , , , , , , , , , , , , , , , , , , , , , , , , , , , , , , , , , ,\\REGISTRY\\A\\{4fc400b6-a755-4f91-a203-75735e25b097}\\Root\\InventoryApplicationFile\\webviewhost.exe|4e7e34a1971f033a\\BinProductVersion,InvDB-Ver,19.2506.33061.0,SetValue, , , , , , , , , , , , , , , , , , , , , , , , , , , , , , 
wazuh-alerts-4.x-2025.06.09,oeADVZcBD7y1GXNG24VH,1,1,192.168.254.162,DESKTOP-O7P9I53,001,hat-VMware-Virtual-Platform, ,C:\\Windows\\system32\\CompatTelRunner.exe, , , , , ,{154c2aaf-ea3a-6846-4001-000000001800}, , ,936, ,2025-06-09 14:06:21.901, , , , , , ,NT AUTHORITY\\SYSTEM, , ,13,0x8000000000000000,{5770385f-c22a-43e0-bf4c-06f5698ffbd9},4,Microsoft-Windows-Sysmon/Operational,0,"""Registry value set:
RuleName: InvDB-Pub
EventType: SetValue
UtcTime: 2025-06-09 14:06:21.901
ProcessGuid: {154c2aaf-ea3a-6846-4001-000000001800}
ProcessId: 936
Image: C:\Windows\system32\CompatTelRunner.exe
TargetObject: \REGISTRY\A\{4fc400b6-a755-4f91-a203-75735e25b097}\Root\InventoryApplicationFile\elevation_servic|fe3f31c56c153a4f\Publisher
Details: microsoft corporation
User: NT AUTHORITY\SYSTEM""",2,2025-06-09T14:06:21.9163054Z,30767,5512,DESKTOP-O7P9I53,13,3292,INFORMATION,Microsoft-Windows-Sysmon,21,false,5,Sysmon - Event 13: RegistryEvent SetValue on \\REGISTRY\\A\\{4fc400b6-a755-4f91-a203-75735e25b097}\\Root\\InventoryApplicationFile\\elevation_servic|fe3f31c56c153a4f\\Publisher by C:\\Windows\\system32\\CompatTelRunner.exe,"[""windows"",""sysmon"",""sysmon_event_13""]",61615,windows_eventchannel,"{""win"":{""system"":{""providerName"":""Microsoft-Windows-Sysmon"",""providerGuid"":""{5770385f-c22a-43e0-bf4c-06f5698ffbd9}"",""eventID"":""13"",""version"":""2"",""level"":""4"",""task"":""13"",""opcode"":""0"",""keywords"":""0x8000000000000000"",""systemTime"":""2025-06-09T14:06:21.9163054Z"",""eventRecordID"":""30767"",""processID"":""3292"",""threadID"":""5512"",""channel"":""Microsoft-Windows-Sysmon/Operational"",""computer"":""DESKTOP-O7P9I53"",""severityValue"":""INFORMATION"",""message"":""\""Registry value set:\r\nRuleName: InvDB-Pub\r\nEventType: SetValue\r\nUtcTime: 2025-06-09 14:06:21.901\r\nProcessGuid: {154c2aaf-ea3a-6846-4001-000000001800}\r\nProcessId: 936\r\nImage: C:\\Windows\\system32\\CompatTelRunner.exe\r\nTargetObject: \\REGISTRY\\A\\{4fc400b6-a755-4f91-a203-75735e25b097}\\Root\\InventoryApplicationFile\\elevation_servic|fe3f31c56c153a4f\\Publisher\r\nDetails: microsoft corporation\r\nUser: NT AUTHORITY\\SYSTEM\""""},""eventdata"":{""ruleName"":""InvDB-Pub"",""eventType"":""SetValue"",""utcTime"":""2025-06-09 14:06:21.901"",""processGuid"":""{154c2aaf-ea3a-6846-4001-000000001800}"",""processId"":""936"",""image"":""C:\\\\Windows\\\\system32\\\\CompatTelRunner.exe"",""targetObject"":""\\\\REGISTRY\\\\A\\\\{4fc400b6-a755-4f91-a203-75735e25b097}\\\\Root\\\\InventoryApplicationFile\\\\elevation_servic|fe3f31c56c153a4f\\\\Publisher"",""details"":""microsoft corporation"",""user"":""NT AUTHORITY\\\\SYSTEM""}}}",log,"Jun 9, 2025 @ 19:36:22.777",EventChannel,1749477982.1250536,"Jun 9, 2025 @ 19:36:22.777", , , , , , , , , , , , , , , , , , , , , , , , , , , , , , , , , , , , , , , , , , , , , , , , , , , ,\\REGISTRY\\A\\{4fc400b6-a755-4f91-a203-75735e25b097}\\Root\\InventoryApplicationFile\\elevation_servic|fe3f31c56c153a4f\\Publisher,InvDB-Pub,microsoft corporation,SetValue, , , , , , , , , , , , , , , , , , , , , , , , , , , , , , 
wazuh-alerts-4.x-2025.06.09,o-ADVZcBD7y1GXNG24VH,1,1,192.168.254.162,DESKTOP-O7P9I53,001,hat-VMware-Virtual-Platform, ,C:\\Windows\\system32\\CompatTelRunner.exe, , , , , ,{154c2aaf-ea3a-6846-4001-000000001800}, , ,936, ,2025-06-09 14:06:21.901, , , , , , ,NT AUTHORITY\\SYSTEM, , ,13,0x8000000000000000,{5770385f-c22a-43e0-bf4c-06f5698ffbd9},4,Microsoft-Windows-Sysmon/Operational,0,"""Registry value set:
RuleName: InvDB-Ver
EventType: SetValue
UtcTime: 2025-06-09 14:06:21.901
ProcessGuid: {154c2aaf-ea3a-6846-4001-000000001800}
ProcessId: 936
Image: C:\Windows\system32\CompatTelRunner.exe
TargetObject: \REGISTRY\A\{4fc400b6-a755-4f91-a203-75735e25b097}\Root\InventoryApplicationFile\elevation_servic|fe3f31c56c153a4f\BinProductVersion
Details: 137.0.3296.62
User: NT AUTHORITY\SYSTEM""",2,2025-06-09T14:06:21.9169586Z,30769,5512,DESKTOP-O7P9I53,13,3292,INFORMATION,Microsoft-Windows-Sysmon,23,false,5,Sysmon - Event 13: RegistryEvent SetValue on \\REGISTRY\\A\\{4fc400b6-a755-4f91-a203-75735e25b097}\\Root\\InventoryApplicationFile\\elevation_servic|fe3f31c56c153a4f\\BinProductVersion by C:\\Windows\\system32\\CompatTelRunner.exe,"[""windows"",""sysmon"",""sysmon_event_13""]",61615,windows_eventchannel,"{""win"":{""system"":{""providerName"":""Microsoft-Windows-Sysmon"",""providerGuid"":""{5770385f-c22a-43e0-bf4c-06f5698ffbd9}"",""eventID"":""13"",""version"":""2"",""level"":""4"",""task"":""13"",""opcode"":""0"",""keywords"":""0x8000000000000000"",""systemTime"":""2025-06-09T14:06:21.9169586Z"",""eventRecordID"":""30769"",""processID"":""3292"",""threadID"":""5512"",""channel"":""Microsoft-Windows-Sysmon/Operational"",""computer"":""DESKTOP-O7P9I53"",""severityValue"":""INFORMATION"",""message"":""\""Registry value set:\r\nRuleName: InvDB-Ver\r\nEventType: SetValue\r\nUtcTime: 2025-06-09 14:06:21.901\r\nProcessGuid: {154c2aaf-ea3a-6846-4001-000000001800}\r\nProcessId: 936\r\nImage: C:\\Windows\\system32\\CompatTelRunner.exe\r\nTargetObject: \\REGISTRY\\A\\{4fc400b6-a755-4f91-a203-75735e25b097}\\Root\\InventoryApplicationFile\\elevation_servic|fe3f31c56c153a4f\\BinProductVersion\r\nDetails: 137.0.3296.62\r\nUser: NT AUTHORITY\\SYSTEM\""""},""eventdata"":{""ruleName"":""InvDB-Ver"",""eventType"":""SetValue"",""utcTime"":""2025-06-09 14:06:21.901"",""processGuid"":""{154c2aaf-ea3a-6846-4001-000000001800}"",""processId"":""936"",""image"":""C:\\\\Windows\\\\system32\\\\CompatTelRunner.exe"",""targetObject"":""\\\\REGISTRY\\\\A\\\\{4fc400b6-a755-4f91-a203-75735e25b097}\\\\Root\\\\InventoryApplicationFile\\\\elevation_servic|fe3f31c56c153a4f\\\\BinProductVersion"",""details"":""137.0.3296.62"",""user"":""NT AUTHORITY\\\\SYSTEM""}}}",log,"Jun 9, 2025 @ 19:36:22.808",EventChannel,1749477982.1256971,"Jun 9, 2025 @ 19:36:22.808", , , , , , , , , , , , , , , , , , , , , , , , , , , , , , , , , , , , , , , , , , , , , , , , , , , ,\\REGISTRY\\A\\{4fc400b6-a755-4f91-a203-75735e25b097}\\Root\\InventoryApplicationFile\\elevation_servic|fe3f31c56c153a4f\\BinProductVersion,InvDB-Ver,137.0.3296.62,SetValue, , , , , , , , , , , , , , , , , , , , , , , , , , , , , , 
