wazuh-alerts-4.x-2025.06.09,_KMBVZcB7NFPR1gL7DGj,1,1,192.168.254.162,DESKTOP-O7P9I53,001,hat-VMware-Virtual-Platform,taskhostw.exe,C:\\Windows\\System32\\taskhostw.exe,Microsoft® Windows® Operating System,{154c2aaf-e982-6846-1900-000000001800},Host Process for Windows Tasks,{154c2aaf-e981-6846-e703-000000000000},C:\\Windows\\system32\\svchost.exe -k netsvcs -p -s Schedule,{154c2aaf-e993-6846-bc00-000000001800},0x3e7,1168,3076,C:\\Windows\\system32\\,2025-06-09 14:02:59.634,"MD5=D71630DA4364F89F36B47581D4162639,SHA256=4D84D1DB6C572DA841307B814CCF26478429D3A29F304755CE1BAF110E639F64,IMPHASH=3A0C6863CDE566AF997DB2DEFFF9D924",C:\\Windows\\System32\\svchost.exe,Microsoft Corporation,taskhostw.exe,System,10.0.19041.5794 (WinBuild.160101.0800),NT AUTHORITY\\SYSTEM,0,NT AUTHORITY\\SYSTEM,1,0x8000000000000000,{5770385f-c22a-43e0-bf4c-06f5698ffbd9},4,Microsoft-Windows-Sysmon/Operational,0,"""Process Create:
RuleName: -
UtcTime: 2025-06-09 14:02:59.634
ProcessGuid: {154c2aaf-e993-6846-bc00-000000001800}
ProcessId: 3076
Image: C:\Windows\System32\taskhostw.exe
FileVersion: 10.0.19041.5794 (WinBuild.160101.0800)
Description: Host Process for Windows Tasks
Product: Microsoft® Windows® Operating System
Company: Microsoft Corporation
OriginalFileName: taskhostw.exe
CommandLine: taskhostw.exe
CurrentDirectory: C:\Windows\system32\
User: NT AUTHORITY\SYSTEM
LogonGuid: {154c2aaf-e981-6846-e703-000000000000}
LogonId: 0x3E7
TerminalSessionId: 0
IntegrityLevel: System
Hashes: MD5=D71630DA4364F89F36B47581D4162639,SHA256=4D84D1DB6C572DA841307B814CCF26478429D3A29F304755CE1BAF110E639F64,IMPHASH=3A0C6863CDE566AF997DB2DEFFF9D924
ParentProcessGuid: {154c2aaf-e982-6846-1900-000000001800}
ParentProcessId: 1168
ParentImage: C:\Windows\System32\svchost.exe
ParentCommandLine: C:\Windows\system32\svchost.exe -k netsvcs -p -s Schedule
ParentUser: NT AUTHORITY\SYSTEM""",5,2025-06-09T14:02:59.6422504Z,30647,5512,DESKTOP-O7P9I53,1,3292,INFORMATION,Microsoft-Windows-Sysmon,55,false,5,Sysmon - Event 1: Process creation Host Process for Windows Tasks,"[""windows"",""sysmon"",""sysmon_event1""]",61603,windows_eventchannel,"{""win"":{""system"":{""providerName"":""Microsoft-Windows-Sysmon"",""providerGuid"":""{5770385f-c22a-43e0-bf4c-06f5698ffbd9}"",""eventID"":""1"",""version"":""5"",""level"":""4"",""task"":""1"",""opcode"":""0"",""keywords"":""0x8000000000000000"",""systemTime"":""2025-06-09T14:02:59.6422504Z"",""eventRecordID"":""30647"",""processID"":""3292"",""threadID"":""5512"",""channel"":""Microsoft-Windows-Sysmon/Operational"",""computer"":""DESKTOP-O7P9I53"",""severityValue"":""INFORMATION"",""message"":""\""Process Create:\r\nRuleName: -\r\nUtcTime: 2025-06-09 14:02:59.634\r\nProcessGuid: {154c2aaf-e993-6846-bc00-000000001800}\r\nProcessId: 3076\r\nImage: C:\\Windows\\System32\\taskhostw.exe\r\nFileVersion: 10.0.19041.5794 (WinBuild.160101.0800)\r\nDescription: Host Process for Windows Tasks\r\nProduct: Microsoft® Windows® Operating System\r\nCompany: Microsoft Corporation\r\nOriginalFileName: taskhostw.exe\r\nCommandLine: taskhostw.exe\r\nCurrentDirectory: C:\\Windows\\system32\\\r\nUser: NT AUTHORITY\\SYSTEM\r\nLogonGuid: {154c2aaf-e981-6846-e703-000000000000}\r\nLogonId: 0x3E7\r\nTerminalSessionId: 0\r\nIntegrityLevel: System\r\nHashes: MD5=D71630DA4364F89F36B47581D4162639,SHA256=4D84D1DB6C572DA841307B814CCF26478429D3A29F304755CE1BAF110E639F64,IMPHASH=3A0C6863CDE566AF997DB2DEFFF9D924\r\nParentProcessGuid: {154c2aaf-e982-6846-1900-000000001800}\r\nParentProcessId: 1168\r\nParentImage: C:\\Windows\\System32\\svchost.exe\r\nParentCommandLine: C:\\Windows\\system32\\svchost.exe -k netsvcs -p -s Schedule\r\nParentUser: NT AUTHORITY\\SYSTEM\""""},""eventdata"":{""utcTime"":""2025-06-09 14:02:59.634"",""processGuid"":""{154c2aaf-e993-6846-bc00-000000001800}"",""processId"":""3076"",""image"":""C:\\\\Windows\\\\System32\\\\taskhostw.exe"",""fileVersion"":""10.0.19041.5794 (WinBuild.160101.0800)"",""description"":""Host Process for Windows Tasks"",""product"":""Microsoft® Windows® Operating System"",""company"":""Microsoft Corporation"",""originalFileName"":""taskhostw.exe"",""commandLine"":""taskhostw.exe"",""currentDirectory"":""C:\\\\Windows\\\\system32\\\\"",""user"":""NT AUTHORITY\\\\SYSTEM"",""logonGuid"":""{154c2aaf-e981-6846-e703-000000000000}"",""logonId"":""0x3e7"",""terminalSessionId"":""0"",""integrityLevel"":""System"",""hashes"":""MD5=D71630DA4364F89F36B47581D4162639,SHA256=4D84D1DB6C572DA841307B814CCF26478429D3A29F304755CE1BAF110E639F64,IMPHASH=3A0C6863CDE566AF997DB2DEFFF9D924"",""parentProcessGuid"":""{154c2aaf-e982-6846-1900-000000001800}"",""parentProcessId"":""1168"",""parentImage"":""C:\\\\Windows\\\\System32\\\\svchost.exe"",""parentCommandLine"":""C:\\\\Windows\\\\system32\\\\svchost.exe -k netsvcs -p -s Schedule"",""parentUser"":""NT AUTHORITY\\\\SYSTEM""}}}",log,"Jun 9, 2025 @ 19:34:11.798",EventChannel,1749477851.641900,"Jun 9, 2025 @ 19:34:11.798", , , , , , , , , , , , , , , , , , , , , , , , , , , , , , , , , , , , , , , , , , , , , , , , , , , , , , , , , , , , , , , , , , , , , , , , , , , , , , , , , , , , , 
wazuh-alerts-4.x-2025.06.09,_aMBVZcB7NFPR1gL7DGj,1,1,192.168.254.162,DESKTOP-O7P9I53,001,hat-VMware-Virtual-Platform,WaasMedicAgent.exe,C:\\Windows\\System32\\WaaSMedicAgent.exe,Microsoft® Windows® Operating System,{154c2aaf-e982-6846-2500-000000001800},WaasMedic Agent Exe,{154c2aaf-e981-6846-e703-000000000000},C:\\Windows\\system32\\svchost.exe -k wusvcs -p -s WaaSMedicSvc,{154c2aaf-e994-6846-bd00-000000001800},0x3e7,1640,7160,C:\\Windows\\system32\\,2025-06-09 14:03:00.206,"MD5=C6094AE1134EEFAAF3650CCC0CBD7E06,SHA256=45246EE5CF3464324C68B2F7CC765B9E64B940E5E8815D59F9A9B21DF39F8C16,IMPHASH=18835B986CBF27778B43A3DA9FA33E40",C:\\Windows\\System32\\svchost.exe,Microsoft Corporation,C:\\Windows\\System32\\WaaSMedicAgent.exe 8e2732badc26704d87b5fd6277710f90 TypMV9cRC06o9howbYq+yw.0.1.0.0.0,System,10.0.19041.5794 (WinBuild.160101.0800),NT AUTHORITY\\SYSTEM,0,NT AUTHORITY\\SYSTEM,1,0x8000000000000000,{5770385f-c22a-43e0-bf4c-06f5698ffbd9},4,Microsoft-Windows-Sysmon/Operational,0,"""Process Create:
RuleName: -
UtcTime: 2025-06-09 14:03:00.206
ProcessGuid: {154c2aaf-e994-6846-bd00-000000001800}
ProcessId: 7160
Image: C:\Windows\System32\WaaSMedicAgent.exe
FileVersion: 10.0.19041.5794 (WinBuild.160101.0800)
Description: WaasMedic Agent Exe
Product: Microsoft® Windows® Operating System
Company: Microsoft Corporation
OriginalFileName: WaasMedicAgent.exe
CommandLine: C:\Windows\System32\WaaSMedicAgent.exe 8e2732badc26704d87b5fd6277710f90 TypMV9cRC06o9howbYq+yw.0.1.0.0.0
CurrentDirectory: C:\Windows\system32\
User: NT AUTHORITY\SYSTEM
LogonGuid: {154c2aaf-e981-6846-e703-000000000000}
LogonId: 0x3E7
TerminalSessionId: 0
IntegrityLevel: System
Hashes: MD5=C6094AE1134EEFAAF3650CCC0CBD7E06,SHA256=45246EE5CF3464324C68B2F7CC765B9E64B940E5E8815D59F9A9B21DF39F8C16,IMPHASH=18835B986CBF27778B43A3DA9FA33E40
ParentProcessGuid: {154c2aaf-e982-6846-2500-000000001800}
ParentProcessId: 1640
ParentImage: C:\Windows\System32\svchost.exe
ParentCommandLine: C:\Windows\system32\svchost.exe -k wusvcs -p -s WaaSMedicSvc
ParentUser: NT AUTHORITY\SYSTEM""",5,2025-06-09T14:03:00.2264582Z,30648,5512,DESKTOP-O7P9I53,1,3292,INFORMATION,Microsoft-Windows-Sysmon,56,false,5,Sysmon - Event 1: Process creation WaasMedic Agent Exe,"[""windows"",""sysmon"",""sysmon_event1""]",61603,windows_eventchannel,"{""win"":{""system"":{""providerName"":""Microsoft-Windows-Sysmon"",""providerGuid"":""{5770385f-c22a-43e0-bf4c-06f5698ffbd9}"",""eventID"":""1"",""version"":""5"",""level"":""4"",""task"":""1"",""opcode"":""0"",""keywords"":""0x8000000000000000"",""systemTime"":""2025-06-09T14:03:00.2264582Z"",""eventRecordID"":""30648"",""processID"":""3292"",""threadID"":""5512"",""channel"":""Microsoft-Windows-Sysmon/Operational"",""computer"":""DESKTOP-O7P9I53"",""severityValue"":""INFORMATION"",""message"":""\""Process Create:\r\nRuleName: -\r\nUtcTime: 2025-06-09 14:03:00.206\r\nProcessGuid: {154c2aaf-e994-6846-bd00-000000001800}\r\nProcessId: 7160\r\nImage: C:\\Windows\\System32\\WaaSMedicAgent.exe\r\nFileVersion: 10.0.19041.5794 (WinBuild.160101.0800)\r\nDescription: WaasMedic Agent Exe\r\nProduct: Microsoft® Windows® Operating System\r\nCompany: Microsoft Corporation\r\nOriginalFileName: WaasMedicAgent.exe\r\nCommandLine: C:\\Windows\\System32\\WaaSMedicAgent.exe 8e2732badc26704d87b5fd6277710f90 TypMV9cRC06o9howbYq+yw.0.1.0.0.0\r\nCurrentDirectory: C:\\Windows\\system32\\\r\nUser: NT AUTHORITY\\SYSTEM\r\nLogonGuid: {154c2aaf-e981-6846-e703-000000000000}\r\nLogonId: 0x3E7\r\nTerminalSessionId: 0\r\nIntegrityLevel: System\r\nHashes: MD5=C6094AE1134EEFAAF3650CCC0CBD7E06,SHA256=45246EE5CF3464324C68B2F7CC765B9E64B940E5E8815D59F9A9B21DF39F8C16,IMPHASH=18835B986CBF27778B43A3DA9FA33E40\r\nParentProcessGuid: {154c2aaf-e982-6846-2500-000000001800}\r\nParentProcessId: 1640\r\nParentImage: C:\\Windows\\System32\\svchost.exe\r\nParentCommandLine: C:\\Windows\\system32\\svchost.exe -k wusvcs -p -s WaaSMedicSvc\r\nParentUser: NT AUTHORITY\\SYSTEM\""""},""eventdata"":{""utcTime"":""2025-06-09 14:03:00.206"",""processGuid"":""{154c2aaf-e994-6846-bd00-000000001800}"",""processId"":""7160"",""image"":""C:\\\\Windows\\\\System32\\\\WaaSMedicAgent.exe"",""fileVersion"":""10.0.19041.5794 (WinBuild.160101.0800)"",""description"":""WaasMedic Agent Exe"",""product"":""Microsoft® Windows® Operating System"",""company"":""Microsoft Corporation"",""originalFileName"":""WaasMedicAgent.exe"",""commandLine"":""C:\\\\Windows\\\\System32\\\\WaaSMedicAgent.exe 8e2732badc26704d87b5fd6277710f90 TypMV9cRC06o9howbYq+yw.0.1.0.0.0"",""currentDirectory"":""C:\\\\Windows\\\\system32\\\\"",""user"":""NT AUTHORITY\\\\SYSTEM"",""logonGuid"":""{154c2aaf-e981-6846-e703-000000000000}"",""logonId"":""0x3e7"",""terminalSessionId"":""0"",""integrityLevel"":""System"",""hashes"":""MD5=C6094AE1134EEFAAF3650CCC0CBD7E06,SHA256=45246EE5CF3464324C68B2F7CC765B9E64B940E5E8815D59F9A9B21DF39F8C16,IMPHASH=18835B986CBF27778B43A3DA9FA33E40"",""parentProcessGuid"":""{154c2aaf-e982-6846-2500-000000001800}"",""parentProcessId"":""1640"",""parentImage"":""C:\\\\Windows\\\\System32\\\\svchost.exe"",""parentCommandLine"":""C:\\\\Windows\\\\system32\\\\svchost.exe -k wusvcs -p -s WaaSMedicSvc"",""parentUser"":""NT AUTHORITY\\\\SYSTEM""}}}",log,"Jun 9, 2025 @ 19:34:11.827",EventChannel,1749477851.647478,"Jun 9, 2025 @ 19:34:11.827", , , , , , , , , , , , , , , , , , , , , , , , , , , , , , , , , , , , , , , , , , , , , , , , , , , , , , , , , , , , , , , , , , , , , , , , , , , , , , , , , , , , , 
wazuh-alerts-4.x-2025.06.09,_qMBVZcB7NFPR1gL7DGj,1,1,192.168.254.162,DESKTOP-O7P9I53,001,hat-VMware-Virtual-Platform,net1.exe,C:\\Windows\\SysWOW64\\net1.exe,Microsoft® Windows® Operating System,{154c2aaf-e993-6846-ba00-000000001800},Net Command,{154c2aaf-e981-6846-e703-000000000000},net.exe accounts,{154c2aaf-e994-6846-bf00-000000001800},0x3e7,6968,6900,C:\\Program Files (x86)\\ossec-agent\\,2025-06-09 14:03:00.495,"MD5=4A26539015F4FDB3AC3C5EB14336C7A7,SHA256=B25CF32B7BB76D5A5121919C63E6AE77262347F4AD7B29EE3C43CBAA61F43957,IMPHASH=D45C7E138CFAD11059C95018C99B7C96",C:\\Windows\\SysWOW64\\net.exe,Microsoft Corporation,C:\\Windows\\system32\\net1 accounts,System,10.0.19041.3636 (WinBuild.160101.0800),NT AUTHORITY\\SYSTEM,0,NT AUTHORITY\\SYSTEM,1,0x8000000000000000,{5770385f-c22a-43e0-bf4c-06f5698ffbd9},4,Microsoft-Windows-Sysmon/Operational,0,"""Process Create:
RuleName: -
UtcTime: 2025-06-09 14:03:00.495
ProcessGuid: {154c2aaf-e994-6846-bf00-000000001800}
ProcessId: 6900
Image: C:\Windows\SysWOW64\net1.exe
FileVersion: 10.0.19041.3636 (WinBuild.160101.0800)
Description: Net Command
Product: Microsoft® Windows® Operating System
Company: Microsoft Corporation
OriginalFileName: net1.exe
CommandLine: C:\Windows\system32\net1 accounts
CurrentDirectory: C:\Program Files (x86)\ossec-agent\
User: NT AUTHORITY\SYSTEM
LogonGuid: {154c2aaf-e981-6846-e703-000000000000}
LogonId: 0x3E7
TerminalSessionId: 0
IntegrityLevel: System
Hashes: MD5=4A26539015F4FDB3AC3C5EB14336C7A7,SHA256=B25CF32B7BB76D5A5121919C63E6AE77262347F4AD7B29EE3C43CBAA61F43957,IMPHASH=D45C7E138CFAD11059C95018C99B7C96
ParentProcessGuid: {154c2aaf-e993-6846-ba00-000000001800}
ParentProcessId: 6968
ParentImage: C:\Windows\SysWOW64\net.exe
ParentCommandLine: net.exe accounts
ParentUser: NT AUTHORITY\SYSTEM""",5,2025-06-09T14:03:00.4990548Z,30649,5512,DESKTOP-O7P9I53,1,3292,INFORMATION,Microsoft-Windows-Sysmon,16,false,3,Discovery activity executed,"[""sysmon"",""sysmon_eid1_detections"",""windows""]",92031,windows_eventchannel, ,log,"Jun 9, 2025 @ 19:34:11.829",EventChannel,1749477851.653432,"Jun 9, 2025 @ 19:34:11.829", , ,"[""Account Discovery""]","[""T1087""]","[""Discovery""]", , , , , , , , , , , , , , , , , , , , , , , , , , , , , , , , , , , , , , , , , , , , , , , , , , , , , , , , , , , , , , , , , , , , , , , , , , , , , , , , 
wazuh-alerts-4.x-2025.06.09,AKMBVZcB7NFPR1gL7DKj,1,1,192.168.254.162,DESKTOP-O7P9I53,001,hat-VMware-Virtual-Platform,net1.exe,C:\\Windows\\SysWOW64\\net1.exe,Microsoft® Windows® Operating System,{154c2aaf-e994-6846-c000-000000001800},Net Command,{154c2aaf-e981-6846-e703-000000000000},net.exe accounts,{154c2aaf-e994-6846-c200-000000001800},0x3e7,6892,5076,C:\\Program Files (x86)\\ossec-agent\\,2025-06-09 14:03:00.569,"MD5=4A26539015F4FDB3AC3C5EB14336C7A7,SHA256=B25CF32B7BB76D5A5121919C63E6AE77262347F4AD7B29EE3C43CBAA61F43957,IMPHASH=D45C7E138CFAD11059C95018C99B7C96",C:\\Windows\\SysWOW64\\net.exe,Microsoft Corporation,C:\\Windows\\system32\\net1 accounts,System,10.0.19041.3636 (WinBuild.160101.0800),NT AUTHORITY\\SYSTEM,0,NT AUTHORITY\\SYSTEM,1,0x8000000000000000,{5770385f-c22a-43e0-bf4c-06f5698ffbd9},4,Microsoft-Windows-Sysmon/Operational,0,"""Process Create:
RuleName: -
UtcTime: 2025-06-09 14:03:00.569
ProcessGuid: {154c2aaf-e994-6846-c200-000000001800}
ProcessId: 5076
Image: C:\Windows\SysWOW64\net1.exe
FileVersion: 10.0.19041.3636 (WinBuild.160101.0800)
Description: Net Command
Product: Microsoft® Windows® Operating System
Company: Microsoft Corporation
OriginalFileName: net1.exe
CommandLine: C:\Windows\system32\net1 accounts
CurrentDirectory: C:\Program Files (x86)\ossec-agent\
User: NT AUTHORITY\SYSTEM
LogonGuid: {154c2aaf-e981-6846-e703-000000000000}
LogonId: 0x3E7
TerminalSessionId: 0
IntegrityLevel: System
Hashes: MD5=4A26539015F4FDB3AC3C5EB14336C7A7,SHA256=B25CF32B7BB76D5A5121919C63E6AE77262347F4AD7B29EE3C43CBAA61F43957,IMPHASH=D45C7E138CFAD11059C95018C99B7C96
ParentProcessGuid: {154c2aaf-e994-6846-c000-000000001800}
ParentProcessId: 6892
ParentImage: C:\Windows\SysWOW64\net.exe
ParentCommandLine: net.exe accounts
ParentUser: NT AUTHORITY\SYSTEM""",5,2025-06-09T14:03:00.5727424Z,30651,5512,DESKTOP-O7P9I53,1,3292,INFORMATION,Microsoft-Windows-Sysmon,18,false,3,Discovery activity executed,"[""sysmon"",""sysmon_eid1_detections"",""windows""]",92031,windows_eventchannel, ,log,"Jun 9, 2025 @ 19:34:11.859",EventChannel,1749477851.664376,"Jun 9, 2025 @ 19:34:11.859", , ,"[""Account Discovery""]","[""T1087""]","[""Discovery""]", , , , , , , , , , , , , , , , , , , , , , , , , , , , , , , , , , , , , , , , , , , , , , , , , , , , , , , , , , , , , , , , , , , , , , , , , , , , , , , , 
wazuh-alerts-4.x-2025.06.09,AaMBVZcB7NFPR1gL7DKj,1,1,192.168.254.162,DESKTOP-O7P9I53,001,hat-VMware-Virtual-Platform,net.exe,C:\\Windows\\SysWOW64\\net.exe,Microsoft® Windows® Operating System,{154c2aaf-e984-6846-5700-000000001800},Net Command,{154c2aaf-e981-6846-e703-000000000000},"\""C:\\Program Files (x86)\\ossec-agent\\wazuh-agent.exe\""",{154c2aaf-e994-6846-c300-000000001800},0x3e7,3480,4176,C:\\Program Files (x86)\\ossec-agent\\,2025-06-09 14:03:00.600,"MD5=31890A7DE89936F922D44D677F681A7F,SHA256=7C4C7725E266F12ABA8C50FD1598D4001201BCA0E7ACA901508307E365AFFF42,IMPHASH=AC592B83B5CAEB41A6F6DF7DB53F9076",C:\\Program Files (x86)\\ossec-agent\\wazuh-agent.exe,Microsoft Corporation,net user administrator,System,10.0.19041.1 (WinBuild.160101.0800),NT AUTHORITY\\SYSTEM,0,NT AUTHORITY\\SYSTEM,1,0x8000000000000000,{5770385f-c22a-43e0-bf4c-06f5698ffbd9},4,Microsoft-Windows-Sysmon/Operational,0,"""Process Create:
RuleName: -
UtcTime: 2025-06-09 14:03:00.600
ProcessGuid: {154c2aaf-e994-6846-c300-000000001800}
ProcessId: 4176
Image: C:\Windows\SysWOW64\net.exe
FileVersion: 10.0.19041.1 (WinBuild.160101.0800)
Description: Net Command
Product: Microsoft® Windows® Operating System
Company: Microsoft Corporation
OriginalFileName: net.exe
CommandLine: net user administrator
CurrentDirectory: C:\Program Files (x86)\ossec-agent\
User: NT AUTHORITY\SYSTEM
LogonGuid: {154c2aaf-e981-6846-e703-000000000000}
LogonId: 0x3E7
TerminalSessionId: 0
IntegrityLevel: System
Hashes: MD5=31890A7DE89936F922D44D677F681A7F,SHA256=7C4C7725E266F12ABA8C50FD1598D4001201BCA0E7ACA901508307E365AFFF42,IMPHASH=AC592B83B5CAEB41A6F6DF7DB53F9076
ParentProcessGuid: {154c2aaf-e984-6846-5700-000000001800}
ParentProcessId: 3480
ParentImage: C:\Program Files (x86)\ossec-agent\wazuh-agent.exe
ParentCommandLine: ""C:\Program Files (x86)\ossec-agent\wazuh-agent.exe""
ParentUser: NT AUTHORITY\SYSTEM""",5,2025-06-09T14:03:00.6041421Z,30652,5512,DESKTOP-O7P9I53,1,3292,INFORMATION,Microsoft-Windows-Sysmon,1,false,3,A net.exe account discovery command was initiated,"[""sysmon"",""sysmon_eid1_detections"",""windows""]",92039,windows_eventchannel, ,log,"Jun 9, 2025 @ 19:34:11.890",EventChannel,1749477851.669769,"Jun 9, 2025 @ 19:34:11.890", , ,"[""Account Discovery""]","[""T1087""]","[""Discovery""]", , , , , , , , , , , , , , , , , , , , , , , , , , , , , , , , , , , , , , , , , , , , , , , , , , , , , , , , , , , , , , , , , , , , , , , , , , , , , , , , 
wazuh-alerts-4.x-2025.06.09,A6MBVZcB7NFPR1gL7DKj,1,1,192.168.254.162,DESKTOP-O7P9I53,001,hat-VMware-Virtual-Platform,net.exe,C:\\Windows\\SysWOW64\\net.exe,Microsoft® Windows® Operating System,{154c2aaf-e984-6846-5700-000000001800},Net Command,{154c2aaf-e981-6846-e703-000000000000},"\""C:\\Program Files (x86)\\ossec-agent\\wazuh-agent.exe\""",{154c2aaf-e994-6846-c600-000000001800},0x3e7,3480,7052,C:\\Program Files (x86)\\ossec-agent\\,2025-06-09 14:03:00.683,"MD5=31890A7DE89936F922D44D677F681A7F,SHA256=7C4C7725E266F12ABA8C50FD1598D4001201BCA0E7ACA901508307E365AFFF42,IMPHASH=AC592B83B5CAEB41A6F6DF7DB53F9076",C:\\Program Files (x86)\\ossec-agent\\wazuh-agent.exe,Microsoft Corporation,net user guest,System,10.0.19041.1 (WinBuild.160101.0800),NT AUTHORITY\\SYSTEM,0,NT AUTHORITY\\SYSTEM,1,0x8000000000000000,{5770385f-c22a-43e0-bf4c-06f5698ffbd9},4,Microsoft-Windows-Sysmon/Operational,0,"""Process Create:
RuleName: -
UtcTime: 2025-06-09 14:03:00.683
ProcessGuid: {154c2aaf-e994-6846-c600-000000001800}
ProcessId: 7052
Image: C:\Windows\SysWOW64\net.exe
FileVersion: 10.0.19041.1 (WinBuild.160101.0800)
Description: Net Command
Product: Microsoft® Windows® Operating System
Company: Microsoft Corporation
OriginalFileName: net.exe
CommandLine: net user guest
CurrentDirectory: C:\Program Files (x86)\ossec-agent\
User: NT AUTHORITY\SYSTEM
LogonGuid: {154c2aaf-e981-6846-e703-000000000000}
LogonId: 0x3E7
TerminalSessionId: 0
IntegrityLevel: System
Hashes: MD5=31890A7DE89936F922D44D677F681A7F,SHA256=7C4C7725E266F12ABA8C50FD1598D4001201BCA0E7ACA901508307E365AFFF42,IMPHASH=AC592B83B5CAEB41A6F6DF7DB53F9076
ParentProcessGuid: {154c2aaf-e984-6846-5700-000000001800}
ParentProcessId: 3480
ParentImage: C:\Program Files (x86)\ossec-agent\wazuh-agent.exe
ParentCommandLine: ""C:\Program Files (x86)\ossec-agent\wazuh-agent.exe""
ParentUser: NT AUTHORITY\SYSTEM""",5,2025-06-09T14:03:00.6881834Z,30654,5512,DESKTOP-O7P9I53,1,3292,INFORMATION,Microsoft-Windows-Sysmon,3,false,3,A net.exe account discovery command was initiated,"[""sysmon"",""sysmon_eid1_detections"",""windows""]",92039,windows_eventchannel, ,log,"Jun 9, 2025 @ 19:34:11.923",EventChannel,1749477851.680845,"Jun 9, 2025 @ 19:34:11.923", , ,"[""Account Discovery""]","[""T1087""]","[""Discovery""]", , , , , , , , , , , , , , , , , , , , , , , , , , , , , , , , , , , , , , , , , , , , , , , , , , , , , , , , , , , , , , , , , , , , , , , , , , , , , , , , 
wazuh-alerts-4.x-2025.06.09,BKMBVZcB7NFPR1gL7DKj,1,1,192.168.254.162,DESKTOP-O7P9I53,001,hat-VMware-Virtual-Platform,net1.exe,C:\\Windows\\SysWOW64\\net1.exe,Microsoft® Windows® Operating System,{154c2aaf-e994-6846-c600-000000001800},Net Command,{154c2aaf-e981-6846-e703-000000000000},net user guest,{154c2aaf-e994-6846-c800-000000001800},0x3e7,7052,6580,C:\\Program Files (x86)\\ossec-agent\\,2025-06-09 14:03:00.738,"MD5=4A26539015F4FDB3AC3C5EB14336C7A7,SHA256=B25CF32B7BB76D5A5121919C63E6AE77262347F4AD7B29EE3C43CBAA61F43957,IMPHASH=D45C7E138CFAD11059C95018C99B7C96",C:\\Windows\\SysWOW64\\net.exe,Microsoft Corporation,C:\\Windows\\system32\\net1 user guest,System,10.0.19041.3636 (WinBuild.160101.0800),NT AUTHORITY\\SYSTEM,0,NT AUTHORITY\\SYSTEM,1,0x8000000000000000,{5770385f-c22a-43e0-bf4c-06f5698ffbd9},4,Microsoft-Windows-Sysmon/Operational,0,"""Process Create:
RuleName: -
UtcTime: 2025-06-09 14:03:00.738
ProcessGuid: {154c2aaf-e994-6846-c800-000000001800}
ProcessId: 6580
Image: C:\Windows\SysWOW64\net1.exe
FileVersion: 10.0.19041.3636 (WinBuild.160101.0800)
Description: Net Command
Product: Microsoft® Windows® Operating System
Company: Microsoft Corporation
OriginalFileName: net1.exe
CommandLine: C:\Windows\system32\net1 user guest
CurrentDirectory: C:\Program Files (x86)\ossec-agent\
User: NT AUTHORITY\SYSTEM
LogonGuid: {154c2aaf-e981-6846-e703-000000000000}
LogonId: 0x3E7
TerminalSessionId: 0
IntegrityLevel: System
Hashes: MD5=4A26539015F4FDB3AC3C5EB14336C7A7,SHA256=B25CF32B7BB76D5A5121919C63E6AE77262347F4AD7B29EE3C43CBAA61F43957,IMPHASH=D45C7E138CFAD11059C95018C99B7C96
ParentProcessGuid: {154c2aaf-e994-6846-c600-000000001800}
ParentProcessId: 7052
ParentImage: C:\Windows\SysWOW64\net.exe
ParentCommandLine: net user guest
ParentUser: NT AUTHORITY\SYSTEM""",5,2025-06-09T14:03:00.7454505Z,30655,5512,DESKTOP-O7P9I53,1,3292,INFORMATION,Microsoft-Windows-Sysmon,4,false,3,A net.exe account discovery command was initiated,"[""sysmon"",""sysmon_eid1_detections"",""windows""]",92039,windows_eventchannel, ,log,"Jun 9, 2025 @ 19:34:11.923",EventChannel,1749477851.686410,"Jun 9, 2025 @ 19:34:11.923", , ,"[""Account Discovery""]","[""T1087""]","[""Discovery""]", , , , , , , , , , , , , , , , , , , , , , , , , , , , , , , , , , , , , , , , , , , , , , , , , , , , , , , , , , , , , , , , , , , , , , , , , , , , , , , , 
wazuh-alerts-4.x-2025.06.09,CqMBVZcB7NFPR1gL7DKj,1,1,192.168.254.162,DESKTOP-O7P9I53,001,hat-VMware-Virtual-Platform,net1.exe,C:\\Windows\\SysWOW64\\net1.exe,Microsoft® Windows® Operating System,{154c2aaf-e995-6846-cf00-000000001800},Net Command,{154c2aaf-e981-6846-e703-000000000000},net.exe accounts,{154c2aaf-e995-6846-d100-000000001800},0x3e7,6520,3244,C:\\Program Files (x86)\\ossec-agent\\,2025-06-09 14:03:01.181,"MD5=4A26539015F4FDB3AC3C5EB14336C7A7,SHA256=B25CF32B7BB76D5A5121919C63E6AE77262347F4AD7B29EE3C43CBAA61F43957,IMPHASH=D45C7E138CFAD11059C95018C99B7C96",C:\\Windows\\SysWOW64\\net.exe,Microsoft Corporation,C:\\Windows\\system32\\net1 accounts,System,10.0.19041.3636 (WinBuild.160101.0800),NT AUTHORITY\\SYSTEM,0,NT AUTHORITY\\SYSTEM,1,0x8000000000000000,{5770385f-c22a-43e0-bf4c-06f5698ffbd9},4,Microsoft-Windows-Sysmon/Operational,0,"""Process Create:
RuleName: -
UtcTime: 2025-06-09 14:03:01.181
ProcessGuid: {154c2aaf-e995-6846-d100-000000001800}
ProcessId: 3244
Image: C:\Windows\SysWOW64\net1.exe
FileVersion: 10.0.19041.3636 (WinBuild.160101.0800)
Description: Net Command
Product: Microsoft® Windows® Operating System
Company: Microsoft Corporation
OriginalFileName: net1.exe
CommandLine: C:\Windows\system32\net1 accounts
CurrentDirectory: C:\Program Files (x86)\ossec-agent\
User: NT AUTHORITY\SYSTEM
LogonGuid: {154c2aaf-e981-6846-e703-000000000000}
LogonId: 0x3E7
TerminalSessionId: 0
IntegrityLevel: System
Hashes: MD5=4A26539015F4FDB3AC3C5EB14336C7A7,SHA256=B25CF32B7BB76D5A5121919C63E6AE77262347F4AD7B29EE3C43CBAA61F43957,IMPHASH=D45C7E138CFAD11059C95018C99B7C96
ParentProcessGuid: {154c2aaf-e995-6846-cf00-000000001800}
ParentProcessId: 6520
ParentImage: C:\Windows\SysWOW64\net.exe
ParentCommandLine: net.exe accounts
ParentUser: NT AUTHORITY\SYSTEM""",5,2025-06-09T14:03:01.2167817Z,30661,5512,DESKTOP-O7P9I53,1,3292,INFORMATION,Microsoft-Windows-Sysmon,20,false,3,Discovery activity executed,"[""sysmon"",""sysmon_eid1_detections"",""windows""]",92031,windows_eventchannel, ,log,"Jun 9, 2025 @ 19:34:12.017",EventChannel,1749477852.719432,"Jun 9, 2025 @ 19:34:12.017", , ,"[""Account Discovery""]","[""T1087""]","[""Discovery""]", , , , , , , , , , , , , , , , , , , , , , , , , , , , , , , , , , , , , , , , , , , , , , , , , , , , , , , , , , , , , , , , , , , , , , , , , , , , , , , , 
wazuh-alerts-4.x-2025.06.09,DaMBVZcB7NFPR1gL7DKj,1,1,192.168.254.162,DESKTOP-O7P9I53,001,hat-VMware-Virtual-Platform,AUDITPOL.EXE,C:\\Windows\\SysWOW64\\auditpol.exe,Microsoft® Windows® Operating System,{154c2aaf-e984-6846-5700-000000001800},Audit Policy Program,{154c2aaf-e981-6846-e703-000000000000},"\""C:\\Program Files (x86)\\ossec-agent\\wazuh-agent.exe\""",{154c2aaf-e99a-6846-da00-000000001800},0x3e7,3480,6420,C:\\Program Files (x86)\\ossec-agent\\,2025-06-09 14:03:06.797,"MD5=DF7CD9AA34252DD4E0330FE964D5BDF7,SHA256=6A6C7FA1890DFB36F31780EABAB1A42FBBFAC43BC2DF14B97BF49B1E3EB1DEC6,IMPHASH=0C4B99BEEA5B3B9367B087A10A48BD92",C:\\Program Files (x86)\\ossec-agent\\wazuh-agent.exe,Microsoft Corporation,"auditpol.exe /get /subcategory:\""Credential Validation\""",System,10.0.19041.3636 (WinBuild.160101.0800),NT AUTHORITY\\SYSTEM,0,NT AUTHORITY\\SYSTEM,1,0x8000000000000000,{5770385f-c22a-43e0-bf4c-06f5698ffbd9},4,Microsoft-Windows-Sysmon/Operational,0,"""Process Create:
RuleName: -
UtcTime: 2025-06-09 14:03:06.797
ProcessGuid: {154c2aaf-e99a-6846-da00-000000001800}
ProcessId: 6420
Image: C:\Windows\SysWOW64\auditpol.exe
FileVersion: 10.0.19041.3636 (WinBuild.160101.0800)
Description: Audit Policy Program
Product: Microsoft® Windows® Operating System
Company: Microsoft Corporation
OriginalFileName: AUDITPOL.EXE
CommandLine: auditpol.exe /get /subcategory:""Credential Validation""
CurrentDirectory: C:\Program Files (x86)\ossec-agent\
User: NT AUTHORITY\SYSTEM
LogonGuid: {154c2aaf-e981-6846-e703-000000000000}
LogonId: 0x3E7
TerminalSessionId: 0
IntegrityLevel: System
Hashes: MD5=DF7CD9AA34252DD4E0330FE964D5BDF7,SHA256=6A6C7FA1890DFB36F31780EABAB1A42FBBFAC43BC2DF14B97BF49B1E3EB1DEC6,IMPHASH=0C4B99BEEA5B3B9367B087A10A48BD92
ParentProcessGuid: {154c2aaf-e984-6846-5700-000000001800}
ParentProcessId: 3480
ParentImage: C:\Program Files (x86)\ossec-agent\wazuh-agent.exe
ParentCommandLine: ""C:\Program Files (x86)\ossec-agent\wazuh-agent.exe""
ParentUser: NT AUTHORITY\SYSTEM""",5,2025-06-09T14:03:06.8035902Z,30667,5512,DESKTOP-O7P9I53,1,3292,INFORMATION,Microsoft-Windows-Sysmon,58,false,5,Sysmon - Event 1: Process creation Audit Policy Program,"[""windows"",""sysmon"",""sysmon_event1""]",61603,windows_eventchannel,"{""win"":{""system"":{""providerName"":""Microsoft-Windows-Sysmon"",""providerGuid"":""{5770385f-c22a-43e0-bf4c-06f5698ffbd9}"",""eventID"":""1"",""version"":""5"",""level"":""4"",""task"":""1"",""opcode"":""0"",""keywords"":""0x8000000000000000"",""systemTime"":""2025-06-09T14:03:06.8035902Z"",""eventRecordID"":""30667"",""processID"":""3292"",""threadID"":""5512"",""channel"":""Microsoft-Windows-Sysmon/Operational"",""computer"":""DESKTOP-O7P9I53"",""severityValue"":""INFORMATION"",""message"":""\""Process Create:\r\nRuleName: -\r\nUtcTime: 2025-06-09 14:03:06.797\r\nProcessGuid: {154c2aaf-e99a-6846-da00-000000001800}\r\nProcessId: 6420\r\nImage: C:\\Windows\\SysWOW64\\auditpol.exe\r\nFileVersion: 10.0.19041.3636 (WinBuild.160101.0800)\r\nDescription: Audit Policy Program\r\nProduct: Microsoft® Windows® Operating System\r\nCompany: Microsoft Corporation\r\nOriginalFileName: AUDITPOL.EXE\r\nCommandLine: auditpol.exe /get /subcategory:\""Credential Validation\""\r\nCurrentDirectory: C:\\Program Files (x86)\\ossec-agent\\\r\nUser: NT AUTHORITY\\SYSTEM\r\nLogonGuid: {154c2aaf-e981-6846-e703-000000000000}\r\nLogonId: 0x3E7\r\nTerminalSessionId: 0\r\nIntegrityLevel: System\r\nHashes: MD5=DF7CD9AA34252DD4E0330FE964D5BDF7,SHA256=6A6C7FA1890DFB36F31780EABAB1A42FBBFAC43BC2DF14B97BF49B1E3EB1DEC6,IMPHASH=0C4B99BEEA5B3B9367B087A10A48BD92\r\nParentProcessGuid: {154c2aaf-e984-6846-5700-000000001800}\r\nParentProcessId: 3480\r\nParentImage: C:\\Program Files (x86)\\ossec-agent\\wazuh-agent.exe\r\nParentCommandLine: \""C:\\Program Files (x86)\\ossec-agent\\wazuh-agent.exe\""\r\nParentUser: NT AUTHORITY\\SYSTEM\""""},""eventdata"":{""utcTime"":""2025-06-09 14:03:06.797"",""processGuid"":""{154c2aaf-e99a-6846-da00-000000001800}"",""processId"":""6420"",""image"":""C:\\\\Windows\\\\SysWOW64\\\\auditpol.exe"",""fileVersion"":""10.0.19041.3636 (WinBuild.160101.0800)"",""description"":""Audit Policy Program"",""product"":""Microsoft® Windows® Operating System"",""company"":""Microsoft Corporation"",""originalFileName"":""AUDITPOL.EXE"",""commandLine"":""auditpol.exe /get /subcategory:\\\""Credential Validation\\\"""",""currentDirectory"":""C:\\\\Program Files (x86)\\\\ossec-agent\\\\"",""user"":""NT AUTHORITY\\\\SYSTEM"",""logonGuid"":""{154c2aaf-e981-6846-e703-000000000000}"",""logonId"":""0x3e7"",""terminalSessionId"":""0"",""integrityLevel"":""System"",""hashes"":""MD5=DF7CD9AA34252DD4E0330FE964D5BDF7,SHA256=6A6C7FA1890DFB36F31780EABAB1A42FBBFAC43BC2DF14B97BF49B1E3EB1DEC6,IMPHASH=0C4B99BEEA5B3B9367B087A10A48BD92"",""parentProcessGuid"":""{154c2aaf-e984-6846-5700-000000001800}"",""parentProcessId"":""3480"",""parentImage"":""C:\\\\Program Files (x86)\\\\ossec-agent\\\\wazuh-agent.exe"",""parentCommandLine"":""\\\""C:\\\\Program Files (x86)\\\\ossec-agent\\\\wazuh-agent.exe\\\"""",""parentUser"":""NT AUTHORITY\\\\SYSTEM""}}}",log,"Jun 9, 2025 @ 19:34:12.110",EventChannel,1749477852.733988,"Jun 9, 2025 @ 19:34:12.110", , , , , , , , , , , , , , , , , , , , , , , , , , , , , , , , , , , , , , , , , , , , , , , , , , , , , , , , , , , , , , , , , , , , , , , , , , , , , , , , , , , , , 
wazuh-alerts-4.x-2025.06.09,DqMBVZcB7NFPR1gL7DKj,1,1,192.168.254.162,DESKTOP-O7P9I53,001,hat-VMware-Virtual-Platform,SeCEdit,C:\\Windows\\SysWOW64\\SecEdit.exe,Microsoft® Windows® Operating System,{154c2aaf-e997-6846-d600-000000001800},Windows Security Configuration Editor Command Tool,{154c2aaf-e981-6846-e703-000000000000},"powershell \""$null = secedit /export /cfg $env:temp/secexport.cfg; $(gc $env:temp/secexport.cfg | Select-String \\\""LSAAnonymousNameLookup\\\"").ToString().Split(\\\""=\\\"")[1].Trim()\""",{154c2aaf-e999-6846-d800-000000001800},0x3e7,6852,4284,C:\\Program Files (x86)\\ossec-agent\\,2025-06-09 14:03:05.527,"MD5=BFC13856291E4B804D33BBAEFC8CB3B5,SHA256=56CB815F0FDA92C4658296692E4F70DEE557137528482FE7A834296BFDB710C0,IMPHASH=615449A6A25801F47AE0D7578EB950B4",C:\\Windows\\SysWOW64\\WindowsPowerShell\\v1.0\\powershell.exe,Microsoft Corporation,"\""C:\\Windows\\system32\\SecEdit.exe\"" /export /cfg C:\\Windows\\TEMP/secexport.cfg",System,10.0.19041.1 (WinBuild.160101.0800),NT AUTHORITY\\SYSTEM,0,NT AUTHORITY\\SYSTEM,1,0x8000000000000000,{5770385f-c22a-43e0-bf4c-06f5698ffbd9},4,Microsoft-Windows-Sysmon/Operational,0,"""Process Create:
RuleName: -
UtcTime: 2025-06-09 14:03:05.527
ProcessGuid: {154c2aaf-e999-6846-d800-000000001800}
ProcessId: 4284
Image: C:\Windows\SysWOW64\SecEdit.exe
FileVersion: 10.0.19041.1 (WinBuild.160101.0800)
Description: Windows Security Configuration Editor Command Tool
Product: Microsoft® Windows® Operating System
Company: Microsoft Corporation
OriginalFileName: SeCEdit
CommandLine: ""C:\Windows\system32\SecEdit.exe"" /export /cfg C:\Windows\TEMP/secexport.cfg
CurrentDirectory: C:\Program Files (x86)\ossec-agent\
User: NT AUTHORITY\SYSTEM
LogonGuid: {154c2aaf-e981-6846-e703-000000000000}
LogonId: 0x3E7
TerminalSessionId: 0
IntegrityLevel: System
Hashes: MD5=BFC13856291E4B804D33BBAEFC8CB3B5,SHA256=56CB815F0FDA92C4658296692E4F70DEE557137528482FE7A834296BFDB710C0,IMPHASH=615449A6A25801F47AE0D7578EB950B4
ParentProcessGuid: {154c2aaf-e997-6846-d600-000000001800}
ParentProcessId: 6852
ParentImage: C:\Windows\SysWOW64\WindowsPowerShell\v1.0\powershell.exe
ParentCommandLine: powershell ""$null = secedit /export /cfg $env:temp/secexport.cfg; $(gc $env:temp/secexport.cfg | Select-String \""LSAAnonymousNameLookup\"").ToString().Split(\""=\"")[1].Trim()""
ParentUser: NT AUTHORITY\SYSTEM""",5,2025-06-09T14:03:05.5315017Z,30666,5512,DESKTOP-O7P9I53,1,3292,INFORMATION,Microsoft-Windows-Sysmon,1,false,4,C:\\Windows\\SysWOW64\\SecEdit.exe binary in a suspicious location launched by C:\\Windows\\SysWOW64\\WindowsPowerShell\\v1.0\\powershell.exe,"[""sysmon"",""sysmon_eid1_detections"",""windows""]",92066,windows_eventchannel, ,log,"Jun 9, 2025 @ 19:34:12.110",EventChannel,1749477852.739808,"Jun 9, 2025 @ 19:34:12.110", , ,"[""PowerShell""]","[""T1059.001""]","[""Execution""]", , , , , , , , , , , , , , , , , , , , , , , , , , , , , , , , , , , , , , , , , , , , , , , , , , , , , , , , , , , , , , , , , , , , , , , , , , , , , , , , 
wazuh-alerts-4.x-2025.06.09,EaMBVZcB7NFPR1gL7DKj,1,1,192.168.254.162,DESKTOP-O7P9I53,001,hat-VMware-Virtual-Platform,AUDITPOL.EXE,C:\\Windows\\SysWOW64\\auditpol.exe,Microsoft® Windows® Operating System,{154c2aaf-e984-6846-5700-000000001800},Audit Policy Program,{154c2aaf-e981-6846-e703-000000000000},"\""C:\\Program Files (x86)\\ossec-agent\\wazuh-agent.exe\""",{154c2aaf-e99b-6846-e000-000000001800},0x3e7,3480,6928,C:\\Program Files (x86)\\ossec-agent\\,2025-06-09 14:03:07.131,"MD5=DF7CD9AA34252DD4E0330FE964D5BDF7,SHA256=6A6C7FA1890DFB36F31780EABAB1A42FBBFAC43BC2DF14B97BF49B1E3EB1DEC6,IMPHASH=0C4B99BEEA5B3B9367B087A10A48BD92",C:\\Program Files (x86)\\ossec-agent\\wazuh-agent.exe,Microsoft Corporation,"auditpol.exe /get /subcategory:\""User Account Management\""",System,10.0.19041.3636 (WinBuild.160101.0800),NT AUTHORITY\\SYSTEM,0,NT AUTHORITY\\SYSTEM,1,0x8000000000000000,{5770385f-c22a-43e0-bf4c-06f5698ffbd9},4,Microsoft-Windows-Sysmon/Operational,0,"""Process Create:
RuleName: -
UtcTime: 2025-06-09 14:03:07.131
ProcessGuid: {154c2aaf-e99b-6846-e000-000000001800}
ProcessId: 6928
Image: C:\Windows\SysWOW64\auditpol.exe
FileVersion: 10.0.19041.3636 (WinBuild.160101.0800)
Description: Audit Policy Program
Product: Microsoft® Windows® Operating System
Company: Microsoft Corporation
OriginalFileName: AUDITPOL.EXE
CommandLine: auditpol.exe /get /subcategory:""User Account Management""
CurrentDirectory: C:\Program Files (x86)\ossec-agent\
User: NT AUTHORITY\SYSTEM
LogonGuid: {154c2aaf-e981-6846-e703-000000000000}
LogonId: 0x3E7
TerminalSessionId: 0
IntegrityLevel: System
Hashes: MD5=DF7CD9AA34252DD4E0330FE964D5BDF7,SHA256=6A6C7FA1890DFB36F31780EABAB1A42FBBFAC43BC2DF14B97BF49B1E3EB1DEC6,IMPHASH=0C4B99BEEA5B3B9367B087A10A48BD92
ParentProcessGuid: {154c2aaf-e984-6846-5700-000000001800}
ParentProcessId: 3480
ParentImage: C:\Program Files (x86)\ossec-agent\wazuh-agent.exe
ParentCommandLine: ""C:\Program Files (x86)\ossec-agent\wazuh-agent.exe""
ParentUser: NT AUTHORITY\SYSTEM""",5,2025-06-09T14:03:07.1354301Z,30670,5512,DESKTOP-O7P9I53,1,3292,INFORMATION,Microsoft-Windows-Sysmon,61,false,5,Sysmon - Event 1: Process creation Audit Policy Program,"[""windows"",""sysmon"",""sysmon_event1""]",61603,windows_eventchannel,"{""win"":{""system"":{""providerName"":""Microsoft-Windows-Sysmon"",""providerGuid"":""{5770385f-c22a-43e0-bf4c-06f5698ffbd9}"",""eventID"":""1"",""version"":""5"",""level"":""4"",""task"":""1"",""opcode"":""0"",""keywords"":""0x8000000000000000"",""systemTime"":""2025-06-09T14:03:07.1354301Z"",""eventRecordID"":""30670"",""processID"":""3292"",""threadID"":""5512"",""channel"":""Microsoft-Windows-Sysmon/Operational"",""computer"":""DESKTOP-O7P9I53"",""severityValue"":""INFORMATION"",""message"":""\""Process Create:\r\nRuleName: -\r\nUtcTime: 2025-06-09 14:03:07.131\r\nProcessGuid: {154c2aaf-e99b-6846-e000-000000001800}\r\nProcessId: 6928\r\nImage: C:\\Windows\\SysWOW64\\auditpol.exe\r\nFileVersion: 10.0.19041.3636 (WinBuild.160101.0800)\r\nDescription: Audit Policy Program\r\nProduct: Microsoft® Windows® Operating System\r\nCompany: Microsoft Corporation\r\nOriginalFileName: AUDITPOL.EXE\r\nCommandLine: auditpol.exe /get /subcategory:\""User Account Management\""\r\nCurrentDirectory: C:\\Program Files (x86)\\ossec-agent\\\r\nUser: NT AUTHORITY\\SYSTEM\r\nLogonGuid: {154c2aaf-e981-6846-e703-000000000000}\r\nLogonId: 0x3E7\r\nTerminalSessionId: 0\r\nIntegrityLevel: System\r\nHashes: MD5=DF7CD9AA34252DD4E0330FE964D5BDF7,SHA256=6A6C7FA1890DFB36F31780EABAB1A42FBBFAC43BC2DF14B97BF49B1E3EB1DEC6,IMPHASH=0C4B99BEEA5B3B9367B087A10A48BD92\r\nParentProcessGuid: {154c2aaf-e984-6846-5700-000000001800}\r\nParentProcessId: 3480\r\nParentImage: C:\\Program Files (x86)\\ossec-agent\\wazuh-agent.exe\r\nParentCommandLine: \""C:\\Program Files (x86)\\ossec-agent\\wazuh-agent.exe\""\r\nParentUser: NT AUTHORITY\\SYSTEM\""""},""eventdata"":{""utcTime"":""2025-06-09 14:03:07.131"",""processGuid"":""{154c2aaf-e99b-6846-e000-000000001800}"",""processId"":""6928"",""image"":""C:\\\\Windows\\\\SysWOW64\\\\auditpol.exe"",""fileVersion"":""10.0.19041.3636 (WinBuild.160101.0800)"",""description"":""Audit Policy Program"",""product"":""Microsoft® Windows® Operating System"",""company"":""Microsoft Corporation"",""originalFileName"":""AUDITPOL.EXE"",""commandLine"":""auditpol.exe /get /subcategory:\\\""User Account Management\\\"""",""currentDirectory"":""C:\\\\Program Files (x86)\\\\ossec-agent\\\\"",""user"":""NT AUTHORITY\\\\SYSTEM"",""logonGuid"":""{154c2aaf-e981-6846-e703-000000000000}"",""logonId"":""0x3e7"",""terminalSessionId"":""0"",""integrityLevel"":""System"",""hashes"":""MD5=DF7CD9AA34252DD4E0330FE964D5BDF7,SHA256=6A6C7FA1890DFB36F31780EABAB1A42FBBFAC43BC2DF14B97BF49B1E3EB1DEC6,IMPHASH=0C4B99BEEA5B3B9367B087A10A48BD92"",""parentProcessGuid"":""{154c2aaf-e984-6846-5700-000000001800}"",""parentProcessId"":""3480"",""parentImage"":""C:\\\\Program Files (x86)\\\\ossec-agent\\\\wazuh-agent.exe"",""parentCommandLine"":""\\\""C:\\\\Program Files (x86)\\\\ossec-agent\\\\wazuh-agent.exe\\\"""",""parentUser"":""NT AUTHORITY\\\\SYSTEM""}}}",log,"Jun 9, 2025 @ 19:34:12.171",EventChannel,1749477852.758151,"Jun 9, 2025 @ 19:34:12.171", , , , , , , , , , , , , , , , , , , , , , , , , , , , , , , , , , , , , , , , , , , , , , , , , , , , , , , , , , , , , , , , , , , , , , , , , , , , , , , , , , , , , 
wazuh-alerts-4.x-2025.06.09,FKMBVZcB7NFPR1gL7DKj,1,1,192.168.254.162,DESKTOP-O7P9I53,001,hat-VMware-Virtual-Platform,AUDITPOL.EXE,C:\\Windows\\SysWOW64\\auditpol.exe,Microsoft® Windows® Operating System,{154c2aaf-e984-6846-5700-000000001800},Audit Policy Program,{154c2aaf-e981-6846-e703-000000000000},"\""C:\\Program Files (x86)\\ossec-agent\\wazuh-agent.exe\""",{154c2aaf-e99b-6846-e400-000000001800},0x3e7,3480,4328,C:\\Program Files (x86)\\ossec-agent\\,2025-06-09 14:03:07.250,"MD5=DF7CD9AA34252DD4E0330FE964D5BDF7,SHA256=6A6C7FA1890DFB36F31780EABAB1A42FBBFAC43BC2DF14B97BF49B1E3EB1DEC6,IMPHASH=0C4B99BEEA5B3B9367B087A10A48BD92",C:\\Program Files (x86)\\ossec-agent\\wazuh-agent.exe,Microsoft Corporation,"auditpol.exe /get /subcategory:\""Process Creation\""",System,10.0.19041.3636 (WinBuild.160101.0800),NT AUTHORITY\\SYSTEM,0,NT AUTHORITY\\SYSTEM,1,0x8000000000000000,{5770385f-c22a-43e0-bf4c-06f5698ffbd9},4,Microsoft-Windows-Sysmon/Operational,0,"""Process Create:
RuleName: -
UtcTime: 2025-06-09 14:03:07.250
ProcessGuid: {154c2aaf-e99b-6846-e400-000000001800}
ProcessId: 4328
Image: C:\Windows\SysWOW64\auditpol.exe
FileVersion: 10.0.19041.3636 (WinBuild.160101.0800)
Description: Audit Policy Program
Product: Microsoft® Windows® Operating System
Company: Microsoft Corporation
OriginalFileName: AUDITPOL.EXE
CommandLine: auditpol.exe /get /subcategory:""Process Creation""
CurrentDirectory: C:\Program Files (x86)\ossec-agent\
User: NT AUTHORITY\SYSTEM
LogonGuid: {154c2aaf-e981-6846-e703-000000000000}
LogonId: 0x3E7
TerminalSessionId: 0
IntegrityLevel: System
Hashes: MD5=DF7CD9AA34252DD4E0330FE964D5BDF7,SHA256=6A6C7FA1890DFB36F31780EABAB1A42FBBFAC43BC2DF14B97BF49B1E3EB1DEC6,IMPHASH=0C4B99BEEA5B3B9367B087A10A48BD92
ParentProcessGuid: {154c2aaf-e984-6846-5700-000000001800}
ParentProcessId: 3480
ParentImage: C:\Program Files (x86)\ossec-agent\wazuh-agent.exe
ParentCommandLine: ""C:\Program Files (x86)\ossec-agent\wazuh-agent.exe""
ParentUser: NT AUTHORITY\SYSTEM""",5,2025-06-09T14:03:07.2521690Z,30672,5512,DESKTOP-O7P9I53,1,3292,INFORMATION,Microsoft-Windows-Sysmon,64,false,5,Sysmon - Event 1: Process creation Audit Policy Program,"[""windows"",""sysmon"",""sysmon_event1""]",61603,windows_eventchannel,"{""win"":{""system"":{""providerName"":""Microsoft-Windows-Sysmon"",""providerGuid"":""{5770385f-c22a-43e0-bf4c-06f5698ffbd9}"",""eventID"":""1"",""version"":""5"",""level"":""4"",""task"":""1"",""opcode"":""0"",""keywords"":""0x8000000000000000"",""systemTime"":""2025-06-09T14:03:07.2521690Z"",""eventRecordID"":""30672"",""processID"":""3292"",""threadID"":""5512"",""channel"":""Microsoft-Windows-Sysmon/Operational"",""computer"":""DESKTOP-O7P9I53"",""severityValue"":""INFORMATION"",""message"":""\""Process Create:\r\nRuleName: -\r\nUtcTime: 2025-06-09 14:03:07.250\r\nProcessGuid: {154c2aaf-e99b-6846-e400-000000001800}\r\nProcessId: 4328\r\nImage: C:\\Windows\\SysWOW64\\auditpol.exe\r\nFileVersion: 10.0.19041.3636 (WinBuild.160101.0800)\r\nDescription: Audit Policy Program\r\nProduct: Microsoft® Windows® Operating System\r\nCompany: Microsoft Corporation\r\nOriginalFileName: AUDITPOL.EXE\r\nCommandLine: auditpol.exe /get /subcategory:\""Process Creation\""\r\nCurrentDirectory: C:\\Program Files (x86)\\ossec-agent\\\r\nUser: NT AUTHORITY\\SYSTEM\r\nLogonGuid: {154c2aaf-e981-6846-e703-000000000000}\r\nLogonId: 0x3E7\r\nTerminalSessionId: 0\r\nIntegrityLevel: System\r\nHashes: MD5=DF7CD9AA34252DD4E0330FE964D5BDF7,SHA256=6A6C7FA1890DFB36F31780EABAB1A42FBBFAC43BC2DF14B97BF49B1E3EB1DEC6,IMPHASH=0C4B99BEEA5B3B9367B087A10A48BD92\r\nParentProcessGuid: {154c2aaf-e984-6846-5700-000000001800}\r\nParentProcessId: 3480\r\nParentImage: C:\\Program Files (x86)\\ossec-agent\\wazuh-agent.exe\r\nParentCommandLine: \""C:\\Program Files (x86)\\ossec-agent\\wazuh-agent.exe\""\r\nParentUser: NT AUTHORITY\\SYSTEM\""""},""eventdata"":{""utcTime"":""2025-06-09 14:03:07.250"",""processGuid"":""{154c2aaf-e99b-6846-e400-000000001800}"",""processId"":""4328"",""image"":""C:\\\\Windows\\\\SysWOW64\\\\auditpol.exe"",""fileVersion"":""10.0.19041.3636 (WinBuild.160101.0800)"",""description"":""Audit Policy Program"",""product"":""Microsoft® Windows® Operating System"",""company"":""Microsoft Corporation"",""originalFileName"":""AUDITPOL.EXE"",""commandLine"":""auditpol.exe /get /subcategory:\\\""Process Creation\\\"""",""currentDirectory"":""C:\\\\Program Files (x86)\\\\ossec-agent\\\\"",""user"":""NT AUTHORITY\\\\SYSTEM"",""logonGuid"":""{154c2aaf-e981-6846-e703-000000000000}"",""logonId"":""0x3e7"",""terminalSessionId"":""0"",""integrityLevel"":""System"",""hashes"":""MD5=DF7CD9AA34252DD4E0330FE964D5BDF7,SHA256=6A6C7FA1890DFB36F31780EABAB1A42FBBFAC43BC2DF14B97BF49B1E3EB1DEC6,IMPHASH=0C4B99BEEA5B3B9367B087A10A48BD92"",""parentProcessGuid"":""{154c2aaf-e984-6846-5700-000000001800}"",""parentProcessId"":""3480"",""parentImage"":""C:\\\\Program Files (x86)\\\\ossec-agent\\\\wazuh-agent.exe"",""parentCommandLine"":""\\\""C:\\\\Program Files (x86)\\\\ossec-agent\\\\wazuh-agent.exe\\\"""",""parentUser"":""NT AUTHORITY\\\\SYSTEM""}}}",log,"Jun 9, 2025 @ 19:34:12.203",EventChannel,1749477852.775591,"Jun 9, 2025 @ 19:34:12.203", , , , , , , , , , , , , , , , , , , , , , , , , , , , , , , , , , , , , , , , , , , , , , , , , , , , , , , , , , , , , , , , , , , , , , , , , , , , , , , , , , , , , 
wazuh-alerts-4.x-2025.06.09,FqMBVZcB7NFPR1gL7DKj,1,1,192.168.254.162,DESKTOP-O7P9I53,001,hat-VMware-Virtual-Platform,AUDITPOL.EXE,C:\\Windows\\SysWOW64\\auditpol.exe,Microsoft® Windows® Operating System,{154c2aaf-e984-6846-5700-000000001800},Audit Policy Program,{154c2aaf-e981-6846-e703-000000000000},"\""C:\\Program Files (x86)\\ossec-agent\\wazuh-agent.exe\""",{154c2aaf-e99b-6846-ea00-000000001800},0x3e7,3480,3816,C:\\Program Files (x86)\\ossec-agent\\,2025-06-09 14:03:07.426,"MD5=DF7CD9AA34252DD4E0330FE964D5BDF7,SHA256=6A6C7FA1890DFB36F31780EABAB1A42FBBFAC43BC2DF14B97BF49B1E3EB1DEC6,IMPHASH=0C4B99BEEA5B3B9367B087A10A48BD92",C:\\Program Files (x86)\\ossec-agent\\wazuh-agent.exe,Microsoft Corporation,"auditpol.exe /get /subcategory:\""Logoff\""",System,10.0.19041.3636 (WinBuild.160101.0800),NT AUTHORITY\\SYSTEM,0,NT AUTHORITY\\SYSTEM,1,0x8000000000000000,{5770385f-c22a-43e0-bf4c-06f5698ffbd9},4,Microsoft-Windows-Sysmon/Operational,0,"""Process Create:
RuleName: -
UtcTime: 2025-06-09 14:03:07.426
ProcessGuid: {154c2aaf-e99b-6846-ea00-000000001800}
ProcessId: 3816
Image: C:\Windows\SysWOW64\auditpol.exe
FileVersion: 10.0.19041.3636 (WinBuild.160101.0800)
Description: Audit Policy Program
Product: Microsoft® Windows® Operating System
Company: Microsoft Corporation
OriginalFileName: AUDITPOL.EXE
CommandLine: auditpol.exe /get /subcategory:""Logoff""
CurrentDirectory: C:\Program Files (x86)\ossec-agent\
User: NT AUTHORITY\SYSTEM
LogonGuid: {154c2aaf-e981-6846-e703-000000000000}
LogonId: 0x3E7
TerminalSessionId: 0
IntegrityLevel: System
Hashes: MD5=DF7CD9AA34252DD4E0330FE964D5BDF7,SHA256=6A6C7FA1890DFB36F31780EABAB1A42FBBFAC43BC2DF14B97BF49B1E3EB1DEC6,IMPHASH=0C4B99BEEA5B3B9367B087A10A48BD92
ParentProcessGuid: {154c2aaf-e984-6846-5700-000000001800}
ParentProcessId: 3480
ParentImage: C:\Program Files (x86)\ossec-agent\wazuh-agent.exe
ParentCommandLine: ""C:\Program Files (x86)\ossec-agent\wazuh-agent.exe""
ParentUser: NT AUTHORITY\SYSTEM""",5,2025-06-09T14:03:07.4296986Z,30675,5512,DESKTOP-O7P9I53,1,3292,INFORMATION,Microsoft-Windows-Sysmon,66,false,5,Sysmon - Event 1: Process creation Audit Policy Program,"[""windows"",""sysmon"",""sysmon_event1""]",61603,windows_eventchannel,"{""win"":{""system"":{""providerName"":""Microsoft-Windows-Sysmon"",""providerGuid"":""{5770385f-c22a-43e0-bf4c-06f5698ffbd9}"",""eventID"":""1"",""version"":""5"",""level"":""4"",""task"":""1"",""opcode"":""0"",""keywords"":""0x8000000000000000"",""systemTime"":""2025-06-09T14:03:07.4296986Z"",""eventRecordID"":""30675"",""processID"":""3292"",""threadID"":""5512"",""channel"":""Microsoft-Windows-Sysmon/Operational"",""computer"":""DESKTOP-O7P9I53"",""severityValue"":""INFORMATION"",""message"":""\""Process Create:\r\nRuleName: -\r\nUtcTime: 2025-06-09 14:03:07.426\r\nProcessGuid: {154c2aaf-e99b-6846-ea00-000000001800}\r\nProcessId: 3816\r\nImage: C:\\Windows\\SysWOW64\\auditpol.exe\r\nFileVersion: 10.0.19041.3636 (WinBuild.160101.0800)\r\nDescription: Audit Policy Program\r\nProduct: Microsoft® Windows® Operating System\r\nCompany: Microsoft Corporation\r\nOriginalFileName: AUDITPOL.EXE\r\nCommandLine: auditpol.exe /get /subcategory:\""Logoff\""\r\nCurrentDirectory: C:\\Program Files (x86)\\ossec-agent\\\r\nUser: NT AUTHORITY\\SYSTEM\r\nLogonGuid: {154c2aaf-e981-6846-e703-000000000000}\r\nLogonId: 0x3E7\r\nTerminalSessionId: 0\r\nIntegrityLevel: System\r\nHashes: MD5=DF7CD9AA34252DD4E0330FE964D5BDF7,SHA256=6A6C7FA1890DFB36F31780EABAB1A42FBBFAC43BC2DF14B97BF49B1E3EB1DEC6,IMPHASH=0C4B99BEEA5B3B9367B087A10A48BD92\r\nParentProcessGuid: {154c2aaf-e984-6846-5700-000000001800}\r\nParentProcessId: 3480\r\nParentImage: C:\\Program Files (x86)\\ossec-agent\\wazuh-agent.exe\r\nParentCommandLine: \""C:\\Program Files (x86)\\ossec-agent\\wazuh-agent.exe\""\r\nParentUser: NT AUTHORITY\\SYSTEM\""""},""eventdata"":{""utcTime"":""2025-06-09 14:03:07.426"",""processGuid"":""{154c2aaf-e99b-6846-ea00-000000001800}"",""processId"":""3816"",""image"":""C:\\\\Windows\\\\SysWOW64\\\\auditpol.exe"",""fileVersion"":""10.0.19041.3636 (WinBuild.160101.0800)"",""description"":""Audit Policy Program"",""product"":""Microsoft® Windows® Operating System"",""company"":""Microsoft Corporation"",""originalFileName"":""AUDITPOL.EXE"",""commandLine"":""auditpol.exe /get /subcategory:\\\""Logoff\\\"""",""currentDirectory"":""C:\\\\Program Files (x86)\\\\ossec-agent\\\\"",""user"":""NT AUTHORITY\\\\SYSTEM"",""logonGuid"":""{154c2aaf-e981-6846-e703-000000000000}"",""logonId"":""0x3e7"",""terminalSessionId"":""0"",""integrityLevel"":""System"",""hashes"":""MD5=DF7CD9AA34252DD4E0330FE964D5BDF7,SHA256=6A6C7FA1890DFB36F31780EABAB1A42FBBFAC43BC2DF14B97BF49B1E3EB1DEC6,IMPHASH=0C4B99BEEA5B3B9367B087A10A48BD92"",""parentProcessGuid"":""{154c2aaf-e984-6846-5700-000000001800}"",""parentProcessId"":""3480"",""parentImage"":""C:\\\\Program Files (x86)\\\\ossec-agent\\\\wazuh-agent.exe"",""parentCommandLine"":""\\\""C:\\\\Program Files (x86)\\\\ossec-agent\\\\wazuh-agent.exe\\\"""",""parentUser"":""NT AUTHORITY\\\\SYSTEM""}}}",log,"Jun 9, 2025 @ 19:34:12.241",EventChannel,1749477852.787191,"Jun 9, 2025 @ 19:34:12.241", , , , , , , , , , , , , , , , , , , , , , , , , , , , , , , , , , , , , , , , , , , , , , , , , , , , , , , , , , , , , , , , , , , , , , , , , , , , , , , , , , , , , 
