wazuh-alerts-4.x-2025.06.09,meAEVZcBD7y1GXNGr4ed,1,1,192.168.254.162,DESKTOP-O7P9I53,001,hat-VMware-Virtual-Platform, ,C:\\Users\\admin\\AppData\\Local\\Microsoft\\OneDrive\\OneDrive.exe, , , , , ,{154c2aaf-eaa7-6846-a901-000000001800}, , ,8132, ,2025-06-09 14:07:35.429, , , , , , ,DESKTOP-O7P9I53\\admin, , ,13,0x8000000000000000,{5770385f-c22a-43e0-bf4c-06f5698ffbd9},4,Microsoft-Windows-Sysmon/Operational,0,"""Registry value set:
RuleName: T1122
EventType: SetValue
UtcTime: 2025-06-09 14:07:35.429
ProcessGuid: {154c2aaf-eaa7-6846-a901-000000001800}
ProcessId: 8132
Image: C:\Users\admin\AppData\Local\Microsoft\OneDrive\OneDrive.exe
TargetObject: HKU\S-1-5-21-442569660-4060779802-1076883227-1001_Classes\WOW6432Node\CLSID\{4410DC33-BC7C-496B-AA84-4AEA3EEE75F7}\InProcServer32\(Default)
Details: C:\Users\admin\AppData\Local\Microsoft\OneDrive\25.091.0512.0001\i386\FileCoAuthLib.dll
User: DESKTOP-O7P9I53\admin""",2,2025-06-09T14:07:35.4309612Z,31523,5512,DESKTOP-O7P9I53,13,3292,INFORMATION,Microsoft-Windows-Sysmon,409,false,5,Sysmon - Event 13: RegistryEvent SetValue on HKU\\S-1-5-21-442569660-4060779802-1076883227-1001_Classes\\WOW6432Node\\CLSID\\{4410DC33-BC7C-496B-AA84-4AEA3EEE75F7}\\InProcServer32\\(Default) by C:\\Users\\admin\\AppData\\Local\\Microsoft\\OneDrive\\OneDrive.exe,"[""windows"",""sysmon"",""sysmon_event_13""]",61615,windows_eventchannel,"{""win"":{""system"":{""providerName"":""Microsoft-Windows-Sysmon"",""providerGuid"":""{5770385f-c22a-43e0-bf4c-06f5698ffbd9}"",""eventID"":""13"",""version"":""2"",""level"":""4"",""task"":""13"",""opcode"":""0"",""keywords"":""0x8000000000000000"",""systemTime"":""2025-06-09T14:07:35.4309612Z"",""eventRecordID"":""31523"",""processID"":""3292"",""threadID"":""5512"",""channel"":""Microsoft-Windows-Sysmon/Operational"",""computer"":""DESKTOP-O7P9I53"",""severityValue"":""INFORMATION"",""message"":""\""Registry value set:\r\nRuleName: T1122\r\nEventType: SetValue\r\nUtcTime: 2025-06-09 14:07:35.429\r\nProcessGuid: {154c2aaf-eaa7-6846-a901-000000001800}\r\nProcessId: 8132\r\nImage: C:\\Users\\admin\\AppData\\Local\\Microsoft\\OneDrive\\OneDrive.exe\r\nTargetObject: HKU\\S-1-5-21-442569660-4060779802-1076883227-1001_Classes\\WOW6432Node\\CLSID\\{4410DC33-BC7C-496B-AA84-4AEA3EEE75F7}\\InProcServer32\\(Default)\r\nDetails: C:\\Users\\admin\\AppData\\Local\\Microsoft\\OneDrive\\25.091.0512.0001\\i386\\FileCoAuthLib.dll\r\nUser: DESKTOP-O7P9I53\\admin\""""},""eventdata"":{""ruleName"":""T1122"",""eventType"":""SetValue"",""utcTime"":""2025-06-09 14:07:35.429"",""processGuid"":""{154c2aaf-eaa7-6846-a901-000000001800}"",""processId"":""8132"",""image"":""C:\\\\Users\\\\admin\\\\AppData\\\\Local\\\\Microsoft\\\\OneDrive\\\\OneDrive.exe"",""targetObject"":""HKU\\\\S-1-5-21-442569660-4060779802-1076883227-1001_Classes\\\\WOW6432Node\\\\CLSID\\\\{4410DC33-BC7C-496B-AA84-4AEA3EEE75F7}\\\\InProcServer32\\\\(Default)"",""details"":""C:\\\\Users\\\\admin\\\\AppData\\\\Local\\\\Microsoft\\\\OneDrive\\\\25.091.0512.0001\\\\i386\\\\FileCoAuthLib.dll"",""user"":""DESKTOP-O7P9I53\\\\admin""}}}",log,"Jun 9, 2025 @ 19:37:37.822",EventChannel,1749478057.3176642,"Jun 9, 2025 @ 19:37:37.822", , , , , , , , , , , , , , , , , , , , , , , , , , , , , , , , , , , , , , , , , , , , , , , , , , , ,HKU\\S-1-5-21-442569660-4060779802-1076883227-1001_Classes\\WOW6432Node\\CLSID\\{4410DC33-BC7C-496B-AA84-4AEA3EEE75F7}\\InProcServer32\\(Default),T1122,C:\\Users\\admin\\AppData\\Local\\Microsoft\\OneDrive\\25.091.0512.0001\\i386\\FileCoAuthLib.dll,SetValue, , , , , , , , , , , , , , , , , , , , , , , , , , , , , , 
wazuh-alerts-4.x-2025.06.09,muAEVZcBD7y1GXNGr4ed,1,1,192.168.254.162,DESKTOP-O7P9I53,001,hat-VMware-Virtual-Platform, ,C:\\Users\\admin\\AppData\\Local\\Microsoft\\OneDrive\\OneDrive.exe, , , , , ,{154c2aaf-eaa7-6846-a901-000000001800}, , ,8132, ,2025-06-09 14:07:35.429, , , , , , ,DESKTOP-O7P9I53\\admin, , ,13,0x8000000000000000,{5770385f-c22a-43e0-bf4c-06f5698ffbd9},4,Microsoft-Windows-Sysmon/Operational,0,"""Registry value set:
RuleName: T1122
EventType: SetValue
UtcTime: 2025-06-09 14:07:35.429
ProcessGuid: {154c2aaf-eaa7-6846-a901-000000001800}
ProcessId: 8132
Image: C:\Users\admin\AppData\Local\Microsoft\OneDrive\OneDrive.exe
TargetObject: HKU\S-1-5-21-442569660-4060779802-1076883227-1001_Classes\CLSID\{4410DC33-BC7C-496B-AA84-4AEA3EEE75F7}\InProcServer32\(Default)
Details: C:\Users\admin\AppData\Local\Microsoft\OneDrive\25.091.0512.0001\FileCoAuthLib64.dll
User: DESKTOP-O7P9I53\admin""",2,2025-06-09T14:07:35.4360736Z,31524,5512,DESKTOP-O7P9I53,13,3292,INFORMATION,Microsoft-Windows-Sysmon,410,false,5,Sysmon - Event 13: RegistryEvent SetValue on HKU\\S-1-5-21-442569660-4060779802-1076883227-1001_Classes\\CLSID\\{4410DC33-BC7C-496B-AA84-4AEA3EEE75F7}\\InProcServer32\\(Default) by C:\\Users\\admin\\AppData\\Local\\Microsoft\\OneDrive\\OneDrive.exe,"[""windows"",""sysmon"",""sysmon_event_13""]",61615,windows_eventchannel,"{""win"":{""system"":{""providerName"":""Microsoft-Windows-Sysmon"",""providerGuid"":""{5770385f-c22a-43e0-bf4c-06f5698ffbd9}"",""eventID"":""13"",""version"":""2"",""level"":""4"",""task"":""13"",""opcode"":""0"",""keywords"":""0x8000000000000000"",""systemTime"":""2025-06-09T14:07:35.4360736Z"",""eventRecordID"":""31524"",""processID"":""3292"",""threadID"":""5512"",""channel"":""Microsoft-Windows-Sysmon/Operational"",""computer"":""DESKTOP-O7P9I53"",""severityValue"":""INFORMATION"",""message"":""\""Registry value set:\r\nRuleName: T1122\r\nEventType: SetValue\r\nUtcTime: 2025-06-09 14:07:35.429\r\nProcessGuid: {154c2aaf-eaa7-6846-a901-000000001800}\r\nProcessId: 8132\r\nImage: C:\\Users\\admin\\AppData\\Local\\Microsoft\\OneDrive\\OneDrive.exe\r\nTargetObject: HKU\\S-1-5-21-442569660-4060779802-1076883227-1001_Classes\\CLSID\\{4410DC33-BC7C-496B-AA84-4AEA3EEE75F7}\\InProcServer32\\(Default)\r\nDetails: C:\\Users\\admin\\AppData\\Local\\Microsoft\\OneDrive\\25.091.0512.0001\\FileCoAuthLib64.dll\r\nUser: DESKTOP-O7P9I53\\admin\""""},""eventdata"":{""ruleName"":""T1122"",""eventType"":""SetValue"",""utcTime"":""2025-06-09 14:07:35.429"",""processGuid"":""{154c2aaf-eaa7-6846-a901-000000001800}"",""processId"":""8132"",""image"":""C:\\\\Users\\\\admin\\\\AppData\\\\Local\\\\Microsoft\\\\OneDrive\\\\OneDrive.exe"",""targetObject"":""HKU\\\\S-1-5-21-442569660-4060779802-1076883227-1001_Classes\\\\CLSID\\\\{4410DC33-BC7C-496B-AA84-4AEA3EEE75F7}\\\\InProcServer32\\\\(Default)"",""details"":""C:\\\\Users\\\\admin\\\\AppData\\\\Local\\\\Microsoft\\\\OneDrive\\\\25.091.0512.0001\\\\FileCoAuthLib64.dll"",""user"":""DESKTOP-O7P9I53\\\\admin""}}}",log,"Jun 9, 2025 @ 19:37:37.911",EventChannel,1749478057.3180343,"Jun 9, 2025 @ 19:37:37.911", , , , , , , , , , , , , , , , , , , , , , , , , , , , , , , , , , , , , , , , , , , , , , , , , , , ,HKU\\S-1-5-21-442569660-4060779802-1076883227-1001_Classes\\CLSID\\{4410DC33-BC7C-496B-AA84-4AEA3EEE75F7}\\InProcServer32\\(Default),T1122,C:\\Users\\admin\\AppData\\Local\\Microsoft\\OneDrive\\25.091.0512.0001\\FileCoAuthLib64.dll,SetValue, , , , , , , , , , , , , , , , , , , , , , , , , , , , , , 
wazuh-alerts-4.x-2025.06.09,nOAEVZcBD7y1GXNGr4ed,1,1,192.168.254.162,DESKTOP-O7P9I53,001,hat-VMware-Virtual-Platform, ,C:\\Users\\admin\\AppData\\Local\\Microsoft\\OneDrive\\OneDrive.exe, , , , , ,{154c2aaf-eaa7-6846-a901-000000001800}, , ,8132, ,2025-06-09 14:07:35.436, , , , , , ,DESKTOP-O7P9I53\\admin, , ,13,0x8000000000000000,{5770385f-c22a-43e0-bf4c-06f5698ffbd9},4,Microsoft-Windows-Sysmon/Operational,0,"""Registry value set:
RuleName: T1042
EventType: SetValue
UtcTime: 2025-06-09 14:07:35.436
ProcessGuid: {154c2aaf-eaa7-6846-a901-000000001800}
ProcessId: 8132
Image: C:\Users\admin\AppData\Local\Microsoft\OneDrive\OneDrive.exe
TargetObject: HKU\S-1-5-21-442569660-4060779802-1076883227-1001_Classes\odopen\shell\open\command\(Default)
Details: ""C:\Users\admin\AppData\Local\Microsoft\OneDrive\OneDrive.exe"" /url:""Incorrect function.""
User: DESKTOP-O7P9I53\admin""",2,2025-06-09T14:07:35.4386725Z,31526,5512,DESKTOP-O7P9I53,13,3292,INFORMATION,Microsoft-Windows-Sysmon,412,false,5,Sysmon - Event 13: RegistryEvent SetValue on HKU\\S-1-5-21-442569660-4060779802-1076883227-1001_Classes\\odopen\\shell\\open\\command\\(Default) by C:\\Users\\admin\\AppData\\Local\\Microsoft\\OneDrive\\OneDrive.exe,"[""windows"",""sysmon"",""sysmon_event_13""]",61615,windows_eventchannel,"{""win"":{""system"":{""providerName"":""Microsoft-Windows-Sysmon"",""providerGuid"":""{5770385f-c22a-43e0-bf4c-06f5698ffbd9}"",""eventID"":""13"",""version"":""2"",""level"":""4"",""task"":""13"",""opcode"":""0"",""keywords"":""0x8000000000000000"",""systemTime"":""2025-06-09T14:07:35.4386725Z"",""eventRecordID"":""31526"",""processID"":""3292"",""threadID"":""5512"",""channel"":""Microsoft-Windows-Sysmon/Operational"",""computer"":""DESKTOP-O7P9I53"",""severityValue"":""INFORMATION"",""message"":""\""Registry value set:\r\nRuleName: T1042\r\nEventType: SetValue\r\nUtcTime: 2025-06-09 14:07:35.436\r\nProcessGuid: {154c2aaf-eaa7-6846-a901-000000001800}\r\nProcessId: 8132\r\nImage: C:\\Users\\admin\\AppData\\Local\\Microsoft\\OneDrive\\OneDrive.exe\r\nTargetObject: HKU\\S-1-5-21-442569660-4060779802-1076883227-1001_Classes\\odopen\\shell\\open\\command\\(Default)\r\nDetails: \""C:\\Users\\admin\\AppData\\Local\\Microsoft\\OneDrive\\OneDrive.exe\"" /url:\""Incorrect function.\""\r\nUser: DESKTOP-O7P9I53\\admin\""""},""eventdata"":{""ruleName"":""T1042"",""eventType"":""SetValue"",""utcTime"":""2025-06-09 14:07:35.436"",""processGuid"":""{154c2aaf-eaa7-6846-a901-000000001800}"",""processId"":""8132"",""image"":""C:\\\\Users\\\\admin\\\\AppData\\\\Local\\\\Microsoft\\\\OneDrive\\\\OneDrive.exe"",""targetObject"":""HKU\\\\S-1-5-21-442569660-4060779802-1076883227-1001_Classes\\\\odopen\\\\shell\\\\open\\\\command\\\\(Default)"",""details"":""\\\""C:\\\\Users\\\\admin\\\\AppData\\\\Local\\\\Microsoft\\\\OneDrive\\\\OneDrive.exe\\\"" /url:\\\""%%1\\\"""",""user"":""DESKTOP-O7P9I53\\\\admin""}}}",log,"Jun 9, 2025 @ 19:37:37.949",EventChannel,1749478057.3187418,"Jun 9, 2025 @ 19:37:37.949", , , , , , , , , , , , , , , , , , , , , , , , , , , , , , , , , , , , , , , , , , , , , , , , , , , ,HKU\\S-1-5-21-442569660-4060779802-1076883227-1001_Classes\\odopen\\shell\\open\\command\\(Default),T1042,"\""C:\\Users\\admin\\AppData\\Local\\Microsoft\\OneDrive\\OneDrive.exe\"" /url:\""%%1\""",SetValue, , , , , , , , , , , , , , , , , , , , , , , , , , , , , , 
wazuh-alerts-4.x-2025.06.09,neAEVZcBD7y1GXNGr4ee,1,1,192.168.254.162,DESKTOP-O7P9I53,001,hat-VMware-Virtual-Platform, ,C:\\Users\\admin\\AppData\\Local\\Microsoft\\OneDrive\\OneDrive.exe, , , , , ,{154c2aaf-eaa7-6846-a901-000000001800}, , ,8132, ,2025-06-09 14:07:35.436, , , , , , ,DESKTOP-O7P9I53\\admin, , ,13,0x8000000000000000,{5770385f-c22a-43e0-bf4c-06f5698ffbd9},4,Microsoft-Windows-Sysmon/Operational,0,"""Registry value set:
RuleName: T1042
EventType: SetValue
UtcTime: 2025-06-09 14:07:35.436
ProcessGuid: {154c2aaf-eaa7-6846-a901-000000001800}
ProcessId: 8132
Image: C:\Users\admin\AppData\Local\Microsoft\OneDrive\OneDrive.exe
TargetObject: HKU\S-1-5-21-442569660-4060779802-1076883227-1001_Classes\grvopen\shell\open\command\(Default)
Details: ""C:\Users\admin\AppData\Local\Microsoft\OneDrive\OneDrive.exe"" /url:""Incorrect function.""
User: DESKTOP-O7P9I53\admin""",2,2025-06-09T14:07:35.4390484Z,31528,5512,DESKTOP-O7P9I53,13,3292,INFORMATION,Microsoft-Windows-Sysmon,413,false,5,Sysmon - Event 13: RegistryEvent SetValue on HKU\\S-1-5-21-442569660-4060779802-1076883227-1001_Classes\\grvopen\\shell\\open\\command\\(Default) by C:\\Users\\admin\\AppData\\Local\\Microsoft\\OneDrive\\OneDrive.exe,"[""windows"",""sysmon"",""sysmon_event_13""]",61615,windows_eventchannel,"{""win"":{""system"":{""providerName"":""Microsoft-Windows-Sysmon"",""providerGuid"":""{5770385f-c22a-43e0-bf4c-06f5698ffbd9}"",""eventID"":""13"",""version"":""2"",""level"":""4"",""task"":""13"",""opcode"":""0"",""keywords"":""0x8000000000000000"",""systemTime"":""2025-06-09T14:07:35.4390484Z"",""eventRecordID"":""31528"",""processID"":""3292"",""threadID"":""5512"",""channel"":""Microsoft-Windows-Sysmon/Operational"",""computer"":""DESKTOP-O7P9I53"",""severityValue"":""INFORMATION"",""message"":""\""Registry value set:\r\nRuleName: T1042\r\nEventType: SetValue\r\nUtcTime: 2025-06-09 14:07:35.436\r\nProcessGuid: {154c2aaf-eaa7-6846-a901-000000001800}\r\nProcessId: 8132\r\nImage: C:\\Users\\admin\\AppData\\Local\\Microsoft\\OneDrive\\OneDrive.exe\r\nTargetObject: HKU\\S-1-5-21-442569660-4060779802-1076883227-1001_Classes\\grvopen\\shell\\open\\command\\(Default)\r\nDetails: \""C:\\Users\\admin\\AppData\\Local\\Microsoft\\OneDrive\\OneDrive.exe\"" /url:\""Incorrect function.\""\r\nUser: DESKTOP-O7P9I53\\admin\""""},""eventdata"":{""ruleName"":""T1042"",""eventType"":""SetValue"",""utcTime"":""2025-06-09 14:07:35.436"",""processGuid"":""{154c2aaf-eaa7-6846-a901-000000001800}"",""processId"":""8132"",""image"":""C:\\\\Users\\\\admin\\\\AppData\\\\Local\\\\Microsoft\\\\OneDrive\\\\OneDrive.exe"",""targetObject"":""HKU\\\\S-1-5-21-442569660-4060779802-1076883227-1001_Classes\\\\grvopen\\\\shell\\\\open\\\\command\\\\(Default)"",""details"":""\\\""C:\\\\Users\\\\admin\\\\AppData\\\\Local\\\\Microsoft\\\\OneDrive\\\\OneDrive.exe\\\"" /url:\\\""%%1\\\"""",""user"":""DESKTOP-O7P9I53\\\\admin""}}}",log,"Jun 9, 2025 @ 19:37:37.984",EventChannel,1749478057.3190875,"Jun 9, 2025 @ 19:37:37.984", , , , , , , , , , , , , , , , , , , , , , , , , , , , , , , , , , , , , , , , , , , , , , , , , , , ,HKU\\S-1-5-21-442569660-4060779802-1076883227-1001_Classes\\grvopen\\shell\\open\\command\\(Default),T1042,"\""C:\\Users\\admin\\AppData\\Local\\Microsoft\\OneDrive\\OneDrive.exe\"" /url:\""%%1\""",SetValue, , , , , , , , , , , , , , , , , , , , , , , , , , , , , , 
wazuh-alerts-4.x-2025.06.09,n-AEVZcBD7y1GXNGr4ee,1,1,192.168.254.162,DESKTOP-O7P9I53,001,hat-VMware-Virtual-Platform, ,C:\\Users\\admin\\AppData\\Local\\Microsoft\\OneDrive\\Update\\OneDriveSetup.exe, , , , , ,{154c2aaf-ea98-6846-a001-000000001800}, , ,6984, ,2025-06-09 14:07:34.401, , , , , , ,DESKTOP-O7P9I53\\admin, , ,3,0x8000000000000000,{5770385f-c22a-43e0-bf4c-06f5698ffbd9},4,Microsoft-Windows-Sysmon/Operational,0,"""Network connection detected:
RuleName: Usermode
UtcTime: 2025-06-09 14:07:34.401
ProcessGuid: {154c2aaf-ea98-6846-a001-000000001800}
ProcessId: 6984
Image: C:\Users\admin\AppData\Local\Microsoft\OneDrive\Update\OneDriveSetup.exe
User: DESKTOP-O7P9I53\admin
Protocol: tcp
Initiated: true
SourceIsIpv6: false
SourceIp: 192.168.254.162
SourceHostname: DESKTOP-O7P9I53.localdomain
SourcePort: 49834
SourcePortName: -
DestinationIsIpv6: false
DestinationIp: 23.218.89.175
DestinationHostname: a23-218-89-175.deploy.static.akamaitechnologies.com
DestinationPort: 80
DestinationPortName: http""",5,2025-06-09T14:07:35.5091183Z,31529,5540,DESKTOP-O7P9I53,3,3292,INFORMATION,Microsoft-Windows-Sysmon,6,false,5,Sysmon - Event 3: Network connection to 23.218.89.175:80 by C:\\Users\\admin\\AppData\\Local\\Microsoft\\OneDrive\\Update\\OneDriveSetup.exe,"[""windows"",""sysmon"",""sysmon_event3""]",61605,windows_eventchannel,"{""win"":{""system"":{""providerName"":""Microsoft-Windows-Sysmon"",""providerGuid"":""{5770385f-c22a-43e0-bf4c-06f5698ffbd9}"",""eventID"":""3"",""version"":""5"",""level"":""4"",""task"":""3"",""opcode"":""0"",""keywords"":""0x8000000000000000"",""systemTime"":""2025-06-09T14:07:35.5091183Z"",""eventRecordID"":""31529"",""processID"":""3292"",""threadID"":""5540"",""channel"":""Microsoft-Windows-Sysmon/Operational"",""computer"":""DESKTOP-O7P9I53"",""severityValue"":""INFORMATION"",""message"":""\""Network connection detected:\r\nRuleName: Usermode\r\nUtcTime: 2025-06-09 14:07:34.401\r\nProcessGuid: {154c2aaf-ea98-6846-a001-000000001800}\r\nProcessId: 6984\r\nImage: C:\\Users\\admin\\AppData\\Local\\Microsoft\\OneDrive\\Update\\OneDriveSetup.exe\r\nUser: DESKTOP-O7P9I53\\admin\r\nProtocol: tcp\r\nInitiated: true\r\nSourceIsIpv6: false\r\nSourceIp: 192.168.254.162\r\nSourceHostname: DESKTOP-O7P9I53.localdomain\r\nSourcePort: 49834\r\nSourcePortName: -\r\nDestinationIsIpv6: false\r\nDestinationIp: 23.218.89.175\r\nDestinationHostname: a23-218-89-175.deploy.static.akamaitechnologies.com\r\nDestinationPort: 80\r\nDestinationPortName: http\""""},""eventdata"":{""ruleName"":""Usermode"",""utcTime"":""2025-06-09 14:07:34.401"",""processGuid"":""{154c2aaf-ea98-6846-a001-000000001800}"",""processId"":""6984"",""image"":""C:\\\\Users\\\\admin\\\\AppData\\\\Local\\\\Microsoft\\\\OneDrive\\\\Update\\\\OneDriveSetup.exe"",""user"":""DESKTOP-O7P9I53\\\\admin"",""protocol"":""tcp"",""initiated"":""true"",""sourceIsIpv6"":""false"",""sourceIp"":""192.168.254.162"",""sourceHostname"":""DESKTOP-O7P9I53.localdomain"",""sourcePort"":""49834"",""destinationIsIpv6"":""false"",""destinationIp"":""23.218.89.175"",""destinationHostname"":""a23-218-89-175.deploy.static.akamaitechnologies.com"",""destinationPort"":""80"",""destinationPortName"":""http""}}}",log,"Jun 9, 2025 @ 19:37:38.156",EventChannel,1749478058.3197799,"Jun 9, 2025 @ 19:37:38.156", , , , , , , , , , , , , , , , , , , , , , , , , , , , ,80,49834,true,23.218.89.175,tcp,192.168.254.162,DESKTOP-O7P9I53.localdomain,http,false,false, , , , , , , , , , , , , , ,Usermode, , , , , , , , ,a23-218-89-175.deploy.static.akamaitechnologies.com, , , , , , , , , , , , , , , , , , , , , , , 
wazuh-alerts-4.x-2025.06.09,puAEVZcBD7y1GXNGsIcM,1,1,192.168.254.162,DESKTOP-O7P9I53,001,hat-VMware-Virtual-Platform,Microsoft.SharePoint.exe,C:\\Users\\admin\\AppData\\Local\\Microsoft\\OneDrive\\25.091.0512.0001\\Microsoft.SharePoint.exe,Microsoft SharePoint,{154c2aaf-ea98-6846-a001-000000001800},Microsoft SharePoint,{154c2aaf-ea73-6846-23bd-220000000000},C:\\Users\\admin\\AppData\\Local\\Microsoft\\OneDrive\\Update\\OneDriveSetup.exe /update /restart /updateSource:ODU  /peruser  /childprocess  /extractFilesWithLessThreadCount  /renameReplaceOneDriveExe  /renameReplaceODSUExe  /removeNonCurrentVersions  /enableODSUReportingMode  /installWebView2  /SetPerProcessSystemDPIForceOffKey /EnableNucleusAutoStartFix /RegisterOneDriveLauncherAutoStartTask /EnableOneDriveLauncherRampDownloads /ReLaunchOD4AppHarness,{154c2aaf-eaa8-6846-ab01-000000001800},0x22bd23,6984,5436,C:\\Windows\\system32\\,2025-06-09 14:07:36.489,"MD5=9FFBF791536C9EEED64E2130AC0F324F,SHA256=C4E0BA65F897478044512092A40508335F2508F6D922503A34E10B766EC1C618,IMPHASH=3D09A81179A50598AD8EE3DB27A93AFF",C:\\Users\\admin\\AppData\\Local\\Microsoft\\OneDrive\\Update\\OneDriveSetup.exe,Microsoft Corporation,/silentConfig,Medium,25.091.0512.0001,DESKTOP-O7P9I53\\admin,1,DESKTOP-O7P9I53\\admin,1,0x8000000000000000,{5770385f-c22a-43e0-bf4c-06f5698ffbd9},4,Microsoft-Windows-Sysmon/Operational,0,"""Process Create:
RuleName: -
UtcTime: 2025-06-09 14:07:36.489
ProcessGuid: {154c2aaf-eaa8-6846-ab01-000000001800}
ProcessId: 5436
Image: C:\Users\admin\AppData\Local\Microsoft\OneDrive\25.091.0512.0001\Microsoft.SharePoint.exe
FileVersion: 25.091.0512.0001
Description: Microsoft SharePoint
Product: Microsoft SharePoint
Company: Microsoft Corporation
OriginalFileName: Microsoft.SharePoint.exe
CommandLine: /silentConfig
CurrentDirectory: C:\Windows\system32\
User: DESKTOP-O7P9I53\admin
LogonGuid: {154c2aaf-ea73-6846-23bd-220000000000}
LogonId: 0x22BD23
TerminalSessionId: 1
IntegrityLevel: Medium
Hashes: MD5=9FFBF791536C9EEED64E2130AC0F324F,SHA256=C4E0BA65F897478044512092A40508335F2508F6D922503A34E10B766EC1C618,IMPHASH=3D09A81179A50598AD8EE3DB27A93AFF
ParentProcessGuid: {154c2aaf-ea98-6846-a001-000000001800}
ParentProcessId: 6984
ParentImage: C:\Users\admin\AppData\Local\Microsoft\OneDrive\Update\OneDriveSetup.exe
ParentCommandLine: C:\Users\admin\AppData\Local\Microsoft\OneDrive\Update\OneDriveSetup.exe /update /restart /updateSource:ODU  /peruser  /childprocess  /extractFilesWithLessThreadCount  /renameReplaceOneDriveExe  /renameReplaceODSUExe  /removeNonCurrentVersions  /enableODSUReportingMode  /installWebView2  /SetPerProcessSystemDPIForceOffKey /EnableNucleusAutoStartFix /RegisterOneDriveLauncherAutoStartTask /EnableOneDriveLauncherRampDownloads /ReLaunchOD4AppHarness
ParentUser: DESKTOP-O7P9I53\admin""",5,2025-06-09T14:07:36.4942677Z,31536,5512,DESKTOP-O7P9I53,1,3292,INFORMATION,Microsoft-Windows-Sysmon,85,false,5,Sysmon - Event 1: Process creation Microsoft SharePoint,"[""windows"",""sysmon"",""sysmon_event1""]",61603,windows_eventchannel,"{""win"":{""system"":{""providerName"":""Microsoft-Windows-Sysmon"",""providerGuid"":""{5770385f-c22a-43e0-bf4c-06f5698ffbd9}"",""eventID"":""1"",""version"":""5"",""level"":""4"",""task"":""1"",""opcode"":""0"",""keywords"":""0x8000000000000000"",""systemTime"":""2025-06-09T14:07:36.4942677Z"",""eventRecordID"":""31536"",""processID"":""3292"",""threadID"":""5512"",""channel"":""Microsoft-Windows-Sysmon/Operational"",""computer"":""DESKTOP-O7P9I53"",""severityValue"":""INFORMATION"",""message"":""\""Process Create:\r\nRuleName: -\r\nUtcTime: 2025-06-09 14:07:36.489\r\nProcessGuid: {154c2aaf-eaa8-6846-ab01-000000001800}\r\nProcessId: 5436\r\nImage: C:\\Users\\admin\\AppData\\Local\\Microsoft\\OneDrive\\25.091.0512.0001\\Microsoft.SharePoint.exe\r\nFileVersion: 25.091.0512.0001\r\nDescription: Microsoft SharePoint\r\nProduct: Microsoft SharePoint\r\nCompany: Microsoft Corporation\r\nOriginalFileName: Microsoft.SharePoint.exe\r\nCommandLine: /silentConfig\r\nCurrentDirectory: C:\\Windows\\system32\\\r\nUser: DESKTOP-O7P9I53\\admin\r\nLogonGuid: {154c2aaf-ea73-6846-23bd-220000000000}\r\nLogonId: 0x22BD23\r\nTerminalSessionId: 1\r\nIntegrityLevel: Medium\r\nHashes: MD5=9FFBF791536C9EEED64E2130AC0F324F,SHA256=C4E0BA65F897478044512092A40508335F2508F6D922503A34E10B766EC1C618,IMPHASH=3D09A81179A50598AD8EE3DB27A93AFF\r\nParentProcessGuid: {154c2aaf-ea98-6846-a001-000000001800}\r\nParentProcessId: 6984\r\nParentImage: C:\\Users\\admin\\AppData\\Local\\Microsoft\\OneDrive\\Update\\OneDriveSetup.exe\r\nParentCommandLine: C:\\Users\\admin\\AppData\\Local\\Microsoft\\OneDrive\\Update\\OneDriveSetup.exe /update /restart /updateSource:ODU  /peruser  /childprocess  /extractFilesWithLessThreadCount  /renameReplaceOneDriveExe  /renameReplaceODSUExe  /removeNonCurrentVersions  /enableODSUReportingMode  /installWebView2  /SetPerProcessSystemDPIForceOffKey /EnableNucleusAutoStartFix /RegisterOneDriveLauncherAutoStartTask /EnableOneDriveLauncherRampDownloads /ReLaunchOD4AppHarness\r\nParentUser: DESKTOP-O7P9I53\\admin\""""},""eventdata"":{""utcTime"":""2025-06-09 14:07:36.489"",""processGuid"":""{154c2aaf-eaa8-6846-ab01-000000001800}"",""processId"":""5436"",""image"":""C:\\\\Users\\\\admin\\\\AppData\\\\Local\\\\Microsoft\\\\OneDrive\\\\25.091.0512.0001\\\\Microsoft.SharePoint.exe"",""fileVersion"":""25.091.0512.0001"",""description"":""Microsoft SharePoint"",""product"":""Microsoft SharePoint"",""company"":""Microsoft Corporation"",""originalFileName"":""Microsoft.SharePoint.exe"",""commandLine"":""/silentConfig"",""currentDirectory"":""C:\\\\Windows\\\\system32\\\\"",""user"":""DESKTOP-O7P9I53\\\\admin"",""logonGuid"":""{154c2aaf-ea73-6846-23bd-220000000000}"",""logonId"":""0x22bd23"",""terminalSessionId"":""1"",""integrityLevel"":""Medium"",""hashes"":""MD5=9FFBF791536C9EEED64E2130AC0F324F,SHA256=C4E0BA65F897478044512092A40508335F2508F6D922503A34E10B766EC1C618,IMPHASH=3D09A81179A50598AD8EE3DB27A93AFF"",""parentProcessGuid"":""{154c2aaf-ea98-6846-a001-000000001800}"",""parentProcessId"":""6984"",""parentImage"":""C:\\\\Users\\\\admin\\\\AppData\\\\Local\\\\Microsoft\\\\OneDrive\\\\Update\\\\OneDriveSetup.exe"",""parentCommandLine"":""C:\\\\Users\\\\admin\\\\AppData\\\\Local\\\\Microsoft\\\\OneDrive\\\\Update\\\\OneDriveSetup.exe /update /restart /updateSource:ODU  /peruser  /childprocess  /extractFilesWithLessThreadCount  /renameReplaceOneDriveExe  /renameReplaceODSUExe  /removeNonCurrentVersions  /enableODSUReportingMode  /installWebView2  /SetPerProcessSystemDPIForceOffKey /EnableNucleusAutoStartFix /RegisterOneDriveLauncherAutoStartTask /EnableOneDriveLauncherRampDownloads /ReLaunchOD4AppHarness"",""parentUser"":""DESKTOP-O7P9I53\\\\admin""}}}",log,"Jun 9, 2025 @ 19:37:38.280",EventChannel,1749478058.3225404,"Jun 9, 2025 @ 19:37:38.280", , , , , , , , , , , , , , , , , , , , , , , , , , , , , , , , , , , , , , , , , , , , , , , , , , , , , , , , , , , , , , , , , , , , , , , , , , , , , , , , , , , , , 
wazuh-alerts-4.x-2025.06.09,p-AEVZcBD7y1GXNGsIcM,1,1,192.168.254.162,DESKTOP-O7P9I53,001,hat-VMware-Virtual-Platform,msedge.exe,C:\\Program Files (x86)\\Microsoft\\Edge\\Application\\msedge.exe,Microsoft Edge,{154c2aaf-ea8a-6846-8901-000000001800},Microsoft Edge,{154c2aaf-ea73-6846-23bd-220000000000},"\""C:\\Program Files (x86)\\Microsoft\\Edge\\Application\\msedge.exe\"" --no-startup-window --win-session-start",{154c2aaf-eaa9-6846-ac01-000000001800},0x22bd23,4580,5232,C:\\Program Files (x86)\\Microsoft\\Edge\\Application\\137.0.3296.68\\,2025-06-09 14:07:37.055,"MD5=7AB41BE2849631765066C98377239025,SHA256=F832EC438105F6D624029F80003BBEFAF52EC05911CB1BF32BFF896834B47AF7,IMPHASH=23FF41140CBD1050F401744A4BF949D3",C:\\Program Files (x86)\\Microsoft\\Edge\\Application\\msedge.exe,Microsoft Corporation,"\""C:\\Program Files (x86)\\Microsoft\\Edge\\Application\\msedge.exe\"" --type=utility --utility-sub-type=chrome.mojom.UtilWin --lang=en-US --service-sandbox-type=none --message-loop-type-ui --no-pre-read-main-dll --always-read-main-dll --field-trial-handle=2580,i,5375257325187418059,11153254794832448584,262144 --variations-seed-version --mojo-platform-channel-handle=4852 /prefetch:8",Medium,137.0.3296.68,DESKTOP-O7P9I53\\admin,1,DESKTOP-O7P9I53\\admin,1,0x8000000000000000,{5770385f-c22a-43e0-bf4c-06f5698ffbd9},4,Microsoft-Windows-Sysmon/Operational,0,"""Process Create:
RuleName: -
UtcTime: 2025-06-09 14:07:37.055
ProcessGuid: {154c2aaf-eaa9-6846-ac01-000000001800}
ProcessId: 5232
Image: C:\Program Files (x86)\Microsoft\Edge\Application\msedge.exe
FileVersion: 137.0.3296.68
Description: Microsoft Edge
Product: Microsoft Edge
Company: Microsoft Corporation
OriginalFileName: msedge.exe
CommandLine: ""C:\Program Files (x86)\Microsoft\Edge\Application\msedge.exe"" --type=utility --utility-sub-type=chrome.mojom.UtilWin --lang=en-US --service-sandbox-type=none --message-loop-type-ui --no-pre-read-main-dll --always-read-main-dll --field-trial-handle=2580,i,5375257325187418059,11153254794832448584,262144 --variations-seed-version --mojo-platform-channel-handle=4852 /prefetch:8
CurrentDirectory: C:\Program Files (x86)\Microsoft\Edge\Application\137.0.3296.68\
User: DESKTOP-O7P9I53\admin
LogonGuid: {154c2aaf-ea73-6846-23bd-220000000000}
LogonId: 0x22BD23
TerminalSessionId: 1
IntegrityLevel: Medium
Hashes: MD5=7AB41BE2849631765066C98377239025,SHA256=F832EC438105F6D624029F80003BBEFAF52EC05911CB1BF32BFF896834B47AF7,IMPHASH=23FF41140CBD1050F401744A4BF949D3
ParentProcessGuid: {154c2aaf-ea8a-6846-8901-000000001800}
ParentProcessId: 4580
ParentImage: C:\Program Files (x86)\Microsoft\Edge\Application\msedge.exe
ParentCommandLine: ""C:\Program Files (x86)\Microsoft\Edge\Application\msedge.exe"" --no-startup-window --win-session-start
ParentUser: DESKTOP-O7P9I53\admin""",5,2025-06-09T14:07:37.0694590Z,31541,5512,DESKTOP-O7P9I53,1,3292,INFORMATION,Microsoft-Windows-Sysmon,86,false,5,Sysmon - Event 1: Process creation Microsoft Edge,"[""windows"",""sysmon"",""sysmon_event1""]",61603,windows_eventchannel,"{""win"":{""system"":{""providerName"":""Microsoft-Windows-Sysmon"",""providerGuid"":""{5770385f-c22a-43e0-bf4c-06f5698ffbd9}"",""eventID"":""1"",""version"":""5"",""level"":""4"",""task"":""1"",""opcode"":""0"",""keywords"":""0x8000000000000000"",""systemTime"":""2025-06-09T14:07:37.0694590Z"",""eventRecordID"":""31541"",""processID"":""3292"",""threadID"":""5512"",""channel"":""Microsoft-Windows-Sysmon/Operational"",""computer"":""DESKTOP-O7P9I53"",""severityValue"":""INFORMATION"",""message"":""\""Process Create:\r\nRuleName: -\r\nUtcTime: 2025-06-09 14:07:37.055\r\nProcessGuid: {154c2aaf-eaa9-6846-ac01-000000001800}\r\nProcessId: 5232\r\nImage: C:\\Program Files (x86)\\Microsoft\\Edge\\Application\\msedge.exe\r\nFileVersion: 137.0.3296.68\r\nDescription: Microsoft Edge\r\nProduct: Microsoft Edge\r\nCompany: Microsoft Corporation\r\nOriginalFileName: msedge.exe\r\nCommandLine: \""C:\\Program Files (x86)\\Microsoft\\Edge\\Application\\msedge.exe\"" --type=utility --utility-sub-type=chrome.mojom.UtilWin --lang=en-US --service-sandbox-type=none --message-loop-type-ui --no-pre-read-main-dll --always-read-main-dll --field-trial-handle=2580,i,5375257325187418059,11153254794832448584,262144 --variations-seed-version --mojo-platform-channel-handle=4852 /prefetch:8\r\nCurrentDirectory: C:\\Program Files (x86)\\Microsoft\\Edge\\Application\\137.0.3296.68\\\r\nUser: DESKTOP-O7P9I53\\admin\r\nLogonGuid: {154c2aaf-ea73-6846-23bd-220000000000}\r\nLogonId: 0x22BD23\r\nTerminalSessionId: 1\r\nIntegrityLevel: Medium\r\nHashes: MD5=7AB41BE2849631765066C98377239025,SHA256=F832EC438105F6D624029F80003BBEFAF52EC05911CB1BF32BFF896834B47AF7,IMPHASH=23FF41140CBD1050F401744A4BF949D3\r\nParentProcessGuid: {154c2aaf-ea8a-6846-8901-000000001800}\r\nParentProcessId: 4580\r\nParentImage: C:\\Program Files (x86)\\Microsoft\\Edge\\Application\\msedge.exe\r\nParentCommandLine: \""C:\\Program Files (x86)\\Microsoft\\Edge\\Application\\msedge.exe\"" --no-startup-window --win-session-start\r\nParentUser: DESKTOP-O7P9I53\\admin\""""},""eventdata"":{""utcTime"":""2025-06-09 14:07:37.055"",""processGuid"":""{154c2aaf-eaa9-6846-ac01-000000001800}"",""processId"":""5232"",""image"":""C:\\\\Program Files (x86)\\\\Microsoft\\\\Edge\\\\Application\\\\msedge.exe"",""fileVersion"":""137.0.3296.68"",""description"":""Microsoft Edge"",""product"":""Microsoft Edge"",""company"":""Microsoft Corporation"",""originalFileName"":""msedge.exe"",""commandLine"":""\\\""C:\\\\Program Files (x86)\\\\Microsoft\\\\Edge\\\\Application\\\\msedge.exe\\\"" --type=utility --utility-sub-type=chrome.mojom.UtilWin --lang=en-US --service-sandbox-type=none --message-loop-type-ui --no-pre-read-main-dll --always-read-main-dll --field-trial-handle=2580,i,5375257325187418059,11153254794832448584,262144 --variations-seed-version --mojo-platform-channel-handle=4852 /prefetch:8"",""currentDirectory"":""C:\\\\Program Files (x86)\\\\Microsoft\\\\Edge\\\\Application\\\\137.0.3296.68\\\\"",""user"":""DESKTOP-O7P9I53\\\\admin"",""logonGuid"":""{154c2aaf-ea73-6846-23bd-220000000000}"",""logonId"":""0x22bd23"",""terminalSessionId"":""1"",""integrityLevel"":""Medium"",""hashes"":""MD5=7AB41BE2849631765066C98377239025,SHA256=F832EC438105F6D624029F80003BBEFAF52EC05911CB1BF32BFF896834B47AF7,IMPHASH=23FF41140CBD1050F401744A4BF949D3"",""parentProcessGuid"":""{154c2aaf-ea8a-6846-8901-000000001800}"",""parentProcessId"":""4580"",""parentImage"":""C:\\\\Program Files (x86)\\\\Microsoft\\\\Edge\\\\Application\\\\msedge.exe"",""parentCommandLine"":""\\\""C:\\\\Program Files (x86)\\\\Microsoft\\\\Edge\\\\Application\\\\msedge.exe\\\"" --no-startup-window --win-session-start"",""parentUser"":""DESKTOP-O7P9I53\\\\admin""}}}",log,"Jun 9, 2025 @ 19:37:38.577",EventChannel,1749478058.3232876,"Jun 9, 2025 @ 19:37:38.577", , , , , , , , , , , , , , , , , , , , , , , , , , , , , , , , , , , , , , , , , , , , , , , , , , , , , , , , , , , , , , , , , , , , , , , , , , , , , , , , , , , , , 
wazuh-alerts-4.x-2025.06.09,qeAEVZcBD7y1GXNGsIcM,1,1,192.168.254.162,DESKTOP-O7P9I53,001,hat-VMware-Virtual-Platform,msedge.exe,C:\\Program Files (x86)\\Microsoft\\Edge\\Application\\msedge.exe,Microsoft Edge,{154c2aaf-ea8a-6846-8901-000000001800},Microsoft Edge,{154c2aaf-ea73-6846-23bd-220000000000},"\""C:\\Program Files (x86)\\Microsoft\\Edge\\Application\\msedge.exe\"" --no-startup-window --win-session-start",{154c2aaf-eaa9-6846-ae01-000000001800},0x22bd23,4580,5156,C:\\Program Files (x86)\\Microsoft\\Edge\\Application\\137.0.3296.68\\,2025-06-09 14:07:37.068,"MD5=7AB41BE2849631765066C98377239025,SHA256=F832EC438105F6D624029F80003BBEFAF52EC05911CB1BF32BFF896834B47AF7,IMPHASH=23FF41140CBD1050F401744A4BF949D3",C:\\Program Files (x86)\\Microsoft\\Edge\\Application\\msedge.exe,Microsoft Corporation,"\""C:\\Program Files (x86)\\Microsoft\\Edge\\Application\\msedge.exe\"" --type=utility --utility-sub-type=chrome.mojom.UtilWin --lang=en-US --service-sandbox-type=none --message-loop-type-ui --no-pre-read-main-dll --always-read-main-dll --field-trial-handle=2580,i,5375257325187418059,11153254794832448584,262144 --variations-seed-version --mojo-platform-channel-handle=5184 /prefetch:8",Medium,137.0.3296.68,DESKTOP-O7P9I53\\admin,1,DESKTOP-O7P9I53\\admin,1,0x8000000000000000,{5770385f-c22a-43e0-bf4c-06f5698ffbd9},4,Microsoft-Windows-Sysmon/Operational,0,"""Process Create:
RuleName: -
UtcTime: 2025-06-09 14:07:37.068
ProcessGuid: {154c2aaf-eaa9-6846-ae01-000000001800}
ProcessId: 5156
Image: C:\Program Files (x86)\Microsoft\Edge\Application\msedge.exe
FileVersion: 137.0.3296.68
Description: Microsoft Edge
Product: Microsoft Edge
Company: Microsoft Corporation
OriginalFileName: msedge.exe
CommandLine: ""C:\Program Files (x86)\Microsoft\Edge\Application\msedge.exe"" --type=utility --utility-sub-type=chrome.mojom.UtilWin --lang=en-US --service-sandbox-type=none --message-loop-type-ui --no-pre-read-main-dll --always-read-main-dll --field-trial-handle=2580,i,5375257325187418059,11153254794832448584,262144 --variations-seed-version --mojo-platform-channel-handle=5184 /prefetch:8
CurrentDirectory: C:\Program Files (x86)\Microsoft\Edge\Application\137.0.3296.68\
User: DESKTOP-O7P9I53\admin
LogonGuid: {154c2aaf-ea73-6846-23bd-220000000000}
LogonId: 0x22BD23
TerminalSessionId: 1
IntegrityLevel: Medium
Hashes: MD5=7AB41BE2849631765066C98377239025,SHA256=F832EC438105F6D624029F80003BBEFAF52EC05911CB1BF32BFF896834B47AF7,IMPHASH=23FF41140CBD1050F401744A4BF949D3
ParentProcessGuid: {154c2aaf-ea8a-6846-8901-000000001800}
ParentProcessId: 4580
ParentImage: C:\Program Files (x86)\Microsoft\Edge\Application\msedge.exe
ParentCommandLine: ""C:\Program Files (x86)\Microsoft\Edge\Application\msedge.exe"" --no-startup-window --win-session-start
ParentUser: DESKTOP-O7P9I53\admin""",5,2025-06-09T14:07:37.0714665Z,31543,5512,DESKTOP-O7P9I53,1,3292,INFORMATION,Microsoft-Windows-Sysmon,88,false,5,Sysmon - Event 1: Process creation Microsoft Edge,"[""windows"",""sysmon"",""sysmon_event1""]",61603,windows_eventchannel,"{""win"":{""system"":{""providerName"":""Microsoft-Windows-Sysmon"",""providerGuid"":""{5770385f-c22a-43e0-bf4c-06f5698ffbd9}"",""eventID"":""1"",""version"":""5"",""level"":""4"",""task"":""1"",""opcode"":""0"",""keywords"":""0x8000000000000000"",""systemTime"":""2025-06-09T14:07:37.0714665Z"",""eventRecordID"":""31543"",""processID"":""3292"",""threadID"":""5512"",""channel"":""Microsoft-Windows-Sysmon/Operational"",""computer"":""DESKTOP-O7P9I53"",""severityValue"":""INFORMATION"",""message"":""\""Process Create:\r\nRuleName: -\r\nUtcTime: 2025-06-09 14:07:37.068\r\nProcessGuid: {154c2aaf-eaa9-6846-ae01-000000001800}\r\nProcessId: 5156\r\nImage: C:\\Program Files (x86)\\Microsoft\\Edge\\Application\\msedge.exe\r\nFileVersion: 137.0.3296.68\r\nDescription: Microsoft Edge\r\nProduct: Microsoft Edge\r\nCompany: Microsoft Corporation\r\nOriginalFileName: msedge.exe\r\nCommandLine: \""C:\\Program Files (x86)\\Microsoft\\Edge\\Application\\msedge.exe\"" --type=utility --utility-sub-type=chrome.mojom.UtilWin --lang=en-US --service-sandbox-type=none --message-loop-type-ui --no-pre-read-main-dll --always-read-main-dll --field-trial-handle=2580,i,5375257325187418059,11153254794832448584,262144 --variations-seed-version --mojo-platform-channel-handle=5184 /prefetch:8\r\nCurrentDirectory: C:\\Program Files (x86)\\Microsoft\\Edge\\Application\\137.0.3296.68\\\r\nUser: DESKTOP-O7P9I53\\admin\r\nLogonGuid: {154c2aaf-ea73-6846-23bd-220000000000}\r\nLogonId: 0x22BD23\r\nTerminalSessionId: 1\r\nIntegrityLevel: Medium\r\nHashes: MD5=7AB41BE2849631765066C98377239025,SHA256=F832EC438105F6D624029F80003BBEFAF52EC05911CB1BF32BFF896834B47AF7,IMPHASH=23FF41140CBD1050F401744A4BF949D3\r\nParentProcessGuid: {154c2aaf-ea8a-6846-8901-000000001800}\r\nParentProcessId: 4580\r\nParentImage: C:\\Program Files (x86)\\Microsoft\\Edge\\Application\\msedge.exe\r\nParentCommandLine: \""C:\\Program Files (x86)\\Microsoft\\Edge\\Application\\msedge.exe\"" --no-startup-window --win-session-start\r\nParentUser: DESKTOP-O7P9I53\\admin\""""},""eventdata"":{""utcTime"":""2025-06-09 14:07:37.068"",""processGuid"":""{154c2aaf-eaa9-6846-ae01-000000001800}"",""processId"":""5156"",""image"":""C:\\\\Program Files (x86)\\\\Microsoft\\\\Edge\\\\Application\\\\msedge.exe"",""fileVersion"":""137.0.3296.68"",""description"":""Microsoft Edge"",""product"":""Microsoft Edge"",""company"":""Microsoft Corporation"",""originalFileName"":""msedge.exe"",""commandLine"":""\\\""C:\\\\Program Files (x86)\\\\Microsoft\\\\Edge\\\\Application\\\\msedge.exe\\\"" --type=utility --utility-sub-type=chrome.mojom.UtilWin --lang=en-US --service-sandbox-type=none --message-loop-type-ui --no-pre-read-main-dll --always-read-main-dll --field-trial-handle=2580,i,5375257325187418059,11153254794832448584,262144 --variations-seed-version --mojo-platform-channel-handle=5184 /prefetch:8"",""currentDirectory"":""C:\\\\Program Files (x86)\\\\Microsoft\\\\Edge\\\\Application\\\\137.0.3296.68\\\\"",""user"":""DESKTOP-O7P9I53\\\\admin"",""logonGuid"":""{154c2aaf-ea73-6846-23bd-220000000000}"",""logonId"":""0x22bd23"",""terminalSessionId"":""1"",""integrityLevel"":""Medium"",""hashes"":""MD5=7AB41BE2849631765066C98377239025,SHA256=F832EC438105F6D624029F80003BBEFAF52EC05911CB1BF32BFF896834B47AF7,IMPHASH=23FF41140CBD1050F401744A4BF949D3"",""parentProcessGuid"":""{154c2aaf-ea8a-6846-8901-000000001800}"",""parentProcessId"":""4580"",""parentImage"":""C:\\\\Program Files (x86)\\\\Microsoft\\\\Edge\\\\Application\\\\msedge.exe"",""parentCommandLine"":""\\\""C:\\\\Program Files (x86)\\\\Microsoft\\\\Edge\\\\Application\\\\msedge.exe\\\"" --no-startup-window --win-session-start"",""parentUser"":""DESKTOP-O7P9I53\\\\admin""}}}",log,"Jun 9, 2025 @ 19:37:38.594",EventChannel,1749478058.3247766,"Jun 9, 2025 @ 19:37:38.594", , , , , , , , , , , , , , , , , , , , , , , , , , , , , , , , , , , , , , , , , , , , , , , , , , , , , , , , , , , , , , , , , , , , , , , , , , , , , , , , , , , , , 
wazuh-alerts-4.x-2025.06.09,quAEVZcBD7y1GXNGsIcM,1,1,192.168.254.162,DESKTOP-O7P9I53,001,hat-VMware-Virtual-Platform, ,C:\\Users\\admin\\AppData\\Local\\Microsoft\\OneDrive\\OneDrive.exe, , , , , ,{154c2aaf-eaa7-6846-a901-000000001800}, , ,8132, ,2025-06-09 14:07:35.759, , , , , , ,DESKTOP-O7P9I53\\admin, , ,3,0x8000000000000000,{5770385f-c22a-43e0-bf4c-06f5698ffbd9},4,Microsoft-Windows-Sysmon/Operational,0,"""Network connection detected:
RuleName: Usermode
UtcTime: 2025-06-09 14:07:35.759
ProcessGuid: {154c2aaf-eaa7-6846-a901-000000001800}
ProcessId: 8132
Image: C:\Users\admin\AppData\Local\Microsoft\OneDrive\OneDrive.exe
User: DESKTOP-O7P9I53\admin
Protocol: tcp
Initiated: true
SourceIsIpv6: false
SourceIp: 192.168.254.162
SourceHostname: DESKTOP-O7P9I53.localdomain
SourcePort: 49838
SourcePortName: -
DestinationIsIpv6: false
DestinationIp: 52.123.128.14
DestinationHostname: -
DestinationPort: 443
DestinationPortName: https""",5,2025-06-09T14:07:37.1434910Z,31544,5540,DESKTOP-O7P9I53,3,3292,INFORMATION,Microsoft-Windows-Sysmon,9,false,5,Sysmon - Event 3: Network connection to 52.123.128.14:443 by C:\\Users\\admin\\AppData\\Local\\Microsoft\\OneDrive\\OneDrive.exe,"[""windows"",""sysmon"",""sysmon_event3""]",61605,windows_eventchannel,"{""win"":{""system"":{""providerName"":""Microsoft-Windows-Sysmon"",""providerGuid"":""{5770385f-c22a-43e0-bf4c-06f5698ffbd9}"",""eventID"":""3"",""version"":""5"",""level"":""4"",""task"":""3"",""opcode"":""0"",""keywords"":""0x8000000000000000"",""systemTime"":""2025-06-09T14:07:37.1434910Z"",""eventRecordID"":""31544"",""processID"":""3292"",""threadID"":""5540"",""channel"":""Microsoft-Windows-Sysmon/Operational"",""computer"":""DESKTOP-O7P9I53"",""severityValue"":""INFORMATION"",""message"":""\""Network connection detected:\r\nRuleName: Usermode\r\nUtcTime: 2025-06-09 14:07:35.759\r\nProcessGuid: {154c2aaf-eaa7-6846-a901-000000001800}\r\nProcessId: 8132\r\nImage: C:\\Users\\admin\\AppData\\Local\\Microsoft\\OneDrive\\OneDrive.exe\r\nUser: DESKTOP-O7P9I53\\admin\r\nProtocol: tcp\r\nInitiated: true\r\nSourceIsIpv6: false\r\nSourceIp: 192.168.254.162\r\nSourceHostname: DESKTOP-O7P9I53.localdomain\r\nSourcePort: 49838\r\nSourcePortName: -\r\nDestinationIsIpv6: false\r\nDestinationIp: 52.123.128.14\r\nDestinationHostname: -\r\nDestinationPort: 443\r\nDestinationPortName: https\""""},""eventdata"":{""ruleName"":""Usermode"",""utcTime"":""2025-06-09 14:07:35.759"",""processGuid"":""{154c2aaf-eaa7-6846-a901-000000001800}"",""processId"":""8132"",""image"":""C:\\\\Users\\\\admin\\\\AppData\\\\Local\\\\Microsoft\\\\OneDrive\\\\OneDrive.exe"",""user"":""DESKTOP-O7P9I53\\\\admin"",""protocol"":""tcp"",""initiated"":""true"",""sourceIsIpv6"":""false"",""sourceIp"":""192.168.254.162"",""sourceHostname"":""DESKTOP-O7P9I53.localdomain"",""sourcePort"":""49838"",""destinationIsIpv6"":""false"",""destinationIp"":""52.123.128.14"",""destinationPort"":""443"",""destinationPortName"":""https""}}}",log,"Jun 9, 2025 @ 19:37:38.609",EventChannel,1749478058.3255211,"Jun 9, 2025 @ 19:37:38.609", , , , , , , , , , , , , , , , , , , , , , , , , , , , ,443,49838,true,52.123.128.14,tcp,192.168.254.162,DESKTOP-O7P9I53.localdomain,https,false,false, , , , , , , , , , , , , , ,Usermode, , , , , , , , , , , , , , , , , , , , , , , , , , , , , , , , 
wazuh-alerts-4.x-2025.06.09,4uAEVZcBD7y1GXNGPYag,1,1,192.168.254.162,DESKTOP-O7P9I53,001,hat-VMware-Virtual-Platform,msedge.exe,C:\\Program Files (x86)\\Microsoft\\Edge\\Application\\msedge.exe,Microsoft Edge,{154c2aaf-ea75-6846-6501-000000001800},Microsoft Edge,{154c2aaf-ea73-6846-23bd-220000000000},C:\\Windows\\Explorer.EXE,{154c2aaf-ea8a-6846-8901-000000001800},0x22bd23,1892,4580,C:\\Windows\\system32\\,2025-06-09 14:07:06.192,"MD5=7AB41BE2849631765066C98377239025,SHA256=F832EC438105F6D624029F80003BBEFAF52EC05911CB1BF32BFF896834B47AF7,IMPHASH=23FF41140CBD1050F401744A4BF949D3",C:\\Windows\\explorer.exe,Microsoft Corporation,"\""C:\\Program Files (x86)\\Microsoft\\Edge\\Application\\msedge.exe\"" --no-startup-window --win-session-start",Medium,137.0.3296.68,DESKTOP-O7P9I53\\admin,1,DESKTOP-O7P9I53\\admin,1,0x8000000000000000,{5770385f-c22a-43e0-bf4c-06f5698ffbd9},4,Microsoft-Windows-Sysmon/Operational,0,"""Process Create:
RuleName: -
UtcTime: 2025-06-09 14:07:06.192
ProcessGuid: {154c2aaf-ea8a-6846-8901-000000001800}
ProcessId: 4580
Image: C:\Program Files (x86)\Microsoft\Edge\Application\msedge.exe
FileVersion: 137.0.3296.68
Description: Microsoft Edge
Product: Microsoft Edge
Company: Microsoft Corporation
OriginalFileName: msedge.exe
CommandLine: ""C:\Program Files (x86)\Microsoft\Edge\Application\msedge.exe"" --no-startup-window --win-session-start
CurrentDirectory: C:\Windows\system32\
User: DESKTOP-O7P9I53\admin
LogonGuid: {154c2aaf-ea73-6846-23bd-220000000000}
LogonId: 0x22BD23
TerminalSessionId: 1
IntegrityLevel: Medium
Hashes: MD5=7AB41BE2849631765066C98377239025,SHA256=F832EC438105F6D624029F80003BBEFAF52EC05911CB1BF32BFF896834B47AF7,IMPHASH=23FF41140CBD1050F401744A4BF949D3
ParentProcessGuid: {154c2aaf-ea75-6846-6501-000000001800}
ParentProcessId: 1892
ParentImage: C:\Windows\explorer.exe
ParentCommandLine: C:\Windows\Explorer.EXE
ParentUser: DESKTOP-O7P9I53\admin""",5,2025-06-09T14:07:06.2062504Z,31137,5512,DESKTOP-O7P9I53,1,3292,INFORMATION,Microsoft-Windows-Sysmon,61,false,5,Sysmon - Event 1: Process creation Microsoft Edge,"[""windows"",""sysmon"",""sysmon_event1""]",61603,windows_eventchannel,"{""win"":{""system"":{""providerName"":""Microsoft-Windows-Sysmon"",""providerGuid"":""{5770385f-c22a-43e0-bf4c-06f5698ffbd9}"",""eventID"":""1"",""version"":""5"",""level"":""4"",""task"":""1"",""opcode"":""0"",""keywords"":""0x8000000000000000"",""systemTime"":""2025-06-09T14:07:06.2062504Z"",""eventRecordID"":""31137"",""processID"":""3292"",""threadID"":""5512"",""channel"":""Microsoft-Windows-Sysmon/Operational"",""computer"":""DESKTOP-O7P9I53"",""severityValue"":""INFORMATION"",""message"":""\""Process Create:\r\nRuleName: -\r\nUtcTime: 2025-06-09 14:07:06.192\r\nProcessGuid: {154c2aaf-ea8a-6846-8901-000000001800}\r\nProcessId: 4580\r\nImage: C:\\Program Files (x86)\\Microsoft\\Edge\\Application\\msedge.exe\r\nFileVersion: 137.0.3296.68\r\nDescription: Microsoft Edge\r\nProduct: Microsoft Edge\r\nCompany: Microsoft Corporation\r\nOriginalFileName: msedge.exe\r\nCommandLine: \""C:\\Program Files (x86)\\Microsoft\\Edge\\Application\\msedge.exe\"" --no-startup-window --win-session-start\r\nCurrentDirectory: C:\\Windows\\system32\\\r\nUser: DESKTOP-O7P9I53\\admin\r\nLogonGuid: {154c2aaf-ea73-6846-23bd-220000000000}\r\nLogonId: 0x22BD23\r\nTerminalSessionId: 1\r\nIntegrityLevel: Medium\r\nHashes: MD5=7AB41BE2849631765066C98377239025,SHA256=F832EC438105F6D624029F80003BBEFAF52EC05911CB1BF32BFF896834B47AF7,IMPHASH=23FF41140CBD1050F401744A4BF949D3\r\nParentProcessGuid: {154c2aaf-ea75-6846-6501-000000001800}\r\nParentProcessId: 1892\r\nParentImage: C:\\Windows\\explorer.exe\r\nParentCommandLine: C:\\Windows\\Explorer.EXE\r\nParentUser: DESKTOP-O7P9I53\\admin\""""},""eventdata"":{""utcTime"":""2025-06-09 14:07:06.192"",""processGuid"":""{154c2aaf-ea8a-6846-8901-000000001800}"",""processId"":""4580"",""image"":""C:\\\\Program Files (x86)\\\\Microsoft\\\\Edge\\\\Application\\\\msedge.exe"",""fileVersion"":""137.0.3296.68"",""description"":""Microsoft Edge"",""product"":""Microsoft Edge"",""company"":""Microsoft Corporation"",""originalFileName"":""msedge.exe"",""commandLine"":""\\\""C:\\\\Program Files (x86)\\\\Microsoft\\\\Edge\\\\Application\\\\msedge.exe\\\"" --no-startup-window --win-session-start"",""currentDirectory"":""C:\\\\Windows\\\\system32\\\\"",""user"":""DESKTOP-O7P9I53\\\\admin"",""logonGuid"":""{154c2aaf-ea73-6846-23bd-220000000000}"",""logonId"":""0x22bd23"",""terminalSessionId"":""1"",""integrityLevel"":""Medium"",""hashes"":""MD5=7AB41BE2849631765066C98377239025,SHA256=F832EC438105F6D624029F80003BBEFAF52EC05911CB1BF32BFF896834B47AF7,IMPHASH=23FF41140CBD1050F401744A4BF949D3"",""parentProcessGuid"":""{154c2aaf-ea75-6846-6501-000000001800}"",""parentProcessId"":""1892"",""parentImage"":""C:\\\\Windows\\\\explorer.exe"",""parentCommandLine"":""C:\\\\Windows\\\\Explorer.EXE"",""parentUser"":""DESKTOP-O7P9I53\\\\admin""}}}",log,"Jun 9, 2025 @ 19:37:07.670",EventChannel,1749478027.2437321,"Jun 9, 2025 @ 19:37:07.670", , , , , , , , , , , , , , , , , , , , , , , , , , , , , , , , , , , , , , , , , , , , , , , , , , , , , , , , , , , , , , , , , , , , , , , , , , , , , , , , , , , , , 
